Process 0 of 1 is on cl135 - thread support 1
initial socket setup ...start
initial socket setup ...done 
now start server 0 ... 

cmd = /usr/bin/ssh clhead /usr/local/qchem/bin/get_hostid 97427596 > /tmp/1591956.1.medium.q/qchem23391/lic.dat

cmd = /usr/bin/ssh clhead /usr/local/qchem/bin/get_hostid 97427596 > /tmp/1591956.1.medium.q/qchem23391/lic.dat

cmd = /usr/bin/ssh clhead /usr/local/qchem/bin/get_hostid 97427596 > /tmp/1591956.1.medium.q/qchem23391/lic.dat

cmd = /usr/bin/ssh clhead /usr/local/qchem/bin/get_hostid 97427596 > /tmp/1591956.1.medium.q/qchem23391/lic.dat

cmd = /usr/bin/ssh clhead /usr/local/qchem/bin/get_hostid 97427596 > /tmp/1591956.1.medium.q/qchem23391/lic.dat
                  Welcome to Q-Chem
     A Quantum Leap Into The Future Of Chemistry

 Y. Shao, L. Fusti-Molnar, Y. Jung, J. Kussmann, C. Ochsenfeld,
 S. T. Brown, A. T. B. Gilbert, L. V. Slipchenko,S. V. Levchenko,
 D. P. O'Neill, R. A. DiStasio Jr., R. C. Lochan, T. Wang,
 G. J. O. Beran, N. A. Besley, J. M. Herbert, C. Y. Lin,
 T. Van Voorhis, S. H. Chien, A. Sodt, R. P. Steele, 
 V. A. Rassolov, P. E. Maslen, P. P. Korambath, R. D. Adamson,
 B. Austin, J. Baker, E. F. C. Byrd, H. Dachsel, R. J. Doerksen,
 A. Dreuw, B. D. Dunietz, A. D. Dutoi, T. R. Furlani,
 S. R. Gwaltney, A. Heyden, S. Hirata, C.-P. Hsu, G. Kedziora,
 R. Z. Khaliullin, P. Klunzinger, A. M. Lee, M. S. Lee, W. Liang,
 I. Lotan, N. Nair, B. Peters, E. I. Proynov, P. A. Pieniazek, 
 Y. M. Rhee, J. Ritchie, E. Rosta, C. D. Sherrill, 
 A. C. Simmonett, J. E. Subotnik, H. L. Woodcock III,
 W. Zhang, A. T. Bell, A. K. Chakraborty, D. M. Chipman,
 F. J. Keil, A. Warshel, W. J. Hehre, H. F. Schaefer III,
 J. Kong, A. I. Krylov, P. M. W. Gill, M. Head-Gordon,
 Q-Chem, Version 3.1, Q-Chem, Inc., Pittsburgh, PA (2007).

 Additional authors for Version 3.1: 
 Z. Gan, Y. Zhao, N. E. Schultz, D. Truhlar, E. Epifanovsky and M. Oana.

 Additional authors for Version 3.2: 
 R. Baer, B. R. Brooks, D. Casanova, J.-D. Chai, C.-L. Cheng, 
 C. Cramer, D. Crittenden, A. Ghysels, G. Hawkins, E. G. Hohenstein, 
 C. Kelley, W. Kurlancheek, D. Liotard, E. Livshits, P. Manohar, 
 A. Marenich, D. Neuhauser, R. Olson, M. A. Rohrdanz, K. S. Thanthiriwatte, 
 A. J. W. Thom, V. Vanovschi, C. F. Williams, Q. Wu and Z.-Q. You. 


 Intel X86 Linux Version

 Q-chem begins on Tue Mar 18 15:38:08 2014  

 Parallel job on  1  processors
Processing $rem in /usr/local/qchem/config/preferences.

theFileMan(): MAXOPENFILES=974 MAX_SUB_FILE_NUM=16
Maximum size of a physical file is 2.0 GB, maximum size of a tmp-file is 32.0 GB


--------------------------------------------------------------
User input:
--------------------------------------------------------------

$molecule
-1,2
C         -0.00010        0.00000        0.01845
Si        -0.00040        0.00000        1.87168
H          1.01354        0.00000       -0.36644
H         -0.50645       -0.87766       -0.36740
H         -0.50645        0.87766       -0.36740
H         -1.38115        0.00000        2.39343
H          0.69049       -1.19616        2.39178
H          0.69049        1.19616        2.39178
$end

$comment
negative
$end

$xc_functional
C PBE   1.00
X wPBE  1.00
$end

$rem
SYMMETRY_DECOMPOSITION	0
exchange 		general
LRC_DFT                 true
BASIS                   g3large
omega			500
mem_static              760
max_scf_cycles          200
scf_final_print         1
sym_ignore              true
$end

--------------------------------------------------------------
 Writing REM_CC_EA            8
 ----------------------------------------------------
       Standard Nuclear Orientation (Angstroms)
    I     Atom         X            Y            Z
 ----------------------------------------------------
    1      C      -0.000100     0.000000     0.018450
    2      Si     -0.000400     0.000000     1.871680
    3      H       1.013540     0.000000    -0.366440
    4      H      -0.506450    -0.877660    -0.367400
    5      H      -0.506450     0.877660    -0.367400
    6      H      -1.381150     0.000000     2.393430
    7      H       0.690490    -1.196160     2.391780
    8      H       0.690490     1.196160     2.391780
 ----------------------------------------------------
 Nuclear Repulsion Energy =    63.3930539500 hartrees
 There are       14 alpha and       13 beta electrons
 Requested basis set is G3large
 There are 65 shells and 168 basis functions

Total QAlloc Memory Limit   2000 MB
Mega-Array Size       743 MB
MEM_STATIC part       760 MB

                       Distance Matrix (Angstroms)
             C (  1)   Si(  2)   H (  3)   H (  4)   H (  5)   H (  6)
   Si(  2)  1.853230
   H (  3)  1.084254  2.457083
   H (  4)  1.084231  2.457611  1.755180
   H (  5)  1.084231  2.457611  1.755180  1.755320
   H (  6)  2.747331  1.476040  3.653960  3.026148  3.026148
   H (  7)  2.745980  1.476019  3.023729  3.024431  3.653282  2.392173
   H (  8)  2.745980  1.476019  3.023729  3.653282  3.024431  2.392173
             H (  7)
   H (  8)  2.392320
 
 A cutoff of  1.0D-08 yielded   2044 shell pairs
 There are  13820 function pairs ( 17231 Cartesian)
Evaluating contribution to one-electron hamiltonian from nuclear
 Smallest overlap matrix eigenvalue = 1.32E-04
 Multipole matrices computed through 2nd order

  Scale SEOQF with 1.000000e-01/1.000000e-01/1.000000e-01

 Standard Electronic Orientation quadrupole field applied
 Nucleus-field energy     =    -0.0000000067 hartrees
 Guess from superposition of atomic densities
 Warning:  Energy on first SCF cycle will be non-variational
 Long-range K will be added via erf
 Coulomb attenuation parameter = 0.5 bohr**(-1)
 An unrestricted Kohn-Sham SCF calculation will be
 performed using Pulay DIIS extrapolation
 Exchange:  wPBE + LR-HF      Correlation:  PBE
 Using SG-1 standard quadrature grid
 SCF converges when DIIS error is below 1.0E-05
 Requested basis set is G3large
 There are 65 shells and 168 basis functions
 A cutoff of  1.0D-08 yielded   2044 shell pairs
 There are  13820 function pairs ( 17231 Cartesian)
 Warning!  Inaccurate integrated density:
   Number of electrons =    27
   Numerical integral  =    25.999988627882
   Relative error      =    -3.7037458227 %
 ---------------------------------------
  Cycle       Energy         DIIS Error
 ---------------------------------------
    1    -331.3267731557      2.82E-02
    2    -331.0130259293      3.11E-03
    3    -331.0623052810      2.04E-03
    4    -331.0808275931      3.61E-04
    5    -331.0859441670      1.58E-04
    6    -331.0878897230      8.46E-05
    7    -331.0887132349      3.50E-05
    8    -331.0889304257      1.50E-05
    9    -331.0889790047      6.65E-06 Convergence criterion met
 ---------------------------------------
 One-Electron    Energy =  -585.4155937369
 Total Coulomb   Energy =   219.5100715530
 Alpha Exchange  Energy =    -3.1886068392
 Beta  Exchange  Energy =    -3.1204011058
 DFT   Exchange  Energy =   -21.3797368026
 DFT Correlation Energy =    -0.8877660165
 Nuclear Repu.   Energy =    63.3930539434
 Nuclear Attr.   Energy =  -915.8312807586
 Kinetic         Energy =   330.4156870216
 <S^2> = 0.7502
 SCF time:  CPU 97.10 s  wall 98.50 s
 Final Alpha MO Eigenvalues
            1           2           3           4           5           6
    1 -65.5311098  -9.9932344  -5.1944987  -3.5898601  -3.5898458  -3.5884827
            7           8           9          10          11          12
    1  -0.7493392  -0.5584469  -0.4165651  -0.4164847  -0.3385642  -0.3385115
           13          14          15          16          17          18
    1  -0.3238646   0.0286162   0.1483627   0.1508887   0.1509659   0.1766449
           19
    1   0.1889190
 Final Beta MO Eigenvalues
            1           2           3           4           5           6
    1 -65.5310274  -9.9926707  -5.1944036  -3.5898006  -3.5897862  -3.5882488
            7           8           9          10          11          12
    1  -0.7474354  -0.5566131  -0.4158596  -0.4157801  -0.3385875  -0.3385314
           13          14          15          16          17          18
    1  -0.3225545   0.1392660   0.1553456   0.1656252   0.1658684   0.1832073
 Analysis of SCF Wavefunction
 
 --------------------------------------------------------------
                    Orbital Energies (a.u.)
 --------------------------------------------------------------
 
 Alpha MOs
 -- Occupied --
-65.531  -9.993  -5.194  -3.590  -3.590  -3.588  -0.749  -0.558
 -0.417  -0.416  -0.339  -0.339  -0.324   0.029
 -- Virtual --
  0.148   0.151   0.151   0.177   0.189   0.189   0.200   0.201
  0.257   0.270   0.270   0.273   0.303   0.308   0.308   0.318
  0.358   0.373   0.373   0.436   0.436   0.485   0.485   0.487
  0.495   0.533   0.533   0.626   0.640   0.640   0.653   0.678
  0.726   0.726   0.738   0.782   0.782   0.785   0.830   0.830
  0.900   0.923   0.933   0.933   0.981   0.981   1.047   1.065
  1.065   1.099   1.112   1.158   1.232   1.232   1.289   1.289
  1.331   1.372   1.372   1.438   1.438   1.495   1.535   1.561
  1.561   1.569   1.580   1.580   1.670   1.670   1.740   1.740
  1.748   1.800   1.800   1.839   1.892   2.384   2.426   2.434
  2.434   2.495   2.495   2.608   2.785   2.786   2.887   3.103
  3.104   3.226   3.252   3.385   3.394   3.395   3.509   3.510
  3.611   3.611   3.662   3.821   3.821   3.943   3.944   3.965
  4.070   4.072   4.193   4.218   4.218   4.339   4.339   4.342
  4.383   4.410   4.410   4.523   4.527   4.527   4.652   4.668
  4.669   4.730   4.781   4.930   4.930   5.342   5.972   5.972
  6.524  11.655  11.655  11.996  17.779  17.860  17.961  18.042
 18.098  22.390  22.404  22.412  22.412  22.419  22.420  22.447
 24.369  28.051  28.305  28.306  41.180  41.196  41.408  41.452
 41.499 141.335
 
 Beta MOs
 -- Occupied --
-65.531  -9.993  -5.194  -3.590  -3.590  -3.588  -0.747  -0.557
 -0.416  -0.416  -0.339  -0.339  -0.323
 -- Virtual --
  0.139   0.155   0.166   0.166   0.183   0.191   0.191   0.202
  0.203   0.256   0.266   0.266   0.276   0.300   0.309   0.309
  0.320   0.359   0.373   0.373   0.436   0.436   0.482   0.485
  0.485   0.494   0.532   0.532   0.625   0.638   0.638   0.651
  0.679   0.726   0.726   0.738   0.782   0.782   0.783   0.828
  0.828   0.896   0.923   0.933   0.933   0.981   0.981   1.047
  1.065   1.065   1.099   1.113   1.158   1.232   1.232   1.289
  1.290   1.331   1.372   1.372   1.438   1.438   1.495   1.536
  1.560   1.561   1.569   1.580   1.580   1.671   1.671   1.739
  1.739   1.747   1.800   1.800   1.839   1.891   2.384   2.427
  2.435   2.435   2.496   2.496   2.608   2.785   2.785   2.887
  3.103   3.103   3.227   3.252   3.385   3.395   3.395   3.510
  3.510   3.611   3.611   3.663   3.822   3.822   3.943   3.945
  3.967   4.070   4.071   4.193   4.218   4.218   4.338   4.338
  4.341   4.383   4.409   4.409   4.523   4.527   4.527   4.652
  4.668   4.669   4.730   4.781   4.930   4.930   5.342   5.972
  5.972   6.524  11.655  11.655  11.996  17.779  17.860  17.961
 18.043  18.098  22.390  22.404  22.412  22.412  22.420  22.420
 22.447  24.370  28.051  28.306  28.306  41.180  41.197  41.408
 41.452  41.500 141.335
 --------------------------------------------------------------
 
          Ground-State Mulliken Net Atomic Charges

     Atom                 Charge (a.u.)    Spin (a.u.)
  --------------------------------------------------------
      1 C                     2.736147      -2.978382
      2 Si                    0.749592      -0.531624
      3 H                    -1.216564       1.317122
      4 H                    -1.231863       1.332981
      5 H                    -1.200080       1.300108
      6 H                    -0.279057       0.186719
      7 H                    -0.279516       0.187461
      8 H                    -0.278660       0.185615
  --------------------------------------------------------
  Sum of atomic charges =    -1.000000
  Sum of spin   charges =     1.000000

 -----------------------------------------------------------------
                    Cartesian Multipole Moments
 -----------------------------------------------------------------
    Charge (ESU x 10^10)
                -4.8032
    Dipole Moment (Debye)
         X      -0.0013      Y       0.1288      Z       2.0514
       Tot       2.0555
    Quadrupole Moments (Debye-Ang)
        XX     -49.5786     XY      -0.0861     YY     -49.5749
        XZ      -0.0051     YZ      -0.0509     ZZ     -48.1173
    Octapole Moments (Debye-Ang^2)
       XXX      -1.3360    XXY       0.5081    XYY       1.3256
       YYY       1.5243    XXZ     -19.9408    XYZ       0.0419
       YYZ     -19.9334    XZZ       0.0098    YZZ       0.4764
       ZZZ     -71.0807
    Hexadecapole Moments (Debye-Ang^3)
      XXXX    -376.4200   XXXY      -0.6768   XXYY    -125.4573
      XYYY      -0.7576   YYYY    -376.3533   XXXZ       7.4894
      XXYZ      -0.0659   XYYZ      -7.4892   YYYZ      -0.1978
      XXZZ    -181.3799   XYZZ      -0.2208   YYZZ    -181.3635
      XZZZ       0.0160   YZZZ      -0.1824   ZZZZ    -670.9324
 -----------------------------------------------------------------
 Total job time:  98.76s(wall), 97.31s(cpu) 
 Tue Mar 18 15:39:47 2014

        *************************************************************
        *                                                           *
        *  Thank you very much for using Q-Chem.  Have a nice day.  *
        *                                                           *
        *************************************************************


0 sent ACK to 0 
now end server 0 ... 
 
**********************************************************************
Job 2 of 3 
**********************************************************************
 
Process 0 of 1 is on cl135 - thread support 1
initial socket setup ...start
initial socket setup ...done 
now start server 0 ... 

cmd = /usr/bin/ssh clhead /usr/local/qchem/bin/get_hostid 980949026 > /tmp/1591956.1.medium.q/qchem23391/lic.dat

cmd = /usr/bin/ssh clhead /usr/local/qchem/bin/get_hostid 980949026 > /tmp/1591956.1.medium.q/qchem23391/lic.dat

cmd = /usr/bin/ssh clhead /usr/local/qchem/bin/get_hostid 980949026 > /tmp/1591956.1.medium.q/qchem23391/lic.dat

cmd = /usr/bin/ssh clhead /usr/local/qchem/bin/get_hostid 980949026 > /tmp/1591956.1.medium.q/qchem23391/lic.dat

cmd = /usr/bin/ssh clhead /usr/local/qchem/bin/get_hostid 980949026 > /tmp/1591956.1.medium.q/qchem23391/lic.dat
                  Welcome to Q-Chem
     A Quantum Leap Into The Future Of Chemistry

 Y. Shao, L. Fusti-Molnar, Y. Jung, J. Kussmann, C. Ochsenfeld,
 S. T. Brown, A. T. B. Gilbert, L. V. Slipchenko,S. V. Levchenko,
 D. P. O'Neill, R. A. DiStasio Jr., R. C. Lochan, T. Wang,
 G. J. O. Beran, N. A. Besley, J. M. Herbert, C. Y. Lin,
 T. Van Voorhis, S. H. Chien, A. Sodt, R. P. Steele, 
 V. A. Rassolov, P. E. Maslen, P. P. Korambath, R. D. Adamson,
 B. Austin, J. Baker, E. F. C. Byrd, H. Dachsel, R. J. Doerksen,
 A. Dreuw, B. D. Dunietz, A. D. Dutoi, T. R. Furlani,
 S. R. Gwaltney, A. Heyden, S. Hirata, C.-P. Hsu, G. Kedziora,
 R. Z. Khaliullin, P. Klunzinger, A. M. Lee, M. S. Lee, W. Liang,
 I. Lotan, N. Nair, B. Peters, E. I. Proynov, P. A. Pieniazek, 
 Y. M. Rhee, J. Ritchie, E. Rosta, C. D. Sherrill, 
 A. C. Simmonett, J. E. Subotnik, H. L. Woodcock III,
 W. Zhang, A. T. Bell, A. K. Chakraborty, D. M. Chipman,
 F. J. Keil, A. Warshel, W. J. Hehre, H. F. Schaefer III,
 J. Kong, A. I. Krylov, P. M. W. Gill, M. Head-Gordon,
 Q-Chem, Version 3.1, Q-Chem, Inc., Pittsburgh, PA (2007).

 Additional authors for Version 3.1: 
 Z. Gan, Y. Zhao, N. E. Schultz, D. Truhlar, E. Epifanovsky and M. Oana.

 Additional authors for Version 3.2: 
 R. Baer, B. R. Brooks, D. Casanova, J.-D. Chai, C.-L. Cheng, 
 C. Cramer, D. Crittenden, A. Ghysels, G. Hawkins, E. G. Hohenstein, 
 C. Kelley, W. Kurlancheek, D. Liotard, E. Livshits, P. Manohar, 
 A. Marenich, D. Neuhauser, R. Olson, M. A. Rohrdanz, K. S. Thanthiriwatte, 
 A. J. W. Thom, V. Vanovschi, C. F. Williams, Q. Wu and Z.-Q. You. 


 Intel X86 Linux Version

 Q-chem begins on Tue Mar 18 15:39:51 2014  

 Parallel job on  1  processors
Processing $rem in /usr/local/qchem/config/preferences.

theFileMan(): MAXOPENFILES=974 MAX_SUB_FILE_NUM=16
Maximum size of a physical file is 2.0 GB, maximum size of a tmp-file is 32.0 GB


--------------------------------------------------------------
User input:
--------------------------------------------------------------

$molecule
0,1
C         -0.00010        0.00000        0.01845
Si        -0.00040        0.00000        1.87168
H          1.01354        0.00000       -0.36644
H         -0.50645       -0.87766       -0.36740
H         -0.50645        0.87766       -0.36740
H         -1.38115        0.00000        2.39343
H          0.69049       -1.19616        2.39178
H          0.69049        1.19616        2.39178
$end

$comment
neutral
$end

$xc_functional
C PBE   1.00
X wPBE  1.00
$end


$rem
SYMMETRY_DECOMPOSITION	0
LRC_DFT                 true
exchange 		general
BASIS                   g3large
omega			500
mem_static              760
max_scf_cycles          200
scf_final_print         1
sym_ignore              true
$end

--------------------------------------------------------------
 Writing REM_CC_EA            8
 ----------------------------------------------------
       Standard Nuclear Orientation (Angstroms)
    I     Atom         X            Y            Z
 ----------------------------------------------------
    1      C      -0.000100     0.000000     0.018450
    2      Si     -0.000400     0.000000     1.871680
    3      H       1.013540     0.000000    -0.366440
    4      H      -0.506450    -0.877660    -0.367400
    5      H      -0.506450     0.877660    -0.367400
    6      H      -1.381150     0.000000     2.393430
    7      H       0.690490    -1.196160     2.391780
    8      H       0.690490     1.196160     2.391780
 ----------------------------------------------------
 Nuclear Repulsion Energy =    63.3930539500 hartrees
 There are       13 alpha and       13 beta electrons
 Requested basis set is G3large
 There are 65 shells and 168 basis functions

Total QAlloc Memory Limit   2000 MB
Mega-Array Size       743 MB
MEM_STATIC part       760 MB

                       Distance Matrix (Angstroms)
             C (  1)   Si(  2)   H (  3)   H (  4)   H (  5)   H (  6)
   Si(  2)  1.853230
   H (  3)  1.084254  2.457083
   H (  4)  1.084231  2.457611  1.755180
   H (  5)  1.084231  2.457611  1.755180  1.755320
   H (  6)  2.747331  1.476040  3.653960  3.026148  3.026148
   H (  7)  2.745980  1.476019  3.023729  3.024431  3.653282  2.392173
   H (  8)  2.745980  1.476019  3.023729  3.653282  3.024431  2.392173
             H (  7)
   H (  8)  2.392320
 
 A cutoff of  1.0D-08 yielded   2044 shell pairs
 There are  13820 function pairs ( 17231 Cartesian)
Evaluating contribution to one-electron hamiltonian from nuclear
 Smallest overlap matrix eigenvalue = 1.32E-04
 Multipole matrices computed through 2nd order

  Scale SEOQF with 1.000000e-01/1.000000e-01/1.000000e-01

 Standard Electronic Orientation quadrupole field applied
 Nucleus-field energy     =    -0.0000000067 hartrees
 Guess from superposition of atomic densities
 Warning:  Energy on first SCF cycle will be non-variational
 Long-range K will be added via erf
 Coulomb attenuation parameter = 0.5 bohr**(-1)
 A restricted Kohn-Sham SCF calculation will be
 performed using Pulay DIIS extrapolation
 Exchange:  wPBE + LR-HF      Correlation:  PBE
 Using SG-1 standard quadrature grid
 SCF converges when DIIS error is below 1.0E-05
 Requested basis set is G3large
 There are 65 shells and 168 basis functions
 A cutoff of  1.0D-08 yielded   2044 shell pairs
 There are  13820 function pairs ( 17231 Cartesian)
 ---------------------------------------
  Cycle       Energy         DIIS Error
 ---------------------------------------
    1    -331.3267731557      2.82E-02
    2    -331.0883328889      2.65E-03
    3    -331.1159177291      1.26E-03
    4    -331.1214362005      2.95E-04
    5    -331.1218901309      5.33E-05
    6    -331.1219107716      1.39E-05
    7    -331.1219124103      2.85E-06 Convergence criterion met
 ---------------------------------------
 One-Electron    Energy =  -581.9884126358
 Total Coulomb   Energy =   215.9757544664
 Alpha Exchange  Energy =    -3.1225529481
 Beta  Exchange  Energy =    -3.1225529481
 DFT   Exchange  Energy =   -21.3772311744
 DFT Correlation Energy =    -0.8799711136
 Nuclear Repu.   Energy =    63.3930539434
 Nuclear Attr.   Energy =  -912.3461219990
 Kinetic         Energy =   330.3577093632
 SCF time:  CPU 58.22 s  wall 59.31 s
 Final Alpha MO Eigenvalues
            1           2           3           4           5           6
    1 -65.6587314 -10.1384039  -5.3222055  -3.7173057  -3.7172953  -3.7166553
            7           8           9          10          11          12
    1  -0.8914327  -0.6857012  -0.5592152  -0.5591854  -0.4651168  -0.4651033
           13          14          15          16          17          18
    1  -0.4600488   0.0393693   0.0623310   0.0681764   0.0681877   0.0871949
 Analysis of SCF Wavefunction
 
 --------------------------------------------------------------
                    Orbital Energies (a.u.)
 --------------------------------------------------------------
 
 Alpha MOs
 -- Occupied --
-65.659 -10.138  -5.322  -3.717  -3.717  -3.717  -0.891  -0.686
 -0.559  -0.559  -0.465  -0.465  -0.460
 -- Virtual --
  0.039   0.062   0.068   0.068   0.087   0.096   0.096   0.104
  0.104   0.158   0.158   0.159   0.163   0.192   0.192   0.192
  0.208   0.244   0.244   0.245   0.309   0.309   0.364   0.369
  0.369   0.374   0.417   0.417   0.508   0.511   0.511   0.526
  0.552   0.599   0.599   0.616   0.652   0.652   0.657   0.695
  0.695   0.765   0.794   0.806   0.807   0.856   0.856   0.922
  0.942   0.942   0.965   0.971   1.030   1.098   1.098   1.160
  1.160   1.201   1.229   1.229   1.316   1.316   1.356   1.402
  1.425   1.425   1.445   1.451   1.451   1.531   1.531   1.601
  1.601   1.613   1.675   1.675   1.708   1.752   2.258   2.298
  2.303   2.303   2.367   2.367   2.482   2.643   2.643   2.744
  2.979   2.979   3.081   3.109   3.254   3.254   3.260   3.366
  3.366   3.469   3.469   3.525   3.679   3.679   3.810   3.811
  3.822   3.944   3.945   4.049   4.078   4.078   4.215   4.215
  4.218   4.259   4.281   4.281   4.385   4.385   4.397   4.507
  4.525   4.525   4.585   4.652   4.802   4.802   5.197   5.826
  5.826   6.396  11.528  11.528  11.868  17.652  17.732  17.833
 17.915  17.970  22.262  22.277  22.284  22.285  22.292  22.292
 22.319  24.224  27.906  28.160  28.161  41.035  41.051  41.263
 41.307  41.354 141.208
 --------------------------------------------------------------
 
          Ground-State Mulliken Net Atomic Charges

     Atom                 Charge (a.u.)
  ----------------------------------------
      1 C                    -0.293235
      2 Si                    0.209600
      3 H                     0.098901
      4 H                     0.098878
      5 H                     0.098812
      6 H                    -0.070888
      7 H                    -0.071020
      8 H                    -0.071049
  ----------------------------------------
  Sum of atomic charges =     0.000000

 -----------------------------------------------------------------
                    Cartesian Multipole Moments
 -----------------------------------------------------------------
    Charge (ESU x 10^10)
                 0.0000
    Dipole Moment (Debye)
         X      -0.0012      Y       0.0000      Z      -0.8030
       Tot       0.8030
    Quadrupole Moments (Debye-Ang)
        XX     -22.7280     XY       0.0000     YY     -22.7289
        XZ      -0.0025     YZ      -0.0001     ZZ     -24.9478
    Octapole Moments (Debye-Ang^2)
       XXX       1.6681    XXY      -0.0001    XYY      -1.6518
       YYY      -0.0003    XXZ     -31.3702    XYZ      -0.0003
       YYZ     -31.3737    XZZ      -0.0005    YZZ      -0.0003
       ZZZ     -92.1222
    Hexadecapole Moments (Debye-Ang^3)
      XXXX     -54.8844   XXXY       0.0000   XXYY     -18.2957
      XYYY      -0.0001   YYYY     -54.8918   XXXZ       1.2552
      XXYZ      -0.0002   XYYZ      -1.2193   YYYZ      -0.0005
      XXZZ     -79.7741   XYZZ      -0.0008   YYZZ     -79.7804
      XZZZ       0.0252   YZZZ      -0.0010   ZZZZ    -402.4654
 -----------------------------------------------------------------
 Total job time:  59.51s(wall), 58.39s(cpu) 
 Tue Mar 18 15:40:51 2014

        *************************************************************
        *                                                           *
        *  Thank you very much for using Q-Chem.  Have a nice day.  *
        *                                                           *
        *************************************************************


0 sent ACK to 0 
now end server 0 ... 
 
**********************************************************************
Job 3 of 3 
**********************************************************************
 
Process 0 of 1 is on cl135 - thread support 1
initial socket setup ...start
initial socket setup ...done 
now start server 0 ... 

cmd = /usr/bin/ssh clhead /usr/local/qchem/bin/get_hostid 848013800 > /tmp/1591956.1.medium.q/qchem23391/lic.dat

cmd = /usr/bin/ssh clhead /usr/local/qchem/bin/get_hostid 848013800 > /tmp/1591956.1.medium.q/qchem23391/lic.dat

cmd = /usr/bin/ssh clhead /usr/local/qchem/bin/get_hostid 848013800 > /tmp/1591956.1.medium.q/qchem23391/lic.dat

cmd = /usr/bin/ssh clhead /usr/local/qchem/bin/get_hostid 848013800 > /tmp/1591956.1.medium.q/qchem23391/lic.dat

cmd = /usr/bin/ssh clhead /usr/local/qchem/bin/get_hostid 848013800 > /tmp/1591956.1.medium.q/qchem23391/lic.dat
                  Welcome to Q-Chem
     A Quantum Leap Into The Future Of Chemistry

 Y. Shao, L. Fusti-Molnar, Y. Jung, J. Kussmann, C. Ochsenfeld,
 S. T. Brown, A. T. B. Gilbert, L. V. Slipchenko,S. V. Levchenko,
 D. P. O'Neill, R. A. DiStasio Jr., R. C. Lochan, T. Wang,
 G. J. O. Beran, N. A. Besley, J. M. Herbert, C. Y. Lin,
 T. Van Voorhis, S. H. Chien, A. Sodt, R. P. Steele, 
 V. A. Rassolov, P. E. Maslen, P. P. Korambath, R. D. Adamson,
 B. Austin, J. Baker, E. F. C. Byrd, H. Dachsel, R. J. Doerksen,
 A. Dreuw, B. D. Dunietz, A. D. Dutoi, T. R. Furlani,
 S. R. Gwaltney, A. Heyden, S. Hirata, C.-P. Hsu, G. Kedziora,
 R. Z. Khaliullin, P. Klunzinger, A. M. Lee, M. S. Lee, W. Liang,
 I. Lotan, N. Nair, B. Peters, E. I. Proynov, P. A. Pieniazek, 
 Y. M. Rhee, J. Ritchie, E. Rosta, C. D. Sherrill, 
 A. C. Simmonett, J. E. Subotnik, H. L. Woodcock III,
 W. Zhang, A. T. Bell, A. K. Chakraborty, D. M. Chipman,
 F. J. Keil, A. Warshel, W. J. Hehre, H. F. Schaefer III,
 J. Kong, A. I. Krylov, P. M. W. Gill, M. Head-Gordon,
 Q-Chem, Version 3.1, Q-Chem, Inc., Pittsburgh, PA (2007).

 Additional authors for Version 3.1: 
 Z. Gan, Y. Zhao, N. E. Schultz, D. Truhlar, E. Epifanovsky and M. Oana.

 Additional authors for Version 3.2: 
 R. Baer, B. R. Brooks, D. Casanova, J.-D. Chai, C.-L. Cheng, 
 C. Cramer, D. Crittenden, A. Ghysels, G. Hawkins, E. G. Hohenstein, 
 C. Kelley, W. Kurlancheek, D. Liotard, E. Livshits, P. Manohar, 
 A. Marenich, D. Neuhauser, R. Olson, M. A. Rohrdanz, K. S. Thanthiriwatte, 
 A. J. W. Thom, V. Vanovschi, C. F. Williams, Q. Wu and Z.-Q. You. 


 Intel X86 Linux Version

 Q-chem begins on Tue Mar 18 15:40:55 2014  

 Parallel job on  1  processors
Processing $rem in /usr/local/qchem/config/preferences.

theFileMan(): MAXOPENFILES=974 MAX_SUB_FILE_NUM=16
Maximum size of a physical file is 2.0 GB, maximum size of a tmp-file is 32.0 GB


--------------------------------------------------------------
User input:
--------------------------------------------------------------

$molecule
1,2
C         -0.00010        0.00000        0.01845
Si        -0.00040        0.00000        1.87168
H          1.01354        0.00000       -0.36644
H         -0.50645       -0.87766       -0.36740
H         -0.50645        0.87766       -0.36740
H         -1.38115        0.00000        2.39343
H          0.69049       -1.19616        2.39178
H          0.69049        1.19616        2.39178
$end

$comment
positive
$end

$xc_functional
C PBE   1.00
X wPBE  1.00
$end

$rem
SYMMETRY_DECOMPOSITION	0
LRC_DFT                 true
exchange 		general
BASIS                   g3large
omega			500
mem_static              760
max_scf_cycles          200
scf_final_print         1
sym_ignore              true
$end

--------------------------------------------------------------
 Writing REM_CC_EA            8
 ----------------------------------------------------
       Standard Nuclear Orientation (Angstroms)
    I     Atom         X            Y            Z
 ----------------------------------------------------
    1      C      -0.000100     0.000000     0.018450
    2      Si     -0.000400     0.000000     1.871680
    3      H       1.013540     0.000000    -0.366440
    4      H      -0.506450    -0.877660    -0.367400
    5      H      -0.506450     0.877660    -0.367400
    6      H      -1.381150     0.000000     2.393430
    7      H       0.690490    -1.196160     2.391780
    8      H       0.690490     1.196160     2.391780
 ----------------------------------------------------
 Nuclear Repulsion Energy =    63.3930539500 hartrees
 There are       13 alpha and       12 beta electrons
 Requested basis set is G3large
 There are 65 shells and 168 basis functions

Total QAlloc Memory Limit   2000 MB
Mega-Array Size       743 MB
MEM_STATIC part       760 MB

                       Distance Matrix (Angstroms)
             C (  1)   Si(  2)   H (  3)   H (  4)   H (  5)   H (  6)
   Si(  2)  1.853230
   H (  3)  1.084254  2.457083
   H (  4)  1.084231  2.457611  1.755180
   H (  5)  1.084231  2.457611  1.755180  1.755320
   H (  6)  2.747331  1.476040  3.653960  3.026148  3.026148
   H (  7)  2.745980  1.476019  3.023729  3.024431  3.653282  2.392173
   H (  8)  2.745980  1.476019  3.023729  3.653282  3.024431  2.392173
             H (  7)
   H (  8)  2.392320
 
 A cutoff of  1.0D-08 yielded   2044 shell pairs
 There are  13820 function pairs ( 17231 Cartesian)
Evaluating contribution to one-electron hamiltonian from nuclear
 Smallest overlap matrix eigenvalue = 1.32E-04
 Multipole matrices computed through 2nd order

  Scale SEOQF with 1.000000e-01/1.000000e-01/1.000000e-01

 Standard Electronic Orientation quadrupole field applied
 Nucleus-field energy     =    -0.0000000067 hartrees
 Guess from superposition of atomic densities
 Warning:  Energy on first SCF cycle will be non-variational
 Long-range K will be added via erf
 Coulomb attenuation parameter = 0.5 bohr**(-1)
 An unrestricted Kohn-Sham SCF calculation will be
 performed using Pulay DIIS extrapolation
 Exchange:  wPBE + LR-HF      Correlation:  PBE
 Using SG-1 standard quadrature grid
 SCF converges when DIIS error is below 1.0E-05
 Requested basis set is G3large
 There are 65 shells and 168 basis functions
 A cutoff of  1.0D-08 yielded   2044 shell pairs
 There are  13820 function pairs ( 17231 Cartesian)
 Warning!  Inaccurate integrated density:
   Number of electrons =    25
   Numerical integral  =    25.999988627882
   Relative error      =     3.9999545115 %
 ---------------------------------------
  Cycle       Energy         DIIS Error
 ---------------------------------------
    1    -331.3267731557      2.82E-02
    2    -330.6042292511      3.13E-03
    3    -330.6584081003      1.54E-03
    4    -330.6675309609      4.08E-04
    5    -330.6686455985      7.91E-05
    6    -330.6688236819      3.63E-05
    7    -330.6688932671      2.53E-05
    8    -330.6689546786      2.09E-05
    9    -330.6690267030      1.99E-05
   10    -330.6690635441      2.03E-05
   11    -330.6688614722      1.88E-05
   12    -330.6686345473      2.81E-05
   13    -330.6686326286      2.70E-05
   14    -330.6686509581      2.11E-05
   15    -330.6686589432      1.22E-05
   16    -330.6686708994      1.24E-05
   17    -330.6686664540      1.23E-05
   18    -330.6686094902      1.06E-05
   19    -330.6685255441      9.74E-06 Convergence criterion met
 ---------------------------------------
 One-Electron    Energy =  -575.1285128276
 Total Coulomb   Energy =   209.2276284107
 Alpha Exchange  Energy =    -3.1431165180
 Beta  Exchange  Energy =    -2.8905678288
 DFT   Exchange  Energy =   -21.2812925803
 DFT Correlation Energy =    -0.8457181435
 Nuclear Repu.   Energy =    63.3930539434
 Nuclear Attr.   Energy =  -905.2099432528
 Kinetic         Energy =   330.0814304252
 <S^2> = 0.7755
 SCF time:  CPU 191.69 s  wall 194.79 s
 Final Alpha MO Eigenvalues
            1           2           3           4           5           6
    1 -65.9521477 -10.3536657  -5.6152281  -4.0172856  -4.0076527  -4.0060429
            7           8           9          10          11          12
    1  -1.1134025  -0.9857474  -0.8384823  -0.7793034  -0.7533962  -0.7280377
           13          14          15          16          17          18
    1  -0.6934178  -0.1210933  -0.1026633  -0.1005093  -0.0975272  -0.0704415
 Final Beta MO Eigenvalues
            1           2           3           4           5           6
    1 -65.9514519 -10.3533298  -5.6143928  -4.0135095  -4.0078460  -4.0058365
            7           8           9          10          11          12
    1  -1.1052757  -0.9193482  -0.7697890  -0.7532554  -0.6970449  -0.6887199
           13          14          15          16          17
    1  -0.4371758  -0.1165082  -0.0972762  -0.0895519  -0.0797129
 Analysis of SCF Wavefunction
 
 --------------------------------------------------------------
                    Orbital Energies (a.u.)
 --------------------------------------------------------------
 
 Alpha MOs
 -- Occupied --
-65.952 -10.354  -5.615  -4.017  -4.008  -4.006  -1.113  -0.986
 -0.838  -0.779  -0.753  -0.728  -0.693
 -- Virtual --
 -0.121  -0.103  -0.101  -0.098  -0.070  -0.062  -0.058  -0.030
 -0.027  -0.025  -0.015  -0.008   0.014   0.020   0.021   0.031
  0.050   0.060   0.063   0.067   0.114   0.117   0.160   0.176
  0.182   0.200   0.227   0.232   0.283   0.312   0.315   0.321
  0.328   0.372   0.382   0.401   0.426   0.437   0.457   0.504
  0.505   0.563   0.571   0.581   0.595   0.612   0.619   0.672
  0.690   0.699   0.744   0.761   0.793   0.877   0.883   0.910
  0.935   0.963   1.028   1.032   1.049   1.074   1.134   1.181
  1.189   1.192   1.195   1.218   1.228   1.308   1.320   1.366
  1.381   1.396   1.419   1.440   1.469   1.554   1.961   2.020
  2.029   2.047   2.087   2.093   2.199   2.428   2.433   2.529
  2.628   2.697   2.874   2.894   2.960   3.021   3.031   3.153
  3.157   3.245   3.249   3.281   3.456   3.458   3.546   3.550
  3.609   3.626   3.667   3.809   3.829   3.836   3.852   3.874
  3.914   3.938   4.013   4.025   4.098   4.162   4.167   4.291
  4.299   4.311   4.364   4.375   4.490   4.535   4.988   5.616
  5.621   6.109  11.228  11.240  11.582  17.358  17.439  17.543
 17.621  17.677  21.967  21.983  21.990  21.995  21.999  22.001
 22.027  24.009  27.690  27.945  27.946  40.819  40.836  41.047
 41.091  41.139 140.915
 
 Beta MOs
 -- Occupied --
-65.951 -10.353  -5.614  -4.014  -4.008  -4.006  -1.105  -0.919
 -0.770  -0.753  -0.697  -0.689
 -- Virtual --
 -0.437  -0.117  -0.097  -0.090  -0.080  -0.066  -0.061  -0.055
 -0.025  -0.024  -0.016  -0.013  -0.006   0.015   0.023   0.026
  0.047   0.052   0.065   0.066   0.068   0.117   0.121   0.176
  0.178   0.184   0.203   0.231   0.235   0.302   0.323   0.325
  0.327   0.330   0.384   0.387   0.405   0.440   0.441   0.461
  0.506   0.507   0.567   0.580   0.584   0.598   0.621   0.625
  0.699   0.699   0.709   0.747   0.770   0.804   0.885   0.887
  0.929   0.941   0.978   1.032   1.035   1.070   1.084   1.147
  1.188   1.197   1.200   1.210   1.225   1.229   1.317   1.321
  1.383   1.389   1.397   1.431   1.446   1.470   1.556   1.978
  2.028   2.042   2.047   2.098   2.102   2.213   2.433   2.435
  2.537   2.702   2.729   2.877   2.896   3.000   3.028   3.032
  3.157   3.160   3.249   3.250   3.284   3.459   3.460   3.552
  3.554   3.610   3.662   3.681   3.840   3.852   3.853   3.926
  3.936   3.957   3.989   4.030   4.036   4.131   4.171   4.172
  4.300   4.310   4.315   4.380   4.387   4.527   4.547   4.991
  5.621   5.624   6.115  11.234  11.241  11.582  17.359  17.440
 17.543  17.623  17.679  21.968  21.984  21.991  21.995  22.000
 22.001  22.028  24.009  27.690  27.946  27.947  40.820  40.837
 41.048  41.092  41.140 140.916
 --------------------------------------------------------------
 
          Ground-State Mulliken Net Atomic Charges

     Atom                 Charge (a.u.)    Spin (a.u.)
  --------------------------------------------------------
      1 C                    -0.204277       0.021808
      2 Si                    0.393698       0.099497
      3 H                     0.152453       0.022730
      4 H                     0.153739       0.021720
      5 H                     0.144650       0.004633
      6 H                     0.132400       0.333212
      7 H                     0.056804       0.029081
      8 H                     0.170533       0.467320
  --------------------------------------------------------
  Sum of atomic charges =     1.000000
  Sum of spin   charges =     1.000000

 -----------------------------------------------------------------
                    Cartesian Multipole Moments
 -----------------------------------------------------------------
    Charge (ESU x 10^10)
                 4.8032
    Dipole Moment (Debye)
         X      -0.2005      Y       1.0424      Z       7.8562
       Tot       7.9275
    Quadrupole Moments (Debye-Ang)
        XX     -15.8256     XY       1.6266     YY     -16.3020
        XZ      -0.6848     YZ       2.7095     ZZ      -0.8365
    Octapole Moments (Debye-Ang^2)
       XXX      -1.2568    XXY       0.7381    XYY       0.6655
       YYY       2.2082    XXZ     -17.8103    XYZ       3.5762
       YYZ     -18.8691    XZZ      -1.7496    YZZ       6.4240
       ZZZ     -31.1288
    Hexadecapole Moments (Debye-Ang^3)
      XXXX     -33.9330   XXXY       2.1553   XXYY     -11.6037
      XYYY       2.5513   YYYY     -35.4065   XXXZ      -6.5920
      XXYZ       1.8535   XYYZ       4.8515   YYYZ       5.5497
      XXZZ     -43.4845   XYZZ       8.7853   YYZZ     -46.2028
      XZZZ      -4.9086   YZZZ      16.3196   ZZZZ    -227.9687
 -----------------------------------------------------------------
 Total job time:  195.01s(wall), 191.86s(cpu) 
 Tue Mar 18 15:44:10 2014

        *************************************************************
        *                                                           *
        *  Thank you very much for using Q-Chem.  Have a nice day.  *
        *                                                           *
        *************************************************************


0 sent ACK to 0 
now end server 0 ... 
