Process 0 of 1 is on cl135 - thread support 1
initial socket setup ...start
initial socket setup ...done 
now start server 0 ... 

cmd = /usr/bin/ssh clhead /usr/local/qchem/bin/get_hostid 1374248965 > /tmp/1591946.1.medium.q/qchem22285/lic.dat

cmd = /usr/bin/ssh clhead /usr/local/qchem/bin/get_hostid 1374248965 > /tmp/1591946.1.medium.q/qchem22285/lic.dat

cmd = /usr/bin/ssh clhead /usr/local/qchem/bin/get_hostid 1374248965 > /tmp/1591946.1.medium.q/qchem22285/lic.dat

cmd = /usr/bin/ssh clhead /usr/local/qchem/bin/get_hostid 1374248965 > /tmp/1591946.1.medium.q/qchem22285/lic.dat

cmd = /usr/bin/ssh clhead /usr/local/qchem/bin/get_hostid 1374248965 > /tmp/1591946.1.medium.q/qchem22285/lic.dat
                  Welcome to Q-Chem
     A Quantum Leap Into The Future Of Chemistry

 Y. Shao, L. Fusti-Molnar, Y. Jung, J. Kussmann, C. Ochsenfeld,
 S. T. Brown, A. T. B. Gilbert, L. V. Slipchenko,S. V. Levchenko,
 D. P. O'Neill, R. A. DiStasio Jr., R. C. Lochan, T. Wang,
 G. J. O. Beran, N. A. Besley, J. M. Herbert, C. Y. Lin,
 T. Van Voorhis, S. H. Chien, A. Sodt, R. P. Steele, 
 V. A. Rassolov, P. E. Maslen, P. P. Korambath, R. D. Adamson,
 B. Austin, J. Baker, E. F. C. Byrd, H. Dachsel, R. J. Doerksen,
 A. Dreuw, B. D. Dunietz, A. D. Dutoi, T. R. Furlani,
 S. R. Gwaltney, A. Heyden, S. Hirata, C.-P. Hsu, G. Kedziora,
 R. Z. Khaliullin, P. Klunzinger, A. M. Lee, M. S. Lee, W. Liang,
 I. Lotan, N. Nair, B. Peters, E. I. Proynov, P. A. Pieniazek, 
 Y. M. Rhee, J. Ritchie, E. Rosta, C. D. Sherrill, 
 A. C. Simmonett, J. E. Subotnik, H. L. Woodcock III,
 W. Zhang, A. T. Bell, A. K. Chakraborty, D. M. Chipman,
 F. J. Keil, A. Warshel, W. J. Hehre, H. F. Schaefer III,
 J. Kong, A. I. Krylov, P. M. W. Gill, M. Head-Gordon,
 Q-Chem, Version 3.1, Q-Chem, Inc., Pittsburgh, PA (2007).

 Additional authors for Version 3.1: 
 Z. Gan, Y. Zhao, N. E. Schultz, D. Truhlar, E. Epifanovsky and M. Oana.

 Additional authors for Version 3.2: 
 R. Baer, B. R. Brooks, D. Casanova, J.-D. Chai, C.-L. Cheng, 
 C. Cramer, D. Crittenden, A. Ghysels, G. Hawkins, E. G. Hohenstein, 
 C. Kelley, W. Kurlancheek, D. Liotard, E. Livshits, P. Manohar, 
 A. Marenich, D. Neuhauser, R. Olson, M. A. Rohrdanz, K. S. Thanthiriwatte, 
 A. J. W. Thom, V. Vanovschi, C. F. Williams, Q. Wu and Z.-Q. You. 


 Intel X86 Linux Version

 Q-chem begins on Tue Mar 18 15:14:21 2014  

 Parallel job on  1  processors
Processing $rem in /usr/local/qchem/config/preferences.

theFileMan(): MAXOPENFILES=974 MAX_SUB_FILE_NUM=16
Maximum size of a physical file is 2.0 GB, maximum size of a tmp-file is 32.0 GB


--------------------------------------------------------------
User input:
--------------------------------------------------------------

$molecule
-1,2
C         -0.00006        0.00015        0.99980
C          1.26532        0.76004        0.98857
C          1.26516       -0.76001        0.98799
C         -1.27231       -0.00021        0.25137
C         -1.25820        0.00027        1.77153
H          1.57504        1.26150        1.90176
H          1.55860        1.26345        0.07108
H          1.57486       -1.26190        1.90095
H          1.55826       -1.26313        0.07027
H         -1.57794       -0.91602       -0.24774
H         -1.57802        0.91521       -0.24839
H         -1.55535       -0.91513        2.27650
H         -1.55537        0.91578        2.27629
$end

$comment
negative
$end

$xc_functional
C PBE   1.00
X wPBE  1.00
$end

$rem
SYMMETRY_DECOMPOSITION	0
exchange 		general
LRC_DFT                 true
BASIS                   g3large
omega			600
mem_static              760
max_scf_cycles          200
scf_final_print         1
sym_ignore              true
$end

--------------------------------------------------------------
 Writing REM_CC_EA           13
 ----------------------------------------------------
       Standard Nuclear Orientation (Angstroms)
    I     Atom         X            Y            Z
 ----------------------------------------------------
    1      C      -0.000060     0.000150     0.999800
    2      C       1.265320     0.760040     0.988570
    3      C       1.265160    -0.760010     0.987990
    4      C      -1.272310    -0.000210     0.251370
    5      C      -1.258200     0.000270     1.771530
    6      H       1.575040     1.261500     1.901760
    7      H       1.558600     1.263450     0.071080
    8      H       1.574860    -1.261900     1.900950
    9      H       1.558260    -1.263130     0.070270
   10      H      -1.577940    -0.916020    -0.247740
   11      H      -1.578020     0.915210    -0.248390
   12      H      -1.555350    -0.915130     2.276500
   13      H      -1.555370     0.915780     2.276290
 ----------------------------------------------------
 Nuclear Repulsion Energy =   170.9200549349 hartrees
 There are       20 alpha and       19 beta electrons
 Requested basis set is G3large
 There are 98 shells and 290 basis functions

Total QAlloc Memory Limit   2000 MB
Mega-Array Size       743 MB
MEM_STATIC part       760 MB

                       Distance Matrix (Angstroms)
             C (  1)   C (  2)   C (  3)   C (  4)   C (  5)   H (  6)
   C (  2)  1.476057
   C (  3)  1.476064  1.520050
   C (  4)  1.476065  2.749729  2.749302
   C (  5)  1.475969  2.749260  2.749419  1.520226
   H (  6)  2.210311  1.086878  2.239979  3.524642  3.104015
   H (  7)  2.210852  1.086841  2.240808  3.105381  3.524417  1.830755
   H (  8)  2.210252  2.239753  1.086878  3.524110  3.104199  2.523400
   H (  9)  2.210942  2.241050  1.086852  3.104817  3.524615  3.119037
   H ( 10)  2.210301  3.524453  3.103963  1.086843  2.240373  4.393544
   H ( 11)  2.210265  3.104630  3.524013  1.086836  2.240419  3.832082
   H ( 12)  2.210572  3.524363  3.104770  2.240166  1.086853  3.831121
   H ( 13)  2.210609  3.104637  3.524681  2.240416  1.086854  3.171634
             H (  7)   H (  8)   H (  9)   H ( 10)   H ( 11)   H ( 12)
   H (  8)  3.118667
   H (  9)  2.526580  1.830756
   H ( 10)  3.832704  3.831012  3.171335
   H ( 11)  3.172021  4.393190  3.831835  1.831230
   H ( 12)  4.393947  3.171672  3.831856  2.524341  3.118610
   H ( 13)  3.831532  3.831646  4.394185  3.118770  2.524782  1.830910

 
 A cutoff of  1.0D-08 yielded   4435 shell pairs
 There are  39245 function pairs ( 48051 Cartesian)
Evaluating contribution to one-electron hamiltonian from nuclear
 Smallest overlap matrix eigenvalue = 2.59E-05

 Q-Chem warning in module mkSTV.C, line 194:

 Overlap eigenvalue is smaller than square root of threshold

 Multipole matrices computed through 2nd order

  Scale SEOQF with 1.000000e-01/1.000000e-01/1.000000e-01

 Standard Electronic Orientation quadrupole field applied
 Nucleus-field energy     =    -0.0000000026 hartrees
 Guess from superposition of atomic densities
 Warning:  Energy on first SCF cycle will be non-variational
 Long-range K will be added via erf
 Coulomb attenuation parameter = 0.6 bohr**(-1)
 An unrestricted Kohn-Sham SCF calculation will be
 performed using Pulay DIIS extrapolation
 Exchange:  wPBE + LR-HF      Correlation:  PBE
 Using SG-1 standard quadrature grid
 SCF converges when DIIS error is below 1.0E-05
 Requested basis set is G3large
 There are 98 shells and 290 basis functions
 A cutoff of  1.0D-08 yielded   4435 shell pairs
 There are  39245 function pairs ( 48051 Cartesian)
 Warning!  Inaccurate integrated density:
   Number of electrons =    39
   Numerical integral  =    37.999764099938
   Relative error      =    -2.5647074361 %
 ---------------------------------------
  Cycle       Energy         DIIS Error
 ---------------------------------------
    1    -197.4835507763      2.96E-02
    2    -195.0435931519      2.71E-03
    3    -195.1479267868      1.63E-03
    4    -195.1771204709      3.34E-04
    5    -195.1808365089      1.14E-04
    6    -195.1813141324      3.99E-05
    7    -195.1814462750      1.51E-05
    8    -195.1814962417      8.78E-06 Convergence criterion met
 ---------------------------------------
 One-Electron    Energy =  -604.2990479559
 Total Coulomb   Energy =   268.3438227923
 Alpha Exchange  Energy =    -5.1468377651
 Beta  Exchange  Energy =    -5.0863848350
 DFT   Exchange  Energy =   -18.6582930461
 DFT Correlation Energy =    -1.2548103641
 Nuclear Repu.   Energy =   170.9200549324
 Nuclear Attr.   Energy =  -798.4397819467
 Kinetic         Energy =   194.1407339908
 <S^2> = 0.7501
 SCF time:  CPU 374.03 s  wall 376.49 s
 Final Alpha MO Eigenvalues
            1           2           3           4           5           6
    1 -10.1030168 -10.0926531 -10.0873788 -10.0868801 -10.0864584  -0.9913609
            7           8           9          10          11          12
    1  -0.8927084  -0.6779644  -0.6748313  -0.6022654  -0.5295523  -0.5192492
           13          14          15          16          17          18
    1  -0.5161237  -0.3997280  -0.3834211  -0.3806283  -0.3059460  -0.3048745
           19          20          21          22          23          24
    1  -0.2898967   0.0352364   0.1273211   0.1276172   0.1297865   0.1588428
           25
    1   0.1590582
 Final Beta MO Eigenvalues
            1           2           3           4           5           6
    1 -10.1030358 -10.0925363 -10.0871620 -10.0866660 -10.0862445  -0.9912222
            7           8           9          10          11          12
    1  -0.8924417  -0.6769534  -0.6736265  -0.6013302  -0.5286766  -0.5190490
           13          14          15          16          17          18
    1  -0.5156813  -0.3995652  -0.3832997  -0.3799474  -0.3057681  -0.3047134
           19          20          21          22          23          24
    1  -0.2893110   0.1257144   0.1386191   0.1407053   0.1441230   0.1597635
 Analysis of SCF Wavefunction
 
 --------------------------------------------------------------
                    Orbital Energies (a.u.)
 --------------------------------------------------------------
 
 Alpha MOs
 -- Occupied --
-10.103 -10.093 -10.087 -10.087 -10.086  -0.991  -0.893  -0.678
 -0.675  -0.602  -0.530  -0.519  -0.516  -0.400  -0.383  -0.381
 -0.306  -0.305  -0.290   0.035
 -- Virtual --
  0.127   0.128   0.130   0.159   0.159   0.163   0.180   0.192
  0.221   0.248   0.250   0.256   0.265   0.268   0.268   0.288
  0.291   0.295   0.308   0.319   0.320   0.327   0.339   0.341
  0.347   0.348   0.370   0.372   0.382   0.430   0.444   0.444
  0.465   0.486   0.492   0.493   0.538   0.560   0.561   0.569
  0.579   0.629   0.680   0.698   0.699   0.701   0.731   0.734
  0.772   0.797   0.799   0.811   0.833   0.841   0.847   0.848
  0.872   0.872   0.879   0.896   0.900   0.902   0.903   0.924
  0.960   1.021   1.052   1.052   1.060   1.077   1.107   1.131
  1.160   1.163   1.164   1.239   1.292   1.293   1.321   1.352
  1.364   1.365   1.385   1.399   1.401   1.424   1.449   1.449
  1.512   1.514   1.562   1.571   1.573   1.607   1.624   1.627
  1.641   1.653   1.671   1.681   1.689   1.723   1.725   1.744
  1.748   1.772   1.822   1.835   1.837   1.848   1.862   1.865
  1.871   1.927   2.049   2.079   2.080   2.102   2.763   2.766
  2.850   2.883   2.917   2.919   2.947   2.951   2.987   2.988
  2.989   3.048   3.076   3.077   3.130   3.187   3.196   3.197
  3.203   3.235   3.290   3.291   3.305   3.316   3.370   3.371
  3.383   3.384   3.403   3.428   3.432   3.476   3.494   3.529
  3.530   3.552   3.578   3.647   3.647   3.653   3.689   3.690
  3.742   3.743   3.754   3.777   3.807   3.808   3.848   3.848
  3.863   3.908   3.908   3.918   3.995   4.091   4.125   4.172
  4.188   4.189   4.248   4.249   4.277   4.363   4.412   4.413
  4.414   4.416   4.445   4.448   4.535   4.560   4.571   4.573
  4.648   4.654   4.659   4.667   4.669   4.710   4.711   4.802
  4.803   4.832   4.833   4.836   4.872   4.911   5.022   5.034
  5.211   5.213   5.283   5.284   5.402   5.572   5.696   5.761
  5.763   5.800   5.913   5.918   5.922   5.955   6.066   6.068
  6.102  24.387  24.410  24.662  24.665  24.735  27.753  27.813
 27.865  27.866  28.251  28.342  28.369  28.370  28.387  28.411
 28.412  28.426  28.813  28.816  29.252  41.150  41.168  41.188
 41.251  41.258  41.261  41.263  41.301  41.304  41.307  41.403
 41.410  41.410  41.416  41.417  41.428  41.450  41.465  41.511
 41.515  41.522  41.524  41.545  41.615  41.616
 
 Beta MOs
 -- Occupied --
-10.103 -10.093 -10.087 -10.087 -10.086  -0.991  -0.892  -0.677
 -0.674  -0.601  -0.529  -0.519  -0.516  -0.400  -0.383  -0.380
 -0.306  -0.305  -0.289
 -- Virtual --
  0.126   0.139   0.141   0.144   0.160   0.164   0.166   0.182
  0.189   0.218   0.243   0.243   0.248   0.258   0.260   0.262
  0.287   0.288   0.294   0.303   0.317   0.318   0.323   0.332
  0.337   0.340   0.342   0.367   0.369   0.381   0.426   0.443
  0.443   0.463   0.482   0.489   0.490   0.535   0.557   0.557
  0.565   0.578   0.627   0.678   0.695   0.696   0.698   0.729
  0.732   0.769   0.796   0.797   0.809   0.831   0.839   0.846
  0.847   0.871   0.871   0.877   0.895   0.897   0.900   0.900
  0.924   0.958   1.021   1.052   1.052   1.060   1.077   1.108
  1.131   1.160   1.163   1.164   1.239   1.292   1.293   1.321
  1.352   1.364   1.365   1.385   1.398   1.401   1.424   1.448
  1.449   1.512   1.513   1.562   1.570   1.573   1.606   1.624
  1.626   1.640   1.652   1.671   1.681   1.688   1.723   1.724
  1.743   1.747   1.771   1.821   1.834   1.836   1.848   1.861
  1.865   1.871   1.927   2.049   2.079   2.080   2.102   2.763
  2.766   2.850   2.882   2.917   2.919   2.947   2.951   2.987
  2.988   2.989   3.048   3.076   3.077   3.130   3.187   3.196
  3.197   3.203   3.235   3.290   3.291   3.305   3.317   3.370
  3.372   3.383   3.384   3.403   3.428   3.433   3.476   3.494
  3.529   3.530   3.552   3.578   3.647   3.647   3.653   3.689
  3.691   3.742   3.743   3.754   3.777   3.806   3.809   3.848
  3.849   3.863   3.908   3.908   3.918   3.995   4.091   4.125
  4.173   4.188   4.189   4.248   4.249   4.277   4.363   4.412
  4.413   4.414   4.416   4.445   4.448   4.535   4.560   4.571
  4.573   4.648   4.654   4.659   4.667   4.669   4.710   4.711
  4.802   4.803   4.832   4.833   4.837   4.872   4.911   5.022
  5.035   5.211   5.213   5.283   5.284   5.402   5.572   5.696
  5.761   5.763   5.800   5.913   5.918   5.922   5.955   6.066
  6.068   6.102  24.387  24.410  24.662  24.665  24.735  27.753
 27.813  27.865  27.866  28.251  28.342  28.369  28.370  28.387
 28.412  28.412  28.426  28.813  28.816  29.252  41.150  41.168
 41.188  41.251  41.258  41.261  41.263  41.301  41.304  41.307
 41.403  41.410  41.410  41.416  41.417  41.428  41.450  41.465
 41.511  41.516  41.522  41.524  41.545  41.615  41.616
 --------------------------------------------------------------
 
          Ground-State Mulliken Net Atomic Charges

     Atom                 Charge (a.u.)    Spin (a.u.)
  --------------------------------------------------------
      1 C                    -3.885924       4.484581
      2 C                     2.774901      -3.119027
      3 C                     0.225918      -0.537648
      4 C                     1.641665      -1.966221
      5 C                     1.526900      -1.850750
      6 H                    -0.524377       0.620121
      7 H                    -0.552737       0.649559
      8 H                    -0.142803       0.219339
      9 H                    -0.157896       0.235681
     10 H                    -0.185636       0.261544
     11 H                    -0.785808       0.890023
     12 H                    -0.171926       0.246978
     13 H                    -0.762277       0.865821
  --------------------------------------------------------
  Sum of atomic charges =    -1.000000
  Sum of spin   charges =     1.000000

 -----------------------------------------------------------------
                    Cartesian Multipole Moments
 -----------------------------------------------------------------
    Charge (ESU x 10^10)
                -4.8032
    Dipole Moment (Debye)
         X       1.6932      Y      -5.4872      Z      -4.5978
       Tot       7.3564
    Quadrupole Moments (Debye-Ang)
        XX     -74.4702     XY       2.3737     YY     -64.1360
        XZ       1.8295     YZ      -5.3600     ZZ     -65.5110
    Octapole Moments (Debye-Ang^2)
       XXX      25.7425    XXY     -34.1838    XYY      12.1944
       YYY     -74.5841    XXZ     -73.1915    XYZ       2.4170
       YYZ     -63.0054    XZZ       9.5263    YZZ     -35.2811
       ZZZ    -184.7264
    Hexadecapole Moments (Debye-Ang^3)
      XXXX   -1089.0365   XXXY      19.9280   XXYY    -289.7529
      XYYY      22.7589   YYYY    -581.3376   XXXZ      27.9550
      XXYZ     -33.4953   XYYZ      13.1268   YYYZ     -73.2275
      XXZZ    -348.4959   XYZZ      13.6428   YYZZ    -260.1610
      XZZZ      27.4998   YZZZ     -94.0094   ZZZZ    -888.2285
 -----------------------------------------------------------------
 Total job time:  376.93s(wall), 374.42s(cpu) 
 Tue Mar 18 15:20:38 2014

        *************************************************************
        *                                                           *
        *  Thank you very much for using Q-Chem.  Have a nice day.  *
        *                                                           *
        *************************************************************


0 sent ACK to 0 
now end server 0 ... 
 
**********************************************************************
Job 2 of 3 
**********************************************************************
 
Process 0 of 1 is on cl135 - thread support 1
initial socket setup ...start
initial socket setup ...done 
now start server 0 ... 

cmd = /usr/bin/ssh clhead /usr/local/qchem/bin/get_hostid 1156601112 > /tmp/1591946.1.medium.q/qchem22285/lic.dat

cmd = /usr/bin/ssh clhead /usr/local/qchem/bin/get_hostid 1156601112 > /tmp/1591946.1.medium.q/qchem22285/lic.dat

cmd = /usr/bin/ssh clhead /usr/local/qchem/bin/get_hostid 1156601112 > /tmp/1591946.1.medium.q/qchem22285/lic.dat

cmd = /usr/bin/ssh clhead /usr/local/qchem/bin/get_hostid 1156601112 > /tmp/1591946.1.medium.q/qchem22285/lic.dat

cmd = /usr/bin/ssh clhead /usr/local/qchem/bin/get_hostid 1156601112 > /tmp/1591946.1.medium.q/qchem22285/lic.dat
                  Welcome to Q-Chem
     A Quantum Leap Into The Future Of Chemistry

 Y. Shao, L. Fusti-Molnar, Y. Jung, J. Kussmann, C. Ochsenfeld,
 S. T. Brown, A. T. B. Gilbert, L. V. Slipchenko,S. V. Levchenko,
 D. P. O'Neill, R. A. DiStasio Jr., R. C. Lochan, T. Wang,
 G. J. O. Beran, N. A. Besley, J. M. Herbert, C. Y. Lin,
 T. Van Voorhis, S. H. Chien, A. Sodt, R. P. Steele, 
 V. A. Rassolov, P. E. Maslen, P. P. Korambath, R. D. Adamson,
 B. Austin, J. Baker, E. F. C. Byrd, H. Dachsel, R. J. Doerksen,
 A. Dreuw, B. D. Dunietz, A. D. Dutoi, T. R. Furlani,
 S. R. Gwaltney, A. Heyden, S. Hirata, C.-P. Hsu, G. Kedziora,
 R. Z. Khaliullin, P. Klunzinger, A. M. Lee, M. S. Lee, W. Liang,
 I. Lotan, N. Nair, B. Peters, E. I. Proynov, P. A. Pieniazek, 
 Y. M. Rhee, J. Ritchie, E. Rosta, C. D. Sherrill, 
 A. C. Simmonett, J. E. Subotnik, H. L. Woodcock III,
 W. Zhang, A. T. Bell, A. K. Chakraborty, D. M. Chipman,
 F. J. Keil, A. Warshel, W. J. Hehre, H. F. Schaefer III,
 J. Kong, A. I. Krylov, P. M. W. Gill, M. Head-Gordon,
 Q-Chem, Version 3.1, Q-Chem, Inc., Pittsburgh, PA (2007).

 Additional authors for Version 3.1: 
 Z. Gan, Y. Zhao, N. E. Schultz, D. Truhlar, E. Epifanovsky and M. Oana.

 Additional authors for Version 3.2: 
 R. Baer, B. R. Brooks, D. Casanova, J.-D. Chai, C.-L. Cheng, 
 C. Cramer, D. Crittenden, A. Ghysels, G. Hawkins, E. G. Hohenstein, 
 C. Kelley, W. Kurlancheek, D. Liotard, E. Livshits, P. Manohar, 
 A. Marenich, D. Neuhauser, R. Olson, M. A. Rohrdanz, K. S. Thanthiriwatte, 
 A. J. W. Thom, V. Vanovschi, C. F. Williams, Q. Wu and Z.-Q. You. 


 Intel X86 Linux Version

 Q-chem begins on Tue Mar 18 15:20:43 2014  

 Parallel job on  1  processors
Processing $rem in /usr/local/qchem/config/preferences.

theFileMan(): MAXOPENFILES=974 MAX_SUB_FILE_NUM=16
Maximum size of a physical file is 2.0 GB, maximum size of a tmp-file is 32.0 GB


--------------------------------------------------------------
User input:
--------------------------------------------------------------

$molecule
0,1
C         -0.00006        0.00015        0.99980
C          1.26532        0.76004        0.98857
C          1.26516       -0.76001        0.98799
C         -1.27231       -0.00021        0.25137
C         -1.25820        0.00027        1.77153
H          1.57504        1.26150        1.90176
H          1.55860        1.26345        0.07108
H          1.57486       -1.26190        1.90095
H          1.55826       -1.26313        0.07027
H         -1.57794       -0.91602       -0.24774
H         -1.57802        0.91521       -0.24839
H         -1.55535       -0.91513        2.27650
H         -1.55537        0.91578        2.27629
$end

$comment
neutral
$end

$xc_functional
C PBE   1.00
X wPBE  1.00
$end


$rem
SYMMETRY_DECOMPOSITION	0
LRC_DFT                 true
exchange 		general
BASIS                   g3large
omega			600
mem_static              760
max_scf_cycles          200
scf_final_print         1
sym_ignore              true
$end

--------------------------------------------------------------
 Writing REM_CC_EA           13
 ----------------------------------------------------
       Standard Nuclear Orientation (Angstroms)
    I     Atom         X            Y            Z
 ----------------------------------------------------
    1      C      -0.000060     0.000150     0.999800
    2      C       1.265320     0.760040     0.988570
    3      C       1.265160    -0.760010     0.987990
    4      C      -1.272310    -0.000210     0.251370
    5      C      -1.258200     0.000270     1.771530
    6      H       1.575040     1.261500     1.901760
    7      H       1.558600     1.263450     0.071080
    8      H       1.574860    -1.261900     1.900950
    9      H       1.558260    -1.263130     0.070270
   10      H      -1.577940    -0.916020    -0.247740
   11      H      -1.578020     0.915210    -0.248390
   12      H      -1.555350    -0.915130     2.276500
   13      H      -1.555370     0.915780     2.276290
 ----------------------------------------------------
 Nuclear Repulsion Energy =   170.9200549349 hartrees
 There are       19 alpha and       19 beta electrons
 Requested basis set is G3large
 There are 98 shells and 290 basis functions

Total QAlloc Memory Limit   2000 MB
Mega-Array Size       743 MB
MEM_STATIC part       760 MB

                       Distance Matrix (Angstroms)
             C (  1)   C (  2)   C (  3)   C (  4)   C (  5)   H (  6)
   C (  2)  1.476057
   C (  3)  1.476064  1.520050
   C (  4)  1.476065  2.749729  2.749302
   C (  5)  1.475969  2.749260  2.749419  1.520226
   H (  6)  2.210311  1.086878  2.239979  3.524642  3.104015
   H (  7)  2.210852  1.086841  2.240808  3.105381  3.524417  1.830755
   H (  8)  2.210252  2.239753  1.086878  3.524110  3.104199  2.523400
   H (  9)  2.210942  2.241050  1.086852  3.104817  3.524615  3.119037
   H ( 10)  2.210301  3.524453  3.103963  1.086843  2.240373  4.393544
   H ( 11)  2.210265  3.104630  3.524013  1.086836  2.240419  3.832082
   H ( 12)  2.210572  3.524363  3.104770  2.240166  1.086853  3.831121
   H ( 13)  2.210609  3.104637  3.524681  2.240416  1.086854  3.171634
             H (  7)   H (  8)   H (  9)   H ( 10)   H ( 11)   H ( 12)
   H (  8)  3.118667
   H (  9)  2.526580  1.830756
   H ( 10)  3.832704  3.831012  3.171335
   H ( 11)  3.172021  4.393190  3.831835  1.831230
   H ( 12)  4.393947  3.171672  3.831856  2.524341  3.118610
   H ( 13)  3.831532  3.831646  4.394185  3.118770  2.524782  1.830910

 
 A cutoff of  1.0D-08 yielded   4435 shell pairs
 There are  39245 function pairs ( 48051 Cartesian)
Evaluating contribution to one-electron hamiltonian from nuclear
 Smallest overlap matrix eigenvalue = 2.59E-05

 Q-Chem warning in module mkSTV.C, line 194:

 Overlap eigenvalue is smaller than square root of threshold

 Multipole matrices computed through 2nd order

  Scale SEOQF with 1.000000e-01/1.000000e-01/1.000000e-01

 Standard Electronic Orientation quadrupole field applied
 Nucleus-field energy     =    -0.0000000026 hartrees
 Guess from superposition of atomic densities
 Warning:  Energy on first SCF cycle will be non-variational
 Long-range K will be added via erf
 Coulomb attenuation parameter = 0.6 bohr**(-1)
 A restricted Kohn-Sham SCF calculation will be
 performed using Pulay DIIS extrapolation
 Exchange:  wPBE + LR-HF      Correlation:  PBE
 Using SG-1 standard quadrature grid
 SCF converges when DIIS error is below 1.0E-05
 Requested basis set is G3large
 There are 98 shells and 290 basis functions
 A cutoff of  1.0D-08 yielded   4435 shell pairs
 There are  39245 function pairs ( 48051 Cartesian)
 ---------------------------------------
  Cycle       Energy         DIIS Error
 ---------------------------------------
    1    -197.4835507763      2.96E-02
    2    -195.1215348859      2.53E-03
    3    -195.2000493673      1.35E-03
    4    -195.2180915905      3.20E-04
    5    -195.2199296919      8.17E-05
    6    -195.2200387515      2.95E-05
    7    -195.2200545242      8.03E-06 Convergence criterion met
 ---------------------------------------
 One-Electron    Energy =  -599.7392680335
 Total Coulomb   Energy =   263.6795168350
 Alpha Exchange  Energy =    -5.0884152490
 Beta  Exchange  Energy =    -5.0884152490
 DFT   Exchange  Energy =   -18.6551563415
 DFT Correlation Energy =    -1.2483714186
 Nuclear Repu.   Energy =   170.9200549324
 Nuclear Attr.   Energy =  -793.8147287873
 Kinetic         Energy =   194.0754607538
 SCF time:  CPU 240.45 s  wall 241.80 s
 Final Alpha MO Eigenvalues
            1           2           3           4           5           6
    1 -10.2240659 -10.2102183 -10.2101268 -10.2097786 -10.2096883  -1.1123392
            7           8           9          10          11          12
    1  -1.0135585  -0.7967391  -0.7967007  -0.7224708  -0.6496580  -0.6387835
           13          14          15          16          17          18
    1  -0.6387305  -0.5205607  -0.5048395  -0.5011601  -0.4264535  -0.4263357
           19          20          21          22          23          24
    1  -0.4105957   0.0433614   0.0547392   0.0547531   0.0596702   0.0781709
 Analysis of SCF Wavefunction
 
 --------------------------------------------------------------
                    Orbital Energies (a.u.)
 --------------------------------------------------------------
 
 Alpha MOs
 -- Occupied --
-10.224 -10.210 -10.210 -10.210 -10.210  -1.112  -1.014  -0.797
 -0.797  -0.722  -0.650  -0.639  -0.639  -0.521  -0.505  -0.501
 -0.426  -0.426  -0.411
 -- Virtual --
  0.043   0.055   0.055   0.060   0.078   0.078   0.082   0.098
  0.103   0.126   0.153   0.153   0.162   0.169   0.170   0.170
  0.191   0.193   0.193   0.205   0.217   0.217   0.224   0.239
  0.241   0.245   0.245   0.260   0.260   0.272   0.319   0.329
  0.329   0.351   0.375   0.376   0.383   0.424   0.449   0.449
  0.460   0.464   0.514   0.566   0.584   0.585   0.585   0.616
  0.616   0.657   0.682   0.682   0.695   0.717   0.723   0.730
  0.730   0.754   0.754   0.762   0.779   0.785   0.785   0.785
  0.804   0.843   0.902   0.932   0.933   0.940   0.956   0.987
  1.012   1.040   1.044   1.044   1.119   1.172   1.172   1.201
  1.233   1.245   1.245   1.266   1.281   1.281   1.304   1.330
  1.330   1.394   1.394   1.443   1.452   1.453   1.487   1.506
  1.506   1.521   1.534   1.552   1.561   1.571   1.604   1.605
  1.625   1.627   1.653   1.702   1.716   1.716   1.728   1.744
  1.744   1.752   1.806   1.929   1.959   1.960   1.982   2.644
  2.644   2.730   2.763   2.798   2.798   2.826   2.830   2.867
  2.868   2.868   2.928   2.956   2.956   3.009   3.067   3.076
  3.076   3.082   3.114   3.170   3.170   3.184   3.196   3.250
  3.250   3.263   3.263   3.282   3.307   3.311   3.355   3.374
  3.409   3.409   3.431   3.457   3.526   3.526   3.532   3.569
  3.569   3.621   3.622   3.633   3.656   3.686   3.687   3.728
  3.728   3.743   3.787   3.787   3.797   3.874   3.970   4.004
  4.051   4.068   4.068   4.127   4.128   4.156   4.242   4.292
  4.292   4.293   4.294   4.326   4.326   4.414   4.439   4.450
  4.452   4.527   4.534   4.538   4.547   4.547   4.590   4.590
  4.681   4.681   4.711   4.714   4.714   4.751   4.791   4.901
  4.913   5.091   5.091   5.163   5.163   5.281   5.451   5.575
  5.641   5.641   5.679   5.795   5.795   5.800   5.833   5.946
  5.946   5.981  24.266  24.288  24.542  24.542  24.614  27.631
 27.691  27.744  27.745  28.129  28.220  28.248  28.248  28.265
 28.290  28.290  28.304  28.693  28.693  29.131  41.029  41.046
 41.067  41.130  41.138  41.138  41.140  41.180  41.184  41.184
 41.282  41.289  41.289  41.295  41.295  41.306  41.328  41.343
 41.392  41.392  41.400  41.401  41.423  41.494  41.494
 --------------------------------------------------------------
 
          Ground-State Mulliken Net Atomic Charges

     Atom                 Charge (a.u.)
  ----------------------------------------
      1 C                     0.540386
      2 C                    -0.308956
      3 C                    -0.309883
      4 C                    -0.309141
      5 C                    -0.309233
      6 H                     0.087068
      7 H                     0.087043
      8 H                     0.087086
      9 H                     0.087108
     10 H                     0.087117
     11 H                     0.087127
     12 H                     0.087107
     13 H                     0.087172
  ----------------------------------------
  Sum of atomic charges =     0.000000

 -----------------------------------------------------------------
                    Cartesian Multipole Moments
 -----------------------------------------------------------------
    Charge (ESU x 10^10)
                 0.0000
    Dipole Moment (Debye)
         X       0.0002      Y      -0.0003      Z       0.0001
       Tot       0.0004
    Quadrupole Moments (Debye-Ang)
        XX     -32.4117     XY       0.0038     YY     -30.2322
        XZ       0.0197     YZ       0.0010     ZZ     -30.2362
    Octapole Moments (Debye-Ang^2)
       XXX       0.0039    XXY       0.0025    XYY      -0.5930
       YYY       0.0008    XXZ     -32.3931    XYZ       0.0041
       YYZ     -30.2319    XZZ       0.6338    YZZ       0.0047
       ZZZ     -90.7135
    Hexadecapole Moments (Debye-Ang^3)
      XXXX    -343.5812   XXXY       0.0164   XXYY     -65.2625
      XYYY       0.0090   YYYY    -111.5767   XXXZ       1.3404
      XXYZ       0.0006   XYYZ      -0.2937   YYYZ      -0.0134
      XXZZ     -97.6548   XYZZ       0.0119   YYZZ     -61.4430
      XZZZ       2.6131   YZZZ      -0.0046   ZZZZ    -293.0373
 -----------------------------------------------------------------
 Total job time:  242.22s(wall), 240.83s(cpu) 
 Tue Mar 18 15:24:45 2014

        *************************************************************
        *                                                           *
        *  Thank you very much for using Q-Chem.  Have a nice day.  *
        *                                                           *
        *************************************************************


0 sent ACK to 0 
now end server 0 ... 
 
**********************************************************************
Job 3 of 3 
**********************************************************************
 
Process 0 of 1 is on cl135 - thread support 1
initial socket setup ...start
initial socket setup ...done 
now start server 0 ... 

cmd = /usr/bin/ssh clhead /usr/local/qchem/bin/get_hostid 1502668894 > /tmp/1591946.1.medium.q/qchem22285/lic.dat

cmd = /usr/bin/ssh clhead /usr/local/qchem/bin/get_hostid 1502668894 > /tmp/1591946.1.medium.q/qchem22285/lic.dat

cmd = /usr/bin/ssh clhead /usr/local/qchem/bin/get_hostid 1502668894 > /tmp/1591946.1.medium.q/qchem22285/lic.dat

cmd = /usr/bin/ssh clhead /usr/local/qchem/bin/get_hostid 1502668894 > /tmp/1591946.1.medium.q/qchem22285/lic.dat

cmd = /usr/bin/ssh clhead /usr/local/qchem/bin/get_hostid 1502668894 > /tmp/1591946.1.medium.q/qchem22285/lic.dat
                  Welcome to Q-Chem
     A Quantum Leap Into The Future Of Chemistry

 Y. Shao, L. Fusti-Molnar, Y. Jung, J. Kussmann, C. Ochsenfeld,
 S. T. Brown, A. T. B. Gilbert, L. V. Slipchenko,S. V. Levchenko,
 D. P. O'Neill, R. A. DiStasio Jr., R. C. Lochan, T. Wang,
 G. J. O. Beran, N. A. Besley, J. M. Herbert, C. Y. Lin,
 T. Van Voorhis, S. H. Chien, A. Sodt, R. P. Steele, 
 V. A. Rassolov, P. E. Maslen, P. P. Korambath, R. D. Adamson,
 B. Austin, J. Baker, E. F. C. Byrd, H. Dachsel, R. J. Doerksen,
 A. Dreuw, B. D. Dunietz, A. D. Dutoi, T. R. Furlani,
 S. R. Gwaltney, A. Heyden, S. Hirata, C.-P. Hsu, G. Kedziora,
 R. Z. Khaliullin, P. Klunzinger, A. M. Lee, M. S. Lee, W. Liang,
 I. Lotan, N. Nair, B. Peters, E. I. Proynov, P. A. Pieniazek, 
 Y. M. Rhee, J. Ritchie, E. Rosta, C. D. Sherrill, 
 A. C. Simmonett, J. E. Subotnik, H. L. Woodcock III,
 W. Zhang, A. T. Bell, A. K. Chakraborty, D. M. Chipman,
 F. J. Keil, A. Warshel, W. J. Hehre, H. F. Schaefer III,
 J. Kong, A. I. Krylov, P. M. W. Gill, M. Head-Gordon,
 Q-Chem, Version 3.1, Q-Chem, Inc., Pittsburgh, PA (2007).

 Additional authors for Version 3.1: 
 Z. Gan, Y. Zhao, N. E. Schultz, D. Truhlar, E. Epifanovsky and M. Oana.

 Additional authors for Version 3.2: 
 R. Baer, B. R. Brooks, D. Casanova, J.-D. Chai, C.-L. Cheng, 
 C. Cramer, D. Crittenden, A. Ghysels, G. Hawkins, E. G. Hohenstein, 
 C. Kelley, W. Kurlancheek, D. Liotard, E. Livshits, P. Manohar, 
 A. Marenich, D. Neuhauser, R. Olson, M. A. Rohrdanz, K. S. Thanthiriwatte, 
 A. J. W. Thom, V. Vanovschi, C. F. Williams, Q. Wu and Z.-Q. You. 


 Intel X86 Linux Version

 Q-chem begins on Tue Mar 18 15:24:49 2014  

 Parallel job on  1  processors
Processing $rem in /usr/local/qchem/config/preferences.

theFileMan(): MAXOPENFILES=974 MAX_SUB_FILE_NUM=16
Maximum size of a physical file is 2.0 GB, maximum size of a tmp-file is 32.0 GB


--------------------------------------------------------------
User input:
--------------------------------------------------------------

$molecule
1,2
C         -0.00006        0.00015        0.99980
C          1.26532        0.76004        0.98857
C          1.26516       -0.76001        0.98799
C         -1.27231       -0.00021        0.25137
C         -1.25820        0.00027        1.77153
H          1.57504        1.26150        1.90176
H          1.55860        1.26345        0.07108
H          1.57486       -1.26190        1.90095
H          1.55826       -1.26313        0.07027
H         -1.57794       -0.91602       -0.24774
H         -1.57802        0.91521       -0.24839
H         -1.55535       -0.91513        2.27650
H         -1.55537        0.91578        2.27629
$end

$comment
positive
$end

$xc_functional
C PBE   1.00
X wPBE  1.00
$end

$rem
SYMMETRY_DECOMPOSITION	0
LRC_DFT                 true
exchange 		general
BASIS                   g3large
omega			600
mem_static              760
max_scf_cycles          200
scf_final_print         1
sym_ignore              true
$end

--------------------------------------------------------------
 Writing REM_CC_EA           13
 ----------------------------------------------------
       Standard Nuclear Orientation (Angstroms)
    I     Atom         X            Y            Z
 ----------------------------------------------------
    1      C      -0.000060     0.000150     0.999800
    2      C       1.265320     0.760040     0.988570
    3      C       1.265160    -0.760010     0.987990
    4      C      -1.272310    -0.000210     0.251370
    5      C      -1.258200     0.000270     1.771530
    6      H       1.575040     1.261500     1.901760
    7      H       1.558600     1.263450     0.071080
    8      H       1.574860    -1.261900     1.900950
    9      H       1.558260    -1.263130     0.070270
   10      H      -1.577940    -0.916020    -0.247740
   11      H      -1.578020     0.915210    -0.248390
   12      H      -1.555350    -0.915130     2.276500
   13      H      -1.555370     0.915780     2.276290
 ----------------------------------------------------
 Nuclear Repulsion Energy =   170.9200549349 hartrees
 There are       19 alpha and       18 beta electrons
 Requested basis set is G3large
 There are 98 shells and 290 basis functions

Total QAlloc Memory Limit   2000 MB
Mega-Array Size       743 MB
MEM_STATIC part       760 MB

                       Distance Matrix (Angstroms)
             C (  1)   C (  2)   C (  3)   C (  4)   C (  5)   H (  6)
   C (  2)  1.476057
   C (  3)  1.476064  1.520050
   C (  4)  1.476065  2.749729  2.749302
   C (  5)  1.475969  2.749260  2.749419  1.520226
   H (  6)  2.210311  1.086878  2.239979  3.524642  3.104015
   H (  7)  2.210852  1.086841  2.240808  3.105381  3.524417  1.830755
   H (  8)  2.210252  2.239753  1.086878  3.524110  3.104199  2.523400
   H (  9)  2.210942  2.241050  1.086852  3.104817  3.524615  3.119037
   H ( 10)  2.210301  3.524453  3.103963  1.086843  2.240373  4.393544
   H ( 11)  2.210265  3.104630  3.524013  1.086836  2.240419  3.832082
   H ( 12)  2.210572  3.524363  3.104770  2.240166  1.086853  3.831121
   H ( 13)  2.210609  3.104637  3.524681  2.240416  1.086854  3.171634
             H (  7)   H (  8)   H (  9)   H ( 10)   H ( 11)   H ( 12)
   H (  8)  3.118667
   H (  9)  2.526580  1.830756
   H ( 10)  3.832704  3.831012  3.171335
   H ( 11)  3.172021  4.393190  3.831835  1.831230
   H ( 12)  4.393947  3.171672  3.831856  2.524341  3.118610
   H ( 13)  3.831532  3.831646  4.394185  3.118770  2.524782  1.830910

 
 A cutoff of  1.0D-08 yielded   4435 shell pairs
 There are  39245 function pairs ( 48051 Cartesian)
Evaluating contribution to one-electron hamiltonian from nuclear
 Smallest overlap matrix eigenvalue = 2.59E-05

 Q-Chem warning in module mkSTV.C, line 194:

 Overlap eigenvalue is smaller than square root of threshold

 Multipole matrices computed through 2nd order

  Scale SEOQF with 1.000000e-01/1.000000e-01/1.000000e-01

 Standard Electronic Orientation quadrupole field applied
 Nucleus-field energy     =    -0.0000000026 hartrees
 Guess from superposition of atomic densities
 Warning:  Energy on first SCF cycle will be non-variational
 Long-range K will be added via erf
 Coulomb attenuation parameter = 0.6 bohr**(-1)
 An unrestricted Kohn-Sham SCF calculation will be
 performed using Pulay DIIS extrapolation
 Exchange:  wPBE + LR-HF      Correlation:  PBE
 Using SG-1 standard quadrature grid
 SCF converges when DIIS error is below 1.0E-05
 Requested basis set is G3large
 There are 98 shells and 290 basis functions
 A cutoff of  1.0D-08 yielded   4435 shell pairs
 There are  39245 function pairs ( 48051 Cartesian)
 Warning!  Inaccurate integrated density:
   Number of electrons =    37
   Numerical integral  =    37.999764099938
   Relative error      =     2.7020651350 %
 ---------------------------------------
  Cycle       Energy         DIIS Error
 ---------------------------------------
    1    -197.4835507763      2.96E-02
    2    -194.7042457576      2.56E-03
    3    -194.7939342517      1.53E-03
    4    -194.8215509589      4.24E-04
    5    -194.8277647990      1.30E-04
    6    -194.8295417219      7.82E-05
    7    -194.8306425853      4.42E-05
    8    -194.8310470543      2.36E-05
    9    -194.8312360992      1.83E-05
   10    -194.8313417060      1.43E-05
   11    -194.8314137457      1.44E-05
   12    -194.8314390246      1.45E-05
   13    -194.8313453516      1.38E-05
   14    -194.8310149859      1.52E-05
   15    -194.8309291525      1.38E-05
   16    -194.8307321968      1.37E-05
   17    -194.8307233376      2.25E-06 Convergence criterion met
 ---------------------------------------
 One-Electron    Energy =  -590.4366702750
 Total Coulomb   Energy =   254.4304088215
 Alpha Exchange  Energy =    -5.1218801298
 Beta  Exchange  Energy =    -4.8358689521
 DFT   Exchange  Energy =   -18.5777683967
 DFT Correlation Energy =    -1.2089993379
 Nuclear Repu.   Energy =   170.9200549324
 Nuclear Attr.   Energy =  -784.3370564981
 Kinetic         Energy =   193.9003862231
 <S^2> = 0.7557
 SCF time:  CPU 775.37 s  wall 780.28 s
 Final Alpha MO Eigenvalues
            1           2           3           4           5           6
    1 -10.5288522 -10.4857417 -10.4852379 -10.4273532 -10.4269708  -1.3914555
            7           8           9          10          11          12
    1  -1.2634500  -1.0649055  -1.0164282  -0.9744973  -0.8899271  -0.8876595
           13          14          15          16          17          18
    1  -0.8694794  -0.7621849  -0.7458477  -0.7213847  -0.7176086  -0.6726830
           19          20          21          22          23          24
    1  -0.6479189  -0.0874994  -0.0771428  -0.0757465  -0.0673257  -0.0490001
 Final Beta MO Eigenvalues
            1           2           3           4           5           6
    1 -10.5209524 -10.4821544 -10.4815971 -10.4276284 -10.4272570  -1.3603446
            7           8           9          10          11          12
    1  -1.2578609  -1.0247751  -1.0131192  -0.9373734  -0.8839851  -0.8750256
           13          14          15          16          17          18
    1  -0.8399406  -0.7551570  -0.7360075  -0.7104577  -0.6659595  -0.6397379
           19          20          21          22          23
    1  -0.3512922  -0.0869546  -0.0752303  -0.0743074  -0.0668527
 Analysis of SCF Wavefunction
 
 --------------------------------------------------------------
                    Orbital Energies (a.u.)
 --------------------------------------------------------------
 
 Alpha MOs
 -- Occupied --
-10.529 -10.486 -10.485 -10.427 -10.427  -1.391  -1.263  -1.065
 -1.016  -0.974  -0.890  -0.888  -0.869  -0.762  -0.746  -0.721
 -0.718  -0.673  -0.648
 -- Virtual --
 -0.087  -0.077  -0.076  -0.067  -0.049  -0.044  -0.040  -0.033
 -0.024  -0.008  -0.004   0.004   0.019   0.023   0.025   0.029
  0.039   0.041   0.047   0.059   0.061   0.070   0.077   0.087
  0.092   0.092   0.098   0.099   0.100   0.107   0.132   0.140
  0.143   0.170   0.182   0.201   0.204   0.222   0.252   0.254
  0.269   0.296   0.318   0.381   0.382   0.392   0.396   0.417
  0.426   0.454   0.481   0.483   0.486   0.509   0.517   0.524
  0.525   0.531   0.546   0.565   0.571   0.588   0.588   0.598
  0.609   0.656   0.672   0.716   0.728   0.735   0.761   0.773
  0.800   0.831   0.833   0.836   0.916   0.965   0.971   0.992
  0.996   1.033   1.040   1.042   1.064   1.076   1.108   1.118
  1.125   1.175   1.180   1.229   1.229   1.251   1.254   1.278
  1.305   1.310   1.319   1.337   1.338   1.366   1.392   1.398
  1.402   1.423   1.449   1.486   1.499   1.513   1.514   1.522
  1.544   1.544   1.591   1.686   1.711   1.725   1.751   2.389
  2.422   2.474   2.535   2.564   2.571   2.577   2.588   2.605
  2.617   2.642   2.684   2.708   2.715   2.753   2.819   2.823
  2.840   2.843   2.858   2.923   2.925   2.952   2.960   2.976
  3.011   3.014   3.024   3.030   3.063   3.087   3.102   3.124
  3.171   3.174   3.185   3.214   3.289   3.295   3.300   3.317
  3.339   3.370   3.381   3.397   3.418   3.439   3.443   3.483
  3.491   3.516   3.539   3.546   3.546   3.628   3.729   3.764
  3.812   3.825   3.836   3.875   3.897   3.913   3.996   4.043
  4.055   4.059   4.061   4.079   4.106   4.186   4.208   4.211
  4.235   4.281   4.292   4.293   4.317   4.324   4.347   4.352
  4.439   4.441   4.469   4.478   4.485   4.498   4.540   4.638
  4.670   4.814   4.856   4.916   4.917   5.047   5.205   5.332
  5.371   5.411   5.446   5.548   5.562   5.583   5.613   5.684
  5.717   5.722  23.978  24.042  24.267  24.324  24.354  27.373
 27.442  27.456  27.472  27.860  27.977  27.978  27.983  28.006
 28.041  28.054  28.074  28.417  28.475  28.848  40.727  40.772
 40.828  40.860  40.860  40.890  40.908  40.917  40.919  40.966
 40.980  41.001  41.017  41.038  41.042  41.075  41.083  41.096
 41.116  41.126  41.169  41.183  41.183  41.199  41.228
 
 Beta MOs
 -- Occupied --
-10.521 -10.482 -10.482 -10.428 -10.427  -1.360  -1.258  -1.025
 -1.013  -0.937  -0.884  -0.875  -0.840  -0.755  -0.736  -0.710
 -0.666  -0.640
 -- Virtual --
 -0.351  -0.087  -0.075  -0.074  -0.067  -0.044  -0.043  -0.037
 -0.033  -0.024  -0.004   0.006   0.006   0.020   0.026   0.030
  0.030   0.042   0.047   0.048   0.061   0.065   0.071   0.077
  0.092   0.092   0.096   0.098   0.101   0.102   0.108   0.141
  0.142   0.146   0.176   0.193   0.202   0.217   0.225   0.264
  0.266   0.271   0.298   0.321   0.384   0.388   0.398   0.406
  0.419   0.431   0.462   0.482   0.487   0.495   0.519   0.528
  0.529   0.535   0.546   0.546   0.569   0.575   0.590   0.593
  0.603   0.611   0.658   0.681   0.724   0.730   0.737   0.764
  0.776   0.803   0.834   0.837   0.839   0.921   0.970   0.972
  0.998   1.012   1.038   1.045   1.049   1.067   1.083   1.110
  1.121   1.128   1.180   1.188   1.234   1.238   1.252   1.263
  1.286   1.310   1.310   1.325   1.342   1.344   1.369   1.393
  1.402   1.411   1.426   1.451   1.490   1.505   1.514   1.515
  1.529   1.546   1.548   1.593   1.694   1.728   1.728   1.759
  2.399   2.426   2.486   2.540   2.570   2.580   2.593   2.608
  2.609   2.621   2.648   2.690   2.716   2.725   2.766   2.829
  2.832   2.849   2.850   2.869   2.932   2.937   2.957   2.963
  2.997   3.015   3.024   3.032   3.034   3.071   3.093   3.112
  3.135   3.176   3.181   3.196   3.223   3.296   3.297   3.305
  3.329   3.344   3.386   3.391   3.399   3.425   3.448   3.450
  3.495   3.497   3.519   3.550   3.550   3.563   3.641   3.737
  3.771   3.818   3.831   3.843   3.886   3.902   3.923   4.006
  4.052   4.061   4.064   4.068   4.088   4.110   4.191   4.216
  4.217   4.240   4.290   4.297   4.305   4.319   4.328   4.354
  4.363   4.443   4.452   4.475   4.484   4.501   4.503   4.551
  4.647   4.677   4.833   4.859   4.921   4.931   5.052   5.212
  5.340   5.388   5.414   5.451   5.555   5.568   5.587   5.617
  5.697   5.721   5.730  23.985  24.044  24.271  24.324  24.357
 27.377  27.457  27.460  27.476  27.865  27.979  27.985  27.988
 28.008  28.042  28.055  28.074  28.423  28.474  28.852  40.743
 40.780  40.828  40.863  40.867  40.895  40.912  40.918  40.919
 40.966  40.995  41.011  41.020  41.043  41.043  41.075  41.089
 41.096  41.121  41.130  41.171  41.183  41.185  41.209  41.229
 --------------------------------------------------------------
 
          Ground-State Mulliken Net Atomic Charges

     Atom                 Charge (a.u.)    Spin (a.u.)
  --------------------------------------------------------
      1 C                     0.666220       0.429390
      2 C                    -0.204350       0.205576
      3 C                    -0.205101       0.202543
      4 C                    -0.268275      -0.001107
      5 C                    -0.268209      -0.001655
      6 H                     0.169243       0.021716
      7 H                     0.167372       0.017169
      8 H                     0.167429       0.017642
      9 H                     0.169125       0.021764
     10 H                     0.152379       0.023595
     11 H                     0.150879       0.019857
     12 H                     0.150832       0.019668
     13 H                     0.152456       0.023844
  --------------------------------------------------------
  Sum of atomic charges =     1.000000
  Sum of spin   charges =     1.000000

 -----------------------------------------------------------------
                    Cartesian Multipole Moments
 -----------------------------------------------------------------
    Charge (ESU x 10^10)
                 4.8032
    Dipole Moment (Debye)
         X       1.3885      Y       0.0033      Z       4.7907
       Tot       4.9879
    Quadrupole Moments (Debye-Ang)
        XX     -18.8233     XY       0.0060     YY     -22.5848
        XZ       1.3396     YZ       0.0793     ZZ     -19.5300
    Octapole Moments (Debye-Ang^2)
       XXX       4.7707    XXY       0.0033    XYY       4.3165
       YYY      -0.0033    XXZ     -18.8729    XYZ       0.0122
       YYZ     -22.6313    XZZ       0.4247    YZZ       0.1579
       ZZZ     -68.1223
    Hexadecapole Moments (Debye-Ang^3)
      XXXX    -272.4859   XXXY       0.0308   XXYY     -42.8578
      XYYY      -0.0011   YYYY     -88.2637   XXXZ       5.9864
      XXYZ       0.2272   XYYZ       4.4982   YYYZ       0.0937
      XXZZ     -65.1278   XYZZ       0.0139   YYZZ     -44.1891
      XZZZ      -0.9320   YZZZ       0.3333   ZZZZ    -233.8011
 -----------------------------------------------------------------
 Total job time:  780.72s(wall), 775.78s(cpu) 
 Tue Mar 18 15:37:50 2014

        *************************************************************
        *                                                           *
        *  Thank you very much for using Q-Chem.  Have a nice day.  *
        *                                                           *
        *************************************************************


0 sent ACK to 0 
now end server 0 ... 
