Process 0 of 1 is on cl122 - thread support 1
initial socket setup ...start
initial socket setup ...done 
now start server 0 ... 

cmd = /usr/bin/ssh clhead /usr/local/qchem/bin/get_hostid 1346190258 > /tmp/1601980.1.medium.q/qchem6015/lic.dat

cmd = /usr/bin/ssh clhead /usr/local/qchem/bin/get_hostid 1346190258 > /tmp/1601980.1.medium.q/qchem6015/lic.dat

cmd = /usr/bin/ssh clhead /usr/local/qchem/bin/get_hostid 1346190258 > /tmp/1601980.1.medium.q/qchem6015/lic.dat

cmd = /usr/bin/ssh clhead /usr/local/qchem/bin/get_hostid 1346190258 > /tmp/1601980.1.medium.q/qchem6015/lic.dat

cmd = /usr/bin/ssh clhead /usr/local/qchem/bin/get_hostid 1346190258 > /tmp/1601980.1.medium.q/qchem6015/lic.dat
                  Welcome to Q-Chem
     A Quantum Leap Into The Future Of Chemistry

 Y. Shao, L. Fusti-Molnar, Y. Jung, J. Kussmann, C. Ochsenfeld,
 S. T. Brown, A. T. B. Gilbert, L. V. Slipchenko,S. V. Levchenko,
 D. P. O'Neill, R. A. DiStasio Jr., R. C. Lochan, T. Wang,
 G. J. O. Beran, N. A. Besley, J. M. Herbert, C. Y. Lin,
 T. Van Voorhis, S. H. Chien, A. Sodt, R. P. Steele, 
 V. A. Rassolov, P. E. Maslen, P. P. Korambath, R. D. Adamson,
 B. Austin, J. Baker, E. F. C. Byrd, H. Dachsel, R. J. Doerksen,
 A. Dreuw, B. D. Dunietz, A. D. Dutoi, T. R. Furlani,
 S. R. Gwaltney, A. Heyden, S. Hirata, C.-P. Hsu, G. Kedziora,
 R. Z. Khaliullin, P. Klunzinger, A. M. Lee, M. S. Lee, W. Liang,
 I. Lotan, N. Nair, B. Peters, E. I. Proynov, P. A. Pieniazek, 
 Y. M. Rhee, J. Ritchie, E. Rosta, C. D. Sherrill, 
 A. C. Simmonett, J. E. Subotnik, H. L. Woodcock III,
 W. Zhang, A. T. Bell, A. K. Chakraborty, D. M. Chipman,
 F. J. Keil, A. Warshel, W. J. Hehre, H. F. Schaefer III,
 J. Kong, A. I. Krylov, P. M. W. Gill, M. Head-Gordon,
 Q-Chem, Version 3.1, Q-Chem, Inc., Pittsburgh, PA (2007).

 Additional authors for Version 3.1: 
 Z. Gan, Y. Zhao, N. E. Schultz, D. Truhlar, E. Epifanovsky and M. Oana.

 Additional authors for Version 3.2: 
 R. Baer, B. R. Brooks, D. Casanova, J.-D. Chai, C.-L. Cheng, 
 C. Cramer, D. Crittenden, A. Ghysels, G. Hawkins, E. G. Hohenstein, 
 C. Kelley, W. Kurlancheek, D. Liotard, E. Livshits, P. Manohar, 
 A. Marenich, D. Neuhauser, R. Olson, M. A. Rohrdanz, K. S. Thanthiriwatte, 
 A. J. W. Thom, V. Vanovschi, C. F. Williams, Q. Wu and Z.-Q. You. 


 Intel X86 Linux Version

 Q-chem begins on Thu Mar 20 03:41:57 2014  

 Parallel job on  1  processors
Processing $rem in /usr/local/qchem/config/preferences.

theFileMan(): MAXOPENFILES=974 MAX_SUB_FILE_NUM=16
Maximum size of a physical file is 2.0 GB, maximum size of a tmp-file is 32.0 GB


--------------------------------------------------------------
User input:
--------------------------------------------------------------

$molecule
-1,2
C         -0.00010        0.00000        0.01845
Si        -0.00040        0.00000        1.87168
H          1.01354        0.00000       -0.36644
H         -0.50645       -0.87766       -0.36740
H         -0.50645        0.87766       -0.36740
H         -1.38115        0.00000        2.39343
H          0.69049       -1.19616        2.39178
H          0.69049        1.19616        2.39178
$end

$comment
negative
$end

$xc_functional
C PBE   1.00
X wPBE  1.00
$end

$rem
SYMMETRY_DECOMPOSITION	0
exchange 		general
LRC_DFT                 true
BASIS                   g3large
omega			450
mem_static              760
max_scf_cycles          200
scf_final_print         1
sym_ignore              true
$end

--------------------------------------------------------------
 Writing REM_CC_EA            8
 ----------------------------------------------------
       Standard Nuclear Orientation (Angstroms)
    I     Atom         X            Y            Z
 ----------------------------------------------------
    1      C      -0.000100     0.000000     0.018450
    2      Si     -0.000400     0.000000     1.871680
    3      H       1.013540     0.000000    -0.366440
    4      H      -0.506450    -0.877660    -0.367400
    5      H      -0.506450     0.877660    -0.367400
    6      H      -1.381150     0.000000     2.393430
    7      H       0.690490    -1.196160     2.391780
    8      H       0.690490     1.196160     2.391780
 ----------------------------------------------------
 Nuclear Repulsion Energy =    63.3930539500 hartrees
 There are       14 alpha and       13 beta electrons
 Requested basis set is G3large
 There are 65 shells and 168 basis functions

Total QAlloc Memory Limit   2000 MB
Mega-Array Size       743 MB
MEM_STATIC part       760 MB

                       Distance Matrix (Angstroms)
             C (  1)   Si(  2)   H (  3)   H (  4)   H (  5)   H (  6)
   Si(  2)  1.853230
   H (  3)  1.084254  2.457083
   H (  4)  1.084231  2.457611  1.755180
   H (  5)  1.084231  2.457611  1.755180  1.755320
   H (  6)  2.747331  1.476040  3.653960  3.026148  3.026148
   H (  7)  2.745980  1.476019  3.023729  3.024431  3.653282  2.392173
   H (  8)  2.745980  1.476019  3.023729  3.653282  3.024431  2.392173
             H (  7)
   H (  8)  2.392320
 
 A cutoff of  1.0D-08 yielded   2044 shell pairs
 There are  13820 function pairs ( 17231 Cartesian)
Evaluating contribution to one-electron hamiltonian from nuclear
 Smallest overlap matrix eigenvalue = 1.32E-04
 Multipole matrices computed through 2nd order

  Scale SEOQF with 1.000000e-01/1.000000e-01/1.000000e-01

 Standard Electronic Orientation quadrupole field applied
 Nucleus-field energy     =    -0.0000000067 hartrees
 Guess from superposition of atomic densities
 Warning:  Energy on first SCF cycle will be non-variational
 Long-range K will be added via erf
 Coulomb attenuation parameter = 0.45 bohr**(-1)
 An unrestricted Kohn-Sham SCF calculation will be
 performed using Pulay DIIS extrapolation
 Exchange:  wPBE + LR-HF      Correlation:  PBE
 Using SG-1 standard quadrature grid
 SCF converges when DIIS error is below 1.0E-05
 Requested basis set is G3large
 There are 65 shells and 168 basis functions
 A cutoff of  1.0D-08 yielded   2044 shell pairs
 There are  13820 function pairs ( 17231 Cartesian)
 Warning!  Inaccurate integrated density:
   Number of electrons =    27
   Numerical integral  =    25.999988627882
   Relative error      =    -3.7037458227 %
 ---------------------------------------
  Cycle       Energy         DIIS Error
 ---------------------------------------
    1    -331.3081573018      2.81E-02
    2    -331.0010360395      3.22E-03
    3    -331.0493180020      2.23E-03
    4    -331.0704218644      3.55E-04
    5    -331.0754563443      1.63E-04
    6    -331.0774944804      8.79E-05
    7    -331.0783754225      3.64E-05
    8    -331.0786092650      1.55E-05
    9    -331.0786608375      6.85E-06 Convergence criterion met
 ---------------------------------------
 One-Electron    Energy =  -585.4215906316
 Total Coulomb   Energy =   219.5130749588
 Alpha Exchange  Energy =    -2.9375729544
 Beta  Exchange  Energy =    -2.8700508851
 DFT   Exchange  Energy =   -21.8679010266
 DFT Correlation Energy =    -0.8876742421
 Nuclear Repu.   Energy =    63.3930539434
 Nuclear Attr.   Energy =  -915.8470789387
 Kinetic         Energy =   330.4254883072
 <S^2> = 0.7502
 SCF time:  CPU 93.09 s  wall 94.93 s
 Final Alpha MO Eigenvalues
            1           2           3           4           5           6
    1 -65.5021783  -9.9664784  -5.1651625  -3.5640286  -3.5640143  -3.5626537
            7           8           9          10          11          12
    1  -0.7324153  -0.5475802  -0.4079047  -0.4078244  -0.3310778  -0.3310273
           13          14          15          16          17          18
    1  -0.3167449   0.0283835   0.1483460   0.1508638   0.1509489   0.1764933
           19
    1   0.1887958
 Final Beta MO Eigenvalues
            1           2           3           4           5           6
    1 -65.5020947  -9.9659049  -5.1650667  -3.5639693  -3.5639550  -3.5624159
            7           8           9          10          11          12
    1  -0.7306596  -0.5458091  -0.4071439  -0.4070631  -0.3310563  -0.3310026
           13          14          15          16          17          18
    1  -0.3154509   0.1390967   0.1551839   0.1655279   0.1657787   0.1830500
 Analysis of SCF Wavefunction
 
 --------------------------------------------------------------
                    Orbital Energies (a.u.)
 --------------------------------------------------------------
 
 Alpha MOs
 -- Occupied --
-65.502  -9.966  -5.165  -3.564  -3.564  -3.563  -0.732  -0.548
 -0.408  -0.408  -0.331  -0.331  -0.317   0.028
 -- Virtual --
  0.148   0.151   0.151   0.176   0.189   0.189   0.200   0.200
  0.257   0.269   0.270   0.271   0.303   0.306   0.306   0.317
  0.356   0.370   0.370   0.433   0.434   0.482   0.483   0.485
  0.492   0.531   0.532   0.621   0.637   0.637   0.649   0.675
  0.722   0.722   0.734   0.777   0.777   0.780   0.824   0.824
  0.893   0.917   0.928   0.928   0.974   0.974   1.042   1.057
  1.057   1.091   1.105   1.150   1.225   1.225   1.282   1.282
  1.324   1.365   1.365   1.430   1.430   1.487   1.527   1.552
  1.552   1.559   1.570   1.570   1.661   1.661   1.729   1.729
  1.737   1.788   1.788   1.828   1.880   2.371   2.413   2.421
  2.421   2.482   2.482   2.595   2.770   2.770   2.871   3.086
  3.086   3.210   3.234   3.367   3.377   3.377   3.492   3.492
  3.593   3.593   3.643   3.803   3.803   3.925   3.926   3.947
  4.052   4.053   4.174   4.199   4.199   4.321   4.321   4.324
  4.366   4.392   4.392   4.505   4.508   4.508   4.634   4.650
  4.651   4.712   4.762   4.911   4.912   5.323   5.951   5.952
  6.503  11.632  11.632  11.973  17.754  17.836  17.935  18.018
 18.074  22.365  22.380  22.387  22.388  22.395  22.396  22.422
 24.341  28.025  28.280  28.280  41.151  41.167  41.382  41.426
 41.474 141.308
 
 Beta MOs
 -- Occupied --
-65.502  -9.966  -5.165  -3.564  -3.564  -3.562  -0.731  -0.546
 -0.407  -0.407  -0.331  -0.331  -0.315
 -- Virtual --
  0.139   0.155   0.166   0.166   0.183   0.190   0.190   0.202
  0.202   0.256   0.266   0.266   0.275   0.299   0.306   0.307
  0.319   0.357   0.371   0.371   0.434   0.434   0.480   0.483
  0.483   0.491   0.530   0.531   0.621   0.635   0.635   0.648
  0.675   0.721   0.722   0.734   0.777   0.777   0.779   0.822
  0.822   0.890   0.917   0.928   0.928   0.974   0.974   1.042
  1.056   1.056   1.091   1.106   1.149   1.224   1.224   1.282
  1.282   1.324   1.365   1.365   1.430   1.430   1.487   1.527
  1.552   1.552   1.559   1.570   1.570   1.661   1.661   1.728
  1.728   1.737   1.788   1.789   1.828   1.879   2.371   2.413
  2.421   2.422   2.482   2.483   2.595   2.769   2.770   2.871
  3.086   3.086   3.210   3.234   3.367   3.378   3.378   3.492
  3.492   3.593   3.593   3.644   3.804   3.804   3.925   3.926
  3.949   4.052   4.053   4.174   4.199   4.199   4.320   4.321
  4.323   4.365   4.392   4.392   4.505   4.508   4.509   4.634
  4.650   4.650   4.712   4.762   4.911   4.912   5.323   5.952
  5.952   6.503  11.632  11.632  11.973  17.754  17.836  17.935
 18.018  18.074  22.365  22.380  22.388  22.388  22.395  22.396
 22.422  24.342  28.025  28.280  28.280  41.151  41.168  41.383
 41.426  41.474 141.308
 --------------------------------------------------------------
 
          Ground-State Mulliken Net Atomic Charges

     Atom                 Charge (a.u.)    Spin (a.u.)
  --------------------------------------------------------
      1 C                     2.732803      -2.972840
      2 Si                    0.743144      -0.524729
      3 H                    -1.214044       1.315013
      4 H                    -1.229185       1.330721
      5 H                    -1.197198       1.297643
      6 H                    -0.278458       0.184824
      7 H                    -0.278986       0.185623
      8 H                    -0.278076       0.183744
  --------------------------------------------------------
  Sum of atomic charges =    -1.000000
  Sum of spin   charges =     1.000000

 -----------------------------------------------------------------
                    Cartesian Multipole Moments
 -----------------------------------------------------------------
    Charge (ESU x 10^10)
                -4.8032
    Dipole Moment (Debye)
         X      -0.0018      Y       0.1275      Z       2.0367
       Tot       2.0407
    Quadrupole Moments (Debye-Ang)
        XX     -49.5617     XY      -0.0863     YY     -49.5568
        XZ      -0.0048     YZ      -0.0530     ZZ     -48.1176
    Octapole Moments (Debye-Ang^2)
       XXX      -1.3545    XXY       0.5028    XYY       1.3342
       YYY       1.5084    XXZ     -19.9518    XYZ       0.0429
       YYZ     -19.9459    XZZ       0.0068    YZZ       0.4704
       ZZZ     -71.2532
    Hexadecapole Moments (Debye-Ang^3)
      XXXX    -375.6714   XXXY      -0.6779   XXYY    -125.2044
      XYYY      -0.7586   YYYY    -375.5865   XXXZ       7.4516
      XXYZ      -0.0743   XYYZ      -7.4495   YYYZ      -0.2230
      XXZZ    -181.0583   XYZZ      -0.2203   YYZZ    -181.0401
      XZZZ       0.0161   YZZZ      -0.2076   ZZZZ    -670.5910
 -----------------------------------------------------------------
 Total job time:  95.17s(wall), 93.27s(cpu) 
 Thu Mar 20 03:43:32 2014

        *************************************************************
        *                                                           *
        *  Thank you very much for using Q-Chem.  Have a nice day.  *
        *                                                           *
        *************************************************************


0 sent ACK to 0 
now end server 0 ... 
 
**********************************************************************
Job 2 of 3 
**********************************************************************
 
Process 0 of 1 is on cl122 - thread support 1
initial socket setup ...start
initial socket setup ...done 
now start server 0 ... 

cmd = /usr/bin/ssh clhead /usr/local/qchem/bin/get_hostid 2073973485 > /tmp/1601980.1.medium.q/qchem6015/lic.dat

cmd = /usr/bin/ssh clhead /usr/local/qchem/bin/get_hostid 2073973485 > /tmp/1601980.1.medium.q/qchem6015/lic.dat

cmd = /usr/bin/ssh clhead /usr/local/qchem/bin/get_hostid 2073973485 > /tmp/1601980.1.medium.q/qchem6015/lic.dat

cmd = /usr/bin/ssh clhead /usr/local/qchem/bin/get_hostid 2073973485 > /tmp/1601980.1.medium.q/qchem6015/lic.dat

cmd = /usr/bin/ssh clhead /usr/local/qchem/bin/get_hostid 2073973485 > /tmp/1601980.1.medium.q/qchem6015/lic.dat
                  Welcome to Q-Chem
     A Quantum Leap Into The Future Of Chemistry

 Y. Shao, L. Fusti-Molnar, Y. Jung, J. Kussmann, C. Ochsenfeld,
 S. T. Brown, A. T. B. Gilbert, L. V. Slipchenko,S. V. Levchenko,
 D. P. O'Neill, R. A. DiStasio Jr., R. C. Lochan, T. Wang,
 G. J. O. Beran, N. A. Besley, J. M. Herbert, C. Y. Lin,
 T. Van Voorhis, S. H. Chien, A. Sodt, R. P. Steele, 
 V. A. Rassolov, P. E. Maslen, P. P. Korambath, R. D. Adamson,
 B. Austin, J. Baker, E. F. C. Byrd, H. Dachsel, R. J. Doerksen,
 A. Dreuw, B. D. Dunietz, A. D. Dutoi, T. R. Furlani,
 S. R. Gwaltney, A. Heyden, S. Hirata, C.-P. Hsu, G. Kedziora,
 R. Z. Khaliullin, P. Klunzinger, A. M. Lee, M. S. Lee, W. Liang,
 I. Lotan, N. Nair, B. Peters, E. I. Proynov, P. A. Pieniazek, 
 Y. M. Rhee, J. Ritchie, E. Rosta, C. D. Sherrill, 
 A. C. Simmonett, J. E. Subotnik, H. L. Woodcock III,
 W. Zhang, A. T. Bell, A. K. Chakraborty, D. M. Chipman,
 F. J. Keil, A. Warshel, W. J. Hehre, H. F. Schaefer III,
 J. Kong, A. I. Krylov, P. M. W. Gill, M. Head-Gordon,
 Q-Chem, Version 3.1, Q-Chem, Inc., Pittsburgh, PA (2007).

 Additional authors for Version 3.1: 
 Z. Gan, Y. Zhao, N. E. Schultz, D. Truhlar, E. Epifanovsky and M. Oana.

 Additional authors for Version 3.2: 
 R. Baer, B. R. Brooks, D. Casanova, J.-D. Chai, C.-L. Cheng, 
 C. Cramer, D. Crittenden, A. Ghysels, G. Hawkins, E. G. Hohenstein, 
 C. Kelley, W. Kurlancheek, D. Liotard, E. Livshits, P. Manohar, 
 A. Marenich, D. Neuhauser, R. Olson, M. A. Rohrdanz, K. S. Thanthiriwatte, 
 A. J. W. Thom, V. Vanovschi, C. F. Williams, Q. Wu and Z.-Q. You. 


 Intel X86 Linux Version

 Q-chem begins on Thu Mar 20 03:43:36 2014  

 Parallel job on  1  processors
Processing $rem in /usr/local/qchem/config/preferences.

theFileMan(): MAXOPENFILES=974 MAX_SUB_FILE_NUM=16
Maximum size of a physical file is 2.0 GB, maximum size of a tmp-file is 32.0 GB


--------------------------------------------------------------
User input:
--------------------------------------------------------------

$molecule
0,1
C         -0.00010        0.00000        0.01845
Si        -0.00040        0.00000        1.87168
H          1.01354        0.00000       -0.36644
H         -0.50645       -0.87766       -0.36740
H         -0.50645        0.87766       -0.36740
H         -1.38115        0.00000        2.39343
H          0.69049       -1.19616        2.39178
H          0.69049        1.19616        2.39178
$end

$comment
neutral
$end

$xc_functional
C PBE   1.00
X wPBE  1.00
$end


$rem
SYMMETRY_DECOMPOSITION	0
LRC_DFT                 true
exchange 		general
BASIS                   g3large
omega			450
mem_static              760
max_scf_cycles          200
scf_final_print         1
sym_ignore              true
$end

--------------------------------------------------------------
 Writing REM_CC_EA            8
 ----------------------------------------------------
       Standard Nuclear Orientation (Angstroms)
    I     Atom         X            Y            Z
 ----------------------------------------------------
    1      C      -0.000100     0.000000     0.018450
    2      Si     -0.000400     0.000000     1.871680
    3      H       1.013540     0.000000    -0.366440
    4      H      -0.506450    -0.877660    -0.367400
    5      H      -0.506450     0.877660    -0.367400
    6      H      -1.381150     0.000000     2.393430
    7      H       0.690490    -1.196160     2.391780
    8      H       0.690490     1.196160     2.391780
 ----------------------------------------------------
 Nuclear Repulsion Energy =    63.3930539500 hartrees
 There are       13 alpha and       13 beta electrons
 Requested basis set is G3large
 There are 65 shells and 168 basis functions

Total QAlloc Memory Limit   2000 MB
Mega-Array Size       743 MB
MEM_STATIC part       760 MB

                       Distance Matrix (Angstroms)
             C (  1)   Si(  2)   H (  3)   H (  4)   H (  5)   H (  6)
   Si(  2)  1.853230
   H (  3)  1.084254  2.457083
   H (  4)  1.084231  2.457611  1.755180
   H (  5)  1.084231  2.457611  1.755180  1.755320
   H (  6)  2.747331  1.476040  3.653960  3.026148  3.026148
   H (  7)  2.745980  1.476019  3.023729  3.024431  3.653282  2.392173
   H (  8)  2.745980  1.476019  3.023729  3.653282  3.024431  2.392173
             H (  7)
   H (  8)  2.392320
 
 A cutoff of  1.0D-08 yielded   2044 shell pairs
 There are  13820 function pairs ( 17231 Cartesian)
Evaluating contribution to one-electron hamiltonian from nuclear
 Smallest overlap matrix eigenvalue = 1.32E-04
 Multipole matrices computed through 2nd order

  Scale SEOQF with 1.000000e-01/1.000000e-01/1.000000e-01

 Standard Electronic Orientation quadrupole field applied
 Nucleus-field energy     =    -0.0000000067 hartrees
 Guess from superposition of atomic densities
 Warning:  Energy on first SCF cycle will be non-variational
 Long-range K will be added via erf
 Coulomb attenuation parameter = 0.45 bohr**(-1)
 A restricted Kohn-Sham SCF calculation will be
 performed using Pulay DIIS extrapolation
 Exchange:  wPBE + LR-HF      Correlation:  PBE
 Using SG-1 standard quadrature grid
 SCF converges when DIIS error is below 1.0E-05
 Requested basis set is G3large
 There are 65 shells and 168 basis functions
 A cutoff of  1.0D-08 yielded   2044 shell pairs
 There are  13820 function pairs ( 17231 Cartesian)
 ---------------------------------------
  Cycle       Energy         DIIS Error
 ---------------------------------------
    1    -331.3081573018      2.81E-02
    2    -331.0780628947      2.70E-03
    3    -331.1042198259      1.40E-03
    4    -331.1109064049      2.82E-04
    5    -331.1113204634      5.32E-05
    6    -331.1113408223      1.38E-05
    7    -331.1113411265      2.84E-06 Convergence criterion met
 ---------------------------------------
 One-Electron    Energy =  -581.9890820281
 Total Coulomb   Energy =   215.9732425451
 Alpha Exchange  Energy =    -2.8719747276
 Beta  Exchange  Energy =    -2.8719747276
 DFT   Exchange  Energy =   -21.8647865068
 DFT Correlation Energy =    -0.8798196249
 Nuclear Repu.   Energy =    63.3930539434
 Nuclear Attr.   Energy =  -912.3560968791
 Kinetic         Energy =   330.3670148510
 SCF time:  CPU 57.28 s  wall 58.61 s
 Final Alpha MO Eigenvalues
            1           2           3           4           5           6
    1 -65.6299988 -10.1118424  -5.2930729  -3.6916754  -3.6916649  -3.6910323
            7           8           9          10          11          12
    1  -0.8747718  -0.6750982  -0.5506086  -0.5505796  -0.4578265  -0.4578125
           13          14          15          16          17          18
    1  -0.4530487   0.0390633   0.0620349   0.0680290   0.0680420   0.0868546
 Analysis of SCF Wavefunction
 
 --------------------------------------------------------------
                    Orbital Energies (a.u.)
 --------------------------------------------------------------
 
 Alpha MOs
 -- Occupied --
-65.630 -10.112  -5.293  -3.692  -3.692  -3.691  -0.875  -0.675
 -0.551  -0.551  -0.458  -0.458  -0.453
 -- Virtual --
  0.039   0.062   0.068   0.068   0.087   0.095   0.095   0.104
  0.104   0.158   0.158   0.158   0.162   0.190   0.190   0.192
  0.207   0.242   0.242   0.242   0.307   0.307   0.362   0.366
  0.366   0.371   0.415   0.415   0.503   0.507   0.507   0.523
  0.549   0.594   0.594   0.612   0.647   0.647   0.653   0.689
  0.689   0.758   0.789   0.801   0.801   0.849   0.849   0.916
  0.934   0.934   0.958   0.964   1.021   1.090   1.090   1.153
  1.153   1.194   1.221   1.221   1.308   1.308   1.348   1.394
  1.417   1.417   1.436   1.441   1.441   1.521   1.521   1.590
  1.590   1.603   1.664   1.664   1.697   1.741   2.244   2.284
  2.289   2.289   2.353   2.353   2.468   2.627   2.627   2.729
  2.961   2.961   3.064   3.092   3.237   3.237   3.242   3.348
  3.348   3.451   3.451   3.507   3.661   3.661   3.791   3.793
  3.803   3.925   3.927   4.030   4.060   4.060   4.197   4.197
  4.200   4.241   4.263   4.263   4.366   4.366   4.378   4.489
  4.506   4.507   4.567   4.633   4.783   4.783   5.178   5.806
  5.806   6.375  11.504  11.504  11.844  17.626  17.708  17.807
 17.890  17.946  22.237  22.252  22.259  22.260  22.267  22.268
 22.294  24.196  27.880  28.135  28.135  41.006  41.022  41.237
 41.281  41.328 141.180
 --------------------------------------------------------------
 
          Ground-State Mulliken Net Atomic Charges

     Atom                 Charge (a.u.)
  ----------------------------------------
      1 C                    -0.290818
      2 Si                    0.208944
      3 H                     0.099222
      4 H                     0.099188
      5 H                     0.099127
      6 H                    -0.071787
      7 H                    -0.071917
      8 H                    -0.071959
  ----------------------------------------
  Sum of atomic charges =     0.000000

 -----------------------------------------------------------------
                    Cartesian Multipole Moments
 -----------------------------------------------------------------
    Charge (ESU x 10^10)
                 0.0000
    Dipole Moment (Debye)
         X      -0.0012      Y       0.0000      Z      -0.8095
       Tot       0.8095
    Quadrupole Moments (Debye-Ang)
        XX     -22.7696     XY       0.0000     YY     -22.7704
        XZ      -0.0025     YZ      -0.0001     ZZ     -24.9971
    Octapole Moments (Debye-Ang^2)
       XXX       1.6534    XXY      -0.0001    XYY      -1.6370
       YYY      -0.0003    XXZ     -31.4115    XYZ      -0.0003
       YYZ     -31.4150    XZZ      -0.0005    YZZ      -0.0003
       ZZZ     -92.2982
    Hexadecapole Moments (Debye-Ang^3)
      XXXX     -55.2090   XXXY       0.0000   XXYY     -18.4039
      XYYY      -0.0002   YYYY     -55.2165   XXXZ       1.2441
      XXYZ      -0.0002   XYYZ      -1.2081   YYYZ      -0.0006
      XXZZ     -79.9674   XYZZ      -0.0009   YYZZ     -79.9737
      XZZZ       0.0252   YZZZ      -0.0010   ZZZZ    -403.5041
 -----------------------------------------------------------------
 Total job time:  58.82s(wall), 57.46s(cpu) 
 Thu Mar 20 03:44:35 2014

        *************************************************************
        *                                                           *
        *  Thank you very much for using Q-Chem.  Have a nice day.  *
        *                                                           *
        *************************************************************


0 sent ACK to 0 
now end server 0 ... 
 
**********************************************************************
Job 3 of 3 
**********************************************************************
 
Process 0 of 1 is on cl122 - thread support 1
initial socket setup ...start
initial socket setup ...done 
now start server 0 ... 

cmd = /usr/bin/ssh clhead /usr/local/qchem/bin/get_hostid 1156673715 > /tmp/1601980.1.medium.q/qchem6015/lic.dat

cmd = /usr/bin/ssh clhead /usr/local/qchem/bin/get_hostid 1156673715 > /tmp/1601980.1.medium.q/qchem6015/lic.dat

cmd = /usr/bin/ssh clhead /usr/local/qchem/bin/get_hostid 1156673715 > /tmp/1601980.1.medium.q/qchem6015/lic.dat

cmd = /usr/bin/ssh clhead /usr/local/qchem/bin/get_hostid 1156673715 > /tmp/1601980.1.medium.q/qchem6015/lic.dat

cmd = /usr/bin/ssh clhead /usr/local/qchem/bin/get_hostid 1156673715 > /tmp/1601980.1.medium.q/qchem6015/lic.dat
                  Welcome to Q-Chem
     A Quantum Leap Into The Future Of Chemistry

 Y. Shao, L. Fusti-Molnar, Y. Jung, J. Kussmann, C. Ochsenfeld,
 S. T. Brown, A. T. B. Gilbert, L. V. Slipchenko,S. V. Levchenko,
 D. P. O'Neill, R. A. DiStasio Jr., R. C. Lochan, T. Wang,
 G. J. O. Beran, N. A. Besley, J. M. Herbert, C. Y. Lin,
 T. Van Voorhis, S. H. Chien, A. Sodt, R. P. Steele, 
 V. A. Rassolov, P. E. Maslen, P. P. Korambath, R. D. Adamson,
 B. Austin, J. Baker, E. F. C. Byrd, H. Dachsel, R. J. Doerksen,
 A. Dreuw, B. D. Dunietz, A. D. Dutoi, T. R. Furlani,
 S. R. Gwaltney, A. Heyden, S. Hirata, C.-P. Hsu, G. Kedziora,
 R. Z. Khaliullin, P. Klunzinger, A. M. Lee, M. S. Lee, W. Liang,
 I. Lotan, N. Nair, B. Peters, E. I. Proynov, P. A. Pieniazek, 
 Y. M. Rhee, J. Ritchie, E. Rosta, C. D. Sherrill, 
 A. C. Simmonett, J. E. Subotnik, H. L. Woodcock III,
 W. Zhang, A. T. Bell, A. K. Chakraborty, D. M. Chipman,
 F. J. Keil, A. Warshel, W. J. Hehre, H. F. Schaefer III,
 J. Kong, A. I. Krylov, P. M. W. Gill, M. Head-Gordon,
 Q-Chem, Version 3.1, Q-Chem, Inc., Pittsburgh, PA (2007).

 Additional authors for Version 3.1: 
 Z. Gan, Y. Zhao, N. E. Schultz, D. Truhlar, E. Epifanovsky and M. Oana.

 Additional authors for Version 3.2: 
 R. Baer, B. R. Brooks, D. Casanova, J.-D. Chai, C.-L. Cheng, 
 C. Cramer, D. Crittenden, A. Ghysels, G. Hawkins, E. G. Hohenstein, 
 C. Kelley, W. Kurlancheek, D. Liotard, E. Livshits, P. Manohar, 
 A. Marenich, D. Neuhauser, R. Olson, M. A. Rohrdanz, K. S. Thanthiriwatte, 
 A. J. W. Thom, V. Vanovschi, C. F. Williams, Q. Wu and Z.-Q. You. 


 Intel X86 Linux Version

 Q-chem begins on Thu Mar 20 03:44:40 2014  

 Parallel job on  1  processors
Processing $rem in /usr/local/qchem/config/preferences.

theFileMan(): MAXOPENFILES=974 MAX_SUB_FILE_NUM=16
Maximum size of a physical file is 2.0 GB, maximum size of a tmp-file is 32.0 GB


--------------------------------------------------------------
User input:
--------------------------------------------------------------

$molecule
1,2
C         -0.00010        0.00000        0.01845
Si        -0.00040        0.00000        1.87168
H          1.01354        0.00000       -0.36644
H         -0.50645       -0.87766       -0.36740
H         -0.50645        0.87766       -0.36740
H         -1.38115        0.00000        2.39343
H          0.69049       -1.19616        2.39178
H          0.69049        1.19616        2.39178
$end

$comment
positive
$end

$xc_functional
C PBE   1.00
X wPBE  1.00
$end

$rem
SYMMETRY_DECOMPOSITION	0
LRC_DFT                 true
exchange 		general
BASIS                   g3large
omega			450
mem_static              760
max_scf_cycles          200
scf_final_print         1
sym_ignore              true
$end

--------------------------------------------------------------
 Writing REM_CC_EA            8
 ----------------------------------------------------
       Standard Nuclear Orientation (Angstroms)
    I     Atom         X            Y            Z
 ----------------------------------------------------
    1      C      -0.000100     0.000000     0.018450
    2      Si     -0.000400     0.000000     1.871680
    3      H       1.013540     0.000000    -0.366440
    4      H      -0.506450    -0.877660    -0.367400
    5      H      -0.506450     0.877660    -0.367400
    6      H      -1.381150     0.000000     2.393430
    7      H       0.690490    -1.196160     2.391780
    8      H       0.690490     1.196160     2.391780
 ----------------------------------------------------
 Nuclear Repulsion Energy =    63.3930539500 hartrees
 There are       13 alpha and       12 beta electrons
 Requested basis set is G3large
 There are 65 shells and 168 basis functions

Total QAlloc Memory Limit   2000 MB
Mega-Array Size       743 MB
MEM_STATIC part       760 MB

                       Distance Matrix (Angstroms)
             C (  1)   Si(  2)   H (  3)   H (  4)   H (  5)   H (  6)
   Si(  2)  1.853230
   H (  3)  1.084254  2.457083
   H (  4)  1.084231  2.457611  1.755180
   H (  5)  1.084231  2.457611  1.755180  1.755320
   H (  6)  2.747331  1.476040  3.653960  3.026148  3.026148
   H (  7)  2.745980  1.476019  3.023729  3.024431  3.653282  2.392173
   H (  8)  2.745980  1.476019  3.023729  3.653282  3.024431  2.392173
             H (  7)
   H (  8)  2.392320
 
 A cutoff of  1.0D-08 yielded   2044 shell pairs
 There are  13820 function pairs ( 17231 Cartesian)
Evaluating contribution to one-electron hamiltonian from nuclear
 Smallest overlap matrix eigenvalue = 1.32E-04
 Multipole matrices computed through 2nd order

  Scale SEOQF with 1.000000e-01/1.000000e-01/1.000000e-01

 Standard Electronic Orientation quadrupole field applied
 Nucleus-field energy     =    -0.0000000067 hartrees
 Guess from superposition of atomic densities
 Warning:  Energy on first SCF cycle will be non-variational
 Long-range K will be added via erf
 Coulomb attenuation parameter = 0.45 bohr**(-1)
 An unrestricted Kohn-Sham SCF calculation will be
 performed using Pulay DIIS extrapolation
 Exchange:  wPBE + LR-HF      Correlation:  PBE
 Using SG-1 standard quadrature grid
 SCF converges when DIIS error is below 1.0E-05
 Requested basis set is G3large
 There are 65 shells and 168 basis functions
 A cutoff of  1.0D-08 yielded   2044 shell pairs
 There are  13820 function pairs ( 17231 Cartesian)
 Warning!  Inaccurate integrated density:
   Number of electrons =    25
   Numerical integral  =    25.999988627882
   Relative error      =     3.9999545115 %
 ---------------------------------------
  Cycle       Energy         DIIS Error
 ---------------------------------------
    1    -331.3081573018      2.81E-02
    2    -330.5970719160      3.17E-03
    3    -330.6484333046      1.71E-03
    4    -330.6592697362      3.97E-04
    5    -330.6602797177      7.55E-05
    6    -330.6604210554      3.14E-05
    7    -330.6604661688      1.91E-05
    8    -330.6605002735      1.51E-05
    9    -330.6605349160      1.39E-05
   10    -330.6605556155      1.42E-05
   11    -330.6604938755      1.26E-05
   12    -330.6603720778      1.32E-05
   13    -330.6603510618      9.09E-06 Convergence criterion met
 ---------------------------------------
 One-Electron    Energy =  -575.1361870731
 Total Coulomb   Energy =   209.2325050927
 Alpha Exchange  Energy =    -2.8894520036
 Beta  Exchange  Energy =    -2.6556612652
 DFT   Exchange  Energy =   -21.7590017228
 DFT Correlation Energy =    -0.8456080332
 Nuclear Repu.   Energy =    63.3930539434
 Nuclear Attr.   Energy =  -905.2274350041
 Kinetic         Energy =   330.0912479310
 <S^2> = 0.7718
 SCF time:  CPU 129.24 s  wall 131.63 s
 Final Alpha MO Eigenvalues
            1           2           3           4           5           6
    1 -65.9227402 -10.3275619  -5.5853973  -3.9909227  -3.9813397  -3.9797302
            7           8           9          10          11          12
    1  -1.0972262  -0.9747415  -0.8280462  -0.7702335  -0.7460988  -0.7187291
           13          14          15          16          17          18
    1  -0.6858707  -0.1228531  -0.1046691  -0.1023826  -0.0986680  -0.0706666
 Final Beta MO Eigenvalues
            1           2           3           4           5           6
    1 -65.9220172 -10.3272107  -5.5845425  -3.9872736  -3.9814392  -3.9795003
            7           8           9          10          11          12
    1  -1.0893683  -0.9109507  -0.7615502  -0.7454304  -0.6910371  -0.6817483
           13          14          15          16          17
    1  -0.4403018  -0.1178683  -0.0980360  -0.0915994  -0.0809790
 Analysis of SCF Wavefunction
 
 --------------------------------------------------------------
                    Orbital Energies (a.u.)
 --------------------------------------------------------------
 
 Alpha MOs
 -- Occupied --
-65.923 -10.328  -5.585  -3.991  -3.981  -3.980  -1.097  -0.975
 -0.828  -0.770  -0.746  -0.719  -0.686
 -- Virtual --
 -0.123  -0.105  -0.102  -0.099  -0.071  -0.063  -0.059  -0.032
 -0.028  -0.025  -0.017  -0.010   0.013   0.019   0.020   0.029
  0.050   0.059   0.062   0.065   0.111   0.114   0.157   0.174
  0.179   0.198   0.225   0.230   0.280   0.309   0.312   0.318
  0.325   0.367   0.379   0.398   0.421   0.432   0.453   0.498
  0.499   0.558   0.565   0.575   0.588   0.606   0.612   0.665
  0.684   0.694   0.736   0.754   0.786   0.869   0.876   0.903
  0.928   0.956   1.020   1.024   1.042   1.067   1.127   1.172
  1.180   1.184   1.187   1.209   1.220   1.299   1.310   1.355
  1.372   1.385   1.408   1.430   1.459   1.542   1.948   2.007
  2.016   2.034   2.074   2.080   2.186   2.411   2.417   2.513
  2.609   2.683   2.857   2.877   2.944   3.004   3.014   3.134
  3.139   3.227   3.231   3.262   3.438   3.440   3.528   3.532
  3.590   3.607   3.651   3.786   3.808   3.816   3.836   3.856
  3.901   3.925   3.996   4.008   4.081   4.143   4.147   4.271
  4.281   4.293   4.346   4.356   4.472   4.518   4.968   5.595
  5.600   6.088  11.205  11.217  11.559  17.333  17.415  17.517
 17.598  17.653  21.943  21.959  21.965  21.971  21.975  21.977
 22.003  23.981  27.664  27.918  27.920  40.790  40.806  41.021
 41.065  41.113 140.888
 
 Beta MOs
 -- Occupied --
-65.922 -10.327  -5.585  -3.987  -3.981  -3.980  -1.089  -0.911
 -0.762  -0.745  -0.691  -0.682
 -- Virtual --
 -0.440  -0.118  -0.098  -0.092  -0.081  -0.067  -0.062  -0.056
 -0.025  -0.024  -0.018  -0.014  -0.008   0.014   0.022   0.025
  0.044   0.051   0.064   0.065   0.066   0.115   0.118   0.173
  0.176   0.181   0.200   0.229   0.233   0.298   0.320   0.322
  0.325   0.327   0.380   0.383   0.401   0.435   0.436   0.457
  0.501   0.501   0.561   0.574   0.578   0.591   0.616   0.619
  0.691   0.695   0.702   0.739   0.763   0.796   0.878   0.879
  0.923   0.934   0.972   1.024   1.027   1.064   1.078   1.139
  1.179   1.188   1.192   1.202   1.217   1.221   1.308   1.312
  1.372   1.379   1.387   1.421   1.436   1.460   1.544   1.966
  2.015   2.029   2.034   2.086   2.089   2.200   2.417   2.419
  2.521   2.686   2.713   2.860   2.878   2.984   3.010   3.015
  3.138   3.141   3.231   3.232   3.266   3.440   3.441   3.534
  3.536   3.591   3.646   3.664   3.820   3.834   3.835   3.911
  3.921   3.942   3.975   4.014   4.019   4.114   4.152   4.153
  4.282   4.292   4.297   4.361   4.370   4.510   4.530   4.972
  5.600   5.603   6.095  11.212  11.218  11.559  17.335  17.417
 17.518  17.599  17.655  21.944  21.960  21.966  21.971  21.976
 21.977  22.003  23.981  27.664  27.920  27.920  40.790  40.808
 41.022  41.065  41.113 140.889
 --------------------------------------------------------------
 
          Ground-State Mulliken Net Atomic Charges

     Atom                 Charge (a.u.)    Spin (a.u.)
  --------------------------------------------------------
      1 C                    -0.203504       0.019423
      2 Si                    0.393117       0.108414
      3 H                     0.152345       0.020775
      4 H                     0.156736       0.029080
      5 H                     0.144917       0.003868
      6 H                     0.122470       0.301977
      7 H                     0.055131       0.026740
      8 H                     0.178790       0.489723
  --------------------------------------------------------
  Sum of atomic charges =     1.000000
  Sum of spin   charges =     1.000000

 -----------------------------------------------------------------
                    Cartesian Multipole Moments
 -----------------------------------------------------------------
    Charge (ESU x 10^10)
                 4.8032
    Dipole Moment (Debye)
         X      -0.0887      Y       1.1012      Z       7.8324
       Tot       7.9100
    Quadrupole Moments (Debye-Ang)
        XX     -15.9712     XY       1.6817     YY     -16.1915
        XZ      -0.3017     YZ       2.9659     ZZ      -0.8772
    Octapole Moments (Debye-Ang^2)
       XXX      -1.0087    XXY       0.7812    XYY       0.7424
       YYY       2.3450    XXZ     -18.1362    XYZ       3.6829
       YYZ     -18.6206    XZZ      -0.7720    YZZ       7.0934
       ZZZ     -31.2154
    Hexadecapole Moments (Debye-Ang^3)
      XXXX     -34.4962   XXXY       2.2341   XXYY     -11.6302
      XYYY       2.6542   YYYY     -35.1977   XXXZ      -5.8620
      XXYZ       2.0056   XYYZ       5.0773   YYYZ       6.0216
      XXZZ     -44.3346   XYZZ       9.0944   YYZZ     -45.5752
      XZZZ      -2.1811   YZZZ      18.2707   ZZZZ    -228.4203
 -----------------------------------------------------------------
 Total job time:  131.84s(wall), 129.41s(cpu) 
 Thu Mar 20 03:46:52 2014

        *************************************************************
        *                                                           *
        *  Thank you very much for using Q-Chem.  Have a nice day.  *
        *                                                           *
        *************************************************************


0 sent ACK to 0 
now end server 0 ... 
