Process 0 of 1 is on cl135 - thread support 1
initial socket setup ...start
initial socket setup ...done 
now start server 0 ... 

cmd = /usr/bin/ssh clhead /usr/local/qchem/bin/get_hostid 383965330 > /tmp/1603299.1.medium.q/qchem13799/lic.dat

cmd = /usr/bin/ssh clhead /usr/local/qchem/bin/get_hostid 383965330 > /tmp/1603299.1.medium.q/qchem13799/lic.dat

cmd = /usr/bin/ssh clhead /usr/local/qchem/bin/get_hostid 383965330 > /tmp/1603299.1.medium.q/qchem13799/lic.dat

cmd = /usr/bin/ssh clhead /usr/local/qchem/bin/get_hostid 383965330 > /tmp/1603299.1.medium.q/qchem13799/lic.dat

cmd = /usr/bin/ssh clhead /usr/local/qchem/bin/get_hostid 383965330 > /tmp/1603299.1.medium.q/qchem13799/lic.dat
                  Welcome to Q-Chem
     A Quantum Leap Into The Future Of Chemistry

 Y. Shao, L. Fusti-Molnar, Y. Jung, J. Kussmann, C. Ochsenfeld,
 S. T. Brown, A. T. B. Gilbert, L. V. Slipchenko,S. V. Levchenko,
 D. P. O'Neill, R. A. DiStasio Jr., R. C. Lochan, T. Wang,
 G. J. O. Beran, N. A. Besley, J. M. Herbert, C. Y. Lin,
 T. Van Voorhis, S. H. Chien, A. Sodt, R. P. Steele, 
 V. A. Rassolov, P. E. Maslen, P. P. Korambath, R. D. Adamson,
 B. Austin, J. Baker, E. F. C. Byrd, H. Dachsel, R. J. Doerksen,
 A. Dreuw, B. D. Dunietz, A. D. Dutoi, T. R. Furlani,
 S. R. Gwaltney, A. Heyden, S. Hirata, C.-P. Hsu, G. Kedziora,
 R. Z. Khaliullin, P. Klunzinger, A. M. Lee, M. S. Lee, W. Liang,
 I. Lotan, N. Nair, B. Peters, E. I. Proynov, P. A. Pieniazek, 
 Y. M. Rhee, J. Ritchie, E. Rosta, C. D. Sherrill, 
 A. C. Simmonett, J. E. Subotnik, H. L. Woodcock III,
 W. Zhang, A. T. Bell, A. K. Chakraborty, D. M. Chipman,
 F. J. Keil, A. Warshel, W. J. Hehre, H. F. Schaefer III,
 J. Kong, A. I. Krylov, P. M. W. Gill, M. Head-Gordon,
 Q-Chem, Version 3.1, Q-Chem, Inc., Pittsburgh, PA (2007).

 Additional authors for Version 3.1: 
 Z. Gan, Y. Zhao, N. E. Schultz, D. Truhlar, E. Epifanovsky and M. Oana.

 Additional authors for Version 3.2: 
 R. Baer, B. R. Brooks, D. Casanova, J.-D. Chai, C.-L. Cheng, 
 C. Cramer, D. Crittenden, A. Ghysels, G. Hawkins, E. G. Hohenstein, 
 C. Kelley, W. Kurlancheek, D. Liotard, E. Livshits, P. Manohar, 
 A. Marenich, D. Neuhauser, R. Olson, M. A. Rohrdanz, K. S. Thanthiriwatte, 
 A. J. W. Thom, V. Vanovschi, C. F. Williams, Q. Wu and Z.-Q. You. 


 Intel X86 Linux Version

 Q-chem begins on Wed Mar 26 11:02:55 2014  

 Parallel job on  1  processors
Processing $rem in /usr/local/qchem/config/preferences.

theFileMan(): MAXOPENFILES=974 MAX_SUB_FILE_NUM=16
Maximum size of a physical file is 2.0 GB, maximum size of a tmp-file is 32.0 GB


--------------------------------------------------------------
User input:
--------------------------------------------------------------

$molecule
-1,2
C         -0.00013        0.00000        0.01487
Si        -0.00043        0.00000        1.87462
H          1.01782        0.00000       -0.37208
H         -0.50853       -0.88134       -0.37324
H         -0.50853        0.88134       -0.37324
H         -1.38712        0.00000        2.39962
H          0.69345       -1.20137        2.39767
H          0.69345        1.20137        2.39767
$end

$comment
negative
$end

$xc_functional
C PBE   1.00
X wPBE  1.00
$end

$rem
SYMMETRY_DECOMPOSITION	0
exchange 		general
LRC_DFT                 true
BASIS                   g3large
omega			370
mem_static              760
max_scf_cycles          200
scf_final_print         1
sym_ignore              true
$end

--------------------------------------------------------------
 Writing REM_CC_EA            8
 ----------------------------------------------------
       Standard Nuclear Orientation (Angstroms)
    I     Atom         X            Y            Z
 ----------------------------------------------------
    1      C      -0.000130     0.000000     0.014870
    2      Si     -0.000430     0.000000     1.874620
    3      H       1.017820     0.000000    -0.372080
    4      H      -0.508530    -0.881340    -0.373240
    5      H      -0.508530     0.881340    -0.373240
    6      H      -1.387120     0.000000     2.399620
    7      H       0.693450    -1.201370     2.397670
    8      H       0.693450     1.201370     2.397670
 ----------------------------------------------------
 Nuclear Repulsion Energy =    63.1402175305 hartrees
 There are       14 alpha and       13 beta electrons
 Requested basis set is G3large
 There are 65 shells and 168 basis functions

Total QAlloc Memory Limit   2000 MB
Mega-Array Size       743 MB
MEM_STATIC part       760 MB

                       Distance Matrix (Angstroms)
             C (  1)   Si(  2)   H (  3)   H (  4)   H (  5)   H (  6)
   Si(  2)  1.859750
   H (  3)  1.089014  2.466677
   H (  4)  1.088972  2.467347  1.762528
   H (  5)  1.088972  2.467347  1.762528  1.762680
   H (  6)  2.758763  1.482745  3.669613  3.039315  3.039315
   H (  7)  2.757187  1.482680  3.036449  3.037288  3.668839  2.402512
   H (  8)  2.757187  1.482680  3.036449  3.668839  3.037288  2.402512
             H (  7)
   H (  8)  2.402740
 
 A cutoff of  1.0D-08 yielded   2044 shell pairs
 There are  13820 function pairs ( 17231 Cartesian)
Evaluating contribution to one-electron hamiltonian from nuclear
 Smallest overlap matrix eigenvalue = 1.35E-04
 Multipole matrices computed through 2nd order

  Scale SEOQF with 1.000000e-01/1.000000e-01/1.000000e-01

 Standard Electronic Orientation quadrupole field applied
 Nucleus-field energy     =    -0.0000000067 hartrees
 Guess from superposition of atomic densities
 Warning:  Energy on first SCF cycle will be non-variational
 Long-range K will be added via erf
 Coulomb attenuation parameter = 0.37 bohr**(-1)
 An unrestricted Kohn-Sham SCF calculation will be
 performed using Pulay DIIS extrapolation
 Exchange:  wPBE + LR-HF      Correlation:  PBE
 Using SG-1 standard quadrature grid
 SCF converges when DIIS error is below 1.0E-05
 Requested basis set is G3large
 There are 65 shells and 168 basis functions
 A cutoff of  1.0D-08 yielded   2044 shell pairs
 There are  13820 function pairs ( 17231 Cartesian)
 Warning!  Inaccurate integrated density:
   Number of electrons =    27
   Numerical integral  =    25.999985127030
   Relative error      =    -3.7037587888 %
 ---------------------------------------
  Cycle       Energy         DIIS Error
 ---------------------------------------
    1    -331.2467050712      2.76E-02
    2    -330.9776049335      3.44E-03
    3    -331.0236643336      2.65E-03
    4    -331.0516707526      3.47E-04
    5    -331.0565198820      1.71E-04
    6    -331.0587507677      9.50E-05
    7    -331.0597675059      3.95E-05
    8    -331.0600405184      1.70E-05
    9    -331.0601007016      7.44E-06 Convergence criterion met
 ---------------------------------------
 One-Electron    Energy =  -584.9282928427
 Total Coulomb   Energy =   219.2555793147
 Alpha Exchange  Energy =    -2.5077025840
 Beta  Exchange  Energy =    -2.4414848238
 DFT   Exchange  Energy =   -22.6914028116
 DFT Correlation Energy =    -0.8870144780
 Nuclear Repu.   Energy =    63.1402175238
 Nuclear Attr.   Energy =  -915.3247793022
 Kinetic         Energy =   330.3964864595
 <S^2> = 0.7502
 SCF time:  CPU 91.75 s  wall 93.32 s
 Final Alpha MO Eigenvalues
            1           2           3           4           5           6
    1 -65.4576108  -9.9252874  -5.1193374  -3.5227899  -3.5227752  -3.5214225
            7           8           9          10          11          12
    1  -0.6984223  -0.5241288  -0.3889479  -0.3888644  -0.3152470  -0.3152052
           13          14          15          16          17          18
    1  -0.3016156   0.0277451   0.1481423   0.1508137   0.1508982   0.1759199
           19
    1   0.1882507
 Final Beta MO Eigenvalues
            1           2           3           4           5           6
    1 -65.4575232  -9.9246804  -5.1192372  -3.5227296  -3.5227149  -3.5211693
            7           8           9          10          11          12
    1  -0.6968833  -0.5224461  -0.3880408  -0.3879557  -0.3151234  -0.3150785
           13          14          15          16          17          18
    1  -0.3003166   0.1386797   0.1546486   0.1653813   0.1656107   0.1825673
 Analysis of SCF Wavefunction
 
 --------------------------------------------------------------
                    Orbital Energies (a.u.)
 --------------------------------------------------------------
 
 Alpha MOs
 -- Occupied --
-65.458  -9.925  -5.119  -3.523  -3.523  -3.521  -0.698  -0.524
 -0.389  -0.389  -0.315  -0.315  -0.302   0.028
 -- Virtual --
  0.148   0.151   0.151   0.176   0.188   0.188   0.200   0.200
  0.256   0.268   0.268   0.269   0.300   0.300   0.302   0.314
  0.348   0.364   0.365   0.428   0.428   0.478   0.478   0.480
  0.484   0.527   0.527   0.611   0.630   0.630   0.642   0.667
  0.711   0.711   0.725   0.763   0.764   0.772   0.812   0.812
  0.877   0.905   0.917   0.917   0.960   0.960   1.032   1.038
  1.038   1.073   1.089   1.130   1.207   1.207   1.265   1.265
  1.307   1.346   1.346   1.412   1.412   1.466   1.508   1.535
  1.535   1.540   1.550   1.550   1.636   1.636   1.705   1.705
  1.714   1.762   1.762   1.806   1.853   2.344   2.386   2.395
  2.395   2.457   2.457   2.568   2.741   2.741   2.845   3.054
  3.054   3.178   3.203   3.332   3.342   3.342   3.457   3.457
  3.557   3.557   3.600   3.772   3.773   3.888   3.890   3.912
  4.017   4.018   4.127   4.159   4.159   4.287   4.289   4.289
  4.335   4.356   4.356   4.467   4.467   4.473   4.597   4.610
  4.610   4.672   4.721   4.867   4.867   5.282   5.897   5.897
  6.449  11.585  11.585  11.923  17.709  17.793  17.890  17.972
 18.029  22.323  22.338  22.346  22.346  22.353  22.354  22.379
 24.272  27.973  28.230  28.231  41.100  41.116  41.338  41.380
 41.426 141.245
 
 Beta MOs
 -- Occupied --
-65.458  -9.925  -5.119  -3.523  -3.523  -3.521  -0.697  -0.522
 -0.388  -0.388  -0.315  -0.315  -0.300
 -- Virtual --
  0.139   0.155   0.165   0.166   0.183   0.190   0.190   0.202
  0.202   0.255   0.265   0.265   0.272   0.298   0.301   0.301
  0.317   0.348   0.365   0.365   0.429   0.429   0.475   0.478
  0.478   0.483   0.526   0.526   0.610   0.628   0.628   0.640
  0.668   0.711   0.711   0.725   0.764   0.764   0.771   0.811
  0.811   0.874   0.905   0.917   0.917   0.960   0.960   1.033
  1.038   1.038   1.074   1.090   1.130   1.207   1.207   1.265
  1.265   1.307   1.347   1.347   1.412   1.413   1.467   1.509
  1.535   1.535   1.540   1.550   1.550   1.637   1.637   1.705
  1.705   1.714   1.762   1.762   1.806   1.853   2.344   2.387
  2.396   2.396   2.457   2.458   2.569   2.741   2.741   2.845
  3.054   3.054   3.179   3.203   3.332   3.343   3.343   3.457
  3.458   3.557   3.557   3.601   3.773   3.773   3.888   3.890
  3.914   4.016   4.018   4.127   4.159   4.160   4.286   4.288
  4.288   4.335   4.356   4.356   4.467   4.468   4.473   4.597
  4.610   4.610   4.672   4.721   4.867   4.867   5.282   5.898
  5.898   6.449  11.585  11.586  11.924  17.709  17.793  17.890
 17.973  18.029  22.323  22.338  22.346  22.346  22.353  22.354
 22.379  24.272  27.973  28.231  28.231  41.101  41.116  41.338
 41.380  41.426 141.245
 --------------------------------------------------------------
 
          Ground-State Mulliken Net Atomic Charges

     Atom                 Charge (a.u.)    Spin (a.u.)
  --------------------------------------------------------
      1 C                     2.703187      -2.937986
      2 Si                    0.719671      -0.493088
      3 H                    -1.200334       1.301045
      4 H                    -1.213639       1.314877
      5 H                    -1.183785       1.283948
      6 H                    -0.274916       0.177061
      7 H                    -0.275433       0.177881
      8 H                    -0.274751       0.176262
  --------------------------------------------------------
  Sum of atomic charges =    -1.000000
  Sum of spin   charges =     1.000000

 -----------------------------------------------------------------
                    Cartesian Multipole Moments
 -----------------------------------------------------------------
    Charge (ESU x 10^10)
                -4.8032
    Dipole Moment (Debye)
         X      -0.0037      Y       0.1198      Z       1.9987
       Tot       2.0023
    Quadrupole Moments (Debye-Ang)
        XX     -49.5043     XY      -0.0817     YY     -49.4965
        XZ      -0.0023     YZ      -0.0521     ZZ     -48.1078
    Octapole Moments (Debye-Ang^2)
       XXX      -1.4195    XXY       0.4719    XYY       1.3672
       YYY       1.4157    XXZ     -19.9956    XYZ       0.0394
       YYZ     -19.9943    XZZ       0.0021    YZZ       0.4366
       ZZZ     -71.8231
    Hexadecapole Moments (Debye-Ang^3)
      XXXX    -373.4933   XXXY      -0.6410   XXYY    -124.4695
      XYYY      -0.7186   YYYY    -373.3645   XXXZ       7.3845
      XXYZ      -0.0768   XYYZ      -7.3528   YYYZ      -0.2305
      XXZZ    -180.4069   XYZZ      -0.2104   YYZZ    -180.3851
      XZZZ       0.0399   YZZZ      -0.2243   ZZZZ    -671.0622
 -----------------------------------------------------------------
 Total job time:  93.57s(wall), 91.93s(cpu) 
 Wed Mar 26 11:04:28 2014

        *************************************************************
        *                                                           *
        *  Thank you very much for using Q-Chem.  Have a nice day.  *
        *                                                           *
        *************************************************************


0 sent ACK to 0 
now end server 0 ... 
 
**********************************************************************
Job 2 of 3 
**********************************************************************
 
Process 0 of 1 is on cl135 - thread support 1
initial socket setup ...start
initial socket setup ...done 
now start server 0 ... 

cmd = /usr/bin/ssh clhead /usr/local/qchem/bin/get_hostid 945064546 > /tmp/1603299.1.medium.q/qchem13799/lic.dat

cmd = /usr/bin/ssh clhead /usr/local/qchem/bin/get_hostid 945064546 > /tmp/1603299.1.medium.q/qchem13799/lic.dat

cmd = /usr/bin/ssh clhead /usr/local/qchem/bin/get_hostid 945064546 > /tmp/1603299.1.medium.q/qchem13799/lic.dat

cmd = /usr/bin/ssh clhead /usr/local/qchem/bin/get_hostid 945064546 > /tmp/1603299.1.medium.q/qchem13799/lic.dat

cmd = /usr/bin/ssh clhead /usr/local/qchem/bin/get_hostid 945064546 > /tmp/1603299.1.medium.q/qchem13799/lic.dat
                  Welcome to Q-Chem
     A Quantum Leap Into The Future Of Chemistry

 Y. Shao, L. Fusti-Molnar, Y. Jung, J. Kussmann, C. Ochsenfeld,
 S. T. Brown, A. T. B. Gilbert, L. V. Slipchenko,S. V. Levchenko,
 D. P. O'Neill, R. A. DiStasio Jr., R. C. Lochan, T. Wang,
 G. J. O. Beran, N. A. Besley, J. M. Herbert, C. Y. Lin,
 T. Van Voorhis, S. H. Chien, A. Sodt, R. P. Steele, 
 V. A. Rassolov, P. E. Maslen, P. P. Korambath, R. D. Adamson,
 B. Austin, J. Baker, E. F. C. Byrd, H. Dachsel, R. J. Doerksen,
 A. Dreuw, B. D. Dunietz, A. D. Dutoi, T. R. Furlani,
 S. R. Gwaltney, A. Heyden, S. Hirata, C.-P. Hsu, G. Kedziora,
 R. Z. Khaliullin, P. Klunzinger, A. M. Lee, M. S. Lee, W. Liang,
 I. Lotan, N. Nair, B. Peters, E. I. Proynov, P. A. Pieniazek, 
 Y. M. Rhee, J. Ritchie, E. Rosta, C. D. Sherrill, 
 A. C. Simmonett, J. E. Subotnik, H. L. Woodcock III,
 W. Zhang, A. T. Bell, A. K. Chakraborty, D. M. Chipman,
 F. J. Keil, A. Warshel, W. J. Hehre, H. F. Schaefer III,
 J. Kong, A. I. Krylov, P. M. W. Gill, M. Head-Gordon,
 Q-Chem, Version 3.1, Q-Chem, Inc., Pittsburgh, PA (2007).

 Additional authors for Version 3.1: 
 Z. Gan, Y. Zhao, N. E. Schultz, D. Truhlar, E. Epifanovsky and M. Oana.

 Additional authors for Version 3.2: 
 R. Baer, B. R. Brooks, D. Casanova, J.-D. Chai, C.-L. Cheng, 
 C. Cramer, D. Crittenden, A. Ghysels, G. Hawkins, E. G. Hohenstein, 
 C. Kelley, W. Kurlancheek, D. Liotard, E. Livshits, P. Manohar, 
 A. Marenich, D. Neuhauser, R. Olson, M. A. Rohrdanz, K. S. Thanthiriwatte, 
 A. J. W. Thom, V. Vanovschi, C. F. Williams, Q. Wu and Z.-Q. You. 


 Intel X86 Linux Version

 Q-chem begins on Wed Mar 26 11:04:34 2014  

 Parallel job on  1  processors
Processing $rem in /usr/local/qchem/config/preferences.

theFileMan(): MAXOPENFILES=974 MAX_SUB_FILE_NUM=16
Maximum size of a physical file is 2.0 GB, maximum size of a tmp-file is 32.0 GB


--------------------------------------------------------------
User input:
--------------------------------------------------------------

$molecule
0,1
C         -0.00013        0.00000        0.01487
Si        -0.00043        0.00000        1.87462
H          1.01782        0.00000       -0.37208
H         -0.50853       -0.88134       -0.37324
H         -0.50853        0.88134       -0.37324
H         -1.38712        0.00000        2.39962
H          0.69345       -1.20137        2.39767
H          0.69345        1.20137        2.39767
$end

$comment
neutral
$end

$xc_functional
C PBE   1.00
X wPBE  1.00
$end


$rem
SYMMETRY_DECOMPOSITION	0
LRC_DFT                 true
exchange 		general
BASIS                   g3large
omega			370
mem_static              760
max_scf_cycles          200
scf_final_print         1
sym_ignore              true
$end

--------------------------------------------------------------
 Writing REM_CC_EA            8
 ----------------------------------------------------
       Standard Nuclear Orientation (Angstroms)
    I     Atom         X            Y            Z
 ----------------------------------------------------
    1      C      -0.000130     0.000000     0.014870
    2      Si     -0.000430     0.000000     1.874620
    3      H       1.017820     0.000000    -0.372080
    4      H      -0.508530    -0.881340    -0.373240
    5      H      -0.508530     0.881340    -0.373240
    6      H      -1.387120     0.000000     2.399620
    7      H       0.693450    -1.201370     2.397670
    8      H       0.693450     1.201370     2.397670
 ----------------------------------------------------
 Nuclear Repulsion Energy =    63.1402175305 hartrees
 There are       13 alpha and       13 beta electrons
 Requested basis set is G3large
 There are 65 shells and 168 basis functions

Total QAlloc Memory Limit   2000 MB
Mega-Array Size       743 MB
MEM_STATIC part       760 MB

                       Distance Matrix (Angstroms)
             C (  1)   Si(  2)   H (  3)   H (  4)   H (  5)   H (  6)
   Si(  2)  1.859750
   H (  3)  1.089014  2.466677
   H (  4)  1.088972  2.467347  1.762528
   H (  5)  1.088972  2.467347  1.762528  1.762680
   H (  6)  2.758763  1.482745  3.669613  3.039315  3.039315
   H (  7)  2.757187  1.482680  3.036449  3.037288  3.668839  2.402512
   H (  8)  2.757187  1.482680  3.036449  3.668839  3.037288  2.402512
             H (  7)
   H (  8)  2.402740
 
 A cutoff of  1.0D-08 yielded   2044 shell pairs
 There are  13820 function pairs ( 17231 Cartesian)
Evaluating contribution to one-electron hamiltonian from nuclear
 Smallest overlap matrix eigenvalue = 1.35E-04
 Multipole matrices computed through 2nd order

  Scale SEOQF with 1.000000e-01/1.000000e-01/1.000000e-01

 Standard Electronic Orientation quadrupole field applied
 Nucleus-field energy     =    -0.0000000067 hartrees
 Guess from superposition of atomic densities
 Warning:  Energy on first SCF cycle will be non-variational
 Long-range K will be added via erf
 Coulomb attenuation parameter = 0.37 bohr**(-1)
 A restricted Kohn-Sham SCF calculation will be
 performed using Pulay DIIS extrapolation
 Exchange:  wPBE + LR-HF      Correlation:  PBE
 Using SG-1 standard quadrature grid
 SCF converges when DIIS error is below 1.0E-05
 Requested basis set is G3large
 There are 65 shells and 168 basis functions
 A cutoff of  1.0D-08 yielded   2044 shell pairs
 There are  13820 function pairs ( 17231 Cartesian)
 ---------------------------------------
  Cycle       Energy         DIIS Error
 ---------------------------------------
    1    -331.2467050712      2.76E-02
    2    -331.0583560424      2.83E-03
    3    -331.0818564967      1.71E-03
    4    -331.0917166583      2.58E-04
    5    -331.0920587090      5.31E-05
    6    -331.0920780012      1.40E-05
    7    -331.0920792230      2.87E-06 Convergence criterion met
 ---------------------------------------
 One-Electron    Energy =  -581.4805349165
 Total Coulomb   Energy =   215.6999249459
 Alpha Exchange  Energy =    -2.4430252017
 Beta  Exchange  Energy =    -2.4430252017
 DFT   Exchange  Energy =   -22.6866304075
 DFT Correlation Energy =    -0.8790059654
 Nuclear Repu.   Energy =    63.1402175238
 Nuclear Attr.   Energy =  -911.8168650773
 Kinetic         Energy =   330.3363301609
 SCF time:  CPU 57.66 s  wall 59.42 s
 Final Alpha MO Eigenvalues
            1           2           3           4           5           6
    1 -65.5860011 -10.0712740  -5.2478238  -3.6510075  -3.6509964  -3.6503835
            7           8           9          10          11          12
    1  -0.8414910  -0.6522777  -0.5319669  -0.5319322  -0.4424736  -0.4424679
           13          14          15          16          17          18
    1  -0.4383127   0.0381620   0.0610150   0.0676187   0.0676313   0.0857708
 Analysis of SCF Wavefunction
 
 --------------------------------------------------------------
                    Orbital Energies (a.u.)
 --------------------------------------------------------------
 
 Alpha MOs
 -- Occupied --
-65.586 -10.071  -5.248  -3.651  -3.651  -3.650  -0.841  -0.652
 -0.532  -0.532  -0.442  -0.442  -0.438
 -- Virtual --
  0.038   0.061   0.068   0.068   0.086   0.094   0.094   0.103
  0.103   0.156   0.156   0.156   0.160   0.184   0.184   0.190
  0.203   0.233   0.236   0.236   0.301   0.301   0.356   0.361
  0.361   0.364   0.411   0.411   0.493   0.500   0.500   0.515
  0.541   0.582   0.582   0.603   0.634   0.634   0.644   0.677
  0.677   0.741   0.777   0.789   0.789   0.835   0.835   0.906
  0.915   0.915   0.941   0.947   1.000   1.072   1.072   1.135
  1.136   1.177   1.202   1.202   1.289   1.290   1.328   1.374
  1.399   1.399   1.417   1.420   1.421   1.496   1.496   1.566
  1.566   1.579   1.636   1.637   1.674   1.715   2.217   2.258
  2.263   2.263   2.328   2.328   2.442   2.598   2.598   2.702
  2.929   2.929   3.032   3.060   3.201   3.201   3.207   3.312
  3.312   3.414   3.414   3.463   3.630   3.630   3.754   3.755
  3.768   3.889   3.891   3.982   4.019   4.019   4.162   4.165
  4.165   4.211   4.226   4.226   4.325   4.325   4.345   4.451
  4.465   4.466   4.526   4.592   4.738   4.738   5.136   5.751
  5.751   6.320  11.457  11.457  11.795  17.581  17.665  17.761
 17.844  17.900  22.195  22.209  22.217  22.217  22.224  22.225
 22.251  24.126  27.827  28.085  28.085  40.955  40.970  41.192
 41.234  41.280 141.116
 --------------------------------------------------------------
 
          Ground-State Mulliken Net Atomic Charges

     Atom                 Charge (a.u.)
  ----------------------------------------
      1 C                    -0.285082
      2 Si                    0.213317
      3 H                     0.098684
      4 H                     0.098649
      5 H                     0.098594
      6 H                    -0.074632
      7 H                    -0.074736
      8 H                    -0.074794
  ----------------------------------------
  Sum of atomic charges =     0.000000

 -----------------------------------------------------------------
                    Cartesian Multipole Moments
 -----------------------------------------------------------------
    Charge (ESU x 10^10)
                 0.0000
    Dipole Moment (Debye)
         X      -0.0010      Y       0.0000      Z      -0.8205
       Tot       0.8205
    Quadrupole Moments (Debye-Ang)
        XX     -22.8807     XY       0.0000     YY     -22.8814
        XZ      -0.0021     YZ      -0.0001     ZZ     -25.1196
    Octapole Moments (Debye-Ang^2)
       XXX       1.6301    XXY      -0.0001    XYY      -1.6113
       YYY      -0.0002    XXZ     -31.5597    XYZ      -0.0003
       YYZ     -31.5631    XZZ       0.0006    YZZ      -0.0003
       ZZZ     -92.8410
    Hexadecapole Moments (Debye-Ang^3)
      XXXX     -56.1838   XXXY      -0.0001   XXYY     -18.7291
      XYYY      -0.0003   YYYY     -56.1918   XXXZ       1.1947
      XXYZ      -0.0003   XYYZ      -1.1530   YYYZ      -0.0007
      XXZZ     -80.7238   XYZZ      -0.0010   YYZZ     -80.7292
      XZZZ       0.0317   YZZZ      -0.0010   ZZZZ    -407.6547
 -----------------------------------------------------------------
 Total job time:  59.62s(wall), 57.83s(cpu) 
 Wed Mar 26 11:05:34 2014

        *************************************************************
        *                                                           *
        *  Thank you very much for using Q-Chem.  Have a nice day.  *
        *                                                           *
        *************************************************************


0 sent ACK to 0 
now end server 0 ... 
 
**********************************************************************
Job 3 of 3 
**********************************************************************
 
Process 0 of 1 is on cl135 - thread support 1
initial socket setup ...start
initial socket setup ...done 
now start server 0 ... 

cmd = /usr/bin/ssh clhead /usr/local/qchem/bin/get_hostid 201818819 > /tmp/1603299.1.medium.q/qchem13799/lic.dat

cmd = /usr/bin/ssh clhead /usr/local/qchem/bin/get_hostid 201818819 > /tmp/1603299.1.medium.q/qchem13799/lic.dat

cmd = /usr/bin/ssh clhead /usr/local/qchem/bin/get_hostid 201818819 > /tmp/1603299.1.medium.q/qchem13799/lic.dat

cmd = /usr/bin/ssh clhead /usr/local/qchem/bin/get_hostid 201818819 > /tmp/1603299.1.medium.q/qchem13799/lic.dat

cmd = /usr/bin/ssh clhead /usr/local/qchem/bin/get_hostid 201818819 > /tmp/1603299.1.medium.q/qchem13799/lic.dat
                  Welcome to Q-Chem
     A Quantum Leap Into The Future Of Chemistry

 Y. Shao, L. Fusti-Molnar, Y. Jung, J. Kussmann, C. Ochsenfeld,
 S. T. Brown, A. T. B. Gilbert, L. V. Slipchenko,S. V. Levchenko,
 D. P. O'Neill, R. A. DiStasio Jr., R. C. Lochan, T. Wang,
 G. J. O. Beran, N. A. Besley, J. M. Herbert, C. Y. Lin,
 T. Van Voorhis, S. H. Chien, A. Sodt, R. P. Steele, 
 V. A. Rassolov, P. E. Maslen, P. P. Korambath, R. D. Adamson,
 B. Austin, J. Baker, E. F. C. Byrd, H. Dachsel, R. J. Doerksen,
 A. Dreuw, B. D. Dunietz, A. D. Dutoi, T. R. Furlani,
 S. R. Gwaltney, A. Heyden, S. Hirata, C.-P. Hsu, G. Kedziora,
 R. Z. Khaliullin, P. Klunzinger, A. M. Lee, M. S. Lee, W. Liang,
 I. Lotan, N. Nair, B. Peters, E. I. Proynov, P. A. Pieniazek, 
 Y. M. Rhee, J. Ritchie, E. Rosta, C. D. Sherrill, 
 A. C. Simmonett, J. E. Subotnik, H. L. Woodcock III,
 W. Zhang, A. T. Bell, A. K. Chakraborty, D. M. Chipman,
 F. J. Keil, A. Warshel, W. J. Hehre, H. F. Schaefer III,
 J. Kong, A. I. Krylov, P. M. W. Gill, M. Head-Gordon,
 Q-Chem, Version 3.1, Q-Chem, Inc., Pittsburgh, PA (2007).

 Additional authors for Version 3.1: 
 Z. Gan, Y. Zhao, N. E. Schultz, D. Truhlar, E. Epifanovsky and M. Oana.

 Additional authors for Version 3.2: 
 R. Baer, B. R. Brooks, D. Casanova, J.-D. Chai, C.-L. Cheng, 
 C. Cramer, D. Crittenden, A. Ghysels, G. Hawkins, E. G. Hohenstein, 
 C. Kelley, W. Kurlancheek, D. Liotard, E. Livshits, P. Manohar, 
 A. Marenich, D. Neuhauser, R. Olson, M. A. Rohrdanz, K. S. Thanthiriwatte, 
 A. J. W. Thom, V. Vanovschi, C. F. Williams, Q. Wu and Z.-Q. You. 


 Intel X86 Linux Version

 Q-chem begins on Wed Mar 26 11:05:38 2014  

 Parallel job on  1  processors
Processing $rem in /usr/local/qchem/config/preferences.

theFileMan(): MAXOPENFILES=974 MAX_SUB_FILE_NUM=16
Maximum size of a physical file is 2.0 GB, maximum size of a tmp-file is 32.0 GB


--------------------------------------------------------------
User input:
--------------------------------------------------------------

$molecule
1,2
C         -0.00013        0.00000        0.01487
Si        -0.00043        0.00000        1.87462
H          1.01782        0.00000       -0.37208
H         -0.50853       -0.88134       -0.37324
H         -0.50853        0.88134       -0.37324
H         -1.38712        0.00000        2.39962
H          0.69345       -1.20137        2.39767
H          0.69345        1.20137        2.39767
$end

$comment
positive
$end

$xc_functional
C PBE   1.00
X wPBE  1.00
$end

$rem
SYMMETRY_DECOMPOSITION	0
LRC_DFT                 true
exchange 		general
BASIS                   g3large
omega			370
mem_static              760
max_scf_cycles          200
scf_final_print         1
sym_ignore              true
$end

--------------------------------------------------------------
 Writing REM_CC_EA            8
 ----------------------------------------------------
       Standard Nuclear Orientation (Angstroms)
    I     Atom         X            Y            Z
 ----------------------------------------------------
    1      C      -0.000130     0.000000     0.014870
    2      Si     -0.000430     0.000000     1.874620
    3      H       1.017820     0.000000    -0.372080
    4      H      -0.508530    -0.881340    -0.373240
    5      H      -0.508530     0.881340    -0.373240
    6      H      -1.387120     0.000000     2.399620
    7      H       0.693450    -1.201370     2.397670
    8      H       0.693450     1.201370     2.397670
 ----------------------------------------------------
 Nuclear Repulsion Energy =    63.1402175305 hartrees
 There are       13 alpha and       12 beta electrons
 Requested basis set is G3large
 There are 65 shells and 168 basis functions

Total QAlloc Memory Limit   2000 MB
Mega-Array Size       743 MB
MEM_STATIC part       760 MB

                       Distance Matrix (Angstroms)
             C (  1)   Si(  2)   H (  3)   H (  4)   H (  5)   H (  6)
   Si(  2)  1.859750
   H (  3)  1.089014  2.466677
   H (  4)  1.088972  2.467347  1.762528
   H (  5)  1.088972  2.467347  1.762528  1.762680
   H (  6)  2.758763  1.482745  3.669613  3.039315  3.039315
   H (  7)  2.757187  1.482680  3.036449  3.037288  3.668839  2.402512
   H (  8)  2.757187  1.482680  3.036449  3.668839  3.037288  2.402512
             H (  7)
   H (  8)  2.402740
 
 A cutoff of  1.0D-08 yielded   2044 shell pairs
 There are  13820 function pairs ( 17231 Cartesian)
Evaluating contribution to one-electron hamiltonian from nuclear
 Smallest overlap matrix eigenvalue = 1.35E-04
 Multipole matrices computed through 2nd order

  Scale SEOQF with 1.000000e-01/1.000000e-01/1.000000e-01

 Standard Electronic Orientation quadrupole field applied
 Nucleus-field energy     =    -0.0000000067 hartrees
 Guess from superposition of atomic densities
 Warning:  Energy on first SCF cycle will be non-variational
 Long-range K will be added via erf
 Coulomb attenuation parameter = 0.37 bohr**(-1)
 An unrestricted Kohn-Sham SCF calculation will be
 performed using Pulay DIIS extrapolation
 Exchange:  wPBE + LR-HF      Correlation:  PBE
 Using SG-1 standard quadrature grid
 SCF converges when DIIS error is below 1.0E-05
 Requested basis set is G3large
 There are 65 shells and 168 basis functions
 A cutoff of  1.0D-08 yielded   2044 shell pairs
 There are  13820 function pairs ( 17231 Cartesian)
 Warning!  Inaccurate integrated density:
   Number of electrons =    25
   Numerical integral  =    25.999985127030
   Relative error      =     3.9999405081 %
 ---------------------------------------
  Cycle       Energy         DIIS Error
 ---------------------------------------
    1    -331.2467050712      2.76E-02
    2    -330.5843434310      3.26E-03
    3    -330.6295697261      2.10E-03
    4    -330.6455839719      3.73E-04
    5    -330.6464268072      7.26E-05
    6    -330.6465277340      2.61E-05
    7    -330.6465521834      1.00E-05
    8    -330.6465650126      7.07E-06 Convergence criterion met
 ---------------------------------------
 One-Electron    Energy =  -574.6617364756
 Total Coulomb   Energy =   208.9914739209
 Alpha Exchange  Energy =    -2.4555358036
 Beta  Exchange  Energy =    -2.2544211395
 DFT   Exchange  Energy =   -22.5614240955
 DFT Correlation Energy =    -0.8451389431
 Nuclear Repu.   Energy =    63.1402175238
 Nuclear Attr.   Energy =  -904.7254224916
 Kinetic         Energy =   330.0636860161
 <S^2> = 0.7660
 SCF time:  CPU 79.83 s  wall 81.41 s
 Final Alpha MO Eigenvalues
            1           2           3           4           5           6
    1 -65.8758126 -10.2897668  -5.5371819  -3.9469860  -3.9378277  -3.9362911
            7           8           9          10          11          12
    1  -1.0656642  -0.9484926  -0.8035689  -0.7515243  -0.7313637  -0.7003512
           13          14          15          16          17          18
    1  -0.6713608  -0.1269912  -0.1091584  -0.1069527  -0.1010093  -0.0712314
 Final Beta MO Eigenvalues
            1           2           3           4           5           6
    1 -65.8750542 -10.2892006  -5.5363074  -3.9435533  -3.9377743  -3.9360260
            7           8           9          10          11          12
    1  -1.0581121  -0.8916203  -0.7441792  -0.7296843  -0.6772398  -0.6676382
           13          14          15          16          17
    1  -0.4451952  -0.1212676  -0.0997258  -0.0960086  -0.0850310
 Analysis of SCF Wavefunction
 
 --------------------------------------------------------------
                    Orbital Energies (a.u.)
 --------------------------------------------------------------
 
 Alpha MOs
 -- Occupied --
-65.876 -10.290  -5.537  -3.947  -3.938  -3.936  -1.066  -0.948
 -0.804  -0.752  -0.731  -0.700  -0.671
 -- Virtual --
 -0.127  -0.109  -0.107  -0.101  -0.071  -0.065  -0.062  -0.037
 -0.029  -0.026  -0.021  -0.012   0.011   0.017   0.018   0.023
  0.048   0.055   0.059   0.061   0.104   0.107   0.153   0.170
  0.173   0.191   0.222   0.226   0.273   0.302   0.306   0.311
  0.317   0.357   0.369   0.390   0.408   0.419   0.444   0.484
  0.486   0.545   0.555   0.564   0.571   0.594   0.600   0.650
  0.670   0.683   0.718   0.737   0.768   0.850   0.858   0.889
  0.912   0.940   1.000   1.004   1.027   1.052   1.106   1.151
  1.163   1.168   1.171   1.191   1.201   1.275   1.286   1.331
  1.350   1.362   1.383   1.406   1.439   1.513   1.925   1.983
  1.992   2.009   2.050   2.057   2.163   2.380   2.387   2.483
  2.581   2.658   2.822   2.843   2.914   2.967   2.977   3.095
  3.102   3.189   3.193   3.219   3.404   3.406   3.494   3.498
  3.553   3.574   3.619   3.749   3.765   3.770   3.807   3.819
  3.875   3.900   3.962   3.975   4.051   4.100   4.103   4.230
  4.241   4.251   4.304   4.312   4.430   4.475   4.924   5.536
  5.544   6.036  11.161  11.173  11.512  17.290  17.375  17.474
 17.555  17.610  21.903  21.920  21.926  21.931  21.936  21.937
 21.963  23.908  27.608  27.865  27.867  40.736  40.751  40.974
 41.015  41.061 140.827
 
 Beta MOs
 -- Occupied --
-65.875 -10.289  -5.536  -3.944  -3.938  -3.936  -1.058  -0.892
 -0.744  -0.730  -0.677  -0.668
 -- Virtual --
 -0.445  -0.121  -0.100  -0.096  -0.085  -0.068  -0.063  -0.058
 -0.027  -0.025  -0.023  -0.019  -0.011   0.013   0.020   0.023
  0.036   0.049   0.060   0.061   0.062   0.108   0.111   0.168
  0.172   0.176   0.193   0.226   0.229   0.290   0.313   0.315
  0.318   0.320   0.370   0.373   0.394   0.422   0.424   0.449
  0.488   0.488   0.549   0.564   0.567   0.576   0.604   0.607
  0.675   0.685   0.686   0.721   0.747   0.779   0.860   0.862
  0.909   0.918   0.957   1.004   1.007   1.050   1.063   1.120
  1.161   1.172   1.176   1.187   1.199   1.203   1.284   1.288
  1.349   1.356   1.364   1.398   1.411   1.440   1.516   1.943
  1.991   2.006   2.009   2.063   2.065   2.177   2.387   2.389
  2.493   2.659   2.684   2.826   2.845   2.952   2.974   2.978
  3.101   3.105   3.194   3.195   3.223   3.407   3.408   3.500
  3.502   3.554   3.614   3.631   3.771   3.794   3.795   3.883
  3.896   3.912   3.949   3.981   3.986   4.085   4.110   4.111
  4.243   4.250   4.255   4.318   4.331   4.469   4.487   4.929
  5.543   5.547   6.043  11.168  11.174  11.512  17.292  17.376
 17.475  17.556  17.612  21.905  21.920  21.927  21.932  21.937
 21.937  21.963  23.908  27.608  27.867  27.868  40.736  40.753
 40.975  41.016  41.062 140.828
 --------------------------------------------------------------
 
          Ground-State Mulliken Net Atomic Charges

     Atom                 Charge (a.u.)    Spin (a.u.)
  --------------------------------------------------------
      1 C                    -0.195221       0.030008
      2 Si                    0.394069       0.120868
      3 H                     0.153115       0.020398
      4 H                     0.162234       0.042229
      5 H                     0.145473       0.003065
      6 H                     0.107332       0.257523
      7 H                     0.051762       0.027223
      8 H                     0.181236       0.498687
  --------------------------------------------------------
  Sum of atomic charges =     1.000000
  Sum of spin   charges =     1.000000

 -----------------------------------------------------------------
                    Cartesian Multipole Moments
 -----------------------------------------------------------------
    Charge (ESU x 10^10)
                 4.8032
    Dipole Moment (Debye)
         X       0.0229      Y       1.1001      Z       7.6703
       Tot       7.7489
    Quadrupole Moments (Debye-Ang)
        XX     -16.2070     XY       1.6882     YY     -16.1162
        XZ       0.0884     YZ       3.1147     ZZ      -1.1345
    Octapole Moments (Debye-Ang^2)
       XXX      -0.7080    XXY       0.7942    XYY       0.7938
       YYY       2.3923    XXZ     -18.7215    XYZ       3.6551
       YYZ     -18.5206    XZZ       0.2062    YZZ       7.5024
       ZZZ     -31.8532
    Hexadecapole Moments (Debye-Ang^3)
      XXXX     -35.5938   XXXY       2.2577   XXYY     -11.7986
      XYYY       2.6988   YYYY     -35.3595   XXXZ      -5.0936
      XXYZ       2.1065   XYYZ       5.3419   YYYZ       6.3404
      XXZZ     -45.8756   XYZZ       9.1207   YYZZ     -45.3581
      XZZZ       0.5448   YZZZ      19.6341   ZZZZ    -231.3445
 -----------------------------------------------------------------
 Total job time:  81.63s(wall), 80.01s(cpu) 
 Wed Mar 26 11:07:00 2014

        *************************************************************
        *                                                           *
        *  Thank you very much for using Q-Chem.  Have a nice day.  *
        *                                                           *
        *************************************************************


0 sent ACK to 0 
now end server 0 ... 
