Process 0 of 1 is on cl161.stfx.acenet.ca - thread support 1
initial socket setup ...start
initial socket setup ...done 
now start server 0 ... 

cmd = /usr/bin/ssh clhead /usr/local/qchem/bin/get_hostid 28466419 > /scratch/tmp/6027739.1.medium.q/qchem24162/lic.dat
                  Welcome to Q-Chem
     A Quantum Leap Into The Future Of Chemistry

 Y. Shao, L. Fusti-Molnar, Y. Jung, J. Kussmann, C. Ochsenfeld,
 S. T. Brown, A. T. B. Gilbert, L. V. Slipchenko,S. V. Levchenko,
 D. P. O'Neill, R. A. DiStasio Jr., R. C. Lochan, T. Wang,
 G. J. O. Beran, N. A. Besley, J. M. Herbert, C. Y. Lin,
 T. Van Voorhis, S. H. Chien, A. Sodt, R. P. Steele, 
 V. A. Rassolov, P. E. Maslen, P. P. Korambath, R. D. Adamson,
 B. Austin, J. Baker, E. F. C. Byrd, H. Dachsel, R. J. Doerksen,
 A. Dreuw, B. D. Dunietz, A. D. Dutoi, T. R. Furlani,
 S. R. Gwaltney, A. Heyden, S. Hirata, C.-P. Hsu, G. Kedziora,
 R. Z. Khaliullin, P. Klunzinger, A. M. Lee, M. S. Lee, W. Liang,
 I. Lotan, N. Nair, B. Peters, E. I. Proynov, P. A. Pieniazek, 
 Y. M. Rhee, J. Ritchie, E. Rosta, C. D. Sherrill, 
 A. C. Simmonett, J. E. Subotnik, H. L. Woodcock III,
 W. Zhang, A. T. Bell, A. K. Chakraborty, D. M. Chipman,
 F. J. Keil, A. Warshel, W. J. Hehre, H. F. Schaefer III,
 J. Kong, A. I. Krylov, P. M. W. Gill, M. Head-Gordon,
 Q-Chem, Version 3.1, Q-Chem, Inc., Pittsburgh, PA (2007).

 Additional authors for Version 3.1: 
 Z. Gan, Y. Zhao, N. E. Schultz, D. Truhlar, E. Epifanovsky and M. Oana.

 Additional authors for Version 3.2: 
 R. Baer, B. R. Brooks, D. Casanova, J.-D. Chai, C.-L. Cheng, 
 C. Cramer, D. Crittenden, A. Ghysels, G. Hawkins, E. G. Hohenstein, 
 C. Kelley, W. Kurlancheek, D. Liotard, E. Livshits, P. Manohar, 
 A. Marenich, D. Neuhauser, R. Olson, M. A. Rohrdanz, K. S. Thanthiriwatte, 
 A. J. W. Thom, V. Vanovschi, C. F. Williams, Q. Wu and Z.-Q. You. 


 Intel X86 Linux Version

 Q-chem begins on Mon Jun  3 17:03:52 2013  

 Parallel job on  1  processors
Processing $rem in /usr/local/qchem/config/preferences.

theFileMan(): MAXOPENFILES=974 MAX_SUB_FILE_NUM=16
Maximum size of a physical file is 2.0 GB, maximum size of a tmp-file is 32.0 GB


--------------------------------------------------------------
User input:
--------------------------------------------------------------

$molecule
-1,2
O
C1,O,r1
H1,C1,r2,O,a1
H,O,roh,C1,aoh,H1,toh,0
C2,C1,r3a,O,a2a,H1,t1a,0
C3,C1,r3b,O,a2b,H1,-t1b,0
H,C2,r4a,C1,a4a,H1,t2a,0
H,C3,r5a,C1,a5a,H1,-t2b,0
H,C2,r4b,C1,a4b,H1,t3a,0
H,C3,r5b,C1,a5b,H1,-t3b,0
H,C2,r4c,C1,a4c,H1,-t4a,0
H,C3,r5c,C1,a5c,H1,t4b,0

r1=1.43111827
r2=1.9557364
roh=2.07916264
r3a=1.52393712
r3b=1.53017411
r4a=1.09587708
r5a=1.09583825
r4b=1.09448657
r5b=1.09801539
r4c=1.0954512
r5c=1.0964078
a1=28.22171182
aoh=30.02045037
a2a=106.21524706
a2b=111.13113306
a4a=110.2041443
a5a=110.24366741
a4b=110.29321839
a5b=111.03931704
a4c=110.82961388
a5c=111.23833611
toh=-62.32359188
t1a=179.44473237
t1b=57.80032287
t2a=63.0172795
t2b=83.272013
t3a=-56.37337218
t3b=-36.4963859
t4a=176.72748761
t4b=156.21533884

$end

$comment
negative
$end

$xc_functional
C PBE   1.00
X wPBE  1.00
$end

$rem
SYMMETRY_DECOMPOSITION	0
exchange 		general
LRC_DFT                 true
BASIS                   g3large
omega			950
mem_static              760
max_scf_cycles          200
scf_final_print         1
sym_ignore              true
$end

--------------------------------------------------------------
 Writing REM_CC_EA           12
 ----------------------------------------------------
       Standard Nuclear Orientation (Angstroms)
    I     Atom         X            Y            Z
 ----------------------------------------------------
    1      O       0.000000     0.000000     0.000000
    2      C       0.000000     0.000000     1.431118
    3      H       0.924838     0.000000    -0.292129
    4      H       0.483161     0.921207     1.800236
    5      C      -1.463245     0.014181     1.856673
    6      C       0.760558    -1.207760     1.982752
    7      H      -1.967442    -0.894454     1.508657
    8      H       0.298586    -2.138301     1.634130
    9      H      -1.976608     0.877600     1.422084
   10      H       1.806714    -1.200668     1.649367
   11      H      -1.551233     0.066921     2.947310
   12      H       0.763328    -1.208441     3.079156
 ----------------------------------------------------
 Nuclear Repulsion Energy =   134.3979926221 hartrees
 There are       18 alpha and       17 beta electrons
 Requested basis set is G3large
 There are 88 shells and 248 basis functions

Total QAlloc Memory Limit   2000 MB
Mega-Array Size       743 MB
MEM_STATIC part       760 MB

                       Distance Matrix (Angstroms)
             O (  1)   C (  2)   H (  3)   H (  4)   C (  5)   C (  6)
   C (  2)  1.431118
   H (  3)  0.969878  1.955736
   H (  4)  2.079163  1.103773  2.328453
   C (  5)  2.364005  1.523937  3.212552  2.148110
   C (  6)  2.443039  1.530174  2.580844  2.154707  2.540539
   H (  7)  2.635701  2.162611  3.522521  3.063836  1.095877  2.786558
   H (  8)  2.707742  2.168571  2.945335  3.069568  2.790476  1.095838
   H (  9)  2.588336  2.162693  3.482398  2.489048  1.094487  3.486424
   H ( 10)  2.725111  2.180241  2.447185  2.505376  3.494491  1.098015
   H ( 11)  3.331282  2.170171  4.077912  2.486833  1.095451  2.810617
   H ( 12)  3.394731  2.181519  3.584965  2.499906  2.819024  1.096408
             H (  7)   H (  8)   H (  9)   H ( 10)   H ( 11)
   H (  8)  2.588007
   H (  9)  1.774192  3.783799
   H ( 10)  3.789170  1.775904  4.322543
   H ( 11)  1.779661  3.163745  1.778892  3.816706
   H ( 12)  3.165779  1.780091  3.821610  1.770031  2.645964
 
 A cutoff of  1.0D-08 yielded   3639 shell pairs
 There are  28920 function pairs ( 34904 Cartesian)
Evaluating contribution to one-electron hamiltonian from nuclear
 Smallest overlap matrix eigenvalue = 4.89E-05

 Q-Chem warning in module mkSTV.C, line 194:

 Overlap eigenvalue is smaller than square root of threshold

 Multipole matrices computed through 2nd order

  Scale SEOQF with 1.000000e-01/1.000000e-01/1.000000e-01

 Standard Electronic Orientation quadrupole field applied
 Nucleus-field energy     =    -0.0000000069 hartrees
 Guess from superposition of atomic densities
 Warning:  Energy on first SCF cycle will be non-variational
 Long-range K will be added via erf
 Coulomb attenuation parameter = 0.95 bohr**(-1)
 An unrestricted Kohn-Sham SCF calculation will be
 performed using Pulay DIIS extrapolation
 Exchange:  wPBE + LR-HF      Correlation:  PBE
 Using SG-1 standard quadrature grid
 SCF converges when DIIS error is below 1.0E-05
 Requested basis set is G3large
 There are 88 shells and 248 basis functions
 A cutoff of  1.0D-08 yielded   3639 shell pairs
 There are  28920 function pairs ( 34904 Cartesian)
 Warning!  Inaccurate integrated density:
   Number of electrons =    35
   Numerical integral  =    34.000227111547
   Relative error      =    -2.8564939670 %
 ---------------------------------------
  Cycle       Energy         DIIS Error
 ---------------------------------------
    1    -195.3631187010      2.84E-02
    2    -194.1375420597      3.69E-03
    3    -194.2441730565      2.25E-03
    4    -194.2751752848      5.12E-04
    5    -194.2796009164      1.76E-04
    6    -194.2805576261      5.78E-05
    7    -194.2809100598      2.83E-05
    8    -194.2811329862      2.01E-05
    9    -194.2813002438      1.41E-05
   10    -194.2814221297      6.76E-06 Convergence criterion met
 ---------------------------------------
 One-Electron    Energy =  -533.4951558615
 Total Coulomb   Energy =   232.7014552353
 Alpha Exchange  Energy =    -6.2318132516
 Beta  Exchange  Energy =    -6.1551978320
 DFT   Exchange  Energy =   -14.3814723193
 DFT Correlation Energy =    -1.1172307159
 Nuclear Repu.   Energy =   134.3979926152
 Nuclear Attr.   Energy =  -726.7484356635
 Kinetic         Energy =   193.2532798020
 <S^2> = 0.7501
 SCF time:  CPU 271.38 s  wall 272.07 s
 Final Alpha MO Eigenvalues
            1           2           3           4           5           6
    1 -19.0960505 -10.3177606 -10.2599526 -10.2448124  -1.1870534  -0.9161682
            7           8           9          10          11          12
    1  -0.8202731  -0.6841993  -0.5844192  -0.5189050  -0.4950270  -0.4389981
           13          14          15          16          17          18
    1  -0.4362732  -0.4209595  -0.4014889  -0.3652409  -0.3226604   0.0269373
           19          20          21          22          23
    1   0.1314996   0.1402676   0.1439866   0.1689926   0.1757469
 Final Beta MO Eigenvalues
            1           2           3           4           5           6
    1 -19.0958509 -10.3175350 -10.2598996 -10.2443865  -1.1861554  -0.9152192
            7           8           9          10          11          12
    1  -0.8189451  -0.6827901  -0.5829325  -0.5174271  -0.4946992  -0.4386994
           13          14          15          16          17          18
    1  -0.4360840  -0.4206494  -0.4009746  -0.3646687  -0.3218496   0.1321905
           19          20          21          22
    1   0.1498616   0.1539162   0.1578839   0.1736697
 Analysis of SCF Wavefunction
 
 --------------------------------------------------------------
                    Orbital Energies (a.u.)
 --------------------------------------------------------------
 
 Alpha MOs
 -- Occupied --
-19.096 -10.318 -10.260 -10.245  -1.187  -0.916  -0.820  -0.684
 -0.584  -0.519  -0.495  -0.439  -0.436  -0.421  -0.401  -0.365
 -0.323   0.027
 -- Virtual --
  0.131   0.140   0.144   0.169   0.176   0.179   0.188   0.238
  0.244   0.267   0.277   0.278   0.282   0.284   0.298   0.304
  0.307   0.328   0.344   0.378   0.396   0.413   0.420   0.435
  0.441   0.468   0.482   0.485   0.497   0.503   0.521   0.551
  0.569   0.590   0.645   0.664   0.698   0.722   0.736   0.743
  0.788   0.810   0.817   0.828   0.829   0.839   0.851   0.881
  0.890   0.906   0.913   0.935   0.947   0.974   1.014   1.063
  1.079   1.130   1.135   1.179   1.208   1.230   1.250   1.274
  1.313   1.346   1.358   1.389   1.410   1.426   1.447   1.465
  1.478   1.506   1.519   1.558   1.583   1.596   1.610   1.623
  1.632   1.649   1.672   1.702   1.748   1.760   1.774   1.792
  1.804   1.846   1.854   1.888   1.907   1.917   1.959   1.962
  2.104   2.212   2.388   2.422   2.630   2.682   2.749   2.871
  2.896   2.936   2.939   3.009   3.055   3.078   3.172   3.195
  3.213   3.240   3.288   3.310   3.316   3.354   3.388   3.479
  3.498   3.531   3.537   3.571   3.601   3.661   3.694   3.705
  3.715   3.738   3.789   3.818   3.900   3.922   3.928   3.954
  3.973   4.024   4.066   4.082   4.122   4.148   4.188   4.208
  4.246   4.282   4.362   4.364   4.379   4.391   4.426   4.493
  4.528   4.573   4.581   4.598   4.607   4.627   4.671   4.698
  4.713   4.722   4.808   4.830   4.866   4.935   4.959   4.992
  4.999   5.042   5.104   5.225   5.496   5.586   5.634   5.691
  5.775   5.801   5.894   5.939   5.980   6.035   6.056   6.080
  6.100   6.254   6.338   6.857   7.432   7.582   7.669   7.715
  8.002   8.118  24.548  24.656  24.759  27.989  28.161  28.465
 28.504  28.534  28.555  28.570  28.754  28.862  41.350  41.401
 41.414  41.419  41.451  41.455  41.547  41.576  41.591  41.606
 41.609  41.634  41.638  41.675  41.708  44.274  44.304  44.347
 44.389  44.457  46.140  46.454  46.827  50.356
 
 Beta MOs
 -- Occupied --
-19.096 -10.318 -10.260 -10.244  -1.186  -0.915  -0.819  -0.683
 -0.583  -0.517  -0.495  -0.439  -0.436  -0.421  -0.401  -0.365
 -0.322
 -- Virtual --
  0.132   0.150   0.154   0.158   0.174   0.183   0.186   0.194
  0.238   0.244   0.264   0.276   0.277   0.281   0.286   0.298
  0.306   0.309   0.327   0.344   0.379   0.395   0.413   0.420
  0.434   0.440   0.466   0.481   0.484   0.495   0.502   0.518
  0.549   0.566   0.588   0.644   0.663   0.697   0.721   0.735
  0.742   0.786   0.809   0.816   0.827   0.828   0.836   0.851
  0.879   0.889   0.904   0.912   0.935   0.945   0.974   1.014
  1.063   1.079   1.130   1.135   1.179   1.208   1.230   1.249
  1.274   1.313   1.346   1.358   1.389   1.410   1.426   1.446
  1.465   1.478   1.506   1.519   1.558   1.583   1.596   1.610
  1.623   1.632   1.649   1.672   1.702   1.748   1.760   1.774
  1.792   1.804   1.846   1.854   1.888   1.907   1.916   1.958
  1.961   2.104   2.212   2.388   2.422   2.631   2.682   2.749
  2.871   2.896   2.936   2.939   3.009   3.055   3.078   3.172
  3.195   3.213   3.240   3.288   3.310   3.317   3.355   3.388
  3.479   3.499   3.532   3.538   3.571   3.601   3.661   3.694
  3.705   3.715   3.739   3.789   3.818   3.900   3.922   3.929
  3.955   3.974   4.024   4.066   4.082   4.122   4.148   4.188
  4.208   4.247   4.283   4.362   4.364   4.379   4.392   4.426
  4.494   4.528   4.573   4.581   4.598   4.607   4.627   4.671
  4.698   4.714   4.722   4.808   4.830   4.866   4.936   4.959
  4.992   4.999   5.042   5.104   5.226   5.496   5.586   5.635
  5.691   5.775   5.801   5.894   5.940   5.980   6.035   6.056
  6.081   6.100   6.254   6.338   6.857   7.433   7.582   7.669
  7.715   8.002   8.119  24.548  24.656  24.759  27.990  28.161
 28.465  28.505  28.534  28.555  28.570  28.754  28.862  41.350
 41.401  41.414  41.419  41.451  41.455  41.547  41.577  41.591
 41.606  41.609  41.634  41.638  41.675  41.708  44.275  44.304
 44.347  44.389  44.457  46.140  46.454  46.828  50.356
 --------------------------------------------------------------
 
          Ground-State Mulliken Net Atomic Charges

     Atom                 Charge (a.u.)    Spin (a.u.)
  --------------------------------------------------------
      1 O                    -0.412693       0.068508
      2 C                     0.111316      -0.053542
      3 H                    -0.178198       0.457914
      4 H                    -0.873607       0.954487
      5 C                     0.474662      -0.747407
      6 C                     2.150540      -2.409692
      7 H                     0.068613       0.007351
      8 H                    -0.208652       0.287409
      9 H                    -0.084718       0.168534
     10 H                    -1.602879       1.693313
     11 H                    -0.074702       0.140515
     12 H                    -0.369683       0.432608
  --------------------------------------------------------
  Sum of atomic charges =    -1.000000
  Sum of spin   charges =     1.000000

 -----------------------------------------------------------------
                    Cartesian Multipole Moments
 -----------------------------------------------------------------
    Charge (ESU x 10^10)
                -4.8032
    Dipole Moment (Debye)
         X      -7.9762      Y       0.7482      Z      -6.3492
       Tot      10.2222
    Quadrupole Moments (Debye-Ang)
        XX     -65.8230     XY       4.6311     YY     -49.7555
        XZ     -12.1994     YZ       0.4343     ZZ     -62.7248
    Octapole Moments (Debye-Ang^2)
       XXX    -122.2361    XXY      27.1047    XYY     -33.9050
       YYY      40.6297    XXZ     -95.4947    XYZ       5.5090
       YYZ     -76.0681    XZZ     -48.1481    YZZ      15.7193
       ZZZ    -252.5104
    Hexadecapole Moments (Debye-Ang^3)
      XXXX    -854.0679   XXXY     121.2266   XXYY    -208.3883
      XYYY      77.5636   YYYY    -408.5491   XXXZ    -150.9867
      XXYZ      41.6065   XYYZ     -43.4679   YYYZ      72.6012
      XXZZ    -347.4596   XYZZ      33.0849   YYZZ    -267.1276
      XZZZ    -143.8100   YZZZ      84.9133   ZZZZ   -1216.0493
 -----------------------------------------------------------------
 Total job time:  272.43s(wall), 271.70s(cpu) 
 Mon Jun  3 17:08:24 2013

        *************************************************************
        *                                                           *
        *  Thank you very much for using Q-Chem.  Have a nice day.  *
        *                                                           *
        *************************************************************


0 sent ACK to 0 
now end server 0 ... 
 
**********************************************************************
Job 2 of 3 
**********************************************************************
 
Process 0 of 1 is on cl161.stfx.acenet.ca - thread support 1
initial socket setup ...start
initial socket setup ...done 
now start server 0 ... 

cmd = /usr/bin/ssh clhead /usr/local/qchem/bin/get_hostid 604559606 > /scratch/tmp/6027739.1.medium.q/qchem24162/lic.dat
                  Welcome to Q-Chem
     A Quantum Leap Into The Future Of Chemistry

 Y. Shao, L. Fusti-Molnar, Y. Jung, J. Kussmann, C. Ochsenfeld,
 S. T. Brown, A. T. B. Gilbert, L. V. Slipchenko,S. V. Levchenko,
 D. P. O'Neill, R. A. DiStasio Jr., R. C. Lochan, T. Wang,
 G. J. O. Beran, N. A. Besley, J. M. Herbert, C. Y. Lin,
 T. Van Voorhis, S. H. Chien, A. Sodt, R. P. Steele, 
 V. A. Rassolov, P. E. Maslen, P. P. Korambath, R. D. Adamson,
 B. Austin, J. Baker, E. F. C. Byrd, H. Dachsel, R. J. Doerksen,
 A. Dreuw, B. D. Dunietz, A. D. Dutoi, T. R. Furlani,
 S. R. Gwaltney, A. Heyden, S. Hirata, C.-P. Hsu, G. Kedziora,
 R. Z. Khaliullin, P. Klunzinger, A. M. Lee, M. S. Lee, W. Liang,
 I. Lotan, N. Nair, B. Peters, E. I. Proynov, P. A. Pieniazek, 
 Y. M. Rhee, J. Ritchie, E. Rosta, C. D. Sherrill, 
 A. C. Simmonett, J. E. Subotnik, H. L. Woodcock III,
 W. Zhang, A. T. Bell, A. K. Chakraborty, D. M. Chipman,
 F. J. Keil, A. Warshel, W. J. Hehre, H. F. Schaefer III,
 J. Kong, A. I. Krylov, P. M. W. Gill, M. Head-Gordon,
 Q-Chem, Version 3.1, Q-Chem, Inc., Pittsburgh, PA (2007).

 Additional authors for Version 3.1: 
 Z. Gan, Y. Zhao, N. E. Schultz, D. Truhlar, E. Epifanovsky and M. Oana.

 Additional authors for Version 3.2: 
 R. Baer, B. R. Brooks, D. Casanova, J.-D. Chai, C.-L. Cheng, 
 C. Cramer, D. Crittenden, A. Ghysels, G. Hawkins, E. G. Hohenstein, 
 C. Kelley, W. Kurlancheek, D. Liotard, E. Livshits, P. Manohar, 
 A. Marenich, D. Neuhauser, R. Olson, M. A. Rohrdanz, K. S. Thanthiriwatte, 
 A. J. W. Thom, V. Vanovschi, C. F. Williams, Q. Wu and Z.-Q. You. 


 Intel X86 Linux Version

 Q-chem begins on Mon Jun  3 17:08:27 2013  

 Parallel job on  1  processors
Processing $rem in /usr/local/qchem/config/preferences.

theFileMan(): MAXOPENFILES=974 MAX_SUB_FILE_NUM=16
Maximum size of a physical file is 2.0 GB, maximum size of a tmp-file is 32.0 GB


--------------------------------------------------------------
User input:
--------------------------------------------------------------

$molecule
0,1
O
C1,O,r1
H1,C1,r2,O,a1
H,O,roh,C1,aoh,H1,toh,0
C2,C1,r3a,O,a2a,H1,t1a,0
C3,C1,r3b,O,a2b,H1,-t1b,0
H,C2,r4a,C1,a4a,H1,t2a,0
H,C3,r5a,C1,a5a,H1,-t2b,0
H,C2,r4b,C1,a4b,H1,t3a,0
H,C3,r5b,C1,a5b,H1,-t3b,0
H,C2,r4c,C1,a4c,H1,-t4a,0
H,C3,r5c,C1,a5c,H1,t4b,0

r1=1.43111827
r2=1.9557364
roh=2.07916264
r3a=1.52393712
r3b=1.53017411
r4a=1.09587708
r5a=1.09583825
r4b=1.09448657
r5b=1.09801539
r4c=1.0954512
r5c=1.0964078
a1=28.22171182
aoh=30.02045037
a2a=106.21524706
a2b=111.13113306
a4a=110.2041443
a5a=110.24366741
a4b=110.29321839
a5b=111.03931704
a4c=110.82961388
a5c=111.23833611
toh=-62.32359188
t1a=179.44473237
t1b=57.80032287
t2a=63.0172795
t2b=83.272013
t3a=-56.37337218
t3b=-36.4963859
t4a=176.72748761
t4b=156.21533884

$end

$comment
neutral
$end

$xc_functional
C PBE   1.00
X wPBE  1.00
$end


$rem
SYMMETRY_DECOMPOSITION	0
LRC_DFT                 true
exchange 		general
BASIS                   g3large
omega			950
mem_static              760
max_scf_cycles          200
scf_final_print         1
sym_ignore              true
$end

--------------------------------------------------------------
 Writing REM_CC_EA           12
 ----------------------------------------------------
       Standard Nuclear Orientation (Angstroms)
    I     Atom         X            Y            Z
 ----------------------------------------------------
    1      O       0.000000     0.000000     0.000000
    2      C       0.000000     0.000000     1.431118
    3      H       0.924838     0.000000    -0.292129
    4      H       0.483161     0.921207     1.800236
    5      C      -1.463245     0.014181     1.856673
    6      C       0.760558    -1.207760     1.982752
    7      H      -1.967442    -0.894454     1.508657
    8      H       0.298586    -2.138301     1.634130
    9      H      -1.976608     0.877600     1.422084
   10      H       1.806714    -1.200668     1.649367
   11      H      -1.551233     0.066921     2.947310
   12      H       0.763328    -1.208441     3.079156
 ----------------------------------------------------
 Nuclear Repulsion Energy =   134.3979926221 hartrees
 There are       17 alpha and       17 beta electrons
 Requested basis set is G3large
 There are 88 shells and 248 basis functions

Total QAlloc Memory Limit   2000 MB
Mega-Array Size       743 MB
MEM_STATIC part       760 MB

                       Distance Matrix (Angstroms)
             O (  1)   C (  2)   H (  3)   H (  4)   C (  5)   C (  6)
   C (  2)  1.431118
   H (  3)  0.969878  1.955736
   H (  4)  2.079163  1.103773  2.328453
   C (  5)  2.364005  1.523937  3.212552  2.148110
   C (  6)  2.443039  1.530174  2.580844  2.154707  2.540539
   H (  7)  2.635701  2.162611  3.522521  3.063836  1.095877  2.786558
   H (  8)  2.707742  2.168571  2.945335  3.069568  2.790476  1.095838
   H (  9)  2.588336  2.162693  3.482398  2.489048  1.094487  3.486424
   H ( 10)  2.725111  2.180241  2.447185  2.505376  3.494491  1.098015
   H ( 11)  3.331282  2.170171  4.077912  2.486833  1.095451  2.810617
   H ( 12)  3.394731  2.181519  3.584965  2.499906  2.819024  1.096408
             H (  7)   H (  8)   H (  9)   H ( 10)   H ( 11)
   H (  8)  2.588007
   H (  9)  1.774192  3.783799
   H ( 10)  3.789170  1.775904  4.322543
   H ( 11)  1.779661  3.163745  1.778892  3.816706
   H ( 12)  3.165779  1.780091  3.821610  1.770031  2.645964
 
 A cutoff of  1.0D-08 yielded   3639 shell pairs
 There are  28920 function pairs ( 34904 Cartesian)
Evaluating contribution to one-electron hamiltonian from nuclear
 Smallest overlap matrix eigenvalue = 4.89E-05

 Q-Chem warning in module mkSTV.C, line 194:

 Overlap eigenvalue is smaller than square root of threshold

 Multipole matrices computed through 2nd order

  Scale SEOQF with 1.000000e-01/1.000000e-01/1.000000e-01

 Standard Electronic Orientation quadrupole field applied
 Nucleus-field energy     =    -0.0000000069 hartrees
 Guess from superposition of atomic densities
 Warning:  Energy on first SCF cycle will be non-variational
 Long-range K will be added via erf
 Coulomb attenuation parameter = 0.95 bohr**(-1)
 A restricted Kohn-Sham SCF calculation will be
 performed using Pulay DIIS extrapolation
 Exchange:  wPBE + LR-HF      Correlation:  PBE
 Using SG-1 standard quadrature grid
 SCF converges when DIIS error is below 1.0E-05
 Requested basis set is G3large
 There are 88 shells and 248 basis functions
 A cutoff of  1.0D-08 yielded   3639 shell pairs
 There are  28920 function pairs ( 34904 Cartesian)
 ---------------------------------------
  Cycle       Energy         DIIS Error
 ---------------------------------------
    1    -195.3631187010      2.84E-02
    2    -194.2038702473      3.54E-03
    3    -194.2903375555      1.94E-03
    4    -194.3105252369      5.21E-04
    5    -194.3127564347      1.39E-04
    6    -194.3129742448      3.75E-05
    7    -194.3129892812      9.22E-06 Convergence criterion met
 ---------------------------------------
 One-Electron    Energy =  -529.1169330845
 Total Coulomb   Energy =   228.2127761535
 Alpha Exchange  Energy =    -6.1588263709
 Beta  Exchange  Energy =    -6.1588263709
 DFT   Exchange  Energy =   -14.3793210996
 DFT Correlation Energy =    -1.1098511241
 Nuclear Repu.   Energy =   134.3979926152
 Nuclear Attr.   Energy =  -722.3111235847
 Kinetic         Energy =   193.1941905002
 SCF time:  CPU 146.12 s  wall 146.76 s
 Final Alpha MO Eigenvalues
            1           2           3           4           5           6
    1 -19.2296247 -10.4503884 -10.3843042 -10.3766894  -1.3199503  -1.0447790
            7           8           9          10          11          12
    1  -0.9483091  -0.8129193  -0.7155569  -0.6480924  -0.6269251  -0.5690346
           13          14          15          16          17          18
    1  -0.5562171  -0.5499920  -0.5320367  -0.4953189  -0.4550251   0.0382951
           19          20          21          22
    1   0.0553832   0.0579941   0.0630672   0.0833900
 Analysis of SCF Wavefunction
 
 --------------------------------------------------------------
                    Orbital Energies (a.u.)
 --------------------------------------------------------------
 
 Alpha MOs
 -- Occupied --
-19.230 -10.450 -10.384 -10.377  -1.320  -1.045  -0.948  -0.813
 -0.716  -0.648  -0.627  -0.569  -0.556  -0.550  -0.532  -0.495
 -0.455
 -- Virtual --
  0.038   0.055   0.058   0.063   0.083   0.086   0.093   0.098
  0.136   0.145   0.163   0.171   0.175   0.177   0.183   0.191
  0.199   0.203   0.227   0.235   0.265   0.278   0.292   0.301
  0.317   0.322   0.345   0.362   0.366   0.379   0.387   0.407
  0.429   0.449   0.471   0.525   0.544   0.574   0.594   0.614
  0.623   0.665   0.686   0.697   0.702   0.707   0.709   0.725
  0.751   0.765   0.776   0.786   0.817   0.822   0.844   0.889
  0.935   0.951   1.003   1.006   1.050   1.080   1.103   1.122
  1.144   1.186   1.221   1.232   1.260   1.282   1.302   1.318
  1.336   1.354   1.378   1.393   1.436   1.453   1.468   1.481
  1.498   1.504   1.522   1.541   1.571   1.620   1.635   1.645
  1.662   1.681   1.717   1.729   1.761   1.781   1.788   1.827
  1.833   1.976   2.079   2.257   2.291   2.500   2.550   2.623
  2.739   2.764   2.809   2.814   2.877   2.930   2.948   3.043
  3.065   3.083   3.109   3.163   3.180   3.187   3.225   3.260
  3.352   3.366   3.408   3.409   3.441   3.471   3.535   3.565
  3.573   3.590   3.608   3.660   3.688   3.772   3.789   3.805
  3.829   3.842   3.894   3.935   3.950   3.991   4.014   4.056
  4.082   4.117   4.153   4.227   4.235   4.251   4.265   4.300
  4.364   4.396   4.442   4.450   4.472   4.481   4.498   4.539
  4.567   4.585   4.590   4.683   4.696   4.739   4.805   4.835
  4.855   4.875   4.911   4.975   5.096   5.365   5.455   5.503
  5.559   5.648   5.669   5.762   5.808   5.847   5.903   5.934
  5.952   5.971   6.122   6.207   6.725   7.300   7.446   7.536
  7.583   7.870   7.987  24.417  24.528  24.629  27.859  28.031
 28.331  28.380  28.403  28.430  28.440  28.624  28.732  41.220
 41.270  41.280  41.295  41.314  41.332  41.414  41.446  41.466
 41.470  41.480  41.498  41.516  41.556  41.571  44.141  44.170
 44.213  44.255  44.323  46.007  46.321  46.694  50.222
 --------------------------------------------------------------
 
          Ground-State Mulliken Net Atomic Charges

     Atom                 Charge (a.u.)
  ----------------------------------------
      1 O                    -0.319835
      2 C                     0.042621
      3 H                     0.256872
      4 H                     0.066019
      5 C                    -0.259263
      6 C                    -0.272109
      7 H                     0.090765
      8 H                     0.104026
      9 H                     0.094795
     10 H                     0.061918
     11 H                     0.066166
     12 H                     0.068026
  ----------------------------------------
  Sum of atomic charges =     0.000000

 -----------------------------------------------------------------
                    Cartesian Multipole Moments
 -----------------------------------------------------------------
    Charge (ESU x 10^10)
                 0.0000
    Dipole Moment (Debye)
         X       1.3822      Y      -0.0634      Z       1.2068
       Tot       1.8359
    Quadrupole Moments (Debye-Ang)
        XX     -24.2567     XY       0.1296     YY     -26.2273
        XZ      -0.9639     YZ      -0.0382     ZZ     -24.1449
    Octapole Moments (Debye-Ang^2)
       XXX      16.1248    XXY       8.9937    XYY       3.5619
       YYY      26.0216    XXZ     -37.7053    XYZ       0.2201
       YYZ     -36.5441    XZZ       4.8327    YZZ       8.8268
       ZZZ    -105.0852
    Hexadecapole Moments (Debye-Ang^3)
      XXXX    -174.0711   XXXY      21.4176   XXYY     -47.4422
      XYYY      24.4973   YYYY    -113.1695   XXXZ      27.5074
      XXYZ      18.3112   XYYZ       8.3007   YYYZ      54.2555
      XXZZ    -107.1833   XYZZ       7.5002   YYZZ     -96.6942
      XZZZ      25.7837   YZZZ      52.2371   ZZZZ    -427.7655
 -----------------------------------------------------------------
 Total job time:  147.08s(wall), 146.43s(cpu) 
 Mon Jun  3 17:10:54 2013

        *************************************************************
        *                                                           *
        *  Thank you very much for using Q-Chem.  Have a nice day.  *
        *                                                           *
        *************************************************************


0 sent ACK to 0 
now end server 0 ... 
 
**********************************************************************
Job 3 of 3 
**********************************************************************
 
Process 0 of 1 is on cl161.stfx.acenet.ca - thread support 1
initial socket setup ...start
initial socket setup ...done 
now start server 0 ... 

cmd = /usr/bin/ssh clhead /usr/local/qchem/bin/get_hostid 1159683220 > /scratch/tmp/6027739.1.medium.q/qchem24162/lic.dat
                  Welcome to Q-Chem
     A Quantum Leap Into The Future Of Chemistry

 Y. Shao, L. Fusti-Molnar, Y. Jung, J. Kussmann, C. Ochsenfeld,
 S. T. Brown, A. T. B. Gilbert, L. V. Slipchenko,S. V. Levchenko,
 D. P. O'Neill, R. A. DiStasio Jr., R. C. Lochan, T. Wang,
 G. J. O. Beran, N. A. Besley, J. M. Herbert, C. Y. Lin,
 T. Van Voorhis, S. H. Chien, A. Sodt, R. P. Steele, 
 V. A. Rassolov, P. E. Maslen, P. P. Korambath, R. D. Adamson,
 B. Austin, J. Baker, E. F. C. Byrd, H. Dachsel, R. J. Doerksen,
 A. Dreuw, B. D. Dunietz, A. D. Dutoi, T. R. Furlani,
 S. R. Gwaltney, A. Heyden, S. Hirata, C.-P. Hsu, G. Kedziora,
 R. Z. Khaliullin, P. Klunzinger, A. M. Lee, M. S. Lee, W. Liang,
 I. Lotan, N. Nair, B. Peters, E. I. Proynov, P. A. Pieniazek, 
 Y. M. Rhee, J. Ritchie, E. Rosta, C. D. Sherrill, 
 A. C. Simmonett, J. E. Subotnik, H. L. Woodcock III,
 W. Zhang, A. T. Bell, A. K. Chakraborty, D. M. Chipman,
 F. J. Keil, A. Warshel, W. J. Hehre, H. F. Schaefer III,
 J. Kong, A. I. Krylov, P. M. W. Gill, M. Head-Gordon,
 Q-Chem, Version 3.1, Q-Chem, Inc., Pittsburgh, PA (2007).

 Additional authors for Version 3.1: 
 Z. Gan, Y. Zhao, N. E. Schultz, D. Truhlar, E. Epifanovsky and M. Oana.

 Additional authors for Version 3.2: 
 R. Baer, B. R. Brooks, D. Casanova, J.-D. Chai, C.-L. Cheng, 
 C. Cramer, D. Crittenden, A. Ghysels, G. Hawkins, E. G. Hohenstein, 
 C. Kelley, W. Kurlancheek, D. Liotard, E. Livshits, P. Manohar, 
 A. Marenich, D. Neuhauser, R. Olson, M. A. Rohrdanz, K. S. Thanthiriwatte, 
 A. J. W. Thom, V. Vanovschi, C. F. Williams, Q. Wu and Z.-Q. You. 


 Intel X86 Linux Version

 Q-chem begins on Mon Jun  3 17:10:57 2013  

 Parallel job on  1  processors
Processing $rem in /usr/local/qchem/config/preferences.

theFileMan(): MAXOPENFILES=974 MAX_SUB_FILE_NUM=16
Maximum size of a physical file is 2.0 GB, maximum size of a tmp-file is 32.0 GB


--------------------------------------------------------------
User input:
--------------------------------------------------------------

$molecule
1,2
O
C1,O,r1
H1,C1,r2,O,a1
H,O,roh,C1,aoh,H1,toh,0
C2,C1,r3a,O,a2a,H1,t1a,0
C3,C1,r3b,O,a2b,H1,-t1b,0
H,C2,r4a,C1,a4a,H1,t2a,0
H,C3,r5a,C1,a5a,H1,-t2b,0
H,C2,r4b,C1,a4b,H1,t3a,0
H,C3,r5b,C1,a5b,H1,-t3b,0
H,C2,r4c,C1,a4c,H1,-t4a,0
H,C3,r5c,C1,a5c,H1,t4b,0

r1=1.43111827
r2=1.9557364
roh=2.07916264
r3a=1.52393712
r3b=1.53017411
r4a=1.09587708
r5a=1.09583825
r4b=1.09448657
r5b=1.09801539
r4c=1.0954512
r5c=1.0964078
a1=28.22171182
aoh=30.02045037
a2a=106.21524706
a2b=111.13113306
a4a=110.2041443
a5a=110.24366741
a4b=110.29321839
a5b=111.03931704
a4c=110.82961388
a5c=111.23833611
toh=-62.32359188
t1a=179.44473237
t1b=57.80032287
t2a=63.0172795
t2b=83.272013
t3a=-56.37337218
t3b=-36.4963859
t4a=176.72748761
t4b=156.21533884

$end

$comment
positive
$end

$xc_functional
C PBE   1.00
X wPBE  1.00
$end

$rem
SYMMETRY_DECOMPOSITION	0
LRC_DFT                 true
exchange 		general
BASIS                   g3large
omega			950
mem_static              760
max_scf_cycles          200
scf_final_print         1
sym_ignore              true
$end

--------------------------------------------------------------
 Writing REM_CC_EA           12
 ----------------------------------------------------
       Standard Nuclear Orientation (Angstroms)
    I     Atom         X            Y            Z
 ----------------------------------------------------
    1      O       0.000000     0.000000     0.000000
    2      C       0.000000     0.000000     1.431118
    3      H       0.924838     0.000000    -0.292129
    4      H       0.483161     0.921207     1.800236
    5      C      -1.463245     0.014181     1.856673
    6      C       0.760558    -1.207760     1.982752
    7      H      -1.967442    -0.894454     1.508657
    8      H       0.298586    -2.138301     1.634130
    9      H      -1.976608     0.877600     1.422084
   10      H       1.806714    -1.200668     1.649367
   11      H      -1.551233     0.066921     2.947310
   12      H       0.763328    -1.208441     3.079156
 ----------------------------------------------------
 Nuclear Repulsion Energy =   134.3979926221 hartrees
 There are       17 alpha and       16 beta electrons
 Requested basis set is G3large
 There are 88 shells and 248 basis functions

Total QAlloc Memory Limit   2000 MB
Mega-Array Size       743 MB
MEM_STATIC part       760 MB

                       Distance Matrix (Angstroms)
             O (  1)   C (  2)   H (  3)   H (  4)   C (  5)   C (  6)
   C (  2)  1.431118
   H (  3)  0.969878  1.955736
   H (  4)  2.079163  1.103773  2.328453
   C (  5)  2.364005  1.523937  3.212552  2.148110
   C (  6)  2.443039  1.530174  2.580844  2.154707  2.540539
   H (  7)  2.635701  2.162611  3.522521  3.063836  1.095877  2.786558
   H (  8)  2.707742  2.168571  2.945335  3.069568  2.790476  1.095838
   H (  9)  2.588336  2.162693  3.482398  2.489048  1.094487  3.486424
   H ( 10)  2.725111  2.180241  2.447185  2.505376  3.494491  1.098015
   H ( 11)  3.331282  2.170171  4.077912  2.486833  1.095451  2.810617
   H ( 12)  3.394731  2.181519  3.584965  2.499906  2.819024  1.096408
             H (  7)   H (  8)   H (  9)   H ( 10)   H ( 11)
   H (  8)  2.588007
   H (  9)  1.774192  3.783799
   H ( 10)  3.789170  1.775904  4.322543
   H ( 11)  1.779661  3.163745  1.778892  3.816706
   H ( 12)  3.165779  1.780091  3.821610  1.770031  2.645964
 
 A cutoff of  1.0D-08 yielded   3639 shell pairs
 There are  28920 function pairs ( 34904 Cartesian)
Evaluating contribution to one-electron hamiltonian from nuclear
 Smallest overlap matrix eigenvalue = 4.89E-05

 Q-Chem warning in module mkSTV.C, line 194:

 Overlap eigenvalue is smaller than square root of threshold

 Multipole matrices computed through 2nd order

  Scale SEOQF with 1.000000e-01/1.000000e-01/1.000000e-01

 Standard Electronic Orientation quadrupole field applied
 Nucleus-field energy     =    -0.0000000069 hartrees
 Guess from superposition of atomic densities
 Warning:  Energy on first SCF cycle will be non-variational
 Long-range K will be added via erf
 Coulomb attenuation parameter = 0.95 bohr**(-1)
 An unrestricted Kohn-Sham SCF calculation will be
 performed using Pulay DIIS extrapolation
 Exchange:  wPBE + LR-HF      Correlation:  PBE
 Using SG-1 standard quadrature grid
 SCF converges when DIIS error is below 1.0E-05
 Requested basis set is G3large
 There are 88 shells and 248 basis functions
 A cutoff of  1.0D-08 yielded   3639 shell pairs
 There are  28920 function pairs ( 34904 Cartesian)
 Warning!  Inaccurate integrated density:
   Number of electrons =    33
   Numerical integral  =    34.000227111547
   Relative error      =     3.0309912471 %
 ---------------------------------------
  Cycle       Energy         DIIS Error
 ---------------------------------------
    1    -195.3631187010      2.84E-02
    2    -193.7703693868      3.16E-03
    3    -193.8490995663      2.20E-03
    4    -193.8769732588      5.74E-04
    5    -193.8842297749      3.00E-04
    6    -193.8882109404      2.50E-04
    7    -193.8929177310      2.64E-04
    8    -193.8958859060      2.68E-04
    9    -193.8955138311      2.67E-04
   10    -193.8994272155      1.78E-04
   11    -193.9031269193      2.58E-04
   12    -193.9083290719      2.21E-04
   13    -193.8988090443      4.41E-04
   14    -193.9119177886      5.65E-04
   15    -193.9128829880      6.27E-04
   16    -193.9132047148      6.38E-04
   17    -193.9115127144      6.83E-04
   18    -193.9114464487      6.62E-04
   19    -193.9112357635      6.66E-04
   20    -193.9147522327      4.77E-04
   21    -193.9169557945      1.30E-04
   22    -193.9181267185      9.17E-05
   23    -193.9190149020      5.47E-05
   24    -193.9194067060      2.26E-05
   25    -193.9194856980      1.81E-05
   26    -193.9195323703      1.16E-05
   27    -193.9195535790      6.89E-06 Convergence criterion met
 ---------------------------------------
 One-Electron    Energy =  -519.9421473454
 Total Coulomb   Energy =   219.0778169656
 Alpha Exchange  Energy =    -6.2400806651
 Beta  Exchange  Energy =    -5.8119386315
 DFT   Exchange  Energy =   -14.3311192678
 DFT Correlation Energy =    -1.0700772500
 Nuclear Repu.   Energy =   134.3979926152
 Nuclear Attr.   Energy =  -712.8927032491
 Kinetic         Energy =   192.9505559038
 <S^2> = 0.7585
 SCF time:  CPU 714.86 s  wall 718.16 s
 Final Alpha MO Eigenvalues
            1           2           3           4           5           6
    1 -19.6854118 -10.7113540 -10.6061102 -10.5760697  -1.7376628  -1.3033433
            7           8           9          10          11          12
    1  -1.1722840  -1.0990691  -1.0529241  -1.0138638  -0.9296228  -0.8458641
           13          14          15          16          17          18
    1  -0.7937898  -0.7839378  -0.7600784  -0.7289256  -0.7238481  -0.1237946
           19          20          21          22
    1  -0.0775274  -0.0715256  -0.0653859  -0.0431858
 Final Beta MO Eigenvalues
            1           2           3           4           5           6
    1 -19.6616138 -10.7116892 -10.6045055 -10.5760915  -1.6525431  -1.2879515
            7           8           9          10          11          12
    1  -1.1636990  -1.0875143  -1.0145064  -0.9191680  -0.8579548  -0.7943327
           13          14          15          16          17          18
    1  -0.7802037  -0.7591755  -0.7290645  -0.7224490  -0.3227256  -0.1210697
           19          20          21
    1  -0.0764562  -0.0696023  -0.0645852
 Analysis of SCF Wavefunction
 
 --------------------------------------------------------------
                    Orbital Energies (a.u.)
 --------------------------------------------------------------
 
 Alpha MOs
 -- Occupied --
-19.685 -10.711 -10.606 -10.576  -1.738  -1.303  -1.172  -1.099
 -1.053  -1.014  -0.930  -0.846  -0.794  -0.784  -0.760  -0.729
 -0.724
 -- Virtual --
 -0.124  -0.078  -0.072  -0.065  -0.043  -0.037  -0.031  -0.025
 -0.015  -0.008   0.011   0.012   0.024   0.034   0.041   0.044
  0.057   0.069   0.074   0.079   0.090   0.098   0.107   0.126
  0.137   0.147   0.149   0.158   0.165   0.181   0.216   0.223
  0.237   0.251   0.261   0.337   0.358   0.364   0.388   0.412
  0.439   0.451   0.470   0.488   0.509   0.514   0.518   0.532
  0.546   0.550   0.563   0.581   0.617   0.631   0.651   0.670
  0.722   0.746   0.777   0.786   0.828   0.866   0.888   0.902
  0.914   0.964   0.988   1.007   1.022   1.037   1.065   1.099
  1.119   1.138   1.153   1.181   1.212   1.234   1.251   1.263
  1.275   1.296   1.310   1.320   1.327   1.392   1.427   1.440
  1.461   1.477   1.495   1.507   1.547   1.559   1.564   1.608
  1.620   1.677   1.737   1.947   1.977   2.161   2.234   2.415
  2.506   2.516   2.581   2.597   2.655   2.707   2.714   2.792
  2.814   2.848   2.866   2.944   2.957   2.979   2.999   3.029
  3.131   3.140   3.160   3.190   3.203   3.255   3.324   3.336
  3.350   3.372   3.388   3.434   3.455   3.520   3.557   3.596
  3.606   3.609   3.644   3.670   3.697   3.708   3.760   3.822
  3.854   3.896   3.921   3.961   4.006   4.029   4.046   4.083
  4.112   4.141   4.198   4.219   4.250   4.271   4.287   4.300
  4.316   4.348   4.358   4.469   4.472   4.520   4.580   4.617
  4.627   4.655   4.683   4.743   4.870   4.908   5.065   5.097
  5.222   5.321   5.402   5.436   5.446   5.510   5.635   5.695
  5.740   5.761   5.801   5.875   6.354   6.829   7.045   7.093
  7.122   7.458   7.587  24.178  24.315  24.397  27.619  27.790
 28.077  28.167  28.185  28.223  28.229  28.392  28.500  40.967
 41.013  41.056  41.089  41.093  41.123  41.152  41.192  41.219
 41.245  41.273  41.281  41.314  41.336  41.362  43.661  43.681
 43.735  43.814  43.885  45.525  45.878  46.251  49.770
 
 Beta MOs
 -- Occupied --
-19.662 -10.712 -10.605 -10.576  -1.653  -1.288  -1.164  -1.088
 -1.015  -0.919  -0.858  -0.794  -0.780  -0.759  -0.729  -0.722
 -- Virtual --
 -0.323  -0.121  -0.076  -0.070  -0.065  -0.042  -0.036  -0.031
 -0.022  -0.015  -0.006   0.013   0.014   0.025   0.035   0.043
  0.044   0.058   0.069   0.079   0.083   0.092   0.100   0.108
  0.127   0.138   0.149   0.158   0.161   0.169   0.184   0.224
  0.226   0.240   0.253   0.268   0.341   0.360   0.367   0.396
  0.415   0.442   0.455   0.473   0.495   0.512   0.517   0.520
  0.534   0.549   0.555   0.565   0.583   0.623   0.632   0.651
  0.673   0.724   0.749   0.782   0.790   0.830   0.870   0.892
  0.907   0.924   0.969   1.004   1.017   1.039   1.053   1.072
  1.101   1.122   1.141   1.155   1.183   1.215   1.239   1.255
  1.269   1.283   1.298   1.313   1.326   1.332   1.395   1.430
  1.442   1.464   1.479   1.499   1.516   1.552   1.564   1.567
  1.613   1.624   1.699   1.775   1.971   1.996   2.199   2.239
  2.417   2.510   2.520   2.583   2.599   2.657   2.710   2.716
  2.796   2.817   2.851   2.873   2.946   2.957   2.981   3.001
  3.032   3.133   3.143   3.166   3.192   3.206   3.256   3.326
  3.339   3.352   3.372   3.389   3.435   3.458   3.525   3.560
  3.598   3.608   3.609   3.647   3.672   3.702   3.710   3.763
  3.824   3.857   3.897   3.924   3.963   4.008   4.031   4.047
  4.085   4.118   4.144   4.202   4.221   4.252   4.273   4.289
  4.301   4.321   4.353   4.361   4.470   4.477   4.522   4.585
  4.622   4.630   4.657   4.688   4.746   4.874   5.005   5.114
  5.142   5.262   5.338   5.422   5.444   5.485   5.524   5.654
  5.699   5.742   5.766   5.818   5.882   6.376   6.922   7.076
  7.163   7.209   7.499   7.608  24.179  24.316  24.397  27.620
 27.790  28.076  28.168  28.186  28.223  28.229  28.393  28.500
 40.968  41.012  41.058  41.090  41.093  41.123  41.153  41.191
 41.219  41.247  41.273  41.281  41.314  41.338  41.362  43.718
 43.750  43.792  43.829  43.896  45.585  45.892  46.266  49.793
 --------------------------------------------------------------
 
          Ground-State Mulliken Net Atomic Charges

     Atom                 Charge (a.u.)    Spin (a.u.)
  --------------------------------------------------------
      1 O                     0.307626       0.921446
      2 C                    -0.179631      -0.042510
      3 H                     0.343517      -0.026014
      4 H                     0.186702       0.078469
      5 C                    -0.197713      -0.001654
      6 C                    -0.185579       0.069571
      7 H                     0.126019       0.002170
      8 H                     0.136970      -0.003578
      9 H                     0.119119       0.001668
     10 H                     0.100519      -0.004015
     11 H                     0.113383      -0.001784
     12 H                     0.129067       0.006231
  --------------------------------------------------------
  Sum of atomic charges =     1.000000
  Sum of spin   charges =     1.000000

 -----------------------------------------------------------------
                    Cartesian Multipole Moments
 -----------------------------------------------------------------
    Charge (ESU x 10^10)
                 4.8032
    Dipole Moment (Debye)
         X       1.6500      Y      -0.7848      Z       4.9304
       Tot       5.2581
    Quadrupole Moments (Debye-Ang)
        XX     -18.3177     XY      -0.7854     YY     -20.3850
        XZ      -1.2630     YZ      -2.0276     ZZ     -11.5696
    Octapole Moments (Debye-Ang^2)
       XXX      12.6351    XXY       7.1125    XYY       5.0312
       YYY      20.6737    XXZ     -28.0694    XYZ      -2.0889
       YYZ     -28.1668    XZZ       4.3278    YZZ       2.7725
       ZZZ     -70.7191
    Hexadecapole Moments (Debye-Ang^3)
      XXXX    -144.2691   XXXY      17.5483   XXYY     -39.1752
      XYYY      20.2871   YYYY     -91.0596   XXXZ      18.8211
      XXYZ      14.1423   XYYZ      11.9539   YYYZ      42.5923
      XXZZ     -81.0892   XYZZ       0.8515   YYZZ     -74.0234
      XZZZ      23.6420   YZZZ      32.4250   ZZZZ    -316.9646
 -----------------------------------------------------------------
 Total job time:  718.49s(wall), 715.17s(cpu) 
 Mon Jun  3 17:22:56 2013

        *************************************************************
        *                                                           *
        *  Thank you very much for using Q-Chem.  Have a nice day.  *
        *                                                           *
        *************************************************************


0 sent ACK to 0 
now end server 0 ... 
