Process 0 of 1 is on cl133 - thread support 1
initial socket setup ...start
initial socket setup ...done 
now start server 0 ... 

cmd = /usr/bin/ssh clhead /usr/local/qchem/bin/get_hostid 510484521 > /tmp/1591949.1.medium.q/qchem30248/lic.dat

cmd = /usr/bin/ssh clhead /usr/local/qchem/bin/get_hostid 510484521 > /tmp/1591949.1.medium.q/qchem30248/lic.dat

cmd = /usr/bin/ssh clhead /usr/local/qchem/bin/get_hostid 510484521 > /tmp/1591949.1.medium.q/qchem30248/lic.dat

cmd = /usr/bin/ssh clhead /usr/local/qchem/bin/get_hostid 510484521 > /tmp/1591949.1.medium.q/qchem30248/lic.dat

cmd = /usr/bin/ssh clhead /usr/local/qchem/bin/get_hostid 510484521 > /tmp/1591949.1.medium.q/qchem30248/lic.dat
                  Welcome to Q-Chem
     A Quantum Leap Into The Future Of Chemistry

 Y. Shao, L. Fusti-Molnar, Y. Jung, J. Kussmann, C. Ochsenfeld,
 S. T. Brown, A. T. B. Gilbert, L. V. Slipchenko,S. V. Levchenko,
 D. P. O'Neill, R. A. DiStasio Jr., R. C. Lochan, T. Wang,
 G. J. O. Beran, N. A. Besley, J. M. Herbert, C. Y. Lin,
 T. Van Voorhis, S. H. Chien, A. Sodt, R. P. Steele, 
 V. A. Rassolov, P. E. Maslen, P. P. Korambath, R. D. Adamson,
 B. Austin, J. Baker, E. F. C. Byrd, H. Dachsel, R. J. Doerksen,
 A. Dreuw, B. D. Dunietz, A. D. Dutoi, T. R. Furlani,
 S. R. Gwaltney, A. Heyden, S. Hirata, C.-P. Hsu, G. Kedziora,
 R. Z. Khaliullin, P. Klunzinger, A. M. Lee, M. S. Lee, W. Liang,
 I. Lotan, N. Nair, B. Peters, E. I. Proynov, P. A. Pieniazek, 
 Y. M. Rhee, J. Ritchie, E. Rosta, C. D. Sherrill, 
 A. C. Simmonett, J. E. Subotnik, H. L. Woodcock III,
 W. Zhang, A. T. Bell, A. K. Chakraborty, D. M. Chipman,
 F. J. Keil, A. Warshel, W. J. Hehre, H. F. Schaefer III,
 J. Kong, A. I. Krylov, P. M. W. Gill, M. Head-Gordon,
 Q-Chem, Version 3.1, Q-Chem, Inc., Pittsburgh, PA (2007).

 Additional authors for Version 3.1: 
 Z. Gan, Y. Zhao, N. E. Schultz, D. Truhlar, E. Epifanovsky and M. Oana.

 Additional authors for Version 3.2: 
 R. Baer, B. R. Brooks, D. Casanova, J.-D. Chai, C.-L. Cheng, 
 C. Cramer, D. Crittenden, A. Ghysels, G. Hawkins, E. G. Hohenstein, 
 C. Kelley, W. Kurlancheek, D. Liotard, E. Livshits, P. Manohar, 
 A. Marenich, D. Neuhauser, R. Olson, M. A. Rohrdanz, K. S. Thanthiriwatte, 
 A. J. W. Thom, V. Vanovschi, C. F. Williams, Q. Wu and Z.-Q. You. 


 Intel X86 Linux Version

 Q-chem begins on Tue Mar 18 15:28:12 2014  

 Parallel job on  1  processors
Processing $rem in /usr/local/qchem/config/preferences.

theFileMan(): MAXOPENFILES=974 MAX_SUB_FILE_NUM=16
Maximum size of a physical file is 2.0 GB, maximum size of a tmp-file is 32.0 GB


--------------------------------------------------------------
User input:
--------------------------------------------------------------

$molecule
-1,2
C         -0.00006        0.00015        0.99980
C          1.26532        0.76004        0.98857
C          1.26516       -0.76001        0.98799
C         -1.27231       -0.00021        0.25137
C         -1.25820        0.00027        1.77153
H          1.57504        1.26150        1.90176
H          1.55860        1.26345        0.07108
H          1.57486       -1.26190        1.90095
H          1.55826       -1.26313        0.07027
H         -1.57794       -0.91602       -0.24774
H         -1.57802        0.91521       -0.24839
H         -1.55535       -0.91513        2.27650
H         -1.55537        0.91578        2.27629
$end

$comment
negative
$end

$xc_functional
C PBE   1.00
X wPBE  1.00
$end

$rem
SYMMETRY_DECOMPOSITION	0
exchange 		general
LRC_DFT                 true
BASIS                   g3large
omega			900
mem_static              760
max_scf_cycles          200
scf_final_print         1
sym_ignore              true
$end

--------------------------------------------------------------
 Writing REM_CC_EA           13
 ----------------------------------------------------
       Standard Nuclear Orientation (Angstroms)
    I     Atom         X            Y            Z
 ----------------------------------------------------
    1      C      -0.000060     0.000150     0.999800
    2      C       1.265320     0.760040     0.988570
    3      C       1.265160    -0.760010     0.987990
    4      C      -1.272310    -0.000210     0.251370
    5      C      -1.258200     0.000270     1.771530
    6      H       1.575040     1.261500     1.901760
    7      H       1.558600     1.263450     0.071080
    8      H       1.574860    -1.261900     1.900950
    9      H       1.558260    -1.263130     0.070270
   10      H      -1.577940    -0.916020    -0.247740
   11      H      -1.578020     0.915210    -0.248390
   12      H      -1.555350    -0.915130     2.276500
   13      H      -1.555370     0.915780     2.276290
 ----------------------------------------------------
 Nuclear Repulsion Energy =   170.9200549349 hartrees
 There are       20 alpha and       19 beta electrons
 Requested basis set is G3large
 There are 98 shells and 290 basis functions

Total QAlloc Memory Limit   2000 MB
Mega-Array Size       743 MB
MEM_STATIC part       760 MB

                       Distance Matrix (Angstroms)
             C (  1)   C (  2)   C (  3)   C (  4)   C (  5)   H (  6)
   C (  2)  1.476057
   C (  3)  1.476064  1.520050
   C (  4)  1.476065  2.749729  2.749302
   C (  5)  1.475969  2.749260  2.749419  1.520226
   H (  6)  2.210311  1.086878  2.239979  3.524642  3.104015
   H (  7)  2.210852  1.086841  2.240808  3.105381  3.524417  1.830755
   H (  8)  2.210252  2.239753  1.086878  3.524110  3.104199  2.523400
   H (  9)  2.210942  2.241050  1.086852  3.104817  3.524615  3.119037
   H ( 10)  2.210301  3.524453  3.103963  1.086843  2.240373  4.393544
   H ( 11)  2.210265  3.104630  3.524013  1.086836  2.240419  3.832082
   H ( 12)  2.210572  3.524363  3.104770  2.240166  1.086853  3.831121
   H ( 13)  2.210609  3.104637  3.524681  2.240416  1.086854  3.171634
             H (  7)   H (  8)   H (  9)   H ( 10)   H ( 11)   H ( 12)
   H (  8)  3.118667
   H (  9)  2.526580  1.830756
   H ( 10)  3.832704  3.831012  3.171335
   H ( 11)  3.172021  4.393190  3.831835  1.831230
   H ( 12)  4.393947  3.171672  3.831856  2.524341  3.118610
   H ( 13)  3.831532  3.831646  4.394185  3.118770  2.524782  1.830910

 
 A cutoff of  1.0D-08 yielded   4435 shell pairs
 There are  39245 function pairs ( 48051 Cartesian)
Evaluating contribution to one-electron hamiltonian from nuclear
 Smallest overlap matrix eigenvalue = 2.59E-05

 Q-Chem warning in module mkSTV.C, line 194:

 Overlap eigenvalue is smaller than square root of threshold

 Multipole matrices computed through 2nd order

  Scale SEOQF with 1.000000e-01/1.000000e-01/1.000000e-01

 Standard Electronic Orientation quadrupole field applied
 Nucleus-field energy     =    -0.0000000026 hartrees
 Guess from superposition of atomic densities
 Warning:  Energy on first SCF cycle will be non-variational
 Long-range K will be added via erf
 Coulomb attenuation parameter = 0.9 bohr**(-1)
 An unrestricted Kohn-Sham SCF calculation will be
 performed using Pulay DIIS extrapolation
 Exchange:  wPBE + LR-HF      Correlation:  PBE
 Using SG-1 standard quadrature grid
 SCF converges when DIIS error is below 1.0E-05
 Requested basis set is G3large
 There are 98 shells and 290 basis functions
 A cutoff of  1.0D-08 yielded   4435 shell pairs
 There are  39245 function pairs ( 48051 Cartesian)
 Warning!  Inaccurate integrated density:
   Number of electrons =    39
   Numerical integral  =    37.999764099938
   Relative error      =    -2.5647074361 %
 ---------------------------------------
  Cycle       Energy         DIIS Error
 ---------------------------------------
    1    -197.6034647501      3.02E-02
    2    -195.0106334618      2.74E-03
    3    -195.1298165280      1.41E-03
    4    -195.1535578184      3.79E-04
    5    -195.1576928562      9.99E-05
    6    -195.1580791796      3.65E-05
    7    -195.1581785838      1.35E-05
    8    -195.1582133757      7.51E-06 Convergence criterion met
 ---------------------------------------
 One-Electron    Energy =  -604.2663690807
 Total Coulomb   Energy =   268.3194050521
 Alpha Exchange  Energy =    -6.6436915902
 Beta  Exchange  Energy =    -6.5815963057
 DFT   Exchange  Energy =   -15.6490452492
 DFT Correlation Energy =    -1.2569711344
 Nuclear Repu.   Energy =   170.9200549324
 Nuclear Attr.   Energy =  -798.2786655331
 Kinetic         Energy =   194.0122964525
 <S^2> = 0.7501
 SCF time:  CPU 400.51 s  wall 403.78 s
 Final Alpha MO Eigenvalues
            1           2           3           4           5           6
    1 -10.2599220 -10.2489587 -10.2442774 -10.2441001 -10.2434820  -1.0502277
            7           8           9          10          11          12
    1  -0.9439660  -0.7158231  -0.7131960  -0.6345627  -0.5543753  -0.5423305
           13          14          15          16          17          18
    1  -0.5397150  -0.4203487  -0.4040658  -0.3968805  -0.3204642  -0.3195518
           19          20          21          22          23          24
    1  -0.3016891   0.0354526   0.1270574   0.1273037   0.1294467   0.1589228
           25
    1   0.1591290
 Final Beta MO Eigenvalues
            1           2           3           4           5           6
    1 -10.2599455 -10.2488277 -10.2440565 -10.2438799 -10.2432646  -1.0500519
            7           8           9          10          11          12
    1  -0.9436314  -0.7145240  -0.7116730  -0.6334984  -0.5532991  -0.5421192
           13          14          15          16          17          18
    1  -0.5393038  -0.4201951  -0.4039577  -0.3960981  -0.3202954  -0.3193911
           19          20          21          22          23          24
    1  -0.3010244   0.1255891   0.1383937   0.1405111   0.1435502   0.1597532
 Analysis of SCF Wavefunction
 
 --------------------------------------------------------------
                    Orbital Energies (a.u.)
 --------------------------------------------------------------
 
 Alpha MOs
 -- Occupied --
-10.260 -10.249 -10.244 -10.244 -10.243  -1.050  -0.944  -0.716
 -0.713  -0.635  -0.554  -0.542  -0.540  -0.420  -0.404  -0.397
 -0.320  -0.320  -0.302   0.035
 -- Virtual --
  0.127   0.127   0.129   0.159   0.159   0.163   0.180   0.192
  0.221   0.249   0.250   0.256   0.266   0.268   0.268   0.289
  0.293   0.296   0.309   0.320   0.321   0.328   0.340   0.342
  0.348   0.349   0.377   0.378   0.384   0.433   0.453   0.453
  0.470   0.491   0.497   0.497   0.549   0.569   0.569   0.576
  0.587   0.635   0.686   0.705   0.707   0.708   0.740   0.743
  0.786   0.814   0.815   0.822   0.853   0.860   0.863   0.864
  0.893   0.896   0.897   0.914   0.916   0.919   0.921   0.937
  0.979   1.045   1.065   1.066   1.073   1.089   1.123   1.146
  1.175   1.177   1.178   1.253   1.307   1.308   1.338   1.374
  1.380   1.381   1.409   1.419   1.421   1.438   1.470   1.470
  1.539   1.540   1.583   1.595   1.597   1.639   1.654   1.656
  1.665   1.682   1.695   1.706   1.720   1.752   1.753   1.772
  1.776   1.800   1.852   1.864   1.865   1.876   1.892   1.895
  1.904   1.954   2.090   2.117   2.118   2.134   2.816   2.818
  2.907   2.936   2.974   2.976   3.008   3.010   3.042   3.052
  3.052   3.116   3.134   3.135   3.190   3.250   3.253   3.254
  3.261   3.295   3.350   3.352   3.363   3.380   3.436   3.437
  3.444   3.445   3.472   3.488   3.493   3.544   3.556   3.591
  3.591   3.615   3.639   3.711   3.711   3.713   3.753   3.754
  3.805   3.806   3.820   3.846   3.876   3.882   3.914   3.914
  3.929   3.980   3.980   3.983   4.063   4.159   4.197   4.244
  4.258   4.259   4.319   4.320   4.348   4.434   4.483   4.484
  4.485   4.485   4.514   4.516   4.601   4.626   4.639   4.645
  4.716   4.724   4.731   4.737   4.739   4.780   4.781   4.873
  4.874   4.902   4.902   4.905   4.945   4.985   5.102   5.105
  5.289   5.291   5.359   5.361   5.476   5.651   5.771   5.843
  5.845   5.877   5.994   5.999   6.002   6.035   6.150   6.152
  6.191  24.533  24.557  24.810  24.812  24.882  27.889  27.949
 28.002  28.003  28.387  28.478  28.505  28.506  28.523  28.547
 28.547  28.561  28.948  28.951  29.387  41.305  41.322  41.343
 41.405  41.412  41.415  41.417  41.455  41.458  41.461  41.542
 41.549  41.549  41.554  41.555  41.567  41.588  41.605  41.650
 41.654  41.660  41.662  41.684  41.754  41.755
 
 Beta MOs
 -- Occupied --
-10.260 -10.249 -10.244 -10.244 -10.243  -1.050  -0.944  -0.715
 -0.712  -0.633  -0.553  -0.542  -0.539  -0.420  -0.404  -0.396
 -0.320  -0.319  -0.301
 -- Virtual --
  0.126   0.138   0.141   0.144   0.160   0.164   0.166   0.181
  0.189   0.218   0.242   0.243   0.248   0.258   0.260   0.262
  0.288   0.289   0.294   0.304   0.318   0.318   0.323   0.332
  0.338   0.341   0.342   0.373   0.375   0.383   0.429   0.452
  0.452   0.468   0.487   0.493   0.495   0.546   0.564   0.565
  0.572   0.585   0.633   0.684   0.702   0.703   0.705   0.738
  0.741   0.783   0.812   0.814   0.819   0.851   0.858   0.862
  0.863   0.891   0.894   0.895   0.913   0.915   0.916   0.917
  0.937   0.977   1.044   1.065   1.066   1.073   1.090   1.123
  1.146   1.175   1.177   1.178   1.253   1.307   1.308   1.338
  1.374   1.380   1.380   1.410   1.418   1.420   1.438   1.470
  1.470   1.538   1.539   1.583   1.595   1.597   1.639   1.654
  1.656   1.664   1.681   1.695   1.706   1.719   1.751   1.752
  1.771   1.776   1.799   1.852   1.863   1.864   1.876   1.892
  1.894   1.903   1.954   2.090   2.117   2.118   2.134   2.816
  2.818   2.907   2.935   2.974   2.975   3.008   3.010   3.042
  3.052   3.052   3.116   3.134   3.135   3.190   3.250   3.253
  3.254   3.261   3.295   3.350   3.352   3.363   3.380   3.436
  3.437   3.445   3.445   3.472   3.488   3.494   3.544   3.556
  3.591   3.592   3.615   3.640   3.711   3.711   3.713   3.753
  3.754   3.806   3.807   3.820   3.846   3.876   3.882   3.914
  3.914   3.929   3.980   3.980   3.983   4.063   4.159   4.198
  4.244   4.257   4.259   4.319   4.320   4.348   4.434   4.483
  4.484   4.485   4.486   4.514   4.516   4.601   4.626   4.639
  4.645   4.716   4.724   4.732   4.737   4.739   4.780   4.781
  4.873   4.874   4.902   4.902   4.905   4.945   4.985   5.102
  5.105   5.289   5.291   5.359   5.361   5.476   5.651   5.771
  5.843   5.845   5.877   5.995   5.999   6.002   6.035   6.150
  6.152   6.191  24.533  24.557  24.810  24.813  24.882  27.889
 27.949  28.002  28.003  28.387  28.478  28.505  28.506  28.523
 28.547  28.547  28.562  28.948  28.951  29.387  41.305  41.323
 41.343  41.405  41.413  41.415  41.417  41.455  41.459  41.461
 41.542  41.549  41.549  41.554  41.555  41.567  41.588  41.605
 41.650  41.654  41.660  41.663  41.684  41.754  41.755
 --------------------------------------------------------------
 
          Ground-State Mulliken Net Atomic Charges

     Atom                 Charge (a.u.)    Spin (a.u.)
  --------------------------------------------------------
      1 C                    -3.942199       4.613928
      2 C                     2.713246      -3.059768
      3 C                     0.366446      -0.685839
      4 C                     1.663630      -1.993978
      5 C                     1.561721      -1.891222
      6 H                    -0.533076       0.621500
      7 H                    -0.557328       0.646684
      8 H                    -0.176470       0.247883
      9 H                    -0.190250       0.262667
     10 H                    -0.221585       0.293078
     11 H                    -0.747675       0.843069
     12 H                    -0.209321       0.280037
     13 H                    -0.727137       0.821962
  --------------------------------------------------------
  Sum of atomic charges =    -1.000000
  Sum of spin   charges =     1.000000

 -----------------------------------------------------------------
                    Cartesian Multipole Moments
 -----------------------------------------------------------------
    Charge (ESU x 10^10)
                -4.8032
    Dipole Moment (Debye)
         X       1.4479      Y      -4.9106      Z      -4.6225
       Tot       6.8977
    Quadrupole Moments (Debye-Ang)
        XX     -74.7564     XY       1.7764     YY     -63.4925
        XZ       1.5830     YZ      -4.8097     ZZ     -65.4961
    Octapole Moments (Debye-Ang^2)
       XXX      22.1684    XXY     -30.6679    XYY      10.5999
       YYY     -66.8422    XXZ     -73.6318    XYZ       1.8159
       YYZ     -62.5016    XZZ       7.9079    YZZ     -31.6099
       ZZZ    -184.9374
    Hexadecapole Moments (Debye-Ang^3)
      XXXX   -1099.0446   XXXY      13.4515   XXYY    -288.9085
      XYYY      16.3741   YYYY    -572.4859   XXXZ      24.3994
      XXYZ     -30.1126   XYYZ      11.5206   YYYZ     -65.7658
      XXZZ    -350.8105   XYZZ      10.3224   YYZZ    -258.0761
      XZZZ      23.1460   YZZZ     -84.3341   ZZZZ    -890.8141
 -----------------------------------------------------------------
 Total job time:  404.27s(wall), 400.93s(cpu) 
 Tue Mar 18 15:34:56 2014

        *************************************************************
        *                                                           *
        *  Thank you very much for using Q-Chem.  Have a nice day.  *
        *                                                           *
        *************************************************************


0 sent ACK to 0 
now end server 0 ... 
 
**********************************************************************
Job 2 of 3 
**********************************************************************
 
Process 0 of 1 is on cl133 - thread support 1
initial socket setup ...start
initial socket setup ...done 
now start server 0 ... 

cmd = /usr/bin/ssh clhead /usr/local/qchem/bin/get_hostid 358629893 > /tmp/1591949.1.medium.q/qchem30248/lic.dat

cmd = /usr/bin/ssh clhead /usr/local/qchem/bin/get_hostid 358629893 > /tmp/1591949.1.medium.q/qchem30248/lic.dat

cmd = /usr/bin/ssh clhead /usr/local/qchem/bin/get_hostid 358629893 > /tmp/1591949.1.medium.q/qchem30248/lic.dat

cmd = /usr/bin/ssh clhead /usr/local/qchem/bin/get_hostid 358629893 > /tmp/1591949.1.medium.q/qchem30248/lic.dat

cmd = /usr/bin/ssh clhead /usr/local/qchem/bin/get_hostid 358629893 > /tmp/1591949.1.medium.q/qchem30248/lic.dat
                  Welcome to Q-Chem
     A Quantum Leap Into The Future Of Chemistry

 Y. Shao, L. Fusti-Molnar, Y. Jung, J. Kussmann, C. Ochsenfeld,
 S. T. Brown, A. T. B. Gilbert, L. V. Slipchenko,S. V. Levchenko,
 D. P. O'Neill, R. A. DiStasio Jr., R. C. Lochan, T. Wang,
 G. J. O. Beran, N. A. Besley, J. M. Herbert, C. Y. Lin,
 T. Van Voorhis, S. H. Chien, A. Sodt, R. P. Steele, 
 V. A. Rassolov, P. E. Maslen, P. P. Korambath, R. D. Adamson,
 B. Austin, J. Baker, E. F. C. Byrd, H. Dachsel, R. J. Doerksen,
 A. Dreuw, B. D. Dunietz, A. D. Dutoi, T. R. Furlani,
 S. R. Gwaltney, A. Heyden, S. Hirata, C.-P. Hsu, G. Kedziora,
 R. Z. Khaliullin, P. Klunzinger, A. M. Lee, M. S. Lee, W. Liang,
 I. Lotan, N. Nair, B. Peters, E. I. Proynov, P. A. Pieniazek, 
 Y. M. Rhee, J. Ritchie, E. Rosta, C. D. Sherrill, 
 A. C. Simmonett, J. E. Subotnik, H. L. Woodcock III,
 W. Zhang, A. T. Bell, A. K. Chakraborty, D. M. Chipman,
 F. J. Keil, A. Warshel, W. J. Hehre, H. F. Schaefer III,
 J. Kong, A. I. Krylov, P. M. W. Gill, M. Head-Gordon,
 Q-Chem, Version 3.1, Q-Chem, Inc., Pittsburgh, PA (2007).

 Additional authors for Version 3.1: 
 Z. Gan, Y. Zhao, N. E. Schultz, D. Truhlar, E. Epifanovsky and M. Oana.

 Additional authors for Version 3.2: 
 R. Baer, B. R. Brooks, D. Casanova, J.-D. Chai, C.-L. Cheng, 
 C. Cramer, D. Crittenden, A. Ghysels, G. Hawkins, E. G. Hohenstein, 
 C. Kelley, W. Kurlancheek, D. Liotard, E. Livshits, P. Manohar, 
 A. Marenich, D. Neuhauser, R. Olson, M. A. Rohrdanz, K. S. Thanthiriwatte, 
 A. J. W. Thom, V. Vanovschi, C. F. Williams, Q. Wu and Z.-Q. You. 


 Intel X86 Linux Version

 Q-chem begins on Tue Mar 18 15:35:01 2014  

 Parallel job on  1  processors
Processing $rem in /usr/local/qchem/config/preferences.

theFileMan(): MAXOPENFILES=974 MAX_SUB_FILE_NUM=16
Maximum size of a physical file is 2.0 GB, maximum size of a tmp-file is 32.0 GB


--------------------------------------------------------------
User input:
--------------------------------------------------------------

$molecule
0,1
C         -0.00006        0.00015        0.99980
C          1.26532        0.76004        0.98857
C          1.26516       -0.76001        0.98799
C         -1.27231       -0.00021        0.25137
C         -1.25820        0.00027        1.77153
H          1.57504        1.26150        1.90176
H          1.55860        1.26345        0.07108
H          1.57486       -1.26190        1.90095
H          1.55826       -1.26313        0.07027
H         -1.57794       -0.91602       -0.24774
H         -1.57802        0.91521       -0.24839
H         -1.55535       -0.91513        2.27650
H         -1.55537        0.91578        2.27629
$end

$comment
neutral
$end

$xc_functional
C PBE   1.00
X wPBE  1.00
$end


$rem
SYMMETRY_DECOMPOSITION	0
LRC_DFT                 true
exchange 		general
BASIS                   g3large
omega			900
mem_static              760
max_scf_cycles          200
scf_final_print         1
sym_ignore              true
$end

--------------------------------------------------------------
 Writing REM_CC_EA           13
 ----------------------------------------------------
       Standard Nuclear Orientation (Angstroms)
    I     Atom         X            Y            Z
 ----------------------------------------------------
    1      C      -0.000060     0.000150     0.999800
    2      C       1.265320     0.760040     0.988570
    3      C       1.265160    -0.760010     0.987990
    4      C      -1.272310    -0.000210     0.251370
    5      C      -1.258200     0.000270     1.771530
    6      H       1.575040     1.261500     1.901760
    7      H       1.558600     1.263450     0.071080
    8      H       1.574860    -1.261900     1.900950
    9      H       1.558260    -1.263130     0.070270
   10      H      -1.577940    -0.916020    -0.247740
   11      H      -1.578020     0.915210    -0.248390
   12      H      -1.555350    -0.915130     2.276500
   13      H      -1.555370     0.915780     2.276290
 ----------------------------------------------------
 Nuclear Repulsion Energy =   170.9200549349 hartrees
 There are       19 alpha and       19 beta electrons
 Requested basis set is G3large
 There are 98 shells and 290 basis functions

Total QAlloc Memory Limit   2000 MB
Mega-Array Size       743 MB
MEM_STATIC part       760 MB

                       Distance Matrix (Angstroms)
             C (  1)   C (  2)   C (  3)   C (  4)   C (  5)   H (  6)
   C (  2)  1.476057
   C (  3)  1.476064  1.520050
   C (  4)  1.476065  2.749729  2.749302
   C (  5)  1.475969  2.749260  2.749419  1.520226
   H (  6)  2.210311  1.086878  2.239979  3.524642  3.104015
   H (  7)  2.210852  1.086841  2.240808  3.105381  3.524417  1.830755
   H (  8)  2.210252  2.239753  1.086878  3.524110  3.104199  2.523400
   H (  9)  2.210942  2.241050  1.086852  3.104817  3.524615  3.119037
   H ( 10)  2.210301  3.524453  3.103963  1.086843  2.240373  4.393544
   H ( 11)  2.210265  3.104630  3.524013  1.086836  2.240419  3.832082
   H ( 12)  2.210572  3.524363  3.104770  2.240166  1.086853  3.831121
   H ( 13)  2.210609  3.104637  3.524681  2.240416  1.086854  3.171634
             H (  7)   H (  8)   H (  9)   H ( 10)   H ( 11)   H ( 12)
   H (  8)  3.118667
   H (  9)  2.526580  1.830756
   H ( 10)  3.832704  3.831012  3.171335
   H ( 11)  3.172021  4.393190  3.831835  1.831230
   H ( 12)  4.393947  3.171672  3.831856  2.524341  3.118610
   H ( 13)  3.831532  3.831646  4.394185  3.118770  2.524782  1.830910

 
 A cutoff of  1.0D-08 yielded   4435 shell pairs
 There are  39245 function pairs ( 48051 Cartesian)
Evaluating contribution to one-electron hamiltonian from nuclear
 Smallest overlap matrix eigenvalue = 2.59E-05

 Q-Chem warning in module mkSTV.C, line 194:

 Overlap eigenvalue is smaller than square root of threshold

 Multipole matrices computed through 2nd order

  Scale SEOQF with 1.000000e-01/1.000000e-01/1.000000e-01

 Standard Electronic Orientation quadrupole field applied
 Nucleus-field energy     =    -0.0000000026 hartrees
 Guess from superposition of atomic densities
 Warning:  Energy on first SCF cycle will be non-variational
 Long-range K will be added via erf
 Coulomb attenuation parameter = 0.9 bohr**(-1)
 A restricted Kohn-Sham SCF calculation will be
 performed using Pulay DIIS extrapolation
 Exchange:  wPBE + LR-HF      Correlation:  PBE
 Using SG-1 standard quadrature grid
 SCF converges when DIIS error is below 1.0E-05
 Requested basis set is G3large
 There are 98 shells and 290 basis functions
 A cutoff of  1.0D-08 yielded   4435 shell pairs
 There are  39245 function pairs ( 48051 Cartesian)
 ---------------------------------------
  Cycle       Energy         DIIS Error
 ---------------------------------------
    1    -197.6034647501      3.02E-02
    2    -195.0837880584      2.62E-03
    3    -195.1790406434      1.20E-03
    4    -195.1943707328      3.60E-04
    5    -195.1967386286      7.52E-05
    6    -195.1968547246      2.93E-05
    7    -195.1968724262      8.30E-06 Convergence criterion met
 ---------------------------------------
 One-Electron    Energy =  -599.7125107453
 Total Coulomb   Energy =   263.6620629316
 Alpha Exchange  Energy =    -6.5844099518
 Beta  Exchange  Energy =    -6.5844099518
 DFT   Exchange  Energy =   -15.6469927075
 DFT Correlation Energy =    -1.2506669337
 Nuclear Repu.   Energy =   170.9200549324
 Nuclear Attr.   Energy =  -793.6598983504
 Kinetic         Energy =   193.9473876051
 SCF time:  CPU 273.68 s  wall 275.96 s
 Final Alpha MO Eigenvalues
            1           2           3           4           5           6
    1 -10.3807646 -10.3669720 -10.3669051 -10.3663319 -10.3662954  -1.1710004
            7           8           9          10          11          12
    1  -1.0645997  -0.8344692  -0.8344290  -0.7545232  -0.6742399  -0.6619528
           13          14          15          16          17          18
    1  -0.6618988  -0.5411247  -0.5252759  -0.5171740  -0.4408944  -0.4407712
           19          20          21          22          23          24
    1  -0.4221587   0.0435227   0.0549952   0.0550028   0.0598874   0.0784356
 Analysis of SCF Wavefunction
 
 --------------------------------------------------------------
                    Orbital Energies (a.u.)
 --------------------------------------------------------------
 
 Alpha MOs
 -- Occupied --
-10.381 -10.367 -10.367 -10.366 -10.366  -1.171  -1.065  -0.834
 -0.834  -0.755  -0.674  -0.662  -0.662  -0.541  -0.525  -0.517
 -0.441  -0.441  -0.422
 -- Virtual --
  0.044   0.055   0.055   0.060   0.078   0.078   0.082   0.098
  0.103   0.126   0.154   0.154   0.163   0.169   0.170   0.170
  0.192   0.195   0.195   0.207   0.218   0.218   0.225   0.240
  0.242   0.247   0.247   0.266   0.266   0.274   0.323   0.338
  0.338   0.356   0.382   0.382   0.387   0.436   0.458   0.458
  0.467   0.472   0.520   0.573   0.590   0.592   0.592   0.625
  0.625   0.670   0.698   0.698   0.706   0.737   0.743   0.746
  0.746   0.778   0.778   0.778   0.799   0.799   0.803   0.803
  0.817   0.862   0.925   0.946   0.946   0.953   0.969   1.003
  1.027   1.055   1.058   1.058   1.134   1.188   1.188   1.219
  1.255   1.260   1.260   1.290   1.301   1.301   1.318   1.351
  1.351   1.420   1.420   1.464   1.477   1.477   1.519   1.536
  1.536   1.545   1.564   1.576   1.586   1.602   1.633   1.633
  1.653   1.656   1.681   1.733   1.744   1.745   1.756   1.774
  1.775   1.784   1.834   1.970   1.997   1.998   2.014   2.697
  2.697   2.786   2.816   2.855   2.855   2.887   2.890   2.922
  2.931   2.931   2.996   3.014   3.014   3.069   3.129   3.133
  3.133   3.140   3.175   3.230   3.230   3.242   3.259   3.315
  3.316   3.324   3.324   3.351   3.367   3.373   3.423   3.435
  3.470   3.471   3.494   3.519   3.590   3.590   3.592   3.633
  3.633   3.685   3.685   3.699   3.725   3.756   3.761   3.794
  3.794   3.809   3.859   3.859   3.862   3.943   4.038   4.077
  4.123   4.137   4.138   4.198   4.199   4.228   4.314   4.363
  4.363   4.364   4.364   4.394   4.395   4.481   4.505   4.518
  4.524   4.595   4.604   4.610   4.617   4.617   4.660   4.660
  4.753   4.753   4.782   4.783   4.783   4.824   4.864   4.982
  4.984   5.169   5.169   5.239   5.239   5.355   5.531   5.651
  5.723   5.724   5.757   5.876   5.876   5.881   5.914   6.030
  6.030   6.070  24.413  24.436  24.690  24.690  24.761  27.768
 27.828  27.881  27.881  28.266  28.357  28.384  28.384  28.401
 28.426  28.426  28.440  28.828  28.828  29.266  41.184  41.201
 41.221  41.285  41.293  41.293  41.295  41.334  41.338  41.338
 41.421  41.428  41.428  41.433  41.433  41.445  41.467  41.483
 41.531  41.531  41.539  41.540  41.562  41.633  41.633
 --------------------------------------------------------------
 
          Ground-State Mulliken Net Atomic Charges

     Atom                 Charge (a.u.)
  ----------------------------------------
      1 C                     0.614318
      2 C                    -0.314686
      3 C                    -0.315204
      4 C                    -0.314584
      5 C                    -0.314826
      6 H                     0.080619
      7 H                     0.080602
      8 H                     0.080554
      9 H                     0.080607
     10 H                     0.080679
     11 H                     0.080597
     12 H                     0.080669
     13 H                     0.080655
  ----------------------------------------
  Sum of atomic charges =     0.000000

 -----------------------------------------------------------------
                    Cartesian Multipole Moments
 -----------------------------------------------------------------
    Charge (ESU x 10^10)
                 0.0000
    Dipole Moment (Debye)
         X       0.0002      Y       0.0002      Z       0.0001
       Tot       0.0003
    Quadrupole Moments (Debye-Ang)
        XX     -32.1884     XY       0.0042     YY     -29.9861
        XZ       0.0199     YZ       0.0016     ZZ     -29.9903
    Octapole Moments (Debye-Ang^2)
       XXX       0.0041    XXY       0.0033    XYY      -0.5569
       YYY       0.0017    XXZ     -32.1705    XYZ       0.0046
       YYZ     -29.9864    XZZ       0.5983    YZZ       0.0056
       ZZZ     -89.9744
    Hexadecapole Moments (Debye-Ang^3)
      XXXX    -340.7345   XXXY       0.0161   XXYY     -64.1687
      XYYY       0.0093   YYYY    -109.7623   XXXZ       1.3444
      XXYZ       0.0017   XYYZ      -0.2606   YYYZ      -0.0122
      XXZZ     -96.3396   XYZZ       0.0117   YYZZ     -60.3882
      XZZZ       2.4925   YZZZ      -0.0027   ZZZZ    -289.7434
 -----------------------------------------------------------------
 Total job time:  276.40s(wall), 274.07s(cpu) 
 Tue Mar 18 15:39:37 2014

        *************************************************************
        *                                                           *
        *  Thank you very much for using Q-Chem.  Have a nice day.  *
        *                                                           *
        *************************************************************


0 sent ACK to 0 
now end server 0 ... 
 
**********************************************************************
Job 3 of 3 
**********************************************************************
 
Process 0 of 1 is on cl133 - thread support 1
initial socket setup ...start
initial socket setup ...done 
now start server 0 ... 

cmd = /usr/bin/ssh clhead /usr/local/qchem/bin/get_hostid 1884663473 > /tmp/1591949.1.medium.q/qchem30248/lic.dat

cmd = /usr/bin/ssh clhead /usr/local/qchem/bin/get_hostid 1884663473 > /tmp/1591949.1.medium.q/qchem30248/lic.dat

cmd = /usr/bin/ssh clhead /usr/local/qchem/bin/get_hostid 1884663473 > /tmp/1591949.1.medium.q/qchem30248/lic.dat

cmd = /usr/bin/ssh clhead /usr/local/qchem/bin/get_hostid 1884663473 > /tmp/1591949.1.medium.q/qchem30248/lic.dat

cmd = /usr/bin/ssh clhead /usr/local/qchem/bin/get_hostid 1884663473 > /tmp/1591949.1.medium.q/qchem30248/lic.dat
                  Welcome to Q-Chem
     A Quantum Leap Into The Future Of Chemistry

 Y. Shao, L. Fusti-Molnar, Y. Jung, J. Kussmann, C. Ochsenfeld,
 S. T. Brown, A. T. B. Gilbert, L. V. Slipchenko,S. V. Levchenko,
 D. P. O'Neill, R. A. DiStasio Jr., R. C. Lochan, T. Wang,
 G. J. O. Beran, N. A. Besley, J. M. Herbert, C. Y. Lin,
 T. Van Voorhis, S. H. Chien, A. Sodt, R. P. Steele, 
 V. A. Rassolov, P. E. Maslen, P. P. Korambath, R. D. Adamson,
 B. Austin, J. Baker, E. F. C. Byrd, H. Dachsel, R. J. Doerksen,
 A. Dreuw, B. D. Dunietz, A. D. Dutoi, T. R. Furlani,
 S. R. Gwaltney, A. Heyden, S. Hirata, C.-P. Hsu, G. Kedziora,
 R. Z. Khaliullin, P. Klunzinger, A. M. Lee, M. S. Lee, W. Liang,
 I. Lotan, N. Nair, B. Peters, E. I. Proynov, P. A. Pieniazek, 
 Y. M. Rhee, J. Ritchie, E. Rosta, C. D. Sherrill, 
 A. C. Simmonett, J. E. Subotnik, H. L. Woodcock III,
 W. Zhang, A. T. Bell, A. K. Chakraborty, D. M. Chipman,
 F. J. Keil, A. Warshel, W. J. Hehre, H. F. Schaefer III,
 J. Kong, A. I. Krylov, P. M. W. Gill, M. Head-Gordon,
 Q-Chem, Version 3.1, Q-Chem, Inc., Pittsburgh, PA (2007).

 Additional authors for Version 3.1: 
 Z. Gan, Y. Zhao, N. E. Schultz, D. Truhlar, E. Epifanovsky and M. Oana.

 Additional authors for Version 3.2: 
 R. Baer, B. R. Brooks, D. Casanova, J.-D. Chai, C.-L. Cheng, 
 C. Cramer, D. Crittenden, A. Ghysels, G. Hawkins, E. G. Hohenstein, 
 C. Kelley, W. Kurlancheek, D. Liotard, E. Livshits, P. Manohar, 
 A. Marenich, D. Neuhauser, R. Olson, M. A. Rohrdanz, K. S. Thanthiriwatte, 
 A. J. W. Thom, V. Vanovschi, C. F. Williams, Q. Wu and Z.-Q. You. 


 Intel X86 Linux Version

 Q-chem begins on Tue Mar 18 15:39:41 2014  

 Parallel job on  1  processors
Processing $rem in /usr/local/qchem/config/preferences.

theFileMan(): MAXOPENFILES=974 MAX_SUB_FILE_NUM=16
Maximum size of a physical file is 2.0 GB, maximum size of a tmp-file is 32.0 GB


--------------------------------------------------------------
User input:
--------------------------------------------------------------

$molecule
1,2
C         -0.00006        0.00015        0.99980
C          1.26532        0.76004        0.98857
C          1.26516       -0.76001        0.98799
C         -1.27231       -0.00021        0.25137
C         -1.25820        0.00027        1.77153
H          1.57504        1.26150        1.90176
H          1.55860        1.26345        0.07108
H          1.57486       -1.26190        1.90095
H          1.55826       -1.26313        0.07027
H         -1.57794       -0.91602       -0.24774
H         -1.57802        0.91521       -0.24839
H         -1.55535       -0.91513        2.27650
H         -1.55537        0.91578        2.27629
$end

$comment
positive
$end

$xc_functional
C PBE   1.00
X wPBE  1.00
$end

$rem
SYMMETRY_DECOMPOSITION	0
LRC_DFT                 true
exchange 		general
BASIS                   g3large
omega			900
mem_static              760
max_scf_cycles          200
scf_final_print         1
sym_ignore              true
$end

--------------------------------------------------------------
 Writing REM_CC_EA           13
 ----------------------------------------------------
       Standard Nuclear Orientation (Angstroms)
    I     Atom         X            Y            Z
 ----------------------------------------------------
    1      C      -0.000060     0.000150     0.999800
    2      C       1.265320     0.760040     0.988570
    3      C       1.265160    -0.760010     0.987990
    4      C      -1.272310    -0.000210     0.251370
    5      C      -1.258200     0.000270     1.771530
    6      H       1.575040     1.261500     1.901760
    7      H       1.558600     1.263450     0.071080
    8      H       1.574860    -1.261900     1.900950
    9      H       1.558260    -1.263130     0.070270
   10      H      -1.577940    -0.916020    -0.247740
   11      H      -1.578020     0.915210    -0.248390
   12      H      -1.555350    -0.915130     2.276500
   13      H      -1.555370     0.915780     2.276290
 ----------------------------------------------------
 Nuclear Repulsion Energy =   170.9200549349 hartrees
 There are       19 alpha and       18 beta electrons
 Requested basis set is G3large
 There are 98 shells and 290 basis functions

Total QAlloc Memory Limit   2000 MB
Mega-Array Size       743 MB
MEM_STATIC part       760 MB

                       Distance Matrix (Angstroms)
             C (  1)   C (  2)   C (  3)   C (  4)   C (  5)   H (  6)
   C (  2)  1.476057
   C (  3)  1.476064  1.520050
   C (  4)  1.476065  2.749729  2.749302
   C (  5)  1.475969  2.749260  2.749419  1.520226
   H (  6)  2.210311  1.086878  2.239979  3.524642  3.104015
   H (  7)  2.210852  1.086841  2.240808  3.105381  3.524417  1.830755
   H (  8)  2.210252  2.239753  1.086878  3.524110  3.104199  2.523400
   H (  9)  2.210942  2.241050  1.086852  3.104817  3.524615  3.119037
   H ( 10)  2.210301  3.524453  3.103963  1.086843  2.240373  4.393544
   H ( 11)  2.210265  3.104630  3.524013  1.086836  2.240419  3.832082
   H ( 12)  2.210572  3.524363  3.104770  2.240166  1.086853  3.831121
   H ( 13)  2.210609  3.104637  3.524681  2.240416  1.086854  3.171634
             H (  7)   H (  8)   H (  9)   H ( 10)   H ( 11)   H ( 12)
   H (  8)  3.118667
   H (  9)  2.526580  1.830756
   H ( 10)  3.832704  3.831012  3.171335
   H ( 11)  3.172021  4.393190  3.831835  1.831230
   H ( 12)  4.393947  3.171672  3.831856  2.524341  3.118610
   H ( 13)  3.831532  3.831646  4.394185  3.118770  2.524782  1.830910

 
 A cutoff of  1.0D-08 yielded   4435 shell pairs
 There are  39245 function pairs ( 48051 Cartesian)
Evaluating contribution to one-electron hamiltonian from nuclear
 Smallest overlap matrix eigenvalue = 2.59E-05

 Q-Chem warning in module mkSTV.C, line 194:

 Overlap eigenvalue is smaller than square root of threshold

 Multipole matrices computed through 2nd order

  Scale SEOQF with 1.000000e-01/1.000000e-01/1.000000e-01

 Standard Electronic Orientation quadrupole field applied
 Nucleus-field energy     =    -0.0000000026 hartrees
 Guess from superposition of atomic densities
 Warning:  Energy on first SCF cycle will be non-variational
 Long-range K will be added via erf
 Coulomb attenuation parameter = 0.9 bohr**(-1)
 An unrestricted Kohn-Sham SCF calculation will be
 performed using Pulay DIIS extrapolation
 Exchange:  wPBE + LR-HF      Correlation:  PBE
 Using SG-1 standard quadrature grid
 SCF converges when DIIS error is below 1.0E-05
 Requested basis set is G3large
 There are 98 shells and 290 basis functions
 A cutoff of  1.0D-08 yielded   4435 shell pairs
 There are  39245 function pairs ( 48051 Cartesian)
 Warning!  Inaccurate integrated density:
   Number of electrons =    37
   Numerical integral  =    37.999764099938
   Relative error      =     2.7020651350 %
 ---------------------------------------
  Cycle       Energy         DIIS Error
 ---------------------------------------
    1    -197.6034647501      3.02E-02
    2    -194.6589350922      2.65E-03
    3    -194.7701077471      1.33E-03
    4    -194.7946837698      4.75E-04
    5    -194.8025055809      1.50E-04
    6    -194.8049227920      9.09E-05
    7    -194.8063490108      4.59E-05
    8    -194.8068093209      2.28E-05
    9    -194.8069802178      1.47E-05
   10    -194.8070378113      9.90E-06 Convergence criterion met
 ---------------------------------------
 One-Electron    Energy =  -590.3755158079
 Total Coulomb   Energy =   254.3809731546
 Alpha Exchange  Energy =    -6.6389969964
 Beta  Exchange  Energy =    -6.2771378040
 DFT   Exchange  Energy =   -15.6057846286
 DFT Correlation Energy =    -1.2106306615
 Nuclear Repu.   Energy =   170.9200549324
 Nuclear Attr.   Energy =  -784.1595511125
 Kinetic         Energy =   193.7840353047
 <S^2> = 0.7583
 SCF time:  CPU 498.11 s  wall 503.37 s
 Final Alpha MO Eigenvalues
            1           2           3           4           5           6
    1 -10.6854879 -10.6523759 -10.6357496 -10.5842631 -10.5835314  -1.4546987
            7           8           9          10          11          12
    1  -1.3165552  -1.1065815  -1.0542470  -1.0093672  -0.9165362  -0.9141682
           13          14          15          16          17          18
    1  -0.8935705  -0.7849556  -0.7648054  -0.7420559  -0.7363853  -0.6891512
           19          20          21          22          23          24
    1  -0.6605311  -0.0871663  -0.0758381  -0.0745304  -0.0666498  -0.0470492
 Final Beta MO Eigenvalues
            1           2           3           4           5           6
    1 -10.6773351 -10.6472997 -10.6331513 -10.5846113 -10.5839133  -1.4145187
            7           8           9          10          11          12
    1  -1.3093526  -1.0592832  -1.0507220  -0.9664157  -0.9096642  -0.8993321
           13          14          15          16          17          18
    1  -0.8623685  -0.7770558  -0.7509924  -0.7308400  -0.6815997  -0.6508772
           19          20          21          22          23
    1  -0.3385179  -0.0866096  -0.0741020  -0.0733446  -0.0662022
 Analysis of SCF Wavefunction
 
 --------------------------------------------------------------
                    Orbital Energies (a.u.)
 --------------------------------------------------------------
 
 Alpha MOs
 -- Occupied --
-10.685 -10.652 -10.636 -10.584 -10.584  -1.455  -1.317  -1.107
 -1.054  -1.009  -0.917  -0.914  -0.894  -0.785  -0.765  -0.742
 -0.736  -0.689  -0.661
 -- Virtual --
 -0.087  -0.076  -0.075  -0.067  -0.047  -0.043  -0.039  -0.033
 -0.024  -0.004  -0.004   0.008   0.019   0.026   0.026   0.031
  0.041   0.043   0.048   0.061   0.063   0.072   0.078   0.089
  0.094   0.095   0.100   0.100   0.102   0.109   0.139   0.147
  0.148   0.175   0.189   0.209   0.216   0.226   0.261   0.265
  0.278   0.303   0.323   0.386   0.388   0.399   0.403   0.425
  0.435   0.466   0.495   0.495   0.498   0.525   0.532   0.541
  0.544   0.546   0.567   0.583   0.585   0.603   0.604   0.610
  0.626   0.674   0.693   0.729   0.741   0.747   0.774   0.788
  0.814   0.844   0.846   0.851   0.930   0.980   0.986   1.009
  1.017   1.048   1.057   1.064   1.083   1.095   1.121   1.138
  1.144   1.200   1.204   1.250   1.252   1.275   1.285   1.306
  1.325   1.339   1.348   1.361   1.363   1.395   1.419   1.424
  1.428   1.448   1.474   1.514   1.527   1.538   1.542   1.550
  1.574   1.576   1.617   1.725   1.747   1.761   1.781   2.440
  2.475   2.528   2.586   2.620   2.632   2.633   2.651   2.661
  2.681   2.697   2.750   2.763   2.770   2.811   2.878   2.878
  2.896   2.901   2.918   2.984   2.985   3.010   3.022   3.039
  3.073   3.076   3.090   3.093   3.123   3.148   3.168   3.185
  3.231   3.235   3.247   3.274   3.351   3.358   3.359   3.380
  3.403   3.434   3.444   3.459   3.485   3.510   3.511   3.548
  3.556   3.581   3.608   3.611   3.617   3.696   3.794   3.834
  3.885   3.893   3.905   3.945   3.968   3.985   4.067   4.114
  4.123   4.130   4.131   4.145   4.175   4.251   4.277   4.280
  4.301   4.351   4.359   4.362   4.388   4.395   4.416   4.422
  4.510   4.511   4.536   4.547   4.557   4.566   4.612   4.718
  4.740   4.891   4.935   4.991   4.992   5.120   5.284   5.406
  5.452   5.493   5.523   5.626   5.642   5.664   5.693   5.766
  5.801   5.810  24.125  24.189  24.413  24.472  24.501  27.508
 27.578  27.592  27.609  27.996  28.112  28.113  28.116  28.142
 28.177  28.190  28.210  28.551  28.610  28.983  40.882  40.925
 40.983  41.005  41.021  41.044  41.062  41.072  41.074  41.119
 41.121  41.139  41.151  41.178  41.182  41.214  41.222  41.235
 41.250  41.267  41.307  41.322  41.322  41.338  41.368
 
 Beta MOs
 -- Occupied --
-10.677 -10.647 -10.633 -10.585 -10.584  -1.415  -1.309  -1.059
 -1.051  -0.966  -0.910  -0.899  -0.862  -0.777  -0.751  -0.731
 -0.682  -0.651
 -- Virtual --
 -0.339  -0.087  -0.074  -0.073  -0.066  -0.042  -0.042  -0.037
 -0.033  -0.023  -0.003   0.010   0.010   0.021   0.027   0.032
  0.032   0.044   0.049   0.053   0.063   0.067   0.073   0.078
  0.094   0.096   0.098   0.100   0.103   0.104   0.110   0.150
  0.150   0.152   0.182   0.201   0.210   0.228   0.232   0.274
  0.277   0.279   0.305   0.326   0.389   0.395   0.405   0.415
  0.427   0.441   0.474   0.496   0.502   0.507   0.537   0.543
  0.547   0.550   0.568   0.572   0.586   0.590   0.605   0.610
  0.615   0.628   0.676   0.703   0.736   0.743   0.749   0.776
  0.791   0.817   0.847   0.851   0.852   0.934   0.985   0.987
  1.014   1.034   1.052   1.059   1.073   1.086   1.102   1.123
  1.142   1.147   1.204   1.213   1.254   1.261   1.275   1.294
  1.314   1.330   1.339   1.353   1.366   1.368   1.397   1.420
  1.428   1.436   1.451   1.475   1.518   1.532   1.539   1.543
  1.557   1.576   1.579   1.619   1.734   1.763   1.764   1.789
  2.450   2.478   2.540   2.591   2.626   2.636   2.656   2.664
  2.668   2.685   2.702   2.756   2.771   2.781   2.824   2.886
  2.889   2.904   2.906   2.928   2.990   2.996   3.014   3.025
  3.060   3.079   3.083   3.094   3.100   3.130   3.153   3.177
  3.194   3.237   3.241   3.257   3.282   3.358   3.360   3.364
  3.391   3.406   3.448   3.453   3.462   3.492   3.517   3.519
  3.560   3.561   3.584   3.619   3.620   3.626   3.707   3.802
  3.841   3.889   3.898   3.911   3.954   3.971   3.992   4.076
  4.121   4.129   4.134   4.137   4.153   4.179   4.255   4.281
  4.287   4.305   4.358   4.363   4.372   4.390   4.398   4.421
  4.430   4.513   4.519   4.542   4.552   4.568   4.572   4.621
  4.726   4.746   4.907   4.937   4.995   5.004   5.124   5.290
  5.413   5.466   5.496   5.527   5.631   5.647   5.667   5.696
  5.777   5.804   5.817  24.131  24.191  24.417  24.471  24.504
 27.512  27.592  27.595  27.612  28.001  28.115  28.118  28.122
 28.144  28.178  28.191  28.210  28.556  28.610  28.987  40.897
 40.933  40.983  41.011  41.024  41.048  41.065  41.072  41.074
 41.120  41.132  41.148  41.156  41.181  41.183  41.214  41.227
 41.235  41.254  41.270  41.309  41.322  41.323  41.347  41.369
 --------------------------------------------------------------
 
          Ground-State Mulliken Net Atomic Charges

     Atom                 Charge (a.u.)    Spin (a.u.)
  --------------------------------------------------------
      1 C                     0.728943       0.427862
      2 C                    -0.186255       0.287268
      3 C                    -0.224429       0.134918
      4 C                    -0.271513      -0.001613
      5 C                    -0.272824      -0.004474
      6 H                     0.163883       0.014944
      7 H                     0.162690       0.012107
      8 H                     0.161046       0.023560
      9 H                     0.162289       0.026566
     10 H                     0.143670       0.019492
     11 H                     0.144446       0.019908
     12 H                     0.142624       0.016791
     13 H                     0.145432       0.022672
  --------------------------------------------------------
  Sum of atomic charges =     1.000000
  Sum of spin   charges =     1.000000

 -----------------------------------------------------------------
                    Cartesian Multipole Moments
 -----------------------------------------------------------------
    Charge (ESU x 10^10)
                 4.8032
    Dipole Moment (Debye)
         X       1.4389      Y       0.1666      Z       4.7870
       Tot       5.0013
    Quadrupole Moments (Debye-Ang)
        XX     -18.7315     XY       0.2416     YY     -22.4129
        XZ       1.3969     YZ       0.2152     ZZ     -19.4082
    Octapole Moments (Debye-Ang^2)
       XXX       4.8720    XXY       0.1907    XYY       4.4073
       YYY       0.0379    XXZ     -18.7868    XYZ       0.2441
       YYZ     -22.4650    XZZ       0.5370    YZZ       0.3663
       ZZZ     -67.7501
    Hexadecapole Moments (Debye-Ang^3)
      XXXX    -270.8987   XXXY       1.0777   XXYY     -42.2470
      XYYY       0.0235   YYYY     -87.0813   XXXZ       6.1191
      XXYZ       0.3298   XYYZ       4.5891   YYYZ       0.0947
      XXZZ     -64.4107   XYZZ       0.3576   YYZZ     -43.5189
      XZZZ      -0.7188   YZZZ       0.6727   ZZZZ    -231.9631
 -----------------------------------------------------------------
 Total job time:  503.85s(wall), 498.55s(cpu) 
 Tue Mar 18 15:48:05 2014

        *************************************************************
        *                                                           *
        *  Thank you very much for using Q-Chem.  Have a nice day.  *
        *                                                           *
        *************************************************************


0 sent ACK to 0 
now end server 0 ... 
