Process 0 of 1 is on cl151.stfx.acenet.ca - thread support 1
initial socket setup ...start
initial socket setup ...done 
now start server 0 ... 

cmd = /usr/bin/ssh clhead /usr/local/qchem/bin/get_hostid 504354216 > /globalscratch/itamblyn/bnl/g297_b3lyp_neut_g03Large/g2g71127/omega2000/qchem11109/lic.dat
                  Welcome to Q-Chem
     A Quantum Leap Into The Future Of Chemistry

 Y. Shao, L. Fusti-Molnar, Y. Jung, J. Kussmann, C. Ochsenfeld,
 S. T. Brown, A. T. B. Gilbert, L. V. Slipchenko,S. V. Levchenko,
 D. P. O'Neill, R. A. DiStasio Jr., R. C. Lochan, T. Wang,
 G. J. O. Beran, N. A. Besley, J. M. Herbert, C. Y. Lin,
 T. Van Voorhis, S. H. Chien, A. Sodt, R. P. Steele, 
 V. A. Rassolov, P. E. Maslen, P. P. Korambath, R. D. Adamson,
 B. Austin, J. Baker, E. F. C. Byrd, H. Dachsel, R. J. Doerksen,
 A. Dreuw, B. D. Dunietz, A. D. Dutoi, T. R. Furlani,
 S. R. Gwaltney, A. Heyden, S. Hirata, C.-P. Hsu, G. Kedziora,
 R. Z. Khaliullin, P. Klunzinger, A. M. Lee, M. S. Lee, W. Liang,
 I. Lotan, N. Nair, B. Peters, E. I. Proynov, P. A. Pieniazek, 
 Y. M. Rhee, J. Ritchie, E. Rosta, C. D. Sherrill, 
 A. C. Simmonett, J. E. Subotnik, H. L. Woodcock III,
 W. Zhang, A. T. Bell, A. K. Chakraborty, D. M. Chipman,
 F. J. Keil, A. Warshel, W. J. Hehre, H. F. Schaefer III,
 J. Kong, A. I. Krylov, P. M. W. Gill, M. Head-Gordon,
 Q-Chem, Version 3.1, Q-Chem, Inc., Pittsburgh, PA (2007).

 Additional authors for Version 3.1: 
 Z. Gan, Y. Zhao, N. E. Schultz, D. Truhlar, E. Epifanovsky and M. Oana.

 Additional authors for Version 3.2: 
 R. Baer, B. R. Brooks, D. Casanova, J.-D. Chai, C.-L. Cheng, 
 C. Cramer, D. Crittenden, A. Ghysels, G. Hawkins, E. G. Hohenstein, 
 C. Kelley, W. Kurlancheek, D. Liotard, E. Livshits, P. Manohar, 
 A. Marenich, D. Neuhauser, R. Olson, M. A. Rohrdanz, K. S. Thanthiriwatte, 
 A. J. W. Thom, V. Vanovschi, C. F. Williams, Q. Wu and Z.-Q. You. 


 Intel X86 Linux Version

 Q-chem begins on Mon Apr 11 18:37:57 2011  

 Parallel job on  1  processors
Processing $rem in /usr/local/qchem/config/preferences.

theFileMan(): MAXOPENFILES=974 MAX_SUB_FILE_NUM=16
Maximum size of a physical file is 2.0 GB, maximum size of a tmp-file is 32.0 GB


--------------------------------------------------------------
User input:
--------------------------------------------------------------

$molecule
-1,2
O
C1,O,r1
H1,C1,r2,O,a1
H,O,roh,C1,aoh,H1,toh,0
C2,C1,r3a,O,a2a,H1,t1a,0
C3,C1,r3b,O,a2b,H1,-t1b,0
H,C2,r4a,C1,a4a,H1,t2a,0
H,C3,r5a,C1,a5a,H1,-t2b,0
H,C2,r4b,C1,a4b,H1,t3a,0
H,C3,r5b,C1,a5b,H1,-t3b,0
H,C2,r4c,C1,a4c,H1,-t4a,0
H,C3,r5c,C1,a5c,H1,t4b,0

r1=1.43111827
r2=1.9557364
roh=2.07916264
r3a=1.52393712
r3b=1.53017411
r4a=1.09587708
r5a=1.09583825
r4b=1.09448657
r5b=1.09801539
r4c=1.0954512
r5c=1.0964078
a1=28.22171182
aoh=30.02045037
a2a=106.21524706
a2b=111.13113306
a4a=110.2041443
a5a=110.24366741
a4b=110.29321839
a5b=111.03931704
a4c=110.82961388
a5c=111.23833611
toh=-62.32359188
t1a=179.44473237
t1b=57.80032287
t2a=63.0172795
t2b=83.272013
t3a=-56.37337218
t3b=-36.4963859
t4a=176.72748761
t4b=156.21533884

$end

$comment
negative
$end

$xc_functional
   X HF 1.0
   X BNL 1.0
   C LYP 1.0
$end

$rem
SYMMETRY_DECOMPOSITION	0
exchange 		general
BASIS                   g3large
omega			2000
separate_jk		true
mem_static              760
max_scf_cycles          200
scf_final_print         1
sym_ignore              true
$end

--------------------------------------------------------------
 Writing REM_CC_EA           12
 ----------------------------------------------------
       Standard Nuclear Orientation (Angstroms)
    I     Atom         X            Y            Z
 ----------------------------------------------------
    1      O       0.000000     0.000000     0.000000
    2      C       0.000000     0.000000     1.431118
    3      H       0.924838     0.000000    -0.292129
    4      H       0.483161     0.921207     1.800236
    5      C      -1.463245     0.014181     1.856673
    6      C       0.760558    -1.207760     1.982752
    7      H      -1.967442    -0.894454     1.508657
    8      H       0.298586    -2.138301     1.634130
    9      H      -1.976608     0.877600     1.422084
   10      H       1.806714    -1.200668     1.649367
   11      H      -1.551233     0.066921     2.947310
   12      H       0.763328    -1.208441     3.079156
 ----------------------------------------------------
 Nuclear Repulsion Energy =   134.3979926221 hartrees
 There are       18 alpha and       17 beta electrons
 Requested basis set is G3large
 There are 88 shells and 248 basis functions

Total QAlloc Memory Limit   2000 MB
Mega-Array Size       743 MB
MEM_STATIC part       760 MB

                       Distance Matrix (Angstroms)
             O (  1)   C (  2)   H (  3)   H (  4)   C (  5)   C (  6)
   C (  2)  1.431118
   H (  3)  0.969878  1.955736
   H (  4)  2.079163  1.103773  2.328453
   C (  5)  2.364005  1.523937  3.212552  2.148110
   C (  6)  2.443039  1.530174  2.580844  2.154707  2.540539
   H (  7)  2.635701  2.162611  3.522521  3.063836  1.095877  2.786558
   H (  8)  2.707742  2.168571  2.945335  3.069568  2.790476  1.095838
   H (  9)  2.588336  2.162693  3.482398  2.489048  1.094487  3.486424
   H ( 10)  2.725111  2.180241  2.447185  2.505376  3.494491  1.098015
   H ( 11)  3.331282  2.170171  4.077912  2.486833  1.095451  2.810617
   H ( 12)  3.394731  2.181519  3.584965  2.499906  2.819024  1.096408
             H (  7)   H (  8)   H (  9)   H ( 10)   H ( 11)
   H (  8)  2.588007
   H (  9)  1.774192  3.783799
   H ( 10)  3.789170  1.775904  4.322543
   H ( 11)  1.779661  3.163745  1.778892  3.816706
   H ( 12)  3.165779  1.780091  3.821610  1.770031  2.645964
 
 A cutoff of  1.0D-08 yielded   3639 shell pairs
 There are  28920 function pairs ( 34904 Cartesian)
Evaluating contribution to one-electron hamiltonian from nuclear
 Smallest overlap matrix eigenvalue = 4.89E-05

 Q-Chem warning in module mkSTV.C, line 194:

 Overlap eigenvalue is smaller than square root of threshold

 Multipole matrices computed through 2nd order

  Scale SEOQF with 1.000000e-01/1.000000e-01/1.000000e-01

 Standard Electronic Orientation quadrupole field applied
 Nucleus-field energy     =    -0.0000000069 hartrees
 Guess from superposition of atomic densities
 Warning:  Energy on first SCF cycle will be non-variational
 An unrestricted hybrid HF-DFT SCF calculation will be
 performed using Pulay DIIS extrapolation
 Exchange:     1.0000 Hartree-Fock + 1.0000 BNL
 Correlation:  1.0000 LYP
 Using SG-1 standard quadrature grid
 SCF converges when DIIS error is below 1.0E-05
 Warning!  Inaccurate integrated density:
   Number of electrons =    35
   Numerical integral  =    34.000227111547
   Relative error      =    -2.8564939670 %
 ---------------------------------------
  Cycle       Energy         DIIS Error
 ---------------------------------------
    1    -194.4907733071      2.97E-02
    2    -193.2419542151      3.63E-03
    3    -193.3539431621      1.93E-03
    4    -193.3782973033      5.33E-04
    5    -193.3823591169      1.53E-04
    6    -193.3829539878      5.21E-05
    7    -193.3831394845      2.22E-05
    8    -193.3832391371      1.41E-05
    9    -193.3833038561      9.40E-06 Convergence criterion met
 ---------------------------------------
 One-Electron    Energy =  -533.3137266046
 Total Coulomb   Energy =   232.4453453006
 Alpha Exchange  Energy =    -8.8760958518
 Beta  Exchange  Energy =    -8.7918871800
 DFT   Exchange  Energy =    -8.1250031369
 DFT Correlation Energy =    -1.1199289986
 Nuclear Repu.   Energy =   134.3979926152
 Nuclear Attr.   Energy =  -724.7950172807
 Kinetic         Energy =   191.4812906761
 <S^2> = 0.7502
 SCF time:  CPU 242.30 s  wall 274.22 s
 Final Alpha MO Eigenvalues
            1           2           3           4           5           6
    1 -19.4512831 -10.6634992 -10.6030324 -10.5928809  -1.2322509  -0.9302908
            7           8           9          10          11          12
    1  -0.8309065  -0.6933055  -0.5930124  -0.5257183  -0.5017150  -0.4430033
           13          14          15          16          17          18
    1  -0.4394269  -0.4295972  -0.4087463  -0.3719240  -0.3347828   0.0330848
           19          20          21          22          23
    1   0.1331762   0.1433163   0.1475377   0.1735003   0.1799098
 Final Beta MO Eigenvalues
            1           2           3           4           5           6
    1 -19.4508319 -10.6631527 -10.6027716 -10.5921267  -1.2304812  -0.9286618
            7           8           9          10          11          12
    1  -0.8287048  -0.6909167  -0.5910806  -0.5237400  -0.5010495  -0.4423049
           13          14          15          16          17          18
    1  -0.4391098  -0.4288070  -0.4080191  -0.3710941  -0.3333473   0.1236900
           19          20          21          22
    1   0.1412251   0.1450154   0.1493794   0.1643519
 Analysis of SCF Wavefunction
 
 --------------------------------------------------------------
                    Orbital Energies (a.u.)
 --------------------------------------------------------------
 
 Alpha MOs
 -- Occupied --
-19.451 -10.663 -10.603 -10.593  -1.232  -0.930  -0.831  -0.693
 -0.593  -0.526  -0.502  -0.443  -0.439  -0.430  -0.409  -0.372
 -0.335   0.033
 -- Virtual --
  0.133   0.143   0.148   0.174   0.180   0.184   0.192   0.239
  0.245   0.268   0.276   0.280   0.281   0.285   0.296   0.303
  0.306   0.327   0.344   0.379   0.397   0.411   0.418   0.435
  0.441   0.466   0.481   0.491   0.500   0.505   0.521   0.556
  0.575   0.591   0.651   0.669   0.703   0.726   0.745   0.751
  0.797   0.819   0.827   0.835   0.841   0.851   0.864   0.892
  0.900   0.918   0.925   0.951   0.959   0.982   1.022   1.072
  1.088   1.141   1.144   1.188   1.219   1.242   1.261   1.288
  1.327   1.361   1.374   1.400   1.425   1.440   1.461   1.481
  1.495   1.518   1.534   1.579   1.602   1.616   1.631   1.643
  1.653   1.668   1.694   1.720   1.769   1.783   1.796   1.813
  1.828   1.870   1.880   1.913   1.937   1.945   1.984   1.991
  2.145   2.250   2.431   2.465   2.676   2.726   2.795   2.916
  2.944   2.984   2.989   3.059   3.106   3.130   3.227   3.251
  3.269   3.293   3.345   3.366   3.372   3.412   3.445   3.537
  3.557   3.591   3.598   3.631   3.659   3.720   3.753   3.763
  3.776   3.800   3.851   3.880   3.966   3.984   3.992   4.018
  4.036   4.092   4.136   4.148   4.191   4.215   4.258   4.279
  4.317   4.355   4.431   4.435   4.450   4.464   4.495   4.566
  4.601   4.644   4.651   4.670   4.678   4.695   4.745   4.774
  4.786   4.793   4.880   4.900   4.938   5.009   5.034   5.064
  5.075   5.113   5.177   5.302   5.619   5.681   5.750   5.793
  5.871   5.901   6.001   6.038   6.090   6.123   6.150   6.170
  6.183   6.370   6.459   6.993   7.591   7.720   7.828   7.874
  8.158   8.279  25.006  25.115  25.218  28.391  28.563  28.863
 28.905  28.935  28.955  28.969  29.153  29.261  41.715  41.765
 41.780  41.782  41.814  41.820  41.913  41.943  41.959  41.970
 41.975  42.001  42.003  42.044  42.072  44.604  44.628  44.677
 44.711  44.779  46.643  46.955  47.327  51.028
 
 Beta MOs
 -- Occupied --
-19.451 -10.663 -10.603 -10.592  -1.230  -0.929  -0.829  -0.691
 -0.591  -0.524  -0.501  -0.442  -0.439  -0.429  -0.408  -0.371
 -0.333
 -- Virtual --
  0.124   0.141   0.145   0.149   0.164   0.174   0.176   0.182
  0.229   0.235   0.256   0.266   0.268   0.273   0.274   0.288
  0.294   0.295   0.315   0.334   0.373   0.391   0.403   0.411
  0.427   0.432   0.457   0.474   0.485   0.491   0.499   0.512
  0.552   0.569   0.584   0.646   0.663   0.699   0.723   0.741
  0.747   0.792   0.816   0.822   0.830   0.837   0.845   0.862
  0.887   0.896   0.913   0.923   0.946   0.955   0.980   1.020
  1.070   1.087   1.139   1.141   1.186   1.217   1.240   1.259
  1.286   1.325   1.359   1.373   1.398   1.423   1.439   1.458
  1.479   1.493   1.516   1.532   1.578   1.601   1.615   1.629
  1.642   1.651   1.666   1.692   1.718   1.767   1.780   1.794
  1.811   1.826   1.868   1.879   1.911   1.936   1.943   1.983
  1.990   2.144   2.249   2.431   2.465   2.676   2.725   2.794
  2.915   2.943   2.984   2.989   3.059   3.106   3.129   3.227
  3.250   3.268   3.293   3.345   3.366   3.372   3.412   3.445
  3.537   3.557   3.591   3.598   3.631   3.659   3.720   3.753
  3.763   3.776   3.800   3.851   3.880   3.966   3.984   3.992
  4.018   4.036   4.092   4.136   4.148   4.191   4.215   4.258
  4.279   4.317   4.355   4.431   4.435   4.450   4.463   4.495
  4.566   4.600   4.644   4.650   4.670   4.678   4.695   4.745
  4.774   4.786   4.793   4.880   4.900   4.938   5.009   5.034
  5.064   5.075   5.112   5.177   5.302   5.619   5.680   5.750
  5.793   5.871   5.901   6.001   6.038   6.090   6.123   6.150
  6.170   6.183   6.370   6.459   6.993   7.592   7.720   7.828
  7.874   8.158   8.279  25.007  25.116  25.218  28.392  28.563
 28.863  28.906  28.935  28.955  28.969  29.153  29.261  41.715
 41.765  41.780  41.782  41.814  41.820  41.913  41.943  41.959
 41.971  41.976  42.001  42.003  42.044  42.073  44.605  44.628
 44.677  44.712  44.780  46.644  46.956  47.327  51.029
 --------------------------------------------------------------
 
          Ground-State Mulliken Net Atomic Charges

     Atom                 Charge (a.u.)    Spin (a.u.)
  --------------------------------------------------------
      1 O                    -0.449312       0.066800
      2 C                    -0.082902       0.204183
      3 H                    -0.196083       0.478900
      4 H                    -0.782747       0.848245
      5 C                     0.931143      -1.202580
      6 C                     2.133944      -2.395713
      7 H                    -0.024838       0.100281
      8 H                    -0.294626       0.373614
      9 H                    -0.236221       0.319376
     10 H                    -1.381058       1.463893
     11 H                    -0.204281       0.269396
     12 H                    -0.413018       0.473607
  --------------------------------------------------------
  Sum of atomic charges =    -1.000000
  Sum of spin   charges =     1.000000

 -----------------------------------------------------------------
                    Cartesian Multipole Moments
 -----------------------------------------------------------------
    Charge (ESU x 10^10)
                -4.8032
    Dipole Moment (Debye)
         X      -5.4495      Y       0.9758      Z      -6.7471
       Tot       8.7277
    Quadrupole Moments (Debye-Ang)
        XX     -62.3408     XY       4.4229     YY     -51.2110
        XZ      -7.9839     YZ       1.1809     ZZ     -65.7825
    Octapole Moments (Debye-Ang^2)
       XXX     -81.6375    XXY      24.0797    XYY     -22.7480
       YYY      45.3840    XXZ     -92.8056    XYZ       5.6905
       YYZ     -79.6175    XZZ     -30.8662    YZZ      18.5375
       ZZZ    -270.0549
    Hexadecapole Moments (Debye-Ang^3)
      XXXX    -778.8849   XXXY     110.3770   XXYY    -201.6315
      XYYY      73.7646   YYYY    -435.4804   XXXZ     -85.6261
      XXYZ      39.0123   XYYZ     -25.2764   YYYZ      83.5213
      XXZZ    -342.5149   XYZZ      32.6831   YYZZ    -282.0095
      XZZZ     -78.3492   YZZZ      97.6565   ZZZZ   -1315.4073
 -----------------------------------------------------------------
 Total job time:  276.51s(wall), 242.65s(cpu) 
 Mon Apr 11 18:42:34 2011

        *************************************************************
        *                                                           *
        *  Thank you very much for using Q-Chem.  Have a nice day.  *
        *                                                           *
        *************************************************************


0 sent ACK to 0 
now end server 0 ... 
 
**********************************************************************
Job 2 of 3 
**********************************************************************
 
Process 0 of 1 is on cl151.stfx.acenet.ca - thread support 1
initial socket setup ...start
initial socket setup ...done 
now start server 0 ... 

cmd = /usr/bin/ssh clhead /usr/local/qchem/bin/get_hostid 1541644778 > /globalscratch/itamblyn/bnl/g297_b3lyp_neut_g03Large/g2g71127/omega2000/qchem11109/lic.dat
                  Welcome to Q-Chem
     A Quantum Leap Into The Future Of Chemistry

 Y. Shao, L. Fusti-Molnar, Y. Jung, J. Kussmann, C. Ochsenfeld,
 S. T. Brown, A. T. B. Gilbert, L. V. Slipchenko,S. V. Levchenko,
 D. P. O'Neill, R. A. DiStasio Jr., R. C. Lochan, T. Wang,
 G. J. O. Beran, N. A. Besley, J. M. Herbert, C. Y. Lin,
 T. Van Voorhis, S. H. Chien, A. Sodt, R. P. Steele, 
 V. A. Rassolov, P. E. Maslen, P. P. Korambath, R. D. Adamson,
 B. Austin, J. Baker, E. F. C. Byrd, H. Dachsel, R. J. Doerksen,
 A. Dreuw, B. D. Dunietz, A. D. Dutoi, T. R. Furlani,
 S. R. Gwaltney, A. Heyden, S. Hirata, C.-P. Hsu, G. Kedziora,
 R. Z. Khaliullin, P. Klunzinger, A. M. Lee, M. S. Lee, W. Liang,
 I. Lotan, N. Nair, B. Peters, E. I. Proynov, P. A. Pieniazek, 
 Y. M. Rhee, J. Ritchie, E. Rosta, C. D. Sherrill, 
 A. C. Simmonett, J. E. Subotnik, H. L. Woodcock III,
 W. Zhang, A. T. Bell, A. K. Chakraborty, D. M. Chipman,
 F. J. Keil, A. Warshel, W. J. Hehre, H. F. Schaefer III,
 J. Kong, A. I. Krylov, P. M. W. Gill, M. Head-Gordon,
 Q-Chem, Version 3.1, Q-Chem, Inc., Pittsburgh, PA (2007).

 Additional authors for Version 3.1: 
 Z. Gan, Y. Zhao, N. E. Schultz, D. Truhlar, E. Epifanovsky and M. Oana.

 Additional authors for Version 3.2: 
 R. Baer, B. R. Brooks, D. Casanova, J.-D. Chai, C.-L. Cheng, 
 C. Cramer, D. Crittenden, A. Ghysels, G. Hawkins, E. G. Hohenstein, 
 C. Kelley, W. Kurlancheek, D. Liotard, E. Livshits, P. Manohar, 
 A. Marenich, D. Neuhauser, R. Olson, M. A. Rohrdanz, K. S. Thanthiriwatte, 
 A. J. W. Thom, V. Vanovschi, C. F. Williams, Q. Wu and Z.-Q. You. 


 Intel X86 Linux Version

 Q-chem begins on Mon Apr 11 18:42:37 2011  

 Parallel job on  1  processors
Processing $rem in /usr/local/qchem/config/preferences.

theFileMan(): MAXOPENFILES=974 MAX_SUB_FILE_NUM=16
Maximum size of a physical file is 2.0 GB, maximum size of a tmp-file is 32.0 GB


--------------------------------------------------------------
User input:
--------------------------------------------------------------

$molecule
0,1
O
C1,O,r1
H1,C1,r2,O,a1
H,O,roh,C1,aoh,H1,toh,0
C2,C1,r3a,O,a2a,H1,t1a,0
C3,C1,r3b,O,a2b,H1,-t1b,0
H,C2,r4a,C1,a4a,H1,t2a,0
H,C3,r5a,C1,a5a,H1,-t2b,0
H,C2,r4b,C1,a4b,H1,t3a,0
H,C3,r5b,C1,a5b,H1,-t3b,0
H,C2,r4c,C1,a4c,H1,-t4a,0
H,C3,r5c,C1,a5c,H1,t4b,0

r1=1.43111827
r2=1.9557364
roh=2.07916264
r3a=1.52393712
r3b=1.53017411
r4a=1.09587708
r5a=1.09583825
r4b=1.09448657
r5b=1.09801539
r4c=1.0954512
r5c=1.0964078
a1=28.22171182
aoh=30.02045037
a2a=106.21524706
a2b=111.13113306
a4a=110.2041443
a5a=110.24366741
a4b=110.29321839
a5b=111.03931704
a4c=110.82961388
a5c=111.23833611
toh=-62.32359188
t1a=179.44473237
t1b=57.80032287
t2a=63.0172795
t2b=83.272013
t3a=-56.37337218
t3b=-36.4963859
t4a=176.72748761
t4b=156.21533884

$end

$comment
neutral
$end

$xc_functional
   X HF 1.0
   X BNL 1.0
   C LYP 1.0
$end

$rem
SYMMETRY_DECOMPOSITION	0
exchange 		general
BASIS                   g3large
omega			2000
separate_jk		true
mem_static              760
max_scf_cycles          200
scf_final_print         1
sym_ignore              true
$end

--------------------------------------------------------------
 Writing REM_CC_EA           12
 ----------------------------------------------------
       Standard Nuclear Orientation (Angstroms)
    I     Atom         X            Y            Z
 ----------------------------------------------------
    1      O       0.000000     0.000000     0.000000
    2      C       0.000000     0.000000     1.431118
    3      H       0.924838     0.000000    -0.292129
    4      H       0.483161     0.921207     1.800236
    5      C      -1.463245     0.014181     1.856673
    6      C       0.760558    -1.207760     1.982752
    7      H      -1.967442    -0.894454     1.508657
    8      H       0.298586    -2.138301     1.634130
    9      H      -1.976608     0.877600     1.422084
   10      H       1.806714    -1.200668     1.649367
   11      H      -1.551233     0.066921     2.947310
   12      H       0.763328    -1.208441     3.079156
 ----------------------------------------------------
 Nuclear Repulsion Energy =   134.3979926221 hartrees
 There are       17 alpha and       17 beta electrons
 Requested basis set is G3large
 There are 88 shells and 248 basis functions

Total QAlloc Memory Limit   2000 MB
Mega-Array Size       743 MB
MEM_STATIC part       760 MB

                       Distance Matrix (Angstroms)
             O (  1)   C (  2)   H (  3)   H (  4)   C (  5)   C (  6)
   C (  2)  1.431118
   H (  3)  0.969878  1.955736
   H (  4)  2.079163  1.103773  2.328453
   C (  5)  2.364005  1.523937  3.212552  2.148110
   C (  6)  2.443039  1.530174  2.580844  2.154707  2.540539
   H (  7)  2.635701  2.162611  3.522521  3.063836  1.095877  2.786558
   H (  8)  2.707742  2.168571  2.945335  3.069568  2.790476  1.095838
   H (  9)  2.588336  2.162693  3.482398  2.489048  1.094487  3.486424
   H ( 10)  2.725111  2.180241  2.447185  2.505376  3.494491  1.098015
   H ( 11)  3.331282  2.170171  4.077912  2.486833  1.095451  2.810617
   H ( 12)  3.394731  2.181519  3.584965  2.499906  2.819024  1.096408
             H (  7)   H (  8)   H (  9)   H ( 10)   H ( 11)
   H (  8)  2.588007
   H (  9)  1.774192  3.783799
   H ( 10)  3.789170  1.775904  4.322543
   H ( 11)  1.779661  3.163745  1.778892  3.816706
   H ( 12)  3.165779  1.780091  3.821610  1.770031  2.645964
 
 A cutoff of  1.0D-08 yielded   3639 shell pairs
 There are  28920 function pairs ( 34904 Cartesian)
Evaluating contribution to one-electron hamiltonian from nuclear
 Smallest overlap matrix eigenvalue = 4.89E-05

 Q-Chem warning in module mkSTV.C, line 194:

 Overlap eigenvalue is smaller than square root of threshold

 Multipole matrices computed through 2nd order

  Scale SEOQF with 1.000000e-01/1.000000e-01/1.000000e-01

 Standard Electronic Orientation quadrupole field applied
 Nucleus-field energy     =    -0.0000000069 hartrees
 Guess from superposition of atomic densities
 Warning:  Energy on first SCF cycle will be non-variational
 A restricted hybrid HF-DFT SCF calculation will be
 performed using Pulay DIIS extrapolation
 Exchange:     1.0000 Hartree-Fock + 1.0000 BNL
 Correlation:  1.0000 LYP
 Using SG-1 standard quadrature grid
 SCF converges when DIIS error is below 1.0E-05
 ---------------------------------------
  Cycle       Energy         DIIS Error
 ---------------------------------------
    1    -194.4907733071      2.97E-02
    2    -193.3006462992      3.52E-03
    3    -193.3968244582      1.69E-03
    4    -193.4138509580      5.41E-04
    5    -193.4165656923      1.32E-04
    6    -193.4167902682      4.06E-05
    7    -193.4168115345      1.11E-05
    8    -193.4168142544      3.02E-06 Convergence criterion met
 ---------------------------------------
 One-Electron    Energy =  -528.8547222004
 Total Coulomb   Energy =   227.8785957859
 Alpha Exchange  Energy =    -8.8005303912
 Beta  Exchange  Energy =    -8.8005303912
 DFT   Exchange  Energy =    -8.1237864644
 DFT Correlation Energy =    -1.1138332085
 Nuclear Repu.   Energy =   134.3979926152
 Nuclear Attr.   Energy =  -720.2692461427
 Kinetic         Energy =   191.4145239424
 SCF time:  CPU 162.58 s  wall 193.00 s
 Final Alpha MO Eigenvalues
            1           2           3           4           5           6
    1 -19.5859582 -10.7983068 -10.7325217 -10.7246440  -1.3657871  -1.0610093
            7           8           9          10          11          12
    1  -0.9606490  -0.8235353  -0.7255188  -0.6569921  -0.6349019  -0.5761824
           13          14          15          16          17          18
    1  -0.5639021  -0.5587955  -0.5411908  -0.5036461  -0.4681047   0.0316949
           19          20          21          22
    1   0.0497657   0.0526816   0.0577379   0.0784169
 Analysis of SCF Wavefunction
 
 --------------------------------------------------------------
                    Orbital Energies (a.u.)
 --------------------------------------------------------------
 
 Alpha MOs
 -- Occupied --
-19.586 -10.798 -10.733 -10.725  -1.366  -1.061  -0.961  -0.824
 -0.726  -0.657  -0.635  -0.576  -0.564  -0.559  -0.541  -0.504
 -0.468
 -- Virtual --
  0.032   0.050   0.053   0.058   0.078   0.081   0.088   0.094
  0.125   0.137   0.153   0.162   0.166   0.168   0.174   0.181
  0.188   0.193   0.219   0.226   0.260   0.273   0.283   0.295
  0.311   0.315   0.338   0.358   0.368   0.377   0.381   0.400
  0.428   0.449   0.466   0.525   0.542   0.575   0.596   0.618
  0.626   0.669   0.692   0.701   0.706   0.711   0.716   0.735
  0.758   0.771   0.783   0.794   0.825   0.831   0.850   0.893
  0.940   0.957   1.011   1.011   1.057   1.088   1.112   1.131
  1.156   1.197   1.232   1.244   1.268   1.294   1.313   1.328
  1.350   1.367   1.387   1.404   1.452   1.469   1.485   1.501
  1.515   1.521   1.538   1.561   1.587   1.637   1.654   1.664
  1.682   1.700   1.738   1.751   1.782   1.808   1.813   1.850
  1.860   2.014   2.116   2.298   2.332   2.543   2.592   2.665
  2.782   2.809   2.854   2.861   2.925   2.978   2.998   3.096
  3.119   3.136   3.160   3.216   3.234   3.241   3.280   3.315
  3.407   3.422   3.465   3.467   3.498   3.527   3.591   3.622
  3.630   3.648   3.667   3.720   3.748   3.835   3.849   3.865
  3.889   3.902   3.960   4.003   4.015   4.058   4.080   4.124
  4.150   4.185   4.224   4.295   4.303   4.319   4.335   4.367
  4.434   4.467   4.511   4.518   4.540   4.550   4.564   4.611
  4.640   4.656   4.660   4.751   4.766   4.808   4.877   4.907
  4.927   4.948   4.980   5.046   5.171   5.485   5.548   5.617
  5.659   5.742   5.766   5.867   5.906   5.956   5.990   6.023
  6.037   6.054   6.236   6.325   6.859   7.458   7.584   7.694
  7.741   8.025   8.146  24.873  24.984  25.086  28.258  28.430
 28.728  28.777  28.801  28.827  28.837  29.021  29.128  41.582
 41.631  41.642  41.657  41.675  41.694  41.778  41.809  41.830
 41.834  41.844  41.862  41.880  41.920  41.935  44.470  44.493
 44.543  44.577  44.645  46.509  46.821  47.192  50.894
 --------------------------------------------------------------
 
          Ground-State Mulliken Net Atomic Charges

     Atom                 Charge (a.u.)
  ----------------------------------------
      1 O                    -0.361938
      2 C                     0.078592
      3 H                     0.265076
      4 H                     0.064197
      5 C                    -0.263524
      6 C                    -0.276340
      7 H                     0.091846
      8 H                     0.105048
      9 H                     0.097178
     10 H                     0.062032
     11 H                     0.067669
     12 H                     0.070165
  ----------------------------------------
  Sum of atomic charges =     0.000000

 -----------------------------------------------------------------
                    Cartesian Multipole Moments
 -----------------------------------------------------------------
    Charge (ESU x 10^10)
                 0.0000
    Dipole Moment (Debye)
         X       1.4064      Y      -0.0599      Z       1.2403
       Tot       1.8761
    Quadrupole Moments (Debye-Ang)
        XX     -24.5800     XY       0.1355     YY     -26.5346
        XZ      -0.9531     YZ      -0.0291     ZZ     -24.4494
    Octapole Moments (Debye-Ang^2)
       XXX      16.3369    XXY       9.1451    XYY       3.6790
       YYY      26.4571    XXZ     -38.2774    XYZ       0.2306
       YYZ     -37.0753    XZZ       4.9542    YZZ       8.9809
       ZZZ    -106.8464
    Hexadecapole Moments (Debye-Ang^3)
      XXXX    -177.1867   XXXY      21.8220   XXYY     -48.4116
      XYYY      24.6577   YYYY    -115.4343   XXXZ      27.8436
      XXYZ      18.5725   XYYZ       8.4631   YYYZ      54.9964
      XXZZ    -108.8832   XYZZ       7.6401   YYZZ     -98.0968
      XZZZ      26.4218   YZZZ      53.1544   ZZZZ    -435.9846
 -----------------------------------------------------------------
 Total job time:  195.90s(wall), 162.91s(cpu) 
 Mon Apr 11 18:45:52 2011

        *************************************************************
        *                                                           *
        *  Thank you very much for using Q-Chem.  Have a nice day.  *
        *                                                           *
        *************************************************************


0 sent ACK to 0 
now end server 0 ... 
 
**********************************************************************
Job 3 of 3 
**********************************************************************
 
Process 0 of 1 is on cl151.stfx.acenet.ca - thread support 1
initial socket setup ...start
initial socket setup ...done 
now start server 0 ... 

cmd = /usr/bin/ssh clhead /usr/local/qchem/bin/get_hostid 75159032 > /globalscratch/itamblyn/bnl/g297_b3lyp_neut_g03Large/g2g71127/omega2000/qchem11109/lic.dat
                  Welcome to Q-Chem
     A Quantum Leap Into The Future Of Chemistry

 Y. Shao, L. Fusti-Molnar, Y. Jung, J. Kussmann, C. Ochsenfeld,
 S. T. Brown, A. T. B. Gilbert, L. V. Slipchenko,S. V. Levchenko,
 D. P. O'Neill, R. A. DiStasio Jr., R. C. Lochan, T. Wang,
 G. J. O. Beran, N. A. Besley, J. M. Herbert, C. Y. Lin,
 T. Van Voorhis, S. H. Chien, A. Sodt, R. P. Steele, 
 V. A. Rassolov, P. E. Maslen, P. P. Korambath, R. D. Adamson,
 B. Austin, J. Baker, E. F. C. Byrd, H. Dachsel, R. J. Doerksen,
 A. Dreuw, B. D. Dunietz, A. D. Dutoi, T. R. Furlani,
 S. R. Gwaltney, A. Heyden, S. Hirata, C.-P. Hsu, G. Kedziora,
 R. Z. Khaliullin, P. Klunzinger, A. M. Lee, M. S. Lee, W. Liang,
 I. Lotan, N. Nair, B. Peters, E. I. Proynov, P. A. Pieniazek, 
 Y. M. Rhee, J. Ritchie, E. Rosta, C. D. Sherrill, 
 A. C. Simmonett, J. E. Subotnik, H. L. Woodcock III,
 W. Zhang, A. T. Bell, A. K. Chakraborty, D. M. Chipman,
 F. J. Keil, A. Warshel, W. J. Hehre, H. F. Schaefer III,
 J. Kong, A. I. Krylov, P. M. W. Gill, M. Head-Gordon,
 Q-Chem, Version 3.1, Q-Chem, Inc., Pittsburgh, PA (2007).

 Additional authors for Version 3.1: 
 Z. Gan, Y. Zhao, N. E. Schultz, D. Truhlar, E. Epifanovsky and M. Oana.

 Additional authors for Version 3.2: 
 R. Baer, B. R. Brooks, D. Casanova, J.-D. Chai, C.-L. Cheng, 
 C. Cramer, D. Crittenden, A. Ghysels, G. Hawkins, E. G. Hohenstein, 
 C. Kelley, W. Kurlancheek, D. Liotard, E. Livshits, P. Manohar, 
 A. Marenich, D. Neuhauser, R. Olson, M. A. Rohrdanz, K. S. Thanthiriwatte, 
 A. J. W. Thom, V. Vanovschi, C. F. Williams, Q. Wu and Z.-Q. You. 


 Intel X86 Linux Version

 Q-chem begins on Mon Apr 11 18:45:56 2011  

 Parallel job on  1  processors
Processing $rem in /usr/local/qchem/config/preferences.

theFileMan(): MAXOPENFILES=974 MAX_SUB_FILE_NUM=16
Maximum size of a physical file is 2.0 GB, maximum size of a tmp-file is 32.0 GB


--------------------------------------------------------------
User input:
--------------------------------------------------------------

$molecule
1,2
O
C1,O,r1
H1,C1,r2,O,a1
H,O,roh,C1,aoh,H1,toh,0
C2,C1,r3a,O,a2a,H1,t1a,0
C3,C1,r3b,O,a2b,H1,-t1b,0
H,C2,r4a,C1,a4a,H1,t2a,0
H,C3,r5a,C1,a5a,H1,-t2b,0
H,C2,r4b,C1,a4b,H1,t3a,0
H,C3,r5b,C1,a5b,H1,-t3b,0
H,C2,r4c,C1,a4c,H1,-t4a,0
H,C3,r5c,C1,a5c,H1,t4b,0

r1=1.43111827
r2=1.9557364
roh=2.07916264
r3a=1.52393712
r3b=1.53017411
r4a=1.09587708
r5a=1.09583825
r4b=1.09448657
r5b=1.09801539
r4c=1.0954512
r5c=1.0964078
a1=28.22171182
aoh=30.02045037
a2a=106.21524706
a2b=111.13113306
a4a=110.2041443
a5a=110.24366741
a4b=110.29321839
a5b=111.03931704
a4c=110.82961388
a5c=111.23833611
toh=-62.32359188
t1a=179.44473237
t1b=57.80032287
t2a=63.0172795
t2b=83.272013
t3a=-56.37337218
t3b=-36.4963859
t4a=176.72748761
t4b=156.21533884

$end

$comment
positive
$end

$xc_functional
   X HF 1.0
   X BNL 1.0
   C LYP 1.0
$end

$rem
SYMMETRY_DECOMPOSITION	0
exchange 		general
BASIS                   g3large
omega			2000
separate_jk		true
mem_static              760
max_scf_cycles          200
scf_final_print         1
sym_ignore              true
$end

--------------------------------------------------------------
 Writing REM_CC_EA           12
 ----------------------------------------------------
       Standard Nuclear Orientation (Angstroms)
    I     Atom         X            Y            Z
 ----------------------------------------------------
    1      O       0.000000     0.000000     0.000000
    2      C       0.000000     0.000000     1.431118
    3      H       0.924838     0.000000    -0.292129
    4      H       0.483161     0.921207     1.800236
    5      C      -1.463245     0.014181     1.856673
    6      C       0.760558    -1.207760     1.982752
    7      H      -1.967442    -0.894454     1.508657
    8      H       0.298586    -2.138301     1.634130
    9      H      -1.976608     0.877600     1.422084
   10      H       1.806714    -1.200668     1.649367
   11      H      -1.551233     0.066921     2.947310
   12      H       0.763328    -1.208441     3.079156
 ----------------------------------------------------
 Nuclear Repulsion Energy =   134.3979926221 hartrees
 There are       17 alpha and       16 beta electrons
 Requested basis set is G3large
 There are 88 shells and 248 basis functions

Total QAlloc Memory Limit   2000 MB
Mega-Array Size       743 MB
MEM_STATIC part       760 MB

                       Distance Matrix (Angstroms)
             O (  1)   C (  2)   H (  3)   H (  4)   C (  5)   C (  6)
   C (  2)  1.431118
   H (  3)  0.969878  1.955736
   H (  4)  2.079163  1.103773  2.328453
   C (  5)  2.364005  1.523937  3.212552  2.148110
   C (  6)  2.443039  1.530174  2.580844  2.154707  2.540539
   H (  7)  2.635701  2.162611  3.522521  3.063836  1.095877  2.786558
   H (  8)  2.707742  2.168571  2.945335  3.069568  2.790476  1.095838
   H (  9)  2.588336  2.162693  3.482398  2.489048  1.094487  3.486424
   H ( 10)  2.725111  2.180241  2.447185  2.505376  3.494491  1.098015
   H ( 11)  3.331282  2.170171  4.077912  2.486833  1.095451  2.810617
   H ( 12)  3.394731  2.181519  3.584965  2.499906  2.819024  1.096408
             H (  7)   H (  8)   H (  9)   H ( 10)   H ( 11)
   H (  8)  2.588007
   H (  9)  1.774192  3.783799
   H ( 10)  3.789170  1.775904  4.322543
   H ( 11)  1.779661  3.163745  1.778892  3.816706
   H ( 12)  3.165779  1.780091  3.821610  1.770031  2.645964
 
 A cutoff of  1.0D-08 yielded   3639 shell pairs
 There are  28920 function pairs ( 34904 Cartesian)
Evaluating contribution to one-electron hamiltonian from nuclear
 Smallest overlap matrix eigenvalue = 4.89E-05

 Q-Chem warning in module mkSTV.C, line 194:

 Overlap eigenvalue is smaller than square root of threshold

 Multipole matrices computed through 2nd order

  Scale SEOQF with 1.000000e-01/1.000000e-01/1.000000e-01

 Standard Electronic Orientation quadrupole field applied
 Nucleus-field energy     =    -0.0000000069 hartrees
 Guess from superposition of atomic densities
 Warning:  Energy on first SCF cycle will be non-variational
 An unrestricted hybrid HF-DFT SCF calculation will be
 performed using Pulay DIIS extrapolation
 Exchange:     1.0000 Hartree-Fock + 1.0000 BNL
 Correlation:  1.0000 LYP
 Using SG-1 standard quadrature grid
 SCF converges when DIIS error is below 1.0E-05
 Warning!  Inaccurate integrated density:
   Number of electrons =    33
   Numerical integral  =    34.000227111547
   Relative error      =     3.0309912471 %
 ---------------------------------------
  Cycle       Energy         DIIS Error
 ---------------------------------------
    1    -194.4907733071      2.97E-02
    2    -192.8642857455      3.21E-03
    3    -192.9525720310      1.93E-03
    4    -192.9761211824      5.81E-04
    5    -192.9831864670      2.64E-04
    6    -192.9869536536      2.25E-04
    7    -192.9913278154      2.53E-04
    8    -192.9890363443      2.41E-04
    9    -192.9757159781      3.79E-04
   10    -192.9709134688      5.21E-04
   11    -192.9798737949      3.36E-04
   12    -192.9801239025      3.67E-04
   13    -192.9807264753      3.38E-04
   14    -192.9802718617      3.36E-04
   15    -192.9804252128      3.37E-04
   16    -192.9796475421      3.36E-04
   17    -192.9795841364      3.35E-04
   18    -192.9786381436      3.43E-04
   19    -192.9784152625      3.34E-04
   20    -192.9786093453      3.20E-04
   21    -192.9776875814      3.42E-04
   22    -192.9767868195      3.56E-04
   23    -192.9788477643      2.95E-04
   24    -192.9816504639      2.61E-04
   25    -192.9844627602      1.63E-04
   26    -192.9869771641      2.20E-04
   27    -192.9785312525      2.02E-04
   28    -192.9658158363      5.59E-04
   29    -192.9724935914      3.73E-04
   30    -192.9753016863      3.23E-04
   31    -192.9753326327      3.25E-04
   32    -192.9777121802      2.01E-04
   33    -192.9794323181      1.73E-04
   34    -192.9824552418      1.96E-04
   35    -192.9729122065      2.59E-04
   36    -192.9692181314      3.42E-04
   37    -192.9747133546      3.28E-04
   38    -192.9727390367      3.39E-04
   39    -192.9679797286      4.31E-04
   40    -192.9679065790      4.32E-04
   41    -192.9683609361      4.14E-04
   42    -192.9681868835      4.07E-04
   43    -192.9679155621      4.12E-04
   44    -192.9680998809      4.17E-04
   45    -192.9680151762      4.21E-04
   46    -192.9679147596      4.32E-04
   47    -192.9673065836      4.42E-04
   48    -192.9675221560      4.29E-04
   49    -192.9699589648      2.94E-04
   50    -192.9713687801      1.21E-04
   51    -192.9733353358      1.30E-04
   52    -192.9745488810      1.37E-04
   53    -192.9694015855      1.86E-04
   54    -192.9679461154      2.05E-04
   55    -192.9712129961      2.55E-04
   56    -192.9691493311      2.74E-04
   57    -192.9658276343      3.76E-04
   58    -192.9656894240      3.87E-04
   59    -192.9649767329      4.25E-04
   60    -192.9650703679      3.90E-04
   61    -192.9649054140      3.97E-04
   62    -192.9638132488      4.11E-04
   63    -192.9637382926      4.06E-04
   64    -192.9638638978      4.13E-04
   65    -192.9639685884      4.13E-04
   66    -192.9643678650      3.61E-04
   67    -192.9644520496      3.50E-04
   68    -192.9664208546      2.27E-04
   69    -192.9673038462      9.08E-05
   70    -192.9683593867      8.59E-05
   71    -192.9692113197      8.87E-05
   72    -192.9689697007      8.82E-05
   73    -192.9665732860      1.15E-04
   74    -192.9672746420      7.70E-05
   75    -192.9677636429      7.67E-05
   76    -192.9691251561      8.74E-05
   77    -192.9677995633      8.64E-05
   78    -192.9649376224      1.74E-04
   79    -192.9636774560      2.18E-04
   80    -192.9640839749      2.03E-04
   81    -192.9642042409      2.48E-04
   82    -192.9636319187      2.44E-04
   83    -192.9635907142      2.46E-04
   84    -192.9636274275      2.46E-04
   85    -192.9637994304      2.35E-04
   86    -192.9637479747      2.19E-04
   87    -192.9637325052      2.15E-04
   88    -192.9637045531      2.19E-04
   89    -192.9641559855      1.61E-04
   90    -192.9639916747      1.27E-04
   91    -192.9640008101      1.04E-04
   92    -192.9641232158      6.12E-05
   93    -192.9642254419      1.43E-05
   94    -192.9642372582      5.83E-06 Convergence criterion met
 ---------------------------------------
 One-Electron    Energy =  -520.0389049862
 Total Coulomb   Energy =   219.1396862871
 Alpha Exchange  Energy =    -8.8971646068
 Beta  Exchange  Energy =    -8.3754890209
 DFT   Exchange  Energy =    -8.1116302797
 DFT Correlation Energy =    -1.0787272669
 Nuclear Repu.   Energy =   134.3979926152
 Nuclear Attr.   Energy =  -711.1924283546
 Kinetic         Energy =   191.1535233684
 <S^2> = 0.7608
 SCF time:  CPU 2494.08 s  wall 2795.38 s
 Final Alpha MO Eigenvalues
            1           2           3           4           5           6
    1 -19.8402255 -11.1082094 -11.0269961 -10.9699822  -1.6243312  -1.3562985
            7           8           9          10          11          12
    1  -1.2266271  -1.0909629  -0.9948153  -0.9225142  -0.9022821  -0.8354551
           13          14          15          16          17          18
    1  -0.8263570  -0.8113000  -0.7936924  -0.7757587  -0.7245386  -0.1124241
           19          20          21          22
    1  -0.0867379  -0.0807959  -0.0727732  -0.0540057
 Final Beta MO Eigenvalues
            1           2           3           4           5           6
    1 -19.8363951 -11.1018252 -11.0194246 -10.9681734  -1.6077047  -1.3006326
            7           8           9          10          11          12
    1  -1.1850408  -1.0540020  -0.9670311  -0.8970423  -0.8483808  -0.8192060
           13          14          15          16          17          18
    1  -0.8045928  -0.7893262  -0.7618041  -0.7113790  -0.4001982  -0.1109201
           19          20          21
    1  -0.0850617  -0.0796364  -0.0720221
 Analysis of SCF Wavefunction
 
 --------------------------------------------------------------
                    Orbital Energies (a.u.)
 --------------------------------------------------------------
 
 Alpha MOs
 -- Occupied --
-19.840 -11.108 -11.027 -10.970  -1.624  -1.356  -1.227  -1.091
 -0.995  -0.923  -0.902  -0.835  -0.826  -0.811  -0.794  -0.776
 -0.725
 -- Virtual --
 -0.112  -0.087  -0.081  -0.073  -0.054  -0.050  -0.041  -0.032
 -0.026  -0.014  -0.001   0.012   0.020   0.023   0.026   0.032
  0.041   0.050   0.065   0.073   0.078   0.089   0.113   0.116
  0.123   0.128   0.148   0.160   0.174   0.177   0.206   0.227
  0.234   0.247   0.282   0.323   0.342   0.362   0.383   0.411
  0.418   0.456   0.463   0.483   0.490   0.496   0.508   0.512
  0.535   0.546   0.560   0.572   0.613   0.629   0.631   0.669
  0.716   0.738   0.789   0.791   0.830   0.872   0.887   0.910
  0.928   0.971   1.005   1.018   1.043   1.070   1.084   1.113
  1.127   1.141   1.162   1.180   1.210   1.240   1.252   1.257
  1.279   1.293   1.306   1.333   1.362   1.411   1.422   1.432
  1.458   1.473   1.509   1.520   1.550   1.577   1.578   1.622
  1.625   1.777   1.876   2.052   2.084   2.297   2.352   2.421
  2.526   2.562   2.604   2.610   2.674   2.709   2.739   2.816
  2.838   2.867   2.889   2.958   2.965   2.999   3.018   3.042
  3.154   3.173   3.200   3.210   3.237   3.283   3.333   3.354
  3.376   3.383   3.414   3.456   3.493   3.570   3.597   3.603
  3.625   3.655   3.696   3.720   3.741   3.793   3.836   3.862
  3.880   3.927   3.962   4.041   4.053   4.059   4.072   4.109
  4.177   4.213   4.244   4.271   4.291   4.303   4.319   4.350
  4.383   4.393   4.406   4.494   4.523   4.555   4.630   4.644
  4.673   4.683   4.727   4.776   4.906   5.242   5.290   5.370
  5.409   5.464   5.510   5.602   5.643   5.711   5.749   5.764
  5.792   5.806   5.983   6.067   6.599   7.206   7.336   7.441
  7.493   7.773   7.892  24.585  24.714  24.801  27.963  28.136
 28.432  28.499  28.525  28.569  28.578  28.732  28.841  41.269
 41.329  41.356  41.383  41.407  41.434  41.471  41.498  41.533
 41.542  41.573  41.593  41.622  41.625  41.685  44.216  44.239
 44.290  44.322  44.388  46.257  46.565  46.939  50.640
 
 Beta MOs
 -- Occupied --
-19.836 -11.102 -11.019 -10.968  -1.608  -1.301  -1.185  -1.054
 -0.967  -0.897  -0.848  -0.819  -0.805  -0.789  -0.762  -0.711
 -- Virtual --
 -0.400  -0.111  -0.085  -0.080  -0.072  -0.053  -0.049  -0.040
 -0.031  -0.025  -0.011   0.001   0.014   0.021   0.025   0.027
  0.034   0.042   0.053   0.068   0.076   0.082   0.095   0.116
  0.118   0.129   0.137   0.161   0.164   0.179   0.188   0.210
  0.231   0.242   0.254   0.283   0.327   0.352   0.371   0.396
  0.414   0.425   0.468   0.473   0.486   0.496   0.505   0.513
  0.518   0.547   0.562   0.568   0.579   0.620   0.632   0.637
  0.674   0.722   0.741   0.792   0.794   0.837   0.873   0.890
  0.914   0.932   0.974   1.008   1.024   1.047   1.074   1.087
  1.115   1.132   1.144   1.166   1.185   1.221   1.248   1.256
  1.270   1.285   1.298   1.312   1.338   1.364   1.415   1.425
  1.437   1.460   1.474   1.512   1.523   1.555   1.581   1.583
  1.626   1.628   1.781   1.883   2.059   2.091   2.302   2.359
  2.426   2.537   2.569   2.611   2.615   2.685   2.722   2.745
  2.831   2.856   2.877   2.901   2.966   2.972   3.003   3.026
  3.052   3.161   3.178   3.208   3.215   3.243   3.288   3.338
  3.364   3.383   3.387   3.419   3.465   3.498   3.574   3.603
  3.609   3.630   3.659   3.699   3.729   3.747   3.799   3.841
  3.869   3.886   3.933   3.967   4.047   4.057   4.065   4.078
  4.114   4.181   4.218   4.250   4.276   4.295   4.306   4.324
  4.356   4.389   4.398   4.411   4.497   4.526   4.558   4.633
  4.648   4.679   4.687   4.731   4.781   4.912   5.245   5.295
  5.376   5.414   5.471   5.515   5.607   5.650   5.714   5.751
  5.768   5.795   5.810   5.985   6.072   6.602   7.215   7.341
  7.452   7.497   7.778   7.901  24.588  24.717  24.804  27.968
 28.139  28.434  28.501  28.527  28.571  28.579  28.736  28.845
 41.278  41.332  41.362  41.388  41.411  41.436  41.475  41.506
 41.539  41.548  41.582  41.594  41.624  41.629  41.688  44.221
 44.244  44.292  44.326  44.394  46.259  46.570  46.941  50.643
 --------------------------------------------------------------
 
          Ground-State Mulliken Net Atomic Charges

     Atom                 Charge (a.u.)    Spin (a.u.)
  --------------------------------------------------------
      1 O                    -0.229212       0.100036
      2 C                     0.064167       0.270125
      3 H                     0.327990       0.021833
      4 H                     0.200067       0.077966
      5 C                    -0.137942       0.337753
      6 C                    -0.198924       0.074326
      7 H                     0.185296       0.019900
      8 H                     0.160918       0.010995
      9 H                     0.193070       0.030375
     10 H                     0.151688       0.064979
     11 H                     0.155309      -0.006191
     12 H                     0.127573      -0.002099
  --------------------------------------------------------
  Sum of atomic charges =     1.000000
  Sum of spin   charges =     1.000000

 -----------------------------------------------------------------
                    Cartesian Multipole Moments
 -----------------------------------------------------------------
    Charge (ESU x 10^10)
                 4.8032
    Dipole Moment (Debye)
         X      -0.2630      Y      -1.1428      Z       8.5834
       Tot       8.6631
    Quadrupole Moments (Debye-Ang)
        XX     -12.5822     XY      -1.5656     YY     -20.1052
        XZ      -4.4310     YZ      -2.3419     ZZ      -6.4604
    Octapole Moments (Debye-Ang^2)
       XXX       3.9450    XXY       6.0255    XYY       4.5216
       YYY      19.5608    XXZ     -17.3864    XYZ      -3.2071
       YYZ     -25.8688    XZZ      -2.7990    YZZ       2.9083
       ZZZ     -61.4810
    Hexadecapole Moments (Debye-Ang^3)
      XXXX    -113.3209   XXXY      13.9059   XXYY     -33.4693
      XYYY      18.4925   YYYY     -88.4799   XXXZ       4.3230
      XXYZ      12.4649   XYYZ      10.9948   YYYZ      41.6333
      XXZZ     -61.3491   XYZZ      -0.7094   YYZZ     -72.2895
      XZZZ       5.5760   YZZZ      35.1665   ZZZZ    -302.1161
 -----------------------------------------------------------------
 Total job time:  2799.09s(wall), 2494.40s(cpu) 
 Mon Apr 11 19:32:35 2011

        *************************************************************
        *                                                           *
        *  Thank you very much for using Q-Chem.  Have a nice day.  *
        *                                                           *
        *************************************************************


0 sent ACK to 0 
now end server 0 ... 
