Process 0 of 1 is on cl135 - thread support 1
initial socket setup ...start
initial socket setup ...done 
now start server 0 ... 

cmd = /usr/bin/ssh clhead /usr/local/qchem/bin/get_hostid 1871136852 > /tmp/1602342.1.medium.q/qchem15031/lic.dat

cmd = /usr/bin/ssh clhead /usr/local/qchem/bin/get_hostid 1871136852 > /tmp/1602342.1.medium.q/qchem15031/lic.dat

cmd = /usr/bin/ssh clhead /usr/local/qchem/bin/get_hostid 1871136852 > /tmp/1602342.1.medium.q/qchem15031/lic.dat

cmd = /usr/bin/ssh clhead /usr/local/qchem/bin/get_hostid 1871136852 > /tmp/1602342.1.medium.q/qchem15031/lic.dat

cmd = /usr/bin/ssh clhead /usr/local/qchem/bin/get_hostid 1871136852 > /tmp/1602342.1.medium.q/qchem15031/lic.dat
                  Welcome to Q-Chem
     A Quantum Leap Into The Future Of Chemistry

 Y. Shao, L. Fusti-Molnar, Y. Jung, J. Kussmann, C. Ochsenfeld,
 S. T. Brown, A. T. B. Gilbert, L. V. Slipchenko,S. V. Levchenko,
 D. P. O'Neill, R. A. DiStasio Jr., R. C. Lochan, T. Wang,
 G. J. O. Beran, N. A. Besley, J. M. Herbert, C. Y. Lin,
 T. Van Voorhis, S. H. Chien, A. Sodt, R. P. Steele, 
 V. A. Rassolov, P. E. Maslen, P. P. Korambath, R. D. Adamson,
 B. Austin, J. Baker, E. F. C. Byrd, H. Dachsel, R. J. Doerksen,
 A. Dreuw, B. D. Dunietz, A. D. Dutoi, T. R. Furlani,
 S. R. Gwaltney, A. Heyden, S. Hirata, C.-P. Hsu, G. Kedziora,
 R. Z. Khaliullin, P. Klunzinger, A. M. Lee, M. S. Lee, W. Liang,
 I. Lotan, N. Nair, B. Peters, E. I. Proynov, P. A. Pieniazek, 
 Y. M. Rhee, J. Ritchie, E. Rosta, C. D. Sherrill, 
 A. C. Simmonett, J. E. Subotnik, H. L. Woodcock III,
 W. Zhang, A. T. Bell, A. K. Chakraborty, D. M. Chipman,
 F. J. Keil, A. Warshel, W. J. Hehre, H. F. Schaefer III,
 J. Kong, A. I. Krylov, P. M. W. Gill, M. Head-Gordon,
 Q-Chem, Version 3.1, Q-Chem, Inc., Pittsburgh, PA (2007).

 Additional authors for Version 3.1: 
 Z. Gan, Y. Zhao, N. E. Schultz, D. Truhlar, E. Epifanovsky and M. Oana.

 Additional authors for Version 3.2: 
 R. Baer, B. R. Brooks, D. Casanova, J.-D. Chai, C.-L. Cheng, 
 C. Cramer, D. Crittenden, A. Ghysels, G. Hawkins, E. G. Hohenstein, 
 C. Kelley, W. Kurlancheek, D. Liotard, E. Livshits, P. Manohar, 
 A. Marenich, D. Neuhauser, R. Olson, M. A. Rohrdanz, K. S. Thanthiriwatte, 
 A. J. W. Thom, V. Vanovschi, C. F. Williams, Q. Wu and Z.-Q. You. 


 Intel X86 Linux Version

 Q-chem begins on Sun Mar 23 15:00:43 2014  

 Parallel job on  1  processors
Processing $rem in /usr/local/qchem/config/preferences.

theFileMan(): MAXOPENFILES=974 MAX_SUB_FILE_NUM=16
Maximum size of a physical file is 2.0 GB, maximum size of a tmp-file is 32.0 GB


--------------------------------------------------------------
User input:
--------------------------------------------------------------

$molecule
-1,2
Si         0.00042        0.00000        0.00861
Si        -0.00042        0.00000        2.34162
H          1.39615        0.00000       -0.50798
H         -0.69759       -1.20904       -0.50646
H         -0.69759        1.20904       -0.50646
H         -1.39615        0.00000        2.85821
H          0.69759       -1.20904        2.85669
H          0.69759        1.20904        2.85669
$end

$comment
negative
$end

$xc_functional
C PBE   1.00
X wPBE  1.00
$end

$rem
SYMMETRY_DECOMPOSITION	0
exchange 		general
LRC_DFT                 true
BASIS                   g3large
omega			330
mem_static              760
max_scf_cycles          200
scf_final_print         1
sym_ignore              true
$end

--------------------------------------------------------------
 Writing REM_CC_EA            8
 ----------------------------------------------------
       Standard Nuclear Orientation (Angstroms)
    I     Atom         X            Y            Z
 ----------------------------------------------------
    1      Si      0.000420     0.000000     0.008610
    2      Si     -0.000420     0.000000     2.341620
    3      H       1.396150     0.000000    -0.507980
    4      H      -0.697590    -1.209040    -0.506460
    5      H      -0.697590     1.209040    -0.506460
    6      H      -1.396150     0.000000     2.858210
    7      H       0.697590    -1.209040     2.856690
    8      H       0.697590     1.209040     2.856690
 ----------------------------------------------------
 Nuclear Repulsion Energy =    90.8879884197 hartrees
 There are       18 alpha and       17 beta electrons
 Requested basis set is G3large
 There are 74 shells and 192 basis functions

Total QAlloc Memory Limit   2000 MB
Mega-Array Size       743 MB
MEM_STATIC part       760 MB

                       Distance Matrix (Angstroms)
             Si(  1)   Si(  2)   H (  3)   H (  4)   H (  5)   H (  6)
   Si(  2)  2.333010
   H (  3)  1.488263  3.173425
   H (  4)  1.488050  3.171653  2.417753
   H (  5)  1.488050  3.171653  2.417753  2.418080
   H (  6)  3.173425  1.488263  4.373577  3.642907  3.642907
   H (  7)  3.171653  1.488050  3.642907  3.641058  4.370860  2.417753
   H (  8)  3.171653  1.488050  3.642907  4.370860  3.641058  2.417753
             H (  7)
   H (  8)  2.418080
 
 A cutoff of  1.0D-08 yielded   2535 shell pairs
 There are  17276 function pairs ( 22407 Cartesian)
Evaluating contribution to one-electron hamiltonian from nuclear
 Smallest overlap matrix eigenvalue = 1.96E-04
 Multipole matrices computed through 2nd order

  Scale SEOQF with 1.000000e-01/1.000000e-01/1.000000e-01

 Standard Electronic Orientation quadrupole field applied
 Nucleus-field energy     =    -0.0000000103 hartrees
 Guess from superposition of atomic densities
 Warning:  Energy on first SCF cycle will be non-variational
 Long-range K will be added via erf
 Coulomb attenuation parameter = 0.33 bohr**(-1)
 An unrestricted Kohn-Sham SCF calculation will be
 performed using Pulay DIIS extrapolation
 Exchange:  wPBE + LR-HF      Correlation:  PBE
 Using SG-1 standard quadrature grid
 SCF converges when DIIS error is below 1.0E-05
 Requested basis set is G3large
 There are 74 shells and 192 basis functions
 A cutoff of  1.0D-08 yielded   2535 shell pairs
 There are  17276 function pairs ( 22407 Cartesian)
 Warning!  Inaccurate integrated density:
   Number of electrons =    35
   Numerical integral  =    34.000072301361
   Relative error      =    -2.8569362818 %
 ---------------------------------------
  Cycle       Energy         DIIS Error
 ---------------------------------------
    1    -582.2795485077      2.14E-02
    2    -582.2591855687      1.55E-03
    3    -582.2871402398      6.60E-04
    4    -582.2900257052      1.81E-04
    5    -582.2906076572      6.41E-05
    6    -582.2907783502      2.55E-05
    7    -582.2908409389      1.28E-05
    8    -582.2908737777      8.95E-06 Convergence criterion met
 ---------------------------------------
 One-Electron    Energy =  -993.5182299795
 Total Coulomb   Energy =   364.3131477020
 Alpha Exchange  Energy =    -3.0282980264
 Beta  Exchange  Energy =    -2.9105401398
 DFT   Exchange  Energy =   -36.8151062545
 DFT Correlation Energy =    -1.2198354890
 Nuclear Repu.   Energy =    90.8879884094
 Nuclear Attr.   Energy = -1574.8684981463
 Kinetic         Energy =   581.3502681668
 <S^2> = 0.7551
 SCF time:  CPU 110.18 s  wall 111.65 s
 Final Alpha MO Eigenvalues
            1           2           3           4           5           6
    1 -65.3840210 -65.3840163  -5.0426534  -5.0425475  -3.4483775  -3.4483412
            7           8           9          10          11          12
    1  -3.4475968  -3.4472704  -3.4469045  -3.4467217  -0.5044599  -0.4375917
           13          14          15          16          17          18
    1  -0.2869041  -0.2860577  -0.2604096  -0.2576032  -0.2044645   0.0617805
           19          20          21          22          23
    1   0.1618477   0.1643229   0.1943296   0.1966734   0.1997131
 Final Beta MO Eigenvalues
            1           2           3           4           5           6
    1 -65.3839911 -65.3839866  -5.0424689  -5.0423724  -3.4483518  -3.4483341
            7           8           9          10          11          12
    1  -3.4475480  -3.4471070  -3.4462915  -3.4462755  -0.4960223  -0.4338417
           13          14          15          16          17          18
    1  -0.2827137  -0.2716050  -0.2560647  -0.2463165  -0.1910656   0.1639617
           19          20          21          22
    1   0.1661833   0.1956976   0.1988165   0.2028056
 Analysis of SCF Wavefunction
 
 --------------------------------------------------------------
                    Orbital Energies (a.u.)
 --------------------------------------------------------------
 
 Alpha MOs
 -- Occupied --
-65.384 -65.384  -5.043  -5.043  -3.448  -3.448  -3.448  -3.447
 -3.447  -3.447  -0.504  -0.438  -0.287  -0.286  -0.260  -0.258
 -0.204   0.062
 -- Virtual --
  0.162   0.164   0.194   0.197   0.200   0.201   0.204   0.211
  0.212   0.221   0.224   0.261   0.292   0.293   0.298   0.299
  0.327   0.337   0.360   0.373   0.395   0.397   0.446   0.472
  0.488   0.490   0.493   0.495   0.539   0.540   0.542   0.546
  0.582   0.584   0.585   0.664   0.665   0.673   0.701   0.703
  0.716   0.730   0.753   0.754   0.756   0.880   0.881   0.888
  0.890   0.903   0.906   0.914   0.950   0.953   0.959   0.960
  0.993   1.088   1.089   1.101   1.102   1.159   1.160   1.162
  1.203   1.204   1.207   1.221   1.336   1.378   1.386   1.388
  1.391   1.394   1.463   1.465   1.486   1.530   1.532   1.563
  1.578   1.624   1.626   1.654   1.659   1.660   1.773   1.775
  1.776   1.778   1.867   1.968   2.299   2.364   2.366   2.383
  2.391   2.464   2.464   2.507   2.525   2.526   2.607   2.613
  2.614   2.768   3.078   3.083   3.114   3.119   3.325   3.351
  3.812   3.813   3.837   3.839   3.851   4.037   4.041   4.041
  4.044   4.287   4.315   4.320   4.322   4.328   4.340   4.345
  4.367   4.373   4.405   4.411   4.442   4.443   4.584   4.690
  4.721   4.725   4.789   4.792   6.177   6.368  11.618  11.619
 11.648  11.649  11.721  11.867  17.682  17.729  17.729  17.789
 17.803  17.940  17.942  17.981  18.022  18.049  22.345  22.353
 22.356  22.357  22.362  22.369  22.371  22.372  22.383  22.384
 22.385  22.386  22.399  22.411 141.048 141.270
 
 Beta MOs
 -- Occupied --
-65.384 -65.384  -5.042  -5.042  -3.448  -3.448  -3.448  -3.447
 -3.446  -3.446  -0.496  -0.434  -0.283  -0.272  -0.256  -0.246
 -0.191
 -- Virtual --
  0.164   0.166   0.196   0.199   0.203   0.207   0.208   0.213
  0.215   0.221   0.226   0.229   0.296   0.298   0.300   0.304
  0.311   0.342   0.345   0.363   0.378   0.400   0.401   0.453
  0.476   0.491   0.496   0.497   0.501   0.547   0.550   0.551
  0.555   0.586   0.587   0.592   0.668   0.676   0.685   0.711
  0.715   0.724   0.736   0.758   0.762   0.765   0.887   0.890
  0.893   0.894   0.911   0.914   0.921   0.952   0.957   0.962
  0.965   1.003   1.091   1.092   1.104   1.108   1.166   1.166
  1.175   1.206   1.212   1.217   1.223   1.340   1.383   1.392
  1.393   1.397   1.403   1.469   1.471   1.493   1.535   1.539
  1.569   1.585   1.627   1.635   1.660   1.662   1.671   1.777
  1.779   1.784   1.786   1.874   1.973   2.301   2.364   2.373
  2.388   2.396   2.468   2.472   2.509   2.530   2.532   2.611
  2.615   2.621   2.771   3.081   3.093   3.117   3.128   3.332
  3.357   3.813   3.815   3.839   3.841   3.852   4.039   4.043
  4.047   4.050   4.292   4.318   4.326   4.328   4.337   4.344
  4.348   4.371   4.383   4.407   4.419   4.449   4.451   4.590
  4.694   4.724   4.732   4.791   4.800   6.178   6.370  11.618
 11.621  11.648  11.651  11.722  11.868  17.682  17.729  17.730
 17.789  17.803  17.941  17.942  17.982  18.023  18.049  22.345
 22.353  22.356  22.357  22.362  22.370  22.372  22.372  22.383
 22.384  22.385  22.386  22.400  22.411 141.048 141.270
 --------------------------------------------------------------
 
          Ground-State Mulliken Net Atomic Charges

     Atom                 Charge (a.u.)    Spin (a.u.)
  --------------------------------------------------------
      1 Si                   -0.167227       0.551180
      2 Si                   -0.167159       0.551103
      3 H                    -0.120539      -0.006327
      4 H                    -0.141895      -0.010217
      5 H                    -0.070362      -0.034610
      6 H                    -0.120714      -0.006144
      7 H                    -0.070137      -0.034839
      8 H                    -0.141968      -0.010146
  --------------------------------------------------------
  Sum of atomic charges =    -1.000000
  Sum of spin   charges =     1.000000

 -----------------------------------------------------------------
                    Cartesian Multipole Moments
 -----------------------------------------------------------------
    Charge (ESU x 10^10)
                -4.8032
    Dipole Moment (Debye)
         X      -0.0003      Y       0.0003      Z      -5.6443
       Tot       5.6443
    Quadrupole Moments (Debye-Ang)
        XX     -43.9876     XY       2.1815     YY     -43.6277
        XZ       0.3030     YZ       2.1191     ZZ     -57.6531
    Octapole Moments (Debye-Ang^2)
       XXX      -0.0026    XXY       0.0006    XYY      -0.0012
       YYY       0.0021    XXZ     -51.6936    XYZ       2.5603
       YYZ     -51.2643    XZZ       0.7147    YZZ       4.9777
       ZZZ    -187.6591
    Hexadecapole Moments (Debye-Ang^3)
      XXXX    -178.9750   XXXY       0.0649   XXYY     -58.8004
      XYYY      17.5748   YYYY    -173.3275   XXXZ      12.0046
      XXYZ       4.5392   XYYZ      -8.8557   YYYZ      13.4764
      XXZZ    -197.1238   XYZZ       7.6757   YYZZ    -192.2976
      XZZZ       5.3739   YZZZ      39.8464   ZZZZ    -957.3073
 -----------------------------------------------------------------
 Total job time:  111.93s(wall), 110.40s(cpu) 
 Sun Mar 23 15:02:35 2014

        *************************************************************
        *                                                           *
        *  Thank you very much for using Q-Chem.  Have a nice day.  *
        *                                                           *
        *************************************************************


0 sent ACK to 0 
now end server 0 ... 
 
**********************************************************************
Job 2 of 3 
**********************************************************************
 
Process 0 of 1 is on cl135 - thread support 1
initial socket setup ...start
initial socket setup ...done 
now start server 0 ... 

cmd = /usr/bin/ssh clhead /usr/local/qchem/bin/get_hostid 196470457 > /tmp/1602342.1.medium.q/qchem15031/lic.dat

cmd = /usr/bin/ssh clhead /usr/local/qchem/bin/get_hostid 196470457 > /tmp/1602342.1.medium.q/qchem15031/lic.dat

cmd = /usr/bin/ssh clhead /usr/local/qchem/bin/get_hostid 196470457 > /tmp/1602342.1.medium.q/qchem15031/lic.dat

cmd = /usr/bin/ssh clhead /usr/local/qchem/bin/get_hostid 196470457 > /tmp/1602342.1.medium.q/qchem15031/lic.dat

cmd = /usr/bin/ssh clhead /usr/local/qchem/bin/get_hostid 196470457 > /tmp/1602342.1.medium.q/qchem15031/lic.dat
                  Welcome to Q-Chem
     A Quantum Leap Into The Future Of Chemistry

 Y. Shao, L. Fusti-Molnar, Y. Jung, J. Kussmann, C. Ochsenfeld,
 S. T. Brown, A. T. B. Gilbert, L. V. Slipchenko,S. V. Levchenko,
 D. P. O'Neill, R. A. DiStasio Jr., R. C. Lochan, T. Wang,
 G. J. O. Beran, N. A. Besley, J. M. Herbert, C. Y. Lin,
 T. Van Voorhis, S. H. Chien, A. Sodt, R. P. Steele, 
 V. A. Rassolov, P. E. Maslen, P. P. Korambath, R. D. Adamson,
 B. Austin, J. Baker, E. F. C. Byrd, H. Dachsel, R. J. Doerksen,
 A. Dreuw, B. D. Dunietz, A. D. Dutoi, T. R. Furlani,
 S. R. Gwaltney, A. Heyden, S. Hirata, C.-P. Hsu, G. Kedziora,
 R. Z. Khaliullin, P. Klunzinger, A. M. Lee, M. S. Lee, W. Liang,
 I. Lotan, N. Nair, B. Peters, E. I. Proynov, P. A. Pieniazek, 
 Y. M. Rhee, J. Ritchie, E. Rosta, C. D. Sherrill, 
 A. C. Simmonett, J. E. Subotnik, H. L. Woodcock III,
 W. Zhang, A. T. Bell, A. K. Chakraborty, D. M. Chipman,
 F. J. Keil, A. Warshel, W. J. Hehre, H. F. Schaefer III,
 J. Kong, A. I. Krylov, P. M. W. Gill, M. Head-Gordon,
 Q-Chem, Version 3.1, Q-Chem, Inc., Pittsburgh, PA (2007).

 Additional authors for Version 3.1: 
 Z. Gan, Y. Zhao, N. E. Schultz, D. Truhlar, E. Epifanovsky and M. Oana.

 Additional authors for Version 3.2: 
 R. Baer, B. R. Brooks, D. Casanova, J.-D. Chai, C.-L. Cheng, 
 C. Cramer, D. Crittenden, A. Ghysels, G. Hawkins, E. G. Hohenstein, 
 C. Kelley, W. Kurlancheek, D. Liotard, E. Livshits, P. Manohar, 
 A. Marenich, D. Neuhauser, R. Olson, M. A. Rohrdanz, K. S. Thanthiriwatte, 
 A. J. W. Thom, V. Vanovschi, C. F. Williams, Q. Wu and Z.-Q. You. 


 Intel X86 Linux Version

 Q-chem begins on Sun Mar 23 15:02:39 2014  

 Parallel job on  1  processors
Processing $rem in /usr/local/qchem/config/preferences.

theFileMan(): MAXOPENFILES=974 MAX_SUB_FILE_NUM=16
Maximum size of a physical file is 2.0 GB, maximum size of a tmp-file is 32.0 GB


--------------------------------------------------------------
User input:
--------------------------------------------------------------

$molecule
0,1
Si         0.00042        0.00000        0.00861
Si        -0.00042        0.00000        2.34162
H          1.39615        0.00000       -0.50798
H         -0.69759       -1.20904       -0.50646
H         -0.69759        1.20904       -0.50646
H         -1.39615        0.00000        2.85821
H          0.69759       -1.20904        2.85669
H          0.69759        1.20904        2.85669
$end

$comment
neutral
$end

$xc_functional
C PBE   1.00
X wPBE  1.00
$end


$rem
SYMMETRY_DECOMPOSITION	0
LRC_DFT                 true
exchange 		general
BASIS                   g3large
omega			330
mem_static              760
max_scf_cycles          200
scf_final_print         1
sym_ignore              true
$end

--------------------------------------------------------------
 Writing REM_CC_EA            8
 ----------------------------------------------------
       Standard Nuclear Orientation (Angstroms)
    I     Atom         X            Y            Z
 ----------------------------------------------------
    1      Si      0.000420     0.000000     0.008610
    2      Si     -0.000420     0.000000     2.341620
    3      H       1.396150     0.000000    -0.507980
    4      H      -0.697590    -1.209040    -0.506460
    5      H      -0.697590     1.209040    -0.506460
    6      H      -1.396150     0.000000     2.858210
    7      H       0.697590    -1.209040     2.856690
    8      H       0.697590     1.209040     2.856690
 ----------------------------------------------------
 Nuclear Repulsion Energy =    90.8879884197 hartrees
 There are       17 alpha and       17 beta electrons
 Requested basis set is G3large
 There are 74 shells and 192 basis functions

Total QAlloc Memory Limit   2000 MB
Mega-Array Size       743 MB
MEM_STATIC part       760 MB

                       Distance Matrix (Angstroms)
             Si(  1)   Si(  2)   H (  3)   H (  4)   H (  5)   H (  6)
   Si(  2)  2.333010
   H (  3)  1.488263  3.173425
   H (  4)  1.488050  3.171653  2.417753
   H (  5)  1.488050  3.171653  2.417753  2.418080
   H (  6)  3.173425  1.488263  4.373577  3.642907  3.642907
   H (  7)  3.171653  1.488050  3.642907  3.641058  4.370860  2.417753
   H (  8)  3.171653  1.488050  3.642907  4.370860  3.641058  2.417753
             H (  7)
   H (  8)  2.418080
 
 A cutoff of  1.0D-08 yielded   2535 shell pairs
 There are  17276 function pairs ( 22407 Cartesian)
Evaluating contribution to one-electron hamiltonian from nuclear
 Smallest overlap matrix eigenvalue = 1.96E-04
 Multipole matrices computed through 2nd order

  Scale SEOQF with 1.000000e-01/1.000000e-01/1.000000e-01

 Standard Electronic Orientation quadrupole field applied
 Nucleus-field energy     =    -0.0000000103 hartrees
 Guess from superposition of atomic densities
 Warning:  Energy on first SCF cycle will be non-variational
 Long-range K will be added via erf
 Coulomb attenuation parameter = 0.33 bohr**(-1)
 A restricted Kohn-Sham SCF calculation will be
 performed using Pulay DIIS extrapolation
 Exchange:  wPBE + LR-HF      Correlation:  PBE
 Using SG-1 standard quadrature grid
 SCF converges when DIIS error is below 1.0E-05
 Requested basis set is G3large
 There are 74 shells and 192 basis functions
 A cutoff of  1.0D-08 yielded   2535 shell pairs
 There are  17276 function pairs ( 22407 Cartesian)
 ---------------------------------------
  Cycle       Energy         DIIS Error
 ---------------------------------------
    1    -582.2795485077      2.14E-02
    2    -582.3358260727      1.53E-03
    3    -582.3577546581      4.01E-04
    4    -582.3589916785      1.38E-04
    5    -582.3591505419      4.46E-05
    6    -582.3591697383      8.21E-06 Convergence criterion met
 ---------------------------------------
 One-Electron    Energy =  -987.1073484766
 Total Coulomb   Energy =   357.6534977108
 Alpha Exchange  Energy =    -2.9166345496
 Beta  Exchange  Energy =    -2.9166345496
 DFT   Exchange  Energy =   -36.7639154268
 DFT Correlation Energy =    -1.1961228559
 Nuclear Repu.   Energy =    90.8879884094
 Nuclear Attr.   Energy = -1568.3578058381
 Kinetic         Energy =   581.2504573615
 SCF time:  CPU 65.82 s  wall 66.89 s
 Final Alpha MO Eigenvalues
            1           2           3           4           5           6
    1 -65.5747350 -65.5747304  -5.2364199  -5.2363189  -3.6413899  -3.6410884
            7           8           9          10          11          12
    1  -3.6410742  -3.6410235  -3.6410102  -3.6408070  -0.6960016  -0.6246070
           13          14          15          16          17          18
    1  -0.4693577  -0.4692884  -0.4401191  -0.4400992  -0.3940113   0.0417400
           19          20          21          22
    1   0.0485385   0.0746101   0.0746817   0.0758932
 Analysis of SCF Wavefunction
 
 --------------------------------------------------------------
                    Orbital Energies (a.u.)
 --------------------------------------------------------------
 
 Alpha MOs
 -- Occupied --
-65.575 -65.575  -5.236  -5.236  -3.641  -3.641  -3.641  -3.641
 -3.641  -3.641  -0.696  -0.625  -0.469  -0.469  -0.440  -0.440
 -0.394
 -- Virtual --
  0.042   0.049   0.075   0.075   0.076   0.076   0.077   0.077
  0.081   0.098   0.098   0.102   0.139   0.149   0.149   0.158
  0.170   0.180   0.180   0.217   0.221   0.227   0.227   0.296
  0.324   0.332   0.332   0.339   0.340   0.380   0.380   0.392
  0.392   0.429   0.437   0.437   0.493   0.506   0.511   0.537
  0.537   0.550   0.561   0.582   0.586   0.586   0.711   0.711
  0.713   0.724   0.734   0.734   0.742   0.783   0.783   0.785
  0.785   0.827   0.909   0.909   0.928   0.928   0.982   0.982
  0.988   1.029   1.029   1.034   1.036   1.165   1.204   1.214
  1.214   1.214   1.215   1.290   1.291   1.315   1.355   1.356
  1.390   1.405   1.442   1.442   1.476   1.476   1.478   1.598
  1.598   1.601   1.601   1.675   1.786   2.105   2.171   2.171
  2.189   2.197   2.273   2.273   2.314   2.334   2.334   2.418
  2.419   2.420   2.576   2.897   2.898   2.934   2.934   3.142
  3.168   3.618   3.619   3.643   3.644   3.658   3.851   3.852
  3.854   3.856   4.103   4.134   4.134   4.141   4.142   4.154
  4.156   4.185   4.185   4.224   4.224   4.258   4.259   4.400
  4.503   4.535   4.535   4.602   4.602   5.983   6.176  11.426
 11.426  11.456  11.456  11.528  11.675  17.488  17.535  17.536
 17.595  17.610  17.747  17.749  17.788  17.829  17.855  22.151
 22.159  22.163  22.163  22.168  22.176  22.177  22.178  22.189
 22.190  22.191  22.192  22.206  22.217 140.857 141.079
 --------------------------------------------------------------
 
          Ground-State Mulliken Net Atomic Charges

     Atom                 Charge (a.u.)
  ----------------------------------------
      1 Si                    0.226428
      2 Si                    0.226421
      3 H                    -0.075402
      4 H                    -0.075594
      5 H                    -0.075428
      6 H                    -0.075403
      7 H                    -0.075426
      8 H                    -0.075597
  ----------------------------------------
  Sum of atomic charges =     0.000000

 -----------------------------------------------------------------
                    Cartesian Multipole Moments
 -----------------------------------------------------------------
    Charge (ESU x 10^10)
                 0.0000
    Dipole Moment (Debye)
         X       0.0000      Y       0.0000      Z       0.0000
       Tot       0.0000
    Quadrupole Moments (Debye-Ang)
        XX     -31.0680     XY      -0.0004     YY     -31.0704
        XZ      -0.0037     YZ      -0.0006     ZZ     -31.8731
    Octapole Moments (Debye-Ang^2)
       XXX       0.0000    XXY       0.0000    XYY       0.0000
       YYY       0.0000    XXZ     -36.5085    XYZ      -0.0005
       YYZ     -36.5113    XZZ      -0.0088    YZZ      -0.0015
       ZZZ    -112.3638
    Hexadecapole Moments (Debye-Ang^3)
      XXXX     -82.6523   XXXY      -0.0022   XXYY     -27.5524
      XYYY      -0.0032   YYYY     -82.6681   XXXZ       1.0631
      XXYZ      -0.0017   XYYZ      -0.9966   YYYZ      -0.0047
      XXZZ    -118.4361   XYZZ      -0.0072   YYZZ    -118.4547
      XZZZ       0.0292   YZZZ      -0.0070   ZZZZ    -615.9296
 -----------------------------------------------------------------
 Total job time:  67.13s(wall), 66.04s(cpu) 
 Sun Mar 23 15:03:46 2014

        *************************************************************
        *                                                           *
        *  Thank you very much for using Q-Chem.  Have a nice day.  *
        *                                                           *
        *************************************************************


0 sent ACK to 0 
now end server 0 ... 
 
**********************************************************************
Job 3 of 3 
**********************************************************************
 
Process 0 of 1 is on cl135 - thread support 1
initial socket setup ...start
initial socket setup ...done 
now start server 0 ... 

cmd = /usr/bin/ssh clhead /usr/local/qchem/bin/get_hostid 73047080 > /tmp/1602342.1.medium.q/qchem15031/lic.dat

cmd = /usr/bin/ssh clhead /usr/local/qchem/bin/get_hostid 73047080 > /tmp/1602342.1.medium.q/qchem15031/lic.dat

cmd = /usr/bin/ssh clhead /usr/local/qchem/bin/get_hostid 73047080 > /tmp/1602342.1.medium.q/qchem15031/lic.dat

cmd = /usr/bin/ssh clhead /usr/local/qchem/bin/get_hostid 73047080 > /tmp/1602342.1.medium.q/qchem15031/lic.dat

cmd = /usr/bin/ssh clhead /usr/local/qchem/bin/get_hostid 73047080 > /tmp/1602342.1.medium.q/qchem15031/lic.dat
                  Welcome to Q-Chem
     A Quantum Leap Into The Future Of Chemistry

 Y. Shao, L. Fusti-Molnar, Y. Jung, J. Kussmann, C. Ochsenfeld,
 S. T. Brown, A. T. B. Gilbert, L. V. Slipchenko,S. V. Levchenko,
 D. P. O'Neill, R. A. DiStasio Jr., R. C. Lochan, T. Wang,
 G. J. O. Beran, N. A. Besley, J. M. Herbert, C. Y. Lin,
 T. Van Voorhis, S. H. Chien, A. Sodt, R. P. Steele, 
 V. A. Rassolov, P. E. Maslen, P. P. Korambath, R. D. Adamson,
 B. Austin, J. Baker, E. F. C. Byrd, H. Dachsel, R. J. Doerksen,
 A. Dreuw, B. D. Dunietz, A. D. Dutoi, T. R. Furlani,
 S. R. Gwaltney, A. Heyden, S. Hirata, C.-P. Hsu, G. Kedziora,
 R. Z. Khaliullin, P. Klunzinger, A. M. Lee, M. S. Lee, W. Liang,
 I. Lotan, N. Nair, B. Peters, E. I. Proynov, P. A. Pieniazek, 
 Y. M. Rhee, J. Ritchie, E. Rosta, C. D. Sherrill, 
 A. C. Simmonett, J. E. Subotnik, H. L. Woodcock III,
 W. Zhang, A. T. Bell, A. K. Chakraborty, D. M. Chipman,
 F. J. Keil, A. Warshel, W. J. Hehre, H. F. Schaefer III,
 J. Kong, A. I. Krylov, P. M. W. Gill, M. Head-Gordon,
 Q-Chem, Version 3.1, Q-Chem, Inc., Pittsburgh, PA (2007).

 Additional authors for Version 3.1: 
 Z. Gan, Y. Zhao, N. E. Schultz, D. Truhlar, E. Epifanovsky and M. Oana.

 Additional authors for Version 3.2: 
 R. Baer, B. R. Brooks, D. Casanova, J.-D. Chai, C.-L. Cheng, 
 C. Cramer, D. Crittenden, A. Ghysels, G. Hawkins, E. G. Hohenstein, 
 C. Kelley, W. Kurlancheek, D. Liotard, E. Livshits, P. Manohar, 
 A. Marenich, D. Neuhauser, R. Olson, M. A. Rohrdanz, K. S. Thanthiriwatte, 
 A. J. W. Thom, V. Vanovschi, C. F. Williams, Q. Wu and Z.-Q. You. 


 Intel X86 Linux Version

 Q-chem begins on Sun Mar 23 15:03:50 2014  

 Parallel job on  1  processors
Processing $rem in /usr/local/qchem/config/preferences.

theFileMan(): MAXOPENFILES=974 MAX_SUB_FILE_NUM=16
Maximum size of a physical file is 2.0 GB, maximum size of a tmp-file is 32.0 GB


--------------------------------------------------------------
User input:
--------------------------------------------------------------

$molecule
1,2
Si         0.00042        0.00000        0.00861
Si        -0.00042        0.00000        2.34162
H          1.39615        0.00000       -0.50798
H         -0.69759       -1.20904       -0.50646
H         -0.69759        1.20904       -0.50646
H         -1.39615        0.00000        2.85821
H          0.69759       -1.20904        2.85669
H          0.69759        1.20904        2.85669
$end

$comment
positive
$end

$xc_functional
C PBE   1.00
X wPBE  1.00
$end

$rem
SYMMETRY_DECOMPOSITION	0
LRC_DFT                 true
exchange 		general
BASIS                   g3large
omega			330
mem_static              760
max_scf_cycles          200
scf_final_print         1
sym_ignore              true
$end

--------------------------------------------------------------
 Writing REM_CC_EA            8
 ----------------------------------------------------
       Standard Nuclear Orientation (Angstroms)
    I     Atom         X            Y            Z
 ----------------------------------------------------
    1      Si      0.000420     0.000000     0.008610
    2      Si     -0.000420     0.000000     2.341620
    3      H       1.396150     0.000000    -0.507980
    4      H      -0.697590    -1.209040    -0.506460
    5      H      -0.697590     1.209040    -0.506460
    6      H      -1.396150     0.000000     2.858210
    7      H       0.697590    -1.209040     2.856690
    8      H       0.697590     1.209040     2.856690
 ----------------------------------------------------
 Nuclear Repulsion Energy =    90.8879884197 hartrees
 There are       17 alpha and       16 beta electrons
 Requested basis set is G3large
 There are 74 shells and 192 basis functions

Total QAlloc Memory Limit   2000 MB
Mega-Array Size       743 MB
MEM_STATIC part       760 MB

                       Distance Matrix (Angstroms)
             Si(  1)   Si(  2)   H (  3)   H (  4)   H (  5)   H (  6)
   Si(  2)  2.333010
   H (  3)  1.488263  3.173425
   H (  4)  1.488050  3.171653  2.417753
   H (  5)  1.488050  3.171653  2.417753  2.418080
   H (  6)  3.173425  1.488263  4.373577  3.642907  3.642907
   H (  7)  3.171653  1.488050  3.642907  3.641058  4.370860  2.417753
   H (  8)  3.171653  1.488050  3.642907  4.370860  3.641058  2.417753
             H (  7)
   H (  8)  2.418080
 
 A cutoff of  1.0D-08 yielded   2535 shell pairs
 There are  17276 function pairs ( 22407 Cartesian)
Evaluating contribution to one-electron hamiltonian from nuclear
 Smallest overlap matrix eigenvalue = 1.96E-04
 Multipole matrices computed through 2nd order

  Scale SEOQF with 1.000000e-01/1.000000e-01/1.000000e-01

 Standard Electronic Orientation quadrupole field applied
 Nucleus-field energy     =    -0.0000000103 hartrees
 Guess from superposition of atomic densities
 Warning:  Energy on first SCF cycle will be non-variational
 Long-range K will be added via erf
 Coulomb attenuation parameter = 0.33 bohr**(-1)
 An unrestricted Kohn-Sham SCF calculation will be
 performed using Pulay DIIS extrapolation
 Exchange:  wPBE + LR-HF      Correlation:  PBE
 Using SG-1 standard quadrature grid
 SCF converges when DIIS error is below 1.0E-05
 Requested basis set is G3large
 There are 74 shells and 192 basis functions
 A cutoff of  1.0D-08 yielded   2535 shell pairs
 There are  17276 function pairs ( 22407 Cartesian)
 Warning!  Inaccurate integrated density:
   Number of electrons =    33
   Numerical integral  =    34.000072301361
   Relative error      =     3.0305221253 %
 ---------------------------------------
  Cycle       Energy         DIIS Error
 ---------------------------------------
    1    -582.2795485077      2.14E-02
    2    -581.8983846464      2.68E-03
    3    -581.9594814351      1.38E-03
    4    -581.9681814170      2.65E-04
    5    -581.9687250746      6.36E-05
    6    -581.9688415265      1.86E-05
    7    -581.9688682515      9.70E-06 Convergence criterion met
 ---------------------------------------
 One-Electron    Energy =  -978.5937042083
 Total Coulomb   Energy =   349.2346970052
 Alpha Exchange  Energy =    -2.9260360559
 Beta  Exchange  Energy =    -2.7606293070
 DFT   Exchange  Energy =   -36.6517480426
 DFT Correlation Energy =    -1.1594360524
 Nuclear Repu.   Energy =    90.8879884094
 Nuclear Attr.   Energy = -1559.6399089803
 Kinetic         Energy =   581.0462047721
 <S^2> = 0.7547
 SCF time:  CPU 95.59 s  wall 96.89 s
 Final Alpha MO Eigenvalues
            1           2           3           4           5           6
    1 -65.8366767 -65.8366708  -5.4975655  -5.4974518  -3.9093591  -3.9087205
            7           8           9          10          11          12
    1  -3.8992964  -3.8992876  -3.8992352  -3.8992266  -0.9586590  -0.8585797
           13          14          15          16          17          18
    1  -0.6989517  -0.6980594  -0.6732323  -0.6648521  -0.6636447  -0.1480251
           19          20          21          22
    1  -0.1478079  -0.1240686  -0.1135244  -0.0883356
 Final Beta MO Eigenvalues
            1           2           3           4           5           6
    1 -65.8351796 -65.8351750  -5.4958780  -5.4957808  -3.9038883  -3.9032535
            7           8           9          10          11          12
    1  -3.8986842  -3.8986475  -3.8986281  -3.8985916  -0.9199634  -0.8350485
           13          14          15          16          17          18
    1  -0.6903531  -0.6900742  -0.6557117  -0.6555895  -0.3844318  -0.1266867
           19          20          21
    1  -0.1262819  -0.1071530  -0.1039624
 Analysis of SCF Wavefunction
 
 --------------------------------------------------------------
                    Orbital Energies (a.u.)
 --------------------------------------------------------------
 
 Alpha MOs
 -- Occupied --
-65.837 -65.837  -5.498  -5.497  -3.909  -3.909  -3.899  -3.899
 -3.899  -3.899  -0.959  -0.859  -0.699  -0.698  -0.673  -0.665
 -0.664
 -- Virtual --
 -0.148  -0.148  -0.124  -0.114  -0.088  -0.088  -0.061  -0.061
 -0.058  -0.058  -0.028  -0.028  -0.014   0.007   0.008   0.008
  0.017   0.017   0.034   0.037   0.037   0.059   0.059   0.109
  0.147   0.147   0.156   0.156   0.156   0.195   0.195   0.217
  0.217   0.251   0.270   0.270   0.292   0.314   0.319   0.343
  0.343   0.359   0.364   0.379   0.379   0.384   0.500   0.504
  0.504   0.517   0.530   0.530   0.545   0.571   0.571   0.589
  0.590   0.630   0.689   0.689   0.722   0.722   0.761   0.761
  0.782   0.788   0.820   0.820   0.829   0.960   0.991   0.999
  1.000   1.011   1.012   1.088   1.088   1.115   1.144   1.145
  1.180   1.200   1.218   1.218   1.248   1.249   1.262   1.383
  1.384   1.386   1.387   1.415   1.556   1.844   1.909   1.909
  1.952   1.960   2.022   2.023   2.070   2.085   2.085   2.157
  2.158   2.184   2.317   2.673   2.674   2.712   2.713   2.919
  2.945   3.360   3.361   3.386   3.388   3.395   3.613   3.614
  3.617   3.618   3.879   3.895   3.911   3.912   3.919   3.921
  3.933   3.960   3.961   4.000   4.001   4.034   4.036   4.172
  4.266   4.299   4.300   4.364   4.365   5.726   5.923  11.170
 11.170  11.200  11.200  11.260  11.409  17.222  17.276  17.276
 17.334  17.349  17.482  17.486  17.527  17.570  17.596  21.888
 21.897  21.899  21.906  21.910  21.913  21.915  21.918  21.929
 21.929  21.930  21.930  21.948  21.957 140.595 140.817
 
 Beta MOs
 -- Occupied --
-65.835 -65.835  -5.496  -5.496  -3.904  -3.903  -3.899  -3.899
 -3.899  -3.899  -0.920  -0.835  -0.690  -0.690  -0.656  -0.656
 -- Virtual --
 -0.384  -0.127  -0.126  -0.107  -0.104  -0.087  -0.087  -0.057
 -0.057  -0.054  -0.052  -0.027  -0.027  -0.007   0.012   0.015
  0.015   0.018   0.018   0.036   0.039   0.040   0.062   0.062
  0.126   0.153   0.153   0.158   0.158   0.164   0.198   0.198
  0.221   0.221   0.258   0.274   0.274   0.293   0.323   0.329
  0.348   0.348   0.361   0.370   0.385   0.391   0.391   0.511
  0.513   0.513   0.527   0.535   0.535   0.551   0.578   0.578
  0.595   0.595   0.635   0.695   0.695   0.725   0.725   0.767
  0.768   0.789   0.813   0.826   0.826   0.834   0.967   1.003
  1.008   1.008   1.014   1.015   1.092   1.092   1.119   1.151
  1.152   1.188   1.207   1.222   1.222   1.252   1.252   1.271
  1.389   1.389   1.392   1.392   1.440   1.566   1.869   1.937
  1.937   1.951   1.959   2.038   2.038   2.076   2.098   2.099
  2.182   2.182   2.187   2.341   2.682   2.682   2.720   2.720
  2.927   2.952   3.365   3.366   3.390   3.392   3.406   3.617
  3.619   3.620   3.622   3.887   3.910   3.919   3.919   3.928
  3.928   3.941   3.969   3.969   4.008   4.009   4.043   4.044
  4.180   4.276   4.307   4.308   4.373   4.373   5.732   5.928
 11.171  11.171  11.201  11.201  11.270  11.419  17.227  17.278
 17.278  17.336  17.351  17.488  17.489  17.529  17.572  17.598
 21.890  21.899  21.901  21.906  21.911  21.915  21.917  21.920
 21.930  21.930  21.931  21.932  21.949  21.958 140.597 140.819
 --------------------------------------------------------------
 
          Ground-State Mulliken Net Atomic Charges

     Atom                 Charge (a.u.)    Spin (a.u.)
  --------------------------------------------------------
      1 Si                    0.400642       0.377948
      2 Si                    0.400657       0.377945
      3 H                     0.032481       0.035563
      4 H                     0.033581       0.044284
      5 H                     0.033290       0.042207
      6 H                     0.032481       0.035566
      7 H                     0.033288       0.042208
      8 H                     0.033581       0.044278
  --------------------------------------------------------
  Sum of atomic charges =     1.000000
  Sum of spin   charges =     1.000000

 -----------------------------------------------------------------
                    Cartesian Multipole Moments
 -----------------------------------------------------------------
    Charge (ESU x 10^10)
                 4.8032
    Dipole Moment (Debye)
         X       0.0000      Y       0.0000      Z       5.6443
       Tot       5.6443
    Quadrupole Moments (Debye-Ang)
        XX     -25.2264     XY       0.0059     YY     -25.1791
        XZ       0.0762     YZ       0.0200     ZZ      -8.2733
    Octapole Moments (Debye-Ang^2)
       XXX       0.0000    XXY       0.0000    XYY       0.0000
       YYY       0.0000    XXZ     -29.6438    XYZ       0.0070
       YYZ     -29.5884    XZZ       0.1792    YZZ       0.0471
       ZZZ     -44.7545
    Hexadecapole Moments (Debye-Ang^3)
      XXXX     -62.1198   XXXY       0.0100   XXYY     -20.6765
      XYYY       0.0117   YYYY     -61.9570   XXXZ      -3.3798
      XXYZ       0.0130   XYYZ       3.6410   YYYZ       0.0391
      XXZZ     -87.6120   XYZZ       0.0308   YYZZ     -87.3847
      XZZZ       0.7435   YZZZ       0.1818   ZZZZ    -361.0040
 -----------------------------------------------------------------
 Total job time:  97.15s(wall), 95.80s(cpu) 
 Sun Mar 23 15:05:27 2014

        *************************************************************
        *                                                           *
        *  Thank you very much for using Q-Chem.  Have a nice day.  *
        *                                                           *
        *************************************************************


0 sent ACK to 0 
now end server 0 ... 
