Process 0 of 1 is on cl134 - thread support 1
initial socket setup ...start
initial socket setup ...done 
now start server 0 ... 

cmd = /usr/bin/ssh clhead /usr/local/qchem/bin/get_hostid 400712694 > /tmp/1603304.1.medium.q/qchem31001/lic.dat

cmd = /usr/bin/ssh clhead /usr/local/qchem/bin/get_hostid 400712694 > /tmp/1603304.1.medium.q/qchem31001/lic.dat

cmd = /usr/bin/ssh clhead /usr/local/qchem/bin/get_hostid 400712694 > /tmp/1603304.1.medium.q/qchem31001/lic.dat

cmd = /usr/bin/ssh clhead /usr/local/qchem/bin/get_hostid 400712694 > /tmp/1603304.1.medium.q/qchem31001/lic.dat

cmd = /usr/bin/ssh clhead /usr/local/qchem/bin/get_hostid 400712694 > /tmp/1603304.1.medium.q/qchem31001/lic.dat
                  Welcome to Q-Chem
     A Quantum Leap Into The Future Of Chemistry

 Y. Shao, L. Fusti-Molnar, Y. Jung, J. Kussmann, C. Ochsenfeld,
 S. T. Brown, A. T. B. Gilbert, L. V. Slipchenko,S. V. Levchenko,
 D. P. O'Neill, R. A. DiStasio Jr., R. C. Lochan, T. Wang,
 G. J. O. Beran, N. A. Besley, J. M. Herbert, C. Y. Lin,
 T. Van Voorhis, S. H. Chien, A. Sodt, R. P. Steele, 
 V. A. Rassolov, P. E. Maslen, P. P. Korambath, R. D. Adamson,
 B. Austin, J. Baker, E. F. C. Byrd, H. Dachsel, R. J. Doerksen,
 A. Dreuw, B. D. Dunietz, A. D. Dutoi, T. R. Furlani,
 S. R. Gwaltney, A. Heyden, S. Hirata, C.-P. Hsu, G. Kedziora,
 R. Z. Khaliullin, P. Klunzinger, A. M. Lee, M. S. Lee, W. Liang,
 I. Lotan, N. Nair, B. Peters, E. I. Proynov, P. A. Pieniazek, 
 Y. M. Rhee, J. Ritchie, E. Rosta, C. D. Sherrill, 
 A. C. Simmonett, J. E. Subotnik, H. L. Woodcock III,
 W. Zhang, A. T. Bell, A. K. Chakraborty, D. M. Chipman,
 F. J. Keil, A. Warshel, W. J. Hehre, H. F. Schaefer III,
 J. Kong, A. I. Krylov, P. M. W. Gill, M. Head-Gordon,
 Q-Chem, Version 3.1, Q-Chem, Inc., Pittsburgh, PA (2007).

 Additional authors for Version 3.1: 
 Z. Gan, Y. Zhao, N. E. Schultz, D. Truhlar, E. Epifanovsky and M. Oana.

 Additional authors for Version 3.2: 
 R. Baer, B. R. Brooks, D. Casanova, J.-D. Chai, C.-L. Cheng, 
 C. Cramer, D. Crittenden, A. Ghysels, G. Hawkins, E. G. Hohenstein, 
 C. Kelley, W. Kurlancheek, D. Liotard, E. Livshits, P. Manohar, 
 A. Marenich, D. Neuhauser, R. Olson, M. A. Rohrdanz, K. S. Thanthiriwatte, 
 A. J. W. Thom, V. Vanovschi, C. F. Williams, Q. Wu and Z.-Q. You. 


 Intel X86 Linux Version

 Q-chem begins on Wed Mar 26 11:05:55 2014  

 Parallel job on  1  processors
Processing $rem in /usr/local/qchem/config/preferences.

theFileMan(): MAXOPENFILES=974 MAX_SUB_FILE_NUM=16
Maximum size of a physical file is 2.0 GB, maximum size of a tmp-file is 32.0 GB


--------------------------------------------------------------
User input:
--------------------------------------------------------------

$molecule
-1,2
C         -0.00013        0.00000        0.01487
Si        -0.00043        0.00000        1.87462
H          1.01782        0.00000       -0.37208
H         -0.50853       -0.88134       -0.37324
H         -0.50853        0.88134       -0.37324
H         -1.38712        0.00000        2.39962
H          0.69345       -1.20137        2.39767
H          0.69345        1.20137        2.39767
$end

$comment
negative
$end

$xc_functional
C PBE   1.00
X wPBE  1.00
$end

$rem
SYMMETRY_DECOMPOSITION	0
exchange 		general
LRC_DFT                 true
BASIS                   g3large
omega			430
mem_static              760
max_scf_cycles          200
scf_final_print         1
sym_ignore              true
$end

--------------------------------------------------------------
 Writing REM_CC_EA            8
 ----------------------------------------------------
       Standard Nuclear Orientation (Angstroms)
    I     Atom         X            Y            Z
 ----------------------------------------------------
    1      C      -0.000130     0.000000     0.014870
    2      Si     -0.000430     0.000000     1.874620
    3      H       1.017820     0.000000    -0.372080
    4      H      -0.508530    -0.881340    -0.373240
    5      H      -0.508530     0.881340    -0.373240
    6      H      -1.387120     0.000000     2.399620
    7      H       0.693450    -1.201370     2.397670
    8      H       0.693450     1.201370     2.397670
 ----------------------------------------------------
 Nuclear Repulsion Energy =    63.1402175305 hartrees
 There are       14 alpha and       13 beta electrons
 Requested basis set is G3large
 There are 65 shells and 168 basis functions

Total QAlloc Memory Limit   2000 MB
Mega-Array Size       743 MB
MEM_STATIC part       760 MB

                       Distance Matrix (Angstroms)
             C (  1)   Si(  2)   H (  3)   H (  4)   H (  5)   H (  6)
   Si(  2)  1.859750
   H (  3)  1.089014  2.466677
   H (  4)  1.088972  2.467347  1.762528
   H (  5)  1.088972  2.467347  1.762528  1.762680
   H (  6)  2.758763  1.482745  3.669613  3.039315  3.039315
   H (  7)  2.757187  1.482680  3.036449  3.037288  3.668839  2.402512
   H (  8)  2.757187  1.482680  3.036449  3.668839  3.037288  2.402512
             H (  7)
   H (  8)  2.402740
 
 A cutoff of  1.0D-08 yielded   2044 shell pairs
 There are  13820 function pairs ( 17231 Cartesian)
Evaluating contribution to one-electron hamiltonian from nuclear
 Smallest overlap matrix eigenvalue = 1.35E-04
 Multipole matrices computed through 2nd order

  Scale SEOQF with 1.000000e-01/1.000000e-01/1.000000e-01

 Standard Electronic Orientation quadrupole field applied
 Nucleus-field energy     =    -0.0000000067 hartrees
 Guess from superposition of atomic densities
 Warning:  Energy on first SCF cycle will be non-variational
 Long-range K will be added via erf
 Coulomb attenuation parameter = 0.43 bohr**(-1)
 An unrestricted Kohn-Sham SCF calculation will be
 performed using Pulay DIIS extrapolation
 Exchange:  wPBE + LR-HF      Correlation:  PBE
 Using SG-1 standard quadrature grid
 SCF converges when DIIS error is below 1.0E-05
 Requested basis set is G3large
 There are 65 shells and 168 basis functions
 A cutoff of  1.0D-08 yielded   2044 shell pairs
 There are  13820 function pairs ( 17231 Cartesian)
 Warning!  Inaccurate integrated density:
   Number of electrons =    27
   Numerical integral  =    25.999985127030
   Relative error      =    -3.7037587888 %
 ---------------------------------------
  Cycle       Energy         DIIS Error
 ---------------------------------------
    1    -331.2756288887      2.77E-02
    2    -330.9963875107      3.24E-03
    3    -331.0437745689      2.31E-03
    4    -331.0660766450      3.52E-04
    5    -331.0710623439      1.65E-04
    6    -331.0731484737      8.97E-05
    7    -331.0740669055      3.72E-05
    8    -331.0743113856      1.59E-05
    9    -331.0743651706      7.02E-06 Convergence criterion met
 ---------------------------------------
 One-Electron    Energy =  -584.9159727224
 Total Coulomb   Energy =   219.2465863609
 Alpha Exchange  Energy =    -2.8324925641
 Beta  Exchange  Energy =    -2.7651960739
 DFT   Exchange  Energy =   -22.0604098689
 DFT Correlation Energy =    -0.8870978261
 Nuclear Repu.   Energy =    63.1402175238
 Nuclear Attr.   Energy =  -915.2974396172
 Kinetic         Energy =   330.3814668949
 <S^2> = 0.7502
 SCF time:  CPU 92.94 s  wall 94.71 s
 Final Alpha MO Eigenvalues
            1           2           3           4           5           6
    1 -65.4927906  -9.9577717  -5.1550542  -3.5552135  -3.5551989  -3.5538389
            7           8           9          10          11          12
    1  -0.7233116  -0.5417140  -0.4026488  -0.4025646  -0.3271557  -0.3271099
           13          14          15          16          17          18
    1  -0.3130346   0.0281915   0.1482531   0.1509026   0.1509865   0.1763021
           19
    1   0.1885336
 Final Beta MO Eigenvalues
            1           2           3           4           5           6
    1 -65.4927050  -9.9571833  -5.1549563  -3.5551533  -3.5551386  -3.5535950
            7           8           9          10          11          12
    1  -0.7215897  -0.5399456  -0.4018488  -0.4017644  -0.3271164  -0.3270673
           13          14          15          16          17          18
    1  -0.3117318   0.1390209   0.1550342   0.1655582   0.1658028   0.1829016
 Analysis of SCF Wavefunction
 
 --------------------------------------------------------------
                    Orbital Energies (a.u.)
 --------------------------------------------------------------
 
 Alpha MOs
 -- Occupied --
-65.493  -9.958  -5.155  -3.555  -3.555  -3.554  -0.723  -0.542
 -0.403  -0.403  -0.327  -0.327  -0.313   0.028
 -- Virtual --
  0.148   0.151   0.151   0.176   0.189   0.189   0.200   0.200
  0.257   0.269   0.269   0.271   0.303   0.304   0.304   0.316
  0.352   0.369   0.369   0.432   0.432   0.482   0.482   0.484
  0.489   0.531   0.531   0.618   0.635   0.635   0.647   0.673
  0.719   0.719   0.732   0.772   0.772   0.779   0.821   0.821
  0.887   0.914   0.926   0.926   0.971   0.971   1.040   1.051
  1.051   1.085   1.100   1.143   1.219   1.219   1.276   1.276
  1.318   1.358   1.358   1.425   1.425   1.479   1.521   1.548
  1.548   1.554   1.564   1.565   1.651   1.651   1.720   1.721
  1.730   1.778   1.778   1.821   1.870   2.363   2.405   2.414
  2.414   2.476   2.476   2.587   2.763   2.763   2.866   3.078
  3.078   3.201   3.226   3.356   3.365   3.365   3.481   3.481
  3.580   3.580   3.625   3.796   3.796   3.912   3.914   3.936
  4.040   4.042   4.152   4.183   4.184   4.311   4.312   4.312
  4.359   4.380   4.380   4.491   4.491   4.496   4.621   4.634
  4.634   4.696   4.746   4.891   4.891   5.307   5.923   5.923
  6.476  11.614  11.614  11.952  17.740  17.822  17.921  18.002
 18.058  22.353  22.368  22.375  22.376  22.382  22.383  22.409
 24.306  28.004  28.262  28.262  41.136  41.151  41.370  41.411
 41.457 141.277
 
 Beta MOs
 -- Occupied --
-65.493  -9.957  -5.155  -3.555  -3.555  -3.554  -0.722  -0.540
 -0.402  -0.402  -0.327  -0.327  -0.312
 -- Virtual --
  0.139   0.155   0.166   0.166   0.183   0.190   0.190   0.202
  0.202   0.256   0.266   0.266   0.274   0.299   0.305   0.305
  0.319   0.353   0.369   0.369   0.432   0.433   0.479   0.482
  0.482   0.489   0.530   0.530   0.617   0.633   0.633   0.646
  0.674   0.718   0.718   0.732   0.772   0.772   0.778   0.819
  0.819   0.884   0.914   0.926   0.926   0.971   0.971   1.041
  1.050   1.051   1.086   1.101   1.143   1.218   1.219   1.276
  1.276   1.318   1.359   1.359   1.425   1.425   1.479   1.522
  1.548   1.548   1.554   1.564   1.565   1.651   1.651   1.720
  1.720   1.729   1.778   1.778   1.821   1.869   2.363   2.406
  2.415   2.415   2.476   2.476   2.588   2.763   2.763   2.866
  3.078   3.078   3.201   3.227   3.356   3.366   3.366   3.481
  3.481   3.580   3.580   3.626   3.797   3.797   3.912   3.914
  3.938   4.040   4.042   4.152   4.184   4.184   4.310   4.312
  4.312   4.359   4.379   4.379   4.492   4.492   4.496   4.620
  4.634   4.634   4.696   4.746   4.891   4.892   5.307   5.924
  5.924   6.476  11.614  11.614  11.953  17.740  17.823  17.921
 18.003  18.058  22.353  22.368  22.375  22.376  22.383  22.383
 22.409  24.306  28.005  28.262  28.263  41.136  41.152  41.370
 41.411  41.457 141.277
 --------------------------------------------------------------
 
          Ground-State Mulliken Net Atomic Charges

     Atom                 Charge (a.u.)    Spin (a.u.)
  --------------------------------------------------------
      1 C                     2.707650      -2.945055
      2 Si                    0.728091      -0.505473
      3 H                    -1.203544       1.303826
      4 H                    -1.218268       1.319110
      5 H                    -1.186596       1.286332
      6 H                    -0.275663       0.180415
      7 H                    -0.276260       0.181330
      8 H                    -0.275410       0.179515
  --------------------------------------------------------
  Sum of atomic charges =    -1.000000
  Sum of spin   charges =     1.000000

 -----------------------------------------------------------------
                    Cartesian Multipole Moments
 -----------------------------------------------------------------
    Charge (ESU x 10^10)
                -4.8032
    Dipole Moment (Debye)
         X      -0.0019      Y       0.1266      Z       2.0261
       Tot       2.0300
    Quadrupole Moments (Debye-Ang)
        XX     -49.5651     XY      -0.0862     YY     -49.5609
        XZ      -0.0036     YZ      -0.0542     ZZ     -48.1439
    Octapole Moments (Debye-Ang^2)
       XXX      -1.3831    XXY       0.4992    XYY       1.3601
       YYY       1.4977    XXZ     -19.9872    XYZ       0.0429
       YYZ     -19.9839    XZZ       0.0092    YZZ       0.4657
       ZZZ     -71.5548
    Hexadecapole Moments (Debye-Ang^3)
      XXXX    -375.1591   XXXY      -0.6774   XXYY    -125.0358
      XYYY      -0.7589   YYYY    -375.0917   XXXZ       7.4392
      XXYZ      -0.0792   XYYZ      -7.4198   YYYZ      -0.2376
      XXZZ    -181.1453   XYZZ      -0.2211   YYZZ    -181.1325
      XZZZ       0.0325   YZZZ      -0.2244   ZZZZ    -672.3492
 -----------------------------------------------------------------
 Total job time:  94.96s(wall), 93.12s(cpu) 
 Wed Mar 26 11:07:30 2014

        *************************************************************
        *                                                           *
        *  Thank you very much for using Q-Chem.  Have a nice day.  *
        *                                                           *
        *************************************************************


0 sent ACK to 0 
now end server 0 ... 
 
**********************************************************************
Job 2 of 3 
**********************************************************************
 
Process 0 of 1 is on cl134 - thread support 1
initial socket setup ...start
initial socket setup ...done 
now start server 0 ... 

cmd = /usr/bin/ssh clhead /usr/local/qchem/bin/get_hostid 1435780769 > /tmp/1603304.1.medium.q/qchem31001/lic.dat

cmd = /usr/bin/ssh clhead /usr/local/qchem/bin/get_hostid 1435780769 > /tmp/1603304.1.medium.q/qchem31001/lic.dat

cmd = /usr/bin/ssh clhead /usr/local/qchem/bin/get_hostid 1435780769 > /tmp/1603304.1.medium.q/qchem31001/lic.dat

cmd = /usr/bin/ssh clhead /usr/local/qchem/bin/get_hostid 1435780769 > /tmp/1603304.1.medium.q/qchem31001/lic.dat

cmd = /usr/bin/ssh clhead /usr/local/qchem/bin/get_hostid 1435780769 > /tmp/1603304.1.medium.q/qchem31001/lic.dat
                  Welcome to Q-Chem
     A Quantum Leap Into The Future Of Chemistry

 Y. Shao, L. Fusti-Molnar, Y. Jung, J. Kussmann, C. Ochsenfeld,
 S. T. Brown, A. T. B. Gilbert, L. V. Slipchenko,S. V. Levchenko,
 D. P. O'Neill, R. A. DiStasio Jr., R. C. Lochan, T. Wang,
 G. J. O. Beran, N. A. Besley, J. M. Herbert, C. Y. Lin,
 T. Van Voorhis, S. H. Chien, A. Sodt, R. P. Steele, 
 V. A. Rassolov, P. E. Maslen, P. P. Korambath, R. D. Adamson,
 B. Austin, J. Baker, E. F. C. Byrd, H. Dachsel, R. J. Doerksen,
 A. Dreuw, B. D. Dunietz, A. D. Dutoi, T. R. Furlani,
 S. R. Gwaltney, A. Heyden, S. Hirata, C.-P. Hsu, G. Kedziora,
 R. Z. Khaliullin, P. Klunzinger, A. M. Lee, M. S. Lee, W. Liang,
 I. Lotan, N. Nair, B. Peters, E. I. Proynov, P. A. Pieniazek, 
 Y. M. Rhee, J. Ritchie, E. Rosta, C. D. Sherrill, 
 A. C. Simmonett, J. E. Subotnik, H. L. Woodcock III,
 W. Zhang, A. T. Bell, A. K. Chakraborty, D. M. Chipman,
 F. J. Keil, A. Warshel, W. J. Hehre, H. F. Schaefer III,
 J. Kong, A. I. Krylov, P. M. W. Gill, M. Head-Gordon,
 Q-Chem, Version 3.1, Q-Chem, Inc., Pittsburgh, PA (2007).

 Additional authors for Version 3.1: 
 Z. Gan, Y. Zhao, N. E. Schultz, D. Truhlar, E. Epifanovsky and M. Oana.

 Additional authors for Version 3.2: 
 R. Baer, B. R. Brooks, D. Casanova, J.-D. Chai, C.-L. Cheng, 
 C. Cramer, D. Crittenden, A. Ghysels, G. Hawkins, E. G. Hohenstein, 
 C. Kelley, W. Kurlancheek, D. Liotard, E. Livshits, P. Manohar, 
 A. Marenich, D. Neuhauser, R. Olson, M. A. Rohrdanz, K. S. Thanthiriwatte, 
 A. J. W. Thom, V. Vanovschi, C. F. Williams, Q. Wu and Z.-Q. You. 


 Intel X86 Linux Version

 Q-chem begins on Wed Mar 26 11:07:37 2014  

 Parallel job on  1  processors
Processing $rem in /usr/local/qchem/config/preferences.

theFileMan(): MAXOPENFILES=974 MAX_SUB_FILE_NUM=16
Maximum size of a physical file is 2.0 GB, maximum size of a tmp-file is 32.0 GB


--------------------------------------------------------------
User input:
--------------------------------------------------------------

$molecule
0,1
C         -0.00013        0.00000        0.01487
Si        -0.00043        0.00000        1.87462
H          1.01782        0.00000       -0.37208
H         -0.50853       -0.88134       -0.37324
H         -0.50853        0.88134       -0.37324
H         -1.38712        0.00000        2.39962
H          0.69345       -1.20137        2.39767
H          0.69345        1.20137        2.39767
$end

$comment
neutral
$end

$xc_functional
C PBE   1.00
X wPBE  1.00
$end


$rem
SYMMETRY_DECOMPOSITION	0
LRC_DFT                 true
exchange 		general
BASIS                   g3large
omega			430
mem_static              760
max_scf_cycles          200
scf_final_print         1
sym_ignore              true
$end

--------------------------------------------------------------
 Writing REM_CC_EA            8
 ----------------------------------------------------
       Standard Nuclear Orientation (Angstroms)
    I     Atom         X            Y            Z
 ----------------------------------------------------
    1      C      -0.000130     0.000000     0.014870
    2      Si     -0.000430     0.000000     1.874620
    3      H       1.017820     0.000000    -0.372080
    4      H      -0.508530    -0.881340    -0.373240
    5      H      -0.508530     0.881340    -0.373240
    6      H      -1.387120     0.000000     2.399620
    7      H       0.693450    -1.201370     2.397670
    8      H       0.693450     1.201370     2.397670
 ----------------------------------------------------
 Nuclear Repulsion Energy =    63.1402175305 hartrees
 There are       13 alpha and       13 beta electrons
 Requested basis set is G3large
 There are 65 shells and 168 basis functions

Total QAlloc Memory Limit   2000 MB
Mega-Array Size       743 MB
MEM_STATIC part       760 MB

                       Distance Matrix (Angstroms)
             C (  1)   Si(  2)   H (  3)   H (  4)   H (  5)   H (  6)
   Si(  2)  1.859750
   H (  3)  1.089014  2.466677
   H (  4)  1.088972  2.467347  1.762528
   H (  5)  1.088972  2.467347  1.762528  1.762680
   H (  6)  2.758763  1.482745  3.669613  3.039315  3.039315
   H (  7)  2.757187  1.482680  3.036449  3.037288  3.668839  2.402512
   H (  8)  2.757187  1.482680  3.036449  3.668839  3.037288  2.402512
             H (  7)
   H (  8)  2.402740
 
 A cutoff of  1.0D-08 yielded   2044 shell pairs
 There are  13820 function pairs ( 17231 Cartesian)
Evaluating contribution to one-electron hamiltonian from nuclear
 Smallest overlap matrix eigenvalue = 1.35E-04
 Multipole matrices computed through 2nd order

  Scale SEOQF with 1.000000e-01/1.000000e-01/1.000000e-01

 Standard Electronic Orientation quadrupole field applied
 Nucleus-field energy     =    -0.0000000067 hartrees
 Guess from superposition of atomic densities
 Warning:  Energy on first SCF cycle will be non-variational
 Long-range K will be added via erf
 Coulomb attenuation parameter = 0.43 bohr**(-1)
 A restricted Kohn-Sham SCF calculation will be
 performed using Pulay DIIS extrapolation
 Exchange:  wPBE + LR-HF      Correlation:  PBE
 Using SG-1 standard quadrature grid
 SCF converges when DIIS error is below 1.0E-05
 Requested basis set is G3large
 There are 65 shells and 168 basis functions
 A cutoff of  1.0D-08 yielded   2044 shell pairs
 There are  13820 function pairs ( 17231 Cartesian)
 ---------------------------------------
  Cycle       Energy         DIIS Error
 ---------------------------------------
    1    -331.2756288887      2.77E-02
    2    -331.0738574795      2.70E-03
    3    -331.0992860603      1.45E-03
    4    -331.1064486526      2.78E-04
    5    -331.1068503267      5.36E-05
    6    -331.1068708679      1.39E-05
    7    -331.1068717269      2.90E-06 Convergence criterion met
 ---------------------------------------
 One-Electron    Energy =  -581.4794600697
 Total Coulomb   Energy =   215.7025746807
 Alpha Exchange  Energy =    -2.7670396737
 Beta  Exchange  Energy =    -2.7670396737
 DFT   Exchange  Energy =   -22.0569313607
 DFT Correlation Energy =    -0.8791931536
 Nuclear Repu.   Energy =    63.1402175238
 Nuclear Attr.   Energy =  -911.8016849445
 Kinetic         Energy =   330.3222248748
 SCF time:  CPU 57.72 s  wall 58.94 s
 Final Alpha MO Eigenvalues
            1           2           3           4           5           6
    1 -65.6207530 -10.1033263  -5.2831049  -3.6829981  -3.6829872  -3.6823619
            7           8           9          10          11          12
    1  -0.8658497  -0.6693770  -0.5454573  -0.5454214  -0.4540145  -0.4540090
           13          14          15          16          17          18
    1  -0.4494418   0.0388535   0.0616906   0.0679674   0.0679810   0.0865223
 Analysis of SCF Wavefunction
 
 --------------------------------------------------------------
                    Orbital Energies (a.u.)
 --------------------------------------------------------------
 
 Alpha MOs
 -- Occupied --
-65.621 -10.103  -5.283  -3.683  -3.683  -3.682  -0.866  -0.669
 -0.545  -0.545  -0.454  -0.454  -0.449
 -- Virtual --
  0.039   0.062   0.068   0.068   0.087   0.095   0.095   0.104
  0.104   0.157   0.157   0.158   0.162   0.188   0.188   0.191
  0.206   0.238   0.240   0.240   0.305   0.305   0.360   0.365
  0.365   0.369   0.414   0.414   0.500   0.506   0.506   0.521
  0.548   0.590   0.590   0.610   0.642   0.642   0.651   0.686
  0.686   0.752   0.786   0.799   0.799   0.846   0.846   0.914
  0.928   0.928   0.953   0.958   1.014   1.084   1.084   1.147
  1.147   1.188   1.215   1.215   1.302   1.302   1.341   1.387
  1.412   1.412   1.431   1.435   1.436   1.511   1.511   1.582
  1.582   1.595   1.653   1.653   1.689   1.731   2.236   2.277
  2.282   2.282   2.347   2.347   2.461   2.620   2.620   2.723
  2.953   2.953   3.055   3.084   3.224   3.224   3.231   3.336
  3.336   3.438   3.438   3.488   3.654   3.654   3.778   3.780
  3.793   3.914   3.915   4.007   4.044   4.044   4.187   4.189
  4.189   4.234   4.250   4.251   4.349   4.349   4.369   4.475
  4.490   4.490   4.550   4.617   4.763   4.763   5.162   5.777
  5.777   6.347  11.487  11.487  11.824  17.612  17.694  17.792
 17.874  17.930  22.225  22.240  22.247  22.248  22.254  22.255
 22.281  24.160  27.859  28.116  28.117  40.991  41.006  41.224
 41.266  41.311 141.149
 --------------------------------------------------------------
 
          Ground-State Mulliken Net Atomic Charges

     Atom                 Charge (a.u.)
  ----------------------------------------
      1 C                    -0.288118
      2 Si                    0.211183
      3 H                     0.098467
      4 H                     0.098429
      5 H                     0.098374
      6 H                    -0.072694
      7 H                    -0.072800
      8 H                    -0.072842
  ----------------------------------------
  Sum of atomic charges =     0.000000

 -----------------------------------------------------------------
                    Cartesian Multipole Moments
 -----------------------------------------------------------------
    Charge (ESU x 10^10)
                 0.0000
    Dipole Moment (Debye)
         X      -0.0011      Y       0.0000      Z      -0.8114
       Tot       0.8114
    Quadrupole Moments (Debye-Ang)
        XX     -22.8249     XY       0.0000     YY     -22.8256
        XZ      -0.0021     YZ      -0.0001     ZZ     -25.0518
    Octapole Moments (Debye-Ang^2)
       XXX       1.6491    XXY      -0.0001    XYY      -1.6304
       YYY      -0.0003    XXZ     -31.5020    XYZ      -0.0003
       YYZ     -31.5054    XZZ       0.0006    YZZ      -0.0003
       ZZZ     -92.5995
    Hexadecapole Moments (Debye-Ang^3)
      XXXX     -55.7272   XXXY       0.0000   XXYY     -18.5768
      XYYY      -0.0002   YYYY     -55.7351   XXXZ       1.2031
      XXYZ      -0.0003   XYYZ      -1.1615   YYYZ      -0.0006
      XXZZ     -80.4493   XYZZ      -0.0009   YYZZ     -80.4546
      XZZZ       0.0317   YZZZ      -0.0011   ZZZZ    -406.2261
 -----------------------------------------------------------------
 Total job time:  59.15s(wall), 57.90s(cpu) 
 Wed Mar 26 11:08:36 2014

        *************************************************************
        *                                                           *
        *  Thank you very much for using Q-Chem.  Have a nice day.  *
        *                                                           *
        *************************************************************


0 sent ACK to 0 
now end server 0 ... 
 
**********************************************************************
Job 3 of 3 
**********************************************************************
 
Process 0 of 1 is on cl134 - thread support 1
initial socket setup ...start
initial socket setup ...done 
now start server 0 ... 

cmd = /usr/bin/ssh clhead /usr/local/qchem/bin/get_hostid 1449586557 > /tmp/1603304.1.medium.q/qchem31001/lic.dat

cmd = /usr/bin/ssh clhead /usr/local/qchem/bin/get_hostid 1449586557 > /tmp/1603304.1.medium.q/qchem31001/lic.dat

cmd = /usr/bin/ssh clhead /usr/local/qchem/bin/get_hostid 1449586557 > /tmp/1603304.1.medium.q/qchem31001/lic.dat

cmd = /usr/bin/ssh clhead /usr/local/qchem/bin/get_hostid 1449586557 > /tmp/1603304.1.medium.q/qchem31001/lic.dat

cmd = /usr/bin/ssh clhead /usr/local/qchem/bin/get_hostid 1449586557 > /tmp/1603304.1.medium.q/qchem31001/lic.dat
                  Welcome to Q-Chem
     A Quantum Leap Into The Future Of Chemistry

 Y. Shao, L. Fusti-Molnar, Y. Jung, J. Kussmann, C. Ochsenfeld,
 S. T. Brown, A. T. B. Gilbert, L. V. Slipchenko,S. V. Levchenko,
 D. P. O'Neill, R. A. DiStasio Jr., R. C. Lochan, T. Wang,
 G. J. O. Beran, N. A. Besley, J. M. Herbert, C. Y. Lin,
 T. Van Voorhis, S. H. Chien, A. Sodt, R. P. Steele, 
 V. A. Rassolov, P. E. Maslen, P. P. Korambath, R. D. Adamson,
 B. Austin, J. Baker, E. F. C. Byrd, H. Dachsel, R. J. Doerksen,
 A. Dreuw, B. D. Dunietz, A. D. Dutoi, T. R. Furlani,
 S. R. Gwaltney, A. Heyden, S. Hirata, C.-P. Hsu, G. Kedziora,
 R. Z. Khaliullin, P. Klunzinger, A. M. Lee, M. S. Lee, W. Liang,
 I. Lotan, N. Nair, B. Peters, E. I. Proynov, P. A. Pieniazek, 
 Y. M. Rhee, J. Ritchie, E. Rosta, C. D. Sherrill, 
 A. C. Simmonett, J. E. Subotnik, H. L. Woodcock III,
 W. Zhang, A. T. Bell, A. K. Chakraborty, D. M. Chipman,
 F. J. Keil, A. Warshel, W. J. Hehre, H. F. Schaefer III,
 J. Kong, A. I. Krylov, P. M. W. Gill, M. Head-Gordon,
 Q-Chem, Version 3.1, Q-Chem, Inc., Pittsburgh, PA (2007).

 Additional authors for Version 3.1: 
 Z. Gan, Y. Zhao, N. E. Schultz, D. Truhlar, E. Epifanovsky and M. Oana.

 Additional authors for Version 3.2: 
 R. Baer, B. R. Brooks, D. Casanova, J.-D. Chai, C.-L. Cheng, 
 C. Cramer, D. Crittenden, A. Ghysels, G. Hawkins, E. G. Hohenstein, 
 C. Kelley, W. Kurlancheek, D. Liotard, E. Livshits, P. Manohar, 
 A. Marenich, D. Neuhauser, R. Olson, M. A. Rohrdanz, K. S. Thanthiriwatte, 
 A. J. W. Thom, V. Vanovschi, C. F. Williams, Q. Wu and Z.-Q. You. 


 Intel X86 Linux Version

 Q-chem begins on Wed Mar 26 11:08:40 2014  

 Parallel job on  1  processors
Processing $rem in /usr/local/qchem/config/preferences.

theFileMan(): MAXOPENFILES=974 MAX_SUB_FILE_NUM=16
Maximum size of a physical file is 2.0 GB, maximum size of a tmp-file is 32.0 GB


--------------------------------------------------------------
User input:
--------------------------------------------------------------

$molecule
1,2
C         -0.00013        0.00000        0.01487
Si        -0.00043        0.00000        1.87462
H          1.01782        0.00000       -0.37208
H         -0.50853       -0.88134       -0.37324
H         -0.50853        0.88134       -0.37324
H         -1.38712        0.00000        2.39962
H          0.69345       -1.20137        2.39767
H          0.69345        1.20137        2.39767
$end

$comment
positive
$end

$xc_functional
C PBE   1.00
X wPBE  1.00
$end

$rem
SYMMETRY_DECOMPOSITION	0
LRC_DFT                 true
exchange 		general
BASIS                   g3large
omega			430
mem_static              760
max_scf_cycles          200
scf_final_print         1
sym_ignore              true
$end

--------------------------------------------------------------
 Writing REM_CC_EA            8
 ----------------------------------------------------
       Standard Nuclear Orientation (Angstroms)
    I     Atom         X            Y            Z
 ----------------------------------------------------
    1      C      -0.000130     0.000000     0.014870
    2      Si     -0.000430     0.000000     1.874620
    3      H       1.017820     0.000000    -0.372080
    4      H      -0.508530    -0.881340    -0.373240
    5      H      -0.508530     0.881340    -0.373240
    6      H      -1.387120     0.000000     2.399620
    7      H       0.693450    -1.201370     2.397670
    8      H       0.693450     1.201370     2.397670
 ----------------------------------------------------
 Nuclear Repulsion Energy =    63.1402175305 hartrees
 There are       13 alpha and       12 beta electrons
 Requested basis set is G3large
 There are 65 shells and 168 basis functions

Total QAlloc Memory Limit   2000 MB
Mega-Array Size       743 MB
MEM_STATIC part       760 MB

                       Distance Matrix (Angstroms)
             C (  1)   Si(  2)   H (  3)   H (  4)   H (  5)   H (  6)
   Si(  2)  1.859750
   H (  3)  1.089014  2.466677
   H (  4)  1.088972  2.467347  1.762528
   H (  5)  1.088972  2.467347  1.762528  1.762680
   H (  6)  2.758763  1.482745  3.669613  3.039315  3.039315
   H (  7)  2.757187  1.482680  3.036449  3.037288  3.668839  2.402512
   H (  8)  2.757187  1.482680  3.036449  3.668839  3.037288  2.402512
             H (  7)
   H (  8)  2.402740
 
 A cutoff of  1.0D-08 yielded   2044 shell pairs
 There are  13820 function pairs ( 17231 Cartesian)
Evaluating contribution to one-electron hamiltonian from nuclear
 Smallest overlap matrix eigenvalue = 1.35E-04
 Multipole matrices computed through 2nd order

  Scale SEOQF with 1.000000e-01/1.000000e-01/1.000000e-01

 Standard Electronic Orientation quadrupole field applied
 Nucleus-field energy     =    -0.0000000067 hartrees
 Guess from superposition of atomic densities
 Warning:  Energy on first SCF cycle will be non-variational
 Long-range K will be added via erf
 Coulomb attenuation parameter = 0.43 bohr**(-1)
 An unrestricted Kohn-Sham SCF calculation will be
 performed using Pulay DIIS extrapolation
 Exchange:  wPBE + LR-HF      Correlation:  PBE
 Using SG-1 standard quadrature grid
 SCF converges when DIIS error is below 1.0E-05
 Requested basis set is G3large
 There are 65 shells and 168 basis functions
 A cutoff of  1.0D-08 yielded   2044 shell pairs
 There are  13820 function pairs ( 17231 Cartesian)
 Warning!  Inaccurate integrated density:
   Number of electrons =    25
   Numerical integral  =    25.999985127030
   Relative error      =     3.9999405081 %
 ---------------------------------------
  Cycle       Energy         DIIS Error
 ---------------------------------------
    1    -331.2756288887      2.77E-02
    2    -330.5948753489      3.17E-03
    3    -330.6449138393      1.78E-03
    4    -330.6565324411      3.94E-04
    5    -330.6575102878      7.53E-05
    6    -330.6576411077      3.01E-05
    7    -330.6576792771      1.66E-05
    8    -330.6577054638      1.27E-05
    9    -330.6577292989      1.13E-05
   10    -330.6577450934      1.15E-05
   11    -330.6577179572      1.06E-05
   12    -330.6576397812      8.72E-06 Convergence criterion met
 ---------------------------------------
 One-Electron    Energy =  -574.6486860304
 Total Coulomb   Energy =   208.9843666180
 Alpha Exchange  Energy =    -2.7832707234
 Beta  Exchange  Energy =    -2.5577287830
 DFT   Exchange  Energy =   -21.9475458906
 DFT Correlation Energy =    -0.8449924958
 Nuclear Repu.   Energy =    63.1402175238
 Nuclear Attr.   Energy =  -904.6977624648
 Kinetic         Energy =   330.0490764344
 <S^2> = 0.7704
 SCF time:  CPU 118.52 s  wall 120.51 s
 Final Alpha MO Eigenvalues
            1           2           3           4           5           6
    1 -65.9121835 -10.3189549  -5.5741340  -3.9809320  -3.9713523  -3.9697768
            7           8           9          10          11          12
    1  -1.0881180  -0.9685164  -0.8216207  -0.7642290  -0.7418119  -0.7130048
           13          14          15          16          17          18
    1  -0.6814808  -0.1239930  -0.1060908  -0.1040394  -0.0993375  -0.0706941
 Final Beta MO Eigenvalues
            1           2           3           4           5           6
    1 -65.9114718 -10.3185755  -5.5732983  -3.9773917  -3.9714368  -3.9695577
            7           8           9          10          11          12
    1  -1.0803470  -0.9055960  -0.7560427  -0.7402426  -0.6871124  -0.6779315
           13          14          15          16          17
    1  -0.4402573  -0.1187407  -0.0987191  -0.0929768  -0.0817679
 Analysis of SCF Wavefunction
 
 --------------------------------------------------------------
                    Orbital Energies (a.u.)
 --------------------------------------------------------------
 
 Alpha MOs
 -- Occupied --
-65.912 -10.319  -5.574  -3.981  -3.971  -3.970  -1.088  -0.969
 -0.822  -0.764  -0.742  -0.713  -0.681
 -- Virtual --
 -0.124  -0.106  -0.104  -0.099  -0.071  -0.063  -0.060  -0.034
 -0.028  -0.025  -0.018  -0.010   0.012   0.018   0.019   0.026
  0.050   0.058   0.062   0.064   0.109   0.112   0.156   0.174
  0.178   0.196   0.225   0.229   0.278   0.308   0.311   0.316
  0.323   0.364   0.376   0.396   0.417   0.428   0.452   0.495
  0.496   0.554   0.564   0.574   0.583   0.603   0.609   0.660
  0.680   0.691   0.731   0.749   0.780   0.863   0.870   0.899
  0.923   0.951   1.014   1.018   1.037   1.063   1.118   1.165
  1.176   1.181   1.183   1.204   1.215   1.289   1.301   1.346
  1.365   1.378   1.400   1.422   1.454   1.532   1.942   2.001
  2.010   2.028   2.068   2.075   2.180   2.404   2.411   2.506
  2.600   2.678   2.848   2.868   2.936   2.992   3.002   3.123
  3.128   3.215   3.219   3.245   3.430   3.432   3.518   3.522
  3.579   3.595   3.641   3.772   3.790   3.796   3.827   3.842
  3.894   3.919   3.986   3.999   4.073   4.126   4.130   4.257
  4.266   4.277   4.328   4.340   4.453   4.499   4.952   5.566
  5.573   6.062  11.188  11.201  11.539  17.320  17.403  17.504
 17.584  17.639  21.932  21.948  21.954  21.960  21.964  21.965
 21.991  23.945  27.643  27.900  27.902  40.775  40.790  41.008
 41.050  41.096 140.858
 
 Beta MOs
 -- Occupied --
-65.911 -10.319  -5.573  -3.977  -3.971  -3.970  -1.080  -0.906
 -0.756  -0.740  -0.687  -0.678
 -- Virtual --
 -0.440  -0.119  -0.099  -0.093  -0.082  -0.067  -0.062  -0.056
 -0.026  -0.024  -0.020  -0.016  -0.009   0.014   0.021   0.025
  0.041   0.050   0.063   0.064   0.065   0.113   0.117   0.172
  0.175   0.180   0.198   0.228   0.232   0.296   0.318   0.320
  0.323   0.325   0.377   0.380   0.400   0.431   0.432   0.456
  0.498   0.498   0.558   0.573   0.577   0.587   0.613   0.616
  0.686   0.693   0.697   0.733   0.759   0.791   0.872   0.874
  0.919   0.929   0.967   1.018   1.021   1.059   1.073   1.131
  1.174   1.184   1.188   1.199   1.212   1.216   1.298   1.302
  1.364   1.372   1.380   1.413   1.427   1.454   1.534   1.960
  2.009   2.023   2.028   2.080   2.083   2.194   2.410   2.412
  2.516   2.680   2.707   2.851   2.870   2.974   2.998   3.003
  3.127   3.130   3.219   3.220   3.248   3.433   3.434   3.524
  3.525   3.580   3.636   3.653   3.798   3.819   3.820   3.902
  3.915   3.934   3.969   4.003   4.010   4.107   4.136   4.137
  4.269   4.276   4.281   4.345   4.354   4.491   4.511   4.956
  5.572   5.575   6.068  11.195  11.202  11.539  17.322  17.404
 17.505  17.585  17.640  21.933  21.949  21.955  21.960  21.965
 21.966  21.992  23.945  27.643  27.902  27.902  40.775  40.791
 41.009  41.050  41.096 140.859
 --------------------------------------------------------------
 
          Ground-State Mulliken Net Atomic Charges

     Atom                 Charge (a.u.)    Spin (a.u.)
  --------------------------------------------------------
      1 C                    -0.200678       0.020099
      2 Si                    0.393167       0.109042
      3 H                     0.151343       0.019145
      4 H                     0.158031       0.034342
      5 H                     0.144293       0.003214
      6 H                     0.116012       0.283408
      7 H                     0.053823       0.024619
      8 H                     0.184010       0.506132
  --------------------------------------------------------
  Sum of atomic charges =     1.000000
  Sum of spin   charges =     1.000000

 -----------------------------------------------------------------
                    Cartesian Multipole Moments
 -----------------------------------------------------------------
    Charge (ESU x 10^10)
                 4.8032
    Dipole Moment (Debye)
         X      -0.0182      Y       1.1426      Z       7.8175
       Tot       7.9006
    Quadrupole Moments (Debye-Ang)
        XX     -16.0686     XY       1.7249     YY     -16.1299
        XZ      -0.0503     YZ       3.1548     ZZ      -0.8660
    Octapole Moments (Debye-Ang^2)
       XXX      -0.8686    XXY       0.8164    XYY       0.8098
       YYY       2.4523    XXZ     -18.3392    XYZ       3.7772
       YYZ     -18.4703    XZZ      -0.1312    YZZ       7.5966
       ZZZ     -31.2248
    Hexadecapole Moments (Debye-Ang^3)
      XXXX     -35.0286   XXXY       2.3034   XXYY     -11.7077
      XYYY       2.7465   YYYY     -35.2475   XXXZ      -5.4996
      XXYZ       2.1301   XYYZ       5.3407   YYYZ       6.3975
      XXZZ     -44.9689   XYZZ       9.3777   YYZZ     -45.2931
      XZZZ      -0.3746   YZZZ      19.7744   ZZZZ    -229.7504
 -----------------------------------------------------------------
 Total job time:  120.76s(wall), 118.69s(cpu) 
 Wed Mar 26 11:10:41 2014

        *************************************************************
        *                                                           *
        *  Thank you very much for using Q-Chem.  Have a nice day.  *
        *                                                           *
        *************************************************************


0 sent ACK to 0 
now end server 0 ... 
