Process 0 of 1 is on cl134 - thread support 1
initial socket setup ...start
initial socket setup ...done 
now start server 0 ... 

cmd = /usr/bin/ssh clhead /usr/local/qchem/bin/get_hostid 1420297820 > /tmp/1603096.1.medium.q/qchem19320/lic.dat

cmd = /usr/bin/ssh clhead /usr/local/qchem/bin/get_hostid 1420297820 > /tmp/1603096.1.medium.q/qchem19320/lic.dat

cmd = /usr/bin/ssh clhead /usr/local/qchem/bin/get_hostid 1420297820 > /tmp/1603096.1.medium.q/qchem19320/lic.dat

cmd = /usr/bin/ssh clhead /usr/local/qchem/bin/get_hostid 1420297820 > /tmp/1603096.1.medium.q/qchem19320/lic.dat

cmd = /usr/bin/ssh clhead /usr/local/qchem/bin/get_hostid 1420297820 > /tmp/1603096.1.medium.q/qchem19320/lic.dat
                  Welcome to Q-Chem
     A Quantum Leap Into The Future Of Chemistry

 Y. Shao, L. Fusti-Molnar, Y. Jung, J. Kussmann, C. Ochsenfeld,
 S. T. Brown, A. T. B. Gilbert, L. V. Slipchenko,S. V. Levchenko,
 D. P. O'Neill, R. A. DiStasio Jr., R. C. Lochan, T. Wang,
 G. J. O. Beran, N. A. Besley, J. M. Herbert, C. Y. Lin,
 T. Van Voorhis, S. H. Chien, A. Sodt, R. P. Steele, 
 V. A. Rassolov, P. E. Maslen, P. P. Korambath, R. D. Adamson,
 B. Austin, J. Baker, E. F. C. Byrd, H. Dachsel, R. J. Doerksen,
 A. Dreuw, B. D. Dunietz, A. D. Dutoi, T. R. Furlani,
 S. R. Gwaltney, A. Heyden, S. Hirata, C.-P. Hsu, G. Kedziora,
 R. Z. Khaliullin, P. Klunzinger, A. M. Lee, M. S. Lee, W. Liang,
 I. Lotan, N. Nair, B. Peters, E. I. Proynov, P. A. Pieniazek, 
 Y. M. Rhee, J. Ritchie, E. Rosta, C. D. Sherrill, 
 A. C. Simmonett, J. E. Subotnik, H. L. Woodcock III,
 W. Zhang, A. T. Bell, A. K. Chakraborty, D. M. Chipman,
 F. J. Keil, A. Warshel, W. J. Hehre, H. F. Schaefer III,
 J. Kong, A. I. Krylov, P. M. W. Gill, M. Head-Gordon,
 Q-Chem, Version 3.1, Q-Chem, Inc., Pittsburgh, PA (2007).

 Additional authors for Version 3.1: 
 Z. Gan, Y. Zhao, N. E. Schultz, D. Truhlar, E. Epifanovsky and M. Oana.

 Additional authors for Version 3.2: 
 R. Baer, B. R. Brooks, D. Casanova, J.-D. Chai, C.-L. Cheng, 
 C. Cramer, D. Crittenden, A. Ghysels, G. Hawkins, E. G. Hohenstein, 
 C. Kelley, W. Kurlancheek, D. Liotard, E. Livshits, P. Manohar, 
 A. Marenich, D. Neuhauser, R. Olson, M. A. Rohrdanz, K. S. Thanthiriwatte, 
 A. J. W. Thom, V. Vanovschi, C. F. Williams, Q. Wu and Z.-Q. You. 


 Intel X86 Linux Version

 Q-chem begins on Wed Mar 26 01:33:51 2014  

 Parallel job on  1  processors
Processing $rem in /usr/local/qchem/config/preferences.

theFileMan(): MAXOPENFILES=974 MAX_SUB_FILE_NUM=16
Maximum size of a physical file is 2.0 GB, maximum size of a tmp-file is 32.0 GB


--------------------------------------------------------------
User input:
--------------------------------------------------------------

$molecule
-1,2
C         -0.00003        0.00010        0.99991
C          1.26459        0.75942        0.98847
C          1.26447       -0.75945        0.98840
C         -1.27145        0.00003        0.25190
C         -1.25762        0.00005        1.77082
H          1.57412        1.26097        1.90079
H          1.55767        1.26188        0.07124
H          1.57397       -1.26106        1.90071
H          1.55744       -1.26192        0.07116
H         -1.57709       -0.91495       -0.24713
H         -1.57734        0.91489       -0.24721
H         -1.55434       -0.91483        2.27543
H         -1.55439        0.91487        2.27549
$end

$comment
negative
$end

$xc_functional
C PBE   1.00
X wPBE  1.00
$end

$rem
SYMMETRY_DECOMPOSITION	0
exchange 		general
LRC_DFT                 true
BASIS                   g3large
omega			300
mem_static              760
max_scf_cycles          200
scf_final_print         1
sym_ignore              true
$end

--------------------------------------------------------------
 Writing REM_CC_EA           13
 ----------------------------------------------------
       Standard Nuclear Orientation (Angstroms)
    I     Atom         X            Y            Z
 ----------------------------------------------------
    1      C      -0.000030     0.000100     0.999910
    2      C       1.264590     0.759420     0.988470
    3      C       1.264470    -0.759450     0.988400
    4      C      -1.271450     0.000030     0.251900
    5      C      -1.257620     0.000050     1.770820
    6      H       1.574120     1.260970     1.900790
    7      H       1.557670     1.261880     0.071240
    8      H       1.573970    -1.261060     1.900710
    9      H       1.557440    -1.261920     0.071160
   10      H      -1.577090    -0.914950    -0.247130
   11      H      -1.577340     0.914890    -0.247210
   12      H      -1.554340    -0.914830     2.275430
   13      H      -1.554390     0.914870     2.275490
 ----------------------------------------------------
 Nuclear Repulsion Energy =   171.0336147312 hartrees
 There are       20 alpha and       19 beta electrons
 Requested basis set is G3large
 There are 98 shells and 290 basis functions

Total QAlloc Memory Limit   2000 MB
Mega-Array Size       743 MB
MEM_STATIC part       760 MB

                       Distance Matrix (Angstroms)
             C (  1)   C (  2)   C (  3)   C (  4)   C (  5)   H (  6)
   C (  2)  1.475114
   C (  3)  1.475130  1.518870
   C (  4)  1.475137  2.747855  2.747750
   C (  5)  1.475071  2.747773  2.747719  1.518983
   H (  6)  2.208920  1.086135  2.238400  3.522226  3.102509
   H (  7)  2.209286  1.086127  2.238956  3.103035  3.522307  1.829624
   H (  8)  2.208946  2.238356  1.086146  3.522121  3.102446  2.522030
   H (  9)  2.209295  2.238981  1.086111  3.102870  3.522212  3.116536
   H ( 10)  2.208969  3.522125  3.102447  1.086110  2.238617  4.390708
   H ( 11)  2.209085  3.102844  3.522220  1.086116  2.238660  3.829540
   H ( 12)  2.209056  3.522179  3.102625  2.238676  1.086130  3.829063
   H ( 13)  2.209059  3.102778  3.522204  2.238728  1.086121  3.169820
             H (  7)   H (  8)   H (  9)   H ( 10)   H ( 11)   H ( 12)
   H (  8)  3.116481
   H (  9)  2.523800  1.829625
   H ( 10)  3.829709  3.829124  3.169696
   H ( 11)  3.170189  4.390794  3.829714  1.829840
   H ( 12)  4.391028  3.169639  3.829158  2.522663  3.116427
   H ( 13)  3.829367  3.829069  4.391010  3.116467  2.522804  1.829700

 
 A cutoff of  1.0D-08 yielded   4435 shell pairs
 There are  39245 function pairs ( 48051 Cartesian)
Evaluating contribution to one-electron hamiltonian from nuclear
 Smallest overlap matrix eigenvalue = 2.58E-05

 Q-Chem warning in module mkSTV.C, line 194:

 Overlap eigenvalue is smaller than square root of threshold

 Multipole matrices computed through 2nd order

  Scale SEOQF with 1.000000e-01/1.000000e-01/1.000000e-01

 Standard Electronic Orientation quadrupole field applied
 Nucleus-field energy     =    -0.0000000026 hartrees
 Guess from superposition of atomic densities
 Warning:  Energy on first SCF cycle will be non-variational
 Long-range K will be added via erf
 Coulomb attenuation parameter = 0.3 bohr**(-1)
 An unrestricted Kohn-Sham SCF calculation will be
 performed using Pulay DIIS extrapolation
 Exchange:  wPBE + LR-HF      Correlation:  PBE
 Using SG-1 standard quadrature grid
 SCF converges when DIIS error is below 1.0E-05
 Requested basis set is G3large
 There are 98 shells and 290 basis functions
 A cutoff of  1.0D-08 yielded   4435 shell pairs
 There are  39245 function pairs ( 48051 Cartesian)
 Warning!  Inaccurate integrated density:
   Number of electrons =    39
   Numerical integral  =    37.999765750979
   Relative error      =    -2.5647032026 %
 ---------------------------------------
  Cycle       Energy         DIIS Error
 ---------------------------------------
    1    -196.9969500130      2.90E-02
    2    -194.9400317027      3.27E-03
    3    -195.0190064811      3.11E-03
    4    -195.1227505864      3.48E-04
    5    -195.1278487308      2.05E-04
    6    -195.1295843286      6.43E-05
    7    -195.1302222048      2.88E-05
    8    -195.1304962830      1.91E-05
    9    -195.1306774685      1.55E-05
   10    -195.1308440498      1.12E-05
   11    -195.1309717663      8.19E-06 Convergence criterion met
 ---------------------------------------
 One-Electron    Energy =  -604.4768539762
 Total Coulomb   Energy =   268.4004854566
 Alpha Exchange  Energy =    -3.0132159421
 Beta  Exchange  Energy =    -2.9543887321
 DFT   Exchange  Energy =   -22.8678652436
 DFT Correlation Energy =    -1.2527480575
 Nuclear Repu.   Energy =   171.0336147286
 Nuclear Attr.   Energy =  -798.7611946738
 Kinetic         Energy =   194.2843406976
 <S^2> = 0.7501
 SCF time:  CPU 531.63 s  wall 536.53 s
 Final Alpha MO Eigenvalues
            1           2           3           4           5           6
    1  -9.9384890  -9.9299396  -9.9228303  -9.9226153  -9.9221107  -0.8611183
            7           8           9          10          11          12
    1  -0.7778178  -0.5829800  -0.5791532  -0.5190913  -0.4613713  -0.4512625
           13          14          15          16          17          18
    1  -0.4472015  -0.3409146  -0.3271184  -0.3252152  -0.2581116  -0.2568400
           19          20          21          22          23          24
    1  -0.2462757   0.0330989   0.1281090   0.1282949   0.1296592   0.1580048
           25
    1   0.1581248
 Final Beta MO Eigenvalues
            1           2           3           4           5           6
    1  -9.9384972  -9.9298514  -9.9225644  -9.9223864  -9.9218646  -0.8610176
            7           8           9          10          11          12
    1  -0.7776334  -0.5823491  -0.5783588  -0.5183292  -0.4607688  -0.4509840
           13          14          15          16          17          18
    1  -0.4466426  -0.3405784  -0.3265615  -0.3248757  -0.2578316  -0.2566020
           19          20          21          22          23          24
    1  -0.2457567   0.1257450   0.1390598   0.1408806   0.1445974   0.1595722
 Analysis of SCF Wavefunction
 
 --------------------------------------------------------------
                    Orbital Energies (a.u.)
 --------------------------------------------------------------
 
 Alpha MOs
 -- Occupied --
 -9.938  -9.930  -9.923  -9.923  -9.922  -0.861  -0.778  -0.583
 -0.579  -0.519  -0.461  -0.451  -0.447  -0.341  -0.327  -0.325
 -0.258  -0.257  -0.246   0.033
 -- Virtual --
  0.128   0.128   0.130   0.158   0.158   0.163   0.180   0.190
  0.219   0.244   0.247   0.254   0.262   0.264   0.265   0.281
  0.284   0.288   0.299   0.310   0.310   0.322   0.333   0.336
  0.339   0.341   0.353   0.354   0.369   0.412   0.415   0.418
  0.446   0.462   0.468   0.477   0.500   0.531   0.532   0.543
  0.549   0.605   0.653   0.669   0.671   0.675   0.698   0.702
  0.733   0.755   0.756   0.776   0.785   0.792   0.803   0.804
  0.820   0.820   0.837   0.847   0.856   0.859   0.863   0.880
  0.912   0.965   1.007   1.007   1.014   1.031   1.059   1.086
  1.112   1.119   1.121   1.191   1.242   1.244   1.269   1.296
  1.316   1.317   1.325   1.342   1.345   1.380   1.391   1.392
  1.448   1.450   1.505   1.510   1.514   1.536   1.558   1.561
  1.582   1.586   1.608   1.616   1.620   1.657   1.659   1.677
  1.682   1.705   1.754   1.768   1.771   1.784   1.795   1.799
  1.802   1.860   1.967   2.000   2.001   2.029   2.664   2.668
  2.748   2.787   2.816   2.818   2.839   2.850   2.882   2.883
  2.889   2.939   2.976   2.977   3.024   3.079   3.093   3.095
  3.099   3.129   3.185   3.187   3.203   3.209   3.260   3.262
  3.277   3.278   3.291   3.323   3.327   3.368   3.392   3.423
  3.424   3.444   3.473   3.539   3.539   3.549   3.581   3.583
  3.635   3.636   3.645   3.664   3.695   3.695   3.740   3.740
  3.755   3.796   3.796   3.810   3.884   3.981   4.010   4.060
  4.076   4.078   4.135   4.137   4.163   4.250   4.298   4.300
  4.302   4.304   4.335   4.338   4.426   4.451   4.459   4.461
  4.540   4.542   4.546   4.555   4.557   4.598   4.600   4.690
  4.691   4.719   4.722   4.727   4.759   4.798   4.904   4.922
  5.095   5.097   5.167   5.169   5.289   5.454   5.583   5.642
  5.645   5.683   5.792   5.799   5.803   5.836   5.946   5.948
  5.979  24.224  24.249  24.502  24.506  24.575  27.601  27.662
 27.714  27.715  28.102  28.192  28.217  28.219  28.236  28.260
 28.260  28.275  28.660  28.664  29.101  40.979  40.996  41.017
 41.080  41.087  41.091  41.093  41.131  41.134  41.138  41.252
 41.257  41.258  41.263  41.265  41.276  41.298  41.312  41.359
 41.364  41.370  41.373  41.393  41.464  41.465
 
 Beta MOs
 -- Occupied --
 -9.938  -9.930  -9.923  -9.922  -9.922  -0.861  -0.778  -0.582
 -0.578  -0.518  -0.461  -0.451  -0.447  -0.341  -0.327  -0.325
 -0.258  -0.257  -0.246
 -- Virtual --
  0.126   0.139   0.141   0.145   0.160   0.165   0.168   0.183
  0.189   0.217   0.241   0.242   0.248   0.257   0.260   0.260
  0.280   0.281   0.288   0.297   0.309   0.309   0.318   0.329
  0.331   0.334   0.335   0.349   0.351   0.368   0.410   0.415
  0.417   0.445   0.461   0.467   0.473   0.499   0.528   0.529
  0.540   0.548   0.604   0.652   0.667   0.669   0.673   0.697
  0.700   0.731   0.753   0.755   0.774   0.783   0.790   0.802
  0.804   0.819   0.819   0.835   0.846   0.854   0.857   0.861
  0.880   0.911   0.965   1.007   1.007   1.014   1.032   1.059
  1.086   1.113   1.119   1.121   1.191   1.243   1.244   1.269
  1.295   1.316   1.317   1.325   1.341   1.345   1.380   1.391
  1.392   1.448   1.450   1.505   1.510   1.513   1.536   1.558
  1.561   1.582   1.585   1.608   1.616   1.619   1.657   1.659
  1.677   1.682   1.705   1.754   1.768   1.771   1.785   1.795
  1.799   1.802   1.861   1.967   2.000   2.001   2.029   2.664
  2.668   2.748   2.787   2.816   2.818   2.839   2.850   2.882
  2.883   2.889   2.939   2.976   2.977   3.024   3.080   3.093
  3.095   3.100   3.129   3.185   3.187   3.203   3.209   3.260
  3.262   3.277   3.278   3.291   3.323   3.328   3.368   3.392
  3.423   3.424   3.444   3.473   3.540   3.540   3.550   3.582
  3.584   3.635   3.637   3.646   3.665   3.695   3.695   3.740
  3.741   3.756   3.796   3.796   3.810   3.884   3.981   4.011
  4.060   4.077   4.078   4.135   4.137   4.163   4.250   4.298
  4.300   4.302   4.304   4.335   4.338   4.427   4.451   4.460
  4.461   4.540   4.543   4.547   4.555   4.558   4.599   4.600
  4.690   4.691   4.719   4.723   4.727   4.759   4.799   4.904
  4.922   5.095   5.098   5.167   5.169   5.289   5.454   5.583
  5.642   5.645   5.684   5.793   5.800   5.804   5.837   5.946
  5.949   5.979  24.224  24.249  24.503  24.507  24.575  27.601
 27.662  27.714  27.716  28.102  28.192  28.217  28.219  28.236
 28.260  28.260  28.275  28.661  28.665  29.101  40.979  40.996
 41.017  41.080  41.087  41.091  41.093  41.131  41.134  41.138
 41.252  41.258  41.258  41.264  41.265  41.277  41.299  41.312
 41.359  41.364  41.371  41.373  41.393  41.464  41.465
 --------------------------------------------------------------
 
          Ground-State Mulliken Net Atomic Charges

     Atom                 Charge (a.u.)    Spin (a.u.)
  --------------------------------------------------------
      1 C                    -3.675696       4.255939
      2 C                     3.129947      -3.485563
      3 C                    -0.264329      -0.037077
      4 C                     1.621886      -1.946493
      5 C                     1.383663      -1.706716
      6 H                    -0.574342       0.676805
      7 H                    -0.615825       0.720119
      8 H                    -0.038327       0.111341
      9 H                    -0.052749       0.127301
     10 H                    -0.135210       0.209285
     11 H                    -0.867427       0.980321
     12 H                    -0.112590       0.184788
     13 H                    -0.799001       0.909951
  --------------------------------------------------------
  Sum of atomic charges =    -1.000000
  Sum of spin   charges =     1.000000

 -----------------------------------------------------------------
                    Cartesian Multipole Moments
 -----------------------------------------------------------------
    Charge (ESU x 10^10)
                -4.8032
    Dipole Moment (Debye)
         X       2.0043      Y      -7.0217      Z      -4.4196
       Tot       8.5355
    Quadrupole Moments (Debye-Ang)
        XX     -73.2228     XY       1.8905     YY     -65.8556
        XZ       1.8837     YZ      -6.5910     ZZ     -64.7605
    Octapole Moments (Debye-Ang^2)
       XXX      30.6003    XXY     -43.2780    XYY      12.9955
       YYY     -95.7682    XXZ     -70.7933    XYZ       1.7737
       YYZ     -63.6580    XZZ      11.4269    YZZ     -44.4981
       ZZZ    -180.5969
    Hexadecapole Moments (Debye-Ang^3)
      XXXX   -1051.0458   XXXY       9.9793   XXYY    -290.5620
      XYYY      16.6690   YYYY    -607.6864   XXXZ      29.2181
      XXYZ     -41.0204   XYYZ      12.6915   YYYZ     -91.1598
      XXZZ    -336.1066   XYZZ      10.2207   YYZZ    -262.7991
      XZZZ      30.2722   YZZZ    -116.1464   ZZZZ    -861.2057
 -----------------------------------------------------------------
 Total job time:  537.06s(wall), 532.05s(cpu) 
 Wed Mar 26 01:42:48 2014

        *************************************************************
        *                                                           *
        *  Thank you very much for using Q-Chem.  Have a nice day.  *
        *                                                           *
        *************************************************************


0 sent ACK to 0 
now end server 0 ... 
 
**********************************************************************
Job 2 of 3 
**********************************************************************
 
Process 0 of 1 is on cl134 - thread support 1
initial socket setup ...start
initial socket setup ...done 
now start server 0 ... 

cmd = /usr/bin/ssh clhead /usr/local/qchem/bin/get_hostid 96916421 > /tmp/1603096.1.medium.q/qchem19320/lic.dat

cmd = /usr/bin/ssh clhead /usr/local/qchem/bin/get_hostid 96916421 > /tmp/1603096.1.medium.q/qchem19320/lic.dat

cmd = /usr/bin/ssh clhead /usr/local/qchem/bin/get_hostid 96916421 > /tmp/1603096.1.medium.q/qchem19320/lic.dat

cmd = /usr/bin/ssh clhead /usr/local/qchem/bin/get_hostid 96916421 > /tmp/1603096.1.medium.q/qchem19320/lic.dat

cmd = /usr/bin/ssh clhead /usr/local/qchem/bin/get_hostid 96916421 > /tmp/1603096.1.medium.q/qchem19320/lic.dat
                  Welcome to Q-Chem
     A Quantum Leap Into The Future Of Chemistry

 Y. Shao, L. Fusti-Molnar, Y. Jung, J. Kussmann, C. Ochsenfeld,
 S. T. Brown, A. T. B. Gilbert, L. V. Slipchenko,S. V. Levchenko,
 D. P. O'Neill, R. A. DiStasio Jr., R. C. Lochan, T. Wang,
 G. J. O. Beran, N. A. Besley, J. M. Herbert, C. Y. Lin,
 T. Van Voorhis, S. H. Chien, A. Sodt, R. P. Steele, 
 V. A. Rassolov, P. E. Maslen, P. P. Korambath, R. D. Adamson,
 B. Austin, J. Baker, E. F. C. Byrd, H. Dachsel, R. J. Doerksen,
 A. Dreuw, B. D. Dunietz, A. D. Dutoi, T. R. Furlani,
 S. R. Gwaltney, A. Heyden, S. Hirata, C.-P. Hsu, G. Kedziora,
 R. Z. Khaliullin, P. Klunzinger, A. M. Lee, M. S. Lee, W. Liang,
 I. Lotan, N. Nair, B. Peters, E. I. Proynov, P. A. Pieniazek, 
 Y. M. Rhee, J. Ritchie, E. Rosta, C. D. Sherrill, 
 A. C. Simmonett, J. E. Subotnik, H. L. Woodcock III,
 W. Zhang, A. T. Bell, A. K. Chakraborty, D. M. Chipman,
 F. J. Keil, A. Warshel, W. J. Hehre, H. F. Schaefer III,
 J. Kong, A. I. Krylov, P. M. W. Gill, M. Head-Gordon,
 Q-Chem, Version 3.1, Q-Chem, Inc., Pittsburgh, PA (2007).

 Additional authors for Version 3.1: 
 Z. Gan, Y. Zhao, N. E. Schultz, D. Truhlar, E. Epifanovsky and M. Oana.

 Additional authors for Version 3.2: 
 R. Baer, B. R. Brooks, D. Casanova, J.-D. Chai, C.-L. Cheng, 
 C. Cramer, D. Crittenden, A. Ghysels, G. Hawkins, E. G. Hohenstein, 
 C. Kelley, W. Kurlancheek, D. Liotard, E. Livshits, P. Manohar, 
 A. Marenich, D. Neuhauser, R. Olson, M. A. Rohrdanz, K. S. Thanthiriwatte, 
 A. J. W. Thom, V. Vanovschi, C. F. Williams, Q. Wu and Z.-Q. You. 


 Intel X86 Linux Version

 Q-chem begins on Wed Mar 26 01:42:52 2014  

 Parallel job on  1  processors
Processing $rem in /usr/local/qchem/config/preferences.

theFileMan(): MAXOPENFILES=974 MAX_SUB_FILE_NUM=16
Maximum size of a physical file is 2.0 GB, maximum size of a tmp-file is 32.0 GB


--------------------------------------------------------------
User input:
--------------------------------------------------------------

$molecule
0,1
C         -0.00003        0.00010        0.99991
C          1.26459        0.75942        0.98847
C          1.26447       -0.75945        0.98840
C         -1.27145        0.00003        0.25190
C         -1.25762        0.00005        1.77082
H          1.57412        1.26097        1.90079
H          1.55767        1.26188        0.07124
H          1.57397       -1.26106        1.90071
H          1.55744       -1.26192        0.07116
H         -1.57709       -0.91495       -0.24713
H         -1.57734        0.91489       -0.24721
H         -1.55434       -0.91483        2.27543
H         -1.55439        0.91487        2.27549
$end

$comment
neutral
$end

$xc_functional
C PBE   1.00
X wPBE  1.00
$end


$rem
SYMMETRY_DECOMPOSITION	0
LRC_DFT                 true
exchange 		general
BASIS                   g3large
omega			300
mem_static              760
max_scf_cycles          200
scf_final_print         1
sym_ignore              true
$end

--------------------------------------------------------------
 Writing REM_CC_EA           13
 ----------------------------------------------------
       Standard Nuclear Orientation (Angstroms)
    I     Atom         X            Y            Z
 ----------------------------------------------------
    1      C      -0.000030     0.000100     0.999910
    2      C       1.264590     0.759420     0.988470
    3      C       1.264470    -0.759450     0.988400
    4      C      -1.271450     0.000030     0.251900
    5      C      -1.257620     0.000050     1.770820
    6      H       1.574120     1.260970     1.900790
    7      H       1.557670     1.261880     0.071240
    8      H       1.573970    -1.261060     1.900710
    9      H       1.557440    -1.261920     0.071160
   10      H      -1.577090    -0.914950    -0.247130
   11      H      -1.577340     0.914890    -0.247210
   12      H      -1.554340    -0.914830     2.275430
   13      H      -1.554390     0.914870     2.275490
 ----------------------------------------------------
 Nuclear Repulsion Energy =   171.0336147312 hartrees
 There are       19 alpha and       19 beta electrons
 Requested basis set is G3large
 There are 98 shells and 290 basis functions

Total QAlloc Memory Limit   2000 MB
Mega-Array Size       743 MB
MEM_STATIC part       760 MB

                       Distance Matrix (Angstroms)
             C (  1)   C (  2)   C (  3)   C (  4)   C (  5)   H (  6)
   C (  2)  1.475114
   C (  3)  1.475130  1.518870
   C (  4)  1.475137  2.747855  2.747750
   C (  5)  1.475071  2.747773  2.747719  1.518983
   H (  6)  2.208920  1.086135  2.238400  3.522226  3.102509
   H (  7)  2.209286  1.086127  2.238956  3.103035  3.522307  1.829624
   H (  8)  2.208946  2.238356  1.086146  3.522121  3.102446  2.522030
   H (  9)  2.209295  2.238981  1.086111  3.102870  3.522212  3.116536
   H ( 10)  2.208969  3.522125  3.102447  1.086110  2.238617  4.390708
   H ( 11)  2.209085  3.102844  3.522220  1.086116  2.238660  3.829540
   H ( 12)  2.209056  3.522179  3.102625  2.238676  1.086130  3.829063
   H ( 13)  2.209059  3.102778  3.522204  2.238728  1.086121  3.169820
             H (  7)   H (  8)   H (  9)   H ( 10)   H ( 11)   H ( 12)
   H (  8)  3.116481
   H (  9)  2.523800  1.829625
   H ( 10)  3.829709  3.829124  3.169696
   H ( 11)  3.170189  4.390794  3.829714  1.829840
   H ( 12)  4.391028  3.169639  3.829158  2.522663  3.116427
   H ( 13)  3.829367  3.829069  4.391010  3.116467  2.522804  1.829700

 
 A cutoff of  1.0D-08 yielded   4435 shell pairs
 There are  39245 function pairs ( 48051 Cartesian)
Evaluating contribution to one-electron hamiltonian from nuclear
 Smallest overlap matrix eigenvalue = 2.58E-05

 Q-Chem warning in module mkSTV.C, line 194:

 Overlap eigenvalue is smaller than square root of threshold

 Multipole matrices computed through 2nd order

  Scale SEOQF with 1.000000e-01/1.000000e-01/1.000000e-01

 Standard Electronic Orientation quadrupole field applied
 Nucleus-field energy     =    -0.0000000026 hartrees
 Guess from superposition of atomic densities
 Warning:  Energy on first SCF cycle will be non-variational
 Long-range K will be added via erf
 Coulomb attenuation parameter = 0.3 bohr**(-1)
 A restricted Kohn-Sham SCF calculation will be
 performed using Pulay DIIS extrapolation
 Exchange:  wPBE + LR-HF      Correlation:  PBE
 Using SG-1 standard quadrature grid
 SCF converges when DIIS error is below 1.0E-05
 Requested basis set is G3large
 There are 98 shells and 290 basis functions
 A cutoff of  1.0D-08 yielded   4435 shell pairs
 There are  39245 function pairs ( 48051 Cartesian)
 ---------------------------------------
  Cycle       Energy         DIIS Error
 ---------------------------------------
    1    -196.9969500130      2.90E-02
    2    -195.0798598929      2.70E-03
    3    -195.1254223827      2.07E-03
    4    -195.1670882050      2.50E-04
    5    -195.1678515969      1.23E-04
    6    -195.1680099456      2.87E-05
    7    -195.1680227951      7.16E-06 Convergence criterion met
 ---------------------------------------
 One-Electron    Energy =  -599.8837821666
 Total Coulomb   Energy =   263.6981002449
 Alpha Exchange  Energy =    -2.9553261818
 Beta  Exchange  Energy =    -2.9553261818
 DFT   Exchange  Energy =   -22.8595485015
 DFT Correlation Energy =    -1.2457547368
 Nuclear Repu.   Energy =   171.0336147286
 Nuclear Attr.   Energy =  -794.1004625505
 Kinetic         Energy =   194.2166803839
 SCF time:  CPU 248.70 s  wall 251.65 s
 Final Alpha MO Eigenvalues
            1           2           3           4           5           6
    1 -10.0602329 -10.0470186 -10.0468426 -10.0467327 -10.0465145  -0.9829190
            7           8           9          10          11          12
    1  -0.8995289  -0.7025220  -0.7025162  -0.6402834  -0.5823463  -0.5711024
           13          14          15          16          17          18
    1  -0.5710812  -0.4623042  -0.4485527  -0.4474514  -0.3791725  -0.3791592
           19          20          21          22          23          24
    1  -0.3678481   0.0411117   0.0527653   0.0527710   0.0573366   0.0760565
 Analysis of SCF Wavefunction
 
 --------------------------------------------------------------
                    Orbital Energies (a.u.)
 --------------------------------------------------------------
 
 Alpha MOs
 -- Occupied --
-10.060 -10.047 -10.047 -10.047 -10.047  -0.983  -0.900  -0.703
 -0.703  -0.640  -0.582  -0.571  -0.571  -0.462  -0.449  -0.447
 -0.379  -0.379  -0.368
 -- Virtual --
  0.041   0.053   0.053   0.057   0.076   0.076   0.081   0.098
  0.100   0.122   0.148   0.148   0.159   0.164   0.166   0.166
  0.182   0.183   0.183   0.195   0.206   0.206   0.218   0.233
  0.235   0.237   0.237   0.244   0.244   0.257   0.300   0.301
  0.302   0.331   0.351   0.351   0.368   0.386   0.420   0.420
  0.433   0.434   0.489   0.539   0.557   0.557   0.558   0.584
  0.584   0.618   0.639   0.639   0.660   0.669   0.675   0.686
  0.686   0.702   0.702   0.720   0.729   0.741   0.741   0.746
  0.760   0.795   0.845   0.887   0.887   0.893   0.910   0.938
  0.966   0.992   0.999   0.999   1.070   1.123   1.123   1.148
  1.175   1.196   1.196   1.204   1.224   1.224   1.260   1.272
  1.272   1.330   1.330   1.385   1.392   1.392   1.415   1.440
  1.440   1.462   1.466   1.488   1.496   1.501   1.538   1.538
  1.558   1.560   1.586   1.634   1.650   1.650   1.664   1.678
  1.678   1.681   1.739   1.846   1.880   1.880   1.908   2.545
  2.545   2.627   2.667   2.696   2.696   2.717   2.728   2.761
  2.761   2.768   2.817   2.855   2.855   2.903   2.958   2.972
  2.972   2.978   3.007   3.064   3.064   3.081   3.087   3.139
  3.139   3.156   3.156   3.169   3.201   3.205   3.246   3.270
  3.302   3.302   3.323   3.351   3.418   3.418   3.428   3.461
  3.461   3.514   3.514   3.524   3.543   3.573   3.574   3.619
  3.619   3.635   3.674   3.674   3.688   3.763   3.860   3.889
  3.938   3.956   3.956   4.014   4.015   4.042   4.129   4.178
  4.178   4.180   4.182   4.215   4.215   4.305   4.330   4.338
  4.339   4.418   4.423   4.424   4.434   4.434   4.477   4.477
  4.568   4.569   4.598   4.602   4.602   4.637   4.677   4.783
  4.800   4.975   4.975   5.047   5.047   5.167   5.332   5.461
  5.522   5.522   5.562   5.675   5.675   5.680   5.714   5.825
  5.825   5.857  24.103  24.126  24.382  24.382  24.453  27.479
 27.539  27.593  27.593  27.980  28.070  28.096  28.096  28.113
 28.137  28.138  28.152  28.540  28.540  28.979  40.857  40.874
 40.895  40.959  40.967  40.967  40.969  41.009  41.013  41.014
 41.130  41.136  41.136  41.142  41.142  41.154  41.176  41.190
 41.240  41.240  41.248  41.249  41.271  41.343  41.343
 --------------------------------------------------------------
 
          Ground-State Mulliken Net Atomic Charges

     Atom                 Charge (a.u.)
  ----------------------------------------
      1 C                     0.518615
      2 C                    -0.309414
      3 C                    -0.309483
      4 C                    -0.309478
      5 C                    -0.309499
      6 H                     0.089951
      7 H                     0.089961
      8 H                     0.089923
      9 H                     0.089920
     10 H                     0.089859
     11 H                     0.089890
     12 H                     0.089886
     13 H                     0.089871
  ----------------------------------------
  Sum of atomic charges =     0.000000

 -----------------------------------------------------------------
                    Cartesian Multipole Moments
 -----------------------------------------------------------------
    Charge (ESU x 10^10)
                 0.0000
    Dipole Moment (Debye)
         X       0.0002      Y      -0.0013      Z       0.0002
       Tot       0.0013
    Quadrupole Moments (Debye-Ang)
        XX     -32.8742     XY       0.0017     YY     -30.7550
        XZ       0.0196     YZ      -0.0011     ZZ     -30.7565
    Octapole Moments (Debye-Ang^2)
       XXX       0.0017    XXY       0.0020    XYY      -0.6553
       YYY       0.0010    XXZ     -32.8595    XYZ       0.0019
       YYZ     -30.7512    XZZ       0.6945    YZZ       0.0008
       ZZZ     -92.2794
    Hexadecapole Moments (Debye-Ang^3)
      XXXX    -349.2502   XXXY       0.0142   XXYY     -67.4996
      XYYY       0.0104   YYYY    -115.2852   XXXZ       1.3284
      XXYZ       0.0009   XYYZ      -0.3481   YYYZ      -0.0001
      XXZZ    -100.3564   XYZZ       0.0118   YYZZ     -63.6823
      XZZZ       2.8145   YZZZ       0.0030   ZZZZ    -299.8825
 -----------------------------------------------------------------
 Total job time:  252.15s(wall), 249.11s(cpu) 
 Wed Mar 26 01:47:04 2014

        *************************************************************
        *                                                           *
        *  Thank you very much for using Q-Chem.  Have a nice day.  *
        *                                                           *
        *************************************************************


0 sent ACK to 0 
now end server 0 ... 
 
**********************************************************************
Job 3 of 3 
**********************************************************************
 
Process 0 of 1 is on cl134 - thread support 1
initial socket setup ...start
initial socket setup ...done 
now start server 0 ... 

cmd = /usr/bin/ssh clhead /usr/local/qchem/bin/get_hostid 1693708262 > /tmp/1603096.1.medium.q/qchem19320/lic.dat

cmd = /usr/bin/ssh clhead /usr/local/qchem/bin/get_hostid 1693708262 > /tmp/1603096.1.medium.q/qchem19320/lic.dat

cmd = /usr/bin/ssh clhead /usr/local/qchem/bin/get_hostid 1693708262 > /tmp/1603096.1.medium.q/qchem19320/lic.dat

cmd = /usr/bin/ssh clhead /usr/local/qchem/bin/get_hostid 1693708262 > /tmp/1603096.1.medium.q/qchem19320/lic.dat

cmd = /usr/bin/ssh clhead /usr/local/qchem/bin/get_hostid 1693708262 > /tmp/1603096.1.medium.q/qchem19320/lic.dat
                  Welcome to Q-Chem
     A Quantum Leap Into The Future Of Chemistry

 Y. Shao, L. Fusti-Molnar, Y. Jung, J. Kussmann, C. Ochsenfeld,
 S. T. Brown, A. T. B. Gilbert, L. V. Slipchenko,S. V. Levchenko,
 D. P. O'Neill, R. A. DiStasio Jr., R. C. Lochan, T. Wang,
 G. J. O. Beran, N. A. Besley, J. M. Herbert, C. Y. Lin,
 T. Van Voorhis, S. H. Chien, A. Sodt, R. P. Steele, 
 V. A. Rassolov, P. E. Maslen, P. P. Korambath, R. D. Adamson,
 B. Austin, J. Baker, E. F. C. Byrd, H. Dachsel, R. J. Doerksen,
 A. Dreuw, B. D. Dunietz, A. D. Dutoi, T. R. Furlani,
 S. R. Gwaltney, A. Heyden, S. Hirata, C.-P. Hsu, G. Kedziora,
 R. Z. Khaliullin, P. Klunzinger, A. M. Lee, M. S. Lee, W. Liang,
 I. Lotan, N. Nair, B. Peters, E. I. Proynov, P. A. Pieniazek, 
 Y. M. Rhee, J. Ritchie, E. Rosta, C. D. Sherrill, 
 A. C. Simmonett, J. E. Subotnik, H. L. Woodcock III,
 W. Zhang, A. T. Bell, A. K. Chakraborty, D. M. Chipman,
 F. J. Keil, A. Warshel, W. J. Hehre, H. F. Schaefer III,
 J. Kong, A. I. Krylov, P. M. W. Gill, M. Head-Gordon,
 Q-Chem, Version 3.1, Q-Chem, Inc., Pittsburgh, PA (2007).

 Additional authors for Version 3.1: 
 Z. Gan, Y. Zhao, N. E. Schultz, D. Truhlar, E. Epifanovsky and M. Oana.

 Additional authors for Version 3.2: 
 R. Baer, B. R. Brooks, D. Casanova, J.-D. Chai, C.-L. Cheng, 
 C. Cramer, D. Crittenden, A. Ghysels, G. Hawkins, E. G. Hohenstein, 
 C. Kelley, W. Kurlancheek, D. Liotard, E. Livshits, P. Manohar, 
 A. Marenich, D. Neuhauser, R. Olson, M. A. Rohrdanz, K. S. Thanthiriwatte, 
 A. J. W. Thom, V. Vanovschi, C. F. Williams, Q. Wu and Z.-Q. You. 


 Intel X86 Linux Version

 Q-chem begins on Wed Mar 26 01:47:09 2014  

 Parallel job on  1  processors
Processing $rem in /usr/local/qchem/config/preferences.

theFileMan(): MAXOPENFILES=974 MAX_SUB_FILE_NUM=16
Maximum size of a physical file is 2.0 GB, maximum size of a tmp-file is 32.0 GB


--------------------------------------------------------------
User input:
--------------------------------------------------------------

$molecule
1,2
C         -0.00003        0.00010        0.99991
C          1.26459        0.75942        0.98847
C          1.26447       -0.75945        0.98840
C         -1.27145        0.00003        0.25190
C         -1.25762        0.00005        1.77082
H          1.57412        1.26097        1.90079
H          1.55767        1.26188        0.07124
H          1.57397       -1.26106        1.90071
H          1.55744       -1.26192        0.07116
H         -1.57709       -0.91495       -0.24713
H         -1.57734        0.91489       -0.24721
H         -1.55434       -0.91483        2.27543
H         -1.55439        0.91487        2.27549
$end

$comment
positive
$end

$xc_functional
C PBE   1.00
X wPBE  1.00
$end

$rem
SYMMETRY_DECOMPOSITION	0
LRC_DFT                 true
exchange 		general
BASIS                   g3large
omega			300
mem_static              760
max_scf_cycles          200
scf_final_print         1
sym_ignore              true
$end

--------------------------------------------------------------
 Writing REM_CC_EA           13
 ----------------------------------------------------
       Standard Nuclear Orientation (Angstroms)
    I     Atom         X            Y            Z
 ----------------------------------------------------
    1      C      -0.000030     0.000100     0.999910
    2      C       1.264590     0.759420     0.988470
    3      C       1.264470    -0.759450     0.988400
    4      C      -1.271450     0.000030     0.251900
    5      C      -1.257620     0.000050     1.770820
    6      H       1.574120     1.260970     1.900790
    7      H       1.557670     1.261880     0.071240
    8      H       1.573970    -1.261060     1.900710
    9      H       1.557440    -1.261920     0.071160
   10      H      -1.577090    -0.914950    -0.247130
   11      H      -1.577340     0.914890    -0.247210
   12      H      -1.554340    -0.914830     2.275430
   13      H      -1.554390     0.914870     2.275490
 ----------------------------------------------------
 Nuclear Repulsion Energy =   171.0336147312 hartrees
 There are       19 alpha and       18 beta electrons
 Requested basis set is G3large
 There are 98 shells and 290 basis functions

Total QAlloc Memory Limit   2000 MB
Mega-Array Size       743 MB
MEM_STATIC part       760 MB

                       Distance Matrix (Angstroms)
             C (  1)   C (  2)   C (  3)   C (  4)   C (  5)   H (  6)
   C (  2)  1.475114
   C (  3)  1.475130  1.518870
   C (  4)  1.475137  2.747855  2.747750
   C (  5)  1.475071  2.747773  2.747719  1.518983
   H (  6)  2.208920  1.086135  2.238400  3.522226  3.102509
   H (  7)  2.209286  1.086127  2.238956  3.103035  3.522307  1.829624
   H (  8)  2.208946  2.238356  1.086146  3.522121  3.102446  2.522030
   H (  9)  2.209295  2.238981  1.086111  3.102870  3.522212  3.116536
   H ( 10)  2.208969  3.522125  3.102447  1.086110  2.238617  4.390708
   H ( 11)  2.209085  3.102844  3.522220  1.086116  2.238660  3.829540
   H ( 12)  2.209056  3.522179  3.102625  2.238676  1.086130  3.829063
   H ( 13)  2.209059  3.102778  3.522204  2.238728  1.086121  3.169820
             H (  7)   H (  8)   H (  9)   H ( 10)   H ( 11)   H ( 12)
   H (  8)  3.116481
   H (  9)  2.523800  1.829625
   H ( 10)  3.829709  3.829124  3.169696
   H ( 11)  3.170189  4.390794  3.829714  1.829840
   H ( 12)  4.391028  3.169639  3.829158  2.522663  3.116427
   H ( 13)  3.829367  3.829069  4.391010  3.116467  2.522804  1.829700

 
 A cutoff of  1.0D-08 yielded   4435 shell pairs
 There are  39245 function pairs ( 48051 Cartesian)
Evaluating contribution to one-electron hamiltonian from nuclear
 Smallest overlap matrix eigenvalue = 2.58E-05

 Q-Chem warning in module mkSTV.C, line 194:

 Overlap eigenvalue is smaller than square root of threshold

 Multipole matrices computed through 2nd order

  Scale SEOQF with 1.000000e-01/1.000000e-01/1.000000e-01

 Standard Electronic Orientation quadrupole field applied
 Nucleus-field energy     =    -0.0000000026 hartrees
 Guess from superposition of atomic densities
 Warning:  Energy on first SCF cycle will be non-variational
 Long-range K will be added via erf
 Coulomb attenuation parameter = 0.3 bohr**(-1)
 An unrestricted Kohn-Sham SCF calculation will be
 performed using Pulay DIIS extrapolation
 Exchange:  wPBE + LR-HF      Correlation:  PBE
 Using SG-1 standard quadrature grid
 SCF converges when DIIS error is below 1.0E-05
 Requested basis set is G3large
 There are 98 shells and 290 basis functions
 A cutoff of  1.0D-08 yielded   4435 shell pairs
 There are  39245 function pairs ( 48051 Cartesian)
 Warning!  Inaccurate integrated density:
   Number of electrons =    37
   Numerical integral  =    37.999765750979
   Relative error      =     2.7020695972 %
 ---------------------------------------
  Cycle       Energy         DIIS Error
 ---------------------------------------
    1    -196.9969500130      2.90E-02
    2    -194.7044128170      2.43E-03
    3    -194.7431593266      2.14E-03
    4    -194.7884518275      2.90E-04
    5    -194.7908766754      1.39E-04
    6    -194.7916357221      5.69E-05
    7    -194.7921918069      5.20E-05
    8    -194.7927440751      4.24E-05
    9    -194.7932773878      4.15E-05
   10    -194.7936374133      3.83E-05
   11    -194.7940718825      3.61E-05
   12    -194.7947098455      3.34E-05
   13    -194.7953133807      3.08E-05
   14    -194.7972897423      8.16E-05
   15    -194.7970358435      4.02E-05
   16    -194.7977206242      2.64E-04
   17    -194.7968560900      3.81E-04
   18    -194.7968600160      3.85E-04
   19    -194.7971859590      3.56E-04
   20    -194.7978104670      2.93E-04
   21    -194.7983914502      2.11E-04
   22    -194.7986207553      1.69E-04
   23    -194.7987609842      1.42E-04
   24    -194.7988889571      9.37E-05
   25    -194.7989951397      3.29E-05
   26    -194.7990100244      2.32E-06 Convergence criterion met
 ---------------------------------------
 One-Electron    Energy =  -590.7788941983
 Total Coulomb   Energy =   254.6373111599
 Alpha Exchange  Energy =    -2.9656957119
 Beta  Exchange  Energy =    -2.7954533549
 DFT   Exchange  Energy =   -22.7226221879
 DFT Correlation Energy =    -1.2072704599
 Nuclear Repu.   Energy =   171.0336147286
 Nuclear Attr.   Energy =  -784.8582642100
 Kinetic         Energy =   194.0793700117
 <S^2> = 0.7574
 SCF time:  CPU 1227.67 s  wall 1239.47 s
 Final Alpha MO Eigenvalues
            1           2           3           4           5           6
    1 -10.3088900 -10.3011621 -10.3010361 -10.3010301 -10.3009246  -1.2350732
            7           8           9          10          11          12
    1  -1.1545812  -0.9379329  -0.9378367  -0.8774569  -0.8168338  -0.8032300
           13          14          15          16          17          18
    1  -0.8031749  -0.7054233  -0.6874409  -0.6728416  -0.6307928  -0.6194218
           19          20          21          22          23          24
    1  -0.6192775  -0.0911787  -0.0833976  -0.0833795  -0.0745757  -0.0524734
 Final Beta MO Eigenvalues
            1           2           3           4           5           6
    1 -10.3087347 -10.2971505 -10.2970430 -10.2970269 -10.2969396  -1.2255769
            7           8           9          10          11          12
    1  -1.1388520  -0.9249138  -0.9248712  -0.8640329  -0.8104229  -0.7999162
           13          14          15          16          17          18
    1  -0.7998096  -0.6849420  -0.6702362  -0.6475662  -0.6126052  -0.6118423
           19          20          21          22          23
    1  -0.3703234  -0.0898925  -0.0800620  -0.0800470  -0.0730538
 Analysis of SCF Wavefunction
 
 --------------------------------------------------------------
                    Orbital Energies (a.u.)
 --------------------------------------------------------------
 
 Alpha MOs
 -- Occupied --
-10.309 -10.301 -10.301 -10.301 -10.301  -1.235  -1.155  -0.938
 -0.938  -0.877  -0.817  -0.803  -0.803  -0.705  -0.687  -0.673
 -0.631  -0.619  -0.619
 -- Virtual --
 -0.091  -0.083  -0.083  -0.075  -0.052  -0.052  -0.044  -0.035
 -0.029  -0.015  -0.015  -0.006   0.012   0.017   0.019   0.019
  0.034   0.035   0.042   0.047   0.056   0.057   0.072   0.073
  0.073   0.082   0.091   0.092   0.093   0.098   0.113   0.113
  0.121   0.151   0.167   0.167   0.178   0.205   0.226   0.234
  0.234   0.270   0.298   0.354   0.365   0.374   0.374   0.387
  0.387   0.421   0.442   0.442   0.451   0.465   0.484   0.485
  0.485   0.499   0.499   0.521   0.537   0.548   0.557   0.557
  0.558   0.612   0.628   0.680   0.680   0.694   0.712   0.719
  0.757   0.781   0.793   0.793   0.873   0.922   0.922   0.944
  0.961   0.982   0.993   0.993   1.020   1.020   1.063   1.063
  1.065   1.116   1.116   1.176   1.182   1.182   1.191   1.225
  1.225   1.252   1.252   1.279   1.279   1.302   1.334   1.334
  1.350   1.357   1.384   1.424   1.445   1.445   1.456   1.472
  1.473   1.475   1.524   1.611   1.653   1.654   1.690   2.309
  2.309   2.373   2.447   2.458   2.472   2.472   2.504   2.517
  2.517   2.546   2.570   2.622   2.622   2.668   2.707   2.732
  2.732   2.733   2.760   2.831   2.832   2.841   2.845   2.895
  2.896   2.915   2.915   2.915   2.969   2.981   3.005   3.035
  3.069   3.069   3.090   3.113   3.182   3.182   3.199   3.218
  3.218   3.277   3.277   3.283   3.296   3.328   3.338   3.383
  3.383   3.404   3.435   3.435   3.460   3.525   3.629   3.649
  3.692   3.726   3.726   3.774   3.775   3.804   3.895   3.947
  3.947   3.948   3.951   3.987   3.987   4.080   4.105   4.114
  4.117   4.181   4.182   4.183   4.205   4.205   4.244   4.244
  4.333   4.333   4.368   4.373   4.373   4.395   4.439   4.539
  4.563   4.732   4.732   4.811   4.811   4.937   5.093   5.230
  5.274   5.274   5.332   5.449   5.449   5.454   5.489   5.591
  5.591   5.614  23.854  23.873  24.128  24.128  24.201  27.219
 27.279  27.341  27.341  27.727  27.817  27.843  27.843  27.862
 27.884  27.884  27.901  28.288  28.288  28.728  40.606  40.616
 40.641  40.704  40.711  40.711  40.714  40.756  40.757  40.758
 40.879  40.880  40.880  40.885  40.885  40.896  40.922  40.933
 40.988  40.989  40.997  40.998  41.014  41.090  41.090
 
 Beta MOs
 -- Occupied --
-10.309 -10.297 -10.297 -10.297 -10.297  -1.226  -1.139  -0.925
 -0.925  -0.864  -0.810  -0.800  -0.800  -0.685  -0.670  -0.648
 -0.613  -0.612
 -- Virtual --
 -0.370  -0.090  -0.080  -0.080  -0.073  -0.051  -0.051  -0.043
 -0.035  -0.028  -0.005  -0.005  -0.005   0.013   0.020   0.020
  0.020   0.036   0.036   0.044   0.049   0.058   0.058   0.072
  0.080   0.080   0.084   0.093   0.093   0.094   0.099   0.119
  0.120   0.128   0.152   0.168   0.168   0.188   0.209   0.234
  0.238   0.238   0.271   0.302   0.358   0.366   0.376   0.376
  0.393   0.393   0.429   0.448   0.448   0.464   0.476   0.485
  0.491   0.491   0.501   0.501   0.527   0.541   0.554   0.560
  0.561   0.561   0.614   0.633   0.684   0.684   0.696   0.713
  0.730   0.764   0.790   0.797   0.797   0.873   0.925   0.925
  0.948   0.962   0.992   0.995   0.996   1.021   1.021   1.067
  1.071   1.071   1.124   1.124   1.180   1.187   1.187   1.201
  1.236   1.236   1.258   1.260   1.282   1.285   1.305   1.337
  1.337   1.355   1.359   1.388   1.428   1.448   1.448   1.458
  1.474   1.474   1.479   1.530   1.622   1.659   1.659   1.691
  2.319   2.319   2.392   2.449   2.476   2.476   2.486   2.511
  2.524   2.524   2.550   2.587   2.628   2.628   2.673   2.724
  2.742   2.742   2.749   2.773   2.838   2.838   2.853   2.856
  2.907   2.907   2.929   2.929   2.934   2.974   2.983   3.013
  3.040   3.078   3.078   3.093   3.121   3.193   3.193   3.204
  3.232   3.232   3.289   3.289   3.293   3.318   3.338   3.344
  3.392   3.392   3.411   3.444   3.444   3.460   3.535   3.632
  3.659   3.705   3.730   3.730   3.785   3.785   3.813   3.899
  3.951   3.951   3.954   3.956   3.993   3.993   4.086   4.112
  4.115   4.120   4.190   4.194   4.196   4.210   4.210   4.251
  4.251   4.340   4.340   4.374   4.380   4.380   4.402   4.446
  4.547   4.571   4.738   4.739   4.816   4.816   4.941   5.102
  5.231   5.288   5.288   5.337   5.452   5.452   5.456   5.491
  5.595   5.595   5.620  23.855  23.878  24.133  24.133  24.205
 27.231  27.292  27.344  27.344  27.730  27.820  27.847  27.848
 27.864  27.889  27.890  27.903  28.291  28.291  28.732  40.608
 40.624  40.645  40.710  40.718  40.718  40.720  40.761  40.764
 40.764  40.881  40.887  40.887  40.893  40.893  40.905  40.927
 40.940  40.990  40.990  40.998  40.999  41.021  41.094  41.094
 --------------------------------------------------------------
 
          Ground-State Mulliken Net Atomic Charges

     Atom                 Charge (a.u.)    Spin (a.u.)
  --------------------------------------------------------
      1 C                     0.441443      -0.071316
      2 C                    -0.172548       0.279736
      3 C                    -0.172564       0.280491
      4 C                    -0.173176       0.280539
      5 C                    -0.173629       0.279857
      6 H                     0.156230      -0.006130
      7 H                     0.156275      -0.006087
      8 H                     0.156375      -0.006231
      9 H                     0.156263      -0.006192
     10 H                     0.156362      -0.006204
     11 H                     0.156333      -0.006174
     12 H                     0.156274      -0.006166
     13 H                     0.156362      -0.006122
  --------------------------------------------------------
  Sum of atomic charges =     1.000000
  Sum of spin   charges =     1.000000

 -----------------------------------------------------------------
                    Cartesian Multipole Moments
 -----------------------------------------------------------------
    Charge (ESU x 10^10)
                 4.8032
    Dipole Moment (Debye)
         X       0.0043      Y      -0.0004      Z       4.8026
       Tot       4.8026
    Quadrupole Moments (Debye-Ang)
        XX     -18.2157     XY      -0.0003     YY     -23.8533
        XZ      -0.0460     YZ       0.0001     ZZ     -19.0560
    Octapole Moments (Debye-Ang^2)
       XXX       0.0087    XXY       0.0012    XYY       2.3093
       YYY      -0.0025    XXZ     -18.2564    XYZ       0.0000
       YYZ     -23.8780    XZZ      -2.4032    YZZ       0.0001
       ZZZ     -66.7015
    Hexadecapole Moments (Debye-Ang^3)
      XXXX    -274.0264   XXXY      -0.0003   XXYY     -48.4212
      XYYY       0.0012   YYYY     -91.2852   XXXZ       1.1751
      XXYZ       0.0003   XYYZ       2.5335   YYYZ      -0.0029
      XXZZ     -66.7358   XYZZ      -0.0002   YYZZ     -46.7048
      XZZZ      -6.5775   YZZZ      -0.0008   ZZZZ    -229.3696
 -----------------------------------------------------------------
 Total job time:  1239.95s(wall), 1228.08s(cpu) 
 Wed Mar 26 02:07:49 2014

        *************************************************************
        *                                                           *
        *  Thank you very much for using Q-Chem.  Have a nice day.  *
        *                                                           *
        *************************************************************


0 sent ACK to 0 
now end server 0 ... 
