Process 0 of 1 is on cl131 - thread support 1
initial socket setup ...start
initial socket setup ...done 
now start server 0 ... 

cmd = /usr/bin/ssh clhead /usr/local/qchem/bin/get_hostid 292587790 > /tmp/1603292.1.medium.q/qchem9400/lic.dat

cmd = /usr/bin/ssh clhead /usr/local/qchem/bin/get_hostid 292587790 > /tmp/1603292.1.medium.q/qchem9400/lic.dat

cmd = /usr/bin/ssh clhead /usr/local/qchem/bin/get_hostid 292587790 > /tmp/1603292.1.medium.q/qchem9400/lic.dat

cmd = /usr/bin/ssh clhead /usr/local/qchem/bin/get_hostid 292587790 > /tmp/1603292.1.medium.q/qchem9400/lic.dat

cmd = /usr/bin/ssh clhead /usr/local/qchem/bin/get_hostid 292587790 > /tmp/1603292.1.medium.q/qchem9400/lic.dat
                  Welcome to Q-Chem
     A Quantum Leap Into The Future Of Chemistry

 Y. Shao, L. Fusti-Molnar, Y. Jung, J. Kussmann, C. Ochsenfeld,
 S. T. Brown, A. T. B. Gilbert, L. V. Slipchenko,S. V. Levchenko,
 D. P. O'Neill, R. A. DiStasio Jr., R. C. Lochan, T. Wang,
 G. J. O. Beran, N. A. Besley, J. M. Herbert, C. Y. Lin,
 T. Van Voorhis, S. H. Chien, A. Sodt, R. P. Steele, 
 V. A. Rassolov, P. E. Maslen, P. P. Korambath, R. D. Adamson,
 B. Austin, J. Baker, E. F. C. Byrd, H. Dachsel, R. J. Doerksen,
 A. Dreuw, B. D. Dunietz, A. D. Dutoi, T. R. Furlani,
 S. R. Gwaltney, A. Heyden, S. Hirata, C.-P. Hsu, G. Kedziora,
 R. Z. Khaliullin, P. Klunzinger, A. M. Lee, M. S. Lee, W. Liang,
 I. Lotan, N. Nair, B. Peters, E. I. Proynov, P. A. Pieniazek, 
 Y. M. Rhee, J. Ritchie, E. Rosta, C. D. Sherrill, 
 A. C. Simmonett, J. E. Subotnik, H. L. Woodcock III,
 W. Zhang, A. T. Bell, A. K. Chakraborty, D. M. Chipman,
 F. J. Keil, A. Warshel, W. J. Hehre, H. F. Schaefer III,
 J. Kong, A. I. Krylov, P. M. W. Gill, M. Head-Gordon,
 Q-Chem, Version 3.1, Q-Chem, Inc., Pittsburgh, PA (2007).

 Additional authors for Version 3.1: 
 Z. Gan, Y. Zhao, N. E. Schultz, D. Truhlar, E. Epifanovsky and M. Oana.

 Additional authors for Version 3.2: 
 R. Baer, B. R. Brooks, D. Casanova, J.-D. Chai, C.-L. Cheng, 
 C. Cramer, D. Crittenden, A. Ghysels, G. Hawkins, E. G. Hohenstein, 
 C. Kelley, W. Kurlancheek, D. Liotard, E. Livshits, P. Manohar, 
 A. Marenich, D. Neuhauser, R. Olson, M. A. Rohrdanz, K. S. Thanthiriwatte, 
 A. J. W. Thom, V. Vanovschi, C. F. Williams, Q. Wu and Z.-Q. You. 


 Intel X86 Linux Version

 Q-chem begins on Wed Mar 26 10:48:55 2014  

 Parallel job on  1  processors
Processing $rem in /usr/local/qchem/config/preferences.

theFileMan(): MAXOPENFILES=974 MAX_SUB_FILE_NUM=16
Maximum size of a physical file is 2.0 GB, maximum size of a tmp-file is 32.0 GB


--------------------------------------------------------------
User input:
--------------------------------------------------------------

$molecule
-1,2
C         -0.00003        0.00010        0.99991
C          1.26459        0.75942        0.98847
C          1.26447       -0.75945        0.98840
C         -1.27145        0.00003        0.25190
C         -1.25762        0.00005        1.77082
H          1.57412        1.26097        1.90079
H          1.55767        1.26188        0.07124
H          1.57397       -1.26106        1.90071
H          1.55744       -1.26192        0.07116
H         -1.57709       -0.91495       -0.24713
H         -1.57734        0.91489       -0.24721
H         -1.55434       -0.91483        2.27543
H         -1.55439        0.91487        2.27549
$end

$comment
negative
$end

$xc_functional
C PBE   1.00
X wPBE  1.00
$end

$rem
SYMMETRY_DECOMPOSITION	0
exchange 		general
LRC_DFT                 true
BASIS                   g3large
omega			310
mem_static              760
max_scf_cycles          200
scf_final_print         1
sym_ignore              true
$end

--------------------------------------------------------------
 Writing REM_CC_EA           13
 ----------------------------------------------------
       Standard Nuclear Orientation (Angstroms)
    I     Atom         X            Y            Z
 ----------------------------------------------------
    1      C      -0.000030     0.000100     0.999910
    2      C       1.264590     0.759420     0.988470
    3      C       1.264470    -0.759450     0.988400
    4      C      -1.271450     0.000030     0.251900
    5      C      -1.257620     0.000050     1.770820
    6      H       1.574120     1.260970     1.900790
    7      H       1.557670     1.261880     0.071240
    8      H       1.573970    -1.261060     1.900710
    9      H       1.557440    -1.261920     0.071160
   10      H      -1.577090    -0.914950    -0.247130
   11      H      -1.577340     0.914890    -0.247210
   12      H      -1.554340    -0.914830     2.275430
   13      H      -1.554390     0.914870     2.275490
 ----------------------------------------------------
 Nuclear Repulsion Energy =   171.0336147312 hartrees
 There are       20 alpha and       19 beta electrons
 Requested basis set is G3large
 There are 98 shells and 290 basis functions

Total QAlloc Memory Limit   2000 MB
Mega-Array Size       743 MB
MEM_STATIC part       760 MB

                       Distance Matrix (Angstroms)
             C (  1)   C (  2)   C (  3)   C (  4)   C (  5)   H (  6)
   C (  2)  1.475114
   C (  3)  1.475130  1.518870
   C (  4)  1.475137  2.747855  2.747750
   C (  5)  1.475071  2.747773  2.747719  1.518983
   H (  6)  2.208920  1.086135  2.238400  3.522226  3.102509
   H (  7)  2.209286  1.086127  2.238956  3.103035  3.522307  1.829624
   H (  8)  2.208946  2.238356  1.086146  3.522121  3.102446  2.522030
   H (  9)  2.209295  2.238981  1.086111  3.102870  3.522212  3.116536
   H ( 10)  2.208969  3.522125  3.102447  1.086110  2.238617  4.390708
   H ( 11)  2.209085  3.102844  3.522220  1.086116  2.238660  3.829540
   H ( 12)  2.209056  3.522179  3.102625  2.238676  1.086130  3.829063
   H ( 13)  2.209059  3.102778  3.522204  2.238728  1.086121  3.169820
             H (  7)   H (  8)   H (  9)   H ( 10)   H ( 11)   H ( 12)
   H (  8)  3.116481
   H (  9)  2.523800  1.829625
   H ( 10)  3.829709  3.829124  3.169696
   H ( 11)  3.170189  4.390794  3.829714  1.829840
   H ( 12)  4.391028  3.169639  3.829158  2.522663  3.116427
   H ( 13)  3.829367  3.829069  4.391010  3.116467  2.522804  1.829700

 
 A cutoff of  1.0D-08 yielded   4435 shell pairs
 There are  39245 function pairs ( 48051 Cartesian)
Evaluating contribution to one-electron hamiltonian from nuclear
 Smallest overlap matrix eigenvalue = 2.58E-05

 Q-Chem warning in module mkSTV.C, line 194:

 Overlap eigenvalue is smaller than square root of threshold

 Multipole matrices computed through 2nd order

  Scale SEOQF with 1.000000e-01/1.000000e-01/1.000000e-01

 Standard Electronic Orientation quadrupole field applied
 Nucleus-field energy     =    -0.0000000026 hartrees
 Guess from superposition of atomic densities
 Warning:  Energy on first SCF cycle will be non-variational
 Long-range K will be added via erf
 Coulomb attenuation parameter = 0.31 bohr**(-1)
 An unrestricted Kohn-Sham SCF calculation will be
 performed using Pulay DIIS extrapolation
 Exchange:  wPBE + LR-HF      Correlation:  PBE
 Using SG-1 standard quadrature grid
 SCF converges when DIIS error is below 1.0E-05
 Requested basis set is G3large
 There are 98 shells and 290 basis functions
 A cutoff of  1.0D-08 yielded   4435 shell pairs
 There are  39245 function pairs ( 48051 Cartesian)
 Warning!  Inaccurate integrated density:
   Number of electrons =    39
   Numerical integral  =    37.999765750979
   Relative error      =    -2.5647032026 %
 ---------------------------------------
  Cycle       Energy         DIIS Error
 ---------------------------------------
    1    -197.0246432372      2.90E-02
    2    -194.9507700684      3.21E-03
    3    -195.0319223606      2.98E-03
    4    -195.1269720882      3.37E-04
    5    -195.1318409616      1.97E-04
    6    -195.1334416835      6.26E-05
    7    -195.1340160963      2.76E-05
    8    -195.1342602723      1.82E-05
    9    -195.1344205594      1.47E-05
   10    -195.1345669790      1.06E-05
   11    -195.1346788016      7.79E-06 Convergence criterion met
 ---------------------------------------
 One-Electron    Energy =  -604.4775250124
 Total Coulomb   Energy =   268.4012814548
 Alpha Exchange  Energy =    -3.0978302096
 Beta  Exchange  Energy =    -3.0388975945
 DFT   Exchange  Energy =   -22.7025048551
 DFT Correlation Energy =    -1.2528173133
 Nuclear Repu.   Energy =   171.0336147286
 Nuclear Attr.   Energy =  -798.7562992988
 Kinetic         Energy =   194.2787742864
 <S^2> = 0.7501
 SCF time:  CPU 504.83 s  wall 507.52 s
 Final Alpha MO Eigenvalues
            1           2           3           4           5           6
    1  -9.9440736  -9.9354372  -9.9283778  -9.9281988  -9.9277212  -0.8667265
            7           8           9          10          11          12
    1  -0.7829286  -0.5874825  -0.5837251  -0.5231656  -0.4648567  -0.4548073
           13          14          15          16          17          18
    1  -0.4508175  -0.3439506  -0.3300798  -0.3282260  -0.2607268  -0.2594750
           19          20          21          22          23          24
    1  -0.2487799   0.0332940   0.1281517   0.1283071   0.1297315   0.1581116
           25
    1   0.1582453
 Final Beta MO Eigenvalues
            1           2           3           4           5           6
    1  -9.9440821  -9.9353487  -9.9281137  -9.9279715  -9.9274782  -0.8666213
            7           8           9          10          11          12
    1  -0.7827362  -0.5868430  -0.5829253  -0.5223976  -0.4642482  -0.4545335
           13          14          15          16          17          18
    1  -0.4502636  -0.3436246  -0.3295132  -0.3279008  -0.2604526  -0.2592438
           19          20          21          22          23          24
    1  -0.2482586   0.1258217   0.1391000   0.1409532   0.1446651   0.1596288
 Analysis of SCF Wavefunction
 
 --------------------------------------------------------------
                    Orbital Energies (a.u.)
 --------------------------------------------------------------
 
 Alpha MOs
 -- Occupied --
 -9.944  -9.935  -9.928  -9.928  -9.928  -0.867  -0.783  -0.587
 -0.584  -0.523  -0.465  -0.455  -0.451  -0.344  -0.330  -0.328
 -0.261  -0.259  -0.249   0.033
 -- Virtual --
  0.128   0.128   0.130   0.158   0.158   0.163   0.180   0.190
  0.219   0.245   0.247   0.254   0.262   0.265   0.265   0.281
  0.285   0.289   0.299   0.311   0.311   0.322   0.334   0.336
  0.340   0.341   0.354   0.355   0.370   0.413   0.417   0.419
  0.448   0.464   0.470   0.478   0.503   0.533   0.534   0.544
  0.551   0.606   0.655   0.671   0.673   0.677   0.700   0.704
  0.735   0.757   0.759   0.778   0.788   0.794   0.805   0.807
  0.822   0.823   0.839   0.850   0.858   0.861   0.865   0.883
  0.914   0.968   1.010   1.010   1.017   1.034   1.061   1.089
  1.115   1.122   1.123   1.193   1.245   1.247   1.272   1.299
  1.318   1.319   1.328   1.345   1.348   1.383   1.394   1.395
  1.451   1.454   1.508   1.513   1.516   1.539   1.561   1.564
  1.585   1.589   1.611   1.619   1.623   1.660   1.662   1.680
  1.685   1.708   1.757   1.772   1.774   1.787   1.798   1.802
  1.806   1.864   1.970   2.004   2.005   2.032   2.668   2.672
  2.752   2.791   2.820   2.822   2.843   2.854   2.886   2.887
  2.894   2.943   2.980   2.981   3.028   3.084   3.097   3.099
  3.104   3.133   3.189   3.191   3.207   3.213   3.265   3.266
  3.281   3.282   3.295   3.327   3.331   3.372   3.396   3.427
  3.428   3.448   3.477   3.544   3.544   3.553   3.586   3.588
  3.639   3.640   3.650   3.669   3.699   3.700   3.744   3.745
  3.760   3.800   3.800   3.814   3.888   3.986   4.015   4.064
  4.081   4.083   4.140   4.141   4.168   4.254   4.303   4.305
  4.307   4.308   4.339   4.343   4.431   4.456   4.464   4.465
  4.544   4.547   4.551   4.559   4.562   4.603   4.604   4.694
  4.695   4.723   4.727   4.731   4.763   4.803   4.909   4.926
  5.100   5.102   5.172   5.174   5.293   5.458   5.587   5.647
  5.649   5.688   5.797   5.804   5.808   5.841   5.950   5.953
  5.984  24.230  24.254  24.508  24.512  24.581  27.606  27.667
 27.719  27.721  28.107  28.197  28.222  28.224  28.241  28.265
 28.265  28.280  28.666  28.669  29.106  40.985  41.002  41.023
 41.086  41.093  41.097  41.098  41.137  41.140  41.144  41.257
 41.263  41.263  41.269  41.270  41.282  41.304  41.317  41.364
 41.369  41.376  41.378  41.398  41.469  41.470
 
 Beta MOs
 -- Occupied --
 -9.944  -9.935  -9.928  -9.928  -9.927  -0.867  -0.783  -0.587
 -0.583  -0.522  -0.464  -0.455  -0.450  -0.344  -0.330  -0.328
 -0.260  -0.259  -0.248
 -- Virtual --
  0.126   0.139   0.141   0.145   0.160   0.165   0.168   0.183
  0.189   0.217   0.241   0.242   0.248   0.257   0.260   0.260
  0.281   0.281   0.289   0.298   0.309   0.310   0.319   0.329
  0.332   0.334   0.335   0.350   0.352   0.369   0.411   0.416
  0.418   0.446   0.463   0.469   0.474   0.501   0.530   0.531
  0.542   0.550   0.605   0.653   0.669   0.671   0.675   0.699
  0.702   0.733   0.756   0.757   0.776   0.786   0.793   0.805
  0.806   0.821   0.822   0.837   0.849   0.856   0.859   0.863
  0.882   0.913   0.968   1.010   1.010   1.017   1.035   1.062
  1.088   1.115   1.122   1.123   1.194   1.245   1.247   1.272
  1.298   1.319   1.320   1.328   1.344   1.348   1.383   1.394
  1.395   1.451   1.453   1.508   1.513   1.516   1.539   1.561
  1.564   1.585   1.588   1.611   1.620   1.623   1.660   1.662
  1.680   1.685   1.708   1.757   1.772   1.774   1.788   1.798
  1.802   1.806   1.864   1.970   2.004   2.005   2.033   2.668
  2.672   2.753   2.791   2.820   2.822   2.843   2.854   2.886
  2.887   2.893   2.943   2.980   2.981   3.029   3.084   3.097
  3.099   3.104   3.133   3.190   3.191   3.207   3.214   3.265
  3.266   3.282   3.283   3.295   3.328   3.332   3.372   3.396
  3.428   3.429   3.449   3.478   3.544   3.544   3.554   3.586
  3.588   3.639   3.641   3.650   3.669   3.700   3.700   3.744
  3.745   3.760   3.800   3.800   3.814   3.889   3.986   4.015
  4.065   4.081   4.083   4.140   4.142   4.168   4.255   4.303
  4.305   4.307   4.309   4.340   4.343   4.431   4.456   4.464
  4.465   4.544   4.547   4.551   4.559   4.562   4.603   4.605
  4.694   4.695   4.724   4.727   4.731   4.764   4.803   4.909
  4.927   5.100   5.102   5.172   5.174   5.294   5.459   5.588
  5.647   5.650   5.688   5.797   5.804   5.808   5.841   5.951
  5.953   5.984  24.230  24.255  24.508  24.512  24.581  27.607
 27.667  27.719  27.721  28.107  28.197  28.222  28.224  28.241
 28.265  28.265  28.280  28.666  28.670  29.106  40.985  41.002
 41.023  41.086  41.093  41.097  41.099  41.137  41.140  41.144
 41.257  41.263  41.263  41.269  41.271  41.282  41.304  41.317
 41.364  41.370  41.376  41.379  41.398  41.469  41.470
 --------------------------------------------------------------
 
          Ground-State Mulliken Net Atomic Charges

     Atom                 Charge (a.u.)    Spin (a.u.)
  --------------------------------------------------------
      1 C                    -3.690860       4.268120
      2 C                     3.130035      -3.484028
      3 C                    -0.252816      -0.047499
      4 C                     1.620536      -1.943791
      5 C                     1.392922      -1.714885
      6 H                    -0.576390       0.678451
      7 H                    -0.615221       0.719133
      8 H                    -0.041528       0.114510
      9 H                    -0.055740       0.130195
     10 H                    -0.135954       0.209919
     11 H                    -0.862830       0.975066
     12 H                    -0.114589       0.186724
     13 H                    -0.797564       0.908085
  --------------------------------------------------------
  Sum of atomic charges =    -1.000000
  Sum of spin   charges =     1.000000

 -----------------------------------------------------------------
                    Cartesian Multipole Moments
 -----------------------------------------------------------------
    Charge (ESU x 10^10)
                -4.8032
    Dipole Moment (Debye)
         X       1.9716      Y      -6.9854      Z      -4.4390
       Tot       8.5082
    Quadrupole Moments (Debye-Ang)
        XX     -73.2913     XY       1.8538     YY     -65.8090
        XZ       1.8666     YZ      -6.5822     ZZ     -64.8226
    Octapole Moments (Debye-Ang^2)
       XXX      30.1093    XXY     -43.0854    XYY      12.8157
       YYY     -95.3001    XXZ     -70.9819    XYZ       1.7462
       YYZ     -63.7265    XZZ      11.2400    YZZ     -44.3220
       ZZZ    -180.9871
    Hexadecapole Moments (Debye-Ang^3)
      XXXX   -1053.0882   XXXY       9.6006   XXYY    -290.7102
      XYYY      16.2577   YYYY    -607.1655   XXXZ      28.9429
      XXYZ     -40.9623   XYYZ      12.5807   YYYZ     -90.9805
      XXZZ    -336.8641   XYZZ      10.0625   YYZZ    -262.9701
      XZZZ      29.9222   YZZZ    -115.9026   ZZZZ    -863.1753
 -----------------------------------------------------------------
 Total job time:  507.98s(wall), 505.23s(cpu) 
 Wed Mar 26 10:57:23 2014

        *************************************************************
        *                                                           *
        *  Thank you very much for using Q-Chem.  Have a nice day.  *
        *                                                           *
        *************************************************************


0 sent ACK to 0 
now end server 0 ... 
 
**********************************************************************
Job 2 of 3 
**********************************************************************
 
Process 0 of 1 is on cl131 - thread support 1
initial socket setup ...start
initial socket setup ...done 
now start server 0 ... 

cmd = /usr/bin/ssh clhead /usr/local/qchem/bin/get_hostid 1352806446 > /tmp/1603292.1.medium.q/qchem9400/lic.dat

cmd = /usr/bin/ssh clhead /usr/local/qchem/bin/get_hostid 1352806446 > /tmp/1603292.1.medium.q/qchem9400/lic.dat

cmd = /usr/bin/ssh clhead /usr/local/qchem/bin/get_hostid 1352806446 > /tmp/1603292.1.medium.q/qchem9400/lic.dat

cmd = /usr/bin/ssh clhead /usr/local/qchem/bin/get_hostid 1352806446 > /tmp/1603292.1.medium.q/qchem9400/lic.dat

cmd = /usr/bin/ssh clhead /usr/local/qchem/bin/get_hostid 1352806446 > /tmp/1603292.1.medium.q/qchem9400/lic.dat
                  Welcome to Q-Chem
     A Quantum Leap Into The Future Of Chemistry

 Y. Shao, L. Fusti-Molnar, Y. Jung, J. Kussmann, C. Ochsenfeld,
 S. T. Brown, A. T. B. Gilbert, L. V. Slipchenko,S. V. Levchenko,
 D. P. O'Neill, R. A. DiStasio Jr., R. C. Lochan, T. Wang,
 G. J. O. Beran, N. A. Besley, J. M. Herbert, C. Y. Lin,
 T. Van Voorhis, S. H. Chien, A. Sodt, R. P. Steele, 
 V. A. Rassolov, P. E. Maslen, P. P. Korambath, R. D. Adamson,
 B. Austin, J. Baker, E. F. C. Byrd, H. Dachsel, R. J. Doerksen,
 A. Dreuw, B. D. Dunietz, A. D. Dutoi, T. R. Furlani,
 S. R. Gwaltney, A. Heyden, S. Hirata, C.-P. Hsu, G. Kedziora,
 R. Z. Khaliullin, P. Klunzinger, A. M. Lee, M. S. Lee, W. Liang,
 I. Lotan, N. Nair, B. Peters, E. I. Proynov, P. A. Pieniazek, 
 Y. M. Rhee, J. Ritchie, E. Rosta, C. D. Sherrill, 
 A. C. Simmonett, J. E. Subotnik, H. L. Woodcock III,
 W. Zhang, A. T. Bell, A. K. Chakraborty, D. M. Chipman,
 F. J. Keil, A. Warshel, W. J. Hehre, H. F. Schaefer III,
 J. Kong, A. I. Krylov, P. M. W. Gill, M. Head-Gordon,
 Q-Chem, Version 3.1, Q-Chem, Inc., Pittsburgh, PA (2007).

 Additional authors for Version 3.1: 
 Z. Gan, Y. Zhao, N. E. Schultz, D. Truhlar, E. Epifanovsky and M. Oana.

 Additional authors for Version 3.2: 
 R. Baer, B. R. Brooks, D. Casanova, J.-D. Chai, C.-L. Cheng, 
 C. Cramer, D. Crittenden, A. Ghysels, G. Hawkins, E. G. Hohenstein, 
 C. Kelley, W. Kurlancheek, D. Liotard, E. Livshits, P. Manohar, 
 A. Marenich, D. Neuhauser, R. Olson, M. A. Rohrdanz, K. S. Thanthiriwatte, 
 A. J. W. Thom, V. Vanovschi, C. F. Williams, Q. Wu and Z.-Q. You. 


 Intel X86 Linux Version

 Q-chem begins on Wed Mar 26 10:57:27 2014  

 Parallel job on  1  processors
Processing $rem in /usr/local/qchem/config/preferences.

theFileMan(): MAXOPENFILES=974 MAX_SUB_FILE_NUM=16
Maximum size of a physical file is 2.0 GB, maximum size of a tmp-file is 32.0 GB


--------------------------------------------------------------
User input:
--------------------------------------------------------------

$molecule
0,1
C         -0.00003        0.00010        0.99991
C          1.26459        0.75942        0.98847
C          1.26447       -0.75945        0.98840
C         -1.27145        0.00003        0.25190
C         -1.25762        0.00005        1.77082
H          1.57412        1.26097        1.90079
H          1.55767        1.26188        0.07124
H          1.57397       -1.26106        1.90071
H          1.55744       -1.26192        0.07116
H         -1.57709       -0.91495       -0.24713
H         -1.57734        0.91489       -0.24721
H         -1.55434       -0.91483        2.27543
H         -1.55439        0.91487        2.27549
$end

$comment
neutral
$end

$xc_functional
C PBE   1.00
X wPBE  1.00
$end


$rem
SYMMETRY_DECOMPOSITION	0
LRC_DFT                 true
exchange 		general
BASIS                   g3large
omega			310
mem_static              760
max_scf_cycles          200
scf_final_print         1
sym_ignore              true
$end

--------------------------------------------------------------
 Writing REM_CC_EA           13
 ----------------------------------------------------
       Standard Nuclear Orientation (Angstroms)
    I     Atom         X            Y            Z
 ----------------------------------------------------
    1      C      -0.000030     0.000100     0.999910
    2      C       1.264590     0.759420     0.988470
    3      C       1.264470    -0.759450     0.988400
    4      C      -1.271450     0.000030     0.251900
    5      C      -1.257620     0.000050     1.770820
    6      H       1.574120     1.260970     1.900790
    7      H       1.557670     1.261880     0.071240
    8      H       1.573970    -1.261060     1.900710
    9      H       1.557440    -1.261920     0.071160
   10      H      -1.577090    -0.914950    -0.247130
   11      H      -1.577340     0.914890    -0.247210
   12      H      -1.554340    -0.914830     2.275430
   13      H      -1.554390     0.914870     2.275490
 ----------------------------------------------------
 Nuclear Repulsion Energy =   171.0336147312 hartrees
 There are       19 alpha and       19 beta electrons
 Requested basis set is G3large
 There are 98 shells and 290 basis functions

Total QAlloc Memory Limit   2000 MB
Mega-Array Size       743 MB
MEM_STATIC part       760 MB

                       Distance Matrix (Angstroms)
             C (  1)   C (  2)   C (  3)   C (  4)   C (  5)   H (  6)
   C (  2)  1.475114
   C (  3)  1.475130  1.518870
   C (  4)  1.475137  2.747855  2.747750
   C (  5)  1.475071  2.747773  2.747719  1.518983
   H (  6)  2.208920  1.086135  2.238400  3.522226  3.102509
   H (  7)  2.209286  1.086127  2.238956  3.103035  3.522307  1.829624
   H (  8)  2.208946  2.238356  1.086146  3.522121  3.102446  2.522030
   H (  9)  2.209295  2.238981  1.086111  3.102870  3.522212  3.116536
   H ( 10)  2.208969  3.522125  3.102447  1.086110  2.238617  4.390708
   H ( 11)  2.209085  3.102844  3.522220  1.086116  2.238660  3.829540
   H ( 12)  2.209056  3.522179  3.102625  2.238676  1.086130  3.829063
   H ( 13)  2.209059  3.102778  3.522204  2.238728  1.086121  3.169820
             H (  7)   H (  8)   H (  9)   H ( 10)   H ( 11)   H ( 12)
   H (  8)  3.116481
   H (  9)  2.523800  1.829625
   H ( 10)  3.829709  3.829124  3.169696
   H ( 11)  3.170189  4.390794  3.829714  1.829840
   H ( 12)  4.391028  3.169639  3.829158  2.522663  3.116427
   H ( 13)  3.829367  3.829069  4.391010  3.116467  2.522804  1.829700

 
 A cutoff of  1.0D-08 yielded   4435 shell pairs
 There are  39245 function pairs ( 48051 Cartesian)
Evaluating contribution to one-electron hamiltonian from nuclear
 Smallest overlap matrix eigenvalue = 2.58E-05

 Q-Chem warning in module mkSTV.C, line 194:

 Overlap eigenvalue is smaller than square root of threshold

 Multipole matrices computed through 2nd order

  Scale SEOQF with 1.000000e-01/1.000000e-01/1.000000e-01

 Standard Electronic Orientation quadrupole field applied
 Nucleus-field energy     =    -0.0000000026 hartrees
 Guess from superposition of atomic densities
 Warning:  Energy on first SCF cycle will be non-variational
 Long-range K will be added via erf
 Coulomb attenuation parameter = 0.31 bohr**(-1)
 A restricted Kohn-Sham SCF calculation will be
 performed using Pulay DIIS extrapolation
 Exchange:  wPBE + LR-HF      Correlation:  PBE
 Using SG-1 standard quadrature grid
 SCF converges when DIIS error is below 1.0E-05
 Requested basis set is G3large
 There are 98 shells and 290 basis functions
 A cutoff of  1.0D-08 yielded   4435 shell pairs
 There are  39245 function pairs ( 48051 Cartesian)
 ---------------------------------------
  Cycle       Energy         DIIS Error
 ---------------------------------------
    1    -197.0246432372      2.90E-02
    2    -195.0843538774      2.67E-03
    3    -195.1313428967      2.02E-03
    4    -195.1709127794      2.49E-04
    5    -195.1717046307      1.21E-04
    6    -195.1718571965      2.88E-05
    7    -195.1718705575      7.17E-06 Convergence criterion met
 ---------------------------------------
 One-Electron    Energy =  -599.8875748717
 Total Coulomb   Energy =   263.7023266886
 Alpha Exchange  Energy =    -3.0398786856
 Beta  Exchange  Energy =    -3.0398786856
 DFT   Exchange  Energy =   -22.6946247896
 DFT Correlation Energy =    -1.2458549421
 Nuclear Repu.   Energy =   171.0336147286
 Nuclear Attr.   Energy =  -794.0988543812
 Kinetic         Energy =   194.2112795095
 SCF time:  CPU 239.96 s  wall 241.66 s
 Final Alpha MO Eigenvalues
            1           2           3           4           5           6
    1 -10.0657520 -10.0525045 -10.0523288 -10.0522159 -10.0520011  -0.9884544
            7           8           9          10          11          12
    1  -0.9045618  -0.7069808  -0.7069749  -0.6442816  -0.5857560  -0.5746141
           13          14          15          16          17          18
    1  -0.5745934  -0.4652895  -0.4514350  -0.4503862  -0.3817354  -0.3817205
           19          20          21          22          23          24
    1  -0.3702777   0.0413170   0.0529314   0.0529405   0.0575526   0.0762602
 Analysis of SCF Wavefunction
 
 --------------------------------------------------------------
                    Orbital Energies (a.u.)
 --------------------------------------------------------------
 
 Alpha MOs
 -- Occupied --
-10.066 -10.053 -10.052 -10.052 -10.052  -0.988  -0.905  -0.707
 -0.707  -0.644  -0.586  -0.575  -0.575  -0.465  -0.451  -0.450
 -0.382  -0.382  -0.370
 -- Virtual --
  0.041   0.053   0.053   0.058   0.076   0.076   0.081   0.098
  0.100   0.122   0.148   0.148   0.159   0.164   0.166   0.166
  0.183   0.184   0.184   0.196   0.207   0.207   0.219   0.234
  0.235   0.237   0.237   0.245   0.245   0.258   0.302   0.302
  0.303   0.333   0.352   0.352   0.369   0.388   0.421   0.421
  0.435   0.435   0.491   0.541   0.559   0.559   0.559   0.586
  0.586   0.620   0.641   0.642   0.662   0.672   0.677   0.689
  0.689   0.705   0.705   0.723   0.732   0.743   0.743   0.748
  0.762   0.798   0.848   0.890   0.890   0.896   0.912   0.941
  0.969   0.994   1.002   1.002   1.073   1.125   1.125   1.151
  1.178   1.198   1.198   1.207   1.227   1.227   1.263   1.275
  1.275   1.333   1.333   1.388   1.395   1.395   1.419   1.443
  1.443   1.465   1.469   1.491   1.499   1.505   1.542   1.542
  1.562   1.564   1.589   1.637   1.653   1.653   1.667   1.681
  1.681   1.685   1.742   1.850   1.883   1.883   1.911   2.549
  2.549   2.631   2.671   2.700   2.700   2.722   2.732   2.765
  2.765   2.772   2.822   2.859   2.859   2.907   2.962   2.977
  2.977   2.982   3.012   3.069   3.069   3.085   3.092   3.144
  3.144   3.160   3.160   3.174   3.206   3.209   3.251   3.274
  3.306   3.306   3.327   3.356   3.422   3.423   3.432   3.465
  3.465   3.518   3.518   3.528   3.547   3.578   3.578   3.623
  3.623   3.639   3.679   3.679   3.693   3.767   3.864   3.893
  3.943   3.960   3.960   4.019   4.019   4.046   4.133   4.183
  4.183   4.185   4.187   4.220   4.220   4.309   4.334   4.342
  4.343   4.422   4.427   4.428   4.439   4.439   4.482   4.482
  4.573   4.573   4.602   4.607   4.607   4.642   4.681   4.787
  4.804   4.979   4.979   5.051   5.051   5.172   5.337   5.466
  5.527   5.527   5.567   5.680   5.680   5.684   5.719   5.830
  5.830   5.862  24.108  24.132  24.388  24.388  24.459  27.484
 27.545  27.598  27.598  27.985  28.075  28.101  28.101  28.119
 28.143  28.143  28.158  28.545  28.545  28.984  40.863  40.880
 40.901  40.965  40.973  40.973  40.975  41.015  41.019  41.019
 41.135  41.141  41.141  41.147  41.147  41.159  41.181  41.195
 41.245  41.245  41.254  41.255  41.276  41.348  41.348
 --------------------------------------------------------------
 
          Ground-State Mulliken Net Atomic Charges

     Atom                 Charge (a.u.)
  ----------------------------------------
      1 C                     0.516159
      2 C                    -0.308011
      3 C                    -0.308492
      4 C                    -0.308375
      5 C                    -0.308076
      6 H                     0.089638
      7 H                     0.089603
      8 H                     0.089615
      9 H                     0.089644
     10 H                     0.089570
     11 H                     0.089590
     12 H                     0.089551
     13 H                     0.089583
  ----------------------------------------
  Sum of atomic charges =     0.000000

 -----------------------------------------------------------------
                    Cartesian Multipole Moments
 -----------------------------------------------------------------
    Charge (ESU x 10^10)
                 0.0000
    Dipole Moment (Debye)
         X       0.0002      Y      -0.0012      Z       0.0002
       Tot       0.0013
    Quadrupole Moments (Debye-Ang)
        XX     -32.8559     XY       0.0018     YY     -30.7347
        XZ       0.0196     YZ      -0.0010     ZZ     -30.7361
    Octapole Moments (Debye-Ang^2)
       XXX       0.0016    XXY       0.0021    XYY      -0.6526
       YYY       0.0010    XXZ     -32.8413    XYZ       0.0020
       YYZ     -30.7308    XZZ       0.6919    YZZ       0.0008
       ZZZ     -92.2181
    Hexadecapole Moments (Debye-Ang^3)
      XXXX    -349.0055   XXXY       0.0143   XXYY     -67.4082
      XYYY       0.0104   YYYY    -115.1306   XXXZ       1.3285
      XXYZ       0.0010   XYYZ      -0.3456   YYYZ       0.0000
      XXZZ    -100.2468   XYZZ       0.0118   YYZZ     -63.5916
      XZZZ       2.8055   YZZZ       0.0031   ZZZZ    -299.6052
 -----------------------------------------------------------------
 Total job time:  242.10s(wall), 240.33s(cpu) 
 Wed Mar 26 11:01:29 2014

        *************************************************************
        *                                                           *
        *  Thank you very much for using Q-Chem.  Have a nice day.  *
        *                                                           *
        *************************************************************


0 sent ACK to 0 
now end server 0 ... 
 
**********************************************************************
Job 3 of 3 
**********************************************************************
 
Process 0 of 1 is on cl131 - thread support 1
initial socket setup ...start
initial socket setup ...done 
now start server 0 ... 

cmd = /usr/bin/ssh clhead /usr/local/qchem/bin/get_hostid 1705137565 > /tmp/1603292.1.medium.q/qchem9400/lic.dat

cmd = /usr/bin/ssh clhead /usr/local/qchem/bin/get_hostid 1705137565 > /tmp/1603292.1.medium.q/qchem9400/lic.dat

cmd = /usr/bin/ssh clhead /usr/local/qchem/bin/get_hostid 1705137565 > /tmp/1603292.1.medium.q/qchem9400/lic.dat

cmd = /usr/bin/ssh clhead /usr/local/qchem/bin/get_hostid 1705137565 > /tmp/1603292.1.medium.q/qchem9400/lic.dat

cmd = /usr/bin/ssh clhead /usr/local/qchem/bin/get_hostid 1705137565 > /tmp/1603292.1.medium.q/qchem9400/lic.dat
                  Welcome to Q-Chem
     A Quantum Leap Into The Future Of Chemistry

 Y. Shao, L. Fusti-Molnar, Y. Jung, J. Kussmann, C. Ochsenfeld,
 S. T. Brown, A. T. B. Gilbert, L. V. Slipchenko,S. V. Levchenko,
 D. P. O'Neill, R. A. DiStasio Jr., R. C. Lochan, T. Wang,
 G. J. O. Beran, N. A. Besley, J. M. Herbert, C. Y. Lin,
 T. Van Voorhis, S. H. Chien, A. Sodt, R. P. Steele, 
 V. A. Rassolov, P. E. Maslen, P. P. Korambath, R. D. Adamson,
 B. Austin, J. Baker, E. F. C. Byrd, H. Dachsel, R. J. Doerksen,
 A. Dreuw, B. D. Dunietz, A. D. Dutoi, T. R. Furlani,
 S. R. Gwaltney, A. Heyden, S. Hirata, C.-P. Hsu, G. Kedziora,
 R. Z. Khaliullin, P. Klunzinger, A. M. Lee, M. S. Lee, W. Liang,
 I. Lotan, N. Nair, B. Peters, E. I. Proynov, P. A. Pieniazek, 
 Y. M. Rhee, J. Ritchie, E. Rosta, C. D. Sherrill, 
 A. C. Simmonett, J. E. Subotnik, H. L. Woodcock III,
 W. Zhang, A. T. Bell, A. K. Chakraborty, D. M. Chipman,
 F. J. Keil, A. Warshel, W. J. Hehre, H. F. Schaefer III,
 J. Kong, A. I. Krylov, P. M. W. Gill, M. Head-Gordon,
 Q-Chem, Version 3.1, Q-Chem, Inc., Pittsburgh, PA (2007).

 Additional authors for Version 3.1: 
 Z. Gan, Y. Zhao, N. E. Schultz, D. Truhlar, E. Epifanovsky and M. Oana.

 Additional authors for Version 3.2: 
 R. Baer, B. R. Brooks, D. Casanova, J.-D. Chai, C.-L. Cheng, 
 C. Cramer, D. Crittenden, A. Ghysels, G. Hawkins, E. G. Hohenstein, 
 C. Kelley, W. Kurlancheek, D. Liotard, E. Livshits, P. Manohar, 
 A. Marenich, D. Neuhauser, R. Olson, M. A. Rohrdanz, K. S. Thanthiriwatte, 
 A. J. W. Thom, V. Vanovschi, C. F. Williams, Q. Wu and Z.-Q. You. 


 Intel X86 Linux Version

 Q-chem begins on Wed Mar 26 11:01:33 2014  

 Parallel job on  1  processors
Processing $rem in /usr/local/qchem/config/preferences.

theFileMan(): MAXOPENFILES=974 MAX_SUB_FILE_NUM=16
Maximum size of a physical file is 2.0 GB, maximum size of a tmp-file is 32.0 GB


--------------------------------------------------------------
User input:
--------------------------------------------------------------

$molecule
1,2
C         -0.00003        0.00010        0.99991
C          1.26459        0.75942        0.98847
C          1.26447       -0.75945        0.98840
C         -1.27145        0.00003        0.25190
C         -1.25762        0.00005        1.77082
H          1.57412        1.26097        1.90079
H          1.55767        1.26188        0.07124
H          1.57397       -1.26106        1.90071
H          1.55744       -1.26192        0.07116
H         -1.57709       -0.91495       -0.24713
H         -1.57734        0.91489       -0.24721
H         -1.55434       -0.91483        2.27543
H         -1.55439        0.91487        2.27549
$end

$comment
positive
$end

$xc_functional
C PBE   1.00
X wPBE  1.00
$end

$rem
SYMMETRY_DECOMPOSITION	0
LRC_DFT                 true
exchange 		general
BASIS                   g3large
omega			310
mem_static              760
max_scf_cycles          200
scf_final_print         1
sym_ignore              true
$end

--------------------------------------------------------------
 Writing REM_CC_EA           13
 ----------------------------------------------------
       Standard Nuclear Orientation (Angstroms)
    I     Atom         X            Y            Z
 ----------------------------------------------------
    1      C      -0.000030     0.000100     0.999910
    2      C       1.264590     0.759420     0.988470
    3      C       1.264470    -0.759450     0.988400
    4      C      -1.271450     0.000030     0.251900
    5      C      -1.257620     0.000050     1.770820
    6      H       1.574120     1.260970     1.900790
    7      H       1.557670     1.261880     0.071240
    8      H       1.573970    -1.261060     1.900710
    9      H       1.557440    -1.261920     0.071160
   10      H      -1.577090    -0.914950    -0.247130
   11      H      -1.577340     0.914890    -0.247210
   12      H      -1.554340    -0.914830     2.275430
   13      H      -1.554390     0.914870     2.275490
 ----------------------------------------------------
 Nuclear Repulsion Energy =   171.0336147312 hartrees
 There are       19 alpha and       18 beta electrons
 Requested basis set is G3large
 There are 98 shells and 290 basis functions

Total QAlloc Memory Limit   2000 MB
Mega-Array Size       743 MB
MEM_STATIC part       760 MB

                       Distance Matrix (Angstroms)
             C (  1)   C (  2)   C (  3)   C (  4)   C (  5)   H (  6)
   C (  2)  1.475114
   C (  3)  1.475130  1.518870
   C (  4)  1.475137  2.747855  2.747750
   C (  5)  1.475071  2.747773  2.747719  1.518983
   H (  6)  2.208920  1.086135  2.238400  3.522226  3.102509
   H (  7)  2.209286  1.086127  2.238956  3.103035  3.522307  1.829624
   H (  8)  2.208946  2.238356  1.086146  3.522121  3.102446  2.522030
   H (  9)  2.209295  2.238981  1.086111  3.102870  3.522212  3.116536
   H ( 10)  2.208969  3.522125  3.102447  1.086110  2.238617  4.390708
   H ( 11)  2.209085  3.102844  3.522220  1.086116  2.238660  3.829540
   H ( 12)  2.209056  3.522179  3.102625  2.238676  1.086130  3.829063
   H ( 13)  2.209059  3.102778  3.522204  2.238728  1.086121  3.169820
             H (  7)   H (  8)   H (  9)   H ( 10)   H ( 11)   H ( 12)
   H (  8)  3.116481
   H (  9)  2.523800  1.829625
   H ( 10)  3.829709  3.829124  3.169696
   H ( 11)  3.170189  4.390794  3.829714  1.829840
   H ( 12)  4.391028  3.169639  3.829158  2.522663  3.116427
   H ( 13)  3.829367  3.829069  4.391010  3.116467  2.522804  1.829700

 
 A cutoff of  1.0D-08 yielded   4435 shell pairs
 There are  39245 function pairs ( 48051 Cartesian)
Evaluating contribution to one-electron hamiltonian from nuclear
 Smallest overlap matrix eigenvalue = 2.58E-05

 Q-Chem warning in module mkSTV.C, line 194:

 Overlap eigenvalue is smaller than square root of threshold

 Multipole matrices computed through 2nd order

  Scale SEOQF with 1.000000e-01/1.000000e-01/1.000000e-01

 Standard Electronic Orientation quadrupole field applied
 Nucleus-field energy     =    -0.0000000026 hartrees
 Guess from superposition of atomic densities
 Warning:  Energy on first SCF cycle will be non-variational
 Long-range K will be added via erf
 Coulomb attenuation parameter = 0.31 bohr**(-1)
 An unrestricted Kohn-Sham SCF calculation will be
 performed using Pulay DIIS extrapolation
 Exchange:  wPBE + LR-HF      Correlation:  PBE
 Using SG-1 standard quadrature grid
 SCF converges when DIIS error is below 1.0E-05
 Requested basis set is G3large
 There are 98 shells and 290 basis functions
 A cutoff of  1.0D-08 yielded   4435 shell pairs
 There are  39245 function pairs ( 48051 Cartesian)
 Warning!  Inaccurate integrated density:
   Number of electrons =    37
   Numerical integral  =    37.999765750979
   Relative error      =     2.7020695972 %
 ---------------------------------------
  Cycle       Energy         DIIS Error
 ---------------------------------------
    1    -197.0246432372      2.90E-02
    2    -194.7060021817      2.43E-03
    3    -194.7471314703      2.10E-03
    4    -194.7911879450      2.92E-04
    5    -194.7937275901      1.32E-04
    6    -194.7945610714      5.78E-05
    7    -194.7950539183      5.04E-05
    8    -194.7956110922      4.07E-05
    9    -194.7961176201      4.01E-05
   10    -194.7964543075      3.72E-05
   11    -194.7968848268      3.54E-05
   12    -194.7974104953      3.34E-05
   13    -194.7978474182      3.17E-05
   14    -194.8002362562      1.20E-04
   15    -194.8000058767      5.78E-05
   16    -194.8006008211      9.27E-05
   17    -194.7997658925      3.83E-04
   18    -194.7997187558      3.87E-04
   19    -194.7998127916      3.78E-04
   20    -194.8002405559      3.86E-04
   21    -194.8017201254      4.56E-05
   22    -194.8017684554      1.97E-05
   23    -194.8017957689      8.81E-06 Convergence criterion met
 ---------------------------------------
 One-Electron    Energy =  -590.7800120092
 Total Coulomb   Energy =   254.6391713333
 Alpha Exchange  Energy =    -3.0509530668
 Beta  Exchange  Energy =    -2.8757288733
 DFT   Exchange  Energy =   -22.5605588885
 DFT Correlation Energy =    -1.2073289930
 Nuclear Repu.   Energy =   171.0336147286
 Nuclear Attr.   Energy =  -784.8543968761
 Kinetic         Energy =   194.0743848669
 <S^2> = 0.7578
 SCF time:  CPU 1031.05 s  wall 1037.21 s
 Final Alpha MO Eigenvalues
            1           2           3           4           5           6
    1 -10.3155424 -10.3138198 -10.3061758 -10.3054687 -10.2997867  -1.2409725
            7           8           9          10          11          12
    1  -1.1596301  -0.9428882  -0.9421879  -0.8817140  -0.8206207  -0.8071429
           13          14          15          16          17          18
    1  -0.8066010  -0.7079767  -0.6905209  -0.6758615  -0.6347248  -0.6220361
           19          20          21          22          23          24
    1  -0.6210649  -0.0907464  -0.0827393  -0.0827200  -0.0740782  -0.0519485
 Final Beta MO Eigenvalues
            1           2           3           4           5           6
    1 -10.3153349 -10.3087848 -10.3021645 -10.3015604 -10.2967991  -1.2312777
            7           8           9          10          11          12
    1  -1.1437750  -0.9294701  -0.9291019  -0.8677578  -0.8138210  -0.8037437
           13          14          15          16          17          18
    1  -0.8030152  -0.6879057  -0.6731184  -0.6498717  -0.6145285  -0.6141638
           19          20          21          22          23
    1  -0.3700544  -0.0894771  -0.0795180  -0.0794558  -0.0725806
 Analysis of SCF Wavefunction
 
 --------------------------------------------------------------
                    Orbital Energies (a.u.)
 --------------------------------------------------------------
 
 Alpha MOs
 -- Occupied --
-10.316 -10.314 -10.306 -10.305 -10.300  -1.241  -1.160  -0.943
 -0.942  -0.882  -0.821  -0.807  -0.807  -0.708  -0.691  -0.676
 -0.635  -0.622  -0.621
 -- Virtual --
 -0.091  -0.083  -0.083  -0.074  -0.052  -0.052  -0.044  -0.034
 -0.029  -0.014  -0.014  -0.006   0.012   0.017   0.019   0.019
  0.035   0.035   0.043   0.048   0.057   0.057   0.072   0.074
  0.074   0.083   0.092   0.092   0.093   0.098   0.114   0.114
  0.123   0.152   0.168   0.168   0.180   0.206   0.228   0.235
  0.236   0.270   0.299   0.356   0.367   0.375   0.376   0.389
  0.389   0.423   0.444   0.444   0.453   0.468   0.486   0.487
  0.488   0.501   0.501   0.524   0.539   0.550   0.558   0.559
  0.560   0.614   0.630   0.682   0.682   0.697   0.715   0.722
  0.759   0.783   0.796   0.796   0.876   0.925   0.925   0.947
  0.964   0.985   0.995   0.995   1.023   1.023   1.066   1.066
  1.067   1.119   1.119   1.179   1.185   1.185   1.194   1.228
  1.228   1.254   1.255   1.282   1.282   1.306   1.337   1.337
  1.353   1.360   1.387   1.427   1.448   1.448   1.459   1.475
  1.475   1.478   1.527   1.615   1.657   1.657   1.693   2.313
  2.313   2.377   2.451   2.463   2.476   2.477   2.508   2.520
  2.521   2.551   2.575   2.626   2.626   2.672   2.711   2.736
  2.736   2.738   2.764   2.836   2.836   2.845   2.850   2.899
  2.900   2.918   2.919   2.922   2.974   2.985   3.009   3.039
  3.073   3.073   3.094   3.118   3.186   3.186   3.203   3.222
  3.222   3.281   3.281   3.287   3.301   3.333   3.342   3.388
  3.388   3.408   3.439   3.439   3.464   3.530   3.633   3.653
  3.696   3.730   3.730   3.779   3.779   3.809   3.899   3.951
  3.952   3.953   3.955   3.991   3.991   4.084   4.110   4.118
  4.121   4.185   4.186   4.188   4.209   4.209   4.248   4.248
  4.337   4.337   4.372   4.377   4.377   4.399   4.443   4.543
  4.567   4.736   4.737   4.815   4.815   4.942   5.097   5.234
  5.279   5.279   5.337   5.453   5.454   5.459   5.493   5.595
  5.596   5.618  23.859  23.879  24.134  24.135  24.207  27.224
 27.285  27.346  27.346  27.732  27.823  27.848  27.849  27.868
 27.889  27.889  27.907  28.293  28.294  28.733  40.611  40.622
 40.646  40.707  40.716  40.718  40.725  40.761  40.763  40.764
 40.881  40.885  40.886  40.890  40.890  40.904  40.927  40.939
 40.990  40.994  41.003  41.006  41.019  41.095  41.095
 
 Beta MOs
 -- Occupied --
-10.315 -10.309 -10.302 -10.302 -10.297  -1.231  -1.144  -0.929
 -0.929  -0.868  -0.814  -0.804  -0.803  -0.688  -0.673  -0.650
 -0.615  -0.614
 -- Virtual --
 -0.370  -0.089  -0.080  -0.079  -0.073  -0.050  -0.050  -0.043
 -0.034  -0.028  -0.006  -0.004  -0.004   0.014   0.020   0.020
  0.021   0.036   0.037   0.045   0.050   0.058   0.058   0.073
  0.081   0.081   0.086   0.093   0.093   0.094   0.099   0.121
  0.121   0.129   0.153   0.169   0.170   0.190   0.210   0.236
  0.239   0.239   0.272   0.303   0.360   0.367   0.378   0.378
  0.395   0.395   0.431   0.450   0.450   0.466   0.478   0.488
  0.493   0.493   0.503   0.503   0.530   0.543   0.556   0.562
  0.562   0.563   0.615   0.635   0.687   0.687   0.699   0.716
  0.733   0.766   0.793   0.800   0.800   0.876   0.927   0.927
  0.951   0.964   0.995   0.998   0.998   1.024   1.024   1.070
  1.074   1.074   1.127   1.127   1.183   1.190   1.190   1.204
  1.239   1.239   1.261   1.263   1.285   1.288   1.308   1.340
  1.340   1.358   1.363   1.391   1.431   1.451   1.451   1.461
  1.477   1.477   1.482   1.533   1.625   1.662   1.662   1.694
  2.323   2.323   2.397   2.453   2.480   2.480   2.490   2.515
  2.528   2.528   2.554   2.591   2.631   2.632   2.677   2.729
  2.746   2.746   2.753   2.777   2.842   2.843   2.857   2.860
  2.911   2.911   2.933   2.934   2.939   2.978   2.987   3.018
  3.044   3.082   3.082   3.097   3.126   3.197   3.197   3.209
  3.237   3.237   3.293   3.293   3.297   3.323   3.342   3.348
  3.396   3.396   3.416   3.449   3.449   3.464   3.539   3.636
  3.664   3.709   3.734   3.734   3.789   3.789   3.817   3.903
  3.956   3.956   3.959   3.960   3.997   3.997   4.090   4.116
  4.119   4.125   4.194   4.199   4.201   4.215   4.215   4.255
  4.256   4.344   4.345   4.379   4.384   4.385   4.406   4.450
  4.551   4.575   4.743   4.743   4.821   4.821   4.945   5.107
  5.235   5.293   5.293   5.342   5.455   5.457   5.462   5.496
  5.599   5.599   5.625  23.860  23.884  24.139  24.139  24.210
 27.237  27.297  27.349  27.349  27.735  27.825  27.852  27.853
 27.870  27.895  27.895  27.909  28.296  28.297  28.737  40.613
 40.630  40.651  40.714  40.722  40.724  40.729  40.766  40.770
 40.770  40.885  40.892  40.892  40.897  40.898  40.911  40.932
 40.946  40.992  40.996  41.005  41.007  41.026  41.098  41.099
 --------------------------------------------------------------
 
          Ground-State Mulliken Net Atomic Charges

     Atom                 Charge (a.u.)    Spin (a.u.)
  --------------------------------------------------------
      1 C                     0.440421      -0.067582
      2 C                    -0.155192       0.340620
      3 C                    -0.188354       0.218863
      4 C                    -0.172047       0.280488
      5 C                    -0.173437       0.274551
      6 H                     0.156898      -0.010897
      7 H                     0.156932      -0.010641
      8 H                     0.155317      -0.001171
      9 H                     0.155680      -0.000668
     10 H                     0.154514      -0.009931
     11 H                     0.157450      -0.002334
     12 H                     0.154356      -0.009555
     13 H                     0.157463      -0.001744
  --------------------------------------------------------
  Sum of atomic charges =     1.000000
  Sum of spin   charges =     1.000000

 -----------------------------------------------------------------
                    Cartesian Multipole Moments
 -----------------------------------------------------------------
    Charge (ESU x 10^10)
                 4.8032
    Dipole Moment (Debye)
         X       0.0182      Y       0.1194      Z       4.7971
       Tot       4.7986
    Quadrupole Moments (Debye-Ang)
        XX     -18.2107     XY       0.1714     YY     -23.8300
        XZ      -0.0244     YZ       0.1202     ZZ     -19.0697
    Octapole Moments (Debye-Ang^2)
       XXX       0.0701    XXY       0.1136    XYY       2.3400
       YYY      -0.0004    XXZ     -18.2566    XYZ       0.1719
       YYZ     -23.8615    XZZ      -2.3540    YZZ       0.2640
       ZZZ     -66.7265
    Hexadecapole Moments (Debye-Ang^3)
      XXXX    -273.8905   XXXY       0.9066   XXYY     -48.2856
      XYYY      -0.0589   YYYY     -91.2147   XXXZ       1.2780
      XXYZ       0.1107   XYYZ       2.5631   YYYZ       0.0026
      XXZZ     -66.6704   XYZZ       0.1702   YYZZ     -46.6539
      XZZZ      -6.4855   YZZZ       0.5533   ZZZZ    -229.4051
 -----------------------------------------------------------------
 Total job time:  1037.64s(wall), 1031.43s(cpu) 
 Wed Mar 26 11:18:51 2014

        *************************************************************
        *                                                           *
        *  Thank you very much for using Q-Chem.  Have a nice day.  *
        *                                                           *
        *************************************************************


0 sent ACK to 0 
now end server 0 ... 
