Process 0 of 1 is on cl135 - thread support 1
initial socket setup ...start
initial socket setup ...done 
now start server 0 ... 

cmd = /usr/bin/ssh clhead /usr/local/qchem/bin/get_hostid 1104475702 > /tmp/1602249.1.medium.q/qchem20724/lic.dat

cmd = /usr/bin/ssh clhead /usr/local/qchem/bin/get_hostid 1104475702 > /tmp/1602249.1.medium.q/qchem20724/lic.dat

cmd = /usr/bin/ssh clhead /usr/local/qchem/bin/get_hostid 1104475702 > /tmp/1602249.1.medium.q/qchem20724/lic.dat

cmd = /usr/bin/ssh clhead /usr/local/qchem/bin/get_hostid 1104475702 > /tmp/1602249.1.medium.q/qchem20724/lic.dat

cmd = /usr/bin/ssh clhead /usr/local/qchem/bin/get_hostid 1104475702 > /tmp/1602249.1.medium.q/qchem20724/lic.dat
                  Welcome to Q-Chem
     A Quantum Leap Into The Future Of Chemistry

 Y. Shao, L. Fusti-Molnar, Y. Jung, J. Kussmann, C. Ochsenfeld,
 S. T. Brown, A. T. B. Gilbert, L. V. Slipchenko,S. V. Levchenko,
 D. P. O'Neill, R. A. DiStasio Jr., R. C. Lochan, T. Wang,
 G. J. O. Beran, N. A. Besley, J. M. Herbert, C. Y. Lin,
 T. Van Voorhis, S. H. Chien, A. Sodt, R. P. Steele, 
 V. A. Rassolov, P. E. Maslen, P. P. Korambath, R. D. Adamson,
 B. Austin, J. Baker, E. F. C. Byrd, H. Dachsel, R. J. Doerksen,
 A. Dreuw, B. D. Dunietz, A. D. Dutoi, T. R. Furlani,
 S. R. Gwaltney, A. Heyden, S. Hirata, C.-P. Hsu, G. Kedziora,
 R. Z. Khaliullin, P. Klunzinger, A. M. Lee, M. S. Lee, W. Liang,
 I. Lotan, N. Nair, B. Peters, E. I. Proynov, P. A. Pieniazek, 
 Y. M. Rhee, J. Ritchie, E. Rosta, C. D. Sherrill, 
 A. C. Simmonett, J. E. Subotnik, H. L. Woodcock III,
 W. Zhang, A. T. Bell, A. K. Chakraborty, D. M. Chipman,
 F. J. Keil, A. Warshel, W. J. Hehre, H. F. Schaefer III,
 J. Kong, A. I. Krylov, P. M. W. Gill, M. Head-Gordon,
 Q-Chem, Version 3.1, Q-Chem, Inc., Pittsburgh, PA (2007).

 Additional authors for Version 3.1: 
 Z. Gan, Y. Zhao, N. E. Schultz, D. Truhlar, E. Epifanovsky and M. Oana.

 Additional authors for Version 3.2: 
 R. Baer, B. R. Brooks, D. Casanova, J.-D. Chai, C.-L. Cheng, 
 C. Cramer, D. Crittenden, A. Ghysels, G. Hawkins, E. G. Hohenstein, 
 C. Kelley, W. Kurlancheek, D. Liotard, E. Livshits, P. Manohar, 
 A. Marenich, D. Neuhauser, R. Olson, M. A. Rohrdanz, K. S. Thanthiriwatte, 
 A. J. W. Thom, V. Vanovschi, C. F. Williams, Q. Wu and Z.-Q. You. 


 Intel X86 Linux Version

 Q-chem begins on Fri Mar 21 22:07:16 2014  

 Parallel job on  1  processors
Processing $rem in /usr/local/qchem/config/preferences.

theFileMan(): MAXOPENFILES=974 MAX_SUB_FILE_NUM=16
Maximum size of a physical file is 2.0 GB, maximum size of a tmp-file is 32.0 GB


--------------------------------------------------------------
User input:
--------------------------------------------------------------

$molecule
-1,2
C         -0.00003        0.00010        0.99991
C          1.26459        0.75942        0.98847
C          1.26447       -0.75945        0.98840
C         -1.27145        0.00003        0.25190
C         -1.25762        0.00005        1.77082
H          1.57412        1.26097        1.90079
H          1.55767        1.26188        0.07124
H          1.57397       -1.26106        1.90071
H          1.55744       -1.26192        0.07116
H         -1.57709       -0.91495       -0.24713
H         -1.57734        0.91489       -0.24721
H         -1.55434       -0.91483        2.27543
H         -1.55439        0.91487        2.27549
$end

$comment
negative
$end

$xc_functional
C PBE   1.00
X wPBE  1.00
$end

$rem
SYMMETRY_DECOMPOSITION	0
exchange 		general
LRC_DFT                 true
BASIS                   g3large
omega			1000
mem_static              760
max_scf_cycles          200
scf_final_print         1
sym_ignore              true
$end

--------------------------------------------------------------
 Writing REM_CC_EA           13
 ----------------------------------------------------
       Standard Nuclear Orientation (Angstroms)
    I     Atom         X            Y            Z
 ----------------------------------------------------
    1      C      -0.000030     0.000100     0.999910
    2      C       1.264590     0.759420     0.988470
    3      C       1.264470    -0.759450     0.988400
    4      C      -1.271450     0.000030     0.251900
    5      C      -1.257620     0.000050     1.770820
    6      H       1.574120     1.260970     1.900790
    7      H       1.557670     1.261880     0.071240
    8      H       1.573970    -1.261060     1.900710
    9      H       1.557440    -1.261920     0.071160
   10      H      -1.577090    -0.914950    -0.247130
   11      H      -1.577340     0.914890    -0.247210
   12      H      -1.554340    -0.914830     2.275430
   13      H      -1.554390     0.914870     2.275490
 ----------------------------------------------------
 Nuclear Repulsion Energy =   171.0336147312 hartrees
 There are       20 alpha and       19 beta electrons
 Requested basis set is G3large
 There are 98 shells and 290 basis functions

Total QAlloc Memory Limit   2000 MB
Mega-Array Size       743 MB
MEM_STATIC part       760 MB

                       Distance Matrix (Angstroms)
             C (  1)   C (  2)   C (  3)   C (  4)   C (  5)   H (  6)
   C (  2)  1.475114
   C (  3)  1.475130  1.518870
   C (  4)  1.475137  2.747855  2.747750
   C (  5)  1.475071  2.747773  2.747719  1.518983
   H (  6)  2.208920  1.086135  2.238400  3.522226  3.102509
   H (  7)  2.209286  1.086127  2.238956  3.103035  3.522307  1.829624
   H (  8)  2.208946  2.238356  1.086146  3.522121  3.102446  2.522030
   H (  9)  2.209295  2.238981  1.086111  3.102870  3.522212  3.116536
   H ( 10)  2.208969  3.522125  3.102447  1.086110  2.238617  4.390708
   H ( 11)  2.209085  3.102844  3.522220  1.086116  2.238660  3.829540
   H ( 12)  2.209056  3.522179  3.102625  2.238676  1.086130  3.829063
   H ( 13)  2.209059  3.102778  3.522204  2.238728  1.086121  3.169820
             H (  7)   H (  8)   H (  9)   H ( 10)   H ( 11)   H ( 12)
   H (  8)  3.116481
   H (  9)  2.523800  1.829625
   H ( 10)  3.829709  3.829124  3.169696
   H ( 11)  3.170189  4.390794  3.829714  1.829840
   H ( 12)  4.391028  3.169639  3.829158  2.522663  3.116427
   H ( 13)  3.829367  3.829069  4.391010  3.116467  2.522804  1.829700

 
 A cutoff of  1.0D-08 yielded   4435 shell pairs
 There are  39245 function pairs ( 48051 Cartesian)
Evaluating contribution to one-electron hamiltonian from nuclear
 Smallest overlap matrix eigenvalue = 2.58E-05

 Q-Chem warning in module mkSTV.C, line 194:

 Overlap eigenvalue is smaller than square root of threshold

 Multipole matrices computed through 2nd order

  Scale SEOQF with 1.000000e-01/1.000000e-01/1.000000e-01

 Standard Electronic Orientation quadrupole field applied
 Nucleus-field energy     =    -0.0000000026 hartrees
 Guess from superposition of atomic densities
 Warning:  Energy on first SCF cycle will be non-variational
 Long-range K will be added via erf
 Coulomb attenuation parameter = 1 bohr**(-1)
 An unrestricted Kohn-Sham SCF calculation will be
 performed using Pulay DIIS extrapolation
 Exchange:  wPBE + LR-HF      Correlation:  PBE
 Using SG-1 standard quadrature grid
 SCF converges when DIIS error is below 1.0E-05
 Requested basis set is G3large
 There are 98 shells and 290 basis functions
 A cutoff of  1.0D-08 yielded   4435 shell pairs
 There are  39245 function pairs ( 48051 Cartesian)
 Warning!  Inaccurate integrated density:
   Number of electrons =    39
   Numerical integral  =    37.999765750979
   Relative error      =    -2.5647032026 %
 ---------------------------------------
  Cycle       Energy         DIIS Error
 ---------------------------------------
    1    -197.6323728485      3.04E-02
    2    -195.0007214620      2.75E-03
    3    -195.1223078213      1.37E-03
    4    -195.1453388406      3.86E-04
    5    -195.1495221189      9.80E-05
    6    -195.1498960535      3.60E-05
    7    -195.1499909882      1.32E-05
    8    -195.1500236314      7.30E-06 Convergence criterion met
 ---------------------------------------
 One-Electron    Energy =  -604.4628957426
 Total Coulomb   Energy =   268.4072002094
 Alpha Exchange  Energy =    -7.0495960159
 Beta  Exchange  Energy =    -6.9870216756
 DFT   Exchange  Energy =   -14.8335536978
 DFT Correlation Energy =    -1.2577714375
 Nuclear Repu.   Energy =   171.0336147286
 Nuclear Attr.   Energy =  -798.4441639530
 Kinetic         Energy =   193.9812682104
 <S^2> = 0.7501
 SCF time:  CPU 357.61 s  wall 359.13 s
 Final Alpha MO Eigenvalues
            1           2           3           4           5           6
    1 -10.3092925 -10.2982728 -10.2936720 -10.2935457 -10.2928952  -1.0609672
            7           8           9          10          11          12
    1  -0.9534046  -0.7222751  -0.7197295  -0.6401144  -0.5587448  -0.5462373
           13          14          15          16          17          18
    1  -0.5436675  -0.4236225  -0.4073082  -0.3994604  -0.3225257  -0.3216385
           19          20          21          22          23          24
    1  -0.3033289   0.0354864   0.1270310   0.1272643   0.1294004   0.1589434
           25
    1   0.1591552
 Final Beta MO Eigenvalues
            1           2           3           4           5           6
    1 -10.3093174 -10.2981377 -10.2934474 -10.2933218 -10.2926742  -1.0607843
            7           8           9          10          11          12
    1  -0.9530558  -0.7209170  -0.7181412  -0.6390225  -0.5576268  -0.5460183
           13          14          15          16          17          18
    1  -0.5432554  -0.4234632  -0.4071939  -0.3986578  -0.3223556  -0.3214759
           19          20          21          22          23          24
    1  -0.3026467   0.1255767   0.1383724   0.1404887   0.1434730   0.1597697
 Analysis of SCF Wavefunction
 
 --------------------------------------------------------------
                    Orbital Energies (a.u.)
 --------------------------------------------------------------
 
 Alpha MOs
 -- Occupied --
-10.309 -10.298 -10.294 -10.294 -10.293  -1.061  -0.953  -0.722
 -0.720  -0.640  -0.559  -0.546  -0.544  -0.424  -0.407  -0.399
 -0.323  -0.322  -0.303   0.035
 -- Virtual --
  0.127   0.127   0.129   0.159   0.159   0.163   0.180   0.192
  0.221   0.249   0.250   0.256   0.266   0.268   0.268   0.289
  0.293   0.296   0.309   0.321   0.321   0.328   0.340   0.342
  0.349   0.350   0.378   0.380   0.384   0.434   0.455   0.455
  0.471   0.492   0.498   0.499   0.551   0.570   0.571   0.577
  0.588   0.635   0.687   0.706   0.708   0.709   0.742   0.744
  0.788   0.817   0.819   0.824   0.857   0.864   0.866   0.867
  0.896   0.901   0.901   0.917   0.920   0.923   0.924   0.940
  0.983   1.050   1.068   1.068   1.075   1.092   1.125   1.149
  1.177   1.179   1.180   1.256   1.310   1.311   1.342   1.379
  1.383   1.384   1.414   1.423   1.424   1.440   1.474   1.474
  1.544   1.545   1.587   1.600   1.602   1.645   1.660   1.662
  1.670   1.688   1.699   1.711   1.727   1.758   1.759   1.778
  1.782   1.805   1.859   1.870   1.871   1.881   1.899   1.902
  1.911   1.960   2.099   2.125   2.126   2.141   2.826   2.829
  2.919   2.946   2.986   2.987   3.020   3.024   3.054   3.066
  3.066   3.132   3.146   3.147   3.203   3.264   3.266   3.267
  3.273   3.308   3.364   3.365   3.375   3.394   3.451   3.452
  3.457   3.458   3.488   3.501   3.506   3.560   3.569   3.604
  3.605   3.629   3.652   3.725   3.725   3.726   3.768   3.769
  3.819   3.820   3.834   3.862   3.893   3.900   3.928   3.929
  3.944   3.997   3.998   3.998   4.079   4.176   4.216   4.262
  4.275   4.276   4.336   4.337   4.366   4.452   4.500   4.502
  4.503   4.504   4.531   4.533   4.617   4.641   4.655   4.663
  4.733   4.741   4.749   4.754   4.756   4.797   4.799   4.891
  4.892   4.919   4.920   4.922   4.963   5.003   5.123   5.124
  5.309   5.311   5.380   5.381   5.495   5.672   5.792   5.866
  5.868   5.896   6.016   6.021   6.024   6.057   6.173   6.175
  6.217  24.579  24.605  24.860  24.862  24.932  27.933  27.994
 28.046  28.047  28.433  28.523  28.548  28.549  28.566  28.589
 28.590  28.605  28.990  28.993  29.429  41.353  41.370  41.390
 41.454  41.461  41.464  41.465  41.503  41.507  41.510  41.585
 41.592  41.592  41.597  41.598  41.610  41.632  41.649  41.694
 41.697  41.704  41.706  41.728  41.798  41.799
 
 Beta MOs
 -- Occupied --
-10.309 -10.298 -10.293 -10.293 -10.293  -1.061  -0.953  -0.721
 -0.718  -0.639  -0.558  -0.546  -0.543  -0.423  -0.407  -0.399
 -0.322  -0.321  -0.303
 -- Virtual --
  0.126   0.138   0.140   0.143   0.160   0.164   0.166   0.181
  0.189   0.218   0.243   0.243   0.248   0.258   0.260   0.262
  0.288   0.289   0.294   0.304   0.318   0.319   0.323   0.332
  0.338   0.341   0.342   0.374   0.376   0.383   0.430   0.454
  0.454   0.469   0.487   0.494   0.497   0.548   0.566   0.566
  0.573   0.586   0.634   0.685   0.703   0.705   0.706   0.739
  0.742   0.785   0.815   0.817   0.821   0.856   0.862   0.865
  0.867   0.894   0.899   0.900   0.915   0.919   0.920   0.921
  0.939   0.981   1.049   1.068   1.068   1.076   1.092   1.125
  1.149   1.177   1.179   1.180   1.256   1.310   1.311   1.342
  1.378   1.383   1.383   1.414   1.422   1.424   1.440   1.474
  1.474   1.543   1.545   1.587   1.600   1.602   1.645   1.660
  1.662   1.669   1.687   1.698   1.711   1.725   1.757   1.758
  1.777   1.782   1.804   1.859   1.869   1.870   1.881   1.898
  1.901   1.910   1.960   2.098   2.125   2.126   2.140   2.826
  2.828   2.919   2.945   2.986   2.987   3.020   3.025   3.053
  3.066   3.066   3.132   3.146   3.147   3.203   3.264   3.266
  3.267   3.273   3.308   3.364   3.365   3.375   3.395   3.451
  3.452   3.457   3.458   3.488   3.501   3.506   3.560   3.569
  3.605   3.605   3.629   3.652   3.725   3.725   3.726   3.768
  3.769   3.820   3.821   3.834   3.862   3.893   3.900   3.929
  3.929   3.944   3.996   3.998   3.998   4.079   4.176   4.216
  4.262   4.275   4.276   4.336   4.338   4.366   4.452   4.500
  4.502   4.503   4.504   4.531   4.533   4.617   4.641   4.655
  4.663   4.733   4.741   4.749   4.754   4.756   4.798   4.799
  4.892   4.892   4.919   4.920   4.922   4.963   5.003   5.123
  5.124   5.309   5.311   5.380   5.381   5.495   5.672   5.792
  5.866   5.868   5.896   6.017   6.021   6.025   6.057   6.173
  6.175   6.217  24.579  24.605  24.860  24.863  24.932  27.933
 27.994  28.046  28.047  28.433  28.524  28.548  28.549  28.566
 28.590  28.590  28.605  28.990  28.993  29.429  41.353  41.370
 41.391  41.454  41.461  41.464  41.465  41.503  41.508  41.510
 41.585  41.592  41.592  41.598  41.599  41.610  41.632  41.649
 41.694  41.697  41.704  41.706  41.728  41.798  41.799
 --------------------------------------------------------------
 
          Ground-State Mulliken Net Atomic Charges

     Atom                 Charge (a.u.)    Spin (a.u.)
  --------------------------------------------------------
      1 C                    -3.946822       4.636028
      2 C                     2.711195      -3.057395
      3 C                     0.384818      -0.704565
      4 C                     1.668351      -1.998781
      5 C                     1.569533      -1.899091
      6 H                    -0.536747       0.622873
      7 H                    -0.558628       0.645656
      8 H                    -0.182536       0.252015
      9 H                    -0.196555       0.266965
     10 H                    -0.228593       0.298228
     11 H                    -0.743877       0.836763
     12 H                    -0.216462       0.285313
     13 H                    -0.723675       0.815991
  --------------------------------------------------------
  Sum of atomic charges =    -1.000000
  Sum of spin   charges =     1.000000

 -----------------------------------------------------------------
                    Cartesian Multipole Moments
 -----------------------------------------------------------------
    Charge (ESU x 10^10)
                -4.8032
    Dipole Moment (Debye)
         X       1.4132      Y      -4.8206      Z      -4.6292
       Tot       6.8311
    Quadrupole Moments (Debye-Ang)
        XX     -74.7634     XY       1.6851     YY     -63.3938
        XZ       1.5438     YZ      -4.7283     ZZ     -65.4924
    Octapole Moments (Debye-Ang^2)
       XXX      21.6568    XXY     -30.0984    XYY      10.3854
       YYY     -65.6320    XXZ     -73.6799    XYZ       1.7171
       YYZ     -62.4433    XZZ       7.6535    YZZ     -31.0275
       ZZZ    -184.9983
    Hexadecapole Moments (Debye-Ang^3)
      XXXX   -1099.1636   XXXY      12.4494   XXYY    -288.4887
      XYYY      15.4238   YYYY    -570.8589   XXXZ      23.8266
      XXYZ     -29.5655   XYYZ      11.2670   YYYZ     -64.6270
      XXZZ    -350.8445   XYZZ       9.7961   YYZZ    -257.6681
      XZZZ      22.4098   YZZZ     -82.8033   ZZZZ    -890.9813
 -----------------------------------------------------------------
 Total job time:  359.59s(wall), 358.01s(cpu) 
 Fri Mar 21 22:13:16 2014

        *************************************************************
        *                                                           *
        *  Thank you very much for using Q-Chem.  Have a nice day.  *
        *                                                           *
        *************************************************************


0 sent ACK to 0 
now end server 0 ... 
 
**********************************************************************
Job 2 of 3 
**********************************************************************
 
Process 0 of 1 is on cl135 - thread support 1
initial socket setup ...start
initial socket setup ...done 
now start server 0 ... 

cmd = /usr/bin/ssh clhead /usr/local/qchem/bin/get_hostid 2075825006 > /tmp/1602249.1.medium.q/qchem20724/lic.dat

cmd = /usr/bin/ssh clhead /usr/local/qchem/bin/get_hostid 2075825006 > /tmp/1602249.1.medium.q/qchem20724/lic.dat

cmd = /usr/bin/ssh clhead /usr/local/qchem/bin/get_hostid 2075825006 > /tmp/1602249.1.medium.q/qchem20724/lic.dat

cmd = /usr/bin/ssh clhead /usr/local/qchem/bin/get_hostid 2075825006 > /tmp/1602249.1.medium.q/qchem20724/lic.dat

cmd = /usr/bin/ssh clhead /usr/local/qchem/bin/get_hostid 2075825006 > /tmp/1602249.1.medium.q/qchem20724/lic.dat
                  Welcome to Q-Chem
     A Quantum Leap Into The Future Of Chemistry

 Y. Shao, L. Fusti-Molnar, Y. Jung, J. Kussmann, C. Ochsenfeld,
 S. T. Brown, A. T. B. Gilbert, L. V. Slipchenko,S. V. Levchenko,
 D. P. O'Neill, R. A. DiStasio Jr., R. C. Lochan, T. Wang,
 G. J. O. Beran, N. A. Besley, J. M. Herbert, C. Y. Lin,
 T. Van Voorhis, S. H. Chien, A. Sodt, R. P. Steele, 
 V. A. Rassolov, P. E. Maslen, P. P. Korambath, R. D. Adamson,
 B. Austin, J. Baker, E. F. C. Byrd, H. Dachsel, R. J. Doerksen,
 A. Dreuw, B. D. Dunietz, A. D. Dutoi, T. R. Furlani,
 S. R. Gwaltney, A. Heyden, S. Hirata, C.-P. Hsu, G. Kedziora,
 R. Z. Khaliullin, P. Klunzinger, A. M. Lee, M. S. Lee, W. Liang,
 I. Lotan, N. Nair, B. Peters, E. I. Proynov, P. A. Pieniazek, 
 Y. M. Rhee, J. Ritchie, E. Rosta, C. D. Sherrill, 
 A. C. Simmonett, J. E. Subotnik, H. L. Woodcock III,
 W. Zhang, A. T. Bell, A. K. Chakraborty, D. M. Chipman,
 F. J. Keil, A. Warshel, W. J. Hehre, H. F. Schaefer III,
 J. Kong, A. I. Krylov, P. M. W. Gill, M. Head-Gordon,
 Q-Chem, Version 3.1, Q-Chem, Inc., Pittsburgh, PA (2007).

 Additional authors for Version 3.1: 
 Z. Gan, Y. Zhao, N. E. Schultz, D. Truhlar, E. Epifanovsky and M. Oana.

 Additional authors for Version 3.2: 
 R. Baer, B. R. Brooks, D. Casanova, J.-D. Chai, C.-L. Cheng, 
 C. Cramer, D. Crittenden, A. Ghysels, G. Hawkins, E. G. Hohenstein, 
 C. Kelley, W. Kurlancheek, D. Liotard, E. Livshits, P. Manohar, 
 A. Marenich, D. Neuhauser, R. Olson, M. A. Rohrdanz, K. S. Thanthiriwatte, 
 A. J. W. Thom, V. Vanovschi, C. F. Williams, Q. Wu and Z.-Q. You. 


 Intel X86 Linux Version

 Q-chem begins on Fri Mar 21 22:13:20 2014  

 Parallel job on  1  processors
Processing $rem in /usr/local/qchem/config/preferences.

theFileMan(): MAXOPENFILES=974 MAX_SUB_FILE_NUM=16
Maximum size of a physical file is 2.0 GB, maximum size of a tmp-file is 32.0 GB


--------------------------------------------------------------
User input:
--------------------------------------------------------------

$molecule
0,1
C         -0.00003        0.00010        0.99991
C          1.26459        0.75942        0.98847
C          1.26447       -0.75945        0.98840
C         -1.27145        0.00003        0.25190
C         -1.25762        0.00005        1.77082
H          1.57412        1.26097        1.90079
H          1.55767        1.26188        0.07124
H          1.57397       -1.26106        1.90071
H          1.55744       -1.26192        0.07116
H         -1.57709       -0.91495       -0.24713
H         -1.57734        0.91489       -0.24721
H         -1.55434       -0.91483        2.27543
H         -1.55439        0.91487        2.27549
$end

$comment
neutral
$end

$xc_functional
C PBE   1.00
X wPBE  1.00
$end


$rem
SYMMETRY_DECOMPOSITION	0
LRC_DFT                 true
exchange 		general
BASIS                   g3large
omega			1000
mem_static              760
max_scf_cycles          200
scf_final_print         1
sym_ignore              true
$end

--------------------------------------------------------------
 Writing REM_CC_EA           13
 ----------------------------------------------------
       Standard Nuclear Orientation (Angstroms)
    I     Atom         X            Y            Z
 ----------------------------------------------------
    1      C      -0.000030     0.000100     0.999910
    2      C       1.264590     0.759420     0.988470
    3      C       1.264470    -0.759450     0.988400
    4      C      -1.271450     0.000030     0.251900
    5      C      -1.257620     0.000050     1.770820
    6      H       1.574120     1.260970     1.900790
    7      H       1.557670     1.261880     0.071240
    8      H       1.573970    -1.261060     1.900710
    9      H       1.557440    -1.261920     0.071160
   10      H      -1.577090    -0.914950    -0.247130
   11      H      -1.577340     0.914890    -0.247210
   12      H      -1.554340    -0.914830     2.275430
   13      H      -1.554390     0.914870     2.275490
 ----------------------------------------------------
 Nuclear Repulsion Energy =   171.0336147312 hartrees
 There are       19 alpha and       19 beta electrons
 Requested basis set is G3large
 There are 98 shells and 290 basis functions

Total QAlloc Memory Limit   2000 MB
Mega-Array Size       743 MB
MEM_STATIC part       760 MB

                       Distance Matrix (Angstroms)
             C (  1)   C (  2)   C (  3)   C (  4)   C (  5)   H (  6)
   C (  2)  1.475114
   C (  3)  1.475130  1.518870
   C (  4)  1.475137  2.747855  2.747750
   C (  5)  1.475071  2.747773  2.747719  1.518983
   H (  6)  2.208920  1.086135  2.238400  3.522226  3.102509
   H (  7)  2.209286  1.086127  2.238956  3.103035  3.522307  1.829624
   H (  8)  2.208946  2.238356  1.086146  3.522121  3.102446  2.522030
   H (  9)  2.209295  2.238981  1.086111  3.102870  3.522212  3.116536
   H ( 10)  2.208969  3.522125  3.102447  1.086110  2.238617  4.390708
   H ( 11)  2.209085  3.102844  3.522220  1.086116  2.238660  3.829540
   H ( 12)  2.209056  3.522179  3.102625  2.238676  1.086130  3.829063
   H ( 13)  2.209059  3.102778  3.522204  2.238728  1.086121  3.169820
             H (  7)   H (  8)   H (  9)   H ( 10)   H ( 11)   H ( 12)
   H (  8)  3.116481
   H (  9)  2.523800  1.829625
   H ( 10)  3.829709  3.829124  3.169696
   H ( 11)  3.170189  4.390794  3.829714  1.829840
   H ( 12)  4.391028  3.169639  3.829158  2.522663  3.116427
   H ( 13)  3.829367  3.829069  4.391010  3.116467  2.522804  1.829700

 
 A cutoff of  1.0D-08 yielded   4435 shell pairs
 There are  39245 function pairs ( 48051 Cartesian)
Evaluating contribution to one-electron hamiltonian from nuclear
 Smallest overlap matrix eigenvalue = 2.58E-05

 Q-Chem warning in module mkSTV.C, line 194:

 Overlap eigenvalue is smaller than square root of threshold

 Multipole matrices computed through 2nd order

  Scale SEOQF with 1.000000e-01/1.000000e-01/1.000000e-01

 Standard Electronic Orientation quadrupole field applied
 Nucleus-field energy     =    -0.0000000026 hartrees
 Guess from superposition of atomic densities
 Warning:  Energy on first SCF cycle will be non-variational
 Long-range K will be added via erf
 Coulomb attenuation parameter = 1 bohr**(-1)
 A restricted Kohn-Sham SCF calculation will be
 performed using Pulay DIIS extrapolation
 Exchange:  wPBE + LR-HF      Correlation:  PBE
 Using SG-1 standard quadrature grid
 SCF converges when DIIS error is below 1.0E-05
 Requested basis set is G3large
 There are 98 shells and 290 basis functions
 A cutoff of  1.0D-08 yielded   4435 shell pairs
 There are  39245 function pairs ( 48051 Cartesian)
 ---------------------------------------
  Cycle       Energy         DIIS Error
 ---------------------------------------
    1    -197.6323728485      3.04E-02
    2    -195.0730375805      2.64E-03
    3    -195.1711032241      1.17E-03
    4    -195.1861167178      3.65E-04
    5    -195.1885550844      7.48E-05
    6    -195.1886721954      2.93E-05
    7    -195.1886898110      8.28E-06 Convergence criterion met
 ---------------------------------------
 One-Electron    Energy =  -599.9088409560
 Total Coulomb   Energy =   263.7497955604
 Alpha Exchange  Energy =    -6.9900389813
 Beta  Exchange  Energy =    -6.9900389813
 DFT   Exchange  Energy =   -14.8316952634
 DFT Correlation Energy =    -1.2514859181
 Nuclear Repu.   Energy =   171.0336147286
 Nuclear Attr.   Energy =  -793.8252392904
 Kinetic         Energy =   193.9163983344
 SCF time:  CPU 235.26 s  wall 236.56 s
 Final Alpha MO Eigenvalues
            1           2           3           4           5           6
    1 -10.4301293 -10.4163751 -10.4163100 -10.4157026 -10.4156721  -1.1817364
            7           8           9          10          11          12
    1  -1.0740329  -0.8409051  -0.8408986  -0.7600610  -0.6785932  -0.6658641
           13          14          15          16          17          18
    1  -0.6658460  -0.5444104  -0.5285150  -0.5197428  -0.4429132  -0.4429029
           19          20          21          22          23          24
    1  -0.4237885   0.0435359   0.0550103   0.0550251   0.0599060   0.0784849
 Analysis of SCF Wavefunction
 
 --------------------------------------------------------------
                    Orbital Energies (a.u.)
 --------------------------------------------------------------
 
 Alpha MOs
 -- Occupied --
-10.430 -10.416 -10.416 -10.416 -10.416  -1.182  -1.074  -0.841
 -0.841  -0.760  -0.679  -0.666  -0.666  -0.544  -0.529  -0.520
 -0.443  -0.443  -0.424
 -- Virtual --
  0.044   0.055   0.055   0.060   0.078   0.079   0.082   0.098
  0.103   0.127   0.154   0.154   0.163   0.169   0.170   0.171
  0.193   0.195   0.195   0.207   0.218   0.219   0.225   0.240
  0.242   0.247   0.247   0.267   0.267   0.274   0.324   0.340
  0.340   0.357   0.383   0.383   0.388   0.438   0.459   0.459
  0.468   0.473   0.520   0.573   0.591   0.594   0.594   0.627
  0.627   0.672   0.701   0.701   0.708   0.741   0.747   0.750
  0.750   0.780   0.783   0.783   0.802   0.803   0.807   0.807
  0.820   0.866   0.930   0.948   0.948   0.956   0.971   1.005
  1.030   1.057   1.060   1.060   1.136   1.190   1.190   1.222
  1.259   1.263   1.263   1.295   1.305   1.305   1.321   1.355
  1.355   1.425   1.425   1.468   1.482   1.482   1.526   1.542
  1.542   1.550   1.569   1.580   1.591   1.608   1.639   1.639
  1.659   1.662   1.686   1.739   1.750   1.750   1.761   1.781
  1.781   1.791   1.839   1.979   2.005   2.005   2.020   2.707
  2.707   2.798   2.826   2.867   2.867   2.900   2.904   2.934
  2.945   2.945   3.011   3.026   3.026   3.083   3.143   3.145
  3.145   3.152   3.188   3.244   3.244   3.255   3.274   3.331
  3.331   3.336   3.337   3.368   3.380   3.385   3.440   3.449
  3.484   3.484   3.508   3.531   3.604   3.604   3.605   3.648
  3.648   3.699   3.699   3.714   3.741   3.772   3.779   3.808
  3.808   3.824   3.876   3.877   3.877   3.958   4.055   4.095
  4.141   4.155   4.155   4.216   4.216   4.245   4.331   4.380
  4.382   4.382   4.382   4.411   4.411   4.496   4.521   4.535
  4.543   4.612   4.620   4.628   4.634   4.634   4.677   4.677
  4.771   4.771   4.799   4.800   4.800   4.842   4.882   5.002
  5.003   5.189   5.189   5.260   5.260   5.375   5.551   5.671
  5.746   5.747   5.775   5.898   5.898   5.903   5.936   6.054
  6.054   6.096  24.458  24.484  24.740  24.740  24.810  27.811
 27.872  27.925  27.925  28.312  28.402  28.427  28.427  28.445
 28.468  28.468  28.484  28.870  28.870  29.308  41.232  41.249
 41.269  41.333  41.341  41.341  41.343  41.382  41.387  41.387
 41.464  41.471  41.471  41.476  41.476  41.488  41.510  41.527
 41.575  41.575  41.583  41.584  41.606  41.678  41.678
 --------------------------------------------------------------
 
          Ground-State Mulliken Net Atomic Charges

     Atom                 Charge (a.u.)
  ----------------------------------------
      1 C                     0.631490
      2 C                    -0.314538
      3 C                    -0.315411
      4 C                    -0.314618
      5 C                    -0.314623
      6 H                     0.078494
      7 H                     0.078407
      8 H                     0.078414
      9 H                     0.078470
     10 H                     0.078495
     11 H                     0.078477
     12 H                     0.078545
     13 H                     0.078399
  ----------------------------------------
  Sum of atomic charges =     0.000000

 -----------------------------------------------------------------
                    Cartesian Multipole Moments
 -----------------------------------------------------------------
    Charge (ESU x 10^10)
                 0.0000
    Dipole Moment (Debye)
         X       0.0001      Y       0.0003      Z       0.0001
       Tot       0.0004
    Quadrupole Moments (Debye-Ang)
        XX     -32.1528     XY       0.0035     YY     -29.9533
        XZ       0.0203     YZ       0.0006     ZZ     -29.9551
    Octapole Moments (Debye-Ang^2)
       XXX       0.0023    XXY       0.0046    XYY      -0.5543
       YYY       0.0035    XXZ     -32.1400    XYZ       0.0037
       YYZ     -29.9507    XZZ       0.5957    YZZ       0.0032
       ZZZ     -89.8722
    Hexadecapole Moments (Debye-Ang^3)
      XXXX    -339.8670   XXXY       0.0150   XXYY     -63.9458
      XYYY       0.0116   YYYY    -109.3386   XXXZ       1.3405
      XXYZ       0.0036   XYYZ      -0.2556   YYYZ       0.0026
      XXZZ     -96.0862   XYZZ       0.0118   YYZZ     -60.2023
      XZZZ       2.4734   YZZZ       0.0072   ZZZZ    -289.1168
 -----------------------------------------------------------------
 Total job time:  236.97s(wall), 235.63s(cpu) 
 Fri Mar 21 22:17:17 2014

        *************************************************************
        *                                                           *
        *  Thank you very much for using Q-Chem.  Have a nice day.  *
        *                                                           *
        *************************************************************


0 sent ACK to 0 
now end server 0 ... 
 
**********************************************************************
Job 3 of 3 
**********************************************************************
 
Process 0 of 1 is on cl135 - thread support 1
initial socket setup ...start
initial socket setup ...done 
now start server 0 ... 

cmd = /usr/bin/ssh clhead /usr/local/qchem/bin/get_hostid 1800000086 > /tmp/1602249.1.medium.q/qchem20724/lic.dat

cmd = /usr/bin/ssh clhead /usr/local/qchem/bin/get_hostid 1800000086 > /tmp/1602249.1.medium.q/qchem20724/lic.dat

cmd = /usr/bin/ssh clhead /usr/local/qchem/bin/get_hostid 1800000086 > /tmp/1602249.1.medium.q/qchem20724/lic.dat

cmd = /usr/bin/ssh clhead /usr/local/qchem/bin/get_hostid 1800000086 > /tmp/1602249.1.medium.q/qchem20724/lic.dat

cmd = /usr/bin/ssh clhead /usr/local/qchem/bin/get_hostid 1800000086 > /tmp/1602249.1.medium.q/qchem20724/lic.dat
                  Welcome to Q-Chem
     A Quantum Leap Into The Future Of Chemistry

 Y. Shao, L. Fusti-Molnar, Y. Jung, J. Kussmann, C. Ochsenfeld,
 S. T. Brown, A. T. B. Gilbert, L. V. Slipchenko,S. V. Levchenko,
 D. P. O'Neill, R. A. DiStasio Jr., R. C. Lochan, T. Wang,
 G. J. O. Beran, N. A. Besley, J. M. Herbert, C. Y. Lin,
 T. Van Voorhis, S. H. Chien, A. Sodt, R. P. Steele, 
 V. A. Rassolov, P. E. Maslen, P. P. Korambath, R. D. Adamson,
 B. Austin, J. Baker, E. F. C. Byrd, H. Dachsel, R. J. Doerksen,
 A. Dreuw, B. D. Dunietz, A. D. Dutoi, T. R. Furlani,
 S. R. Gwaltney, A. Heyden, S. Hirata, C.-P. Hsu, G. Kedziora,
 R. Z. Khaliullin, P. Klunzinger, A. M. Lee, M. S. Lee, W. Liang,
 I. Lotan, N. Nair, B. Peters, E. I. Proynov, P. A. Pieniazek, 
 Y. M. Rhee, J. Ritchie, E. Rosta, C. D. Sherrill, 
 A. C. Simmonett, J. E. Subotnik, H. L. Woodcock III,
 W. Zhang, A. T. Bell, A. K. Chakraborty, D. M. Chipman,
 F. J. Keil, A. Warshel, W. J. Hehre, H. F. Schaefer III,
 J. Kong, A. I. Krylov, P. M. W. Gill, M. Head-Gordon,
 Q-Chem, Version 3.1, Q-Chem, Inc., Pittsburgh, PA (2007).

 Additional authors for Version 3.1: 
 Z. Gan, Y. Zhao, N. E. Schultz, D. Truhlar, E. Epifanovsky and M. Oana.

 Additional authors for Version 3.2: 
 R. Baer, B. R. Brooks, D. Casanova, J.-D. Chai, C.-L. Cheng, 
 C. Cramer, D. Crittenden, A. Ghysels, G. Hawkins, E. G. Hohenstein, 
 C. Kelley, W. Kurlancheek, D. Liotard, E. Livshits, P. Manohar, 
 A. Marenich, D. Neuhauser, R. Olson, M. A. Rohrdanz, K. S. Thanthiriwatte, 
 A. J. W. Thom, V. Vanovschi, C. F. Williams, Q. Wu and Z.-Q. You. 


 Intel X86 Linux Version

 Q-chem begins on Fri Mar 21 22:17:21 2014  

 Parallel job on  1  processors
Processing $rem in /usr/local/qchem/config/preferences.

theFileMan(): MAXOPENFILES=974 MAX_SUB_FILE_NUM=16
Maximum size of a physical file is 2.0 GB, maximum size of a tmp-file is 32.0 GB


--------------------------------------------------------------
User input:
--------------------------------------------------------------

$molecule
1,2
C         -0.00003        0.00010        0.99991
C          1.26459        0.75942        0.98847
C          1.26447       -0.75945        0.98840
C         -1.27145        0.00003        0.25190
C         -1.25762        0.00005        1.77082
H          1.57412        1.26097        1.90079
H          1.55767        1.26188        0.07124
H          1.57397       -1.26106        1.90071
H          1.55744       -1.26192        0.07116
H         -1.57709       -0.91495       -0.24713
H         -1.57734        0.91489       -0.24721
H         -1.55434       -0.91483        2.27543
H         -1.55439        0.91487        2.27549
$end

$comment
positive
$end

$xc_functional
C PBE   1.00
X wPBE  1.00
$end

$rem
SYMMETRY_DECOMPOSITION	0
LRC_DFT                 true
exchange 		general
BASIS                   g3large
omega			1000
mem_static              760
max_scf_cycles          200
scf_final_print         1
sym_ignore              true
$end

--------------------------------------------------------------
 Writing REM_CC_EA           13
 ----------------------------------------------------
       Standard Nuclear Orientation (Angstroms)
    I     Atom         X            Y            Z
 ----------------------------------------------------
    1      C      -0.000030     0.000100     0.999910
    2      C       1.264590     0.759420     0.988470
    3      C       1.264470    -0.759450     0.988400
    4      C      -1.271450     0.000030     0.251900
    5      C      -1.257620     0.000050     1.770820
    6      H       1.574120     1.260970     1.900790
    7      H       1.557670     1.261880     0.071240
    8      H       1.573970    -1.261060     1.900710
    9      H       1.557440    -1.261920     0.071160
   10      H      -1.577090    -0.914950    -0.247130
   11      H      -1.577340     0.914890    -0.247210
   12      H      -1.554340    -0.914830     2.275430
   13      H      -1.554390     0.914870     2.275490
 ----------------------------------------------------
 Nuclear Repulsion Energy =   171.0336147312 hartrees
 There are       19 alpha and       18 beta electrons
 Requested basis set is G3large
 There are 98 shells and 290 basis functions

Total QAlloc Memory Limit   2000 MB
Mega-Array Size       743 MB
MEM_STATIC part       760 MB

                       Distance Matrix (Angstroms)
             C (  1)   C (  2)   C (  3)   C (  4)   C (  5)   H (  6)
   C (  2)  1.475114
   C (  3)  1.475130  1.518870
   C (  4)  1.475137  2.747855  2.747750
   C (  5)  1.475071  2.747773  2.747719  1.518983
   H (  6)  2.208920  1.086135  2.238400  3.522226  3.102509
   H (  7)  2.209286  1.086127  2.238956  3.103035  3.522307  1.829624
   H (  8)  2.208946  2.238356  1.086146  3.522121  3.102446  2.522030
   H (  9)  2.209295  2.238981  1.086111  3.102870  3.522212  3.116536
   H ( 10)  2.208969  3.522125  3.102447  1.086110  2.238617  4.390708
   H ( 11)  2.209085  3.102844  3.522220  1.086116  2.238660  3.829540
   H ( 12)  2.209056  3.522179  3.102625  2.238676  1.086130  3.829063
   H ( 13)  2.209059  3.102778  3.522204  2.238728  1.086121  3.169820
             H (  7)   H (  8)   H (  9)   H ( 10)   H ( 11)   H ( 12)
   H (  8)  3.116481
   H (  9)  2.523800  1.829625
   H ( 10)  3.829709  3.829124  3.169696
   H ( 11)  3.170189  4.390794  3.829714  1.829840
   H ( 12)  4.391028  3.169639  3.829158  2.522663  3.116427
   H ( 13)  3.829367  3.829069  4.391010  3.116467  2.522804  1.829700

 
 A cutoff of  1.0D-08 yielded   4435 shell pairs
 There are  39245 function pairs ( 48051 Cartesian)
Evaluating contribution to one-electron hamiltonian from nuclear
 Smallest overlap matrix eigenvalue = 2.58E-05

 Q-Chem warning in module mkSTV.C, line 194:

 Overlap eigenvalue is smaller than square root of threshold

 Multipole matrices computed through 2nd order

  Scale SEOQF with 1.000000e-01/1.000000e-01/1.000000e-01

 Standard Electronic Orientation quadrupole field applied
 Nucleus-field energy     =    -0.0000000026 hartrees
 Guess from superposition of atomic densities
 Warning:  Energy on first SCF cycle will be non-variational
 Long-range K will be added via erf
 Coulomb attenuation parameter = 1 bohr**(-1)
 An unrestricted Kohn-Sham SCF calculation will be
 performed using Pulay DIIS extrapolation
 Exchange:  wPBE + LR-HF      Correlation:  PBE
 Using SG-1 standard quadrature grid
 SCF converges when DIIS error is below 1.0E-05
 Requested basis set is G3large
 There are 98 shells and 290 basis functions
 A cutoff of  1.0D-08 yielded   4435 shell pairs
 There are  39245 function pairs ( 48051 Cartesian)
 Warning!  Inaccurate integrated density:
   Number of electrons =    37
   Numerical integral  =    37.999765750979
   Relative error      =     2.7020695972 %
 ---------------------------------------
  Cycle       Energy         DIIS Error
 ---------------------------------------
    1    -197.6323728485      3.04E-02
    2    -194.6472759249      2.67E-03
    3    -194.7620513914      1.30E-03
    4    -194.7863068688      4.81E-04
    5    -194.7943421516      1.52E-04
    6    -194.7968751663      9.25E-05
    7    -194.7983527661      4.59E-05
    8    -194.7988344429      2.26E-05
    9    -194.7989825372      1.40E-05
   10    -194.7990342060      9.10E-06 Convergence criterion met
 ---------------------------------------
 One-Electron    Energy =  -590.5626880017
 Total Coulomb   Energy =   254.4598258368
 Alpha Exchange  Energy =    -7.0503503594
 Beta  Exchange  Energy =    -6.6699909711
 DFT   Exchange  Energy =   -14.7980961429
 DFT Correlation Energy =    -1.2113492964
 Nuclear Repu.   Energy =   171.0336147286
 Nuclear Attr.   Energy =  -784.3177870949
 Kinetic         Energy =   193.7550990932
 <S^2> = 0.7585
 SCF time:  CPU 442.86 s  wall 444.68 s
 Final Alpha MO Eigenvalues
            1           2           3           4           5           6
    1 -10.7351817 -10.7011189 -10.6864712 -10.6336999 -10.6329242  -1.4665696
            7           8           9          10          11          12
    1  -1.3264650  -1.1140104  -1.0608450  -1.0155184  -0.9211143  -0.9189347
           13          14          15          16          17          18
    1  -0.8978906  -0.7887980  -0.7675971  -0.7454824  -0.7398060  -0.6918020
           19          20          21          22          23          24
    1  -0.6623917  -0.0871344  -0.0756762  -0.0743508  -0.0665712  -0.0467206
 Final Beta MO Eigenvalues
            1           2           3           4           5           6
    1 -10.7268938 -10.6961025 -10.6836937 -10.6340842 -10.6333416  -1.4244210
            7           8           9          10          11          12
    1  -1.3190024  -1.0651478  -1.0572885  -0.9714874  -0.9140127  -0.9037109
           13          14          15          16          17          18
    1  -0.8661602  -0.7806313  -0.7537778  -0.7341199  -0.6840495  -0.6522347
           19          20          21          22          23
    1  -0.3363784  -0.0865814  -0.0739480  -0.0732424  -0.0661405
 Analysis of SCF Wavefunction
 
 --------------------------------------------------------------
                    Orbital Energies (a.u.)
 --------------------------------------------------------------
 
 Alpha MOs
 -- Occupied --
-10.735 -10.701 -10.686 -10.634 -10.633  -1.467  -1.326  -1.114
 -1.061  -1.016  -0.921  -0.919  -0.898  -0.789  -0.768  -0.745
 -0.740  -0.692  -0.662
 -- Virtual --
 -0.087  -0.076  -0.074  -0.067  -0.047  -0.043  -0.039  -0.033
 -0.024  -0.004  -0.003   0.009   0.020   0.026   0.027   0.031
  0.041   0.043   0.048   0.061   0.063   0.072   0.078   0.090
  0.095   0.095   0.100   0.101   0.102   0.109   0.140   0.148
  0.150   0.176   0.191   0.210   0.218   0.227   0.263   0.267
  0.280   0.305   0.323   0.387   0.388   0.400   0.405   0.426
  0.436   0.468   0.497   0.498   0.501   0.528   0.535   0.545
  0.549   0.549   0.572   0.585   0.589   0.605   0.607   0.612
  0.629   0.677   0.697   0.731   0.744   0.749   0.777   0.791
  0.816   0.846   0.848   0.853   0.932   0.983   0.988   1.012
  1.021   1.051   1.060   1.068   1.087   1.098   1.123   1.142
  1.148   1.205   1.209   1.254   1.256   1.279   1.292   1.312
  1.329   1.344   1.354   1.365   1.366   1.400   1.424   1.429
  1.433   1.453   1.479   1.520   1.533   1.544   1.547   1.556
  1.580   1.583   1.623   1.733   1.754   1.769   1.787   2.450
  2.485   2.540   2.596   2.631   2.645   2.646   2.665   2.672
  2.695   2.708   2.765   2.775   2.782   2.824   2.891   2.891
  2.908   2.913   2.932   2.997   2.999   3.022   3.036   3.054
  3.086   3.091   3.103   3.109   3.135   3.161   3.184   3.198
  3.245   3.248   3.261   3.287   3.365   3.372   3.372   3.394
  3.417   3.449   3.458   3.473   3.501   3.527   3.529   3.563
  3.570   3.596   3.625   3.626   3.635   3.712   3.810   3.852
  3.903   3.910   3.922   3.962   3.985   4.002   4.084   4.132
  4.138   4.147   4.149   4.162   4.192   4.266   4.293   4.298
  4.316   4.368   4.376   4.379   4.405   4.412   4.433   4.439
  4.528   4.529   4.554   4.565   4.575   4.582   4.629   4.739
  4.758   4.911   4.955   5.011   5.013   5.139   5.304   5.427
  5.474   5.516   5.541   5.647   5.663   5.686   5.715   5.789
  5.824   5.836  24.170  24.237  24.462  24.522  24.549  27.551
 27.622  27.637  27.653  28.042  28.155  28.158  28.159  28.185
 28.219  28.233  28.253  28.593  28.652  29.025  40.930  40.972
 41.030  41.054  41.068  41.092  41.110  41.121  41.122  41.162
 41.170  41.182  41.195  41.221  41.225  41.257  41.265  41.278
 41.294  41.310  41.351  41.365  41.366  41.382  41.412
 
 Beta MOs
 -- Occupied --
-10.727 -10.696 -10.684 -10.634 -10.633  -1.424  -1.319  -1.065
 -1.057  -0.971  -0.914  -0.904  -0.866  -0.781  -0.754  -0.734
 -0.684  -0.652
 -- Virtual --
 -0.336  -0.087  -0.074  -0.073  -0.066  -0.042  -0.042  -0.036
 -0.033  -0.023  -0.003   0.010   0.011   0.021   0.027   0.032
  0.033   0.044   0.049   0.054   0.063   0.067   0.073   0.079
  0.095   0.097   0.098   0.100   0.104   0.105   0.110   0.152
  0.152   0.153   0.183   0.203   0.211   0.229   0.234   0.276
  0.279   0.281   0.307   0.326   0.390   0.396   0.406   0.416
  0.428   0.442   0.476   0.499   0.505   0.509   0.541   0.546
  0.550   0.553   0.573   0.578   0.589   0.594   0.607   0.613
  0.617   0.631   0.679   0.707   0.739   0.745   0.751   0.779
  0.794   0.819   0.849   0.853   0.854   0.937   0.988   0.989
  1.017   1.038   1.055   1.062   1.077   1.089   1.105   1.125
  1.146   1.150   1.209   1.218   1.258   1.265   1.280   1.301
  1.320   1.334   1.345   1.359   1.369   1.373   1.403   1.426
  1.433   1.442   1.456   1.480   1.524   1.538   1.545   1.548
  1.563   1.582   1.586   1.625   1.742   1.771   1.771   1.795
  2.460   2.488   2.552   2.601   2.637   2.647   2.669   2.676
  2.681   2.699   2.713   2.771   2.783   2.792   2.837   2.898
  2.903   2.916   2.918   2.941   3.003   3.010   3.026   3.039
  3.075   3.094   3.095   3.107   3.116   3.142   3.166   3.192
  3.206   3.250   3.254   3.270   3.295   3.371   3.374   3.376
  3.405   3.420   3.462   3.467   3.475   3.508   3.533   3.537
  3.574   3.575   3.599   3.636   3.637   3.640   3.722   3.818
  3.859   3.907   3.915   3.928   3.971   3.989   4.009   4.092
  4.139   4.144   4.151   4.154   4.169   4.195   4.270   4.296
  4.305   4.320   4.375   4.380   4.388   4.407   4.414   4.438
  4.447   4.531   4.536   4.559   4.569   4.585   4.589   4.638
  4.747   4.763   4.926   4.957   5.015   5.024   5.143   5.309
  5.433   5.488   5.518   5.545   5.653   5.668   5.688   5.718
  5.799   5.827   5.842  24.176  24.239  24.466  24.521  24.553
 27.555  27.636  27.638  27.656  28.046  28.160  28.161  28.164
 28.187  28.220  28.234  28.254  28.598  28.652  29.029  40.944
 40.980  41.031  41.059  41.071  41.096  41.114  41.121  41.122
 41.169  41.175  41.191  41.199  41.223  41.226  41.257  41.270
 41.278  41.298  41.313  41.353  41.365  41.367  41.391  41.413
 --------------------------------------------------------------
 
          Ground-State Mulliken Net Atomic Charges

     Atom                 Charge (a.u.)    Spin (a.u.)
  --------------------------------------------------------
      1 C                     0.743587       0.429658
      2 C                    -0.187621       0.279243
      3 C                    -0.221303       0.143751
      4 C                    -0.271404      -0.002877
      5 C                    -0.272045      -0.005860
      6 H                     0.161909       0.015999
      7 H                     0.160518       0.012568
      8 H                     0.159035       0.022766
      9 H                     0.160562       0.026441
     10 H                     0.141604       0.019898
     11 H                     0.141914       0.019239
     12 H                     0.140260       0.016633
     13 H                     0.142982       0.022540
  --------------------------------------------------------
  Sum of atomic charges =     1.000000
  Sum of spin   charges =     1.000000

 -----------------------------------------------------------------
                    Cartesian Multipole Moments
 -----------------------------------------------------------------
    Charge (ESU x 10^10)
                 4.8032
    Dipole Moment (Debye)
         X       1.4438      Y       0.1478      Z       4.7870
       Tot       5.0022
    Quadrupole Moments (Debye-Ang)
        XX     -18.7371     XY       0.2136     YY     -22.3948
        XZ       1.4031     YZ       0.2046     ZZ     -19.3971
    Octapole Moments (Debye-Ang^2)
       XXX       4.8755    XXY       0.1719    XYY       4.4121
       YYY       0.0371    XXZ     -18.7976    XYZ       0.2161
       YYZ     -22.4429    XZZ       0.5548    YZZ       0.3500
       ZZZ     -67.7210
    Hexadecapole Moments (Debye-Ang^3)
      XXXX    -270.3632   XXXY       0.9494   XXYY     -42.1122
      XYYY       0.0272   YYYY     -86.8057   XXXZ       6.1231
      XXYZ       0.3394   XYYZ       4.5991   YYYZ       0.1185
      XXZZ     -64.2925   XYZZ       0.3201   YYZZ     -43.4077
      XZZZ      -0.6869   YZZZ       0.6620   ZZZZ    -231.6303
 -----------------------------------------------------------------
 Total job time:  445.09s(wall), 443.24s(cpu) 
 Fri Mar 21 22:24:46 2014

        *************************************************************
        *                                                           *
        *  Thank you very much for using Q-Chem.  Have a nice day.  *
        *                                                           *
        *************************************************************


0 sent ACK to 0 
now end server 0 ... 
