Process 0 of 1 is on cl248.stfx.acenet.ca - thread support 1
initial socket setup ...start
initial socket setup ...done 
now start server 0 ... 

cmd = /usr/bin/ssh clhead /usr/local/qchem/bin/get_hostid 798295525 > /scratch/tmp/6027733.1.long.q/qchem31212/lic.dat
                  Welcome to Q-Chem
     A Quantum Leap Into The Future Of Chemistry

 Y. Shao, L. Fusti-Molnar, Y. Jung, J. Kussmann, C. Ochsenfeld,
 S. T. Brown, A. T. B. Gilbert, L. V. Slipchenko,S. V. Levchenko,
 D. P. O'Neill, R. A. DiStasio Jr., R. C. Lochan, T. Wang,
 G. J. O. Beran, N. A. Besley, J. M. Herbert, C. Y. Lin,
 T. Van Voorhis, S. H. Chien, A. Sodt, R. P. Steele, 
 V. A. Rassolov, P. E. Maslen, P. P. Korambath, R. D. Adamson,
 B. Austin, J. Baker, E. F. C. Byrd, H. Dachsel, R. J. Doerksen,
 A. Dreuw, B. D. Dunietz, A. D. Dutoi, T. R. Furlani,
 S. R. Gwaltney, A. Heyden, S. Hirata, C.-P. Hsu, G. Kedziora,
 R. Z. Khaliullin, P. Klunzinger, A. M. Lee, M. S. Lee, W. Liang,
 I. Lotan, N. Nair, B. Peters, E. I. Proynov, P. A. Pieniazek, 
 Y. M. Rhee, J. Ritchie, E. Rosta, C. D. Sherrill, 
 A. C. Simmonett, J. E. Subotnik, H. L. Woodcock III,
 W. Zhang, A. T. Bell, A. K. Chakraborty, D. M. Chipman,
 F. J. Keil, A. Warshel, W. J. Hehre, H. F. Schaefer III,
 J. Kong, A. I. Krylov, P. M. W. Gill, M. Head-Gordon,
 Q-Chem, Version 3.1, Q-Chem, Inc., Pittsburgh, PA (2007).

 Additional authors for Version 3.1: 
 Z. Gan, Y. Zhao, N. E. Schultz, D. Truhlar, E. Epifanovsky and M. Oana.

 Additional authors for Version 3.2: 
 R. Baer, B. R. Brooks, D. Casanova, J.-D. Chai, C.-L. Cheng, 
 C. Cramer, D. Crittenden, A. Ghysels, G. Hawkins, E. G. Hohenstein, 
 C. Kelley, W. Kurlancheek, D. Liotard, E. Livshits, P. Manohar, 
 A. Marenich, D. Neuhauser, R. Olson, M. A. Rohrdanz, K. S. Thanthiriwatte, 
 A. J. W. Thom, V. Vanovschi, C. F. Williams, Q. Wu and Z.-Q. You. 


 Intel X86 Linux Version

 Q-chem begins on Mon Jun  3 17:03:52 2013  

 Parallel job on  1  processors
Processing $rem in /usr/local/qchem/config/preferences.

theFileMan(): MAXOPENFILES=974 MAX_SUB_FILE_NUM=16
Maximum size of a physical file is 2.0 GB, maximum size of a tmp-file is 32.0 GB


--------------------------------------------------------------
User input:
--------------------------------------------------------------

$molecule
-1,2
O
C1,O,r1
H1,C1,r2,O,a1
H,O,roh,C1,aoh,H1,toh,0
C2,C1,r3a,O,a2a,H1,t1a,0
C3,C1,r3b,O,a2b,H1,-t1b,0
H,C2,r4a,C1,a4a,H1,t2a,0
H,C3,r5a,C1,a5a,H1,-t2b,0
H,C2,r4b,C1,a4b,H1,t3a,0
H,C3,r5b,C1,a5b,H1,-t3b,0
H,C2,r4c,C1,a4c,H1,-t4a,0
H,C3,r5c,C1,a5c,H1,t4b,0

r1=1.43111827
r2=1.9557364
roh=2.07916264
r3a=1.52393712
r3b=1.53017411
r4a=1.09587708
r5a=1.09583825
r4b=1.09448657
r5b=1.09801539
r4c=1.0954512
r5c=1.0964078
a1=28.22171182
aoh=30.02045037
a2a=106.21524706
a2b=111.13113306
a4a=110.2041443
a5a=110.24366741
a4b=110.29321839
a5b=111.03931704
a4c=110.82961388
a5c=111.23833611
toh=-62.32359188
t1a=179.44473237
t1b=57.80032287
t2a=63.0172795
t2b=83.272013
t3a=-56.37337218
t3b=-36.4963859
t4a=176.72748761
t4b=156.21533884

$end

$comment
negative
$end

$xc_functional
C PBE   1.00
X wPBE  1.00
$end

$rem
SYMMETRY_DECOMPOSITION	0
exchange 		general
LRC_DFT                 true
BASIS                   g3large
omega			400
mem_static              760
max_scf_cycles          200
scf_final_print         1
sym_ignore              true
$end

--------------------------------------------------------------
 Writing REM_CC_EA           12
 ----------------------------------------------------
       Standard Nuclear Orientation (Angstroms)
    I     Atom         X            Y            Z
 ----------------------------------------------------
    1      O       0.000000     0.000000     0.000000
    2      C       0.000000     0.000000     1.431118
    3      H       0.924838     0.000000    -0.292129
    4      H       0.483161     0.921207     1.800236
    5      C      -1.463245     0.014181     1.856673
    6      C       0.760558    -1.207760     1.982752
    7      H      -1.967442    -0.894454     1.508657
    8      H       0.298586    -2.138301     1.634130
    9      H      -1.976608     0.877600     1.422084
   10      H       1.806714    -1.200668     1.649367
   11      H      -1.551233     0.066921     2.947310
   12      H       0.763328    -1.208441     3.079156
 ----------------------------------------------------
 Nuclear Repulsion Energy =   134.3979926221 hartrees
 There are       18 alpha and       17 beta electrons
 Requested basis set is G3large
 There are 88 shells and 248 basis functions

Total QAlloc Memory Limit   2000 MB
Mega-Array Size       743 MB
MEM_STATIC part       760 MB

                       Distance Matrix (Angstroms)
             O (  1)   C (  2)   H (  3)   H (  4)   C (  5)   C (  6)
   C (  2)  1.431118
   H (  3)  0.969878  1.955736
   H (  4)  2.079163  1.103773  2.328453
   C (  5)  2.364005  1.523937  3.212552  2.148110
   C (  6)  2.443039  1.530174  2.580844  2.154707  2.540539
   H (  7)  2.635701  2.162611  3.522521  3.063836  1.095877  2.786558
   H (  8)  2.707742  2.168571  2.945335  3.069568  2.790476  1.095838
   H (  9)  2.588336  2.162693  3.482398  2.489048  1.094487  3.486424
   H ( 10)  2.725111  2.180241  2.447185  2.505376  3.494491  1.098015
   H ( 11)  3.331282  2.170171  4.077912  2.486833  1.095451  2.810617
   H ( 12)  3.394731  2.181519  3.584965  2.499906  2.819024  1.096408
             H (  7)   H (  8)   H (  9)   H ( 10)   H ( 11)
   H (  8)  2.588007
   H (  9)  1.774192  3.783799
   H ( 10)  3.789170  1.775904  4.322543
   H ( 11)  1.779661  3.163745  1.778892  3.816706
   H ( 12)  3.165779  1.780091  3.821610  1.770031  2.645964
 
 A cutoff of  1.0D-08 yielded   3639 shell pairs
 There are  28920 function pairs ( 34904 Cartesian)
Evaluating contribution to one-electron hamiltonian from nuclear
 Smallest overlap matrix eigenvalue = 4.89E-05

 Q-Chem warning in module mkSTV.C, line 194:

 Overlap eigenvalue is smaller than square root of threshold

 Multipole matrices computed through 2nd order

  Scale SEOQF with 1.000000e-01/1.000000e-01/1.000000e-01

 Standard Electronic Orientation quadrupole field applied
 Nucleus-field energy     =    -0.0000000069 hartrees
 Guess from superposition of atomic densities
 Warning:  Energy on first SCF cycle will be non-variational
 Long-range K will be added via erf
 Coulomb attenuation parameter = 0.4 bohr**(-1)
 An unrestricted Kohn-Sham SCF calculation will be
 performed using Pulay DIIS extrapolation
 Exchange:  wPBE + LR-HF      Correlation:  PBE
 Using SG-1 standard quadrature grid
 SCF converges when DIIS error is below 1.0E-05
 Requested basis set is G3large
 There are 88 shells and 248 basis functions
 A cutoff of  1.0D-08 yielded   3639 shell pairs
 There are  28920 function pairs ( 34904 Cartesian)
 Warning!  Inaccurate integrated density:
   Number of electrons =    35
   Numerical integral  =    34.000227111547
   Relative error      =    -2.8564939670 %
 ---------------------------------------
  Cycle       Energy         DIIS Error
 ---------------------------------------
    1    -195.1579926204      2.74E-02
    2    -194.1194843800      4.09E-03
    3    -194.1866685575      3.71E-03
    4    -194.2637824778      5.44E-04
    5    -194.2673403067      2.49E-04
    6    -194.2687321217      6.64E-05
    7    -194.2692051915      3.14E-05
    8    -194.2694643319      2.12E-05
    9    -194.2696063221      1.51E-05
   10    -194.2697252668      9.18E-06 Convergence criterion met
 ---------------------------------------
 One-Electron    Energy =  -533.3837328695
 Total Coulomb   Energy =   232.5494457797
 Alpha Exchange  Energy =    -3.4511070842
 Beta  Exchange  Energy =    -3.3820289599
 DFT   Exchange  Energy =   -19.8870497023
 DFT Correlation Energy =    -1.1132450458
 Nuclear Repu.   Energy =   134.3979926152
 Nuclear Attr.   Energy =  -726.7818408841
 Kinetic         Energy =   193.3981080146
 <S^2> = 0.7502
 SCF time:  CPU 270.77 s  wall 271.43 s
 Final Alpha MO Eigenvalues
            1           2           3           4           5           6
    1 -18.8203924 -10.0225406  -9.9700993  -9.9550595  -1.0181555  -0.7901016
            7           8           9          10          11          12
    1  -0.7079474  -0.5933470  -0.5118882  -0.4532483  -0.4302824  -0.3837720
           13          14          15          16          17          18
    1  -0.3803831  -0.3579089  -0.3446661  -0.3107350  -0.2580112   0.0257457
           19          20          21          22          23
    1   0.1312371   0.1401492   0.1436428   0.1685278   0.1754315
 Final Beta MO Eigenvalues
            1           2           3           4           5           6
    1 -18.8201519 -10.0223147  -9.9700421  -9.9546513  -1.0175330  -0.7894876
            7           8           9          10          11          12
    1  -0.7071529  -0.5924331  -0.5105631  -0.4521759  -0.4298865  -0.3835061
           13          14          15          16          17          18
    1  -0.3800465  -0.3575576  -0.3439962  -0.3102332  -0.2573811   0.1317920
           19          20          21          22
    1   0.1492123   0.1528782   0.1575074   0.1732062
 Analysis of SCF Wavefunction
 
 --------------------------------------------------------------
                    Orbital Energies (a.u.)
 --------------------------------------------------------------
 
 Alpha MOs
 -- Occupied --
-18.820 -10.023  -9.970  -9.955  -1.018  -0.790  -0.708  -0.593
 -0.512  -0.453  -0.430  -0.384  -0.380  -0.358  -0.345  -0.311
 -0.258   0.026
 -- Virtual --
  0.131   0.140   0.144   0.169   0.175   0.179   0.187   0.237
  0.242   0.265   0.274   0.277   0.279   0.282   0.294   0.301
  0.304   0.324   0.338   0.364   0.382   0.398   0.407   0.422
  0.426   0.453   0.460   0.469   0.479   0.487   0.510   0.530
  0.545   0.576   0.625   0.644   0.675   0.696   0.707   0.714
  0.753   0.761   0.780   0.789   0.792   0.795   0.804   0.837
  0.842   0.864   0.871   0.888   0.900   0.939   0.977   1.027
  1.042   1.089   1.096   1.138   1.164   1.185   1.204   1.226
  1.264   1.296   1.306   1.341   1.359   1.374   1.390   1.410
  1.425   1.455   1.467   1.498   1.519   1.530   1.542   1.563
  1.566   1.588   1.600   1.643   1.682   1.688   1.702   1.721
  1.732   1.775   1.780   1.812   1.826   1.838   1.882   1.884
  2.008   2.116   2.284   2.318   2.513   2.578   2.629   2.749
  2.772   2.812   2.816   2.880   2.928   2.950   3.043   3.063
  3.079   3.112   3.161   3.174   3.187   3.217   3.254   3.342
  3.362   3.393   3.401   3.434   3.465   3.523   3.557   3.567
  3.576   3.603   3.648   3.680   3.752   3.784   3.790   3.817
  3.836   3.876   3.916   3.941   3.972   4.006   4.038   4.058
  4.095   4.128   4.210   4.214   4.228   4.239   4.278   4.341
  4.376   4.424   4.432   4.449   4.457   4.480   4.518   4.545
  4.566   4.574   4.660   4.681   4.716   4.787   4.810   4.843
  4.850   4.896   4.956   5.072   5.294   5.410   5.443   5.517
  5.593   5.625   5.709   5.763   5.794   5.863   5.883   5.909
  5.931   6.065   6.148   6.650   7.210   7.373   7.448   7.495
  7.788   7.900  24.272  24.377  24.482  27.733  27.905  28.211
 28.247  28.277  28.298  28.314  28.499  28.608  41.061  41.112
 41.123  41.128  41.159  41.165  41.291  41.319  41.330  41.345
 41.352  41.372  41.376  41.414  41.447  43.963  43.987  44.035
 44.075  44.142  45.839  46.155  46.529  50.032
 
 Beta MOs
 -- Occupied --
-18.820 -10.022  -9.970  -9.955  -1.018  -0.789  -0.707  -0.592
 -0.511  -0.452  -0.430  -0.384  -0.380  -0.358  -0.344  -0.310
 -0.257
 -- Virtual --
  0.132   0.149   0.153   0.158   0.173   0.183   0.185   0.192
  0.237   0.243   0.263   0.275   0.276   0.279   0.281   0.294
  0.302   0.305   0.323   0.337   0.364   0.382   0.398   0.406
  0.422   0.425   0.452   0.460   0.468   0.478   0.485   0.507
  0.529   0.542   0.574   0.624   0.643   0.674   0.695   0.706
  0.714   0.752   0.760   0.780   0.788   0.791   0.794   0.803
  0.835   0.842   0.863   0.871   0.888   0.899   0.939   0.978
  1.027   1.042   1.089   1.096   1.139   1.165   1.185   1.204
  1.226   1.264   1.297   1.307   1.341   1.359   1.374   1.390
  1.409   1.425   1.456   1.467   1.498   1.519   1.530   1.542
  1.563   1.566   1.588   1.600   1.644   1.683   1.688   1.702
  1.721   1.732   1.776   1.780   1.813   1.826   1.838   1.882
  1.884   2.008   2.116   2.284   2.319   2.514   2.578   2.629
  2.749   2.773   2.812   2.816   2.881   2.928   2.951   3.043
  3.064   3.079   3.112   3.161   3.174   3.188   3.218   3.254
  3.342   3.363   3.394   3.402   3.434   3.466   3.523   3.557
  3.567   3.576   3.603   3.648   3.680   3.752   3.784   3.790
  3.818   3.837   3.876   3.916   3.942   3.973   4.006   4.038
  4.058   4.095   4.128   4.211   4.214   4.228   4.239   4.278
  4.342   4.376   4.424   4.432   4.450   4.457   4.481   4.518
  4.545   4.566   4.574   4.660   4.681   4.716   4.787   4.810
  4.844   4.850   4.896   4.956   5.072   5.294   5.411   5.444
  5.517   5.593   5.626   5.710   5.764   5.795   5.863   5.883
  5.910   5.931   6.065   6.148   6.650   7.211   7.375   7.449
  7.496   7.789   7.901  24.272  24.377  24.482  27.734  27.906
 28.212  28.247  28.277  28.298  28.314  28.500  28.608  41.061
 41.113  41.123  41.128  41.159  41.165  41.292  41.320  41.330
 41.345  41.352  41.372  41.376  41.414  41.448  43.963  43.987
 44.036  44.075  44.143  45.839  46.155  46.530  50.032
 --------------------------------------------------------------
 
          Ground-State Mulliken Net Atomic Charges

     Atom                 Charge (a.u.)    Spin (a.u.)
  --------------------------------------------------------
      1 O                    -0.371150       0.070231
      2 C                     0.183955      -0.186326
      3 H                    -0.252774       0.521506
      4 H                    -0.860146       0.956478
      5 C                     0.431899      -0.725249
      6 C                     1.921039      -2.218578
      7 H                     0.074819       0.011365
      8 H                    -0.172999       0.263944
      9 H                    -0.077973       0.173972
     10 H                    -1.510367       1.616989
     11 H                    -0.063655       0.140916
     12 H                    -0.302648       0.374752
  --------------------------------------------------------
  Sum of atomic charges =    -1.000000
  Sum of spin   charges =     1.000000

 -----------------------------------------------------------------
                    Cartesian Multipole Moments
 -----------------------------------------------------------------
    Charge (ESU x 10^10)
                -4.8032
    Dipole Moment (Debye)
         X      -7.7882      Y       0.4568      Z      -5.7928
       Tot       9.7171
    Quadrupole Moments (Debye-Ang)
        XX     -65.6113     XY       4.0067     YY     -49.7910
        XZ     -10.7588     YZ      -0.1505     ZZ     -61.5635
    Octapole Moments (Debye-Ang^2)
       XXX    -116.6420    XXY      24.6820    XYY     -31.7925
       YYY      37.0350    XXZ     -91.4450    XYZ       4.2862
       YYZ     -73.6473    XZZ     -44.0036    YZZ      13.2427
       ZZZ    -242.7519
    Hexadecapole Moments (Debye-Ang^3)
      XXXX    -837.5936   XXXY     112.1478   XXYY    -203.5463
      XYYY      70.8006   YYYY    -399.9664   XXXZ    -131.8681
      XXYZ      36.8788   XYYZ     -37.1662   YYYZ      65.1254
      XXZZ    -336.3755   XYZZ      28.6582   YYZZ    -258.8399
      XZZZ    -122.3250   YZZZ      74.0812   ZZZZ   -1170.8029
 -----------------------------------------------------------------
 Total job time:  271.78s(wall), 271.10s(cpu) 
 Mon Jun  3 17:08:24 2013

        *************************************************************
        *                                                           *
        *  Thank you very much for using Q-Chem.  Have a nice day.  *
        *                                                           *
        *************************************************************


0 sent ACK to 0 
now end server 0 ... 
 
**********************************************************************
Job 2 of 3 
**********************************************************************
 
Process 0 of 1 is on cl248.stfx.acenet.ca - thread support 1
initial socket setup ...start
initial socket setup ...done 
now start server 0 ... 

cmd = /usr/bin/ssh clhead /usr/local/qchem/bin/get_hostid 604559606 > /scratch/tmp/6027733.1.long.q/qchem31212/lic.dat
                  Welcome to Q-Chem
     A Quantum Leap Into The Future Of Chemistry

 Y. Shao, L. Fusti-Molnar, Y. Jung, J. Kussmann, C. Ochsenfeld,
 S. T. Brown, A. T. B. Gilbert, L. V. Slipchenko,S. V. Levchenko,
 D. P. O'Neill, R. A. DiStasio Jr., R. C. Lochan, T. Wang,
 G. J. O. Beran, N. A. Besley, J. M. Herbert, C. Y. Lin,
 T. Van Voorhis, S. H. Chien, A. Sodt, R. P. Steele, 
 V. A. Rassolov, P. E. Maslen, P. P. Korambath, R. D. Adamson,
 B. Austin, J. Baker, E. F. C. Byrd, H. Dachsel, R. J. Doerksen,
 A. Dreuw, B. D. Dunietz, A. D. Dutoi, T. R. Furlani,
 S. R. Gwaltney, A. Heyden, S. Hirata, C.-P. Hsu, G. Kedziora,
 R. Z. Khaliullin, P. Klunzinger, A. M. Lee, M. S. Lee, W. Liang,
 I. Lotan, N. Nair, B. Peters, E. I. Proynov, P. A. Pieniazek, 
 Y. M. Rhee, J. Ritchie, E. Rosta, C. D. Sherrill, 
 A. C. Simmonett, J. E. Subotnik, H. L. Woodcock III,
 W. Zhang, A. T. Bell, A. K. Chakraborty, D. M. Chipman,
 F. J. Keil, A. Warshel, W. J. Hehre, H. F. Schaefer III,
 J. Kong, A. I. Krylov, P. M. W. Gill, M. Head-Gordon,
 Q-Chem, Version 3.1, Q-Chem, Inc., Pittsburgh, PA (2007).

 Additional authors for Version 3.1: 
 Z. Gan, Y. Zhao, N. E. Schultz, D. Truhlar, E. Epifanovsky and M. Oana.

 Additional authors for Version 3.2: 
 R. Baer, B. R. Brooks, D. Casanova, J.-D. Chai, C.-L. Cheng, 
 C. Cramer, D. Crittenden, A. Ghysels, G. Hawkins, E. G. Hohenstein, 
 C. Kelley, W. Kurlancheek, D. Liotard, E. Livshits, P. Manohar, 
 A. Marenich, D. Neuhauser, R. Olson, M. A. Rohrdanz, K. S. Thanthiriwatte, 
 A. J. W. Thom, V. Vanovschi, C. F. Williams, Q. Wu and Z.-Q. You. 


 Intel X86 Linux Version

 Q-chem begins on Mon Jun  3 17:08:27 2013  

 Parallel job on  1  processors
Processing $rem in /usr/local/qchem/config/preferences.

theFileMan(): MAXOPENFILES=974 MAX_SUB_FILE_NUM=16
Maximum size of a physical file is 2.0 GB, maximum size of a tmp-file is 32.0 GB


--------------------------------------------------------------
User input:
--------------------------------------------------------------

$molecule
0,1
O
C1,O,r1
H1,C1,r2,O,a1
H,O,roh,C1,aoh,H1,toh,0
C2,C1,r3a,O,a2a,H1,t1a,0
C3,C1,r3b,O,a2b,H1,-t1b,0
H,C2,r4a,C1,a4a,H1,t2a,0
H,C3,r5a,C1,a5a,H1,-t2b,0
H,C2,r4b,C1,a4b,H1,t3a,0
H,C3,r5b,C1,a5b,H1,-t3b,0
H,C2,r4c,C1,a4c,H1,-t4a,0
H,C3,r5c,C1,a5c,H1,t4b,0

r1=1.43111827
r2=1.9557364
roh=2.07916264
r3a=1.52393712
r3b=1.53017411
r4a=1.09587708
r5a=1.09583825
r4b=1.09448657
r5b=1.09801539
r4c=1.0954512
r5c=1.0964078
a1=28.22171182
aoh=30.02045037
a2a=106.21524706
a2b=111.13113306
a4a=110.2041443
a5a=110.24366741
a4b=110.29321839
a5b=111.03931704
a4c=110.82961388
a5c=111.23833611
toh=-62.32359188
t1a=179.44473237
t1b=57.80032287
t2a=63.0172795
t2b=83.272013
t3a=-56.37337218
t3b=-36.4963859
t4a=176.72748761
t4b=156.21533884

$end

$comment
neutral
$end

$xc_functional
C PBE   1.00
X wPBE  1.00
$end


$rem
SYMMETRY_DECOMPOSITION	0
LRC_DFT                 true
exchange 		general
BASIS                   g3large
omega			400
mem_static              760
max_scf_cycles          200
scf_final_print         1
sym_ignore              true
$end

--------------------------------------------------------------
 Writing REM_CC_EA           12
 ----------------------------------------------------
       Standard Nuclear Orientation (Angstroms)
    I     Atom         X            Y            Z
 ----------------------------------------------------
    1      O       0.000000     0.000000     0.000000
    2      C       0.000000     0.000000     1.431118
    3      H       0.924838     0.000000    -0.292129
    4      H       0.483161     0.921207     1.800236
    5      C      -1.463245     0.014181     1.856673
    6      C       0.760558    -1.207760     1.982752
    7      H      -1.967442    -0.894454     1.508657
    8      H       0.298586    -2.138301     1.634130
    9      H      -1.976608     0.877600     1.422084
   10      H       1.806714    -1.200668     1.649367
   11      H      -1.551233     0.066921     2.947310
   12      H       0.763328    -1.208441     3.079156
 ----------------------------------------------------
 Nuclear Repulsion Energy =   134.3979926221 hartrees
 There are       17 alpha and       17 beta electrons
 Requested basis set is G3large
 There are 88 shells and 248 basis functions

Total QAlloc Memory Limit   2000 MB
Mega-Array Size       743 MB
MEM_STATIC part       760 MB

                       Distance Matrix (Angstroms)
             O (  1)   C (  2)   H (  3)   H (  4)   C (  5)   C (  6)
   C (  2)  1.431118
   H (  3)  0.969878  1.955736
   H (  4)  2.079163  1.103773  2.328453
   C (  5)  2.364005  1.523937  3.212552  2.148110
   C (  6)  2.443039  1.530174  2.580844  2.154707  2.540539
   H (  7)  2.635701  2.162611  3.522521  3.063836  1.095877  2.786558
   H (  8)  2.707742  2.168571  2.945335  3.069568  2.790476  1.095838
   H (  9)  2.588336  2.162693  3.482398  2.489048  1.094487  3.486424
   H ( 10)  2.725111  2.180241  2.447185  2.505376  3.494491  1.098015
   H ( 11)  3.331282  2.170171  4.077912  2.486833  1.095451  2.810617
   H ( 12)  3.394731  2.181519  3.584965  2.499906  2.819024  1.096408
             H (  7)   H (  8)   H (  9)   H ( 10)   H ( 11)
   H (  8)  2.588007
   H (  9)  1.774192  3.783799
   H ( 10)  3.789170  1.775904  4.322543
   H ( 11)  1.779661  3.163745  1.778892  3.816706
   H ( 12)  3.165779  1.780091  3.821610  1.770031  2.645964
 
 A cutoff of  1.0D-08 yielded   3639 shell pairs
 There are  28920 function pairs ( 34904 Cartesian)
Evaluating contribution to one-electron hamiltonian from nuclear
 Smallest overlap matrix eigenvalue = 4.89E-05

 Q-Chem warning in module mkSTV.C, line 194:

 Overlap eigenvalue is smaller than square root of threshold

 Multipole matrices computed through 2nd order

  Scale SEOQF with 1.000000e-01/1.000000e-01/1.000000e-01

 Standard Electronic Orientation quadrupole field applied
 Nucleus-field energy     =    -0.0000000069 hartrees
 Guess from superposition of atomic densities
 Warning:  Energy on first SCF cycle will be non-variational
 Long-range K will be added via erf
 Coulomb attenuation parameter = 0.4 bohr**(-1)
 A restricted Kohn-Sham SCF calculation will be
 performed using Pulay DIIS extrapolation
 Exchange:  wPBE + LR-HF      Correlation:  PBE
 Using SG-1 standard quadrature grid
 SCF converges when DIIS error is below 1.0E-05
 Requested basis set is G3large
 There are 88 shells and 248 basis functions
 A cutoff of  1.0D-08 yielded   3639 shell pairs
 There are  28920 function pairs ( 34904 Cartesian)
 ---------------------------------------
  Cycle       Energy         DIIS Error
 ---------------------------------------
    1    -195.1579926204      2.74E-02
    2    -194.1954011484      3.83E-03
    3    -194.2468793753      3.17E-03
    4    -194.2983689768      5.28E-04
    5    -194.2998445034      1.89E-04
    6    -194.3001243099      4.08E-05
    7    -194.3001362515      7.50E-06 Convergence criterion met
 ---------------------------------------
 One-Electron    Energy =  -528.9642153343
 Total Coulomb   Energy =   228.0193075575
 Alpha Exchange  Energy =    -3.3835939957
 Beta  Exchange  Energy =    -3.3835939957
 DFT   Exchange  Energy =   -19.8804475344
 DFT Correlation Energy =    -1.1055855639
 Nuclear Repu.   Energy =   134.3979926152
 Nuclear Attr.   Energy =  -722.3015028017
 Kinetic         Energy =   193.3372874674
 SCF time:  CPU 147.00 s  wall 147.39 s
 Final Alpha MO Eigenvalues
            1           2           3           4           5           6
    1 -18.9561503 -10.1562393 -10.0945636 -10.0877969  -1.1535756  -0.9197502
            7           8           9          10          11          12
    1  -0.8370872  -0.7234714  -0.6447028  -0.5830080  -0.5634647  -0.5129968
           13          14          15          16          17          18
    1  -0.5009632  -0.4900061  -0.4746219  -0.4422086  -0.3921470   0.0368597
           19          20          21          22
    1   0.0544596   0.0571675   0.0620430   0.0819419
 Analysis of SCF Wavefunction
 
 --------------------------------------------------------------
                    Orbital Energies (a.u.)
 --------------------------------------------------------------
 
 Alpha MOs
 -- Occupied --
-18.956 -10.156 -10.095 -10.088  -1.154  -0.920  -0.837  -0.723
 -0.645  -0.583  -0.563  -0.513  -0.501  -0.490  -0.475  -0.442
 -0.392
 -- Virtual --
  0.037   0.054   0.057   0.062   0.082   0.085   0.091   0.097
  0.134   0.142   0.160   0.166   0.172   0.175   0.180   0.186
  0.194   0.198   0.222   0.227   0.250   0.264   0.278   0.285
  0.301   0.306   0.331   0.336   0.351   0.358   0.372   0.394
  0.411   0.425   0.456   0.505   0.524   0.549   0.568   0.584
  0.594   0.632   0.634   0.659   0.662   0.667   0.671   0.679
  0.707   0.714   0.734   0.745   0.769   0.775   0.809   0.851
  0.898   0.913   0.961   0.966   1.010   1.037   1.057   1.075
  1.096   1.136   1.170   1.181   1.210   1.229   1.250   1.262
  1.278   1.300   1.327   1.341   1.375   1.389   1.403   1.412
  1.436   1.440   1.459   1.469   1.509   1.555   1.564   1.572
  1.590   1.608   1.647   1.654   1.685   1.699   1.710   1.751
  1.753   1.879   1.981   2.151   2.186   2.381   2.444   2.502
  2.616   2.640   2.684   2.690   2.748   2.802   2.820   2.913
  2.932   2.948   2.980   3.035   3.044   3.058   3.087   3.125
  3.215   3.229   3.269   3.272   3.303   3.335   3.397   3.427
  3.435   3.451   3.472   3.518   3.550   3.623   3.650   3.666
  3.692   3.704   3.744   3.785   3.808   3.841   3.869   3.905
  3.931   3.965   3.998   4.075   4.084   4.099   4.111   4.151
  4.211   4.242   4.292   4.300   4.322   4.331   4.351   4.384
  4.413   4.436   4.442   4.536   4.547   4.588   4.656   4.685
  4.707   4.725   4.764   4.826   4.943   5.160   5.278   5.310
  5.384   5.463   5.495   5.576   5.630   5.659   5.731   5.759
  5.781   5.801   5.931   6.014   6.516   7.075   7.236   7.314
  7.361   7.654   7.767  24.141  24.248  24.351  27.602  27.775
 28.077  28.122  28.146  28.172  28.183  28.369  28.477  40.931
 40.981  40.989  41.004  41.022  41.041  41.158  41.187  41.205
 41.210  41.220  41.236  41.253  41.295  41.311  43.827  43.851
 43.900  43.939  44.007  45.703  46.019  46.393  49.896
 --------------------------------------------------------------
 
          Ground-State Mulliken Net Atomic Charges

     Atom                 Charge (a.u.)
  ----------------------------------------
      1 O                    -0.278974
      2 C                    -0.011874
      3 H                     0.242840
      4 H                     0.079847
      5 C                    -0.279424
      6 C                    -0.310763
      7 H                     0.101846
      8 H                     0.117372
      9 H                     0.105982
     10 H                     0.075348
     11 H                     0.078391
     12 H                     0.079412
  ----------------------------------------
  Sum of atomic charges =     0.000000

 -----------------------------------------------------------------
                    Cartesian Multipole Moments
 -----------------------------------------------------------------
    Charge (ESU x 10^10)
                 0.0000
    Dipole Moment (Debye)
         X       1.3157      Y      -0.0529      Z       1.1290
       Tot       1.7345
    Quadrupole Moments (Debye-Ang)
        XX     -24.9152     XY       0.1277     YY     -26.8587
        XZ      -0.9658     YZ      -0.0361     ZZ     -24.8128
    Octapole Moments (Debye-Ang^2)
       XXX      16.2525    XXY       9.2011    XYY       3.6985
       YYY      26.6774    XXZ     -38.4282    XYZ       0.2072
       YYZ     -37.3417    XZZ       4.8451    YZZ       9.0137
       ZZZ    -107.7061
    Hexadecapole Moments (Debye-Ang^3)
      XXXX    -180.2975   XXXY      22.0257   XXYY     -49.3631
      XYYY      24.8407   YYYY    -118.1884   XXXZ      28.0235
      XXYZ      18.6875   XYYZ       8.4593   YYYZ      55.4028
      XXZZ    -109.9713   XYZZ       7.6650   YYZZ     -99.4075
      XZZZ      26.1420   YZZZ      53.4914   ZZZZ    -440.5569
 -----------------------------------------------------------------
 Total job time:  147.72s(wall), 147.32s(cpu) 
 Mon Jun  3 17:10:55 2013

        *************************************************************
        *                                                           *
        *  Thank you very much for using Q-Chem.  Have a nice day.  *
        *                                                           *
        *************************************************************


0 sent ACK to 0 
now end server 0 ... 
 
**********************************************************************
Job 3 of 3 
**********************************************************************
 
Process 0 of 1 is on cl248.stfx.acenet.ca - thread support 1
initial socket setup ...start
initial socket setup ...done 
now start server 0 ... 

cmd = /usr/bin/ssh clhead /usr/local/qchem/bin/get_hostid 1159683220 > /scratch/tmp/6027733.1.long.q/qchem31212/lic.dat
                  Welcome to Q-Chem
     A Quantum Leap Into The Future Of Chemistry

 Y. Shao, L. Fusti-Molnar, Y. Jung, J. Kussmann, C. Ochsenfeld,
 S. T. Brown, A. T. B. Gilbert, L. V. Slipchenko,S. V. Levchenko,
 D. P. O'Neill, R. A. DiStasio Jr., R. C. Lochan, T. Wang,
 G. J. O. Beran, N. A. Besley, J. M. Herbert, C. Y. Lin,
 T. Van Voorhis, S. H. Chien, A. Sodt, R. P. Steele, 
 V. A. Rassolov, P. E. Maslen, P. P. Korambath, R. D. Adamson,
 B. Austin, J. Baker, E. F. C. Byrd, H. Dachsel, R. J. Doerksen,
 A. Dreuw, B. D. Dunietz, A. D. Dutoi, T. R. Furlani,
 S. R. Gwaltney, A. Heyden, S. Hirata, C.-P. Hsu, G. Kedziora,
 R. Z. Khaliullin, P. Klunzinger, A. M. Lee, M. S. Lee, W. Liang,
 I. Lotan, N. Nair, B. Peters, E. I. Proynov, P. A. Pieniazek, 
 Y. M. Rhee, J. Ritchie, E. Rosta, C. D. Sherrill, 
 A. C. Simmonett, J. E. Subotnik, H. L. Woodcock III,
 W. Zhang, A. T. Bell, A. K. Chakraborty, D. M. Chipman,
 F. J. Keil, A. Warshel, W. J. Hehre, H. F. Schaefer III,
 J. Kong, A. I. Krylov, P. M. W. Gill, M. Head-Gordon,
 Q-Chem, Version 3.1, Q-Chem, Inc., Pittsburgh, PA (2007).

 Additional authors for Version 3.1: 
 Z. Gan, Y. Zhao, N. E. Schultz, D. Truhlar, E. Epifanovsky and M. Oana.

 Additional authors for Version 3.2: 
 R. Baer, B. R. Brooks, D. Casanova, J.-D. Chai, C.-L. Cheng, 
 C. Cramer, D. Crittenden, A. Ghysels, G. Hawkins, E. G. Hohenstein, 
 C. Kelley, W. Kurlancheek, D. Liotard, E. Livshits, P. Manohar, 
 A. Marenich, D. Neuhauser, R. Olson, M. A. Rohrdanz, K. S. Thanthiriwatte, 
 A. J. W. Thom, V. Vanovschi, C. F. Williams, Q. Wu and Z.-Q. You. 


 Intel X86 Linux Version

 Q-chem begins on Mon Jun  3 17:10:57 2013  

 Parallel job on  1  processors
Processing $rem in /usr/local/qchem/config/preferences.

theFileMan(): MAXOPENFILES=974 MAX_SUB_FILE_NUM=16
Maximum size of a physical file is 2.0 GB, maximum size of a tmp-file is 32.0 GB


--------------------------------------------------------------
User input:
--------------------------------------------------------------

$molecule
1,2
O
C1,O,r1
H1,C1,r2,O,a1
H,O,roh,C1,aoh,H1,toh,0
C2,C1,r3a,O,a2a,H1,t1a,0
C3,C1,r3b,O,a2b,H1,-t1b,0
H,C2,r4a,C1,a4a,H1,t2a,0
H,C3,r5a,C1,a5a,H1,-t2b,0
H,C2,r4b,C1,a4b,H1,t3a,0
H,C3,r5b,C1,a5b,H1,-t3b,0
H,C2,r4c,C1,a4c,H1,-t4a,0
H,C3,r5c,C1,a5c,H1,t4b,0

r1=1.43111827
r2=1.9557364
roh=2.07916264
r3a=1.52393712
r3b=1.53017411
r4a=1.09587708
r5a=1.09583825
r4b=1.09448657
r5b=1.09801539
r4c=1.0954512
r5c=1.0964078
a1=28.22171182
aoh=30.02045037
a2a=106.21524706
a2b=111.13113306
a4a=110.2041443
a5a=110.24366741
a4b=110.29321839
a5b=111.03931704
a4c=110.82961388
a5c=111.23833611
toh=-62.32359188
t1a=179.44473237
t1b=57.80032287
t2a=63.0172795
t2b=83.272013
t3a=-56.37337218
t3b=-36.4963859
t4a=176.72748761
t4b=156.21533884

$end

$comment
positive
$end

$xc_functional
C PBE   1.00
X wPBE  1.00
$end

$rem
SYMMETRY_DECOMPOSITION	0
LRC_DFT                 true
exchange 		general
BASIS                   g3large
omega			400
mem_static              760
max_scf_cycles          200
scf_final_print         1
sym_ignore              true
$end

--------------------------------------------------------------
 Writing REM_CC_EA           12
 ----------------------------------------------------
       Standard Nuclear Orientation (Angstroms)
    I     Atom         X            Y            Z
 ----------------------------------------------------
    1      O       0.000000     0.000000     0.000000
    2      C       0.000000     0.000000     1.431118
    3      H       0.924838     0.000000    -0.292129
    4      H       0.483161     0.921207     1.800236
    5      C      -1.463245     0.014181     1.856673
    6      C       0.760558    -1.207760     1.982752
    7      H      -1.967442    -0.894454     1.508657
    8      H       0.298586    -2.138301     1.634130
    9      H      -1.976608     0.877600     1.422084
   10      H       1.806714    -1.200668     1.649367
   11      H      -1.551233     0.066921     2.947310
   12      H       0.763328    -1.208441     3.079156
 ----------------------------------------------------
 Nuclear Repulsion Energy =   134.3979926221 hartrees
 There are       17 alpha and       16 beta electrons
 Requested basis set is G3large
 There are 88 shells and 248 basis functions

Total QAlloc Memory Limit   2000 MB
Mega-Array Size       743 MB
MEM_STATIC part       760 MB

                       Distance Matrix (Angstroms)
             O (  1)   C (  2)   H (  3)   H (  4)   C (  5)   C (  6)
   C (  2)  1.431118
   H (  3)  0.969878  1.955736
   H (  4)  2.079163  1.103773  2.328453
   C (  5)  2.364005  1.523937  3.212552  2.148110
   C (  6)  2.443039  1.530174  2.580844  2.154707  2.540539
   H (  7)  2.635701  2.162611  3.522521  3.063836  1.095877  2.786558
   H (  8)  2.707742  2.168571  2.945335  3.069568  2.790476  1.095838
   H (  9)  2.588336  2.162693  3.482398  2.489048  1.094487  3.486424
   H ( 10)  2.725111  2.180241  2.447185  2.505376  3.494491  1.098015
   H ( 11)  3.331282  2.170171  4.077912  2.486833  1.095451  2.810617
   H ( 12)  3.394731  2.181519  3.584965  2.499906  2.819024  1.096408
             H (  7)   H (  8)   H (  9)   H ( 10)   H ( 11)
   H (  8)  2.588007
   H (  9)  1.774192  3.783799
   H ( 10)  3.789170  1.775904  4.322543
   H ( 11)  1.779661  3.163745  1.778892  3.816706
   H ( 12)  3.165779  1.780091  3.821610  1.770031  2.645964
 
 A cutoff of  1.0D-08 yielded   3639 shell pairs
 There are  28920 function pairs ( 34904 Cartesian)
Evaluating contribution to one-electron hamiltonian from nuclear
 Smallest overlap matrix eigenvalue = 4.89E-05

 Q-Chem warning in module mkSTV.C, line 194:

 Overlap eigenvalue is smaller than square root of threshold

 Multipole matrices computed through 2nd order

  Scale SEOQF with 1.000000e-01/1.000000e-01/1.000000e-01

 Standard Electronic Orientation quadrupole field applied
 Nucleus-field energy     =    -0.0000000069 hartrees
 Guess from superposition of atomic densities
 Warning:  Energy on first SCF cycle will be non-variational
 Long-range K will be added via erf
 Coulomb attenuation parameter = 0.4 bohr**(-1)
 An unrestricted Kohn-Sham SCF calculation will be
 performed using Pulay DIIS extrapolation
 Exchange:  wPBE + LR-HF      Correlation:  PBE
 Using SG-1 standard quadrature grid
 SCF converges when DIIS error is below 1.0E-05
 Requested basis set is G3large
 There are 88 shells and 248 basis functions
 A cutoff of  1.0D-08 yielded   3639 shell pairs
 There are  28920 function pairs ( 34904 Cartesian)
 Warning!  Inaccurate integrated density:
   Number of electrons =    33
   Numerical integral  =    34.000227111547
   Relative error      =     3.0309912471 %
 ---------------------------------------
  Cycle       Energy         DIIS Error
 ---------------------------------------
    1    -195.1579926204      2.74E-02
    2    -193.8250295623      2.81E-03
    3    -193.8690095203      2.42E-03
    4    -193.8990369783      6.55E-04
    5    -193.9046462245      3.87E-04
    6    -193.9072975057      2.01E-04
    7    -193.9096024772      1.63E-04
    8    -193.9125406925      5.92E-05
    9    -193.9132595721      3.17E-05
   10    -193.9135984490      2.12E-05
   11    -193.9137068927      1.43E-05
   12    -193.9137651887      7.84E-06 Convergence criterion met
 ---------------------------------------
 One-Electron    Energy =  -520.0360146549
 Total Coulomb   Energy =   219.1107523370
 Alpha Exchange  Energy =    -3.4041176784
 Beta  Exchange  Energy =    -3.1769870349
 DFT   Exchange  Energy =   -19.7361013023
 DFT Correlation Energy =    -1.0692894704
 Nuclear Repu.   Energy =   134.3979926152
 Nuclear Attr.   Energy =  -713.0779128921
 Kinetic         Energy =   193.0418982372
 <S^2> = 0.7554
 SCF time:  CPU 322.55 s  wall 323.43 s
 Final Alpha MO Eigenvalues
            1           2           3           4           5           6
    1 -19.3500739 -10.4315923 -10.3324021 -10.2924562  -1.5088522  -1.1796016
            7           8           9          10          11          12
    1  -1.0654282  -0.9898158  -0.9439912  -0.8749330  -0.8327073  -0.7801795
           13          14          15          16          17          18
    1  -0.7390667  -0.7344599  -0.7093378  -0.6876697  -0.6816733  -0.1233838
           19          20          21          22
    1  -0.0826471  -0.0755149  -0.0671580  -0.0501029
 Final Beta MO Eigenvalues
            1           2           3           4           5           6
    1 -19.3334299 -10.4304141 -10.3299850 -10.2924266  -1.4720642  -1.1654441
            7           8           9          10          11          12
    1  -1.0585709  -0.9809145  -0.9185710  -0.8314922  -0.8068276  -0.7421084
           13          14          15          16          17          18
    1  -0.7302796  -0.7079383  -0.6890177  -0.6795896  -0.3800491  -0.1210904
           19          20          21
    1  -0.0806357  -0.0740409  -0.0664435
 Analysis of SCF Wavefunction
 
 --------------------------------------------------------------
                    Orbital Energies (a.u.)
 --------------------------------------------------------------
 
 Alpha MOs
 -- Occupied --
-19.350 -10.432 -10.332 -10.292  -1.509  -1.180  -1.065  -0.990
 -0.944  -0.875  -0.833  -0.780  -0.739  -0.734  -0.709  -0.688
 -0.682
 -- Virtual --
 -0.123  -0.083  -0.076  -0.067  -0.050  -0.041  -0.035  -0.028
 -0.018  -0.011   0.000   0.006   0.018   0.027   0.033   0.038
  0.048   0.055   0.062   0.071   0.075   0.087   0.098   0.105
  0.117   0.128   0.133   0.143   0.152   0.157   0.201   0.208
  0.224   0.236   0.256   0.317   0.336   0.341   0.361   0.385
  0.407   0.419   0.430   0.446   0.469   0.474   0.483   0.492
  0.497   0.502   0.516   0.538   0.579   0.583   0.605   0.634
  0.685   0.706   0.741   0.746   0.790   0.829   0.842   0.856
  0.874   0.915   0.945   0.962   0.981   0.988   1.012   1.042
  1.066   1.084   1.105   1.128   1.156   1.173   1.184   1.196
  1.206   1.234   1.244   1.259   1.273   1.334   1.350   1.366
  1.383   1.403   1.429   1.437   1.473   1.483   1.487   1.531
  1.539   1.604   1.673   1.866   1.897   2.076   2.158   2.288
  2.382   2.389   2.454   2.471   2.519   2.571   2.578   2.661
  2.680   2.707   2.727   2.801   2.821   2.839   2.861   2.887
  2.991   2.997   3.023   3.047   3.061   3.113   3.179   3.189
  3.205   3.229   3.246   3.288   3.314   3.369   3.418   3.449
  3.462   3.469   3.493   3.529   3.554   3.576   3.603   3.666
  3.695   3.737   3.760   3.823   3.849   3.870   3.885   3.925
  3.968   3.984   4.040   4.070   4.095   4.115   4.134   4.145
  4.157   4.192   4.207   4.313   4.318   4.363   4.427   4.460
  4.473   4.501   4.528   4.585   4.709   4.769   4.927   4.956
  5.076   5.159   5.248   5.261   5.304   5.337   5.469   5.527
  5.563   5.587   5.631   5.712   6.182   6.673   6.886   6.933
  6.965   7.295   7.416  23.890  24.024  24.109  27.349  27.521
 27.811  27.897  27.913  27.957  27.965  28.123  28.233  40.663
 40.712  40.748  40.781  40.795  40.826  40.880  40.919  40.945
 40.968  40.998  41.010  41.046  41.060  41.094  43.417  43.434
 43.490  43.558  43.627  45.289  45.634  46.008  49.505
 
 Beta MOs
 -- Occupied --
-19.333 -10.430 -10.330 -10.292  -1.472  -1.165  -1.059  -0.981
 -0.919  -0.831  -0.807  -0.742  -0.730  -0.708  -0.689  -0.680
 -- Virtual --
 -0.380  -0.121  -0.081  -0.074  -0.066  -0.049  -0.040  -0.034
 -0.027  -0.018  -0.010   0.004   0.008   0.020   0.029   0.035
  0.039   0.049   0.059   0.063   0.074   0.078   0.089   0.100
  0.107   0.118   0.135   0.135   0.145   0.157   0.161   0.206
  0.212   0.226   0.237   0.261   0.319   0.339   0.344   0.367
  0.388   0.410   0.422   0.432   0.453   0.472   0.477   0.486
  0.495   0.503   0.506   0.520   0.541   0.582   0.588   0.607
  0.637   0.688   0.709   0.745   0.749   0.792   0.832   0.845
  0.860   0.880   0.920   0.952   0.969   0.991   1.001   1.021
  1.046   1.069   1.088   1.109   1.131   1.159   1.179   1.189
  1.198   1.215   1.237   1.248   1.262   1.279   1.338   1.357
  1.368   1.386   1.406   1.432   1.444   1.476   1.487   1.492
  1.535   1.543   1.623   1.700   1.883   1.910   2.100   2.164
  2.291   2.392   2.393   2.458   2.474   2.523   2.578   2.584
  2.667   2.688   2.714   2.738   2.806   2.822   2.843   2.864
  2.893   2.995   3.000   3.031   3.051   3.066   3.116   3.184
  3.196   3.208   3.231   3.248   3.291   3.318   3.376   3.422
  3.453   3.466   3.470   3.497   3.533   3.556   3.584   3.609
  3.672   3.702   3.740   3.766   3.828   3.852   3.875   3.887
  3.931   3.975   3.990   4.049   4.073   4.100   4.118   4.138
  4.149   4.168   4.202   4.212   4.317   4.325   4.368   4.434
  4.467   4.479   4.505   4.537   4.594   4.715   4.846   4.968
  4.996   5.109   5.179   5.264   5.270   5.342   5.357   5.486
  5.530   5.567   5.592   5.649   5.717   6.198   6.745   6.910
  6.985   7.034   7.326   7.430  23.891  24.026  24.110  27.352
 27.524  27.812  27.899  27.914  27.958  27.965  28.127  28.235
 40.666  40.713  40.752  40.784  40.795  40.826  40.884  40.919
 40.949  40.971  40.999  41.011  41.046  41.064  41.094  43.459
 43.486  43.533  43.566  43.632  45.338  45.645  46.019  49.522
 --------------------------------------------------------------
 
          Ground-State Mulliken Net Atomic Charges

     Atom                 Charge (a.u.)    Spin (a.u.)
  --------------------------------------------------------
      1 O                     0.192649       0.686556
      2 C                    -0.147591       0.045278
      3 H                     0.321494      -0.013481
      4 H                     0.225741       0.133795
      5 C                    -0.225404      -0.005816
      6 C                    -0.201908       0.123832
      7 H                     0.145068       0.015109
      8 H                     0.158355       0.003876
      9 H                     0.141009       0.010178
     10 H                     0.121210      -0.004919
     11 H                     0.125363      -0.001266
     12 H                     0.144014       0.006859
  --------------------------------------------------------
  Sum of atomic charges =     1.000000
  Sum of spin   charges =     1.000000

 -----------------------------------------------------------------
                    Cartesian Multipole Moments
 -----------------------------------------------------------------
    Charge (ESU x 10^10)
                 4.8032
    Dipole Moment (Debye)
         X       1.5664      Y      -0.9967      Z       5.9098
       Tot       6.1946
    Quadrupole Moments (Debye-Ang)
        XX     -18.0278     XY      -0.9448     YY     -19.8978
        XZ      -1.0081     YZ      -2.3871     ZZ     -10.3750
    Octapole Moments (Debye-Ang^2)
       XXX      12.0382    XXY       6.8358    XYY       5.4807
       YYY      19.6647    XXZ     -27.1300    XYZ      -2.3849
       YYZ     -26.6205    XZZ       4.9724    YZZ       2.0621
       ZZZ     -69.2480
    Hexadecapole Moments (Debye-Ang^3)
      XXXX    -144.3790   XXXY      17.4226   XXYY     -38.9349
      XYYY      19.6364   YYYY     -89.2673   XXXZ      18.7599
      XXYZ      13.6810   XYYZ      12.8587   YYYZ      40.8244
      XXZZ     -80.6252   XYZZ       0.3267   YYZZ     -71.7650
      XZZZ      25.7942   YZZZ      31.0865   ZZZZ    -318.7494
 -----------------------------------------------------------------
 Total job time:  323.76s(wall), 322.87s(cpu) 
 Mon Jun  3 17:16:21 2013

        *************************************************************
        *                                                           *
        *  Thank you very much for using Q-Chem.  Have a nice day.  *
        *                                                           *
        *************************************************************


0 sent ACK to 0 
now end server 0 ... 
