Process 0 of 1 is on cl136 - thread support 1
initial socket setup ...start
initial socket setup ...done 
now start server 0 ... 

cmd = /usr/bin/ssh clhead /usr/local/qchem/bin/get_hostid 2086272896 > /tmp/1602362.1.medium.q/qchem17334/lic.dat

cmd = /usr/bin/ssh clhead /usr/local/qchem/bin/get_hostid 2086272896 > /tmp/1602362.1.medium.q/qchem17334/lic.dat

cmd = /usr/bin/ssh clhead /usr/local/qchem/bin/get_hostid 2086272896 > /tmp/1602362.1.medium.q/qchem17334/lic.dat

cmd = /usr/bin/ssh clhead /usr/local/qchem/bin/get_hostid 2086272896 > /tmp/1602362.1.medium.q/qchem17334/lic.dat

cmd = /usr/bin/ssh clhead /usr/local/qchem/bin/get_hostid 2086272896 > /tmp/1602362.1.medium.q/qchem17334/lic.dat
                  Welcome to Q-Chem
     A Quantum Leap Into The Future Of Chemistry

 Y. Shao, L. Fusti-Molnar, Y. Jung, J. Kussmann, C. Ochsenfeld,
 S. T. Brown, A. T. B. Gilbert, L. V. Slipchenko,S. V. Levchenko,
 D. P. O'Neill, R. A. DiStasio Jr., R. C. Lochan, T. Wang,
 G. J. O. Beran, N. A. Besley, J. M. Herbert, C. Y. Lin,
 T. Van Voorhis, S. H. Chien, A. Sodt, R. P. Steele, 
 V. A. Rassolov, P. E. Maslen, P. P. Korambath, R. D. Adamson,
 B. Austin, J. Baker, E. F. C. Byrd, H. Dachsel, R. J. Doerksen,
 A. Dreuw, B. D. Dunietz, A. D. Dutoi, T. R. Furlani,
 S. R. Gwaltney, A. Heyden, S. Hirata, C.-P. Hsu, G. Kedziora,
 R. Z. Khaliullin, P. Klunzinger, A. M. Lee, M. S. Lee, W. Liang,
 I. Lotan, N. Nair, B. Peters, E. I. Proynov, P. A. Pieniazek, 
 Y. M. Rhee, J. Ritchie, E. Rosta, C. D. Sherrill, 
 A. C. Simmonett, J. E. Subotnik, H. L. Woodcock III,
 W. Zhang, A. T. Bell, A. K. Chakraborty, D. M. Chipman,
 F. J. Keil, A. Warshel, W. J. Hehre, H. F. Schaefer III,
 J. Kong, A. I. Krylov, P. M. W. Gill, M. Head-Gordon,
 Q-Chem, Version 3.1, Q-Chem, Inc., Pittsburgh, PA (2007).

 Additional authors for Version 3.1: 
 Z. Gan, Y. Zhao, N. E. Schultz, D. Truhlar, E. Epifanovsky and M. Oana.

 Additional authors for Version 3.2: 
 R. Baer, B. R. Brooks, D. Casanova, J.-D. Chai, C.-L. Cheng, 
 C. Cramer, D. Crittenden, A. Ghysels, G. Hawkins, E. G. Hohenstein, 
 C. Kelley, W. Kurlancheek, D. Liotard, E. Livshits, P. Manohar, 
 A. Marenich, D. Neuhauser, R. Olson, M. A. Rohrdanz, K. S. Thanthiriwatte, 
 A. J. W. Thom, V. Vanovschi, C. F. Williams, Q. Wu and Z.-Q. You. 


 Intel X86 Linux Version

 Q-chem begins on Sun Mar 23 18:12:33 2014  

 Parallel job on  1  processors
Processing $rem in /usr/local/qchem/config/preferences.

theFileMan(): MAXOPENFILES=974 MAX_SUB_FILE_NUM=16
Maximum size of a physical file is 2.0 GB, maximum size of a tmp-file is 32.0 GB


--------------------------------------------------------------
User input:
--------------------------------------------------------------

$molecule
-1,2
C          0.00000        0.00000        0.00427
C          0.00000        0.00000        1.34256
Cl         1.44225        0.00000       -0.90517
Cl        -1.44225        0.00000       -0.90517
Cl        -1.44225        0.00000        2.25200
Cl         1.44225        0.00000        2.25200
$end

$comment
negative
$end

$xc_functional
C PBE   1.00
X wPBE  1.00
$end

$rem
SYMMETRY_DECOMPOSITION	0
exchange 		general
LRC_DFT                 true
BASIS                   g3large
omega			330
mem_static              760
max_scf_cycles          200
scf_final_print         1
sym_ignore              true
$end

--------------------------------------------------------------
 Writing REM_CC_EA            6
 ----------------------------------------------------
       Standard Nuclear Orientation (Angstroms)
    I     Atom         X            Y            Z
 ----------------------------------------------------
    1      C       0.000000     0.000000     0.004270
    2      C       0.000000     0.000000     1.342560
    3      Cl      1.442250     0.000000    -0.905170
    4      Cl     -1.442250     0.000000    -0.905170
    5      Cl     -1.442250     0.000000     2.252000
    6      Cl      1.442250     0.000000     2.252000
 ----------------------------------------------------
 Nuclear Repulsion Energy =   496.1446596895 hartrees
 There are       41 alpha and       40 beta electrons
 Requested basis set is G3large
 There are 96 shells and 348 basis functions

Total QAlloc Memory Limit   2000 MB
Mega-Array Size       743 MB
MEM_STATIC part       760 MB

                       Distance Matrix (Angstroms)
             C (  1)   C (  2)   Cl(  3)   Cl(  4)   Cl(  5)
   C (  2)  1.338290
   Cl(  3)  1.705041  2.670651
   Cl(  4)  1.705041  2.670651  2.884500
   Cl(  5)  2.670651  1.705041  4.276454  3.157170
   Cl(  6)  2.670651  1.705041  3.157170  4.276454  2.884500
 
 A cutoff of  1.0D-08 yielded   3466 shell pairs
 There are  47748 function pairs ( 66451 Cartesian)
Evaluating contribution to one-electron hamiltonian from nuclear
 Smallest overlap matrix eigenvalue = 9.65E-06

 Q-Chem warning in module mkSTV.C, line 194:

 Overlap eigenvalue is smaller than square root of threshold

 Multipole matrices computed through 2nd order

  Scale SEOQF with 1.000000e-01/1.000000e-01/1.000000e-01

 Standard Electronic Orientation quadrupole field applied
 Nucleus-field energy     =    -0.0000000176 hartrees
 Guess from superposition of atomic densities
 Warning:  Energy on first SCF cycle will be non-variational
 Long-range K will be added via erf
 Coulomb attenuation parameter = 0.33 bohr**(-1)
 An unrestricted Kohn-Sham SCF calculation will be
 performed using Pulay DIIS extrapolation
 Exchange:  wPBE + LR-HF      Correlation:  PBE
 Using SG-1 standard quadrature grid
 SCF converges when DIIS error is below 1.0E-05
 Requested basis set is G3large
 There are 96 shells and 348 basis functions
 A cutoff of  1.0D-08 yielded   3466 shell pairs
 There are  47748 function pairs ( 66451 Cartesian)
 Warning!  Inaccurate integrated density:
   Number of electrons =    81
   Numerical integral  =    80.000162316382
   Relative error      =    -1.2343675106 %
 ---------------------------------------
  Cycle       Energy         DIIS Error
 ---------------------------------------
    1   -1917.7635674196      2.03E-02
    2   -1916.2969063197      1.54E-03
    3   -1916.3442893191      7.21E-04
    4   -1916.3498098864      1.46E-04
    5   -1916.3507998200      6.39E-05
    6   -1916.3509766011      3.93E-05
    7   -1916.3510356478      1.31E-05
    8   -1916.3510755798      4.55E-06 Convergence criterion met
 ---------------------------------------
 One-Electron    Energy = -3648.3617312844
 Total Coulomb   Energy =  1359.3646543597
 Alpha Exchange  Energy =    -7.1443147193
 Beta  Exchange  Energy =    -6.9767327398
 DFT   Exchange  Energy =  -106.2567349039
 DFT Correlation Energy =    -3.1208759640
 Nuclear Repu.   Energy =   496.1446596719
 Nuclear Attr.   Energy = -5562.4324377951
 Kinetic         Energy =  1914.0707065108
 <S^2> = 0.7554
 SCF time:  CPU 542.31 s  wall 545.98 s
 Final Alpha MO Eigenvalues
            1           2           3           4           5           6
    1-100.6806025-100.6806008-100.6805259-100.6805250  -9.9489812  -9.9484822
            7           8           9          10          11          12
    1  -9.2014515  -9.2014349  -9.2013809  -9.2013660  -7.0216901  -7.0216886
           13          14          15          16          17          18
    1  -7.0216330  -7.0216310  -7.0120496  -7.0120487  -7.0119936  -7.0119929
           19          20          21          22          23          24
    1  -7.0119080  -7.0119069  -7.0118522  -7.0118515  -0.8764303  -0.8281902
           25          26          27          28          29          30
    1  -0.7878211  -0.7630330  -0.6327262  -0.4853289  -0.4212782  -0.4210224
           31          32          33          34          35          36
    1  -0.3764457  -0.3449145  -0.3125576  -0.2771386  -0.2743740  -0.2732405
           37          38          39          40          41          42
    1  -0.2648532  -0.2612083  -0.2245738  -0.1663994   0.0040056   0.1844378
           43          44          45          46
    1   0.1927184   0.1931278   0.2034392   0.2447167
 Final Beta MO Eigenvalues
            1           2           3           4           5           6
    1-100.6805978-100.6805961-100.6805206-100.6805202  -9.9419475  -9.9413505
            7           8           9          10          11          12
    1  -9.2013772  -9.2013606  -9.2013064  -9.2012918  -7.0218692  -7.0218671
           13          14          15          16          17          18
    1  -7.0218119  -7.0218098  -7.0119248  -7.0119235  -7.0118689  -7.0118680
           19          20          21          22          23          24
    1  -7.0116428  -7.0116409  -7.0115859  -7.0115846  -0.8692837  -0.8227707
           25          26          27          28          29          30
    1  -0.7864240  -0.7617146  -0.6255822  -0.4706825  -0.4170001  -0.4154960
           31          32          33          34          35          36
    1  -0.3554217  -0.3416234  -0.2972673  -0.2763468  -0.2727096  -0.2690632
           37          38          39          40          41          42
    1  -0.2646186  -0.2539842  -0.2243152  -0.1268011   0.1855309   0.1938924
           43          44          45
    1   0.1941530   0.2040211   0.2452177
 Analysis of SCF Wavefunction
 
 --------------------------------------------------------------
                    Orbital Energies (a.u.)
 --------------------------------------------------------------
 
 Alpha MOs
 -- Occupied --
*******-100.681-100.681-100.681  -9.949  -9.948  -9.201  -9.201
 -9.201  -9.201  -7.022  -7.022  -7.022  -7.022  -7.012  -7.012
 -7.012  -7.012  -7.012  -7.012  -7.012  -7.012  -0.876  -0.828
 -0.788  -0.763  -0.633  -0.485  -0.421  -0.421  -0.376  -0.345
 -0.313  -0.277  -0.274  -0.273  -0.265  -0.261  -0.225  -0.166
  0.004
 -- Virtual --
  0.184   0.193   0.193   0.203   0.245   0.249   0.256   0.258
  0.265   0.266   0.269   0.293   0.296   0.300   0.310   0.321
  0.326   0.328   0.348   0.350   0.358   0.361   0.391   0.399
  0.407   0.411   0.421   0.449   0.460   0.469   0.502   0.519
  0.526   0.544   0.552   0.583   0.584   0.601   0.603   0.614
  0.614   0.650   0.655   0.670   0.685   0.695   0.705   0.706
  0.717   0.722   0.741   0.746   0.771   0.789   0.790   0.806
  0.826   0.859   0.861   0.868   0.910   0.926   0.979   1.014
  1.016   1.021   1.043   1.061   1.086   1.108   1.148   1.181
  1.193   1.227   1.228   1.258   1.263   1.273   1.281   1.292
  1.303   1.312   1.331   1.337   1.339   1.350   1.362   1.363
  1.368   1.384   1.386   1.391   1.398   1.399   1.403   1.429
  1.445   1.449   1.475   1.498   1.509   1.520   1.539   1.546
  1.578   1.643   1.647   1.662   1.674   1.681   1.713   1.736
  1.769   1.808   1.835   1.840   1.862   1.879   1.922   1.922
  1.930   1.936   1.941   2.019   2.034   2.041   2.084   2.095
  2.114   2.291   2.380   2.396   2.409   2.460   2.476   2.544
  2.564   2.570   2.651   2.708   2.767   2.840   2.851   2.996
  3.100   3.108   3.130   3.266   3.266   3.364   3.373   3.421
  3.542   3.543   3.548   3.612   3.683   3.697   3.722   3.755
  3.755   3.839   3.862   3.884   3.912   4.007   4.162   4.227
  4.230   4.530   4.534   4.560   4.565   4.568   4.580   4.590
  4.593   4.595   4.645   4.655   4.655   4.657   4.684   4.687
  4.708   4.711   4.715   4.721   4.741   4.770   4.809   4.815
  4.829   4.829   4.873   4.880   4.881   4.959   4.996   5.170
  5.231   5.256   5.275   5.292   5.299   5.315   5.329   5.380
  5.394   5.415   5.438   5.480   5.515   5.543   5.555   5.696
  5.776   5.914   6.067   6.340   6.350   9.977  10.107  10.153
 10.288  20.703  20.711  20.725  20.752  20.757  20.785  20.792
 20.842  20.952  21.037  21.085  21.114  23.791  24.660  27.238
 27.242  27.277  27.283  27.289  27.293  27.299  27.309  27.313
 27.326  27.332  27.342  27.344  27.366  27.370  27.377  27.378
 27.455  27.464  27.495  27.514  27.641  28.348  28.354  28.448
 28.565  36.940  36.941  36.942  36.943  36.943  36.944  36.944
 36.947  36.952  36.952  36.953  36.954  36.955  36.955  36.956
 36.957  36.957  36.960  36.961  36.964  36.966  36.973  36.975
 36.975  36.979  36.980  36.985  36.993  40.953  41.009  41.049
 41.241  41.242  41.289  41.323  41.338  41.371  41.411 215.858
215.999 216.036 216.210
 
 Beta MOs
 -- Occupied --
*******-100.681-100.681-100.681  -9.942  -9.941  -9.201  -9.201
 -9.201  -9.201  -7.022  -7.022  -7.022  -7.022  -7.012  -7.012
 -7.012  -7.012  -7.012  -7.012  -7.012  -7.012  -0.869  -0.823
 -0.786  -0.762  -0.626  -0.471  -0.417  -0.415  -0.355  -0.342
 -0.297  -0.276  -0.273  -0.269  -0.265  -0.254  -0.224  -0.127
 -- Virtual --
  0.186   0.194   0.194   0.204   0.245   0.249   0.250   0.259
  0.260   0.266   0.269   0.284   0.294   0.297   0.301   0.316
  0.323   0.326   0.336   0.349   0.350   0.363   0.369   0.391
  0.400   0.408   0.413   0.423   0.452   0.464   0.474   0.506
  0.520   0.528   0.545   0.555   0.589   0.594   0.603   0.604
  0.617   0.624   0.652   0.655   0.672   0.699   0.703   0.707
  0.709   0.717   0.722   0.743   0.751   0.785   0.791   0.795
  0.809   0.831   0.860   0.865   0.882   0.917   0.933   0.979
  1.018   1.019   1.035   1.059   1.079   1.092   1.116   1.153
  1.187   1.195   1.229   1.236   1.265   1.267   1.277   1.284
  1.293   1.305   1.314   1.332   1.338   1.340   1.352   1.364
  1.365   1.369   1.386   1.386   1.396   1.398   1.402   1.404
  1.430   1.446   1.455   1.476   1.500   1.513   1.527   1.541
  1.549   1.581   1.646   1.647   1.666   1.676   1.686   1.715
  1.746   1.770   1.812   1.842   1.844   1.873   1.888   1.926
  1.933   1.934   1.937   1.953   2.028   2.037   2.044   2.087
  2.098   2.115   2.300   2.384   2.399   2.411   2.465   2.476
  2.549   2.565   2.573   2.655   2.713   2.770   2.843   2.853
  3.033   3.123   3.140   3.148   3.283   3.291   3.385   3.390
  3.444   3.544   3.556   3.564   3.636   3.701   3.715   3.755
  3.760   3.780   3.863   3.879   3.899   3.946   4.035   4.168
  4.237   4.252   4.533   4.537   4.562   4.566   4.570   4.582
  4.591   4.595   4.597   4.646   4.658   4.658   4.659   4.685
  4.688   4.709   4.714   4.715   4.723   4.744   4.771   4.813
  4.817   4.829   4.829   4.873   4.882   4.903   4.961   4.998
  5.171   5.232   5.257   5.275   5.293   5.299   5.316   5.333
  5.382   5.396   5.415   5.441   5.482   5.518   5.544   5.556
  5.698   5.777   5.915   6.068   6.342   6.353   9.978  10.107
 10.154  10.288  20.703  20.712  20.726  20.752  20.758  20.785
 20.792  20.842  20.951  21.037  21.085  21.113  23.799  24.668
 27.239  27.242  27.281  27.283  27.289  27.295  27.299  27.309
 27.313  27.326  27.332  27.342  27.345  27.366  27.370  27.377
 27.377  27.455  27.478  27.495  27.514  27.661  28.352  28.359
 28.453  28.570  36.940  36.941  36.942  36.943  36.943  36.944
 36.944  36.947  36.952  36.953  36.953  36.954  36.955  36.956
 36.956  36.957  36.957  36.961  36.961  36.964  36.967  36.973
 36.975  36.975  36.979  36.980  36.985  36.993  40.967  41.017
 41.065  41.254  41.256  41.304  41.326  41.352  41.376  41.414
215.858 215.999 216.036 216.210
 --------------------------------------------------------------
 
          Ground-State Mulliken Net Atomic Charges

     Atom                 Charge (a.u.)    Spin (a.u.)
  --------------------------------------------------------
      1 C                     0.525209       0.408975
      2 C                     0.525511       0.408979
      3 Cl                   -0.512780       0.045388
      4 Cl                   -0.512483       0.045639
      5 Cl                   -0.512873       0.045381
      6 Cl                   -0.512585       0.045638
  --------------------------------------------------------
  Sum of atomic charges =    -1.000000
  Sum of spin   charges =     1.000000

 -----------------------------------------------------------------
                    Cartesian Multipole Moments
 -----------------------------------------------------------------
    Charge (ESU x 10^10)
                -4.8032
    Dipole Moment (Debye)
         X       0.0000      Y       0.0000      Z      -3.2345
       Tot       3.2345
    Quadrupole Moments (Debye-Ang)
        XX     -74.2120     XY       0.0168     YY     -66.8134
        XZ       0.0004     YZ      -0.0057     ZZ     -80.3862
    Octapole Moments (Debye-Ang^2)
       XXX       0.0000    XXY       0.0000    XYY       0.0000
       YYY       0.0000    XXZ     -49.9755    XYZ       0.0113
       YYZ     -44.9931    XZZ       0.0006    YZZ      -0.0076
       ZZZ    -159.4661
    Hexadecapole Moments (Debye-Ang^3)
      XXXX    -748.5277   XXXY       0.1637   XXYY    -147.4665
      XYYY       0.0666   YYYY     -84.3805   XXXZ       0.0007
      XXYZ      -0.0660   XYYZ      -0.0007   YYYZ      -0.0215
      XXZZ    -322.1628   XYZZ       0.1424   YYZZ    -205.4537
      XZZZ       0.0007   YZZZ      -0.0525   ZZZZ   -1170.7442
 -----------------------------------------------------------------
 Total job time:  546.65s(wall), 542.91s(cpu) 
 Sun Mar 23 18:21:40 2014

        *************************************************************
        *                                                           *
        *  Thank you very much for using Q-Chem.  Have a nice day.  *
        *                                                           *
        *************************************************************


0 sent ACK to 0 
now end server 0 ... 
 
**********************************************************************
Job 2 of 3 
**********************************************************************
 
Process 0 of 1 is on cl136 - thread support 1
initial socket setup ...start
initial socket setup ...done 
now start server 0 ... 

cmd = /usr/bin/ssh clhead /usr/local/qchem/bin/get_hostid 932650081 > /tmp/1602362.1.medium.q/qchem17334/lic.dat

cmd = /usr/bin/ssh clhead /usr/local/qchem/bin/get_hostid 932650081 > /tmp/1602362.1.medium.q/qchem17334/lic.dat

cmd = /usr/bin/ssh clhead /usr/local/qchem/bin/get_hostid 932650081 > /tmp/1602362.1.medium.q/qchem17334/lic.dat

cmd = /usr/bin/ssh clhead /usr/local/qchem/bin/get_hostid 932650081 > /tmp/1602362.1.medium.q/qchem17334/lic.dat

cmd = /usr/bin/ssh clhead /usr/local/qchem/bin/get_hostid 932650081 > /tmp/1602362.1.medium.q/qchem17334/lic.dat
                  Welcome to Q-Chem
     A Quantum Leap Into The Future Of Chemistry

 Y. Shao, L. Fusti-Molnar, Y. Jung, J. Kussmann, C. Ochsenfeld,
 S. T. Brown, A. T. B. Gilbert, L. V. Slipchenko,S. V. Levchenko,
 D. P. O'Neill, R. A. DiStasio Jr., R. C. Lochan, T. Wang,
 G. J. O. Beran, N. A. Besley, J. M. Herbert, C. Y. Lin,
 T. Van Voorhis, S. H. Chien, A. Sodt, R. P. Steele, 
 V. A. Rassolov, P. E. Maslen, P. P. Korambath, R. D. Adamson,
 B. Austin, J. Baker, E. F. C. Byrd, H. Dachsel, R. J. Doerksen,
 A. Dreuw, B. D. Dunietz, A. D. Dutoi, T. R. Furlani,
 S. R. Gwaltney, A. Heyden, S. Hirata, C.-P. Hsu, G. Kedziora,
 R. Z. Khaliullin, P. Klunzinger, A. M. Lee, M. S. Lee, W. Liang,
 I. Lotan, N. Nair, B. Peters, E. I. Proynov, P. A. Pieniazek, 
 Y. M. Rhee, J. Ritchie, E. Rosta, C. D. Sherrill, 
 A. C. Simmonett, J. E. Subotnik, H. L. Woodcock III,
 W. Zhang, A. T. Bell, A. K. Chakraborty, D. M. Chipman,
 F. J. Keil, A. Warshel, W. J. Hehre, H. F. Schaefer III,
 J. Kong, A. I. Krylov, P. M. W. Gill, M. Head-Gordon,
 Q-Chem, Version 3.1, Q-Chem, Inc., Pittsburgh, PA (2007).

 Additional authors for Version 3.1: 
 Z. Gan, Y. Zhao, N. E. Schultz, D. Truhlar, E. Epifanovsky and M. Oana.

 Additional authors for Version 3.2: 
 R. Baer, B. R. Brooks, D. Casanova, J.-D. Chai, C.-L. Cheng, 
 C. Cramer, D. Crittenden, A. Ghysels, G. Hawkins, E. G. Hohenstein, 
 C. Kelley, W. Kurlancheek, D. Liotard, E. Livshits, P. Manohar, 
 A. Marenich, D. Neuhauser, R. Olson, M. A. Rohrdanz, K. S. Thanthiriwatte, 
 A. J. W. Thom, V. Vanovschi, C. F. Williams, Q. Wu and Z.-Q. You. 


 Intel X86 Linux Version

 Q-chem begins on Sun Mar 23 18:21:47 2014  

 Parallel job on  1  processors
Processing $rem in /usr/local/qchem/config/preferences.

theFileMan(): MAXOPENFILES=974 MAX_SUB_FILE_NUM=16
Maximum size of a physical file is 2.0 GB, maximum size of a tmp-file is 32.0 GB


--------------------------------------------------------------
User input:
--------------------------------------------------------------

$molecule
0,1
C          0.00000        0.00000        0.00427
C          0.00000        0.00000        1.34256
Cl         1.44225        0.00000       -0.90517
Cl        -1.44225        0.00000       -0.90517
Cl        -1.44225        0.00000        2.25200
Cl         1.44225        0.00000        2.25200
$end

$comment
neutral
$end

$xc_functional
C PBE   1.00
X wPBE  1.00
$end


$rem
SYMMETRY_DECOMPOSITION	0
LRC_DFT                 true
exchange 		general
BASIS                   g3large
omega			330
mem_static              760
max_scf_cycles          200
scf_final_print         1
sym_ignore              true
$end

--------------------------------------------------------------
 Writing REM_CC_EA            6
 ----------------------------------------------------
       Standard Nuclear Orientation (Angstroms)
    I     Atom         X            Y            Z
 ----------------------------------------------------
    1      C       0.000000     0.000000     0.004270
    2      C       0.000000     0.000000     1.342560
    3      Cl      1.442250     0.000000    -0.905170
    4      Cl     -1.442250     0.000000    -0.905170
    5      Cl     -1.442250     0.000000     2.252000
    6      Cl      1.442250     0.000000     2.252000
 ----------------------------------------------------
 Nuclear Repulsion Energy =   496.1446596895 hartrees
 There are       40 alpha and       40 beta electrons
 Requested basis set is G3large
 There are 96 shells and 348 basis functions

Total QAlloc Memory Limit   2000 MB
Mega-Array Size       743 MB
MEM_STATIC part       760 MB

                       Distance Matrix (Angstroms)
             C (  1)   C (  2)   Cl(  3)   Cl(  4)   Cl(  5)
   C (  2)  1.338290
   Cl(  3)  1.705041  2.670651
   Cl(  4)  1.705041  2.670651  2.884500
   Cl(  5)  2.670651  1.705041  4.276454  3.157170
   Cl(  6)  2.670651  1.705041  3.157170  4.276454  2.884500
 
 A cutoff of  1.0D-08 yielded   3466 shell pairs
 There are  47748 function pairs ( 66451 Cartesian)
Evaluating contribution to one-electron hamiltonian from nuclear
 Smallest overlap matrix eigenvalue = 9.65E-06

 Q-Chem warning in module mkSTV.C, line 194:

 Overlap eigenvalue is smaller than square root of threshold

 Multipole matrices computed through 2nd order

  Scale SEOQF with 1.000000e-01/1.000000e-01/1.000000e-01

 Standard Electronic Orientation quadrupole field applied
 Nucleus-field energy     =    -0.0000000176 hartrees
 Guess from superposition of atomic densities
 Warning:  Energy on first SCF cycle will be non-variational
 Long-range K will be added via erf
 Coulomb attenuation parameter = 0.33 bohr**(-1)
 A restricted Kohn-Sham SCF calculation will be
 performed using Pulay DIIS extrapolation
 Exchange:  wPBE + LR-HF      Correlation:  PBE
 Using SG-1 standard quadrature grid
 SCF converges when DIIS error is below 1.0E-05
 Requested basis set is G3large
 There are 96 shells and 348 basis functions
 A cutoff of  1.0D-08 yielded   3466 shell pairs
 There are  47748 function pairs ( 66451 Cartesian)
 ---------------------------------------
  Cycle       Energy         DIIS Error
 ---------------------------------------
    1   -1917.7635674196      2.03E-02
    2   -1916.2882905130      2.14E-03
    3   -1916.2927976808      2.42E-03
    4   -1916.3655314750      2.66E-04
    5   -1916.3671385372      1.05E-04
    6   -1916.3674387906      2.64E-05
    7   -1916.3674664271      7.28E-06 Convergence criterion met
 ---------------------------------------
 One-Electron    Energy = -3632.2671235688
 Total Coulomb   Energy =  1342.9291723521
 Alpha Exchange  Energy =    -6.9864547131
 Beta  Exchange  Energy =    -6.9864547131
 DFT   Exchange  Energy =  -106.1125927062
 DFT Correlation Energy =    -3.0886727500
 Nuclear Repu.   Energy =   496.1446596719
 Nuclear Attr.   Energy = -5546.0024434715
 Kinetic         Energy =  1913.7353199027
 SCF time:  CPU 389.46 s  wall 391.66 s
 Final Alpha MO Eigenvalues
            1           2           3           4           5           6
    1-100.8774895-100.8774892-100.8773544-100.8773542 -10.2092092 -10.2086101
            7           8           9          10          11          12
    1  -9.3988833  -9.3988712  -9.3987789  -9.3987695  -7.2202189  -7.2202171
           13          14          15          16          17          18
    1  -7.2201235  -7.2201214  -7.2092373  -7.2092360  -7.2091407  -7.2091395
           19          20          21          22          23          24
    1  -7.2083485  -7.2083477  -7.2082516  -7.2082510  -1.0882234  -1.0316596
           25          26          27          28          29          30
    1  -0.9884270  -0.9613544  -0.8494869  -0.6827676  -0.6287528  -0.6255916
           31          32          33          34          35          36
    1  -0.5793686  -0.5457549  -0.5000786  -0.4729164  -0.4643239  -0.4627454
           37          38          39          40          41          42
    1  -0.4555660  -0.4470939  -0.4148896  -0.3530502   0.0293154   0.0520920
           43          44          45
    1   0.0523058   0.0610517   0.0782513
 Analysis of SCF Wavefunction
 
 --------------------------------------------------------------
                    Orbital Energies (a.u.)
 --------------------------------------------------------------
 
 Alpha MOs
 -- Occupied --
*******-100.877-100.877-100.877 -10.209 -10.209  -9.399  -9.399
 -9.399  -9.399  -7.220  -7.220  -7.220  -7.220  -7.209  -7.209
 -7.209  -7.209  -7.208  -7.208  -7.208  -7.208  -1.088  -1.032
 -0.988  -0.961  -0.849  -0.683  -0.629  -0.626  -0.579  -0.546
 -0.500  -0.473  -0.464  -0.463  -0.456  -0.447  -0.415  -0.353
 -- Virtual --
  0.029   0.052   0.052   0.061   0.078   0.091   0.094   0.096
  0.109   0.123   0.137   0.138   0.149   0.164   0.165   0.169
  0.181   0.183   0.198   0.200   0.206   0.210   0.227   0.243
  0.251   0.268   0.269   0.269   0.269   0.286   0.299   0.325
  0.342   0.354   0.364   0.376   0.408   0.411   0.429   0.433
  0.435   0.436   0.474   0.482   0.509   0.515   0.525   0.535
  0.540   0.554   0.556   0.572   0.574   0.595   0.624   0.637
  0.638   0.654   0.674   0.675   0.684   0.712   0.730   0.805
  0.818   0.824   0.837   0.860   0.869   0.887   0.920   0.968
  0.991   1.003   1.041   1.043   1.071   1.075   1.087   1.093
  1.107   1.118   1.128   1.146   1.154   1.155   1.162   1.180
  1.180   1.184   1.199   1.200   1.208   1.212   1.215   1.222
  1.244   1.258   1.262   1.281   1.310   1.323   1.326   1.357
  1.360   1.389   1.454   1.465   1.475   1.492   1.493   1.531
  1.545   1.591   1.618   1.639   1.651   1.672   1.689   1.725
  1.731   1.741   1.753   1.754   1.831   1.834   1.848   1.895
  1.909   1.922   2.094   2.187   2.207   2.218   2.272   2.288
  2.355   2.365   2.381   2.454   2.518   2.562   2.646   2.659
  2.771   2.877   2.884   2.902   3.046   3.049   3.147   3.154
  3.201   3.322   3.324   3.326   3.395   3.459   3.479   3.506
  3.537   3.540   3.619   3.637   3.665   3.687   3.787   3.939
  4.010   4.010   4.318   4.324   4.366   4.371   4.371   4.385
  4.395   4.400   4.402   4.448   4.452   4.458   4.462   4.488
  4.489   4.509   4.516   4.520   4.524   4.540   4.572   4.611
  4.618   4.630   4.633   4.659   4.675   4.683   4.753   4.792
  4.964   5.036   5.061   5.080   5.097   5.104   5.115   5.121
  5.181   5.195   5.219   5.236   5.281   5.314   5.344   5.357
  5.491   5.573   5.712   5.863   6.137   6.145   9.782   9.911
  9.958  10.092  20.506  20.515  20.529  20.556  20.561  20.589
 20.597  20.646  20.754  20.839  20.887  20.916  23.535  24.404
 27.042  27.045  27.060  27.086  27.092  27.094  27.101  27.102
 27.116  27.129  27.135  27.143  27.144  27.169  27.170  27.179
 27.179  27.231  27.253  27.288  27.305  27.388  28.093  28.110
 28.202  28.316  36.743  36.744  36.745  36.746  36.746  36.746
 36.747  36.750  36.755  36.756  36.756  36.757  36.758  36.758
 36.758  36.759  36.760  36.762  36.764  36.766  36.769  36.775
 36.777  36.777  36.781  36.782  36.787  36.795  40.695  40.749
 40.791  40.982  40.984  41.031  41.063  41.079  41.111  41.151
215.661 215.802 215.839 216.014
 --------------------------------------------------------------
 
          Ground-State Mulliken Net Atomic Charges

     Atom                 Charge (a.u.)
  ----------------------------------------
      1 C                     0.638152
      2 C                     0.637942
      3 Cl                   -0.319154
      4 Cl                   -0.318910
      5 Cl                   -0.319185
      6 Cl                   -0.318845
  ----------------------------------------
  Sum of atomic charges =     0.000000

 -----------------------------------------------------------------
                    Cartesian Multipole Moments
 -----------------------------------------------------------------
    Charge (ESU x 10^10)
                 0.0000
    Dipole Moment (Debye)
         X       0.0000      Y       0.0000      Z       0.0000
       Tot       0.0000
    Quadrupole Moments (Debye-Ang)
        XX     -58.2823     XY       0.0018     YY     -61.1316
        XZ      -0.0015     YZ      -0.0008     ZZ     -60.2363
    Octapole Moments (Debye-Ang^2)
       XXX       0.0001    XXY       0.0000    XYY       0.0000
       YYY       0.0000    XXZ     -39.2480    XYZ       0.0012
       YYZ     -41.1670    XZZ      -0.0020    YZZ      -0.0011
       ZZZ    -121.6921
    Hexadecapole Moments (Debye-Ang^3)
      XXXX    -643.1430   XXXY       0.0025   XXYY    -128.1608
      XYYY       0.0029   YYYY     -68.2645   XXXZ      -0.0055
      XXYZ      -0.0064   XYYZ       0.0002   YYYZ      -0.0013
      XXZZ    -247.8580   XYZZ       0.0137   YYZZ    -181.5485
      XZZZ      -0.0041   YZZZ      -0.0077   ZZZZ    -995.8809
 -----------------------------------------------------------------
 Total job time:  392.28s(wall), 390.02s(cpu) 
 Sun Mar 23 18:28:20 2014

        *************************************************************
        *                                                           *
        *  Thank you very much for using Q-Chem.  Have a nice day.  *
        *                                                           *
        *************************************************************


0 sent ACK to 0 
now end server 0 ... 
 
**********************************************************************
Job 3 of 3 
**********************************************************************
 
Process 0 of 1 is on cl136 - thread support 1
initial socket setup ...start
initial socket setup ...done 
now start server 0 ... 

cmd = /usr/bin/ssh clhead /usr/local/qchem/bin/get_hostid 613481112 > /tmp/1602362.1.medium.q/qchem17334/lic.dat

cmd = /usr/bin/ssh clhead /usr/local/qchem/bin/get_hostid 613481112 > /tmp/1602362.1.medium.q/qchem17334/lic.dat

cmd = /usr/bin/ssh clhead /usr/local/qchem/bin/get_hostid 613481112 > /tmp/1602362.1.medium.q/qchem17334/lic.dat

cmd = /usr/bin/ssh clhead /usr/local/qchem/bin/get_hostid 613481112 > /tmp/1602362.1.medium.q/qchem17334/lic.dat

cmd = /usr/bin/ssh clhead /usr/local/qchem/bin/get_hostid 613481112 > /tmp/1602362.1.medium.q/qchem17334/lic.dat
                  Welcome to Q-Chem
     A Quantum Leap Into The Future Of Chemistry

 Y. Shao, L. Fusti-Molnar, Y. Jung, J. Kussmann, C. Ochsenfeld,
 S. T. Brown, A. T. B. Gilbert, L. V. Slipchenko,S. V. Levchenko,
 D. P. O'Neill, R. A. DiStasio Jr., R. C. Lochan, T. Wang,
 G. J. O. Beran, N. A. Besley, J. M. Herbert, C. Y. Lin,
 T. Van Voorhis, S. H. Chien, A. Sodt, R. P. Steele, 
 V. A. Rassolov, P. E. Maslen, P. P. Korambath, R. D. Adamson,
 B. Austin, J. Baker, E. F. C. Byrd, H. Dachsel, R. J. Doerksen,
 A. Dreuw, B. D. Dunietz, A. D. Dutoi, T. R. Furlani,
 S. R. Gwaltney, A. Heyden, S. Hirata, C.-P. Hsu, G. Kedziora,
 R. Z. Khaliullin, P. Klunzinger, A. M. Lee, M. S. Lee, W. Liang,
 I. Lotan, N. Nair, B. Peters, E. I. Proynov, P. A. Pieniazek, 
 Y. M. Rhee, J. Ritchie, E. Rosta, C. D. Sherrill, 
 A. C. Simmonett, J. E. Subotnik, H. L. Woodcock III,
 W. Zhang, A. T. Bell, A. K. Chakraborty, D. M. Chipman,
 F. J. Keil, A. Warshel, W. J. Hehre, H. F. Schaefer III,
 J. Kong, A. I. Krylov, P. M. W. Gill, M. Head-Gordon,
 Q-Chem, Version 3.1, Q-Chem, Inc., Pittsburgh, PA (2007).

 Additional authors for Version 3.1: 
 Z. Gan, Y. Zhao, N. E. Schultz, D. Truhlar, E. Epifanovsky and M. Oana.

 Additional authors for Version 3.2: 
 R. Baer, B. R. Brooks, D. Casanova, J.-D. Chai, C.-L. Cheng, 
 C. Cramer, D. Crittenden, A. Ghysels, G. Hawkins, E. G. Hohenstein, 
 C. Kelley, W. Kurlancheek, D. Liotard, E. Livshits, P. Manohar, 
 A. Marenich, D. Neuhauser, R. Olson, M. A. Rohrdanz, K. S. Thanthiriwatte, 
 A. J. W. Thom, V. Vanovschi, C. F. Williams, Q. Wu and Z.-Q. You. 


 Intel X86 Linux Version

 Q-chem begins on Sun Mar 23 18:28:24 2014  

 Parallel job on  1  processors
Processing $rem in /usr/local/qchem/config/preferences.

theFileMan(): MAXOPENFILES=974 MAX_SUB_FILE_NUM=16
Maximum size of a physical file is 2.0 GB, maximum size of a tmp-file is 32.0 GB


--------------------------------------------------------------
User input:
--------------------------------------------------------------

$molecule
1,2
C          0.00000        0.00000        0.00427
C          0.00000        0.00000        1.34256
Cl         1.44225        0.00000       -0.90517
Cl        -1.44225        0.00000       -0.90517
Cl        -1.44225        0.00000        2.25200
Cl         1.44225        0.00000        2.25200
$end

$comment
positive
$end

$xc_functional
C PBE   1.00
X wPBE  1.00
$end

$rem
SYMMETRY_DECOMPOSITION	0
LRC_DFT                 true
exchange 		general
BASIS                   g3large
omega			330
mem_static              760
max_scf_cycles          200
scf_final_print         1
sym_ignore              true
$end

--------------------------------------------------------------
 Writing REM_CC_EA            6
 ----------------------------------------------------
       Standard Nuclear Orientation (Angstroms)
    I     Atom         X            Y            Z
 ----------------------------------------------------
    1      C       0.000000     0.000000     0.004270
    2      C       0.000000     0.000000     1.342560
    3      Cl      1.442250     0.000000    -0.905170
    4      Cl     -1.442250     0.000000    -0.905170
    5      Cl     -1.442250     0.000000     2.252000
    6      Cl      1.442250     0.000000     2.252000
 ----------------------------------------------------
 Nuclear Repulsion Energy =   496.1446596895 hartrees
 There are       40 alpha and       39 beta electrons
 Requested basis set is G3large
 There are 96 shells and 348 basis functions

Total QAlloc Memory Limit   2000 MB
Mega-Array Size       743 MB
MEM_STATIC part       760 MB

                       Distance Matrix (Angstroms)
             C (  1)   C (  2)   Cl(  3)   Cl(  4)   Cl(  5)
   C (  2)  1.338290
   Cl(  3)  1.705041  2.670651
   Cl(  4)  1.705041  2.670651  2.884500
   Cl(  5)  2.670651  1.705041  4.276454  3.157170
   Cl(  6)  2.670651  1.705041  3.157170  4.276454  2.884500
 
 A cutoff of  1.0D-08 yielded   3466 shell pairs
 There are  47748 function pairs ( 66451 Cartesian)
Evaluating contribution to one-electron hamiltonian from nuclear
 Smallest overlap matrix eigenvalue = 9.65E-06

 Q-Chem warning in module mkSTV.C, line 194:

 Overlap eigenvalue is smaller than square root of threshold

 Multipole matrices computed through 2nd order

  Scale SEOQF with 1.000000e-01/1.000000e-01/1.000000e-01

 Standard Electronic Orientation quadrupole field applied
 Nucleus-field energy     =    -0.0000000176 hartrees
 Guess from superposition of atomic densities
 Warning:  Energy on first SCF cycle will be non-variational
 Long-range K will be added via erf
 Coulomb attenuation parameter = 0.33 bohr**(-1)
 An unrestricted Kohn-Sham SCF calculation will be
 performed using Pulay DIIS extrapolation
 Exchange:  wPBE + LR-HF      Correlation:  PBE
 Using SG-1 standard quadrature grid
 SCF converges when DIIS error is below 1.0E-05
 Requested basis set is G3large
 There are 96 shells and 348 basis functions
 A cutoff of  1.0D-08 yielded   3466 shell pairs
 There are  47748 function pairs ( 66451 Cartesian)
 Warning!  Inaccurate integrated density:
   Number of electrons =    79
   Numerical integral  =    80.000162316382
   Relative error      =     1.2660282486 %
 ---------------------------------------
  Cycle       Energy         DIIS Error
 ---------------------------------------
    1   -1917.7635674196      2.03E-02
    2   -1915.8286538200      3.20E-03
    3   -1915.7127408649      4.80E-03
    4   -1916.0170098303      3.79E-04
    5   -1916.0197623117      1.52E-04
    6   -1916.0204956813      4.14E-05
    7   -1916.0207155355      1.47E-05
    8   -1916.0207674345      7.16E-06 Convergence criterion met
 ---------------------------------------
 One-Electron    Energy = -3615.1265414589
 Total Coulomb   Energy =  1325.7711257032
 Alpha Exchange  Energy =    -6.9964452477
 Beta  Exchange  Energy =    -6.8150038739
 DFT   Exchange  Energy =  -105.9483889362
 DFT Correlation Energy =    -3.0501732930
 Nuclear Repu.   Energy =   496.1446596719
 Nuclear Attr.   Energy = -5528.4227582709
 Kinetic         Energy =  1913.2962168119
 <S^2> = 0.7547
 SCF time:  CPU 550.44 s  wall 555.01 s
 Final Alpha MO Eigenvalues
            1           2           3           4           5           6
    1-101.0944362-101.0944360-101.0941586-101.0941575 -10.4606916 -10.4600819
            7           8           9          10          11          12
    1  -9.6139189  -9.6139119  -9.6137037  -9.6137001  -7.4353102  -7.4353081
           13          14          15          16          17          18
    1  -7.4350957  -7.4350935  -7.4266489  -7.4266477  -7.4264286  -7.4264273
           19          20          21          22          23          24
    1  -7.4221168  -7.4221161  -7.4219051  -7.4219039  -1.3144359  -1.2446682
           25          26          27          28          29          30
    1  -1.2003848  -1.1715945  -1.0864741  -0.8953225  -0.8437918  -0.8414686
           31          32          33          34          35          36
    1  -0.8124292  -0.7552674  -0.7133615  -0.6790813  -0.6712134  -0.6662163
           37          38          39          40          41          42
    1  -0.6567055  -0.6556527  -0.6167877  -0.5824228  -0.2028588  -0.1493956
           43          44          45
    1  -0.1289865  -0.1281202  -0.0851736
 Final Beta MO Eigenvalues
            1           2           3           4           5           6
    1-101.0935784-101.0935782-101.0933037-101.0933026 -10.4562337 -10.4556962
            7           8           9          10          11          12
    1  -9.6131701  -9.6131633  -9.6129581  -9.6129512  -7.4349978  -7.4349959
           13          14          15          16          17          18
    1  -7.4347861  -7.4347838  -7.4241573  -7.4241564  -7.4239451  -7.4239430
           19          20          21          22          23          24
    1  -7.4216916  -7.4216909  -7.4214825  -7.4214807  -1.3051100  -1.2403735
           25          26          27          28          29          30
    1  -1.1959340  -1.1667880  -1.0686708  -0.8875007  -0.8395891  -0.8362255
           31          32          33          34          35          36
    1  -0.7765936  -0.7525730  -0.6932742  -0.6763652  -0.6642103  -0.6548790
           37          38          39          40          41          42
    1  -0.6435728  -0.6335326  -0.6146183  -0.3397818  -0.1600056  -0.1446327
           43          44
    1  -0.1223317  -0.1214718
 Analysis of SCF Wavefunction
 
 --------------------------------------------------------------
                    Orbital Energies (a.u.)
 --------------------------------------------------------------
 
 Alpha MOs
 -- Occupied --
*******-101.094-101.094-101.094 -10.461 -10.460  -9.614  -9.614
 -9.614  -9.614  -7.435  -7.435  -7.435  -7.435  -7.427  -7.427
 -7.426  -7.426  -7.422  -7.422  -7.422  -7.422  -1.314  -1.245
 -1.200  -1.172  -1.086  -0.895  -0.844  -0.841  -0.812  -0.755
 -0.713  -0.679  -0.671  -0.666  -0.657  -0.656  -0.617  -0.582
 -- Virtual --
 -0.203  -0.149  -0.129  -0.128  -0.085  -0.045  -0.041  -0.035
 -0.035  -0.019   0.001   0.001   0.002   0.024   0.028   0.030
  0.040   0.040   0.042   0.045   0.055   0.075   0.079   0.080
  0.088   0.090   0.094   0.113   0.114   0.131   0.163   0.165
  0.168   0.171   0.189   0.193   0.220   0.221   0.239   0.246
  0.250   0.259   0.290   0.304   0.324   0.340   0.340   0.358
  0.362   0.381   0.395   0.399   0.399   0.411   0.445   0.462
  0.463   0.472   0.488   0.503   0.505   0.508   0.532   0.614
  0.626   0.626   0.640   0.660   0.665   0.677   0.722   0.780
  0.792   0.807   0.847   0.849   0.873   0.875   0.891   0.892
  0.913   0.922   0.934   0.949   0.956   0.966   0.967   0.987
  0.988   0.989   1.004   1.007   1.014   1.019   1.020   1.028
  1.051   1.061   1.063   1.080   1.113   1.115   1.133   1.163
  1.168   1.188   1.256   1.275   1.279   1.293   1.302   1.341
  1.342   1.405   1.416   1.430   1.452   1.471   1.484   1.522
  1.526   1.552   1.556   1.561   1.626   1.630   1.646   1.699
  1.715   1.722   1.885   1.987   2.002   2.013   2.068   2.091
  2.150   2.158   2.182   2.250   2.318   2.351   2.445   2.459
  2.524   2.629   2.642   2.650   2.808   2.819   2.913   2.921
  2.968   3.095   3.097   3.098   3.161   3.210   3.257   3.274
  3.307   3.319   3.385   3.399   3.435   3.445   3.542   3.713
  3.771   3.788   4.097   4.104   4.153   4.156   4.159   4.173
  4.183   4.187   4.190   4.231   4.240   4.241   4.251   4.277
  4.278   4.298   4.303   4.311   4.311   4.322   4.363   4.396
  4.405   4.420   4.421   4.425   4.468   4.474   4.537   4.578
  4.749   4.824   4.849   4.870   4.885   4.888   4.892   4.910
  4.967   4.981   5.007   5.021   5.066   5.098   5.134   5.147
  5.277   5.359   5.497   5.648   5.923   5.929   9.570   9.699
  9.746   9.880  20.289  20.298  20.312  20.344  20.344  20.377
 20.384  20.433  20.539  20.624  20.673  20.701  23.287  24.153
 26.823  26.826  26.830  26.870  26.876  26.877  26.880  26.887
 26.901  26.914  26.921  26.928  26.928  26.951  26.955  26.962
 26.965  26.995  27.036  27.069  27.085  27.133  27.845  27.870
 27.961  28.074  36.528  36.528  36.530  36.531  36.531  36.531
 36.531  36.535  36.541  36.541  36.541  36.541  36.543  36.543
 36.543  36.544  36.546  36.546  36.550  36.551  36.554  36.561
 36.562  36.563  36.567  36.567  36.572  36.581  40.439  40.499
 40.535  40.726  40.729  40.776  40.815  40.824  40.861  40.903
215.445 215.586 215.623 215.797
 
 Beta MOs
 -- Occupied --
*******-101.094-101.093-101.093 -10.456 -10.456  -9.613  -9.613
 -9.613  -9.613  -7.435  -7.435  -7.435  -7.435  -7.424  -7.424
 -7.424  -7.424  -7.422  -7.422  -7.421  -7.421  -1.305  -1.240
 -1.196  -1.167  -1.069  -0.888  -0.840  -0.836  -0.777  -0.753
 -0.693  -0.676  -0.664  -0.655  -0.644  -0.634  -0.615
 -- Virtual --
 -0.340  -0.160  -0.145  -0.122  -0.121  -0.084  -0.045  -0.041
 -0.034  -0.034  -0.017   0.002   0.002   0.003   0.028   0.028
  0.030   0.040   0.043   0.044   0.046   0.056   0.078   0.079
  0.084   0.092   0.095   0.097   0.114   0.116   0.132   0.164
  0.166   0.172   0.173   0.190   0.198   0.227   0.227   0.251
  0.253   0.253   0.263   0.294   0.304   0.335   0.345   0.348
  0.363   0.364   0.382   0.396   0.401   0.404   0.417   0.449
  0.466   0.466   0.487   0.490   0.505   0.506   0.520   0.534
  0.622   0.627   0.629   0.644   0.670   0.672   0.689   0.726
  0.783   0.794   0.809   0.852   0.853   0.877   0.879   0.895
  0.897   0.917   0.927   0.937   0.954   0.960   0.969   0.971
  0.991   0.993   0.995   1.007   1.011   1.020   1.021   1.026
  1.034   1.055   1.065   1.066   1.084   1.117   1.122   1.136
  1.168   1.169   1.193   1.261   1.278   1.282   1.297   1.307
  1.343   1.351   1.406   1.425   1.437   1.455   1.479   1.492
  1.528   1.530   1.555   1.562   1.563   1.629   1.639   1.649
  1.702   1.718   1.725   1.893   1.989   2.010   2.021   2.076
  2.093   2.158   2.159   2.184   2.251   2.320   2.355   2.447
  2.461   2.551   2.657   2.661   2.671   2.827   2.830   2.930
  2.934   2.982   3.099   3.105   3.108   3.177   3.234   3.260
  3.289   3.319   3.322   3.401   3.414   3.446   3.467   3.563
  3.717   3.789   3.793   4.099   4.108   4.161   4.165   4.166
  4.179   4.190   4.196   4.197   4.237   4.248   4.251   4.257
  4.283   4.283   4.303   4.311   4.315   4.318   4.331   4.365
  4.404   4.412   4.423   4.428   4.438   4.469   4.475   4.540
  4.581   4.751   4.827   4.852   4.872   4.888   4.892   4.895
  4.912   4.970   4.984   5.010   5.024   5.069   5.102   5.134
  5.148   5.278   5.360   5.499   5.650   5.925   5.931   9.572
  9.701   9.748   9.882  20.293  20.302  20.316  20.344  20.348
 20.377  20.385  20.434  20.540  20.625  20.673  20.702  23.292
 24.158  26.828  26.831  26.832  26.872  26.878  26.879  26.881
 26.888  26.903  26.916  26.921  26.928  26.930  26.954  26.955
 26.964  26.965  27.002  27.037  27.070  27.086  27.146  27.848
 27.872  27.963  28.076  36.529  36.529  36.531  36.532  36.532
 36.532  36.532  36.535  36.541  36.542  36.542  36.542  36.543
 36.544  36.544  36.545  36.547  36.547  36.551  36.551  36.555
 36.561  36.562  36.563  36.567  36.567  36.573  36.581  40.449
 40.503  40.546  40.735  40.738  40.786  40.816  40.833  40.864
 40.904 215.446 215.587 215.624 215.798
 --------------------------------------------------------------
 
          Ground-State Mulliken Net Atomic Charges

     Atom                 Charge (a.u.)    Spin (a.u.)
  --------------------------------------------------------
      1 C                     0.703859       0.253710
      2 C                     0.703470       0.253631
      3 Cl                   -0.101424       0.123259
      4 Cl                   -0.102339       0.123071
      5 Cl                   -0.101312       0.123288
      6 Cl                   -0.102254       0.123042
  --------------------------------------------------------
  Sum of atomic charges =     1.000000
  Sum of spin   charges =     1.000000

 -----------------------------------------------------------------
                    Cartesian Multipole Moments
 -----------------------------------------------------------------
    Charge (ESU x 10^10)
                 4.8032
    Dipole Moment (Debye)
         X       0.0000      Y       0.0000      Z       3.2345
       Tot       3.2345
    Quadrupole Moments (Debye-Ang)
        XX     -43.6093     XY      -0.0080     YY     -56.3518
        XZ       0.0012     YZ      -0.0034     ZZ     -41.2629
    Octapole Moments (Debye-Ang^2)
       XXX       0.0000    XXY       0.0000    XYY       0.0000
       YYY       0.0000    XXZ     -29.3672    XYZ      -0.0054
       YYZ     -37.9482    XZZ       0.0015    YZZ      -0.0046
       ZZZ     -86.2948
    Hexadecapole Moments (Debye-Ang^3)
      XXXX    -562.5319   XXXY      -0.0675   XXYY    -114.4610
      XYYY      -0.0082   YYYY     -57.8833   XXXZ       0.0013
      XXYZ      -0.0014   XYYZ      -0.0030   YYYZ      -0.0032
      XXZZ    -186.6200   XYZZ       0.0067   YYZZ    -163.7974
      XZZZ       0.0008   YZZZ      -0.0357   ZZZZ    -844.8679
 -----------------------------------------------------------------
 Total job time:  555.64s(wall), 551.02s(cpu) 
 Sun Mar 23 18:37:39 2014

        *************************************************************
        *                                                           *
        *  Thank you very much for using Q-Chem.  Have a nice day.  *
        *                                                           *
        *************************************************************


0 sent ACK to 0 
now end server 0 ... 
