Process 0 of 1 is on cl134 - thread support 1
initial socket setup ...start
initial socket setup ...done 
now start server 0 ... 

cmd = /usr/bin/ssh clhead /usr/local/qchem/bin/get_hostid 557482847 > /tmp/1591952.1.medium.q/qchem5885/lic.dat

cmd = /usr/bin/ssh clhead /usr/local/qchem/bin/get_hostid 557482847 > /tmp/1591952.1.medium.q/qchem5885/lic.dat

cmd = /usr/bin/ssh clhead /usr/local/qchem/bin/get_hostid 557482847 > /tmp/1591952.1.medium.q/qchem5885/lic.dat

cmd = /usr/bin/ssh clhead /usr/local/qchem/bin/get_hostid 557482847 > /tmp/1591952.1.medium.q/qchem5885/lic.dat

cmd = /usr/bin/ssh clhead /usr/local/qchem/bin/get_hostid 557482847 > /tmp/1591952.1.medium.q/qchem5885/lic.dat
                  Welcome to Q-Chem
     A Quantum Leap Into The Future Of Chemistry

 Y. Shao, L. Fusti-Molnar, Y. Jung, J. Kussmann, C. Ochsenfeld,
 S. T. Brown, A. T. B. Gilbert, L. V. Slipchenko,S. V. Levchenko,
 D. P. O'Neill, R. A. DiStasio Jr., R. C. Lochan, T. Wang,
 G. J. O. Beran, N. A. Besley, J. M. Herbert, C. Y. Lin,
 T. Van Voorhis, S. H. Chien, A. Sodt, R. P. Steele, 
 V. A. Rassolov, P. E. Maslen, P. P. Korambath, R. D. Adamson,
 B. Austin, J. Baker, E. F. C. Byrd, H. Dachsel, R. J. Doerksen,
 A. Dreuw, B. D. Dunietz, A. D. Dutoi, T. R. Furlani,
 S. R. Gwaltney, A. Heyden, S. Hirata, C.-P. Hsu, G. Kedziora,
 R. Z. Khaliullin, P. Klunzinger, A. M. Lee, M. S. Lee, W. Liang,
 I. Lotan, N. Nair, B. Peters, E. I. Proynov, P. A. Pieniazek, 
 Y. M. Rhee, J. Ritchie, E. Rosta, C. D. Sherrill, 
 A. C. Simmonett, J. E. Subotnik, H. L. Woodcock III,
 W. Zhang, A. T. Bell, A. K. Chakraborty, D. M. Chipman,
 F. J. Keil, A. Warshel, W. J. Hehre, H. F. Schaefer III,
 J. Kong, A. I. Krylov, P. M. W. Gill, M. Head-Gordon,
 Q-Chem, Version 3.1, Q-Chem, Inc., Pittsburgh, PA (2007).

 Additional authors for Version 3.1: 
 Z. Gan, Y. Zhao, N. E. Schultz, D. Truhlar, E. Epifanovsky and M. Oana.

 Additional authors for Version 3.2: 
 R. Baer, B. R. Brooks, D. Casanova, J.-D. Chai, C.-L. Cheng, 
 C. Cramer, D. Crittenden, A. Ghysels, G. Hawkins, E. G. Hohenstein, 
 C. Kelley, W. Kurlancheek, D. Liotard, E. Livshits, P. Manohar, 
 A. Marenich, D. Neuhauser, R. Olson, M. A. Rohrdanz, K. S. Thanthiriwatte, 
 A. J. W. Thom, V. Vanovschi, C. F. Williams, Q. Wu and Z.-Q. You. 


 Intel X86 Linux Version

 Q-chem begins on Tue Mar 18 15:36:10 2014  

 Parallel job on  1  processors
Processing $rem in /usr/local/qchem/config/preferences.

theFileMan(): MAXOPENFILES=974 MAX_SUB_FILE_NUM=16
Maximum size of a physical file is 2.0 GB, maximum size of a tmp-file is 32.0 GB


--------------------------------------------------------------
User input:
--------------------------------------------------------------

$molecule
-1,2
C         -0.00010        0.00000        0.01845
Si        -0.00040        0.00000        1.87168
H          1.01354        0.00000       -0.36644
H         -0.50645       -0.87766       -0.36740
H         -0.50645        0.87766       -0.36740
H         -1.38115        0.00000        2.39343
H          0.69049       -1.19616        2.39178
H          0.69049        1.19616        2.39178
$end

$comment
negative
$end

$xc_functional
C PBE   1.00
X wPBE  1.00
$end

$rem
SYMMETRY_DECOMPOSITION	0
exchange 		general
LRC_DFT                 true
BASIS                   g3large
omega			100
mem_static              760
max_scf_cycles          200
scf_final_print         1
sym_ignore              true
$end

--------------------------------------------------------------
 Writing REM_CC_EA            8
 ----------------------------------------------------
       Standard Nuclear Orientation (Angstroms)
    I     Atom         X            Y            Z
 ----------------------------------------------------
    1      C      -0.000100     0.000000     0.018450
    2      Si     -0.000400     0.000000     1.871680
    3      H       1.013540     0.000000    -0.366440
    4      H      -0.506450    -0.877660    -0.367400
    5      H      -0.506450     0.877660    -0.367400
    6      H      -1.381150     0.000000     2.393430
    7      H       0.690490    -1.196160     2.391780
    8      H       0.690490     1.196160     2.391780
 ----------------------------------------------------
 Nuclear Repulsion Energy =    63.3930539500 hartrees
 There are       14 alpha and       13 beta electrons
 Requested basis set is G3large
 There are 65 shells and 168 basis functions

Total QAlloc Memory Limit   2000 MB
Mega-Array Size       743 MB
MEM_STATIC part       760 MB

                       Distance Matrix (Angstroms)
             C (  1)   Si(  2)   H (  3)   H (  4)   H (  5)   H (  6)
   Si(  2)  1.853230
   H (  3)  1.084254  2.457083
   H (  4)  1.084231  2.457611  1.755180
   H (  5)  1.084231  2.457611  1.755180  1.755320
   H (  6)  2.747331  1.476040  3.653960  3.026148  3.026148
   H (  7)  2.745980  1.476019  3.023729  3.024431  3.653282  2.392173
   H (  8)  2.745980  1.476019  3.023729  3.653282  3.024431  2.392173
             H (  7)
   H (  8)  2.392320
 
 A cutoff of  1.0D-08 yielded   2044 shell pairs
 There are  13820 function pairs ( 17231 Cartesian)
Evaluating contribution to one-electron hamiltonian from nuclear
 Smallest overlap matrix eigenvalue = 1.32E-04
 Multipole matrices computed through 2nd order

  Scale SEOQF with 1.000000e-01/1.000000e-01/1.000000e-01

 Standard Electronic Orientation quadrupole field applied
 Nucleus-field energy     =    -0.0000000067 hartrees
 Guess from superposition of atomic densities
 Warning:  Energy on first SCF cycle will be non-variational
 Long-range K will be added via erf
 Coulomb attenuation parameter = 0.1 bohr**(-1)
 An unrestricted Kohn-Sham SCF calculation will be
 performed using Pulay DIIS extrapolation
 Exchange:  wPBE + LR-HF      Correlation:  PBE
 Using SG-1 standard quadrature grid
 SCF converges when DIIS error is below 1.0E-05
 Requested basis set is G3large
 There are 65 shells and 168 basis functions
 A cutoff of  1.0D-08 yielded   2044 shell pairs
 There are  13820 function pairs ( 17231 Cartesian)
 Warning!  Inaccurate integrated density:
   Number of electrons =    27
   Numerical integral  =    25.999988627882
   Relative error      =    -3.7037458227 %
 ---------------------------------------
  Cycle       Energy         DIIS Error
 ---------------------------------------
    1    -331.0523275919      2.77E-02
    2    -330.8257594433      5.46E-03
    3    -330.8189352160      6.45E-03
    4    -330.9870518612      5.18E-04
    5    -330.9909062299      2.30E-04
    6    -330.9925689994      1.19E-04
    7    -330.9933631500      5.07E-05
    8    -330.9937751927      2.18E-05
    9    -330.9939069448      1.20E-05
   10    -330.9939618410      6.31E-06 Convergence criterion met
 ---------------------------------------
 One-Electron    Energy =  -585.5269133206
 Total Coulomb   Energy =   219.6077873569
 Alpha Exchange  Energy =    -0.7689623437
 Beta  Exchange  Energy =    -0.7254219666
 DFT   Exchange  Energy =   -26.0863947821
 DFT Correlation Energy =    -0.8871107282
 Nuclear Repu.   Energy =    63.3930539434
 Nuclear Attr.   Energy =  -916.0585793989
 Kinetic         Energy =   330.5316660783
 <S^2> = 0.7501
 SCF time:  CPU 106.74 s  wall 108.40 s
 Final Alpha MO Eigenvalues
            1           2           3           4           5           6
    1 -65.2947628  -9.7739335  -4.9553537  -3.3655210  -3.3655061  -3.3642560
            7           8           9          10          11          12
    1  -0.5530947  -0.3933387  -0.2833322  -0.2833030  -0.2185913  -0.2185685
           13          14          15          16          17          18
    1  -0.2075293   0.0304332   0.1354982   0.1379472   0.1379923   0.1588958
           19
    1   0.1698094
 Final Beta MO Eigenvalues
            1           2           3           4           5           6
    1 -65.2946555  -9.7732711  -4.9552208  -3.3654537  -3.3654392  -3.3639036
            7           8           9          10          11          12
    1  -0.5518686  -0.3917467  -0.2818993  -0.2818695  -0.2177067  -0.2176849
           13          14          15          16          17          18
    1  -0.2061417   0.1253026   0.1397158   0.1547237   0.1547608   0.1683625
 Analysis of SCF Wavefunction
 
 --------------------------------------------------------------
                    Orbital Energies (a.u.)
 --------------------------------------------------------------
 
 Alpha MOs
 -- Occupied --
-65.295  -9.774  -4.955  -3.366  -3.366  -3.364  -0.553  -0.393
 -0.283  -0.283  -0.219  -0.219  -0.208   0.030
 -- Virtual --
  0.135   0.138   0.138   0.159   0.170   0.170   0.180   0.181
  0.228   0.236   0.237   0.237   0.252   0.252   0.273   0.280
  0.292   0.307   0.307   0.369   0.369   0.423   0.423   0.423
  0.432   0.476   0.476   0.543   0.563   0.563   0.576   0.595
  0.635   0.635   0.655   0.685   0.685   0.699   0.732   0.732
  0.796   0.826   0.835   0.835   0.875   0.875   0.950   0.950
  0.955   0.984   0.993   1.039   1.117   1.117   1.175   1.175
  1.220   1.253   1.253   1.322   1.322   1.374   1.410   1.438
  1.438   1.444   1.452   1.452   1.536   1.536   1.603   1.603
  1.613   1.660   1.660   1.706   1.749   2.232   2.275   2.280
  2.281   2.345   2.345   2.458   2.618   2.618   2.723   2.927
  2.928   3.053   3.076   3.208   3.220   3.220   3.330   3.331
  3.433   3.433   3.479   3.643   3.643   3.765   3.766   3.785
  3.893   3.894   4.008   4.036   4.037   4.162   4.162   4.164
  4.209   4.232   4.232   4.346   4.346   4.347   4.474   4.488
  4.489   4.551   4.601   4.750   4.751   5.155   5.780   5.780
  6.336  11.457  11.457  11.798  17.570  17.661  17.748  17.840
 17.898  22.188  22.202  22.211  22.211  22.218  22.219  22.245
 24.142  27.834  28.090  28.090  40.941  40.958  41.198  41.241
 41.289 141.121
 
 Beta MOs
 -- Occupied --
-65.295  -9.773  -4.955  -3.365  -3.365  -3.364  -0.552  -0.392
 -0.282  -0.282  -0.218  -0.218  -0.206
 -- Virtual --
  0.125   0.140   0.155   0.155   0.168   0.174   0.174   0.190
  0.190   0.234   0.238   0.238   0.240   0.256   0.256   0.274
  0.282   0.296   0.312   0.312   0.372   0.372   0.425   0.425
  0.427   0.432   0.478   0.479   0.546   0.565   0.565   0.578
  0.597   0.637   0.637   0.657   0.687   0.687   0.701   0.734
  0.734   0.798   0.829   0.836   0.836   0.876   0.876   0.951
  0.951   0.957   0.986   0.996   1.040   1.118   1.118   1.177
  1.177   1.221   1.255   1.255   1.324   1.324   1.377   1.413
  1.441   1.441   1.445   1.453   1.454   1.539   1.539   1.606
  1.606   1.615   1.662   1.662   1.710   1.753   2.232   2.277
  2.283   2.283   2.346   2.346   2.460   2.619   2.619   2.724
  2.928   2.928   3.055   3.077   3.208   3.221   3.221   3.332
  3.332   3.434   3.434   3.480   3.644   3.644   3.765   3.767
  3.787   3.893   3.894   4.009   4.037   4.038   4.162   4.162
  4.163   4.209   4.232   4.232   4.347   4.347   4.347   4.475
  4.489   4.489   4.551   4.602   4.751   4.751   5.157   5.781
  5.781   6.336  11.457  11.457  11.799  17.570  17.661  17.749
 17.840  17.899  22.188  22.202  22.211  22.211  22.218  22.219
 22.245  24.143  27.835  28.090  28.091  40.941  40.958  41.198
 41.241  41.289 141.121
 --------------------------------------------------------------
 
          Ground-State Mulliken Net Atomic Charges

     Atom                 Charge (a.u.)    Spin (a.u.)
  --------------------------------------------------------
      1 C                     2.620645      -2.928274
      2 Si                    0.935273      -0.666679
      3 H                    -1.196992       1.316041
      4 H                    -1.196823       1.315867
      5 H                    -1.191288       1.310158
      6 H                    -0.323500       0.217714
      7 H                    -0.323592       0.217600
      8 H                    -0.323723       0.217573
  --------------------------------------------------------
  Sum of atomic charges =    -1.000000
  Sum of spin   charges =     1.000000

 -----------------------------------------------------------------
                    Cartesian Multipole Moments
 -----------------------------------------------------------------
    Charge (ESU x 10^10)
                -4.8032
    Dipole Moment (Debye)
         X      -0.0129      Y       0.0210      Z       1.2083
       Tot       1.2085
    Quadrupole Moments (Debye-Ang)
        XX     -49.4346     XY      -0.0172     YY     -49.4137
        XZ      -0.0054     YZ      -0.0064     ZZ     -47.6832
    Octapole Moments (Debye-Ang^2)
       XXX      -1.0684    XXY       0.0833    XYY       0.8627
       YYY       0.2499    XXZ     -22.4724    XYZ       0.0044
       YYZ     -22.4684    XZZ      -0.0348    YZZ       0.0761
       ZZZ     -78.5977
    Hexadecapole Moments (Debye-Ang^3)
      XXXX    -370.7014   XXXY      -0.1374   XXYY    -123.5012
      XYYY      -0.1497   YYYY    -370.3591   XXXZ       8.1163
      XXYZ      -0.0071   XYYZ      -8.1681   YYYZ      -0.0214
      XXZZ    -178.3101   XYZZ      -0.0476   YYZZ    -178.2464
      XZZZ      -0.0136   YZZZ      -0.0254   ZZZZ    -660.8071
 -----------------------------------------------------------------
 Total job time:  108.62s(wall), 106.91s(cpu) 
 Tue Mar 18 15:37:58 2014

        *************************************************************
        *                                                           *
        *  Thank you very much for using Q-Chem.  Have a nice day.  *
        *                                                           *
        *************************************************************


0 sent ACK to 0 
now end server 0 ... 
 
**********************************************************************
Job 2 of 3 
**********************************************************************
 
Process 0 of 1 is on cl134 - thread support 1
initial socket setup ...start
initial socket setup ...done 
now start server 0 ... 

cmd = /usr/bin/ssh clhead /usr/local/qchem/bin/get_hostid 558335008 > /tmp/1591952.1.medium.q/qchem5885/lic.dat

cmd = /usr/bin/ssh clhead /usr/local/qchem/bin/get_hostid 558335008 > /tmp/1591952.1.medium.q/qchem5885/lic.dat

cmd = /usr/bin/ssh clhead /usr/local/qchem/bin/get_hostid 558335008 > /tmp/1591952.1.medium.q/qchem5885/lic.dat

cmd = /usr/bin/ssh clhead /usr/local/qchem/bin/get_hostid 558335008 > /tmp/1591952.1.medium.q/qchem5885/lic.dat

cmd = /usr/bin/ssh clhead /usr/local/qchem/bin/get_hostid 558335008 > /tmp/1591952.1.medium.q/qchem5885/lic.dat
                  Welcome to Q-Chem
     A Quantum Leap Into The Future Of Chemistry

 Y. Shao, L. Fusti-Molnar, Y. Jung, J. Kussmann, C. Ochsenfeld,
 S. T. Brown, A. T. B. Gilbert, L. V. Slipchenko,S. V. Levchenko,
 D. P. O'Neill, R. A. DiStasio Jr., R. C. Lochan, T. Wang,
 G. J. O. Beran, N. A. Besley, J. M. Herbert, C. Y. Lin,
 T. Van Voorhis, S. H. Chien, A. Sodt, R. P. Steele, 
 V. A. Rassolov, P. E. Maslen, P. P. Korambath, R. D. Adamson,
 B. Austin, J. Baker, E. F. C. Byrd, H. Dachsel, R. J. Doerksen,
 A. Dreuw, B. D. Dunietz, A. D. Dutoi, T. R. Furlani,
 S. R. Gwaltney, A. Heyden, S. Hirata, C.-P. Hsu, G. Kedziora,
 R. Z. Khaliullin, P. Klunzinger, A. M. Lee, M. S. Lee, W. Liang,
 I. Lotan, N. Nair, B. Peters, E. I. Proynov, P. A. Pieniazek, 
 Y. M. Rhee, J. Ritchie, E. Rosta, C. D. Sherrill, 
 A. C. Simmonett, J. E. Subotnik, H. L. Woodcock III,
 W. Zhang, A. T. Bell, A. K. Chakraborty, D. M. Chipman,
 F. J. Keil, A. Warshel, W. J. Hehre, H. F. Schaefer III,
 J. Kong, A. I. Krylov, P. M. W. Gill, M. Head-Gordon,
 Q-Chem, Version 3.1, Q-Chem, Inc., Pittsburgh, PA (2007).

 Additional authors for Version 3.1: 
 Z. Gan, Y. Zhao, N. E. Schultz, D. Truhlar, E. Epifanovsky and M. Oana.

 Additional authors for Version 3.2: 
 R. Baer, B. R. Brooks, D. Casanova, J.-D. Chai, C.-L. Cheng, 
 C. Cramer, D. Crittenden, A. Ghysels, G. Hawkins, E. G. Hohenstein, 
 C. Kelley, W. Kurlancheek, D. Liotard, E. Livshits, P. Manohar, 
 A. Marenich, D. Neuhauser, R. Olson, M. A. Rohrdanz, K. S. Thanthiriwatte, 
 A. J. W. Thom, V. Vanovschi, C. F. Williams, Q. Wu and Z.-Q. You. 


 Intel X86 Linux Version

 Q-chem begins on Tue Mar 18 15:38:03 2014  

 Parallel job on  1  processors
Processing $rem in /usr/local/qchem/config/preferences.

theFileMan(): MAXOPENFILES=974 MAX_SUB_FILE_NUM=16
Maximum size of a physical file is 2.0 GB, maximum size of a tmp-file is 32.0 GB


--------------------------------------------------------------
User input:
--------------------------------------------------------------

$molecule
0,1
C         -0.00010        0.00000        0.01845
Si        -0.00040        0.00000        1.87168
H          1.01354        0.00000       -0.36644
H         -0.50645       -0.87766       -0.36740
H         -0.50645        0.87766       -0.36740
H         -1.38115        0.00000        2.39343
H          0.69049       -1.19616        2.39178
H          0.69049        1.19616        2.39178
$end

$comment
neutral
$end

$xc_functional
C PBE   1.00
X wPBE  1.00
$end


$rem
SYMMETRY_DECOMPOSITION	0
LRC_DFT                 true
exchange 		general
BASIS                   g3large
omega			100
mem_static              760
max_scf_cycles          200
scf_final_print         1
sym_ignore              true
$end

--------------------------------------------------------------
 Writing REM_CC_EA            8
 ----------------------------------------------------
       Standard Nuclear Orientation (Angstroms)
    I     Atom         X            Y            Z
 ----------------------------------------------------
    1      C      -0.000100     0.000000     0.018450
    2      Si     -0.000400     0.000000     1.871680
    3      H       1.013540     0.000000    -0.366440
    4      H      -0.506450    -0.877660    -0.367400
    5      H      -0.506450     0.877660    -0.367400
    6      H      -1.381150     0.000000     2.393430
    7      H       0.690490    -1.196160     2.391780
    8      H       0.690490     1.196160     2.391780
 ----------------------------------------------------
 Nuclear Repulsion Energy =    63.3930539500 hartrees
 There are       13 alpha and       13 beta electrons
 Requested basis set is G3large
 There are 65 shells and 168 basis functions

Total QAlloc Memory Limit   2000 MB
Mega-Array Size       743 MB
MEM_STATIC part       760 MB

                       Distance Matrix (Angstroms)
             C (  1)   Si(  2)   H (  3)   H (  4)   H (  5)   H (  6)
   Si(  2)  1.853230
   H (  3)  1.084254  2.457083
   H (  4)  1.084231  2.457611  1.755180
   H (  5)  1.084231  2.457611  1.755180  1.755320
   H (  6)  2.747331  1.476040  3.653960  3.026148  3.026148
   H (  7)  2.745980  1.476019  3.023729  3.024431  3.653282  2.392173
   H (  8)  2.745980  1.476019  3.023729  3.653282  3.024431  2.392173
             H (  7)
   H (  8)  2.392320
 
 A cutoff of  1.0D-08 yielded   2044 shell pairs
 There are  13820 function pairs ( 17231 Cartesian)
Evaluating contribution to one-electron hamiltonian from nuclear
 Smallest overlap matrix eigenvalue = 1.32E-04
 Multipole matrices computed through 2nd order

  Scale SEOQF with 1.000000e-01/1.000000e-01/1.000000e-01

 Standard Electronic Orientation quadrupole field applied
 Nucleus-field energy     =    -0.0000000067 hartrees
 Guess from superposition of atomic densities
 Warning:  Energy on first SCF cycle will be non-variational
 Long-range K will be added via erf
 Coulomb attenuation parameter = 0.1 bohr**(-1)
 A restricted Kohn-Sham SCF calculation will be
 performed using Pulay DIIS extrapolation
 Exchange:  wPBE + LR-HF      Correlation:  PBE
 Using SG-1 standard quadrature grid
 SCF converges when DIIS error is below 1.0E-05
 Requested basis set is G3large
 There are 65 shells and 168 basis functions
 A cutoff of  1.0D-08 yielded   2044 shell pairs
 There are  13820 function pairs ( 17231 Cartesian)
 ---------------------------------------
  Cycle       Energy         DIIS Error
 ---------------------------------------
    1    -331.0523275919      2.77E-02
    2    -330.9430274816      4.55E-03
    3    -330.9321985566      4.80E-03
    4    -331.0170360943      3.13E-04
    5    -331.0174355966      6.11E-05
    6    -331.0174475080      1.32E-05
    7    -331.0174487375      2.95E-06 Convergence criterion met
 ---------------------------------------
 One-Electron    Energy =  -581.9929289813
 Total Coulomb   Energy =   215.9637640890
 Alpha Exchange  Energy =    -0.7255376987
 Beta  Exchange  Energy =    -0.7255376987
 DFT   Exchange  Energy =   -26.0516931792
 DFT Correlation Energy =    -0.8785692121
 Nuclear Repu.   Energy =    63.3930539434
 Nuclear Attr.   Energy =  -912.4621139378
 Kinetic         Energy =   330.4691849565
 SCF time:  CPU 59.98 s  wall 61.41 s
 Final Alpha MO Eigenvalues
            1           2           3           4           5           6
    1 -65.4274361  -9.9218859  -5.0882297  -3.4981238  -3.4981105  -3.4975835
            7           8           9          10          11          12
    1  -0.6986716  -0.5254344  -0.4280790  -0.4280546  -0.3488900  -0.3488729
           13          14          15          16          17          18
    1  -0.3463566   0.0175182   0.0413948   0.0536916   0.0536944   0.0640885
 Analysis of SCF Wavefunction
 
 --------------------------------------------------------------
                    Orbital Energies (a.u.)
 --------------------------------------------------------------
 
 Alpha MOs
 -- Occupied --
-65.427  -9.922  -5.088  -3.498  -3.498  -3.498  -0.699  -0.525
 -0.428  -0.428  -0.349  -0.349  -0.346
 -- Virtual --
  0.018   0.041   0.054   0.054   0.064   0.066   0.066   0.090
  0.090   0.118   0.118   0.123   0.137   0.149   0.149   0.162
  0.169   0.181   0.184   0.184   0.241   0.241   0.304   0.307
  0.307   0.317   0.360   0.361   0.427   0.438   0.438   0.453
  0.467   0.505   0.505   0.532   0.555   0.555   0.573   0.599
  0.599   0.665   0.699   0.705   0.705   0.748   0.748   0.824
  0.825   0.825   0.851   0.853   0.908   0.981   0.981   1.044
  1.044   1.088   1.109   1.109   1.197   1.197   1.236   1.275
  1.304   1.304   1.318   1.321   1.321   1.396   1.396   1.465
  1.466   1.478   1.533   1.533   1.574   1.613   2.101   2.143
  2.145   2.146   2.212   2.212   2.328   2.473   2.473   2.579
  2.799   2.799   2.906   2.931   3.077   3.077   3.079   3.185
  3.185   3.289   3.289   3.339   3.499   3.499   3.627   3.629
  3.640   3.762   3.763   3.862   3.895   3.895   4.034   4.034
  4.035   4.080   4.099   4.099   4.202   4.202   4.216   4.327
  4.342   4.343   4.403   4.469   4.618   4.618   5.009   5.632
  5.632   6.203  11.324  11.324  11.665  17.438  17.528  17.615
 17.707  17.766  22.055  22.069  22.078  22.078  22.085  22.086
 22.112  23.994  27.687  27.942  27.942  40.793  40.810  41.050
 41.093  41.141 140.988
 --------------------------------------------------------------
 
          Ground-State Mulliken Net Atomic Charges

     Atom                 Charge (a.u.)
  ----------------------------------------
      1 C                    -0.348387
      2 Si                    0.246693
      3 H                     0.116041
      4 H                     0.115957
      5 H                     0.115983
      6 H                    -0.081914
      7 H                    -0.082186
      8 H                    -0.082188
  ----------------------------------------
  Sum of atomic charges =     0.000000

 -----------------------------------------------------------------
                    Cartesian Multipole Moments
 -----------------------------------------------------------------
    Charge (ESU x 10^10)
                 0.0000
    Dipole Moment (Debye)
         X      -0.0009      Y       0.0003      Z      -0.8624
       Tot       0.8624
    Quadrupole Moments (Debye-Ang)
        XX     -23.0593     XY       0.0001     YY     -23.0600
        XZ      -0.0019     YZ       0.0003     ZZ     -25.3968
    Octapole Moments (Debye-Ang^2)
       XXX       1.5838    XXY       0.0001    XYY      -1.5661
       YYY       0.0004    XXZ     -31.7351    XYZ       0.0001
       YYZ     -31.7382    XZZ       0.0005    YZZ       0.0006
       ZZZ     -93.6169
    Hexadecapole Moments (Debye-Ang^3)
      XXXX     -57.5407   XXXY       0.0002   XXYY     -19.1814
      XYYY       0.0002   YYYY     -57.5477   XXXZ       1.3127
      XXYZ       0.0001   XYYZ      -1.2739   YYYZ       0.0002
      XXZZ     -81.4951   XYZZ       0.0001   YYZZ     -81.5004
      XZZZ       0.0272   YZZZ       0.0011   ZZZZ    -411.0249
 -----------------------------------------------------------------
 Total job time:  61.61s(wall), 60.14s(cpu) 
 Tue Mar 18 15:39:05 2014

        *************************************************************
        *                                                           *
        *  Thank you very much for using Q-Chem.  Have a nice day.  *
        *                                                           *
        *************************************************************


0 sent ACK to 0 
now end server 0 ... 
 
**********************************************************************
Job 3 of 3 
**********************************************************************
 
Process 0 of 1 is on cl134 - thread support 1
initial socket setup ...start
initial socket setup ...done 
now start server 0 ... 

cmd = /usr/bin/ssh clhead /usr/local/qchem/bin/get_hostid 1944207748 > /tmp/1591952.1.medium.q/qchem5885/lic.dat

cmd = /usr/bin/ssh clhead /usr/local/qchem/bin/get_hostid 1944207748 > /tmp/1591952.1.medium.q/qchem5885/lic.dat

cmd = /usr/bin/ssh clhead /usr/local/qchem/bin/get_hostid 1944207748 > /tmp/1591952.1.medium.q/qchem5885/lic.dat

cmd = /usr/bin/ssh clhead /usr/local/qchem/bin/get_hostid 1944207748 > /tmp/1591952.1.medium.q/qchem5885/lic.dat

cmd = /usr/bin/ssh clhead /usr/local/qchem/bin/get_hostid 1944207748 > /tmp/1591952.1.medium.q/qchem5885/lic.dat
                  Welcome to Q-Chem
     A Quantum Leap Into The Future Of Chemistry

 Y. Shao, L. Fusti-Molnar, Y. Jung, J. Kussmann, C. Ochsenfeld,
 S. T. Brown, A. T. B. Gilbert, L. V. Slipchenko,S. V. Levchenko,
 D. P. O'Neill, R. A. DiStasio Jr., R. C. Lochan, T. Wang,
 G. J. O. Beran, N. A. Besley, J. M. Herbert, C. Y. Lin,
 T. Van Voorhis, S. H. Chien, A. Sodt, R. P. Steele, 
 V. A. Rassolov, P. E. Maslen, P. P. Korambath, R. D. Adamson,
 B. Austin, J. Baker, E. F. C. Byrd, H. Dachsel, R. J. Doerksen,
 A. Dreuw, B. D. Dunietz, A. D. Dutoi, T. R. Furlani,
 S. R. Gwaltney, A. Heyden, S. Hirata, C.-P. Hsu, G. Kedziora,
 R. Z. Khaliullin, P. Klunzinger, A. M. Lee, M. S. Lee, W. Liang,
 I. Lotan, N. Nair, B. Peters, E. I. Proynov, P. A. Pieniazek, 
 Y. M. Rhee, J. Ritchie, E. Rosta, C. D. Sherrill, 
 A. C. Simmonett, J. E. Subotnik, H. L. Woodcock III,
 W. Zhang, A. T. Bell, A. K. Chakraborty, D. M. Chipman,
 F. J. Keil, A. Warshel, W. J. Hehre, H. F. Schaefer III,
 J. Kong, A. I. Krylov, P. M. W. Gill, M. Head-Gordon,
 Q-Chem, Version 3.1, Q-Chem, Inc., Pittsburgh, PA (2007).

 Additional authors for Version 3.1: 
 Z. Gan, Y. Zhao, N. E. Schultz, D. Truhlar, E. Epifanovsky and M. Oana.

 Additional authors for Version 3.2: 
 R. Baer, B. R. Brooks, D. Casanova, J.-D. Chai, C.-L. Cheng, 
 C. Cramer, D. Crittenden, A. Ghysels, G. Hawkins, E. G. Hohenstein, 
 C. Kelley, W. Kurlancheek, D. Liotard, E. Livshits, P. Manohar, 
 A. Marenich, D. Neuhauser, R. Olson, M. A. Rohrdanz, K. S. Thanthiriwatte, 
 A. J. W. Thom, V. Vanovschi, C. F. Williams, Q. Wu and Z.-Q. You. 


 Intel X86 Linux Version

 Q-chem begins on Tue Mar 18 15:39:09 2014  

 Parallel job on  1  processors
Processing $rem in /usr/local/qchem/config/preferences.

theFileMan(): MAXOPENFILES=974 MAX_SUB_FILE_NUM=16
Maximum size of a physical file is 2.0 GB, maximum size of a tmp-file is 32.0 GB


--------------------------------------------------------------
User input:
--------------------------------------------------------------

$molecule
1,2
C         -0.00010        0.00000        0.01845
Si        -0.00040        0.00000        1.87168
H          1.01354        0.00000       -0.36644
H         -0.50645       -0.87766       -0.36740
H         -0.50645        0.87766       -0.36740
H         -1.38115        0.00000        2.39343
H          0.69049       -1.19616        2.39178
H          0.69049        1.19616        2.39178
$end

$comment
positive
$end

$xc_functional
C PBE   1.00
X wPBE  1.00
$end

$rem
SYMMETRY_DECOMPOSITION	0
LRC_DFT                 true
exchange 		general
BASIS                   g3large
omega			100
mem_static              760
max_scf_cycles          200
scf_final_print         1
sym_ignore              true
$end

--------------------------------------------------------------
 Writing REM_CC_EA            8
 ----------------------------------------------------
       Standard Nuclear Orientation (Angstroms)
    I     Atom         X            Y            Z
 ----------------------------------------------------
    1      C      -0.000100     0.000000     0.018450
    2      Si     -0.000400     0.000000     1.871680
    3      H       1.013540     0.000000    -0.366440
    4      H      -0.506450    -0.877660    -0.367400
    5      H      -0.506450     0.877660    -0.367400
    6      H      -1.381150     0.000000     2.393430
    7      H       0.690490    -1.196160     2.391780
    8      H       0.690490     1.196160     2.391780
 ----------------------------------------------------
 Nuclear Repulsion Energy =    63.3930539500 hartrees
 There are       13 alpha and       12 beta electrons
 Requested basis set is G3large
 There are 65 shells and 168 basis functions

Total QAlloc Memory Limit   2000 MB
Mega-Array Size       743 MB
MEM_STATIC part       760 MB

                       Distance Matrix (Angstroms)
             C (  1)   Si(  2)   H (  3)   H (  4)   H (  5)   H (  6)
   Si(  2)  1.853230
   H (  3)  1.084254  2.457083
   H (  4)  1.084231  2.457611  1.755180
   H (  5)  1.084231  2.457611  1.755180  1.755320
   H (  6)  2.747331  1.476040  3.653960  3.026148  3.026148
   H (  7)  2.745980  1.476019  3.023729  3.024431  3.653282  2.392173
   H (  8)  2.745980  1.476019  3.023729  3.653282  3.024431  2.392173
             H (  7)
   H (  8)  2.392320
 
 A cutoff of  1.0D-08 yielded   2044 shell pairs
 There are  13820 function pairs ( 17231 Cartesian)
Evaluating contribution to one-electron hamiltonian from nuclear
 Smallest overlap matrix eigenvalue = 1.32E-04
 Multipole matrices computed through 2nd order

  Scale SEOQF with 1.000000e-01/1.000000e-01/1.000000e-01

 Standard Electronic Orientation quadrupole field applied
 Nucleus-field energy     =    -0.0000000067 hartrees
 Guess from superposition of atomic densities
 Warning:  Energy on first SCF cycle will be non-variational
 Long-range K will be added via erf
 Coulomb attenuation parameter = 0.1 bohr**(-1)
 An unrestricted Kohn-Sham SCF calculation will be
 performed using Pulay DIIS extrapolation
 Exchange:  wPBE + LR-HF      Correlation:  PBE
 Using SG-1 standard quadrature grid
 SCF converges when DIIS error is below 1.0E-05
 Requested basis set is G3large
 There are 65 shells and 168 basis functions
 A cutoff of  1.0D-08 yielded   2044 shell pairs
 There are  13820 function pairs ( 17231 Cartesian)
 Warning!  Inaccurate integrated density:
   Number of electrons =    25
   Numerical integral  =    25.999988627882
   Relative error      =     3.9999545115 %
 ---------------------------------------
  Cycle       Energy         DIIS Error
 ---------------------------------------
    1    -331.0523275919      2.77E-02
    2    -330.5052775061      4.57E-03
    3    -330.3292530639      7.14E-03
    4    -330.5918880145      8.22E-04
    5    -330.5975084066      2.36E-04
    6    -330.5982642600      1.43E-04
    7    -330.5988834109      1.38E-04
    8    -330.5999175199      1.14E-04
    9    -330.6008476332      6.68E-05
   10    -330.6008504009      5.11E-05
   11    -330.6010317153      2.20E-05
   12    -330.6010390776      8.21E-06 Convergence criterion met
 ---------------------------------------
 One-Electron    Energy =  -574.9840090757
 Total Coulomb   Energy =   209.0533049148
 Alpha Exchange  Energy =    -0.7261790013
 Beta  Exchange  Energy =    -0.6692428149
 DFT   Exchange  Energy =   -25.8230790022
 DFT Correlation Energy =    -0.8448880416
 Nuclear Repu.   Energy =    63.3930539434
 Nuclear Attr.   Energy =  -905.2047351996
 Kinetic         Energy =   330.2207261239
 <S^2> = 0.7540
 SCF time:  CPU 125.77 s  wall 127.63 s
 Final Alpha MO Eigenvalues
            1           2           3           4           5           6
    1 -65.7164364 -10.1851132  -5.3753766  -3.7895495  -3.7835404  -3.7833649
            7           8           9          10          11          12
    1  -0.9569772  -0.7972133  -0.6759320  -0.6755843  -0.6234606  -0.6163408
           13          14          15          16          17          18
    1  -0.6120267  -0.1765436  -0.1564159  -0.1554590  -0.1332449  -0.1021030
 Final Beta MO Eigenvalues
            1           2           3           4           5           6
    1 -65.7152429 -10.1812673  -5.3740601  -3.7852786  -3.7830166  -3.7828452
            7           8           9          10          11          12
    1  -0.9430915  -0.7774296  -0.6680126  -0.6644238  -0.5966762  -0.5942418
           13          14          15          16          17
    1  -0.4862415  -0.1675871  -0.1457075  -0.1451746  -0.1254229
 Analysis of SCF Wavefunction
 
 --------------------------------------------------------------
                    Orbital Energies (a.u.)
 --------------------------------------------------------------
 
 Alpha MOs
 -- Occupied --
-65.716 -10.185  -5.375  -3.790  -3.784  -3.783  -0.957  -0.797
 -0.676  -0.676  -0.623  -0.616  -0.612
 -- Virtual --
 -0.177  -0.156  -0.155  -0.133  -0.102  -0.100  -0.099  -0.075
 -0.073  -0.049  -0.049  -0.041  -0.024  -0.008   0.003   0.004
  0.019   0.022   0.024   0.032   0.039   0.041   0.117   0.120
  0.120   0.142   0.177   0.178   0.228   0.241   0.249   0.249
  0.251   0.283   0.286   0.323   0.335   0.338   0.373   0.397
  0.397   0.468   0.470   0.477   0.481   0.520   0.523   0.588
  0.590   0.597   0.623   0.633   0.679   0.754   0.755   0.811
  0.813   0.861   0.891   0.892   0.959   0.964   1.015   1.044
  1.071   1.075   1.085   1.089   1.090   1.165   1.168   1.238
  1.238   1.244   1.292   1.293   1.339   1.389   1.825   1.866
  1.871   1.880   1.942   1.944   2.058   2.230   2.233   2.342
  2.526   2.530   2.664   2.673   2.807   2.816   2.817   2.932
  2.940   3.036   3.039   3.065   3.233   3.243   3.357   3.363
  3.379   3.486   3.491   3.615   3.638   3.639   3.754   3.756
  3.759   3.806   3.830   3.831   3.940   3.951   3.957   4.085
  4.094   4.100   4.162   4.190   4.339   4.343   4.764   5.382
  5.392   5.921  11.037  11.041  11.378  17.152  17.239  17.327
 17.419  17.480  21.769  21.783  21.790  21.791  21.798  21.800
 21.825  23.732  27.419  27.680  27.682  40.525  40.549  40.784
 40.827  40.879 140.700
 
 Beta MOs
 -- Occupied --
-65.715 -10.181  -5.374  -3.785  -3.783  -3.783  -0.943  -0.777
 -0.668  -0.664  -0.597  -0.594
 -- Virtual --
 -0.486  -0.168  -0.146  -0.145  -0.125  -0.096  -0.096  -0.094
 -0.071  -0.070  -0.047  -0.046  -0.037  -0.015  -0.005   0.006
  0.006   0.023   0.024   0.026   0.034   0.044   0.045   0.124
  0.125   0.126   0.145   0.181   0.181   0.236   0.251   0.254
  0.255   0.257   0.293   0.294   0.331   0.343   0.346   0.379
  0.401   0.402   0.473   0.480   0.483   0.492   0.530   0.531
  0.601   0.601   0.605   0.633   0.639   0.689   0.762   0.765
  0.824   0.825   0.872   0.896   0.896   0.974   0.976   1.025
  1.055   1.081   1.081   1.096   1.097   1.099   1.173   1.174
  1.244   1.245   1.256   1.304   1.305   1.346   1.397   1.837
  1.881   1.888   1.893   1.956   1.956   2.072   2.239   2.242
  2.349   2.553   2.555   2.669   2.690   2.831   2.832   2.834
  2.946   2.948   3.046   3.046   3.081   3.249   3.255   3.365
  3.368   3.400   3.501   3.503   3.624   3.651   3.651   3.786
  3.787   3.788   3.835   3.856   3.856   3.962   3.966   3.967
  4.095   4.106   4.108   4.169   4.211   4.361   4.362   4.773
  5.395   5.397   5.929  11.042  11.042  11.383  17.153  17.242
 17.330  17.422  17.481  21.770  21.784  21.791  21.792  21.799
 21.801  21.826  23.737  27.430  27.684  27.684  40.535  40.551
 40.791  40.834  40.882 140.701
 --------------------------------------------------------------
 
          Ground-State Mulliken Net Atomic Charges

     Atom                 Charge (a.u.)    Spin (a.u.)
  --------------------------------------------------------
      1 C                    -0.195015       0.253555
      2 Si                    0.446780       0.236269
      3 H                     0.186001       0.033348
      4 H                     0.173782      -0.004574
      5 H                     0.186324       0.034675
      6 H                     0.070360       0.153222
      7 H                     0.071211       0.160654
      8 H                     0.060556       0.132852
  --------------------------------------------------------
  Sum of atomic charges =     1.000000
  Sum of spin   charges =     1.000000

 -----------------------------------------------------------------
                    Cartesian Multipole Moments
 -----------------------------------------------------------------
    Charge (ESU x 10^10)
                 4.8032
    Dipole Moment (Debye)
         X      -0.0136      Y      -0.0450      Z       5.9665
       Tot       5.9667
    Quadrupole Moments (Debye-Ang)
        XX     -17.1838     XY       0.2454     YY     -16.8561
        XZ      -0.4291     YZ      -0.8219     ZZ      -4.2510
    Octapole Moments (Debye-Ang^2)
       XXX      -0.0254    XXY      -0.0405    XYY      -0.0113
       YYY      -0.1239    XXZ     -21.7793    XYZ       0.5054
       YYZ     -21.1097    XZZ      -1.1543    YZZ      -2.1924
       ZZZ     -39.3245
    Hexadecapole Moments (Debye-Ang^3)
      XXXX     -38.5615   XXXY       0.2949   XXYY     -12.7171
      XYYY       0.2940   YYYY     -37.7474   XXXZ      -4.1755
      XXYZ      -0.3846   XYYZ       3.4411   YYYZ      -1.1597
      XXZZ     -52.2566   XYZZ       1.0287   YYZZ     -50.8498
      XZZZ      -3.9068   YZZZ      -7.3416   ZZZZ    -243.7040
 -----------------------------------------------------------------
 Total job time:  127.85s(wall), 125.94s(cpu) 
 Tue Mar 18 15:41:17 2014

        *************************************************************
        *                                                           *
        *  Thank you very much for using Q-Chem.  Have a nice day.  *
        *                                                           *
        *************************************************************


0 sent ACK to 0 
now end server 0 ... 
