Process 0 of 1 is on cl132 - thread support 1
initial socket setup ...start
initial socket setup ...done 
now start server 0 ... 

cmd = /usr/bin/ssh clhead /usr/local/qchem/bin/get_hostid 14193644 > /tmp/1603089.1.medium.q/qchem14951/lic.dat

cmd = /usr/bin/ssh clhead /usr/local/qchem/bin/get_hostid 14193644 > /tmp/1603089.1.medium.q/qchem14951/lic.dat

cmd = /usr/bin/ssh clhead /usr/local/qchem/bin/get_hostid 14193644 > /tmp/1603089.1.medium.q/qchem14951/lic.dat

cmd = /usr/bin/ssh clhead /usr/local/qchem/bin/get_hostid 14193644 > /tmp/1603089.1.medium.q/qchem14951/lic.dat

cmd = /usr/bin/ssh clhead /usr/local/qchem/bin/get_hostid 14193644 > /tmp/1603089.1.medium.q/qchem14951/lic.dat
                  Welcome to Q-Chem
     A Quantum Leap Into The Future Of Chemistry

 Y. Shao, L. Fusti-Molnar, Y. Jung, J. Kussmann, C. Ochsenfeld,
 S. T. Brown, A. T. B. Gilbert, L. V. Slipchenko,S. V. Levchenko,
 D. P. O'Neill, R. A. DiStasio Jr., R. C. Lochan, T. Wang,
 G. J. O. Beran, N. A. Besley, J. M. Herbert, C. Y. Lin,
 T. Van Voorhis, S. H. Chien, A. Sodt, R. P. Steele, 
 V. A. Rassolov, P. E. Maslen, P. P. Korambath, R. D. Adamson,
 B. Austin, J. Baker, E. F. C. Byrd, H. Dachsel, R. J. Doerksen,
 A. Dreuw, B. D. Dunietz, A. D. Dutoi, T. R. Furlani,
 S. R. Gwaltney, A. Heyden, S. Hirata, C.-P. Hsu, G. Kedziora,
 R. Z. Khaliullin, P. Klunzinger, A. M. Lee, M. S. Lee, W. Liang,
 I. Lotan, N. Nair, B. Peters, E. I. Proynov, P. A. Pieniazek, 
 Y. M. Rhee, J. Ritchie, E. Rosta, C. D. Sherrill, 
 A. C. Simmonett, J. E. Subotnik, H. L. Woodcock III,
 W. Zhang, A. T. Bell, A. K. Chakraborty, D. M. Chipman,
 F. J. Keil, A. Warshel, W. J. Hehre, H. F. Schaefer III,
 J. Kong, A. I. Krylov, P. M. W. Gill, M. Head-Gordon,
 Q-Chem, Version 3.1, Q-Chem, Inc., Pittsburgh, PA (2007).

 Additional authors for Version 3.1: 
 Z. Gan, Y. Zhao, N. E. Schultz, D. Truhlar, E. Epifanovsky and M. Oana.

 Additional authors for Version 3.2: 
 R. Baer, B. R. Brooks, D. Casanova, J.-D. Chai, C.-L. Cheng, 
 C. Cramer, D. Crittenden, A. Ghysels, G. Hawkins, E. G. Hohenstein, 
 C. Kelley, W. Kurlancheek, D. Liotard, E. Livshits, P. Manohar, 
 A. Marenich, D. Neuhauser, R. Olson, M. A. Rohrdanz, K. S. Thanthiriwatte, 
 A. J. W. Thom, V. Vanovschi, C. F. Williams, Q. Wu and Z.-Q. You. 


 Intel X86 Linux Version

 Q-chem begins on Wed Mar 26 01:23:06 2014  

 Parallel job on  1  processors
Processing $rem in /usr/local/qchem/config/preferences.

theFileMan(): MAXOPENFILES=974 MAX_SUB_FILE_NUM=16
Maximum size of a physical file is 2.0 GB, maximum size of a tmp-file is 32.0 GB


--------------------------------------------------------------
User input:
--------------------------------------------------------------

$molecule
-1,2
C          0.00000        0.00000        0.00427
C          0.00000        0.00000        1.34256
Cl         1.44225        0.00000       -0.90517
Cl        -1.44225        0.00000       -0.90517
Cl        -1.44225        0.00000        2.25200
Cl         1.44225        0.00000        2.25200
$end

$comment
negative
$end

$xc_functional
C PBE   1.00
X wPBE  1.00
$end

$rem
SYMMETRY_DECOMPOSITION	0
exchange 		general
LRC_DFT                 true
BASIS                   g3large
omega			700
mem_static              760
max_scf_cycles          200
scf_final_print         1
sym_ignore              true
$end

--------------------------------------------------------------
 Writing REM_CC_EA            6
 ----------------------------------------------------
       Standard Nuclear Orientation (Angstroms)
    I     Atom         X            Y            Z
 ----------------------------------------------------
    1      C       0.000000     0.000000     0.004270
    2      C       0.000000     0.000000     1.342560
    3      Cl      1.442250     0.000000    -0.905170
    4      Cl     -1.442250     0.000000    -0.905170
    5      Cl     -1.442250     0.000000     2.252000
    6      Cl      1.442250     0.000000     2.252000
 ----------------------------------------------------
 Nuclear Repulsion Energy =   496.1446596895 hartrees
 There are       41 alpha and       40 beta electrons
 Requested basis set is G3large
 There are 96 shells and 348 basis functions

Total QAlloc Memory Limit   2000 MB
Mega-Array Size       743 MB
MEM_STATIC part       760 MB

                       Distance Matrix (Angstroms)
             C (  1)   C (  2)   Cl(  3)   Cl(  4)   Cl(  5)
   C (  2)  1.338290
   Cl(  3)  1.705041  2.670651
   Cl(  4)  1.705041  2.670651  2.884500
   Cl(  5)  2.670651  1.705041  4.276454  3.157170
   Cl(  6)  2.670651  1.705041  3.157170  4.276454  2.884500
 
 A cutoff of  1.0D-08 yielded   3466 shell pairs
 There are  47748 function pairs ( 66451 Cartesian)
Evaluating contribution to one-electron hamiltonian from nuclear
 Smallest overlap matrix eigenvalue = 9.65E-06

 Q-Chem warning in module mkSTV.C, line 194:

 Overlap eigenvalue is smaller than square root of threshold

 Multipole matrices computed through 2nd order

  Scale SEOQF with 1.000000e-01/1.000000e-01/1.000000e-01

 Standard Electronic Orientation quadrupole field applied
 Nucleus-field energy     =    -0.0000000176 hartrees
 Guess from superposition of atomic densities
 Warning:  Energy on first SCF cycle will be non-variational
 Long-range K will be added via erf
 Coulomb attenuation parameter = 0.7 bohr**(-1)
 An unrestricted Kohn-Sham SCF calculation will be
 performed using Pulay DIIS extrapolation
 Exchange:  wPBE + LR-HF      Correlation:  PBE
 Using SG-1 standard quadrature grid
 SCF converges when DIIS error is below 1.0E-05
 Requested basis set is G3large
 There are 96 shells and 348 basis functions
 A cutoff of  1.0D-08 yielded   3466 shell pairs
 There are  47748 function pairs ( 66451 Cartesian)
 Warning!  Inaccurate integrated density:
   Number of electrons =    81
   Numerical integral  =    80.000162316382
   Relative error      =    -1.2343675106 %
 ---------------------------------------
  Cycle       Energy         DIIS Error
 ---------------------------------------
    1   -1918.1635039467      2.06E-02
    2   -1916.3595198026      1.88E-03
    3   -1916.4197281951      1.37E-03
    4   -1916.4459457575      3.87E-04
    5   -1916.4528668883      1.52E-04
    6   -1916.4559160521      9.54E-05
    7   -1916.4583301879      6.82E-05
    8   -1916.4608938239      5.57E-05
    9   -1916.4641581046      3.72E-05
   10   -1916.4657881647      3.04E-05
   11   -1916.4672242768      4.42E-05
   12   -1916.4675196180      2.07E-05
   13   -1916.4681348866      1.47E-05
   14   -1916.4684034898      1.19E-05
   15   -1916.4685666556      1.45E-05
   16   -1916.4686370596      1.19E-05
   17   -1916.4687118376      9.52E-06 Convergence criterion met
 ---------------------------------------
 One-Electron    Energy = -3645.0215064299
 Total Coulomb   Energy =  1355.9315704028
 Alpha Exchange  Energy =   -13.3314714683
 Beta  Exchange  Energy =   -13.1960557511
 DFT   Exchange  Energy =   -93.8851325497
 DFT Correlation Energy =    -3.1107757133
 Nuclear Repu.   Energy =   496.1446596719
 Nuclear Attr.   Energy = -5558.8938314790
 Kinetic         Energy =  1913.8723250491
 <S^2> = 0.7548
 SCF time:  CPU 1262.79 s  wall 1273.03 s
 Final Alpha MO Eigenvalues
            1           2           3           4           5           6
    1-100.9282716-100.9282294-100.9059541-100.9058332 -10.2432222 -10.2420066
            7           8           9          10          11          12
    1  -9.4550978  -9.4550550  -9.4326879  -9.4325562  -7.2575642  -7.2575220
           13          14          15          16          17          18
    1  -7.2468763  -7.2468320  -7.2459109  -7.2458690  -7.2354411  -7.2353115
           19          20          21          22          23          24
    1  -7.2244335  -7.2243037  -7.2235688  -7.2234360  -1.0710118  -1.0065839
           25          26          27          28          29          30
    1  -0.9561099  -0.9273739  -0.7962605  -0.5990065  -0.5389333  -0.5339097
           31          32          33          34          35          36
    1  -0.4815621  -0.4414208  -0.4020596  -0.3728269  -0.3698375  -0.3620122
           37          38          39          40          41          42
    1  -0.3508663  -0.3484722  -0.3120396  -0.2297897   0.0505456   0.1537688
           43          44          45          46
    1   0.1756666   0.1823525   0.2050686   0.2201125
 Final Beta MO Eigenvalues
            1           2           3           4           5           6
    1-100.9282064-100.9281642-100.9053247-100.9052024 -10.2407865 -10.2396668
            7           8           9          10          11          12
    1  -9.4550081  -9.4549653  -9.4319449  -9.4318118  -7.2574917  -7.2574501
           13          14          15          16          17          18
    1  -7.2467980  -7.2467550  -7.2457840  -7.2457408  -7.2342947  -7.2341654
           19          20          21          22          23          24
    1  -7.2237801  -7.2236478  -7.2228633  -7.2227290  -1.0645504  -1.0036392
           25          26          27          28          29          30
    1  -0.9484515  -0.9222728  -0.7842799  -0.5958936  -0.5317284  -0.5168556
           31          32          33          34          35          36
    1  -0.4788392  -0.4341218  -0.4005448  -0.3677296  -0.3677207  -0.3589722
           37          38          39          40          41          42
    1  -0.3472020  -0.3461324  -0.3092587  -0.2260768   0.1740923   0.1809088
           43          44          45
    1   0.1921714   0.1992617   0.2079203
 Analysis of SCF Wavefunction
 
 --------------------------------------------------------------
                    Orbital Energies (a.u.)
 --------------------------------------------------------------
 
 Alpha MOs
 -- Occupied --
*******-100.928-100.906-100.906 -10.243 -10.242  -9.455  -9.455
 -9.433  -9.433  -7.258  -7.258  -7.247  -7.247  -7.246  -7.246
 -7.235  -7.235  -7.224  -7.224  -7.224  -7.223  -1.071  -1.007
 -0.956  -0.927  -0.796  -0.599  -0.539  -0.534  -0.482  -0.441
 -0.402  -0.373  -0.370  -0.362  -0.351  -0.348  -0.312  -0.230
  0.051
 -- Virtual --
  0.154   0.176   0.182   0.205   0.220   0.227   0.229   0.239
  0.241   0.251   0.256   0.278   0.281   0.284   0.294   0.302
  0.316   0.319   0.327   0.331   0.349   0.352   0.373   0.387
  0.396   0.402   0.410   0.440   0.451   0.462   0.500   0.518
  0.522   0.542   0.552   0.591   0.593   0.602   0.607   0.623
  0.625   0.660   0.667   0.672   0.701   0.702   0.703   0.711
  0.721   0.724   0.742   0.748   0.782   0.795   0.798   0.808
  0.840   0.859   0.875   0.882   0.913   0.948   1.001   1.024
  1.025   1.037   1.044   1.074   1.088   1.120   1.158   1.194
  1.222   1.253   1.255   1.283   1.312   1.314   1.325   1.345
  1.350   1.354   1.375   1.384   1.384   1.394   1.405   1.418
  1.420   1.429   1.434   1.445   1.452   1.458   1.462   1.482
  1.492   1.505   1.523   1.549   1.557   1.565   1.580   1.591
  1.629   1.680   1.688   1.707   1.719   1.728   1.758   1.775
  1.814   1.844   1.883   1.887   1.905   1.918   1.967   1.967
  1.980   1.981   1.991   2.063   2.092   2.094   2.134   2.146
  2.166   2.351   2.444   2.467   2.478   2.533   2.550   2.617
  2.632   2.645   2.722   2.780   2.833   2.909   2.923   3.051
  3.157   3.159   3.185   3.318   3.326   3.426   3.444   3.476
  3.592   3.611   3.614   3.674   3.739   3.775   3.778   3.813
  3.833   3.900   3.921   3.958   3.969   4.076   4.226   4.289
  4.304   4.620   4.624   4.669   4.672   4.676   4.688   4.696
  4.704   4.708   4.752   4.757   4.762   4.765   4.791   4.793
  4.811   4.819   4.824   4.824   4.846   4.871   4.914   4.921
  4.934   4.935   4.959   4.981   4.988   5.058   5.101   5.271
  5.353   5.377   5.398   5.417   5.417   5.425   5.439   5.500
  5.513   5.534   5.550   5.600   5.633   5.661   5.673   5.807
  5.889   6.026   6.181   6.454   6.460  10.118  10.245  10.297
 10.429  20.858  20.863  20.889  20.909  20.917  20.936  20.959
 21.002  21.107  21.191  21.243  21.270  23.900  24.769  27.399
 27.403  27.413  27.446  27.448  27.452  27.452  27.460  27.475
 27.488  27.493  27.498  27.498  27.528  27.531  27.534  27.538
 27.585  27.609  27.644  27.664  27.739  28.445  28.461  28.553
 28.667  37.096  37.097  37.097  37.098  37.098  37.099  37.099
 37.102  37.106  37.108  37.111  37.112  37.122  37.122  37.123
 37.124  37.124  37.127  37.129  37.129  37.132  37.133  37.133
 37.134  37.144  37.145  37.152  37.159  41.069  41.123  41.164
 41.333  41.334  41.381  41.415  41.431  41.485  41.502 216.036
216.174 216.218 216.389
 
 Beta MOs
 -- Occupied --
*******-100.928-100.905-100.905 -10.241 -10.240  -9.455  -9.455
 -9.432  -9.432  -7.257  -7.257  -7.247  -7.247  -7.246  -7.246
 -7.234  -7.234  -7.224  -7.224  -7.223  -7.223  -1.065  -1.004
 -0.948  -0.922  -0.784  -0.596  -0.532  -0.517  -0.479  -0.434
 -0.401  -0.368  -0.368  -0.359  -0.347  -0.346  -0.309  -0.226
 -- Virtual --
  0.174   0.181   0.192   0.199   0.208   0.229   0.237   0.243
  0.248   0.253   0.260   0.261   0.284   0.287   0.294   0.299
  0.304   0.320   0.327   0.339   0.340   0.350   0.354   0.373
  0.388   0.397   0.403   0.417   0.441   0.464   0.468   0.502
  0.519   0.523   0.549   0.552   0.592   0.595   0.604   0.609
  0.624   0.629   0.661   0.670   0.675   0.703   0.703   0.707
  0.717   0.726   0.731   0.744   0.750   0.783   0.796   0.801
  0.809   0.842   0.860   0.881   0.893   0.918   0.951   1.001
  1.028   1.031   1.042   1.044   1.076   1.096   1.125   1.161
  1.196   1.228   1.256   1.258   1.284   1.313   1.317   1.325
  1.346   1.351   1.355   1.377   1.385   1.386   1.396   1.407
  1.420   1.423   1.431   1.435   1.448   1.454   1.461   1.465
  1.483   1.493   1.508   1.526   1.552   1.560   1.567   1.581
  1.591   1.630   1.682   1.689   1.708   1.721   1.728   1.760
  1.778   1.816   1.847   1.885   1.890   1.908   1.919   1.968
  1.971   1.982   1.986   1.992   2.066   2.095   2.096   2.137
  2.147   2.169   2.354   2.446   2.468   2.480   2.534   2.551
  2.619   2.636   2.647   2.725   2.782   2.835   2.910   2.926
  3.054   3.159   3.161   3.187   3.324   3.331   3.431   3.449
  3.480   3.595   3.618   3.618   3.678   3.750   3.782   3.782
  3.817   3.840   3.902   3.933   3.962   3.971   4.086   4.234
  4.295   4.313   4.626   4.627   4.671   4.674   4.678   4.690
  4.697   4.706   4.711   4.754   4.759   4.764   4.768   4.793
  4.796   4.813   4.822   4.825   4.826   4.849   4.873   4.916
  4.923   4.936   4.937   4.961   4.984   4.990   5.061   5.104
  5.275   5.354   5.377   5.399   5.418   5.419   5.427   5.440
  5.500   5.514   5.536   5.551   5.601   5.634   5.662   5.675
  5.808   5.892   6.028   6.183   6.456   6.462  10.119  10.246
 10.298  10.430  20.859  20.863  20.890  20.910  20.918  20.936
 20.960  21.002  21.107  21.191  21.244  21.271  23.902  24.772
 27.400  27.404  27.414  27.446  27.449  27.452  27.453  27.461
 27.476  27.488  27.494  27.498  27.499  27.529  27.532  27.534
 27.539  27.586  27.609  27.645  27.666  27.740  28.447  28.466
 28.559  28.669  37.096  37.097  37.098  37.098  37.098  37.099
 37.100  37.102  37.106  37.108  37.111  37.112  37.122  37.122
 37.124  37.124  37.124  37.127  37.129  37.130  37.132  37.133
 37.134  37.134  37.144  37.145  37.153  37.160  41.070  41.128
 41.168  41.333  41.338  41.385  41.418  41.431  41.487  41.506
216.036 216.175 216.218 216.390
 --------------------------------------------------------------
 
          Ground-State Mulliken Net Atomic Charges

     Atom                 Charge (a.u.)    Spin (a.u.)
  --------------------------------------------------------
      1 C                    -0.407603       1.046595
      2 C                    -0.394299       1.033939
      3 Cl                    0.182203      -0.478574
      4 Cl                   -0.277050      -0.065536
      5 Cl                    0.173154      -0.470537
      6 Cl                   -0.276403      -0.065887
  --------------------------------------------------------
  Sum of atomic charges =    -1.000000
  Sum of spin   charges =     1.000000

 -----------------------------------------------------------------
                    Cartesian Multipole Moments
 -----------------------------------------------------------------
    Charge (ESU x 10^10)
                -4.8032
    Dipole Moment (Debye)
         X      -0.0343      Y       0.0000      Z      -3.2108
       Tot       3.2110
    Quadrupole Moments (Debye-Ang)
        XX     -93.3241     XY      -0.0003     YY     -68.1139
        XZ      17.9403     YZ      -0.0002     ZZ     -95.0798
    Octapole Moments (Debye-Ang^2)
       XXX      -0.4748    XXY       0.0005    XYY      -0.0739
       YYY       0.0002    XXZ     -62.6069    XYZ      -0.0012
       YYZ     -45.8175    XZZ      23.9047    YZZ       0.0003
       ZZZ    -188.9039
    Hexadecapole Moments (Debye-Ang^3)
      XXXX   -1099.2842   XXXY      -0.0079   XXYY    -184.3216
      XYYY      -0.0018   YYYY    -107.7956   XXXZ     211.0902
      XXYZ      -0.0021   XYYZ      29.8330   YYYZ      -0.0005
      XXZZ    -521.5710   XYZZ      -0.0029   YYZZ    -232.0626
      XZZZ     227.7793   YZZZ      -0.0009   ZZZZ   -1487.5528
 -----------------------------------------------------------------
 Total job time:  1273.72s(wall), 1263.39s(cpu) 
 Wed Mar 26 01:44:19 2014

        *************************************************************
        *                                                           *
        *  Thank you very much for using Q-Chem.  Have a nice day.  *
        *                                                           *
        *************************************************************


0 sent ACK to 0 
now end server 0 ... 
 
**********************************************************************
Job 2 of 3 
**********************************************************************
 
Process 0 of 1 is on cl132 - thread support 1
initial socket setup ...start
initial socket setup ...done 
now start server 0 ... 

cmd = /usr/bin/ssh clhead /usr/local/qchem/bin/get_hostid 40846561 > /tmp/1603089.1.medium.q/qchem14951/lic.dat

cmd = /usr/bin/ssh clhead /usr/local/qchem/bin/get_hostid 40846561 > /tmp/1603089.1.medium.q/qchem14951/lic.dat

cmd = /usr/bin/ssh clhead /usr/local/qchem/bin/get_hostid 40846561 > /tmp/1603089.1.medium.q/qchem14951/lic.dat

cmd = /usr/bin/ssh clhead /usr/local/qchem/bin/get_hostid 40846561 > /tmp/1603089.1.medium.q/qchem14951/lic.dat

cmd = /usr/bin/ssh clhead /usr/local/qchem/bin/get_hostid 40846561 > /tmp/1603089.1.medium.q/qchem14951/lic.dat
                  Welcome to Q-Chem
     A Quantum Leap Into The Future Of Chemistry

 Y. Shao, L. Fusti-Molnar, Y. Jung, J. Kussmann, C. Ochsenfeld,
 S. T. Brown, A. T. B. Gilbert, L. V. Slipchenko,S. V. Levchenko,
 D. P. O'Neill, R. A. DiStasio Jr., R. C. Lochan, T. Wang,
 G. J. O. Beran, N. A. Besley, J. M. Herbert, C. Y. Lin,
 T. Van Voorhis, S. H. Chien, A. Sodt, R. P. Steele, 
 V. A. Rassolov, P. E. Maslen, P. P. Korambath, R. D. Adamson,
 B. Austin, J. Baker, E. F. C. Byrd, H. Dachsel, R. J. Doerksen,
 A. Dreuw, B. D. Dunietz, A. D. Dutoi, T. R. Furlani,
 S. R. Gwaltney, A. Heyden, S. Hirata, C.-P. Hsu, G. Kedziora,
 R. Z. Khaliullin, P. Klunzinger, A. M. Lee, M. S. Lee, W. Liang,
 I. Lotan, N. Nair, B. Peters, E. I. Proynov, P. A. Pieniazek, 
 Y. M. Rhee, J. Ritchie, E. Rosta, C. D. Sherrill, 
 A. C. Simmonett, J. E. Subotnik, H. L. Woodcock III,
 W. Zhang, A. T. Bell, A. K. Chakraborty, D. M. Chipman,
 F. J. Keil, A. Warshel, W. J. Hehre, H. F. Schaefer III,
 J. Kong, A. I. Krylov, P. M. W. Gill, M. Head-Gordon,
 Q-Chem, Version 3.1, Q-Chem, Inc., Pittsburgh, PA (2007).

 Additional authors for Version 3.1: 
 Z. Gan, Y. Zhao, N. E. Schultz, D. Truhlar, E. Epifanovsky and M. Oana.

 Additional authors for Version 3.2: 
 R. Baer, B. R. Brooks, D. Casanova, J.-D. Chai, C.-L. Cheng, 
 C. Cramer, D. Crittenden, A. Ghysels, G. Hawkins, E. G. Hohenstein, 
 C. Kelley, W. Kurlancheek, D. Liotard, E. Livshits, P. Manohar, 
 A. Marenich, D. Neuhauser, R. Olson, M. A. Rohrdanz, K. S. Thanthiriwatte, 
 A. J. W. Thom, V. Vanovschi, C. F. Williams, Q. Wu and Z.-Q. You. 


 Intel X86 Linux Version

 Q-chem begins on Wed Mar 26 01:44:24 2014  

 Parallel job on  1  processors
Processing $rem in /usr/local/qchem/config/preferences.

theFileMan(): MAXOPENFILES=974 MAX_SUB_FILE_NUM=16
Maximum size of a physical file is 2.0 GB, maximum size of a tmp-file is 32.0 GB


--------------------------------------------------------------
User input:
--------------------------------------------------------------

$molecule
0,1
C          0.00000        0.00000        0.00427
C          0.00000        0.00000        1.34256
Cl         1.44225        0.00000       -0.90517
Cl        -1.44225        0.00000       -0.90517
Cl        -1.44225        0.00000        2.25200
Cl         1.44225        0.00000        2.25200
$end

$comment
neutral
$end

$xc_functional
C PBE   1.00
X wPBE  1.00
$end


$rem
SYMMETRY_DECOMPOSITION	0
LRC_DFT                 true
exchange 		general
BASIS                   g3large
omega			700
mem_static              760
max_scf_cycles          200
scf_final_print         1
sym_ignore              true
$end

--------------------------------------------------------------
 Writing REM_CC_EA            6
 ----------------------------------------------------
       Standard Nuclear Orientation (Angstroms)
    I     Atom         X            Y            Z
 ----------------------------------------------------
    1      C       0.000000     0.000000     0.004270
    2      C       0.000000     0.000000     1.342560
    3      Cl      1.442250     0.000000    -0.905170
    4      Cl     -1.442250     0.000000    -0.905170
    5      Cl     -1.442250     0.000000     2.252000
    6      Cl      1.442250     0.000000     2.252000
 ----------------------------------------------------
 Nuclear Repulsion Energy =   496.1446596895 hartrees
 There are       40 alpha and       40 beta electrons
 Requested basis set is G3large
 There are 96 shells and 348 basis functions

Total QAlloc Memory Limit   2000 MB
Mega-Array Size       743 MB
MEM_STATIC part       760 MB

                       Distance Matrix (Angstroms)
             C (  1)   C (  2)   Cl(  3)   Cl(  4)   Cl(  5)
   C (  2)  1.338290
   Cl(  3)  1.705041  2.670651
   Cl(  4)  1.705041  2.670651  2.884500
   Cl(  5)  2.670651  1.705041  4.276454  3.157170
   Cl(  6)  2.670651  1.705041  3.157170  4.276454  2.884500
 
 A cutoff of  1.0D-08 yielded   3466 shell pairs
 There are  47748 function pairs ( 66451 Cartesian)
Evaluating contribution to one-electron hamiltonian from nuclear
 Smallest overlap matrix eigenvalue = 9.65E-06

 Q-Chem warning in module mkSTV.C, line 194:

 Overlap eigenvalue is smaller than square root of threshold

 Multipole matrices computed through 2nd order

  Scale SEOQF with 1.000000e-01/1.000000e-01/1.000000e-01

 Standard Electronic Orientation quadrupole field applied
 Nucleus-field energy     =    -0.0000000176 hartrees
 Guess from superposition of atomic densities
 Warning:  Energy on first SCF cycle will be non-variational
 Long-range K will be added via erf
 Coulomb attenuation parameter = 0.7 bohr**(-1)
 A restricted Kohn-Sham SCF calculation will be
 performed using Pulay DIIS extrapolation
 Exchange:  wPBE + LR-HF      Correlation:  PBE
 Using SG-1 standard quadrature grid
 SCF converges when DIIS error is below 1.0E-05
 Requested basis set is G3large
 There are 96 shells and 348 basis functions
 A cutoff of  1.0D-08 yielded   3466 shell pairs
 There are  47748 function pairs ( 66451 Cartesian)
 ---------------------------------------
  Cycle       Energy         DIIS Error
 ---------------------------------------
    1   -1918.1635039467      2.06E-02
    2   -1916.4017358347      2.53E-03
    3   -1916.4544397384      2.34E-03
    4   -1916.5249392449      3.13E-04
    5   -1916.5289937408      1.19E-04
    6   -1916.5295649934      3.50E-05
    7   -1916.5296240380      9.03E-06 Convergence criterion met
 ---------------------------------------
 One-Electron    Energy = -3632.3752351730
 Total Coulomb   Energy =  1343.0654599618
 Alpha Exchange  Energy =   -13.2125810797
 Beta  Exchange  Energy =   -13.2125810797
 DFT   Exchange  Energy =   -93.8480420654
 DFT Correlation Energy =    -3.0913042740
 Nuclear Repu.   Energy =   496.1446596719
 Nuclear Attr.   Energy = -5545.9135447620
 Kinetic         Energy =  1913.5383095890
 SCF time:  CPU 391.88 s  wall 395.51 s
 Final Alpha MO Eigenvalues
            1           2           3           4           5           6
    1-101.0798049-101.0798032-101.0796922-101.0796918 -10.4241624 -10.4230232
            7           8           9          10          11          12
    1  -9.6063070  -9.6062899  -9.6062252  -9.6062109  -7.4093938  -7.4093914
           13          14          15          16          17          18
    1  -7.4093260  -7.4093238  -7.3977382  -7.3977367  -7.3976697  -7.3976686
           19          20          21          22          23          24
    1  -7.3968627  -7.3968616  -7.3967929  -7.3967922  -1.2343726  -1.1655820
           25          26          27          28          29          30
    1  -1.1149913  -1.0854328  -0.9601567  -0.7580275  -0.6964505  -0.6875580
           31          32          33          34          35          36
    1  -0.6437743  -0.5994778  -0.5570091  -0.5292745  -0.5222358  -0.5195837
           37          38          39          40          41          42
    1  -0.5116069  -0.5040106  -0.4697818  -0.3922429   0.0480885   0.0587905
           43          44          45
    1   0.0686094   0.0729150   0.0930872
 Analysis of SCF Wavefunction
 
 --------------------------------------------------------------
                    Orbital Energies (a.u.)
 --------------------------------------------------------------
 
 Alpha MOs
 -- Occupied --
*******-101.080-101.080-101.080 -10.424 -10.423  -9.606  -9.606
 -9.606  -9.606  -7.409  -7.409  -7.409  -7.409  -7.398  -7.398
 -7.398  -7.398  -7.397  -7.397  -7.397  -7.397  -1.234  -1.166
 -1.115  -1.085  -0.960  -0.758  -0.696  -0.688  -0.644  -0.599
 -0.557  -0.529  -0.522  -0.520  -0.512  -0.504  -0.470  -0.392
 -- Virtual --
  0.048   0.059   0.069   0.073   0.093   0.097   0.111   0.112
  0.113   0.126   0.140   0.140   0.160   0.169   0.170   0.172
  0.184   0.196   0.206   0.207   0.218   0.223   0.233   0.248
  0.263   0.277   0.278   0.290   0.292   0.311   0.321   0.353
  0.369   0.379   0.396   0.406   0.443   0.448   0.461   0.462
  0.472   0.474   0.513   0.523   0.535   0.560   0.562   0.563
  0.577   0.581   0.582   0.602   0.604   0.634   0.658   0.667
  0.667   0.693   0.709   0.730   0.735   0.760   0.793   0.854
  0.872   0.873   0.887   0.896   0.918   0.935   0.968   1.012
  1.042   1.068   1.101   1.103   1.130   1.157   1.162   1.173
  1.191   1.197   1.202   1.224   1.230   1.230   1.242   1.254
  1.266   1.267   1.279   1.281   1.290   1.301   1.301   1.310
  1.328   1.338   1.351   1.365   1.395   1.404   1.407   1.427
  1.437   1.473   1.532   1.534   1.552   1.568   1.574   1.606
  1.620   1.664   1.690   1.726   1.735   1.749   1.763   1.810
  1.817   1.822   1.827   1.836   1.909   1.933   1.935   1.979
  1.992   2.010   2.192   2.288   2.313   2.325   2.377   2.395
  2.461   2.473   2.489   2.563   2.623   2.673   2.752   2.765
  2.883   2.989   2.990   3.012   3.151   3.160   3.258   3.276
  3.310   3.429   3.441   3.446   3.507   3.571   3.609   3.613
  3.647   3.666   3.734   3.752   3.789   3.801   3.907   4.059
  4.125   4.136   4.454   4.459   4.512   4.514   4.518   4.529
  4.540   4.547   4.548   4.590   4.598   4.601   4.606   4.632
  4.632   4.651   4.659   4.664   4.667   4.681   4.710   4.753
  4.760   4.773   4.775   4.790   4.819   4.827   4.893   4.937
  5.108   5.195   5.219   5.239   5.254   5.255   5.262   5.278
  5.339   5.352   5.374   5.388   5.437   5.470   5.499   5.512
  5.643   5.726   5.864   6.019   6.292   6.297   9.958  10.087
 10.134  10.268  20.699  20.707  20.721  20.749  20.754  20.782
 20.790  20.839  20.945  21.030  21.078  21.107  23.720  24.589
 27.240  27.242  27.244  27.284  27.286  27.290  27.293  27.296
 27.310  27.323  27.333  27.337  27.337  27.362  27.367  27.372
 27.374  27.413  27.445  27.478  27.497  27.559  28.266  28.286
 28.378  28.490  36.939  36.940  36.941  36.942  36.942  36.942
 36.943  36.946  36.952  36.952  36.952  36.953  36.954  36.954
 36.954  36.955  36.957  36.958  36.960  36.961  36.965  36.971
 36.972  36.973  36.976  36.977  36.983  36.991  40.888  40.943
 40.984  41.152  41.153  41.200  41.234  41.250  41.305  41.322
215.874 216.015 216.052 216.226
 --------------------------------------------------------------
 
          Ground-State Mulliken Net Atomic Charges

     Atom                 Charge (a.u.)
  ----------------------------------------
      1 C                     0.573162
      2 C                     0.572888
      3 Cl                   -0.286187
      4 Cl                   -0.286677
      5 Cl                   -0.286535
      6 Cl                   -0.286651
  ----------------------------------------
  Sum of atomic charges =     0.000000

 -----------------------------------------------------------------
                    Cartesian Multipole Moments
 -----------------------------------------------------------------
    Charge (ESU x 10^10)
                 0.0000
    Dipole Moment (Debye)
         X       0.0000      Y       0.0000      Z       0.0000
       Tot       0.0000
    Quadrupole Moments (Debye-Ang)
        XX     -57.9229     XY       0.0020     YY     -60.8279
        XZ      -0.0009     YZ      -0.0009     ZZ     -59.8697
    Octapole Moments (Debye-Ang^2)
       XXX       0.0000    XXY       0.0000    XYY       0.0000
       YYY       0.0000    XXZ     -39.0062    XYZ       0.0014
       YYZ     -40.9624    XZZ      -0.0013    YZZ      -0.0012
       ZZZ    -120.9515
    Hexadecapole Moments (Debye-Ang^3)
      XXXX    -634.7220   XXXY       0.0062   XXYY    -126.6836
      XYYY       0.0029   YYYY     -66.1829   XXXZ      -0.0043
      XXYZ      -0.0085   XYYZ      -0.0002   YYYZ      -0.0009
      XXZZ    -244.2551   XYZZ       0.0185   YYZZ    -179.7139
      XZZZ      -0.0021   YZZZ      -0.0099   ZZZZ    -986.4574
 -----------------------------------------------------------------
 Total job time:  396.15s(wall), 392.45s(cpu) 
 Wed Mar 26 01:51:00 2014

        *************************************************************
        *                                                           *
        *  Thank you very much for using Q-Chem.  Have a nice day.  *
        *                                                           *
        *************************************************************


0 sent ACK to 0 
now end server 0 ... 
 
**********************************************************************
Job 3 of 3 
**********************************************************************
 
Process 0 of 1 is on cl132 - thread support 1
initial socket setup ...start
initial socket setup ...done 
now start server 0 ... 

cmd = /usr/bin/ssh clhead /usr/local/qchem/bin/get_hostid 794235508 > /tmp/1603089.1.medium.q/qchem14951/lic.dat

cmd = /usr/bin/ssh clhead /usr/local/qchem/bin/get_hostid 794235508 > /tmp/1603089.1.medium.q/qchem14951/lic.dat

cmd = /usr/bin/ssh clhead /usr/local/qchem/bin/get_hostid 794235508 > /tmp/1603089.1.medium.q/qchem14951/lic.dat

cmd = /usr/bin/ssh clhead /usr/local/qchem/bin/get_hostid 794235508 > /tmp/1603089.1.medium.q/qchem14951/lic.dat

cmd = /usr/bin/ssh clhead /usr/local/qchem/bin/get_hostid 794235508 > /tmp/1603089.1.medium.q/qchem14951/lic.dat
                  Welcome to Q-Chem
     A Quantum Leap Into The Future Of Chemistry

 Y. Shao, L. Fusti-Molnar, Y. Jung, J. Kussmann, C. Ochsenfeld,
 S. T. Brown, A. T. B. Gilbert, L. V. Slipchenko,S. V. Levchenko,
 D. P. O'Neill, R. A. DiStasio Jr., R. C. Lochan, T. Wang,
 G. J. O. Beran, N. A. Besley, J. M. Herbert, C. Y. Lin,
 T. Van Voorhis, S. H. Chien, A. Sodt, R. P. Steele, 
 V. A. Rassolov, P. E. Maslen, P. P. Korambath, R. D. Adamson,
 B. Austin, J. Baker, E. F. C. Byrd, H. Dachsel, R. J. Doerksen,
 A. Dreuw, B. D. Dunietz, A. D. Dutoi, T. R. Furlani,
 S. R. Gwaltney, A. Heyden, S. Hirata, C.-P. Hsu, G. Kedziora,
 R. Z. Khaliullin, P. Klunzinger, A. M. Lee, M. S. Lee, W. Liang,
 I. Lotan, N. Nair, B. Peters, E. I. Proynov, P. A. Pieniazek, 
 Y. M. Rhee, J. Ritchie, E. Rosta, C. D. Sherrill, 
 A. C. Simmonett, J. E. Subotnik, H. L. Woodcock III,
 W. Zhang, A. T. Bell, A. K. Chakraborty, D. M. Chipman,
 F. J. Keil, A. Warshel, W. J. Hehre, H. F. Schaefer III,
 J. Kong, A. I. Krylov, P. M. W. Gill, M. Head-Gordon,
 Q-Chem, Version 3.1, Q-Chem, Inc., Pittsburgh, PA (2007).

 Additional authors for Version 3.1: 
 Z. Gan, Y. Zhao, N. E. Schultz, D. Truhlar, E. Epifanovsky and M. Oana.

 Additional authors for Version 3.2: 
 R. Baer, B. R. Brooks, D. Casanova, J.-D. Chai, C.-L. Cheng, 
 C. Cramer, D. Crittenden, A. Ghysels, G. Hawkins, E. G. Hohenstein, 
 C. Kelley, W. Kurlancheek, D. Liotard, E. Livshits, P. Manohar, 
 A. Marenich, D. Neuhauser, R. Olson, M. A. Rohrdanz, K. S. Thanthiriwatte, 
 A. J. W. Thom, V. Vanovschi, C. F. Williams, Q. Wu and Z.-Q. You. 


 Intel X86 Linux Version

 Q-chem begins on Wed Mar 26 01:51:13 2014  

 Parallel job on  1  processors
Processing $rem in /usr/local/qchem/config/preferences.

theFileMan(): MAXOPENFILES=974 MAX_SUB_FILE_NUM=16
Maximum size of a physical file is 2.0 GB, maximum size of a tmp-file is 32.0 GB


--------------------------------------------------------------
User input:
--------------------------------------------------------------

$molecule
1,2
C          0.00000        0.00000        0.00427
C          0.00000        0.00000        1.34256
Cl         1.44225        0.00000       -0.90517
Cl        -1.44225        0.00000       -0.90517
Cl        -1.44225        0.00000        2.25200
Cl         1.44225        0.00000        2.25200
$end

$comment
positive
$end

$xc_functional
C PBE   1.00
X wPBE  1.00
$end

$rem
SYMMETRY_DECOMPOSITION	0
LRC_DFT                 true
exchange 		general
BASIS                   g3large
omega			700
mem_static              760
max_scf_cycles          200
scf_final_print         1
sym_ignore              true
$end

--------------------------------------------------------------
 Writing REM_CC_EA            6
 ----------------------------------------------------
       Standard Nuclear Orientation (Angstroms)
    I     Atom         X            Y            Z
 ----------------------------------------------------
    1      C       0.000000     0.000000     0.004270
    2      C       0.000000     0.000000     1.342560
    3      Cl      1.442250     0.000000    -0.905170
    4      Cl     -1.442250     0.000000    -0.905170
    5      Cl     -1.442250     0.000000     2.252000
    6      Cl      1.442250     0.000000     2.252000
 ----------------------------------------------------
 Nuclear Repulsion Energy =   496.1446596895 hartrees
 There are       40 alpha and       39 beta electrons
 Requested basis set is G3large
 There are 96 shells and 348 basis functions

Total QAlloc Memory Limit   2000 MB
Mega-Array Size       743 MB
MEM_STATIC part       760 MB

                       Distance Matrix (Angstroms)
             C (  1)   C (  2)   Cl(  3)   Cl(  4)   Cl(  5)
   C (  2)  1.338290
   Cl(  3)  1.705041  2.670651
   Cl(  4)  1.705041  2.670651  2.884500
   Cl(  5)  2.670651  1.705041  4.276454  3.157170
   Cl(  6)  2.670651  1.705041  3.157170  4.276454  2.884500
 
 A cutoff of  1.0D-08 yielded   3466 shell pairs
 There are  47748 function pairs ( 66451 Cartesian)
Evaluating contribution to one-electron hamiltonian from nuclear
 Smallest overlap matrix eigenvalue = 9.65E-06

 Q-Chem warning in module mkSTV.C, line 194:

 Overlap eigenvalue is smaller than square root of threshold

 Multipole matrices computed through 2nd order

  Scale SEOQF with 1.000000e-01/1.000000e-01/1.000000e-01

 Standard Electronic Orientation quadrupole field applied
 Nucleus-field energy     =    -0.0000000176 hartrees
 Guess from superposition of atomic densities
 Warning:  Energy on first SCF cycle will be non-variational
 Long-range K will be added via erf
 Coulomb attenuation parameter = 0.7 bohr**(-1)
 An unrestricted Kohn-Sham SCF calculation will be
 performed using Pulay DIIS extrapolation
 Exchange:  wPBE + LR-HF      Correlation:  PBE
 Using SG-1 standard quadrature grid
 SCF converges when DIIS error is below 1.0E-05
 Requested basis set is G3large
 There are 96 shells and 348 basis functions
 A cutoff of  1.0D-08 yielded   3466 shell pairs
 There are  47748 function pairs ( 66451 Cartesian)
 Warning!  Inaccurate integrated density:
   Number of electrons =    79
   Numerical integral  =    80.000162316382
   Relative error      =     1.2660282486 %
 ---------------------------------------
  Cycle       Energy         DIIS Error
 ---------------------------------------
    1   -1918.1635039467      2.06E-02
    2   -1915.9110991770      3.56E-03
    3   -1915.9341824288      4.08E-03
    4   -1916.1593387746      3.98E-04
    5   -1916.1652697184      1.77E-04
    6   -1916.1669444795      7.18E-05
    7   -1916.1674987368      2.38E-05
    8   -1916.1676335698      8.71E-06 Convergence criterion met
 ---------------------------------------
 One-Electron    Energy = -3615.0110103126
 Total Coulomb   Energy =  1325.6834409800
 Alpha Exchange  Energy =   -13.2467691948
 Beta  Exchange  Energy =   -12.9293588826
 DFT   Exchange  Energy =   -93.7572038372
 DFT Correlation Energy =    -3.0513919945
 Nuclear Repu.   Energy =   496.1446596719
 Nuclear Attr.   Energy = -5528.0853994806
 Kinetic         Energy =  1913.0743891680
 <S^2> = 0.7589
 SCF time:  CPU 550.60 s  wall 554.65 s
 Final Alpha MO Eigenvalues
            1           2           3           4           5           6
    1-101.2984684-101.2984624-101.2982102-101.2982095 -10.6875410 -10.6863532
            7           8           9          10          11          12
    1  -9.8228694  -9.8228599  -9.8226731  -9.8226683  -7.6262475  -7.6262426
           13          14          15          16          17          18
    1  -7.6260535  -7.6260513  -7.6164566  -7.6164512  -7.6162520  -7.6162509
           19          20          21          22          23          24
    1  -7.6121427  -7.6121375  -7.6119518  -7.6119511  -1.4701126  -1.3823173
           25          26          27          28          29          30
    1  -1.3298521  -1.2977954  -1.2071948  -0.9753605  -0.9162284  -0.9092093
           31          32          33          34          35          36
    1  -0.8875196  -0.8119965  -0.7728726  -0.7387353  -0.7299031  -0.7264225
           37          38          39          40          41          42
    1  -0.7148675  -0.7142837  -0.6736199  -0.6316456  -0.1926929  -0.1208658
           43          44          45
    1  -0.1024474  -0.0982815  -0.0799202
 Final Beta MO Eigenvalues
            1           2           3           4           5           6
    1-101.2977093-101.2977036-101.2974562-101.2974557 -10.6820528 -10.6811301
            7           8           9          10          11          12
    1  -9.8221413  -9.8221312  -9.8219492  -9.8219413  -7.6260409  -7.6260352
           13          14          15          16          17          18
    1  -7.6258509  -7.6258488  -7.6140734  -7.6140671  -7.6138805  -7.6138797
           19          20          21          22          23          24
    1  -7.6117358  -7.6117309  -7.6115480  -7.6115473  -1.4526773  -1.3765992
           25          26          27          28          29          30
    1  -1.3239144  -1.2910918  -1.1795034  -0.9635114  -0.9112158  -0.9019952
           31          32          33          34          35          36
    1  -0.8202076  -0.8092321  -0.7460988  -0.7358707  -0.7245264  -0.7132439
           37          38          39          40          41          42
    1  -0.6944120  -0.6817390  -0.6716341  -0.3293545  -0.1284721  -0.1154066
           43          44
    1  -0.0951711  -0.0890785
 Analysis of SCF Wavefunction
 
 --------------------------------------------------------------
                    Orbital Energies (a.u.)
 --------------------------------------------------------------
 
 Alpha MOs
 -- Occupied --
*******-101.298-101.298-101.298 -10.688 -10.686  -9.823  -9.823
 -9.823  -9.823  -7.626  -7.626  -7.626  -7.626  -7.616  -7.616
 -7.616  -7.616  -7.612  -7.612  -7.612  -7.612  -1.470  -1.382
 -1.330  -1.298  -1.207  -0.975  -0.916  -0.909  -0.888  -0.812
 -0.773  -0.739  -0.730  -0.726  -0.715  -0.714  -0.674  -0.632
 -- Virtual --
 -0.193  -0.121  -0.102  -0.098  -0.080  -0.040  -0.037  -0.033
 -0.028  -0.015   0.004   0.004   0.007   0.034   0.035   0.043
  0.044   0.050   0.051   0.053   0.068   0.083   0.094   0.098
  0.099   0.102   0.113   0.129   0.130   0.140   0.174   0.180
  0.191   0.197   0.213   0.221   0.255   0.259   0.274   0.281
  0.285   0.287   0.328   0.346   0.366   0.371   0.377   0.383
  0.402   0.408   0.416   0.423   0.426   0.441   0.482   0.490
  0.499   0.509   0.518   0.541   0.548   0.551   0.591   0.665
  0.671   0.672   0.686   0.697   0.703   0.718   0.767   0.822
  0.842   0.868   0.902   0.905   0.930   0.956   0.962   0.976
  0.988   1.002   1.003   1.031   1.032   1.032   1.044   1.058
  1.070   1.071   1.081   1.082   1.092   1.102   1.103   1.113
  1.131   1.138   1.152   1.161   1.193   1.197   1.207   1.236
  1.238   1.269   1.333   1.339   1.354   1.373   1.373   1.413
  1.413   1.476   1.485   1.513   1.534   1.542   1.556   1.600
  1.610   1.626   1.626   1.643   1.704   1.721   1.730   1.779
  1.796   1.808   1.978   2.084   2.106   2.117   2.172   2.195
  2.254   2.262   2.287   2.355   2.419   2.456   2.548   2.562
  2.623   2.730   2.736   2.747   2.904   2.922   3.014   3.035
  3.068   3.198   3.207   3.207   3.264   3.310   3.372   3.380
  3.411   3.439   3.492   3.505   3.549   3.550   3.652   3.825
  3.889   3.896   4.227   4.233   4.296   4.299   4.305   4.316
  4.328   4.334   4.336   4.371   4.380   4.386   4.395   4.419
  4.421   4.438   4.445   4.453   4.453   4.459   4.500   4.536
  4.546   4.547   4.561   4.565   4.609   4.616   4.675   4.720
  4.889   4.982   5.006   5.019   5.027   5.042   5.049   5.066
  5.122   5.136   5.161   5.171   5.221   5.252   5.287   5.300
  5.426   5.509   5.647   5.801   6.075   6.078   9.744   9.874
  9.920  10.055  20.481  20.489  20.503  20.535  20.536  20.568
 20.575  20.625  20.729  20.814  20.862  20.891  23.460  24.326
 26.994  27.023  27.027  27.067  27.068  27.069  27.073  27.079
 27.093  27.106  27.117  27.120  27.120  27.140  27.151  27.154
 27.158  27.175  27.226  27.255  27.273  27.294  28.007  28.037
 28.128  28.238  36.723  36.723  36.725  36.726  36.726  36.726
 36.726  36.730  36.736  36.736  36.736  36.736  36.737  36.737
 36.737  36.739  36.740  36.741  36.745  36.745  36.749  36.755
 36.756  36.757  36.761  36.761  36.766  36.774  40.621  40.681
 40.716  40.884  40.887  40.934  40.975  40.982  41.044  41.062
215.656 215.797 215.834 216.008
 
 Beta MOs
 -- Occupied --
*******-101.298-101.297-101.297 -10.682 -10.681  -9.822  -9.822
 -9.822  -9.822  -7.626  -7.626  -7.626  -7.626  -7.614  -7.614
 -7.614  -7.614  -7.612  -7.612  -7.612  -7.612  -1.453  -1.377
 -1.324  -1.291  -1.180  -0.964  -0.911  -0.902  -0.820  -0.809
 -0.746  -0.736  -0.725  -0.713  -0.694  -0.682  -0.672
 -- Virtual --
 -0.329  -0.128  -0.115  -0.095  -0.089  -0.080  -0.040  -0.036
 -0.032  -0.027  -0.013   0.005   0.006   0.009   0.034   0.035
  0.044   0.048   0.053   0.053   0.055   0.069   0.084   0.099
  0.100   0.100   0.106   0.121   0.130   0.132   0.140   0.174
  0.182   0.192   0.202   0.214   0.227   0.262   0.264   0.284
  0.290   0.291   0.296   0.333   0.345   0.372   0.385   0.387
  0.389   0.404   0.409   0.417   0.426   0.432   0.451   0.485
  0.495   0.511   0.516   0.520   0.543   0.549   0.564   0.593
  0.673   0.674   0.675   0.691   0.703   0.716   0.734   0.770
  0.824   0.843   0.869   0.908   0.908   0.933   0.961   0.965
  0.980   0.994   1.004   1.008   1.034   1.035   1.035   1.048
  1.063   1.073   1.075   1.085   1.086   1.098   1.105   1.108
  1.118   1.134   1.143   1.154   1.165   1.198   1.203   1.209
  1.237   1.242   1.274   1.338   1.342   1.356   1.377   1.377
  1.414   1.421   1.477   1.493   1.520   1.537   1.549   1.563
  1.607   1.614   1.629   1.630   1.644   1.712   1.723   1.734
  1.781   1.798   1.810   1.986   2.085   2.114   2.125   2.179
  2.197   2.262   2.263   2.289   2.356   2.422   2.461   2.549
  2.563   2.650   2.756   2.756   2.770   2.921   2.934   3.031
  3.048   3.082   3.207   3.210   3.218   3.280   3.336   3.384
  3.387   3.422   3.443   3.506   3.519   3.562   3.570   3.674
  3.830   3.901   3.906   4.230   4.237   4.304   4.306   4.311
  4.321   4.334   4.341   4.342   4.375   4.389   4.392   4.399
  4.423   4.424   4.442   4.452   4.457   4.458   4.467   4.501
  4.542   4.551   4.562   4.564   4.567   4.610   4.617   4.678
  4.723   4.891   4.984   5.009   5.024   5.029   5.044   5.052
  5.068   5.125   5.139   5.163   5.174   5.223   5.255   5.287
  5.300   5.427   5.510   5.649   5.803   6.077   6.080   9.746
  9.875   9.922  10.056  20.484  20.493  20.507  20.535  20.539
 20.568  20.576  20.625  20.729  20.814  20.862  20.891  23.466
 24.332  27.004  27.025  27.029  27.069  27.069  27.071  27.075
 27.080  27.095  27.108  27.117  27.120  27.121  27.143  27.151
 27.156  27.158  27.181  27.227  27.256  27.274  27.307  28.011
 28.040  28.131  28.241  36.723  36.724  36.725  36.726  36.726
 36.727  36.727  36.730  36.736  36.737  36.737  36.737  36.738
 36.738  36.738  36.740  36.741  36.741  36.745  36.745  36.749
 36.756  36.756  36.757  36.761  36.761  36.767  36.775  40.631
 40.686  40.728  40.894  40.897  40.944  40.976  40.992  41.047
 41.064 215.657 215.798 215.835 216.009
 --------------------------------------------------------------
 
          Ground-State Mulliken Net Atomic Charges

     Atom                 Charge (a.u.)    Spin (a.u.)
  --------------------------------------------------------
      1 C                     0.670840       0.312508
      2 C                     0.670788       0.312024
      3 Cl                   -0.085207       0.094048
      4 Cl                   -0.085558       0.093716
      5 Cl                   -0.085119       0.094061
      6 Cl                   -0.085745       0.093643
  --------------------------------------------------------
  Sum of atomic charges =     1.000000
  Sum of spin   charges =     1.000000

 -----------------------------------------------------------------
                    Cartesian Multipole Moments
 -----------------------------------------------------------------
    Charge (ESU x 10^10)
                 4.8032
    Dipole Moment (Debye)
         X       0.0000      Y       0.0000      Z       3.2345
       Tot       3.2345
    Quadrupole Moments (Debye-Ang)
        XX     -43.7282     XY      -0.0096     YY     -56.2973
        XZ      -0.0025     YZ      -0.0019     ZZ     -41.4628
    Octapole Moments (Debye-Ang^2)
       XXX       0.0000    XXY       0.0000    XYY       0.0000
       YYY       0.0000    XXZ     -29.4472    XYZ      -0.0065
       YYZ     -37.9115    XZZ      -0.0032    YZZ      -0.0025
       ZZZ     -86.6987
    Hexadecapole Moments (Debye-Ang^3)
      XXXX    -557.6820   XXXY      -0.0721   XXYY    -114.2745
      XYYY      -0.0082   YYYY     -57.1175   XXXZ      -0.0092
      XXYZ      -0.0017   XYYZ      -0.0049   YYYZ      -0.0014
      XXZZ    -184.3939   XYZZ      -0.0069   YYZZ    -163.5616
      XZZZ      -0.0163   YZZZ      -0.0191   ZZZZ    -841.9613
 -----------------------------------------------------------------
 Total job time:  555.30s(wall), 551.18s(cpu) 
 Wed Mar 26 02:00:29 2014

        *************************************************************
        *                                                           *
        *  Thank you very much for using Q-Chem.  Have a nice day.  *
        *                                                           *
        *************************************************************


0 sent ACK to 0 
now end server 0 ... 
