Process 0 of 1 is on cl193.stfx.acenet.ca - thread support 1
initial socket setup ...start
initial socket setup ...done 
now start server 0 ... 

cmd = /usr/bin/ssh clhead /usr/local/qchem/bin/get_hostid 1243824035 > /globalscratch/itamblyn/bnl/g297_b3lyp_neut_g03Large/g2g71127/omega400/qchem9009/lic.dat
                  Welcome to Q-Chem
     A Quantum Leap Into The Future Of Chemistry

 Y. Shao, L. Fusti-Molnar, Y. Jung, J. Kussmann, C. Ochsenfeld,
 S. T. Brown, A. T. B. Gilbert, L. V. Slipchenko,S. V. Levchenko,
 D. P. O'Neill, R. A. DiStasio Jr., R. C. Lochan, T. Wang,
 G. J. O. Beran, N. A. Besley, J. M. Herbert, C. Y. Lin,
 T. Van Voorhis, S. H. Chien, A. Sodt, R. P. Steele, 
 V. A. Rassolov, P. E. Maslen, P. P. Korambath, R. D. Adamson,
 B. Austin, J. Baker, E. F. C. Byrd, H. Dachsel, R. J. Doerksen,
 A. Dreuw, B. D. Dunietz, A. D. Dutoi, T. R. Furlani,
 S. R. Gwaltney, A. Heyden, S. Hirata, C.-P. Hsu, G. Kedziora,
 R. Z. Khaliullin, P. Klunzinger, A. M. Lee, M. S. Lee, W. Liang,
 I. Lotan, N. Nair, B. Peters, E. I. Proynov, P. A. Pieniazek, 
 Y. M. Rhee, J. Ritchie, E. Rosta, C. D. Sherrill, 
 A. C. Simmonett, J. E. Subotnik, H. L. Woodcock III,
 W. Zhang, A. T. Bell, A. K. Chakraborty, D. M. Chipman,
 F. J. Keil, A. Warshel, W. J. Hehre, H. F. Schaefer III,
 J. Kong, A. I. Krylov, P. M. W. Gill, M. Head-Gordon,
 Q-Chem, Version 3.1, Q-Chem, Inc., Pittsburgh, PA (2007).

 Additional authors for Version 3.1: 
 Z. Gan, Y. Zhao, N. E. Schultz, D. Truhlar, E. Epifanovsky and M. Oana.

 Additional authors for Version 3.2: 
 R. Baer, B. R. Brooks, D. Casanova, J.-D. Chai, C.-L. Cheng, 
 C. Cramer, D. Crittenden, A. Ghysels, G. Hawkins, E. G. Hohenstein, 
 C. Kelley, W. Kurlancheek, D. Liotard, E. Livshits, P. Manohar, 
 A. Marenich, D. Neuhauser, R. Olson, M. A. Rohrdanz, K. S. Thanthiriwatte, 
 A. J. W. Thom, V. Vanovschi, C. F. Williams, Q. Wu and Z.-Q. You. 


 Intel X86 Linux Version

 Q-chem begins on Mon Apr 11 18:38:45 2011  

 Parallel job on  1  processors
Processing $rem in /usr/local/qchem/config/preferences.

theFileMan(): MAXOPENFILES=974 MAX_SUB_FILE_NUM=16
Maximum size of a physical file is 2.0 GB, maximum size of a tmp-file is 32.0 GB


--------------------------------------------------------------
User input:
--------------------------------------------------------------

$molecule
-1,2
O
C1,O,r1
H1,C1,r2,O,a1
H,O,roh,C1,aoh,H1,toh,0
C2,C1,r3a,O,a2a,H1,t1a,0
C3,C1,r3b,O,a2b,H1,-t1b,0
H,C2,r4a,C1,a4a,H1,t2a,0
H,C3,r5a,C1,a5a,H1,-t2b,0
H,C2,r4b,C1,a4b,H1,t3a,0
H,C3,r5b,C1,a5b,H1,-t3b,0
H,C2,r4c,C1,a4c,H1,-t4a,0
H,C3,r5c,C1,a5c,H1,t4b,0

r1=1.43111827
r2=1.9557364
roh=2.07916264
r3a=1.52393712
r3b=1.53017411
r4a=1.09587708
r5a=1.09583825
r4b=1.09448657
r5b=1.09801539
r4c=1.0954512
r5c=1.0964078
a1=28.22171182
aoh=30.02045037
a2a=106.21524706
a2b=111.13113306
a4a=110.2041443
a5a=110.24366741
a4b=110.29321839
a5b=111.03931704
a4c=110.82961388
a5c=111.23833611
toh=-62.32359188
t1a=179.44473237
t1b=57.80032287
t2a=63.0172795
t2b=83.272013
t3a=-56.37337218
t3b=-36.4963859
t4a=176.72748761
t4b=156.21533884

$end

$comment
negative
$end

$xc_functional
   X HF 1.0
   X BNL 1.0
   C LYP 1.0
$end

$rem
SYMMETRY_DECOMPOSITION	0
exchange 		general
BASIS                   g3large
omega			400
separate_jk		true
mem_static              760
max_scf_cycles          200
scf_final_print         1
sym_ignore              true
$end

--------------------------------------------------------------
 Writing REM_CC_EA           12
 ----------------------------------------------------
       Standard Nuclear Orientation (Angstroms)
    I     Atom         X            Y            Z
 ----------------------------------------------------
    1      O       0.000000     0.000000     0.000000
    2      C       0.000000     0.000000     1.431118
    3      H       0.924838     0.000000    -0.292129
    4      H       0.483161     0.921207     1.800236
    5      C      -1.463245     0.014181     1.856673
    6      C       0.760558    -1.207760     1.982752
    7      H      -1.967442    -0.894454     1.508657
    8      H       0.298586    -2.138301     1.634130
    9      H      -1.976608     0.877600     1.422084
   10      H       1.806714    -1.200668     1.649367
   11      H      -1.551233     0.066921     2.947310
   12      H       0.763328    -1.208441     3.079156
 ----------------------------------------------------
 Nuclear Repulsion Energy =   134.3979926221 hartrees
 There are       18 alpha and       17 beta electrons
 Requested basis set is G3large
 There are 88 shells and 248 basis functions

Total QAlloc Memory Limit   2000 MB
Mega-Array Size       743 MB
MEM_STATIC part       760 MB

                       Distance Matrix (Angstroms)
             O (  1)   C (  2)   H (  3)   H (  4)   C (  5)   C (  6)
   C (  2)  1.431118
   H (  3)  0.969878  1.955736
   H (  4)  2.079163  1.103773  2.328453
   C (  5)  2.364005  1.523937  3.212552  2.148110
   C (  6)  2.443039  1.530174  2.580844  2.154707  2.540539
   H (  7)  2.635701  2.162611  3.522521  3.063836  1.095877  2.786558
   H (  8)  2.707742  2.168571  2.945335  3.069568  2.790476  1.095838
   H (  9)  2.588336  2.162693  3.482398  2.489048  1.094487  3.486424
   H ( 10)  2.725111  2.180241  2.447185  2.505376  3.494491  1.098015
   H ( 11)  3.331282  2.170171  4.077912  2.486833  1.095451  2.810617
   H ( 12)  3.394731  2.181519  3.584965  2.499906  2.819024  1.096408
             H (  7)   H (  8)   H (  9)   H ( 10)   H ( 11)
   H (  8)  2.588007
   H (  9)  1.774192  3.783799
   H ( 10)  3.789170  1.775904  4.322543
   H ( 11)  1.779661  3.163745  1.778892  3.816706
   H ( 12)  3.165779  1.780091  3.821610  1.770031  2.645964
 
 A cutoff of  1.0D-08 yielded   3639 shell pairs
 There are  28920 function pairs ( 34904 Cartesian)
Evaluating contribution to one-electron hamiltonian from nuclear
 Smallest overlap matrix eigenvalue = 4.89E-05

 Q-Chem warning in module mkSTV.C, line 194:

 Overlap eigenvalue is smaller than square root of threshold

 Multipole matrices computed through 2nd order

  Scale SEOQF with 1.000000e-01/1.000000e-01/1.000000e-01

 Standard Electronic Orientation quadrupole field applied
 Nucleus-field energy     =    -0.0000000069 hartrees
 Guess from superposition of atomic densities
 Warning:  Energy on first SCF cycle will be non-variational
 An unrestricted hybrid HF-DFT SCF calculation will be
 performed using Pulay DIIS extrapolation
 Exchange:     1.0000 Hartree-Fock + 1.0000 BNL
 Correlation:  1.0000 LYP
 Using SG-1 standard quadrature grid
 SCF converges when DIIS error is below 1.0E-05
 Warning!  Inaccurate integrated density:
   Number of electrons =    35
   Numerical integral  =    34.000227111547
   Relative error      =    -2.8564939670 %
 ---------------------------------------
  Cycle       Energy         DIIS Error
 ---------------------------------------
    1    -193.1623553231      2.79E-02
    2    -192.1254034970      4.12E-03
    3    -192.1808232184      3.86E-03
    4    -192.2639745257      5.68E-04
    5    -192.2665337773      2.70E-04
    6    -192.2674684124      5.66E-05
    7    -192.2677100444      2.34E-05
    8    -192.2678243664      1.54E-05
    9    -192.2678857207      1.01E-05
   10    -192.2679289876      5.83E-06 Convergence criterion met
 ---------------------------------------
 One-Electron    Energy =  -533.1173408487
 Total Coulomb   Energy =   232.1365443576
 Alpha Exchange  Energy =    -3.4429456250
 Beta  Exchange  Energy =    -3.3743507188
 DFT   Exchange  Energy =   -17.7459317323
 DFT Correlation Energy =    -1.1218970356
 Nuclear Repu.   Energy =   134.3979926152
 Nuclear Attr.   Energy =  -724.3740278893
 Kinetic         Energy =   191.2566870406
 <S^2> = 0.7502
 SCF time:  CPU 273.66 s  wall 313.71 s
 Final Alpha MO Eigenvalues
            1           2           3           4           5           6
    1 -18.6439868  -9.8902501  -9.8340423  -9.8231682  -1.0034477  -0.7749226
            7           8           9          10          11          12
    1  -0.6932625  -0.5815620  -0.5063251  -0.4463310  -0.4242883  -0.3740510
           13          14          15          16          17          18
    1  -0.3700719  -0.3518645  -0.3368708  -0.3047917  -0.2537404   0.0303898
           19          20          21          22          23
    1   0.1329280   0.1430947   0.1471154   0.1724441   0.1792501
 Final Beta MO Eigenvalues
            1           2           3           4           5           6
    1 -18.6435365  -9.8899045  -9.8338272  -9.8225046  -1.0026120  -0.7740849
            7           8           9          10          11          12
    1  -0.6921653  -0.5803646  -0.5048668  -0.4450684  -0.4237263  -0.3735924
           13          14          15          16          17          18
    1  -0.3696902  -0.3513647  -0.3361445  -0.3041935  -0.2528834   0.1237279
           19          20          21          22
    1   0.1411754   0.1451244   0.1496493   0.1644149
 Analysis of SCF Wavefunction
 
 --------------------------------------------------------------
                    Orbital Energies (a.u.)
 --------------------------------------------------------------
 
 Alpha MOs
 -- Occupied --
-18.644  -9.890  -9.834  -9.823  -1.003  -0.775  -0.693  -0.582
 -0.506  -0.446  -0.424  -0.374  -0.370  -0.352  -0.337  -0.305
 -0.254   0.030
 -- Virtual --
  0.133   0.143   0.147   0.172   0.179   0.183   0.191   0.236
  0.242   0.264   0.271   0.276   0.278   0.281   0.290   0.298
  0.300   0.321   0.334   0.360   0.380   0.392   0.400   0.416
  0.420   0.449   0.456   0.464   0.475   0.484   0.506   0.525
  0.542   0.570   0.625   0.643   0.670   0.692   0.705   0.714
  0.752   0.757   0.773   0.785   0.786   0.792   0.795   0.836
  0.837   0.861   0.870   0.894   0.903   0.933   0.970   1.021
  1.037   1.084   1.089   1.131   1.160   1.181   1.199   1.222
  1.261   1.295   1.304   1.335   1.355   1.372   1.385   1.406
  1.422   1.451   1.463   1.498   1.517   1.528   1.539   1.562
  1.565   1.584   1.598   1.637   1.680   1.684   1.698   1.717
  1.730   1.774   1.779   1.810   1.827   1.840   1.882   1.883
  2.010   2.120   2.290   2.325   2.514   2.579   2.642   2.759
  2.784   2.823   2.829   2.887   2.938   2.963   3.052   3.075
  3.081   3.121   3.175   3.178   3.199   3.225   3.261   3.347
  3.371   3.403   3.408   3.438   3.475   3.525   3.559   3.567
  3.577   3.609   3.651   3.685   3.749   3.787   3.792   3.822
  3.840   3.871   3.912   3.940   3.976   4.014   4.045   4.068
  4.101   4.134   4.223   4.225   4.240   4.251   4.291   4.351
  4.385   4.433   4.447   4.466   4.472   4.496   4.525   4.550
  4.582   4.589   4.678   4.697   4.730   4.804   4.828   4.858
  4.866   4.910   4.971   5.079   5.281   5.421   5.446   5.527
  5.598   5.629   5.719   5.771   5.809   5.873   5.894   5.921
  5.940   6.076   6.159   6.647   7.214   7.378   7.451   7.499
  7.791   7.900  24.451  24.557  24.661  27.819  27.992  28.294
 28.333  28.362  28.382  28.398  28.583  28.691  41.064  41.115
 41.130  41.131  41.162  41.170  41.366  41.393  41.408  41.420
 41.426  41.447  41.449  41.492  41.522  43.948  43.959  44.025
 44.050  44.121  45.942  46.255  46.628  50.308
 
 Beta MOs
 -- Occupied --
-18.644  -9.890  -9.834  -9.823  -1.003  -0.774  -0.692  -0.580
 -0.505  -0.445  -0.424  -0.374  -0.370  -0.351  -0.336  -0.304
 -0.253
 -- Virtual --
  0.124   0.141   0.145   0.150   0.164   0.174   0.176   0.182
  0.228   0.233   0.254   0.265   0.266   0.269   0.271   0.283
  0.290   0.291   0.311   0.326   0.355   0.375   0.387   0.394
  0.411   0.414   0.443   0.452   0.458   0.472   0.477   0.498
  0.520   0.537   0.564   0.621   0.639   0.667   0.689   0.702
  0.711   0.748   0.754   0.770   0.781   0.782   0.787   0.792
  0.833   0.833   0.858   0.868   0.891   0.899   0.931   0.969
  1.021   1.037   1.083   1.088   1.130   1.160   1.180   1.198
  1.221   1.260   1.295   1.303   1.334   1.354   1.371   1.383
  1.404   1.421   1.450   1.462   1.498   1.516   1.527   1.539
  1.561   1.563   1.583   1.596   1.636   1.679   1.682   1.697
  1.716   1.728   1.773   1.778   1.809   1.826   1.839   1.881
  1.882   2.010   2.120   2.290   2.325   2.514   2.579   2.642
  2.759   2.784   2.823   2.829   2.887   2.938   2.962   3.053
  3.075   3.081   3.121   3.175   3.179   3.199   3.225   3.262
  3.348   3.371   3.404   3.408   3.438   3.475   3.525   3.559
  3.567   3.578   3.610   3.651   3.685   3.749   3.788   3.792
  3.822   3.840   3.872   3.913   3.940   3.976   4.014   4.045
  4.068   4.102   4.134   4.223   4.226   4.240   4.251   4.291
  4.352   4.385   4.433   4.447   4.466   4.472   4.496   4.526
  4.551   4.582   4.589   4.678   4.697   4.731   4.804   4.828
  4.858   4.867   4.910   4.971   5.079   5.281   5.421   5.446
  5.528   5.598   5.629   5.719   5.772   5.810   5.874   5.895
  5.921   5.940   6.076   6.160   6.647   7.215   7.379   7.452
  7.500   7.792   7.901  24.451  24.557  24.662  27.819  27.992
 28.294  28.333  28.362  28.383  28.398  28.583  28.691  41.065
 41.116  41.130  41.132  41.162  41.170  41.366  41.394  41.408
 41.420  41.427  41.447  41.449  41.493  41.522  43.949  43.960
 44.025  44.051  44.121  45.942  46.256  46.629  50.309
 --------------------------------------------------------------
 
          Ground-State Mulliken Net Atomic Charges

     Atom                 Charge (a.u.)    Spin (a.u.)
  --------------------------------------------------------
      1 O                    -0.378795       0.061415
      2 C                    -0.078740       0.046433
      3 H                    -0.246150       0.524502
      4 H                    -0.723076       0.848414
      5 C                     0.685503      -1.074268
      6 C                     1.803792      -2.208590
      7 H                     0.035943       0.086732
      8 H                    -0.209863       0.336772
      9 H                    -0.169668       0.299222
     10 H                    -1.256868       1.392837
     11 H                    -0.136709       0.251966
     12 H                    -0.325369       0.434566
  --------------------------------------------------------
  Sum of atomic charges =    -1.000000
  Sum of spin   charges =     1.000000

 -----------------------------------------------------------------
                    Cartesian Multipole Moments
 -----------------------------------------------------------------
    Charge (ESU x 10^10)
                -4.8032
    Dipole Moment (Debye)
         X      -5.4000      Y       0.7011      Z      -6.2599
       Tot       8.2968
    Quadrupole Moments (Debye-Ang)
        XX     -62.0030     XY       3.7989     YY     -51.0171
        XZ      -7.2444     YZ       0.7775     ZZ     -64.7400
    Octapole Moments (Debye-Ang^2)
       XXX     -77.8465    XXY      22.0376    XYY     -21.1909
       YYY      41.9742    XXZ     -89.3219    XYZ       4.6659
       YYZ     -77.1376    XZZ     -28.6044    YZZ      16.9331
       ZZZ    -261.4917
    Hexadecapole Moments (Debye-Ang^3)
      XXXX    -753.8097   XXXY     101.2297   XXYY    -193.8343
      XYYY      67.5335   YYYY    -417.6264   XXXZ     -74.6183
      XXYZ      35.6852   XYYZ     -21.2904   YYYZ      78.0598
      XXZZ    -330.6872   XYZZ      29.1565   YYZZ    -272.1638
      XZZZ     -67.2035   YZZZ      91.6268   ZZZZ   -1269.3468
 -----------------------------------------------------------------
 Total job time:  316.46s(wall), 274.02s(cpu) 
 Mon Apr 11 18:44:01 2011

        *************************************************************
        *                                                           *
        *  Thank you very much for using Q-Chem.  Have a nice day.  *
        *                                                           *
        *************************************************************


0 sent ACK to 0 
now end server 0 ... 
 
**********************************************************************
Job 2 of 3 
**********************************************************************
 
Process 0 of 1 is on cl193.stfx.acenet.ca - thread support 1
initial socket setup ...start
initial socket setup ...done 
now start server 0 ... 

cmd = /usr/bin/ssh clhead /usr/local/qchem/bin/get_hostid 555851873 > /globalscratch/itamblyn/bnl/g297_b3lyp_neut_g03Large/g2g71127/omega400/qchem9009/lic.dat
                  Welcome to Q-Chem
     A Quantum Leap Into The Future Of Chemistry

 Y. Shao, L. Fusti-Molnar, Y. Jung, J. Kussmann, C. Ochsenfeld,
 S. T. Brown, A. T. B. Gilbert, L. V. Slipchenko,S. V. Levchenko,
 D. P. O'Neill, R. A. DiStasio Jr., R. C. Lochan, T. Wang,
 G. J. O. Beran, N. A. Besley, J. M. Herbert, C. Y. Lin,
 T. Van Voorhis, S. H. Chien, A. Sodt, R. P. Steele, 
 V. A. Rassolov, P. E. Maslen, P. P. Korambath, R. D. Adamson,
 B. Austin, J. Baker, E. F. C. Byrd, H. Dachsel, R. J. Doerksen,
 A. Dreuw, B. D. Dunietz, A. D. Dutoi, T. R. Furlani,
 S. R. Gwaltney, A. Heyden, S. Hirata, C.-P. Hsu, G. Kedziora,
 R. Z. Khaliullin, P. Klunzinger, A. M. Lee, M. S. Lee, W. Liang,
 I. Lotan, N. Nair, B. Peters, E. I. Proynov, P. A. Pieniazek, 
 Y. M. Rhee, J. Ritchie, E. Rosta, C. D. Sherrill, 
 A. C. Simmonett, J. E. Subotnik, H. L. Woodcock III,
 W. Zhang, A. T. Bell, A. K. Chakraborty, D. M. Chipman,
 F. J. Keil, A. Warshel, W. J. Hehre, H. F. Schaefer III,
 J. Kong, A. I. Krylov, P. M. W. Gill, M. Head-Gordon,
 Q-Chem, Version 3.1, Q-Chem, Inc., Pittsburgh, PA (2007).

 Additional authors for Version 3.1: 
 Z. Gan, Y. Zhao, N. E. Schultz, D. Truhlar, E. Epifanovsky and M. Oana.

 Additional authors for Version 3.2: 
 R. Baer, B. R. Brooks, D. Casanova, J.-D. Chai, C.-L. Cheng, 
 C. Cramer, D. Crittenden, A. Ghysels, G. Hawkins, E. G. Hohenstein, 
 C. Kelley, W. Kurlancheek, D. Liotard, E. Livshits, P. Manohar, 
 A. Marenich, D. Neuhauser, R. Olson, M. A. Rohrdanz, K. S. Thanthiriwatte, 
 A. J. W. Thom, V. Vanovschi, C. F. Williams, Q. Wu and Z.-Q. You. 


 Intel X86 Linux Version

 Q-chem begins on Mon Apr 11 18:44:05 2011  

 Parallel job on  1  processors
Processing $rem in /usr/local/qchem/config/preferences.

theFileMan(): MAXOPENFILES=974 MAX_SUB_FILE_NUM=16
Maximum size of a physical file is 2.0 GB, maximum size of a tmp-file is 32.0 GB


--------------------------------------------------------------
User input:
--------------------------------------------------------------

$molecule
0,1
O
C1,O,r1
H1,C1,r2,O,a1
H,O,roh,C1,aoh,H1,toh,0
C2,C1,r3a,O,a2a,H1,t1a,0
C3,C1,r3b,O,a2b,H1,-t1b,0
H,C2,r4a,C1,a4a,H1,t2a,0
H,C3,r5a,C1,a5a,H1,-t2b,0
H,C2,r4b,C1,a4b,H1,t3a,0
H,C3,r5b,C1,a5b,H1,-t3b,0
H,C2,r4c,C1,a4c,H1,-t4a,0
H,C3,r5c,C1,a5c,H1,t4b,0

r1=1.43111827
r2=1.9557364
roh=2.07916264
r3a=1.52393712
r3b=1.53017411
r4a=1.09587708
r5a=1.09583825
r4b=1.09448657
r5b=1.09801539
r4c=1.0954512
r5c=1.0964078
a1=28.22171182
aoh=30.02045037
a2a=106.21524706
a2b=111.13113306
a4a=110.2041443
a5a=110.24366741
a4b=110.29321839
a5b=111.03931704
a4c=110.82961388
a5c=111.23833611
toh=-62.32359188
t1a=179.44473237
t1b=57.80032287
t2a=63.0172795
t2b=83.272013
t3a=-56.37337218
t3b=-36.4963859
t4a=176.72748761
t4b=156.21533884

$end

$comment
neutral
$end

$xc_functional
   X HF 1.0
   X BNL 1.0
   C LYP 1.0
$end

$rem
SYMMETRY_DECOMPOSITION	0
exchange 		general
BASIS                   g3large
omega			400
separate_jk		true
mem_static              760
max_scf_cycles          200
scf_final_print         1
sym_ignore              true
$end

--------------------------------------------------------------
 Writing REM_CC_EA           12
 ----------------------------------------------------
       Standard Nuclear Orientation (Angstroms)
    I     Atom         X            Y            Z
 ----------------------------------------------------
    1      O       0.000000     0.000000     0.000000
    2      C       0.000000     0.000000     1.431118
    3      H       0.924838     0.000000    -0.292129
    4      H       0.483161     0.921207     1.800236
    5      C      -1.463245     0.014181     1.856673
    6      C       0.760558    -1.207760     1.982752
    7      H      -1.967442    -0.894454     1.508657
    8      H       0.298586    -2.138301     1.634130
    9      H      -1.976608     0.877600     1.422084
   10      H       1.806714    -1.200668     1.649367
   11      H      -1.551233     0.066921     2.947310
   12      H       0.763328    -1.208441     3.079156
 ----------------------------------------------------
 Nuclear Repulsion Energy =   134.3979926221 hartrees
 There are       17 alpha and       17 beta electrons
 Requested basis set is G3large
 There are 88 shells and 248 basis functions

Total QAlloc Memory Limit   2000 MB
Mega-Array Size       743 MB
MEM_STATIC part       760 MB

                       Distance Matrix (Angstroms)
             O (  1)   C (  2)   H (  3)   H (  4)   C (  5)   C (  6)
   C (  2)  1.431118
   H (  3)  0.969878  1.955736
   H (  4)  2.079163  1.103773  2.328453
   C (  5)  2.364005  1.523937  3.212552  2.148110
   C (  6)  2.443039  1.530174  2.580844  2.154707  2.540539
   H (  7)  2.635701  2.162611  3.522521  3.063836  1.095877  2.786558
   H (  8)  2.707742  2.168571  2.945335  3.069568  2.790476  1.095838
   H (  9)  2.588336  2.162693  3.482398  2.489048  1.094487  3.486424
   H ( 10)  2.725111  2.180241  2.447185  2.505376  3.494491  1.098015
   H ( 11)  3.331282  2.170171  4.077912  2.486833  1.095451  2.810617
   H ( 12)  3.394731  2.181519  3.584965  2.499906  2.819024  1.096408
             H (  7)   H (  8)   H (  9)   H ( 10)   H ( 11)
   H (  8)  2.588007
   H (  9)  1.774192  3.783799
   H ( 10)  3.789170  1.775904  4.322543
   H ( 11)  1.779661  3.163745  1.778892  3.816706
   H ( 12)  3.165779  1.780091  3.821610  1.770031  2.645964
 
 A cutoff of  1.0D-08 yielded   3639 shell pairs
 There are  28920 function pairs ( 34904 Cartesian)
Evaluating contribution to one-electron hamiltonian from nuclear
 Smallest overlap matrix eigenvalue = 4.89E-05

 Q-Chem warning in module mkSTV.C, line 194:

 Overlap eigenvalue is smaller than square root of threshold

 Multipole matrices computed through 2nd order

  Scale SEOQF with 1.000000e-01/1.000000e-01/1.000000e-01

 Standard Electronic Orientation quadrupole field applied
 Nucleus-field energy     =    -0.0000000069 hartrees
 Guess from superposition of atomic densities
 Warning:  Energy on first SCF cycle will be non-variational
 A restricted hybrid HF-DFT SCF calculation will be
 performed using Pulay DIIS extrapolation
 Exchange:     1.0000 Hartree-Fock + 1.0000 BNL
 Correlation:  1.0000 LYP
 Using SG-1 standard quadrature grid
 SCF converges when DIIS error is below 1.0E-05
 ---------------------------------------
  Cycle       Energy         DIIS Error
 ---------------------------------------
    1    -193.1623553231      2.79E-02
    2    -192.1911588409      3.86E-03
    3    -192.2380222871      3.35E-03
    4    -192.2968525857      5.58E-04
    5    -192.2983638622      2.22E-04
    6    -192.2987041292      4.22E-05
    7    -192.2987175259      8.04E-06 Convergence criterion met
 ---------------------------------------
 One-Electron    Energy =  -528.5826814210
 Total Coulomb   Energy =   227.4918115336
 Alpha Exchange  Energy =    -3.3767630976
 Beta  Exchange  Energy =    -3.3767630976
 DFT   Exchange  Energy =   -17.7372925014
 DFT Correlation Energy =    -1.1150215572
 Nuclear Repu.   Energy =   134.3979926152
 Nuclear Attr.   Energy =  -719.7697684612
 Kinetic         Energy =   191.1870870402
 SCF time:  CPU 150.20 s  wall 173.06 s
 Final Alpha MO Eigenvalues
            1           2           3           4           5           6
    1 -18.7821660 -10.0270868  -9.9648024  -9.9574636  -1.1413931  -0.9082712
            7           8           9          10          11          12
    1  -0.8258740  -0.7149377  -0.6420709  -0.5797249  -0.5601546  -0.5074265
           13          14          15          16          17          18
    1  -0.4952983  -0.4871467  -0.4694807  -0.4392668  -0.3903020   0.0287993
           19          20          21          22
    1   0.0477524   0.0508814   0.0557441   0.0756333
 Analysis of SCF Wavefunction
 
 --------------------------------------------------------------
                    Orbital Energies (a.u.)
 --------------------------------------------------------------
 
 Alpha MOs
 -- Occupied --
-18.782 -10.027  -9.965  -9.957  -1.141  -0.908  -0.826  -0.715
 -0.642  -0.580  -0.560  -0.507  -0.495  -0.487  -0.469  -0.439
 -0.390
 -- Virtual --
  0.029   0.048   0.051   0.056   0.076   0.079   0.086   0.092
  0.121   0.132   0.148   0.156   0.161   0.164   0.169   0.174
  0.182   0.187   0.212   0.216   0.239   0.255   0.265   0.274
  0.290   0.295   0.321   0.327   0.339   0.348   0.363   0.383
  0.399   0.415   0.444   0.499   0.517   0.539   0.560   0.577
  0.588   0.624   0.626   0.646   0.652   0.657   0.662   0.666
  0.700   0.704   0.725   0.738   0.767   0.774   0.799   0.840
  0.889   0.905   0.953   0.955   0.998   1.029   1.049   1.066
  1.089   1.129   1.164   1.175   1.201   1.222   1.244   1.252
  1.271   1.292   1.318   1.333   1.370   1.383   1.397   1.406
  1.430   1.436   1.452   1.463   1.500   1.547   1.555   1.565
  1.582   1.601   1.642   1.648   1.678   1.696   1.707   1.747
  1.750   1.878   1.983   2.155   2.189   2.379   2.442   2.511
  2.624   2.648   2.691   2.698   2.752   2.807   2.829   2.919
  2.940   2.947   2.986   3.042   3.048   3.066   3.091   3.129
  3.216   3.235   3.272   3.277   3.303   3.341   3.395   3.425
  3.432   3.448   3.475   3.518   3.551   3.616   3.651   3.663
  3.692   3.704   3.737   3.779   3.804   3.841   3.874   3.909
  3.936   3.967   4.000   4.085   4.092   4.107   4.119   4.160
  4.217   4.248   4.298   4.312   4.334   4.342   4.363   4.389
  4.415   4.448   4.454   4.549   4.560   4.599   4.670   4.699
  4.719   4.738   4.775   4.837   4.946   5.144   5.285   5.310
  5.391   5.465   5.495   5.582   5.635   5.671   5.737   5.766
  5.788   5.808   5.940   6.023   6.510   7.077   7.238   7.314
  7.362   7.654   7.763  24.316  24.424  24.527  27.684  27.857
 28.157  28.203  28.227  28.253  28.263  28.449  28.556  40.931
 40.980  40.990  41.005  41.021  41.042  41.229  41.258  41.278
 41.282  41.292  41.307  41.323  41.367  41.383  43.810  43.822
 43.887  43.912  43.983  45.804  46.117  46.490  50.170
 --------------------------------------------------------------
 
          Ground-State Mulliken Net Atomic Charges

     Atom                 Charge (a.u.)
  ----------------------------------------
      1 O                    -0.297007
      2 C                    -0.075092
      3 H                     0.256020
      4 H                     0.123812
      5 C                    -0.378527
      6 C                    -0.419874
      7 H                     0.140882
      8 H                     0.156422
      9 H                     0.143190
     10 H                     0.110710
     11 H                     0.118324
     12 H                     0.121139
  ----------------------------------------
  Sum of atomic charges =     0.000000

 -----------------------------------------------------------------
                    Cartesian Multipole Moments
 -----------------------------------------------------------------
    Charge (ESU x 10^10)
                 0.0000
    Dipole Moment (Debye)
         X       1.3674      Y      -0.0555      Z       1.1894
       Tot       1.8132
    Quadrupole Moments (Debye-Ang)
        XX     -25.5742     XY       0.1117     YY     -27.5705
        XZ      -0.9793     YZ      -0.0602     ZZ     -25.4574
    Octapole Moments (Debye-Ang^2)
       XXX      16.6835    XXY       9.4726    XYY       3.8725
       YYY      27.4619    XXZ     -39.4319    XYZ       0.1591
       YYZ     -38.3275    XZZ       5.0471    YZZ       9.2188
       ZZZ    -110.6725
    Hexadecapole Moments (Debye-Ang^3)
      XXXX    -187.6064   XXXY      22.7043   XXYY     -51.5274
      XYYY      25.4772   YYYY    -123.7304   XXXZ      28.7420
      XXYZ      19.2077   XYYZ       8.8171   YYYZ      56.9532
      XXZZ    -113.7237   XYZZ       7.7720   YYZZ    -102.8370
      XZZZ      27.0910   YZZZ      54.9435   ZZZZ    -455.2456
 -----------------------------------------------------------------
 Total job time:  177.85s(wall), 150.59s(cpu) 
 Mon Apr 11 18:47:03 2011

        *************************************************************
        *                                                           *
        *  Thank you very much for using Q-Chem.  Have a nice day.  *
        *                                                           *
        *************************************************************


0 sent ACK to 0 
now end server 0 ... 
 
**********************************************************************
Job 3 of 3 
**********************************************************************
 
Process 0 of 1 is on cl193.stfx.acenet.ca - thread support 1
initial socket setup ...start
initial socket setup ...done 
now start server 0 ... 

cmd = /usr/bin/ssh clhead /usr/local/qchem/bin/get_hostid 2126153419 > /globalscratch/itamblyn/bnl/g297_b3lyp_neut_g03Large/g2g71127/omega400/qchem9009/lic.dat
                  Welcome to Q-Chem
     A Quantum Leap Into The Future Of Chemistry

 Y. Shao, L. Fusti-Molnar, Y. Jung, J. Kussmann, C. Ochsenfeld,
 S. T. Brown, A. T. B. Gilbert, L. V. Slipchenko,S. V. Levchenko,
 D. P. O'Neill, R. A. DiStasio Jr., R. C. Lochan, T. Wang,
 G. J. O. Beran, N. A. Besley, J. M. Herbert, C. Y. Lin,
 T. Van Voorhis, S. H. Chien, A. Sodt, R. P. Steele, 
 V. A. Rassolov, P. E. Maslen, P. P. Korambath, R. D. Adamson,
 B. Austin, J. Baker, E. F. C. Byrd, H. Dachsel, R. J. Doerksen,
 A. Dreuw, B. D. Dunietz, A. D. Dutoi, T. R. Furlani,
 S. R. Gwaltney, A. Heyden, S. Hirata, C.-P. Hsu, G. Kedziora,
 R. Z. Khaliullin, P. Klunzinger, A. M. Lee, M. S. Lee, W. Liang,
 I. Lotan, N. Nair, B. Peters, E. I. Proynov, P. A. Pieniazek, 
 Y. M. Rhee, J. Ritchie, E. Rosta, C. D. Sherrill, 
 A. C. Simmonett, J. E. Subotnik, H. L. Woodcock III,
 W. Zhang, A. T. Bell, A. K. Chakraborty, D. M. Chipman,
 F. J. Keil, A. Warshel, W. J. Hehre, H. F. Schaefer III,
 J. Kong, A. I. Krylov, P. M. W. Gill, M. Head-Gordon,
 Q-Chem, Version 3.1, Q-Chem, Inc., Pittsburgh, PA (2007).

 Additional authors for Version 3.1: 
 Z. Gan, Y. Zhao, N. E. Schultz, D. Truhlar, E. Epifanovsky and M. Oana.

 Additional authors for Version 3.2: 
 R. Baer, B. R. Brooks, D. Casanova, J.-D. Chai, C.-L. Cheng, 
 C. Cramer, D. Crittenden, A. Ghysels, G. Hawkins, E. G. Hohenstein, 
 C. Kelley, W. Kurlancheek, D. Liotard, E. Livshits, P. Manohar, 
 A. Marenich, D. Neuhauser, R. Olson, M. A. Rohrdanz, K. S. Thanthiriwatte, 
 A. J. W. Thom, V. Vanovschi, C. F. Williams, Q. Wu and Z.-Q. You. 


 Intel X86 Linux Version

 Q-chem begins on Mon Apr 11 18:47:06 2011  

 Parallel job on  1  processors
Processing $rem in /usr/local/qchem/config/preferences.

theFileMan(): MAXOPENFILES=974 MAX_SUB_FILE_NUM=16
Maximum size of a physical file is 2.0 GB, maximum size of a tmp-file is 32.0 GB


--------------------------------------------------------------
User input:
--------------------------------------------------------------

$molecule
1,2
O
C1,O,r1
H1,C1,r2,O,a1
H,O,roh,C1,aoh,H1,toh,0
C2,C1,r3a,O,a2a,H1,t1a,0
C3,C1,r3b,O,a2b,H1,-t1b,0
H,C2,r4a,C1,a4a,H1,t2a,0
H,C3,r5a,C1,a5a,H1,-t2b,0
H,C2,r4b,C1,a4b,H1,t3a,0
H,C3,r5b,C1,a5b,H1,-t3b,0
H,C2,r4c,C1,a4c,H1,-t4a,0
H,C3,r5c,C1,a5c,H1,t4b,0

r1=1.43111827
r2=1.9557364
roh=2.07916264
r3a=1.52393712
r3b=1.53017411
r4a=1.09587708
r5a=1.09583825
r4b=1.09448657
r5b=1.09801539
r4c=1.0954512
r5c=1.0964078
a1=28.22171182
aoh=30.02045037
a2a=106.21524706
a2b=111.13113306
a4a=110.2041443
a5a=110.24366741
a4b=110.29321839
a5b=111.03931704
a4c=110.82961388
a5c=111.23833611
toh=-62.32359188
t1a=179.44473237
t1b=57.80032287
t2a=63.0172795
t2b=83.272013
t3a=-56.37337218
t3b=-36.4963859
t4a=176.72748761
t4b=156.21533884

$end

$comment
positive
$end

$xc_functional
   X HF 1.0
   X BNL 1.0
   C LYP 1.0
$end

$rem
SYMMETRY_DECOMPOSITION	0
exchange 		general
BASIS                   g3large
omega			400
separate_jk		true
mem_static              760
max_scf_cycles          200
scf_final_print         1
sym_ignore              true
$end

--------------------------------------------------------------
 Writing REM_CC_EA           12
 ----------------------------------------------------
       Standard Nuclear Orientation (Angstroms)
    I     Atom         X            Y            Z
 ----------------------------------------------------
    1      O       0.000000     0.000000     0.000000
    2      C       0.000000     0.000000     1.431118
    3      H       0.924838     0.000000    -0.292129
    4      H       0.483161     0.921207     1.800236
    5      C      -1.463245     0.014181     1.856673
    6      C       0.760558    -1.207760     1.982752
    7      H      -1.967442    -0.894454     1.508657
    8      H       0.298586    -2.138301     1.634130
    9      H      -1.976608     0.877600     1.422084
   10      H       1.806714    -1.200668     1.649367
   11      H      -1.551233     0.066921     2.947310
   12      H       0.763328    -1.208441     3.079156
 ----------------------------------------------------
 Nuclear Repulsion Energy =   134.3979926221 hartrees
 There are       17 alpha and       16 beta electrons
 Requested basis set is G3large
 There are 88 shells and 248 basis functions

Total QAlloc Memory Limit   2000 MB
Mega-Array Size       743 MB
MEM_STATIC part       760 MB

                       Distance Matrix (Angstroms)
             O (  1)   C (  2)   H (  3)   H (  4)   C (  5)   C (  6)
   C (  2)  1.431118
   H (  3)  0.969878  1.955736
   H (  4)  2.079163  1.103773  2.328453
   C (  5)  2.364005  1.523937  3.212552  2.148110
   C (  6)  2.443039  1.530174  2.580844  2.154707  2.540539
   H (  7)  2.635701  2.162611  3.522521  3.063836  1.095877  2.786558
   H (  8)  2.707742  2.168571  2.945335  3.069568  2.790476  1.095838
   H (  9)  2.588336  2.162693  3.482398  2.489048  1.094487  3.486424
   H ( 10)  2.725111  2.180241  2.447185  2.505376  3.494491  1.098015
   H ( 11)  3.331282  2.170171  4.077912  2.486833  1.095451  2.810617
   H ( 12)  3.394731  2.181519  3.584965  2.499906  2.819024  1.096408
             H (  7)   H (  8)   H (  9)   H ( 10)   H ( 11)
   H (  8)  2.588007
   H (  9)  1.774192  3.783799
   H ( 10)  3.789170  1.775904  4.322543
   H ( 11)  1.779661  3.163745  1.778892  3.816706
   H ( 12)  3.165779  1.780091  3.821610  1.770031  2.645964
 
 A cutoff of  1.0D-08 yielded   3639 shell pairs
 There are  28920 function pairs ( 34904 Cartesian)
Evaluating contribution to one-electron hamiltonian from nuclear
 Smallest overlap matrix eigenvalue = 4.89E-05

 Q-Chem warning in module mkSTV.C, line 194:

 Overlap eigenvalue is smaller than square root of threshold

 Multipole matrices computed through 2nd order

  Scale SEOQF with 1.000000e-01/1.000000e-01/1.000000e-01

 Standard Electronic Orientation quadrupole field applied
 Nucleus-field energy     =    -0.0000000069 hartrees
 Guess from superposition of atomic densities
 Warning:  Energy on first SCF cycle will be non-variational
 An unrestricted hybrid HF-DFT SCF calculation will be
 performed using Pulay DIIS extrapolation
 Exchange:     1.0000 Hartree-Fock + 1.0000 BNL
 Correlation:  1.0000 LYP
 Using SG-1 standard quadrature grid
 SCF converges when DIIS error is below 1.0E-05
 Warning!  Inaccurate integrated density:
   Number of electrons =    33
   Numerical integral  =    34.000227111547
   Relative error      =     3.0309912471 %
 ---------------------------------------
  Cycle       Energy         DIIS Error
 ---------------------------------------
    1    -193.1623553231      2.79E-02
    2    -191.8316409571      2.73E-03
    3    -191.8739223629      2.22E-03
    4    -191.8986189712      6.72E-04
    5    -191.9035980953      4.01E-04
    6    -191.9059720899      1.77E-04
    7    -191.9079827011      1.43E-04
    8    -191.9103790885      5.68E-05
    9    -191.9110517645      3.32E-05
   10    -191.9114567702      2.26E-05
   11    -191.9116038372      1.70E-05
   12    -191.9117028297      8.36E-06 Convergence criterion met
 ---------------------------------------
 One-Electron    Energy =  -519.7520530024
 Total Coulomb   Energy =   218.6820672779
 Alpha Exchange  Energy =    -3.3978130017
 Beta  Exchange  Energy =    -3.1693066913
 DFT   Exchange  Energy =   -17.5914123395
 DFT Correlation Energy =    -1.0811776878
 Nuclear Repu.   Energy =   134.3979926152
 Nuclear Attr.   Energy =  -710.6306731189
 Kinetic         Energy =   190.8786201164
 <S^2> = 0.7548
 SCF time:  CPU 330.99 s  wall 379.72 s
 Final Alpha MO Eigenvalues
            1           2           3           4           5           6
    1 -19.1623176 -10.3044497 -10.2034596 -10.1632179  -1.4831346  -1.1677409
            7           8           9          10          11          12
    1  -1.0549723  -0.9795304  -0.9370185  -0.8617093  -0.8248706  -0.7717032
           13          14          15          16          17          18
    1  -0.7334789  -0.7284854  -0.7035521  -0.6843058  -0.6775318  -0.1347249
           19          20          21          22
    1  -0.0929564  -0.0850384  -0.0756264  -0.0578334
 Final Beta MO Eigenvalues
            1           2           3           4           5           6
    1 -19.1443985 -10.3026010 -10.2005841 -10.1631202  -1.4510602  -1.1527784
            7           8           9          10          11          12
    1  -1.0478641  -0.9681409  -0.9084593  -0.8224346  -0.8033814  -0.7360467
           13          14          15          16          17          18
    1  -0.7245867  -0.7016396  -0.6846521  -0.6755926  -0.3842520  -0.1324873
           19          20          21
    1  -0.0915111  -0.0839220  -0.0750799
 Analysis of SCF Wavefunction
 
 --------------------------------------------------------------
                    Orbital Energies (a.u.)
 --------------------------------------------------------------
 
 Alpha MOs
 -- Occupied --
-19.162 -10.304 -10.203 -10.163  -1.483  -1.168  -1.055  -0.980
 -0.937  -0.862  -0.825  -0.772  -0.733  -0.728  -0.704  -0.684
 -0.678
 -- Virtual --
 -0.135  -0.093  -0.085  -0.076  -0.058  -0.049  -0.044  -0.038
 -0.026  -0.019  -0.006  -0.004   0.008   0.017   0.024   0.027
  0.039   0.047   0.053   0.063   0.068   0.077   0.089   0.096
  0.108   0.120   0.125   0.133   0.142   0.148   0.193   0.198
  0.213   0.224   0.246   0.308   0.328   0.329   0.352   0.377
  0.397   0.412   0.426   0.436   0.457   0.464   0.470   0.481
  0.487   0.492   0.505   0.529   0.575   0.577   0.600   0.622
  0.674   0.696   0.729   0.736   0.778   0.819   0.833   0.847
  0.866   0.907   0.939   0.957   0.975   0.980   1.005   1.034
  1.058   1.075   1.096   1.118   1.150   1.166   1.176   1.188
  1.200   1.226   1.239   1.252   1.267   1.325   1.342   1.355
  1.372   1.394   1.424   1.432   1.465   1.478   1.482   1.526
  1.535   1.605   1.681   1.874   1.904   2.079   2.161   2.297
  2.386   2.401   2.462   2.479   2.522   2.576   2.583   2.668
  2.685   2.708   2.731   2.803   2.830   2.841   2.869   2.889
  2.996   2.997   3.029   3.049   3.061   3.119   3.176   3.185
  3.202   3.227   3.247   3.287   3.315   3.362   3.420   3.445
  3.459   3.468   3.487   3.525   3.547   3.583   3.607   3.670
  3.698   3.738   3.762   3.835   3.858   3.878   3.893   3.933
  3.975   3.989   4.045   4.082   4.104   4.126   4.144   4.156
  4.160   4.200   4.220   4.325   4.330   4.374   4.442   4.473
  4.485   4.513   4.538   4.594   4.712   4.773   4.943   4.975
  5.091   5.168   5.260   5.264   5.331   5.343   5.481   5.535
  5.569   5.594   5.642   5.726   6.184   6.694   6.902   6.948
  6.985   7.308   7.423  24.063  24.198  24.284  27.430  27.602
 27.888  27.977  27.993  28.037  28.045  28.202  28.311  40.661
 40.709  40.749  40.780  40.796  40.827  40.950  40.985  41.015
 41.039  41.068  41.082  41.115  41.131  41.165  43.410  43.422
 43.491  43.539  43.611  45.408  45.746  46.118  49.791
 
 Beta MOs
 -- Occupied --
-19.144 -10.303 -10.201 -10.163  -1.451  -1.153  -1.048  -0.968
 -0.908  -0.822  -0.803  -0.736  -0.725  -0.702  -0.685  -0.676
 -- Virtual --
 -0.384  -0.132  -0.092  -0.084  -0.075  -0.057  -0.048  -0.043
 -0.037  -0.026  -0.019  -0.004  -0.002   0.010   0.018   0.025
  0.028   0.040   0.052   0.054   0.065   0.070   0.079   0.090
  0.098   0.109   0.125   0.128   0.136   0.146   0.152   0.197
  0.200   0.215   0.226   0.249   0.310   0.331   0.333   0.359
  0.380   0.401   0.415   0.428   0.441   0.460   0.466   0.473
  0.483   0.492   0.497   0.509   0.532   0.579   0.579   0.601
  0.625   0.677   0.699   0.733   0.739   0.780   0.822   0.837
  0.851   0.872   0.912   0.945   0.962   0.983   0.991   1.011
  1.037   1.060   1.079   1.099   1.122   1.153   1.171   1.180
  1.190   1.208   1.230   1.243   1.255   1.272   1.329   1.349
  1.358   1.375   1.397   1.427   1.438   1.468   1.482   1.487
  1.530   1.538   1.621   1.704   1.890   1.917   2.100   2.168
  2.300   2.399   2.405   2.466   2.482   2.527   2.583   2.592
  2.674   2.693   2.715   2.744   2.808   2.832   2.846   2.871
  2.896   2.999   3.002   3.037   3.054   3.067   3.122   3.181
  3.192   3.206   3.230   3.250   3.290   3.320   3.370   3.424
  3.449   3.465   3.472   3.491   3.531   3.551   3.591   3.614
  3.676   3.707   3.742   3.769   3.841   3.861   3.883   3.896
  3.940   3.982   3.997   4.056   4.086   4.110   4.129   4.148
  4.160   4.171   4.213   4.226   4.330   4.338   4.379   4.448
  4.480   4.492   4.518   4.548   4.604   4.718   4.830   4.980
  5.008   5.119   5.186   5.266   5.283   5.361   5.366   5.497
  5.540   5.573   5.599   5.660   5.735   6.203   6.753   6.924
  6.992   7.040   7.337   7.444  24.066  24.201  24.285  27.433
 27.604  27.889  27.979  27.995  28.038  28.045  28.205  28.313
 40.665  40.710  40.753  40.783  40.796  40.827  40.954  40.986
 41.018  41.043  41.070  41.082  41.115  41.135  41.166  43.460
 43.471  43.536  43.559  43.630  45.444  45.759  46.131  49.813
 --------------------------------------------------------------
 
          Ground-State Mulliken Net Atomic Charges

     Atom                 Charge (a.u.)    Spin (a.u.)
  --------------------------------------------------------
      1 O                     0.132348       0.629546
      2 C                    -0.208431       0.072684
      3 H                     0.332765      -0.013301
      4 H                     0.282479       0.146921
      5 C                    -0.330417      -0.003262
      6 C                    -0.311046       0.127286
      7 H                     0.191147       0.020465
      8 H                     0.202716       0.007086
      9 H                     0.183956       0.011744
     10 H                     0.162797      -0.003861
     11 H                     0.170811      -0.001304
     12 H                     0.190875       0.005996
  --------------------------------------------------------
  Sum of atomic charges =     1.000000
  Sum of spin   charges =     1.000000

 -----------------------------------------------------------------
                    Cartesian Multipole Moments
 -----------------------------------------------------------------
    Charge (ESU x 10^10)
                 4.8032
    Dipole Moment (Debye)
         X       1.5592      Y      -1.0251      Z       6.2089
       Tot       6.4833
    Quadrupole Moments (Debye-Ang)
        XX     -18.3441     XY      -0.9170     YY     -20.2606
        XZ      -1.0490     YZ      -2.3991     ZZ     -10.5322
    Octapole Moments (Debye-Ang^2)
       XXX      12.0751    XXY       6.9632    XYY       5.6226
       YYY      20.0158    XXZ     -27.5634    XYZ      -2.3535
       YYZ     -26.9810    XZZ       5.0914    YZZ       2.2643
       ZZZ     -71.0244
    Hexadecapole Moments (Debye-Ang^3)
      XXXX    -149.0535   XXXY      18.0653   XXYY     -40.2451
      XYYY      20.1600   YYYY     -92.3250   XXXZ      18.9801
      XXYZ      13.9897   XYYZ      13.1971   YYYZ      41.7051
      XXZZ     -83.0411   XYZZ       0.5833   YYZZ     -73.7076
      XZZZ      26.5184   YZZZ      32.4023   ZZZZ    -329.2806
 -----------------------------------------------------------------
 Total job time:  386.28s(wall), 331.35s(cpu) 
 Mon Apr 11 18:53:32 2011

        *************************************************************
        *                                                           *
        *  Thank you very much for using Q-Chem.  Have a nice day.  *
        *                                                           *
        *************************************************************


0 sent ACK to 0 
now end server 0 ... 
