Process 0 of 1 is on cl122 - thread support 1
initial socket setup ...start
initial socket setup ...done 
now start server 0 ... 

cmd = /usr/bin/ssh clhead /usr/local/qchem/bin/get_hostid 265798521 > /tmp/1601966.1.medium.q/qchem400/lic.dat

cmd = /usr/bin/ssh clhead /usr/local/qchem/bin/get_hostid 265798521 > /tmp/1601966.1.medium.q/qchem400/lic.dat

cmd = /usr/bin/ssh clhead /usr/local/qchem/bin/get_hostid 265798521 > /tmp/1601966.1.medium.q/qchem400/lic.dat

cmd = /usr/bin/ssh clhead /usr/local/qchem/bin/get_hostid 265798521 > /tmp/1601966.1.medium.q/qchem400/lic.dat

cmd = /usr/bin/ssh clhead /usr/local/qchem/bin/get_hostid 265798521 > /tmp/1601966.1.medium.q/qchem400/lic.dat
                  Welcome to Q-Chem
     A Quantum Leap Into The Future Of Chemistry

 Y. Shao, L. Fusti-Molnar, Y. Jung, J. Kussmann, C. Ochsenfeld,
 S. T. Brown, A. T. B. Gilbert, L. V. Slipchenko,S. V. Levchenko,
 D. P. O'Neill, R. A. DiStasio Jr., R. C. Lochan, T. Wang,
 G. J. O. Beran, N. A. Besley, J. M. Herbert, C. Y. Lin,
 T. Van Voorhis, S. H. Chien, A. Sodt, R. P. Steele, 
 V. A. Rassolov, P. E. Maslen, P. P. Korambath, R. D. Adamson,
 B. Austin, J. Baker, E. F. C. Byrd, H. Dachsel, R. J. Doerksen,
 A. Dreuw, B. D. Dunietz, A. D. Dutoi, T. R. Furlani,
 S. R. Gwaltney, A. Heyden, S. Hirata, C.-P. Hsu, G. Kedziora,
 R. Z. Khaliullin, P. Klunzinger, A. M. Lee, M. S. Lee, W. Liang,
 I. Lotan, N. Nair, B. Peters, E. I. Proynov, P. A. Pieniazek, 
 Y. M. Rhee, J. Ritchie, E. Rosta, C. D. Sherrill, 
 A. C. Simmonett, J. E. Subotnik, H. L. Woodcock III,
 W. Zhang, A. T. Bell, A. K. Chakraborty, D. M. Chipman,
 F. J. Keil, A. Warshel, W. J. Hehre, H. F. Schaefer III,
 J. Kong, A. I. Krylov, P. M. W. Gill, M. Head-Gordon,
 Q-Chem, Version 3.1, Q-Chem, Inc., Pittsburgh, PA (2007).

 Additional authors for Version 3.1: 
 Z. Gan, Y. Zhao, N. E. Schultz, D. Truhlar, E. Epifanovsky and M. Oana.

 Additional authors for Version 3.2: 
 R. Baer, B. R. Brooks, D. Casanova, J.-D. Chai, C.-L. Cheng, 
 C. Cramer, D. Crittenden, A. Ghysels, G. Hawkins, E. G. Hohenstein, 
 C. Kelley, W. Kurlancheek, D. Liotard, E. Livshits, P. Manohar, 
 A. Marenich, D. Neuhauser, R. Olson, M. A. Rohrdanz, K. S. Thanthiriwatte, 
 A. J. W. Thom, V. Vanovschi, C. F. Williams, Q. Wu and Z.-Q. You. 


 Intel X86 Linux Version

 Q-chem begins on Thu Mar 20 02:56:42 2014  

 Parallel job on  1  processors
Processing $rem in /usr/local/qchem/config/preferences.

theFileMan(): MAXOPENFILES=974 MAX_SUB_FILE_NUM=16
Maximum size of a physical file is 2.0 GB, maximum size of a tmp-file is 32.0 GB


--------------------------------------------------------------
User input:
--------------------------------------------------------------

$molecule
-1,2
C         -0.00006        0.00015        0.99980
C          1.26532        0.76004        0.98857
C          1.26516       -0.76001        0.98799
C         -1.27231       -0.00021        0.25137
C         -1.25820        0.00027        1.77153
H          1.57504        1.26150        1.90176
H          1.55860        1.26345        0.07108
H          1.57486       -1.26190        1.90095
H          1.55826       -1.26313        0.07027
H         -1.57794       -0.91602       -0.24774
H         -1.57802        0.91521       -0.24839
H         -1.55535       -0.91513        2.27650
H         -1.55537        0.91578        2.27629
$end

$comment
negative
$end

$xc_functional
C PBE   1.00
X wPBE  1.00
$end

$rem
SYMMETRY_DECOMPOSITION	0
exchange 		general
LRC_DFT                 true
BASIS                   g3large
omega			280
mem_static              760
max_scf_cycles          200
scf_final_print         1
sym_ignore              true
$end

--------------------------------------------------------------
 Writing REM_CC_EA           13
 ----------------------------------------------------
       Standard Nuclear Orientation (Angstroms)
    I     Atom         X            Y            Z
 ----------------------------------------------------
    1      C      -0.000060     0.000150     0.999800
    2      C       1.265320     0.760040     0.988570
    3      C       1.265160    -0.760010     0.987990
    4      C      -1.272310    -0.000210     0.251370
    5      C      -1.258200     0.000270     1.771530
    6      H       1.575040     1.261500     1.901760
    7      H       1.558600     1.263450     0.071080
    8      H       1.574860    -1.261900     1.900950
    9      H       1.558260    -1.263130     0.070270
   10      H      -1.577940    -0.916020    -0.247740
   11      H      -1.578020     0.915210    -0.248390
   12      H      -1.555350    -0.915130     2.276500
   13      H      -1.555370     0.915780     2.276290
 ----------------------------------------------------
 Nuclear Repulsion Energy =   170.9200549349 hartrees
 There are       20 alpha and       19 beta electrons
 Requested basis set is G3large
 There are 98 shells and 290 basis functions

Total QAlloc Memory Limit   2000 MB
Mega-Array Size       743 MB
MEM_STATIC part       760 MB

                       Distance Matrix (Angstroms)
             C (  1)   C (  2)   C (  3)   C (  4)   C (  5)   H (  6)
   C (  2)  1.476057
   C (  3)  1.476064  1.520050
   C (  4)  1.476065  2.749729  2.749302
   C (  5)  1.475969  2.749260  2.749419  1.520226
   H (  6)  2.210311  1.086878  2.239979  3.524642  3.104015
   H (  7)  2.210852  1.086841  2.240808  3.105381  3.524417  1.830755
   H (  8)  2.210252  2.239753  1.086878  3.524110  3.104199  2.523400
   H (  9)  2.210942  2.241050  1.086852  3.104817  3.524615  3.119037
   H ( 10)  2.210301  3.524453  3.103963  1.086843  2.240373  4.393544
   H ( 11)  2.210265  3.104630  3.524013  1.086836  2.240419  3.832082
   H ( 12)  2.210572  3.524363  3.104770  2.240166  1.086853  3.831121
   H ( 13)  2.210609  3.104637  3.524681  2.240416  1.086854  3.171634
             H (  7)   H (  8)   H (  9)   H ( 10)   H ( 11)   H ( 12)
   H (  8)  3.118667
   H (  9)  2.526580  1.830756
   H ( 10)  3.832704  3.831012  3.171335
   H ( 11)  3.172021  4.393190  3.831835  1.831230
   H ( 12)  4.393947  3.171672  3.831856  2.524341  3.118610
   H ( 13)  3.831532  3.831646  4.394185  3.118770  2.524782  1.830910

 
 A cutoff of  1.0D-08 yielded   4435 shell pairs
 There are  39245 function pairs ( 48051 Cartesian)
Evaluating contribution to one-electron hamiltonian from nuclear
 Smallest overlap matrix eigenvalue = 2.59E-05

 Q-Chem warning in module mkSTV.C, line 194:

 Overlap eigenvalue is smaller than square root of threshold

 Multipole matrices computed through 2nd order

  Scale SEOQF with 1.000000e-01/1.000000e-01/1.000000e-01

 Standard Electronic Orientation quadrupole field applied
 Nucleus-field energy     =    -0.0000000026 hartrees
 Guess from superposition of atomic densities
 Warning:  Energy on first SCF cycle will be non-variational
 Long-range K will be added via erf
 Coulomb attenuation parameter = 0.28 bohr**(-1)
 An unrestricted Kohn-Sham SCF calculation will be
 performed using Pulay DIIS extrapolation
 Exchange:  wPBE + LR-HF      Correlation:  PBE
 Using SG-1 standard quadrature grid
 SCF converges when DIIS error is below 1.0E-05
 Requested basis set is G3large
 There are 98 shells and 290 basis functions
 A cutoff of  1.0D-08 yielded   4435 shell pairs
 There are  39245 function pairs ( 48051 Cartesian)
 Warning!  Inaccurate integrated density:
   Number of electrons =    39
   Numerical integral  =    37.999764099938
   Relative error      =    -2.5647074361 %
 ---------------------------------------
  Cycle       Energy         DIIS Error
 ---------------------------------------
    1    -196.9282801120      2.89E-02
    2    -194.9169479322      3.39E-03
    3    -194.9896547261      3.40E-03
    4    -195.1139873843      3.74E-04
    5    -195.1195910757      2.23E-04
    6    -195.1216247682      6.79E-05
    7    -195.1224135811      3.13E-05
    8    -195.1227578810      2.10E-05
    9    -195.1229885784      1.72E-05
   10    -195.1232024937      1.24E-05
   11    -195.1233613783      9.02E-06 Convergence criterion met
 ---------------------------------------
 One-Electron    Energy =  -604.2532547558
 Total Coulomb   Energy =   268.2857698778
 Alpha Exchange  Energy =    -2.8407330998
 Beta  Exchange  Energy =    -2.7822001814
 DFT   Exchange  Energy =   -23.2006279448
 DFT Correlation Energy =    -1.2523702068
 Nuclear Repu.   Energy =   170.9200549324
 Nuclear Attr.   Energy =  -798.5320938820
 Kinetic         Energy =   194.2788391263
 <S^2> = 0.7501
 SCF time:  CPU 503.03 s  wall 505.12 s
 Final Alpha MO Eigenvalues
            1           2           3           4           5           6
    1  -9.9276101  -9.9191983  -9.9120142  -9.9118296  -9.9112014  -0.8492559
            7           8           9          10          11          12
    1  -0.7669332  -0.5735312  -0.5696233  -0.5104806  -0.4538551  -0.4435214
           13          14          15          16          17          18
    1  -0.4394025  -0.3345023  -0.3206941  -0.3189224  -0.2525674  -0.2512764
           19          20          21          22          23          24
    1  -0.2408527   0.0326844   0.1279525   0.1282228   0.1294779   0.1577379
           25
    1   0.1578419
 Final Beta MO Eigenvalues
            1           2           3           4           5           6
    1  -9.9276175  -9.9191098  -9.9117434  -9.9115989  -9.9109489  -0.8491555
            7           8           9          10          11          12
    1  -0.7667529  -0.5729115  -0.5688355  -0.5097284  -0.4532570  -0.4432311
           13          14          15          16          17          18
    1  -0.4388337  -0.3341430  -0.3201405  -0.3185527  -0.2522775  -0.2510234
           19          20          21          22          23          24
    1  -0.2403301   0.1255448   0.1389107   0.1406967   0.1443821   0.1594053
 Analysis of SCF Wavefunction
 
 --------------------------------------------------------------
                    Orbital Energies (a.u.)
 --------------------------------------------------------------
 
 Alpha MOs
 -- Occupied --
 -9.928  -9.919  -9.912  -9.912  -9.911  -0.849  -0.767  -0.574
 -0.570  -0.510  -0.454  -0.444  -0.439  -0.335  -0.321  -0.319
 -0.253  -0.251  -0.241   0.033
 -- Virtual --
  0.128   0.128   0.129   0.158   0.158   0.162   0.180   0.189
  0.218   0.243   0.246   0.253   0.261   0.264   0.264   0.279
  0.283   0.287   0.297   0.309   0.309   0.321   0.332   0.335
  0.338   0.339   0.351   0.352   0.367   0.409   0.411   0.414
  0.443   0.459   0.465   0.475   0.496   0.527   0.528   0.539
  0.545   0.601   0.649   0.666   0.667   0.672   0.694   0.698
  0.729   0.750   0.752   0.771   0.780   0.786   0.798   0.799
  0.814   0.815   0.832   0.841   0.851   0.854   0.859   0.874
  0.906   0.959   1.001   1.002   1.008   1.025   1.053   1.081
  1.106   1.114   1.116   1.184   1.236   1.238   1.262   1.290
  1.309   1.310   1.318   1.335   1.338   1.374   1.384   1.385
  1.441   1.443   1.499   1.504   1.507   1.528   1.551   1.554
  1.575   1.579   1.602   1.609   1.612   1.650   1.652   1.669
  1.674   1.698   1.747   1.761   1.764   1.777   1.788   1.792
  1.795   1.853   1.959   1.992   1.993   2.021   2.656   2.660
  2.739   2.780   2.808   2.810   2.830   2.841   2.873   2.874
  2.881   2.929   2.968   2.969   3.014   3.069   3.083   3.085
  3.091   3.120   3.175   3.177   3.194   3.199   3.250   3.251
  3.268   3.269   3.280   3.314   3.318   3.358   3.383   3.414
  3.415   3.435   3.465   3.530   3.530   3.540   3.572   3.574
  3.626   3.627   3.636   3.653   3.684   3.685   3.731   3.732
  3.746   3.785   3.785   3.800   3.874   3.970   3.999   4.049
  4.066   4.068   4.124   4.126   4.152   4.240   4.287   4.289
  4.291   4.294   4.325   4.328   4.416   4.441   4.447   4.450
  4.529   4.533   4.536   4.544   4.547   4.587   4.589   4.678
  4.679   4.707   4.711   4.716   4.748   4.788   4.892   4.910
  5.084   5.086   5.155   5.157   5.276   5.442   5.570   5.629
  5.632   5.674   5.780   5.787   5.790   5.823   5.932   5.935
  5.965  24.212  24.234  24.486  24.490  24.559  27.588  27.649
 27.701  27.703  28.087  28.178  28.205  28.207  28.223  28.248
 28.248  28.262  28.649  28.653  29.089  40.967  40.984  41.005
 41.067  41.075  41.078  41.080  41.119  41.121  41.124  41.241
 41.247  41.247  41.253  41.255  41.266  41.288  41.301  41.348
 41.353  41.359  41.362  41.381  41.452  41.453
 
 Beta MOs
 -- Occupied --
 -9.928  -9.919  -9.912  -9.912  -9.911  -0.849  -0.767  -0.573
 -0.569  -0.510  -0.453  -0.443  -0.439  -0.334  -0.320  -0.319
 -0.252  -0.251  -0.240
 -- Virtual --
  0.126   0.139   0.141   0.144   0.159   0.164   0.168   0.182
  0.188   0.217   0.240   0.242   0.248   0.257   0.259   0.259
  0.279   0.280   0.287   0.296   0.307   0.308   0.317   0.328
  0.330   0.332   0.333   0.347   0.349   0.365   0.406   0.411
  0.413   0.442   0.458   0.464   0.470   0.494   0.524   0.525
  0.537   0.544   0.600   0.648   0.663   0.665   0.670   0.693
  0.696   0.726   0.749   0.751   0.769   0.778   0.785   0.797
  0.798   0.813   0.813   0.830   0.840   0.849   0.852   0.857
  0.874   0.905   0.958   1.001   1.002   1.008   1.026   1.053
  1.081   1.107   1.114   1.116   1.184   1.236   1.238   1.263
  1.289   1.310   1.311   1.318   1.335   1.338   1.374   1.384
  1.385   1.441   1.443   1.498   1.504   1.507   1.528   1.551
  1.554   1.575   1.578   1.602   1.609   1.612   1.650   1.652
  1.670   1.675   1.698   1.747   1.761   1.764   1.778   1.788
  1.792   1.795   1.853   1.959   1.992   1.993   2.021   2.656
  2.660   2.739   2.779   2.808   2.809   2.830   2.841   2.873
  2.874   2.881   2.929   2.968   2.969   3.014   3.070   3.084
  3.085   3.091   3.120   3.176   3.177   3.194   3.200   3.250
  3.252   3.269   3.270   3.280   3.314   3.319   3.359   3.383
  3.414   3.415   3.435   3.465   3.530   3.531   3.540   3.572
  3.574   3.626   3.628   3.636   3.654   3.684   3.685   3.732
  3.732   3.746   3.785   3.786   3.800   3.875   3.970   3.999
  4.050   4.066   4.068   4.124   4.126   4.152   4.240   4.287
  4.289   4.291   4.295   4.325   4.328   4.416   4.441   4.448
  4.451   4.529   4.533   4.537   4.545   4.547   4.588   4.589
  4.678   4.679   4.708   4.712   4.716   4.748   4.788   4.892
  4.911   5.084   5.087   5.155   5.157   5.276   5.443   5.570
  5.629   5.632   5.674   5.780   5.787   5.791   5.824   5.932
  5.935   5.965  24.212  24.234  24.486  24.490  24.560  27.589
 27.649  27.701  27.703  28.087  28.178  28.205  28.207  28.223
 28.248  28.248  28.262  28.649  28.653  29.089  40.967  40.984
 41.005  41.067  41.075  41.078  41.080  41.119  41.121  41.125
 41.241  41.247  41.247  41.253  41.255  41.266  41.288  41.301
 41.348  41.353  41.359  41.362  41.382  41.452  41.453
 --------------------------------------------------------------
 
          Ground-State Mulliken Net Atomic Charges

     Atom                 Charge (a.u.)    Spin (a.u.)
  --------------------------------------------------------
      1 C                    -3.627999       4.215025
      2 C                     3.122505      -3.481150
      3 C                    -0.288617      -0.015156
      4 C                     1.639602      -1.966764
      5 C                     1.337640      -1.663742
      6 H                    -0.566776       0.669756
      7 H                    -0.622151       0.727502
      8 H                    -0.032932       0.105846
      9 H                    -0.049215       0.124231
     10 H                    -0.135561       0.209962
     11 H                    -0.877541       0.991683
     12 H                    -0.107337       0.179461
     13 H                    -0.791617       0.903346
  --------------------------------------------------------
  Sum of atomic charges =    -1.000000
  Sum of spin   charges =     1.000000

 -----------------------------------------------------------------
                    Cartesian Multipole Moments
 -----------------------------------------------------------------
    Charge (ESU x 10^10)
                -4.8032
    Dipole Moment (Debye)
         X       2.0295      Y      -7.0689      Z      -4.3145
       Tot       8.5266
    Quadrupole Moments (Debye-Ang)
        XX     -73.0838     XY       1.9178     YY     -65.9244
        XZ       1.8501     YZ      -6.5043     ZZ     -64.5296
    Octapole Moments (Debye-Ang^2)
       XXX      30.9541    XXY     -43.5099    XYY      13.1336
       YYY     -96.3849    XXZ     -69.9988    XYZ       1.7688
       YYZ     -63.1140    XZZ      11.4687    YZZ     -44.5366
       ZZZ    -178.7890
    Hexadecapole Moments (Debye-Ang^3)
      XXXX   -1047.1303   XXXY      10.1852   XXYY    -290.2043
      XYYY      16.9594   YYYY    -608.4129   XXXZ      28.6707
      XXYZ     -40.6095   XYYZ      12.5746   YYYZ     -90.3728
      XXZZ    -333.9017   XYZZ      10.2472   YYZZ    -261.6763
      XZZZ      29.7816   YZZZ    -115.1477   ZZZZ    -854.0186
 -----------------------------------------------------------------
 Total job time:  505.57s(wall), 503.42s(cpu) 
 Thu Mar 20 03:05:07 2014

        *************************************************************
        *                                                           *
        *  Thank you very much for using Q-Chem.  Have a nice day.  *
        *                                                           *
        *************************************************************


0 sent ACK to 0 
now end server 0 ... 
 
**********************************************************************
Job 2 of 3 
**********************************************************************
 
Process 0 of 1 is on cl122 - thread support 1
initial socket setup ...start
initial socket setup ...done 
now start server 0 ... 

cmd = /usr/bin/ssh clhead /usr/local/qchem/bin/get_hostid 853823748 > /tmp/1601966.1.medium.q/qchem400/lic.dat

cmd = /usr/bin/ssh clhead /usr/local/qchem/bin/get_hostid 853823748 > /tmp/1601966.1.medium.q/qchem400/lic.dat

cmd = /usr/bin/ssh clhead /usr/local/qchem/bin/get_hostid 853823748 > /tmp/1601966.1.medium.q/qchem400/lic.dat

cmd = /usr/bin/ssh clhead /usr/local/qchem/bin/get_hostid 853823748 > /tmp/1601966.1.medium.q/qchem400/lic.dat

cmd = /usr/bin/ssh clhead /usr/local/qchem/bin/get_hostid 853823748 > /tmp/1601966.1.medium.q/qchem400/lic.dat
                  Welcome to Q-Chem
     A Quantum Leap Into The Future Of Chemistry

 Y. Shao, L. Fusti-Molnar, Y. Jung, J. Kussmann, C. Ochsenfeld,
 S. T. Brown, A. T. B. Gilbert, L. V. Slipchenko,S. V. Levchenko,
 D. P. O'Neill, R. A. DiStasio Jr., R. C. Lochan, T. Wang,
 G. J. O. Beran, N. A. Besley, J. M. Herbert, C. Y. Lin,
 T. Van Voorhis, S. H. Chien, A. Sodt, R. P. Steele, 
 V. A. Rassolov, P. E. Maslen, P. P. Korambath, R. D. Adamson,
 B. Austin, J. Baker, E. F. C. Byrd, H. Dachsel, R. J. Doerksen,
 A. Dreuw, B. D. Dunietz, A. D. Dutoi, T. R. Furlani,
 S. R. Gwaltney, A. Heyden, S. Hirata, C.-P. Hsu, G. Kedziora,
 R. Z. Khaliullin, P. Klunzinger, A. M. Lee, M. S. Lee, W. Liang,
 I. Lotan, N. Nair, B. Peters, E. I. Proynov, P. A. Pieniazek, 
 Y. M. Rhee, J. Ritchie, E. Rosta, C. D. Sherrill, 
 A. C. Simmonett, J. E. Subotnik, H. L. Woodcock III,
 W. Zhang, A. T. Bell, A. K. Chakraborty, D. M. Chipman,
 F. J. Keil, A. Warshel, W. J. Hehre, H. F. Schaefer III,
 J. Kong, A. I. Krylov, P. M. W. Gill, M. Head-Gordon,
 Q-Chem, Version 3.1, Q-Chem, Inc., Pittsburgh, PA (2007).

 Additional authors for Version 3.1: 
 Z. Gan, Y. Zhao, N. E. Schultz, D. Truhlar, E. Epifanovsky and M. Oana.

 Additional authors for Version 3.2: 
 R. Baer, B. R. Brooks, D. Casanova, J.-D. Chai, C.-L. Cheng, 
 C. Cramer, D. Crittenden, A. Ghysels, G. Hawkins, E. G. Hohenstein, 
 C. Kelley, W. Kurlancheek, D. Liotard, E. Livshits, P. Manohar, 
 A. Marenich, D. Neuhauser, R. Olson, M. A. Rohrdanz, K. S. Thanthiriwatte, 
 A. J. W. Thom, V. Vanovschi, C. F. Williams, Q. Wu and Z.-Q. You. 


 Intel X86 Linux Version

 Q-chem begins on Thu Mar 20 03:05:12 2014  

 Parallel job on  1  processors
Processing $rem in /usr/local/qchem/config/preferences.

theFileMan(): MAXOPENFILES=974 MAX_SUB_FILE_NUM=16
Maximum size of a physical file is 2.0 GB, maximum size of a tmp-file is 32.0 GB


--------------------------------------------------------------
User input:
--------------------------------------------------------------

$molecule
0,1
C         -0.00006        0.00015        0.99980
C          1.26532        0.76004        0.98857
C          1.26516       -0.76001        0.98799
C         -1.27231       -0.00021        0.25137
C         -1.25820        0.00027        1.77153
H          1.57504        1.26150        1.90176
H          1.55860        1.26345        0.07108
H          1.57486       -1.26190        1.90095
H          1.55826       -1.26313        0.07027
H         -1.57794       -0.91602       -0.24774
H         -1.57802        0.91521       -0.24839
H         -1.55535       -0.91513        2.27650
H         -1.55537        0.91578        2.27629
$end

$comment
neutral
$end

$xc_functional
C PBE   1.00
X wPBE  1.00
$end


$rem
SYMMETRY_DECOMPOSITION	0
LRC_DFT                 true
exchange 		general
BASIS                   g3large
omega			280
mem_static              760
max_scf_cycles          200
scf_final_print         1
sym_ignore              true
$end

--------------------------------------------------------------
 Writing REM_CC_EA           13
 ----------------------------------------------------
       Standard Nuclear Orientation (Angstroms)
    I     Atom         X            Y            Z
 ----------------------------------------------------
    1      C      -0.000060     0.000150     0.999800
    2      C       1.265320     0.760040     0.988570
    3      C       1.265160    -0.760010     0.987990
    4      C      -1.272310    -0.000210     0.251370
    5      C      -1.258200     0.000270     1.771530
    6      H       1.575040     1.261500     1.901760
    7      H       1.558600     1.263450     0.071080
    8      H       1.574860    -1.261900     1.900950
    9      H       1.558260    -1.263130     0.070270
   10      H      -1.577940    -0.916020    -0.247740
   11      H      -1.578020     0.915210    -0.248390
   12      H      -1.555350    -0.915130     2.276500
   13      H      -1.555370     0.915780     2.276290
 ----------------------------------------------------
 Nuclear Repulsion Energy =   170.9200549349 hartrees
 There are       19 alpha and       19 beta electrons
 Requested basis set is G3large
 There are 98 shells and 290 basis functions

Total QAlloc Memory Limit   2000 MB
Mega-Array Size       743 MB
MEM_STATIC part       760 MB

                       Distance Matrix (Angstroms)
             C (  1)   C (  2)   C (  3)   C (  4)   C (  5)   H (  6)
   C (  2)  1.476057
   C (  3)  1.476064  1.520050
   C (  4)  1.476065  2.749729  2.749302
   C (  5)  1.475969  2.749260  2.749419  1.520226
   H (  6)  2.210311  1.086878  2.239979  3.524642  3.104015
   H (  7)  2.210852  1.086841  2.240808  3.105381  3.524417  1.830755
   H (  8)  2.210252  2.239753  1.086878  3.524110  3.104199  2.523400
   H (  9)  2.210942  2.241050  1.086852  3.104817  3.524615  3.119037
   H ( 10)  2.210301  3.524453  3.103963  1.086843  2.240373  4.393544
   H ( 11)  2.210265  3.104630  3.524013  1.086836  2.240419  3.832082
   H ( 12)  2.210572  3.524363  3.104770  2.240166  1.086853  3.831121
   H ( 13)  2.210609  3.104637  3.524681  2.240416  1.086854  3.171634
             H (  7)   H (  8)   H (  9)   H ( 10)   H ( 11)   H ( 12)
   H (  8)  3.118667
   H (  9)  2.526580  1.830756
   H ( 10)  3.832704  3.831012  3.171335
   H ( 11)  3.172021  4.393190  3.831835  1.831230
   H ( 12)  4.393947  3.171672  3.831856  2.524341  3.118610
   H ( 13)  3.831532  3.831646  4.394185  3.118770  2.524782  1.830910

 
 A cutoff of  1.0D-08 yielded   4435 shell pairs
 There are  39245 function pairs ( 48051 Cartesian)
Evaluating contribution to one-electron hamiltonian from nuclear
 Smallest overlap matrix eigenvalue = 2.59E-05

 Q-Chem warning in module mkSTV.C, line 194:

 Overlap eigenvalue is smaller than square root of threshold

 Multipole matrices computed through 2nd order

  Scale SEOQF with 1.000000e-01/1.000000e-01/1.000000e-01

 Standard Electronic Orientation quadrupole field applied
 Nucleus-field energy     =    -0.0000000026 hartrees
 Guess from superposition of atomic densities
 Warning:  Energy on first SCF cycle will be non-variational
 Long-range K will be added via erf
 Coulomb attenuation parameter = 0.28 bohr**(-1)
 A restricted Kohn-Sham SCF calculation will be
 performed using Pulay DIIS extrapolation
 Exchange:  wPBE + LR-HF      Correlation:  PBE
 Using SG-1 standard quadrature grid
 SCF converges when DIIS error is below 1.0E-05
 Requested basis set is G3large
 There are 98 shells and 290 basis functions
 A cutoff of  1.0D-08 yielded   4435 shell pairs
 There are  39245 function pairs ( 48051 Cartesian)
 ---------------------------------------
  Cycle       Energy         DIIS Error
 ---------------------------------------
    1    -196.9282801120      2.89E-02
    2    -195.0702215854      2.74E-03
    3    -195.1127668249      2.17E-03
    4    -195.1591399399      2.51E-04
    5    -195.1598575507      1.28E-04
    6    -195.1600232349      2.84E-05
    7    -195.1600349937      7.17E-06 Convergence criterion met
 ---------------------------------------
 One-Electron    Energy =  -599.6537096562
 Total Coulomb   Energy =   263.5762978647
 Alpha Exchange  Energy =    -2.7830509719
 Beta  Exchange  Energy =    -2.7830509719
 DFT   Exchange  Energy =   -23.1912687424
 DFT Correlation Energy =    -1.2453074483
 Nuclear Repu.   Energy =   170.9200549324
 Nuclear Attr.   Energy =  -793.8644898993
 Kinetic         Energy =   194.2107802431
 SCF time:  CPU 234.43 s  wall 235.98 s
 Final Alpha MO Eigenvalues
            1           2           3           4           5           6
    1 -10.0494857 -10.0363677 -10.0361867 -10.0360812 -10.0358559  -0.9712035
            7           8           9          10          11          12
    1  -0.8887963  -0.6932082  -0.6931742  -0.6318323  -0.5749844  -0.5634896
           13          14          15          16          17          18
    1  -0.5634366  -0.4560127  -0.4422802  -0.4412998  -0.3738002  -0.3736906
           19          20          21          22          23          24
    1  -0.3625712   0.0406311   0.0523314   0.0523480   0.0568325   0.0755803
 Analysis of SCF Wavefunction
 
 --------------------------------------------------------------
                    Orbital Energies (a.u.)
 --------------------------------------------------------------
 
 Alpha MOs
 -- Occupied --
-10.049 -10.036 -10.036 -10.036 -10.036  -0.971  -0.889  -0.693
 -0.693  -0.632  -0.575  -0.563  -0.563  -0.456  -0.442  -0.441
 -0.374  -0.374  -0.363
 -- Virtual --
  0.041   0.052   0.052   0.057   0.076   0.076   0.081   0.097
  0.099   0.121   0.147   0.147   0.158   0.163   0.165   0.165
  0.181   0.182   0.182   0.194   0.204   0.204   0.217   0.232
  0.234   0.235   0.235   0.242   0.242   0.255   0.296   0.296
  0.299   0.328   0.347   0.347   0.366   0.381   0.415   0.416
  0.429   0.430   0.486   0.536   0.553   0.553   0.554   0.580
  0.580   0.613   0.634   0.634   0.655   0.664   0.669   0.681
  0.681   0.696   0.697   0.715   0.723   0.736   0.736   0.742
  0.754   0.790   0.838   0.881   0.881   0.887   0.903   0.932
  0.961   0.986   0.994   0.994   1.064   1.116   1.116   1.142
  1.169   1.189   1.189   1.197   1.217   1.217   1.254   1.265
  1.265   1.322   1.323   1.378   1.385   1.385   1.408   1.433
  1.433   1.455   1.459   1.482   1.488   1.494   1.531   1.531
  1.551   1.553   1.579   1.627   1.643   1.643   1.657   1.671
  1.671   1.674   1.731   1.838   1.871   1.871   1.899   2.537
  2.537   2.617   2.659   2.687   2.688   2.708   2.719   2.752
  2.752   2.760   2.808   2.847   2.847   2.892   2.948   2.963
  2.963   2.969   2.998   3.054   3.054   3.072   3.077   3.129
  3.129   3.147   3.147   3.158   3.192   3.196   3.237   3.261
  3.292   3.293   3.313   3.343   3.409   3.409   3.419   3.451
  3.451   3.505   3.505   3.514   3.532   3.562   3.564   3.610
  3.610   3.625   3.664   3.664   3.678   3.753   3.848   3.877
  3.927   3.945   3.945   4.003   4.003   4.030   4.118   4.166
  4.166   4.169   4.172   4.204   4.205   4.295   4.320   4.325
  4.328   4.407   4.413   4.413   4.423   4.424   4.466   4.466
  4.557   4.557   4.586   4.591   4.591   4.626   4.666   4.770
  4.788   4.963   4.964   5.034   5.034   5.154   5.321   5.448
  5.509   5.509   5.552   5.663   5.663   5.667   5.701   5.812
  5.812   5.843  24.090  24.112  24.365  24.365  24.437  27.466
 27.526  27.580  27.580  27.964  28.055  28.084  28.084  28.101
 28.126  28.126  28.139  28.529  28.529  28.967  40.845  40.862
 40.882  40.946  40.954  40.954  40.956  40.997  41.000  41.000
 41.119  41.125  41.125  41.131  41.131  41.143  41.165  41.178
 41.228  41.228  41.237  41.238  41.259  41.330  41.330
 --------------------------------------------------------------
 
          Ground-State Mulliken Net Atomic Charges

     Atom                 Charge (a.u.)
  ----------------------------------------
      1 C                     0.524868
      2 C                    -0.312405
      3 C                    -0.312256
      4 C                    -0.312176
      5 C                    -0.312253
      6 H                     0.090620
      7 H                     0.090565
      8 H                     0.090494
      9 H                     0.090548
     10 H                     0.090479
     11 H                     0.090506
     12 H                     0.090503
     13 H                     0.090508
  ----------------------------------------
  Sum of atomic charges =     0.000000

 -----------------------------------------------------------------
                    Cartesian Multipole Moments
 -----------------------------------------------------------------
    Charge (ESU x 10^10)
                 0.0000
    Dipole Moment (Debye)
         X       0.0002      Y      -0.0014      Z       0.0001
       Tot       0.0014
    Quadrupole Moments (Debye-Ang)
        XX     -32.9197     XY       0.0022     YY     -30.7986
        XZ       0.0191     YZ      -0.0001     ZZ     -30.8023
    Octapole Moments (Debye-Ang^2)
       XXX       0.0034    XXY       0.0007    XYY      -0.6568
       YYY      -0.0008    XXZ     -32.8999    XYZ       0.0026
       YYZ     -30.7973    XZZ       0.6959    YZZ       0.0030
       ZZZ     -92.4138
    Hexadecapole Moments (Debye-Ang^3)
      XXXX    -350.2427   XXXY       0.0145   XXYY     -67.7524
      XYYY       0.0078   YYYY    -115.7549   XXXZ       1.3326
      XXYZ      -0.0013   XYYZ      -0.3515   YYYZ      -0.0154
      XXZZ    -100.6493   XYZZ       0.0114   YYZZ     -63.9029
      XZZZ       2.8305   YZZZ      -0.0078   ZZZZ    -300.6189
 -----------------------------------------------------------------
 Total job time:  236.41s(wall), 234.81s(cpu) 
 Thu Mar 20 03:09:08 2014

        *************************************************************
        *                                                           *
        *  Thank you very much for using Q-Chem.  Have a nice day.  *
        *                                                           *
        *************************************************************


0 sent ACK to 0 
now end server 0 ... 
 
**********************************************************************
Job 3 of 3 
**********************************************************************
 
Process 0 of 1 is on cl122 - thread support 1
initial socket setup ...start
initial socket setup ...done 
now start server 0 ... 

cmd = /usr/bin/ssh clhead /usr/local/qchem/bin/get_hostid 575605747 > /tmp/1601966.1.medium.q/qchem400/lic.dat

cmd = /usr/bin/ssh clhead /usr/local/qchem/bin/get_hostid 575605747 > /tmp/1601966.1.medium.q/qchem400/lic.dat

cmd = /usr/bin/ssh clhead /usr/local/qchem/bin/get_hostid 575605747 > /tmp/1601966.1.medium.q/qchem400/lic.dat

cmd = /usr/bin/ssh clhead /usr/local/qchem/bin/get_hostid 575605747 > /tmp/1601966.1.medium.q/qchem400/lic.dat

cmd = /usr/bin/ssh clhead /usr/local/qchem/bin/get_hostid 575605747 > /tmp/1601966.1.medium.q/qchem400/lic.dat
                  Welcome to Q-Chem
     A Quantum Leap Into The Future Of Chemistry

 Y. Shao, L. Fusti-Molnar, Y. Jung, J. Kussmann, C. Ochsenfeld,
 S. T. Brown, A. T. B. Gilbert, L. V. Slipchenko,S. V. Levchenko,
 D. P. O'Neill, R. A. DiStasio Jr., R. C. Lochan, T. Wang,
 G. J. O. Beran, N. A. Besley, J. M. Herbert, C. Y. Lin,
 T. Van Voorhis, S. H. Chien, A. Sodt, R. P. Steele, 
 V. A. Rassolov, P. E. Maslen, P. P. Korambath, R. D. Adamson,
 B. Austin, J. Baker, E. F. C. Byrd, H. Dachsel, R. J. Doerksen,
 A. Dreuw, B. D. Dunietz, A. D. Dutoi, T. R. Furlani,
 S. R. Gwaltney, A. Heyden, S. Hirata, C.-P. Hsu, G. Kedziora,
 R. Z. Khaliullin, P. Klunzinger, A. M. Lee, M. S. Lee, W. Liang,
 I. Lotan, N. Nair, B. Peters, E. I. Proynov, P. A. Pieniazek, 
 Y. M. Rhee, J. Ritchie, E. Rosta, C. D. Sherrill, 
 A. C. Simmonett, J. E. Subotnik, H. L. Woodcock III,
 W. Zhang, A. T. Bell, A. K. Chakraborty, D. M. Chipman,
 F. J. Keil, A. Warshel, W. J. Hehre, H. F. Schaefer III,
 J. Kong, A. I. Krylov, P. M. W. Gill, M. Head-Gordon,
 Q-Chem, Version 3.1, Q-Chem, Inc., Pittsburgh, PA (2007).

 Additional authors for Version 3.1: 
 Z. Gan, Y. Zhao, N. E. Schultz, D. Truhlar, E. Epifanovsky and M. Oana.

 Additional authors for Version 3.2: 
 R. Baer, B. R. Brooks, D. Casanova, J.-D. Chai, C.-L. Cheng, 
 C. Cramer, D. Crittenden, A. Ghysels, G. Hawkins, E. G. Hohenstein, 
 C. Kelley, W. Kurlancheek, D. Liotard, E. Livshits, P. Manohar, 
 A. Marenich, D. Neuhauser, R. Olson, M. A. Rohrdanz, K. S. Thanthiriwatte, 
 A. J. W. Thom, V. Vanovschi, C. F. Williams, Q. Wu and Z.-Q. You. 


 Intel X86 Linux Version

 Q-chem begins on Thu Mar 20 03:09:13 2014  

 Parallel job on  1  processors
Processing $rem in /usr/local/qchem/config/preferences.

theFileMan(): MAXOPENFILES=974 MAX_SUB_FILE_NUM=16
Maximum size of a physical file is 2.0 GB, maximum size of a tmp-file is 32.0 GB


--------------------------------------------------------------
User input:
--------------------------------------------------------------

$molecule
1,2
C         -0.00006        0.00015        0.99980
C          1.26532        0.76004        0.98857
C          1.26516       -0.76001        0.98799
C         -1.27231       -0.00021        0.25137
C         -1.25820        0.00027        1.77153
H          1.57504        1.26150        1.90176
H          1.55860        1.26345        0.07108
H          1.57486       -1.26190        1.90095
H          1.55826       -1.26313        0.07027
H         -1.57794       -0.91602       -0.24774
H         -1.57802        0.91521       -0.24839
H         -1.55535       -0.91513        2.27650
H         -1.55537        0.91578        2.27629
$end

$comment
positive
$end

$xc_functional
C PBE   1.00
X wPBE  1.00
$end

$rem
SYMMETRY_DECOMPOSITION	0
LRC_DFT                 true
exchange 		general
BASIS                   g3large
omega			280
mem_static              760
max_scf_cycles          200
scf_final_print         1
sym_ignore              true
$end

--------------------------------------------------------------
 Writing REM_CC_EA           13
 ----------------------------------------------------
       Standard Nuclear Orientation (Angstroms)
    I     Atom         X            Y            Z
 ----------------------------------------------------
    1      C      -0.000060     0.000150     0.999800
    2      C       1.265320     0.760040     0.988570
    3      C       1.265160    -0.760010     0.987990
    4      C      -1.272310    -0.000210     0.251370
    5      C      -1.258200     0.000270     1.771530
    6      H       1.575040     1.261500     1.901760
    7      H       1.558600     1.263450     0.071080
    8      H       1.574860    -1.261900     1.900950
    9      H       1.558260    -1.263130     0.070270
   10      H      -1.577940    -0.916020    -0.247740
   11      H      -1.578020     0.915210    -0.248390
   12      H      -1.555350    -0.915130     2.276500
   13      H      -1.555370     0.915780     2.276290
 ----------------------------------------------------
 Nuclear Repulsion Energy =   170.9200549349 hartrees
 There are       19 alpha and       18 beta electrons
 Requested basis set is G3large
 There are 98 shells and 290 basis functions

Total QAlloc Memory Limit   2000 MB
Mega-Array Size       743 MB
MEM_STATIC part       760 MB

                       Distance Matrix (Angstroms)
             C (  1)   C (  2)   C (  3)   C (  4)   C (  5)   H (  6)
   C (  2)  1.476057
   C (  3)  1.476064  1.520050
   C (  4)  1.476065  2.749729  2.749302
   C (  5)  1.475969  2.749260  2.749419  1.520226
   H (  6)  2.210311  1.086878  2.239979  3.524642  3.104015
   H (  7)  2.210852  1.086841  2.240808  3.105381  3.524417  1.830755
   H (  8)  2.210252  2.239753  1.086878  3.524110  3.104199  2.523400
   H (  9)  2.210942  2.241050  1.086852  3.104817  3.524615  3.119037
   H ( 10)  2.210301  3.524453  3.103963  1.086843  2.240373  4.393544
   H ( 11)  2.210265  3.104630  3.524013  1.086836  2.240419  3.832082
   H ( 12)  2.210572  3.524363  3.104770  2.240166  1.086853  3.831121
   H ( 13)  2.210609  3.104637  3.524681  2.240416  1.086854  3.171634
             H (  7)   H (  8)   H (  9)   H ( 10)   H ( 11)   H ( 12)
   H (  8)  3.118667
   H (  9)  2.526580  1.830756
   H ( 10)  3.832704  3.831012  3.171335
   H ( 11)  3.172021  4.393190  3.831835  1.831230
   H ( 12)  4.393947  3.171672  3.831856  2.524341  3.118610
   H ( 13)  3.831532  3.831646  4.394185  3.118770  2.524782  1.830910

 
 A cutoff of  1.0D-08 yielded   4435 shell pairs
 There are  39245 function pairs ( 48051 Cartesian)
Evaluating contribution to one-electron hamiltonian from nuclear
 Smallest overlap matrix eigenvalue = 2.59E-05

 Q-Chem warning in module mkSTV.C, line 194:

 Overlap eigenvalue is smaller than square root of threshold

 Multipole matrices computed through 2nd order

  Scale SEOQF with 1.000000e-01/1.000000e-01/1.000000e-01

 Standard Electronic Orientation quadrupole field applied
 Nucleus-field energy     =    -0.0000000026 hartrees
 Guess from superposition of atomic densities
 Warning:  Energy on first SCF cycle will be non-variational
 Long-range K will be added via erf
 Coulomb attenuation parameter = 0.28 bohr**(-1)
 An unrestricted Kohn-Sham SCF calculation will be
 performed using Pulay DIIS extrapolation
 Exchange:  wPBE + LR-HF      Correlation:  PBE
 Using SG-1 standard quadrature grid
 SCF converges when DIIS error is below 1.0E-05
 Requested basis set is G3large
 There are 98 shells and 290 basis functions
 A cutoff of  1.0D-08 yielded   4435 shell pairs
 There are  39245 function pairs ( 48051 Cartesian)
 Warning!  Inaccurate integrated density:
   Number of electrons =    37
   Numerical integral  =    37.999764099938
   Relative error      =     2.7020651350 %
 ---------------------------------------
  Cycle       Energy         DIIS Error
 ---------------------------------------
    1    -196.9282801120      2.89E-02
    2    -194.7009594576      2.41E-03
    3    -194.7345441052      2.21E-03
    4    -194.7827047543      2.90E-04
    5    -194.7849256080      1.58E-04
    6    -194.7856362557      5.60E-05
    7    -194.7862949118      5.57E-05
    8    -194.7867509755      4.61E-05
    9    -194.7872838007      4.42E-05
   10    -194.7877810992      3.99E-05
   11    -194.7881650720      3.70E-05
   12    -194.7891701588      3.27E-05
   13    -194.7899181675      3.02E-05
   14    -194.7909583658      2.69E-05
   15    -194.7920433359      1.75E-04
   16    -194.7917935058      2.42E-04
   17    -194.7919009118      2.28E-04
   18    -194.7920747727      2.21E-04
   19    -194.7922991520      1.78E-04
   20    -194.7924902640      1.06E-04
   21    -194.7926378023      6.00E-05
   22    -194.7926785838      2.36E-05
   23    -194.7926838146      1.45E-05
   24    -194.7926877987      7.64E-07 Convergence criterion met
 ---------------------------------------
 One-Electron    Energy =  -590.5586070912
 Total Coulomb   Energy =   254.5255059879
 Alpha Exchange  Energy =    -2.7920497035
 Beta  Exchange  Energy =    -2.6324200965
 DFT   Exchange  Energy =   -23.0482682247
 DFT Correlation Energy =    -1.2069036030
 Nuclear Repu.   Energy =   170.9200549324
 Nuclear Attr.   Energy =  -784.6315846225
 Kinetic         Energy =   194.0729775312
 <S^2> = 0.7566
 SCF time:  CPU 1070.45 s  wall 1076.99 s
 Final Alpha MO Eigenvalues
            1           2           3           4           5           6
    1 -10.2981234 -10.2902081 -10.2900234 -10.2899144 -10.2898884  -1.2231225
            7           8           9          10          11          12
    1  -1.1434797  -0.9282172  -0.9281531  -0.8686080  -0.8090928  -0.7952573
           13          14          15          16          17          18
    1  -0.7951756  -0.6986351  -0.6808130  -0.6663471  -0.6247878  -0.6137034
           19          20          21          22          23          24
    1  -0.6135798  -0.0921952  -0.0849551  -0.0849537  -0.0757415  -0.0539866
 Final Beta MO Eigenvalues
            1           2           3           4           5           6
    1 -10.2978697 -10.2862238 -10.2860554 -10.2859621 -10.2859467  -1.2136795
            7           8           9          10          11          12
    1  -1.1283257  -0.9156964  -0.9156473  -0.8557462  -0.8028605  -0.7918771
           13          14          15          16          17          18
    1  -0.7917842  -0.6783095  -0.6637622  -0.6443288  -0.6063936  -0.6062235
           19          20          21          22          23
    1  -0.3728817  -0.0908844  -0.0814229  -0.0814197  -0.0741732
 Analysis of SCF Wavefunction
 
 --------------------------------------------------------------
                    Orbital Energies (a.u.)
 --------------------------------------------------------------
 
 Alpha MOs
 -- Occupied --
-10.298 -10.290 -10.290 -10.290 -10.290  -1.223  -1.143  -0.928
 -0.928  -0.869  -0.809  -0.795  -0.795  -0.699  -0.681  -0.666
 -0.625  -0.614  -0.614
 -- Virtual --
 -0.092  -0.085  -0.085  -0.076  -0.054  -0.054  -0.046  -0.035
 -0.030  -0.017  -0.017  -0.006   0.010   0.016   0.017   0.017
  0.033   0.033   0.041   0.046   0.055   0.055   0.071   0.071
  0.071   0.079   0.090   0.090   0.093   0.096   0.110   0.110
  0.118   0.147   0.163   0.163   0.174   0.203   0.222   0.230
  0.230   0.266   0.295   0.351   0.362   0.370   0.370   0.384
  0.384   0.417   0.437   0.437   0.447   0.461   0.479   0.480
  0.480   0.494   0.494   0.516   0.533   0.544   0.552   0.552
  0.553   0.607   0.621   0.674   0.674   0.688   0.706   0.713
  0.752   0.775   0.788   0.788   0.867   0.916   0.916   0.938
  0.955   0.975   0.986   0.986   1.013   1.013   1.057   1.057
  1.059   1.109   1.109   1.169   1.176   1.176   1.184   1.218
  1.218   1.245   1.245   1.271   1.274   1.295   1.327   1.327
  1.343   1.350   1.378   1.417   1.438   1.439   1.449   1.465
  1.466   1.467   1.516   1.603   1.645   1.646   1.682   2.301
  2.301   2.364   2.440   2.449   2.464   2.464   2.496   2.508
  2.508   2.538   2.561   2.614   2.615   2.658   2.697   2.722
  2.722   2.724   2.752   2.822   2.822   2.831   2.837   2.885
  2.886   2.905   2.906   2.907   2.960   2.972   2.996   3.027
  3.060   3.060   3.081   3.105   3.173   3.173   3.190   3.208
  3.208   3.268   3.268   3.274   3.285   3.318   3.328   3.375
  3.375   3.395   3.425   3.425   3.450   3.516   3.618   3.637
  3.681   3.716   3.716   3.763   3.764   3.793   3.884   3.935
  3.935   3.937   3.942   3.977   3.977   4.070   4.094   4.105
  4.107   4.170   4.173   4.173   4.194   4.195   4.233   4.233
  4.321   4.322   4.357   4.362   4.362   4.384   4.428   4.527
  4.551   4.721   4.721   4.798   4.799   4.925   5.082   5.217
  5.261   5.261   5.322   5.437   5.437   5.441   5.476   5.577
  5.577   5.600  23.842  23.859  24.112  24.112  24.186  27.206
 27.266  27.328  27.328  27.712  27.803  27.831  27.832  27.849
 27.872  27.872  27.888  28.277  28.278  28.717  40.594  40.604
 40.629  40.691  40.699  40.699  40.702  40.743  40.743  40.745
 40.869  40.869  40.869  40.874  40.874  40.886  40.911  40.922
 40.977  40.977  40.986  40.987  41.002  41.078  41.078
 
 Beta MOs
 -- Occupied --
-10.298 -10.286 -10.286 -10.286 -10.286  -1.214  -1.128  -0.916
 -0.916  -0.856  -0.803  -0.792  -0.792  -0.678  -0.664  -0.644
 -0.606  -0.606
 -- Virtual --
 -0.373  -0.091  -0.081  -0.081  -0.074  -0.053  -0.052  -0.044
 -0.035  -0.029  -0.007  -0.007  -0.006   0.012   0.018   0.018
  0.018   0.035   0.035   0.043   0.048   0.056   0.056   0.071
  0.077   0.077   0.082   0.092   0.092   0.094   0.097   0.116
  0.116   0.125   0.148   0.164   0.165   0.183   0.207   0.229
  0.233   0.234   0.268   0.298   0.355   0.363   0.373   0.373
  0.389   0.389   0.425   0.444   0.444   0.460   0.471   0.480
  0.485   0.485   0.496   0.496   0.522   0.537   0.550   0.555
  0.555   0.556   0.609   0.627   0.679   0.679   0.690   0.707
  0.724   0.759   0.784   0.792   0.792   0.867   0.918   0.919
  0.942   0.956   0.985   0.989   0.989   1.014   1.014   1.062
  1.064   1.064   1.117   1.117   1.174   1.181   1.181   1.194
  1.230   1.230   1.251   1.253   1.277   1.277   1.298   1.330
  1.330   1.347   1.352   1.382   1.421   1.441   1.441   1.451
  1.467   1.467   1.472   1.522   1.614   1.651   1.651   1.683
  2.311   2.311   2.383   2.442   2.467   2.468   2.477   2.503
  2.516   2.516   2.542   2.578   2.620   2.620   2.663   2.715
  2.733   2.733   2.741   2.764   2.829   2.829   2.844   2.848
  2.896   2.897   2.921   2.921   2.924   2.965   2.975   3.004
  3.031   3.068   3.069   3.084   3.113   3.184   3.184   3.195
  3.223   3.223   3.280   3.280   3.284   3.308   3.327   3.334
  3.383   3.384   3.402   3.434   3.434   3.451   3.525   3.621
  3.648   3.694   3.719   3.719   3.774   3.774   3.802   3.888
  3.939   3.939   3.943   3.947   3.982   3.982   4.076   4.100
  4.106   4.111   4.179   4.184   4.187   4.200   4.200   4.240
  4.240   4.329   4.329   4.363   4.369   4.369   4.391   4.436
  4.535   4.560   4.727   4.728   4.804   4.804   4.928   5.091
  5.218   5.275   5.276   5.328   5.439   5.440   5.444   5.478
  5.581   5.581   5.606  23.843  23.864  24.117  24.117  24.189
 27.219  27.279  27.332  27.332  27.715  27.806  27.836  27.836
 27.852  27.878  27.878  27.891  28.280  28.280  28.720  40.596
 40.613  40.633  40.697  40.705  40.705  40.707  40.749  40.750
 40.751  40.870  40.876  40.876  40.882  40.882  40.894  40.916
 40.929  40.979  40.979  40.987  40.988  41.010  41.082  41.082
 --------------------------------------------------------------
 
          Ground-State Mulliken Net Atomic Charges

     Atom                 Charge (a.u.)    Spin (a.u.)
  --------------------------------------------------------
      1 C                     0.449620      -0.062339
      2 C                    -0.176520       0.276976
      3 C                    -0.176095       0.277551
      4 C                    -0.176871       0.276317
      5 C                    -0.175495       0.278699
      6 H                     0.156901      -0.005851
      7 H                     0.156932      -0.005971
      8 H                     0.156857      -0.005842
      9 H                     0.156908      -0.005996
     10 H                     0.156965      -0.005799
     11 H                     0.156895      -0.005776
     12 H                     0.156878      -0.006004
     13 H                     0.157025      -0.005964
  --------------------------------------------------------
  Sum of atomic charges =     1.000000
  Sum of spin   charges =     1.000000

 -----------------------------------------------------------------
                    Cartesian Multipole Moments
 -----------------------------------------------------------------
    Charge (ESU x 10^10)
                 4.8032
    Dipole Moment (Debye)
         X      -0.0006      Y      -0.0005      Z       4.8056
       Tot       4.8056
    Quadrupole Moments (Debye-Ang)
        XX     -18.2354     XY       0.0001     YY     -23.8728
        XZ      -0.0565     YZ       0.0019     ZZ     -19.0676
    Octapole Moments (Debye-Ang^2)
       XXX       0.0001    XXY       0.0000    XYY       2.3159
       YYY      -0.0040    XXZ     -18.2690    XYZ       0.0005
       YYZ     -23.8976    XZZ      -2.4292    YZZ       0.0038
       ZZZ     -66.7412
    Hexadecapole Moments (Debye-Ang^3)
      XXXX    -274.6658   XXXY      -0.0009   XXYY     -48.5558
      XYYY      -0.0007   YYYY     -91.5544   XXXZ       1.1428
      XXYZ       0.0002   XYYZ       2.5357   YYYZ      -0.0156
      XXZZ     -66.8770   XYZZ      -0.0008   YYZZ     -46.8174
      XZZZ      -6.6202   YZZZ      -0.0071   ZZZZ    -229.7099
 -----------------------------------------------------------------
 Total job time:  1077.41s(wall), 1070.83s(cpu) 
 Thu Mar 20 03:27:10 2014

        *************************************************************
        *                                                           *
        *  Thank you very much for using Q-Chem.  Have a nice day.  *
        *                                                           *
        *************************************************************


0 sent ACK to 0 
now end server 0 ... 
