Process 0 of 1 is on cl132 - thread support 1
initial socket setup ...start
initial socket setup ...done 
now start server 0 ... 

cmd = /usr/bin/ssh clhead /usr/local/qchem/bin/get_hostid 102314518 > /tmp/1603064.1.medium.q/qchem9474/lic.dat

cmd = /usr/bin/ssh clhead /usr/local/qchem/bin/get_hostid 102314518 > /tmp/1603064.1.medium.q/qchem9474/lic.dat

cmd = /usr/bin/ssh clhead /usr/local/qchem/bin/get_hostid 102314518 > /tmp/1603064.1.medium.q/qchem9474/lic.dat

cmd = /usr/bin/ssh clhead /usr/local/qchem/bin/get_hostid 102314518 > /tmp/1603064.1.medium.q/qchem9474/lic.dat

cmd = /usr/bin/ssh clhead /usr/local/qchem/bin/get_hostid 102314518 > /tmp/1603064.1.medium.q/qchem9474/lic.dat
                  Welcome to Q-Chem
     A Quantum Leap Into The Future Of Chemistry

 Y. Shao, L. Fusti-Molnar, Y. Jung, J. Kussmann, C. Ochsenfeld,
 S. T. Brown, A. T. B. Gilbert, L. V. Slipchenko,S. V. Levchenko,
 D. P. O'Neill, R. A. DiStasio Jr., R. C. Lochan, T. Wang,
 G. J. O. Beran, N. A. Besley, J. M. Herbert, C. Y. Lin,
 T. Van Voorhis, S. H. Chien, A. Sodt, R. P. Steele, 
 V. A. Rassolov, P. E. Maslen, P. P. Korambath, R. D. Adamson,
 B. Austin, J. Baker, E. F. C. Byrd, H. Dachsel, R. J. Doerksen,
 A. Dreuw, B. D. Dunietz, A. D. Dutoi, T. R. Furlani,
 S. R. Gwaltney, A. Heyden, S. Hirata, C.-P. Hsu, G. Kedziora,
 R. Z. Khaliullin, P. Klunzinger, A. M. Lee, M. S. Lee, W. Liang,
 I. Lotan, N. Nair, B. Peters, E. I. Proynov, P. A. Pieniazek, 
 Y. M. Rhee, J. Ritchie, E. Rosta, C. D. Sherrill, 
 A. C. Simmonett, J. E. Subotnik, H. L. Woodcock III,
 W. Zhang, A. T. Bell, A. K. Chakraborty, D. M. Chipman,
 F. J. Keil, A. Warshel, W. J. Hehre, H. F. Schaefer III,
 J. Kong, A. I. Krylov, P. M. W. Gill, M. Head-Gordon,
 Q-Chem, Version 3.1, Q-Chem, Inc., Pittsburgh, PA (2007).

 Additional authors for Version 3.1: 
 Z. Gan, Y. Zhao, N. E. Schultz, D. Truhlar, E. Epifanovsky and M. Oana.

 Additional authors for Version 3.2: 
 R. Baer, B. R. Brooks, D. Casanova, J.-D. Chai, C.-L. Cheng, 
 C. Cramer, D. Crittenden, A. Ghysels, G. Hawkins, E. G. Hohenstein, 
 C. Kelley, W. Kurlancheek, D. Liotard, E. Livshits, P. Manohar, 
 A. Marenich, D. Neuhauser, R. Olson, M. A. Rohrdanz, K. S. Thanthiriwatte, 
 A. J. W. Thom, V. Vanovschi, C. F. Williams, Q. Wu and Z.-Q. You. 


 Intel X86 Linux Version

 Q-chem begins on Tue Mar 25 23:46:26 2014  

 Parallel job on  1  processors
Processing $rem in /usr/local/qchem/config/preferences.

theFileMan(): MAXOPENFILES=974 MAX_SUB_FILE_NUM=16
Maximum size of a physical file is 2.0 GB, maximum size of a tmp-file is 32.0 GB


--------------------------------------------------------------
User input:
--------------------------------------------------------------

$molecule
-1,2
Si         0.00042        0.00000        0.00861
Si        -0.00042        0.00000        2.34162
H          1.39615        0.00000       -0.50798
H         -0.69759       -1.20904       -0.50646
H         -0.69759        1.20904       -0.50646
H         -1.39615        0.00000        2.85821
H          0.69759       -1.20904        2.85669
H          0.69759        1.20904        2.85669
$end

$comment
negative
$end

$xc_functional
C PBE   1.00
X wPBE  1.00
$end

$rem
SYMMETRY_DECOMPOSITION	0
exchange 		general
LRC_DFT                 true
BASIS                   g3large
omega			400
mem_static              760
max_scf_cycles          200
scf_final_print         1
sym_ignore              true
$end

--------------------------------------------------------------
 Writing REM_CC_EA            8
 ----------------------------------------------------
       Standard Nuclear Orientation (Angstroms)
    I     Atom         X            Y            Z
 ----------------------------------------------------
    1      Si      0.000420     0.000000     0.008610
    2      Si     -0.000420     0.000000     2.341620
    3      H       1.396150     0.000000    -0.507980
    4      H      -0.697590    -1.209040    -0.506460
    5      H      -0.697590     1.209040    -0.506460
    6      H      -1.396150     0.000000     2.858210
    7      H       0.697590    -1.209040     2.856690
    8      H       0.697590     1.209040     2.856690
 ----------------------------------------------------
 Nuclear Repulsion Energy =    90.8879884197 hartrees
 There are       18 alpha and       17 beta electrons
 Requested basis set is G3large
 There are 74 shells and 192 basis functions

Total QAlloc Memory Limit   2000 MB
Mega-Array Size       743 MB
MEM_STATIC part       760 MB

                       Distance Matrix (Angstroms)
             Si(  1)   Si(  2)   H (  3)   H (  4)   H (  5)   H (  6)
   Si(  2)  2.333010
   H (  3)  1.488263  3.173425
   H (  4)  1.488050  3.171653  2.417753
   H (  5)  1.488050  3.171653  2.417753  2.418080
   H (  6)  3.173425  1.488263  4.373577  3.642907  3.642907
   H (  7)  3.171653  1.488050  3.642907  3.641058  4.370860  2.417753
   H (  8)  3.171653  1.488050  3.642907  4.370860  3.641058  2.417753
             H (  7)
   H (  8)  2.418080
 
 A cutoff of  1.0D-08 yielded   2535 shell pairs
 There are  17276 function pairs ( 22407 Cartesian)
Evaluating contribution to one-electron hamiltonian from nuclear
 Smallest overlap matrix eigenvalue = 1.96E-04
 Multipole matrices computed through 2nd order

  Scale SEOQF with 1.000000e-01/1.000000e-01/1.000000e-01

 Standard Electronic Orientation quadrupole field applied
 Nucleus-field energy     =    -0.0000000103 hartrees
 Guess from superposition of atomic densities
 Warning:  Energy on first SCF cycle will be non-variational
 Long-range K will be added via erf
 Coulomb attenuation parameter = 0.4 bohr**(-1)
 An unrestricted Kohn-Sham SCF calculation will be
 performed using Pulay DIIS extrapolation
 Exchange:  wPBE + LR-HF      Correlation:  PBE
 Using SG-1 standard quadrature grid
 SCF converges when DIIS error is below 1.0E-05
 Requested basis set is G3large
 There are 74 shells and 192 basis functions
 A cutoff of  1.0D-08 yielded   2535 shell pairs
 There are  17276 function pairs ( 22407 Cartesian)
 Warning!  Inaccurate integrated density:
   Number of electrons =    35
   Numerical integral  =    34.000072301361
   Relative error      =    -2.8569362818 %
 ---------------------------------------
  Cycle       Energy         DIIS Error
 ---------------------------------------
    1    -582.3016227988      2.15E-02
    2    -582.2801806696      1.55E-03
    3    -582.3089911573      6.20E-04
    4    -582.3118053103      1.84E-04
    5    -582.3124247272      6.22E-05
    6    -582.3125885485      2.53E-05
    7    -582.3126628240      1.56E-05
    8    -582.3127256653      1.41E-05
    9    -582.3127481318      1.42E-05
   10    -582.3126847271      1.29E-05
   11    -582.3126255602      1.04E-05
   12    -582.3126531149      8.16E-06 Convergence criterion met
 ---------------------------------------
 One-Electron    Energy =  -993.5160329955
 Total Coulomb   Energy =   364.3168022260
 Alpha Exchange  Energy =    -3.5665827083
 Beta  Exchange  Energy =    -3.4356047895
 DFT   Exchange  Energy =   -35.7792572268
 DFT Correlation Energy =    -1.2199660303
 Nuclear Repu.   Energy =    90.8879884094
 Nuclear Attr.   Energy = -1574.8390565534
 Kinetic         Energy =   581.3230235579
 <S^2> = 0.7558
 SCF time:  CPU 169.80 s  wall 172.20 s
 Final Alpha MO Eigenvalues
            1           2           3           4           5           6
    1 -65.4241595 -65.4241506  -5.0833743  -5.0832516  -3.4857630  -3.4857180
            7           8           9          10          11          12
    1  -3.4849467  -3.4846301  -3.4842713  -3.4840644  -0.5289816  -0.4585797
           13          14          15          16          17          18
    1  -0.3020052  -0.3018732  -0.2752663  -0.2725271  -0.2162805   0.0601728
           19          20          21          22          23
    1   0.1625463   0.1650280   0.1949670   0.1972521   0.2005633
 Final Beta MO Eigenvalues
            1           2           3           4           5           6
    1 -65.4241421 -65.4241332  -5.0832031  -5.0830932  -3.4857453  -3.4857175
            7           8           9          10          11          12
    1  -3.4849024  -3.4844509  -3.4836733  -3.4836528  -0.5197635  -0.4547050
           13          14          15          16          17          18
    1  -0.2974736  -0.2859534  -0.2706578  -0.2605200  -0.2016350   0.1647003
           19          20          21          22
    1   0.1668882   0.1962721   0.1994680   0.2033438
 Analysis of SCF Wavefunction
 
 --------------------------------------------------------------
                    Orbital Energies (a.u.)
 --------------------------------------------------------------
 
 Alpha MOs
 -- Occupied --
-65.424 -65.424  -5.083  -5.083  -3.486  -3.486  -3.485  -3.485
 -3.484  -3.484  -0.529  -0.459  -0.302  -0.302  -0.275  -0.273
 -0.216   0.060
 -- Virtual --
  0.163   0.165   0.195   0.197   0.201   0.202   0.205   0.212
  0.213   0.221   0.226   0.262   0.297   0.298   0.300   0.302
  0.332   0.342   0.364   0.380   0.401   0.404   0.452   0.478
  0.495   0.496   0.500   0.501   0.544   0.546   0.549   0.553
  0.587   0.590   0.593   0.675   0.675   0.683   0.712   0.714
  0.726   0.740   0.764   0.765   0.767   0.892   0.894   0.902
  0.902   0.916   0.918   0.927   0.963   0.966   0.975   0.976
  1.004   1.106   1.106   1.119   1.119   1.176   1.176   1.177
  1.219   1.221   1.223   1.242   1.352   1.394   1.403   1.405
  1.410   1.413   1.481   1.483   1.502   1.548   1.550   1.584
  1.596   1.644   1.646   1.677   1.679   1.682   1.795   1.798
  1.798   1.801   1.890   1.990   2.324   2.388   2.390   2.408
  2.416   2.488   2.489   2.531   2.550   2.551   2.631   2.638
  2.640   2.793   3.108   3.114   3.144   3.150   3.356   3.382
  3.843   3.844   3.868   3.870   3.882   4.068   4.071   4.071
  4.075   4.318   4.345   4.350   4.352   4.358   4.370   4.376
  4.397   4.403   4.435   4.441   4.473   4.474   4.615   4.721
  4.752   4.756   4.820   4.824   6.210   6.401  11.653  11.654
 11.683  11.684  11.756  11.902  17.720  17.766  17.766  17.824
 17.839  17.977  17.980  18.018  18.058  18.084  22.381  22.389
 22.392  22.393  22.398  22.405  22.407  22.408  22.419  22.420
 22.421  22.421  22.435  22.447 141.087 141.308
 
 Beta MOs
 -- Occupied --
-65.424 -65.424  -5.083  -5.083  -3.486  -3.486  -3.485  -3.484
 -3.484  -3.484  -0.520  -0.455  -0.297  -0.286  -0.271  -0.261
 -0.202
 -- Virtual --
  0.165   0.167   0.196   0.199   0.203   0.208   0.209   0.213
  0.216   0.222   0.228   0.231   0.301   0.302   0.303   0.307
  0.317   0.348   0.351   0.367   0.384   0.406   0.407   0.458
  0.483   0.497   0.502   0.503   0.508   0.553   0.555   0.558
  0.563   0.592   0.595   0.598   0.678   0.684   0.695   0.722
  0.726   0.733   0.746   0.769   0.773   0.775   0.899   0.905
  0.905   0.906   0.923   0.926   0.933   0.965   0.970   0.977
  0.981   1.012   1.108   1.109   1.121   1.125   1.180   1.181
  1.190   1.222   1.228   1.232   1.244   1.355   1.399   1.408
  1.409   1.415   1.422   1.486   1.488   1.508   1.552   1.556
  1.590   1.602   1.647   1.654   1.682   1.682   1.691   1.799
  1.801   1.806   1.808   1.896   1.993   2.325   2.388   2.397
  2.412   2.421   2.492   2.496   2.534   2.555   2.556   2.636
  2.639   2.646   2.796   3.111   3.123   3.147   3.158   3.362
  3.388   3.844   3.846   3.870   3.872   3.882   4.069   4.073
  4.077   4.080   4.322   4.348   4.356   4.358   4.367   4.374
  4.378   4.401   4.413   4.436   4.449   4.479   4.480   4.621
  4.725   4.754   4.763   4.822   4.831   6.211   6.402  11.653
 11.656  11.683  11.686  11.757  11.902  17.720  17.766  17.767
 17.825  17.839  17.977  17.980  18.018  18.058  18.085  22.381
 22.389  22.393  22.393  22.398  22.406  22.407  22.408  22.419
 22.420  22.421  22.422  22.436  22.447 141.087 141.308
 --------------------------------------------------------------
 
          Ground-State Mulliken Net Atomic Charges

     Atom                 Charge (a.u.)    Spin (a.u.)
  --------------------------------------------------------
      1 Si                   -0.182045       0.556230
      2 Si                   -0.182070       0.556311
      3 H                    -0.109182      -0.015301
      4 H                    -0.135340      -0.013608
      5 H                    -0.073423      -0.027351
      6 H                    -0.109122      -0.015376
      7 H                    -0.073499      -0.027271
      8 H                    -0.135320      -0.013634
  --------------------------------------------------------
  Sum of atomic charges =    -1.000000
  Sum of spin   charges =     1.000000

 -----------------------------------------------------------------
                    Cartesian Multipole Moments
 -----------------------------------------------------------------
    Charge (ESU x 10^10)
                -4.8032
    Dipole Moment (Debye)
         X       0.0001      Y      -0.0001      Z      -5.6444
       Tot       5.6444
    Quadrupole Moments (Debye-Ang)
        XX     -43.6575     XY       2.3723     YY     -43.6313
        XZ       0.1398     YZ       2.1685     ZZ     -57.2912
    Octapole Moments (Debye-Ang^2)
       XXX       0.0006    XXY      -0.0003    XYY       0.0004
       YYY      -0.0009    XXZ     -51.3022    XYZ       2.7887
       YYZ     -51.2737    XZZ       0.3275    YZZ       5.0976
       ZZZ    -186.3830
    Hexadecapole Moments (Debye-Ang^3)
      XXXX    -173.9992   XXXY       1.5688   XXYY     -58.0347
      XYYY      18.6171   YYYY    -173.3255   XXXZ      10.2143
      XXYZ       4.5208   XYYZ      -8.8082   YYYZ      13.4460
      XXZZ    -193.1630   XYZZ       9.0980   YYZZ    -191.7327
      XZZZ       2.2881   YZZZ      40.9508   ZZZZ    -947.3934
 -----------------------------------------------------------------
 Total job time:  172.47s(wall), 170.01s(cpu) 
 Tue Mar 25 23:49:18 2014

        *************************************************************
        *                                                           *
        *  Thank you very much for using Q-Chem.  Have a nice day.  *
        *                                                           *
        *************************************************************


0 sent ACK to 0 
now end server 0 ... 
 
**********************************************************************
Job 2 of 3 
**********************************************************************
 
Process 0 of 1 is on cl132 - thread support 1
initial socket setup ...start
initial socket setup ...done 
now start server 0 ... 

cmd = /usr/bin/ssh clhead /usr/local/qchem/bin/get_hostid 2099631891 > /tmp/1603064.1.medium.q/qchem9474/lic.dat

cmd = /usr/bin/ssh clhead /usr/local/qchem/bin/get_hostid 2099631891 > /tmp/1603064.1.medium.q/qchem9474/lic.dat

cmd = /usr/bin/ssh clhead /usr/local/qchem/bin/get_hostid 2099631891 > /tmp/1603064.1.medium.q/qchem9474/lic.dat

cmd = /usr/bin/ssh clhead /usr/local/qchem/bin/get_hostid 2099631891 > /tmp/1603064.1.medium.q/qchem9474/lic.dat

cmd = /usr/bin/ssh clhead /usr/local/qchem/bin/get_hostid 2099631891 > /tmp/1603064.1.medium.q/qchem9474/lic.dat
                  Welcome to Q-Chem
     A Quantum Leap Into The Future Of Chemistry

 Y. Shao, L. Fusti-Molnar, Y. Jung, J. Kussmann, C. Ochsenfeld,
 S. T. Brown, A. T. B. Gilbert, L. V. Slipchenko,S. V. Levchenko,
 D. P. O'Neill, R. A. DiStasio Jr., R. C. Lochan, T. Wang,
 G. J. O. Beran, N. A. Besley, J. M. Herbert, C. Y. Lin,
 T. Van Voorhis, S. H. Chien, A. Sodt, R. P. Steele, 
 V. A. Rassolov, P. E. Maslen, P. P. Korambath, R. D. Adamson,
 B. Austin, J. Baker, E. F. C. Byrd, H. Dachsel, R. J. Doerksen,
 A. Dreuw, B. D. Dunietz, A. D. Dutoi, T. R. Furlani,
 S. R. Gwaltney, A. Heyden, S. Hirata, C.-P. Hsu, G. Kedziora,
 R. Z. Khaliullin, P. Klunzinger, A. M. Lee, M. S. Lee, W. Liang,
 I. Lotan, N. Nair, B. Peters, E. I. Proynov, P. A. Pieniazek, 
 Y. M. Rhee, J. Ritchie, E. Rosta, C. D. Sherrill, 
 A. C. Simmonett, J. E. Subotnik, H. L. Woodcock III,
 W. Zhang, A. T. Bell, A. K. Chakraborty, D. M. Chipman,
 F. J. Keil, A. Warshel, W. J. Hehre, H. F. Schaefer III,
 J. Kong, A. I. Krylov, P. M. W. Gill, M. Head-Gordon,
 Q-Chem, Version 3.1, Q-Chem, Inc., Pittsburgh, PA (2007).

 Additional authors for Version 3.1: 
 Z. Gan, Y. Zhao, N. E. Schultz, D. Truhlar, E. Epifanovsky and M. Oana.

 Additional authors for Version 3.2: 
 R. Baer, B. R. Brooks, D. Casanova, J.-D. Chai, C.-L. Cheng, 
 C. Cramer, D. Crittenden, A. Ghysels, G. Hawkins, E. G. Hohenstein, 
 C. Kelley, W. Kurlancheek, D. Liotard, E. Livshits, P. Manohar, 
 A. Marenich, D. Neuhauser, R. Olson, M. A. Rohrdanz, K. S. Thanthiriwatte, 
 A. J. W. Thom, V. Vanovschi, C. F. Williams, Q. Wu and Z.-Q. You. 


 Intel X86 Linux Version

 Q-chem begins on Tue Mar 25 23:49:22 2014  

 Parallel job on  1  processors
Processing $rem in /usr/local/qchem/config/preferences.

theFileMan(): MAXOPENFILES=974 MAX_SUB_FILE_NUM=16
Maximum size of a physical file is 2.0 GB, maximum size of a tmp-file is 32.0 GB


--------------------------------------------------------------
User input:
--------------------------------------------------------------

$molecule
0,1
Si         0.00042        0.00000        0.00861
Si        -0.00042        0.00000        2.34162
H          1.39615        0.00000       -0.50798
H         -0.69759       -1.20904       -0.50646
H         -0.69759        1.20904       -0.50646
H         -1.39615        0.00000        2.85821
H          0.69759       -1.20904        2.85669
H          0.69759        1.20904        2.85669
$end

$comment
neutral
$end

$xc_functional
C PBE   1.00
X wPBE  1.00
$end


$rem
SYMMETRY_DECOMPOSITION	0
LRC_DFT                 true
exchange 		general
BASIS                   g3large
omega			400
mem_static              760
max_scf_cycles          200
scf_final_print         1
sym_ignore              true
$end

--------------------------------------------------------------
 Writing REM_CC_EA            8
 ----------------------------------------------------
       Standard Nuclear Orientation (Angstroms)
    I     Atom         X            Y            Z
 ----------------------------------------------------
    1      Si      0.000420     0.000000     0.008610
    2      Si     -0.000420     0.000000     2.341620
    3      H       1.396150     0.000000    -0.507980
    4      H      -0.697590    -1.209040    -0.506460
    5      H      -0.697590     1.209040    -0.506460
    6      H      -1.396150     0.000000     2.858210
    7      H       0.697590    -1.209040     2.856690
    8      H       0.697590     1.209040     2.856690
 ----------------------------------------------------
 Nuclear Repulsion Energy =    90.8879884197 hartrees
 There are       17 alpha and       17 beta electrons
 Requested basis set is G3large
 There are 74 shells and 192 basis functions

Total QAlloc Memory Limit   2000 MB
Mega-Array Size       743 MB
MEM_STATIC part       760 MB

                       Distance Matrix (Angstroms)
             Si(  1)   Si(  2)   H (  3)   H (  4)   H (  5)   H (  6)
   Si(  2)  2.333010
   H (  3)  1.488263  3.173425
   H (  4)  1.488050  3.171653  2.417753
   H (  5)  1.488050  3.171653  2.417753  2.418080
   H (  6)  3.173425  1.488263  4.373577  3.642907  3.642907
   H (  7)  3.171653  1.488050  3.642907  3.641058  4.370860  2.417753
   H (  8)  3.171653  1.488050  3.642907  4.370860  3.641058  2.417753
             H (  7)
   H (  8)  2.418080
 
 A cutoff of  1.0D-08 yielded   2535 shell pairs
 There are  17276 function pairs ( 22407 Cartesian)
Evaluating contribution to one-electron hamiltonian from nuclear
 Smallest overlap matrix eigenvalue = 1.96E-04
 Multipole matrices computed through 2nd order

  Scale SEOQF with 1.000000e-01/1.000000e-01/1.000000e-01

 Standard Electronic Orientation quadrupole field applied
 Nucleus-field energy     =    -0.0000000103 hartrees
 Guess from superposition of atomic densities
 Warning:  Energy on first SCF cycle will be non-variational
 Long-range K will be added via erf
 Coulomb attenuation parameter = 0.4 bohr**(-1)
 A restricted Kohn-Sham SCF calculation will be
 performed using Pulay DIIS extrapolation
 Exchange:  wPBE + LR-HF      Correlation:  PBE
 Using SG-1 standard quadrature grid
 SCF converges when DIIS error is below 1.0E-05
 Requested basis set is G3large
 There are 74 shells and 192 basis functions
 A cutoff of  1.0D-08 yielded   2535 shell pairs
 There are  17276 function pairs ( 22407 Cartesian)
 ---------------------------------------
  Cycle       Energy         DIIS Error
 ---------------------------------------
    1    -582.3016227988      2.15E-02
    2    -582.3553615199      1.60E-03
    3    -582.3809015941      4.10E-04
    4    -582.3823881446      1.47E-04
    5    -582.3825770708      4.54E-05
    6    -582.3825998265      8.99E-06 Convergence criterion met
 ---------------------------------------
 One-Electron    Energy =  -987.0909051124
 Total Coulomb   Energy =   357.6422615257
 Alpha Exchange  Energy =    -3.4437217598
 Beta  Exchange  Energy =    -3.4437217598
 DFT   Exchange  Energy =   -35.7383562728
 DFT Correlation Energy =    -1.1961448568
 Nuclear Repu.   Energy =    90.8879884094
 Nuclear Attr.   Energy = -1568.3163810584
 Kinetic         Energy =   581.2254759460
 SCF time:  CPU 68.51 s  wall 69.89 s
 Final Alpha MO Eigenvalues
            1           2           3           4           5           6
    1 -65.6151499 -65.6151448  -5.2774919  -5.2773763  -3.6790799  -3.6788065
            7           8           9          10          11          12
    1  -3.6787927  -3.6787345  -3.6787215  -3.6784763  -0.7207414  -0.6461441
           13          14          15          16          17          18
    1  -0.4845847  -0.4845101  -0.4551424  -0.4551168  -0.4056472   0.0429617
           19          20          21          22
    1   0.0500611   0.0754843   0.0754983   0.0783408
 Analysis of SCF Wavefunction
 
 --------------------------------------------------------------
                    Orbital Energies (a.u.)
 --------------------------------------------------------------
 
 Alpha MOs
 -- Occupied --
-65.615 -65.615  -5.277  -5.277  -3.679  -3.679  -3.679  -3.679
 -3.679  -3.678  -0.721  -0.646  -0.485  -0.485  -0.455  -0.455
 -0.406
 -- Virtual --
  0.043   0.050   0.075   0.075   0.078   0.078   0.080   0.080
  0.082   0.099   0.099   0.105   0.144   0.152   0.152   0.162
  0.172   0.185   0.185   0.220   0.227   0.233   0.233   0.302
  0.329   0.338   0.338   0.346   0.346   0.387   0.387   0.396
  0.396   0.436   0.442   0.442   0.501   0.515   0.520   0.547
  0.547   0.558   0.570   0.593   0.596   0.596   0.723   0.723
  0.727   0.736   0.745   0.745   0.754   0.797   0.797   0.799
  0.799   0.836   0.925   0.926   0.945   0.945   0.996   0.996
  1.003   1.044   1.044   1.049   1.056   1.180   1.219   1.229
  1.229   1.232   1.233   1.307   1.307   1.329   1.372   1.372
  1.409   1.422   1.461   1.461   1.495   1.495   1.499   1.619
  1.619   1.622   1.622   1.697   1.807   2.129   2.194   2.195
  2.214   2.222   2.297   2.297   2.338   2.358   2.358   2.442
  2.444   2.444   2.601   2.927   2.927   2.964   2.964   3.172
  3.198   3.648   3.649   3.673   3.675   3.688   3.880   3.882
  3.884   3.886   4.133   4.163   4.163   4.171   4.171   4.183
  4.186   4.215   4.215   4.253   4.253   4.288   4.288   4.430
  4.533   4.565   4.566   4.632   4.633   6.016   6.208  11.461
 11.461  11.491  11.491  11.562  11.709  17.526  17.572  17.573
 17.631  17.645  17.783  17.786  17.824  17.864  17.891  22.187
 22.195  22.198  22.198  22.204  22.211  22.213  22.214  22.225
 22.226  22.226  22.227  22.241  22.252 140.895 141.117
 --------------------------------------------------------------
 
          Ground-State Mulliken Net Atomic Charges

     Atom                 Charge (a.u.)
  ----------------------------------------
      1 Si                    0.218012
      2 Si                    0.217983
      3 H                    -0.072599
      4 H                    -0.072790
      5 H                    -0.072611
      6 H                    -0.072595
      7 H                    -0.072613
      8 H                    -0.072787
  ----------------------------------------
  Sum of atomic charges =     0.000000

 -----------------------------------------------------------------
                    Cartesian Multipole Moments
 -----------------------------------------------------------------
    Charge (ESU x 10^10)
                 0.0000
    Dipole Moment (Debye)
         X       0.0000      Y       0.0000      Z       0.0000
       Tot       0.0000
    Quadrupole Moments (Debye-Ang)
        XX     -31.0176     XY      -0.0007     YY     -31.0199
        XZ      -0.0038     YZ      -0.0009     ZZ     -31.8355
    Octapole Moments (Debye-Ang^2)
       XXX       0.0000    XXY       0.0000    XYY       0.0000
       YYY       0.0000    XXZ     -36.4492    XYZ      -0.0008
       YYZ     -36.4520    XZZ      -0.0089    YZZ      -0.0020
       ZZZ    -112.2310
    Hexadecapole Moments (Debye-Ang^3)
      XXXX     -82.0243   XXXY      -0.0028   XXYY     -27.3430
      XYYY      -0.0039   YYYY     -82.0397   XXXZ       1.0908
      XXYZ      -0.0020   XYYZ      -1.0244   YYYZ      -0.0057
      XXZZ    -118.1267   XYZZ      -0.0083   YYZZ    -118.1453
      XZZZ       0.0291   YZZZ      -0.0091   ZZZZ    -614.1189
 -----------------------------------------------------------------
 Total job time:  70.13s(wall), 68.71s(cpu) 
 Tue Mar 25 23:50:32 2014

        *************************************************************
        *                                                           *
        *  Thank you very much for using Q-Chem.  Have a nice day.  *
        *                                                           *
        *************************************************************


0 sent ACK to 0 
now end server 0 ... 
 
**********************************************************************
Job 3 of 3 
**********************************************************************
 
Process 0 of 1 is on cl132 - thread support 1
initial socket setup ...start
initial socket setup ...done 
now start server 0 ... 

cmd = /usr/bin/ssh clhead /usr/local/qchem/bin/get_hostid 1845468378 > /tmp/1603064.1.medium.q/qchem9474/lic.dat

cmd = /usr/bin/ssh clhead /usr/local/qchem/bin/get_hostid 1845468378 > /tmp/1603064.1.medium.q/qchem9474/lic.dat

cmd = /usr/bin/ssh clhead /usr/local/qchem/bin/get_hostid 1845468378 > /tmp/1603064.1.medium.q/qchem9474/lic.dat

cmd = /usr/bin/ssh clhead /usr/local/qchem/bin/get_hostid 1845468378 > /tmp/1603064.1.medium.q/qchem9474/lic.dat

cmd = /usr/bin/ssh clhead /usr/local/qchem/bin/get_hostid 1845468378 > /tmp/1603064.1.medium.q/qchem9474/lic.dat
                  Welcome to Q-Chem
     A Quantum Leap Into The Future Of Chemistry

 Y. Shao, L. Fusti-Molnar, Y. Jung, J. Kussmann, C. Ochsenfeld,
 S. T. Brown, A. T. B. Gilbert, L. V. Slipchenko,S. V. Levchenko,
 D. P. O'Neill, R. A. DiStasio Jr., R. C. Lochan, T. Wang,
 G. J. O. Beran, N. A. Besley, J. M. Herbert, C. Y. Lin,
 T. Van Voorhis, S. H. Chien, A. Sodt, R. P. Steele, 
 V. A. Rassolov, P. E. Maslen, P. P. Korambath, R. D. Adamson,
 B. Austin, J. Baker, E. F. C. Byrd, H. Dachsel, R. J. Doerksen,
 A. Dreuw, B. D. Dunietz, A. D. Dutoi, T. R. Furlani,
 S. R. Gwaltney, A. Heyden, S. Hirata, C.-P. Hsu, G. Kedziora,
 R. Z. Khaliullin, P. Klunzinger, A. M. Lee, M. S. Lee, W. Liang,
 I. Lotan, N. Nair, B. Peters, E. I. Proynov, P. A. Pieniazek, 
 Y. M. Rhee, J. Ritchie, E. Rosta, C. D. Sherrill, 
 A. C. Simmonett, J. E. Subotnik, H. L. Woodcock III,
 W. Zhang, A. T. Bell, A. K. Chakraborty, D. M. Chipman,
 F. J. Keil, A. Warshel, W. J. Hehre, H. F. Schaefer III,
 J. Kong, A. I. Krylov, P. M. W. Gill, M. Head-Gordon,
 Q-Chem, Version 3.1, Q-Chem, Inc., Pittsburgh, PA (2007).

 Additional authors for Version 3.1: 
 Z. Gan, Y. Zhao, N. E. Schultz, D. Truhlar, E. Epifanovsky and M. Oana.

 Additional authors for Version 3.2: 
 R. Baer, B. R. Brooks, D. Casanova, J.-D. Chai, C.-L. Cheng, 
 C. Cramer, D. Crittenden, A. Ghysels, G. Hawkins, E. G. Hohenstein, 
 C. Kelley, W. Kurlancheek, D. Liotard, E. Livshits, P. Manohar, 
 A. Marenich, D. Neuhauser, R. Olson, M. A. Rohrdanz, K. S. Thanthiriwatte, 
 A. J. W. Thom, V. Vanovschi, C. F. Williams, Q. Wu and Z.-Q. You. 


 Intel X86 Linux Version

 Q-chem begins on Tue Mar 25 23:50:41 2014  

 Parallel job on  1  processors
Processing $rem in /usr/local/qchem/config/preferences.

theFileMan(): MAXOPENFILES=974 MAX_SUB_FILE_NUM=16
Maximum size of a physical file is 2.0 GB, maximum size of a tmp-file is 32.0 GB


--------------------------------------------------------------
User input:
--------------------------------------------------------------

$molecule
1,2
Si         0.00042        0.00000        0.00861
Si        -0.00042        0.00000        2.34162
H          1.39615        0.00000       -0.50798
H         -0.69759       -1.20904       -0.50646
H         -0.69759        1.20904       -0.50646
H         -1.39615        0.00000        2.85821
H          0.69759       -1.20904        2.85669
H          0.69759        1.20904        2.85669
$end

$comment
positive
$end

$xc_functional
C PBE   1.00
X wPBE  1.00
$end

$rem
SYMMETRY_DECOMPOSITION	0
LRC_DFT                 true
exchange 		general
BASIS                   g3large
omega			400
mem_static              760
max_scf_cycles          200
scf_final_print         1
sym_ignore              true
$end

--------------------------------------------------------------
 Writing REM_CC_EA            8
 ----------------------------------------------------
       Standard Nuclear Orientation (Angstroms)
    I     Atom         X            Y            Z
 ----------------------------------------------------
    1      Si      0.000420     0.000000     0.008610
    2      Si     -0.000420     0.000000     2.341620
    3      H       1.396150     0.000000    -0.507980
    4      H      -0.697590    -1.209040    -0.506460
    5      H      -0.697590     1.209040    -0.506460
    6      H      -1.396150     0.000000     2.858210
    7      H       0.697590    -1.209040     2.856690
    8      H       0.697590     1.209040     2.856690
 ----------------------------------------------------
 Nuclear Repulsion Energy =    90.8879884197 hartrees
 There are       17 alpha and       16 beta electrons
 Requested basis set is G3large
 There are 74 shells and 192 basis functions

Total QAlloc Memory Limit   2000 MB
Mega-Array Size       743 MB
MEM_STATIC part       760 MB

                       Distance Matrix (Angstroms)
             Si(  1)   Si(  2)   H (  3)   H (  4)   H (  5)   H (  6)
   Si(  2)  2.333010
   H (  3)  1.488263  3.173425
   H (  4)  1.488050  3.171653  2.417753
   H (  5)  1.488050  3.171653  2.417753  2.418080
   H (  6)  3.173425  1.488263  4.373577  3.642907  3.642907
   H (  7)  3.171653  1.488050  3.642907  3.641058  4.370860  2.417753
   H (  8)  3.171653  1.488050  3.642907  4.370860  3.641058  2.417753
             H (  7)
   H (  8)  2.418080
 
 A cutoff of  1.0D-08 yielded   2535 shell pairs
 There are  17276 function pairs ( 22407 Cartesian)
Evaluating contribution to one-electron hamiltonian from nuclear
 Smallest overlap matrix eigenvalue = 1.96E-04
 Multipole matrices computed through 2nd order

  Scale SEOQF with 1.000000e-01/1.000000e-01/1.000000e-01

 Standard Electronic Orientation quadrupole field applied
 Nucleus-field energy     =    -0.0000000103 hartrees
 Guess from superposition of atomic densities
 Warning:  Energy on first SCF cycle will be non-variational
 Long-range K will be added via erf
 Coulomb attenuation parameter = 0.4 bohr**(-1)
 An unrestricted Kohn-Sham SCF calculation will be
 performed using Pulay DIIS extrapolation
 Exchange:  wPBE + LR-HF      Correlation:  PBE
 Using SG-1 standard quadrature grid
 SCF converges when DIIS error is below 1.0E-05
 Requested basis set is G3large
 There are 74 shells and 192 basis functions
 A cutoff of  1.0D-08 yielded   2535 shell pairs
 There are  17276 function pairs ( 22407 Cartesian)
 Warning!  Inaccurate integrated density:
   Number of electrons =    33
   Numerical integral  =    34.000072301361
   Relative error      =     3.0305221253 %
 ---------------------------------------
  Cycle       Energy         DIIS Error
 ---------------------------------------
    1    -582.3016227988      2.15E-02
    2    -581.9142456605      2.73E-03
    3    -581.9816095284      1.26E-03
    4    -581.9890851437      2.84E-04
    5    -581.9897922505      7.19E-05
    6    -581.9899430852      2.21E-05
    7    -581.9899809626      1.17E-05
    8    -581.9899927815      7.36E-06 Convergence criterion met
 ---------------------------------------
 One-Electron    Energy =  -978.5531712268
 Total Coulomb   Energy =   349.1994069399
 Alpha Exchange  Energy =    -3.4569146992
 Beta  Exchange  Energy =    -3.2653202143
 DFT   Exchange  Energy =   -35.6427715147
 DFT Correlation Energy =    -1.1592104757
 Nuclear Repu.   Energy =    90.8879884094
 Nuclear Attr.   Energy = -1559.5723703571
 Kinetic         Energy =   581.0191991302
 <S^2> = 0.7555
 SCF time:  CPU 111.53 s  wall 113.07 s
 Final Alpha MO Eigenvalues
            1           2           3           4           5           6
    1 -65.8779772 -65.8779703  -5.5395501  -5.5394177  -3.9481050  -3.9474358
            7           8           9          10          11          12
    1  -3.9378418  -3.9378360  -3.9377752  -3.9377694  -0.9858492  -0.8807832
           13          14          15          16          17          18
    1  -0.7146894  -0.7139714  -0.6884509  -0.6801867  -0.6792214  -0.1420796
           19          20          21          22
    1  -0.1419339  -0.1179250  -0.1100183  -0.0840492
 Final Beta MO Eigenvalues
            1           2           3           4           5           6
    1 -65.8764908 -65.8764849  -5.5378487  -5.5377513  -3.9425664  -3.9419016
            7           8           9          10          11          12
    1  -3.9372387  -3.9372117  -3.9371803  -3.9371534  -0.9410136  -0.8558887
           13          14          15          16          17          18
    1  -0.7056883  -0.7054952  -0.6700620  -0.6700500  -0.3777847  -0.1195827
           19          20          21
    1  -0.1191804  -0.1040222  -0.0985018
 Analysis of SCF Wavefunction
 
 --------------------------------------------------------------
                    Orbital Energies (a.u.)
 --------------------------------------------------------------
 
 Alpha MOs
 -- Occupied --
-65.878 -65.878  -5.540  -5.539  -3.948  -3.947  -3.938  -3.938
 -3.938  -3.938  -0.986  -0.881  -0.715  -0.714  -0.688  -0.680
 -0.679
 -- Virtual --
 -0.142  -0.142  -0.118  -0.110  -0.084  -0.084  -0.060  -0.057
 -0.057  -0.056  -0.027  -0.027  -0.011   0.010   0.012   0.012
  0.020   0.020   0.036   0.041   0.042   0.062   0.062   0.115
  0.156   0.156   0.160   0.161   0.161   0.201   0.201   0.222
  0.222   0.258   0.275   0.276   0.300   0.321   0.326   0.352
  0.352   0.367   0.373   0.388   0.388   0.395   0.512   0.515
  0.516   0.528   0.542   0.542   0.555   0.586   0.586   0.602
  0.602   0.638   0.704   0.705   0.737   0.738   0.774   0.775
  0.796   0.806   0.834   0.834   0.843   0.973   1.005   1.016
  1.016   1.026   1.027   1.104   1.104   1.129   1.160   1.161
  1.199   1.216   1.235   1.236   1.267   1.267   1.282   1.403
  1.403   1.407   1.407   1.434   1.575   1.867   1.931   1.931
  1.976   1.984   2.045   2.046   2.094   2.108   2.109   2.181
  2.181   2.207   2.341   2.702   2.703   2.741   2.742   2.948
  2.974   3.389   3.390   3.416   3.417   3.423   3.642   3.643
  3.645   3.647   3.909   3.924   3.940   3.941   3.948   3.950
  3.962   3.989   3.990   4.029   4.030   4.063   4.065   4.202
  4.295   4.329   4.330   4.394   4.394   5.758   5.955  11.204
 11.204  11.234  11.234  11.294  11.443  17.258  17.312  17.312
 17.368  17.383  17.519  17.522  17.562  17.605  17.630  21.923
 21.932  21.934  21.941  21.945  21.948  21.950  21.953  21.963
 21.964  21.965  21.965  21.983  21.991 140.633 140.855
 
 Beta MOs
 -- Occupied --
-65.876 -65.876  -5.538  -5.538  -3.943  -3.942  -3.937  -3.937
 -3.937  -3.937  -0.941  -0.856  -0.706  -0.705  -0.670  -0.670
 -- Virtual --
 -0.378  -0.120  -0.119  -0.104  -0.099  -0.083  -0.083  -0.056
 -0.056  -0.052  -0.047  -0.026  -0.026  -0.003   0.015   0.018
  0.018   0.021   0.021   0.038   0.045   0.045   0.066   0.066
  0.134   0.161   0.161   0.163   0.163   0.169   0.204   0.204
  0.225   0.225   0.264   0.279   0.279   0.300   0.331   0.337
  0.357   0.357   0.369   0.378   0.395   0.401   0.401   0.524
  0.524   0.524   0.539   0.546   0.546   0.560   0.593   0.593
  0.607   0.607   0.643   0.710   0.710   0.740   0.740   0.781
  0.781   0.802   0.831   0.840   0.840   0.848   0.980   1.016
  1.024   1.024   1.029   1.029   1.107   1.108   1.133   1.167
  1.167   1.206   1.222   1.239   1.240   1.270   1.270   1.291
  1.409   1.409   1.412   1.412   1.458   1.584   1.891   1.958
  1.958   1.975   1.983   2.060   2.061   2.099   2.121   2.122
  2.204   2.204   2.210   2.364   2.710   2.711   2.748   2.749
  2.956   2.981   3.394   3.395   3.420   3.421   3.434   3.646
  3.647   3.649   3.651   3.916   3.938   3.947   3.948   3.956
  3.957   3.970   3.997   3.998   4.037   4.037   4.071   4.072
  4.209   4.305   4.337   4.337   4.402   4.403   5.764   5.959
 11.205  11.205  11.235  11.235  11.304  11.453  17.264  17.314
 17.314  17.370  17.385  17.524  17.524  17.564  17.606  17.632
 21.925  21.934  21.936  21.941  21.945  21.950  21.951  21.954
 21.964  21.965  21.966  21.966  21.984  21.993 140.635 140.857
 --------------------------------------------------------------
 
          Ground-State Mulliken Net Atomic Charges

     Atom                 Charge (a.u.)    Spin (a.u.)
  --------------------------------------------------------
      1 Si                    0.391986       0.376553
      2 Si                    0.391999       0.376548
      3 H                     0.035503       0.037001
      4 H                     0.036401       0.044553
      5 H                     0.036103       0.041899
      6 H                     0.035502       0.037004
      7 H                     0.036104       0.041889
      8 H                     0.036402       0.044551
  --------------------------------------------------------
  Sum of atomic charges =     1.000000
  Sum of spin   charges =     1.000000

 -----------------------------------------------------------------
                    Cartesian Multipole Moments
 -----------------------------------------------------------------
    Charge (ESU x 10^10)
                 4.8032
    Dipole Moment (Debye)
         X       0.0000      Y       0.0000      Z       5.6443
       Tot       5.6443
    Quadrupole Moments (Debye-Ang)
        XX     -25.2268     XY       0.0063     YY     -25.1923
        XZ       0.0550     YZ       0.0219     ZZ      -8.3202
    Octapole Moments (Debye-Ang^2)
       XXX       0.0000    XXY       0.0000    XYY       0.0000
       YYY       0.0000    XXZ     -29.6443    XYZ       0.0074
       YYZ     -29.6038    XZZ       0.1292    YZZ       0.0514
       ZZZ     -44.9201
    Hexadecapole Moments (Debye-Ang^3)
      XXXX     -61.8859   XXXY       0.0105   XXYY     -20.6069
      XYYY       0.0123   YYYY     -61.7689   XXXZ      -3.3986
      XXYZ       0.0139   XYYZ       3.6066   YYYZ       0.0416
      XXZZ     -87.5259   XYZZ       0.0340   YYZZ     -87.3609
      XZZZ       0.5513   YZZZ       0.1994   ZZZZ    -360.7617
 -----------------------------------------------------------------
 Total job time:  113.36s(wall), 111.75s(cpu) 
 Tue Mar 25 23:52:34 2014

        *************************************************************
        *                                                           *
        *  Thank you very much for using Q-Chem.  Have a nice day.  *
        *                                                           *
        *************************************************************


0 sent ACK to 0 
now end server 0 ... 
