Process 0 of 1 is on cl135 - thread support 1
initial socket setup ...start
initial socket setup ...done 
now start server 0 ... 

cmd = /usr/bin/ssh clhead /usr/local/qchem/bin/get_hostid 1534438973 > /tmp/1602341.1.medium.q/qchem14610/lic.dat

cmd = /usr/bin/ssh clhead /usr/local/qchem/bin/get_hostid 1534438973 > /tmp/1602341.1.medium.q/qchem14610/lic.dat

cmd = /usr/bin/ssh clhead /usr/local/qchem/bin/get_hostid 1534438973 > /tmp/1602341.1.medium.q/qchem14610/lic.dat

cmd = /usr/bin/ssh clhead /usr/local/qchem/bin/get_hostid 1534438973 > /tmp/1602341.1.medium.q/qchem14610/lic.dat

cmd = /usr/bin/ssh clhead /usr/local/qchem/bin/get_hostid 1534438973 > /tmp/1602341.1.medium.q/qchem14610/lic.dat
                  Welcome to Q-Chem
     A Quantum Leap Into The Future Of Chemistry

 Y. Shao, L. Fusti-Molnar, Y. Jung, J. Kussmann, C. Ochsenfeld,
 S. T. Brown, A. T. B. Gilbert, L. V. Slipchenko,S. V. Levchenko,
 D. P. O'Neill, R. A. DiStasio Jr., R. C. Lochan, T. Wang,
 G. J. O. Beran, N. A. Besley, J. M. Herbert, C. Y. Lin,
 T. Van Voorhis, S. H. Chien, A. Sodt, R. P. Steele, 
 V. A. Rassolov, P. E. Maslen, P. P. Korambath, R. D. Adamson,
 B. Austin, J. Baker, E. F. C. Byrd, H. Dachsel, R. J. Doerksen,
 A. Dreuw, B. D. Dunietz, A. D. Dutoi, T. R. Furlani,
 S. R. Gwaltney, A. Heyden, S. Hirata, C.-P. Hsu, G. Kedziora,
 R. Z. Khaliullin, P. Klunzinger, A. M. Lee, M. S. Lee, W. Liang,
 I. Lotan, N. Nair, B. Peters, E. I. Proynov, P. A. Pieniazek, 
 Y. M. Rhee, J. Ritchie, E. Rosta, C. D. Sherrill, 
 A. C. Simmonett, J. E. Subotnik, H. L. Woodcock III,
 W. Zhang, A. T. Bell, A. K. Chakraborty, D. M. Chipman,
 F. J. Keil, A. Warshel, W. J. Hehre, H. F. Schaefer III,
 J. Kong, A. I. Krylov, P. M. W. Gill, M. Head-Gordon,
 Q-Chem, Version 3.1, Q-Chem, Inc., Pittsburgh, PA (2007).

 Additional authors for Version 3.1: 
 Z. Gan, Y. Zhao, N. E. Schultz, D. Truhlar, E. Epifanovsky and M. Oana.

 Additional authors for Version 3.2: 
 R. Baer, B. R. Brooks, D. Casanova, J.-D. Chai, C.-L. Cheng, 
 C. Cramer, D. Crittenden, A. Ghysels, G. Hawkins, E. G. Hohenstein, 
 C. Kelley, W. Kurlancheek, D. Liotard, E. Livshits, P. Manohar, 
 A. Marenich, D. Neuhauser, R. Olson, M. A. Rohrdanz, K. S. Thanthiriwatte, 
 A. J. W. Thom, V. Vanovschi, C. F. Williams, Q. Wu and Z.-Q. You. 


 Intel X86 Linux Version

 Q-chem begins on Sun Mar 23 14:55:37 2014  

 Parallel job on  1  processors
Processing $rem in /usr/local/qchem/config/preferences.

theFileMan(): MAXOPENFILES=974 MAX_SUB_FILE_NUM=16
Maximum size of a physical file is 2.0 GB, maximum size of a tmp-file is 32.0 GB


--------------------------------------------------------------
User input:
--------------------------------------------------------------

$molecule
-1,2
Si         0.00042        0.00000        0.00861
Si        -0.00042        0.00000        2.34162
H          1.39615        0.00000       -0.50798
H         -0.69759       -1.20904       -0.50646
H         -0.69759        1.20904       -0.50646
H         -1.39615        0.00000        2.85821
H          0.69759       -1.20904        2.85669
H          0.69759        1.20904        2.85669
$end

$comment
negative
$end

$xc_functional
C PBE   1.00
X wPBE  1.00
$end

$rem
SYMMETRY_DECOMPOSITION	0
exchange 		general
LRC_DFT                 true
BASIS                   g3large
omega			320
mem_static              760
max_scf_cycles          200
scf_final_print         1
sym_ignore              true
$end

--------------------------------------------------------------
 Writing REM_CC_EA            8
 ----------------------------------------------------
       Standard Nuclear Orientation (Angstroms)
    I     Atom         X            Y            Z
 ----------------------------------------------------
    1      Si      0.000420     0.000000     0.008610
    2      Si     -0.000420     0.000000     2.341620
    3      H       1.396150     0.000000    -0.507980
    4      H      -0.697590    -1.209040    -0.506460
    5      H      -0.697590     1.209040    -0.506460
    6      H      -1.396150     0.000000     2.858210
    7      H       0.697590    -1.209040     2.856690
    8      H       0.697590     1.209040     2.856690
 ----------------------------------------------------
 Nuclear Repulsion Energy =    90.8879884197 hartrees
 There are       18 alpha and       17 beta electrons
 Requested basis set is G3large
 There are 74 shells and 192 basis functions

Total QAlloc Memory Limit   2000 MB
Mega-Array Size       743 MB
MEM_STATIC part       760 MB

                       Distance Matrix (Angstroms)
             Si(  1)   Si(  2)   H (  3)   H (  4)   H (  5)   H (  6)
   Si(  2)  2.333010
   H (  3)  1.488263  3.173425
   H (  4)  1.488050  3.171653  2.417753
   H (  5)  1.488050  3.171653  2.417753  2.418080
   H (  6)  3.173425  1.488263  4.373577  3.642907  3.642907
   H (  7)  3.171653  1.488050  3.642907  3.641058  4.370860  2.417753
   H (  8)  3.171653  1.488050  3.642907  4.370860  3.641058  2.417753
             H (  7)
   H (  8)  2.418080
 
 A cutoff of  1.0D-08 yielded   2535 shell pairs
 There are  17276 function pairs ( 22407 Cartesian)
Evaluating contribution to one-electron hamiltonian from nuclear
 Smallest overlap matrix eigenvalue = 1.96E-04
 Multipole matrices computed through 2nd order

  Scale SEOQF with 1.000000e-01/1.000000e-01/1.000000e-01

 Standard Electronic Orientation quadrupole field applied
 Nucleus-field energy     =    -0.0000000103 hartrees
 Guess from superposition of atomic densities
 Warning:  Energy on first SCF cycle will be non-variational
 Long-range K will be added via erf
 Coulomb attenuation parameter = 0.32 bohr**(-1)
 An unrestricted Kohn-Sham SCF calculation will be
 performed using Pulay DIIS extrapolation
 Exchange:  wPBE + LR-HF      Correlation:  PBE
 Using SG-1 standard quadrature grid
 SCF converges when DIIS error is below 1.0E-05
 Requested basis set is G3large
 There are 74 shells and 192 basis functions
 A cutoff of  1.0D-08 yielded   2535 shell pairs
 There are  17276 function pairs ( 22407 Cartesian)
 Warning!  Inaccurate integrated density:
   Number of electrons =    35
   Numerical integral  =    34.000072301361
   Relative error      =    -2.8569362818 %
 ---------------------------------------
  Cycle       Energy         DIIS Error
 ---------------------------------------
    1    -582.2760421368      2.14E-02
    2    -582.2560615647      1.55E-03
    3    -582.2839817134      6.69E-04
    4    -582.2869037957      1.81E-04
    5    -582.2874844061      6.45E-05
    6    -582.2876571787      2.57E-05
    7    -582.2877188757      1.26E-05
    8    -582.2877515763      8.51E-06 Convergence criterion met
 ---------------------------------------
 One-Electron    Energy =  -993.5174172622
 Total Coulomb   Energy =   364.3114414134
 Alpha Exchange  Energy =    -2.9484952992
 Beta  Exchange  Energy =    -2.8328912089
 DFT   Exchange  Energy =   -36.9685706749
 DFT Correlation Energy =    -1.2198069538
 Nuclear Repu.   Energy =    90.8879884094
 Nuclear Attr.   Energy = -1574.8719901912
 Kinetic         Energy =   581.3545729290
 <S^2> = 0.7550
 SCF time:  CPU 110.27 s  wall 111.65 s
 Final Alpha MO Eigenvalues
            1           2           3           4           5           6
    1 -65.3783241 -65.3783191  -5.0368807  -5.0367767  -3.4429992  -3.4429642
            7           8           9          10          11          12
    1  -3.4422251  -3.4418953  -3.4415377  -3.4413593  -0.5004626  -0.4341859
           13          14          15          16          17          18
    1  -0.2844759  -0.2834397  -0.2580261  -0.2551645  -0.2025207   0.0621360
           19          20          21          22          23
    1   0.1616895   0.1641455   0.1941887   0.1965106   0.1995315
 Final Beta MO Eigenvalues
            1           2           3           4           5           6
    1 -65.3782917 -65.3782868  -5.0366938  -5.0365987  -3.4429706  -3.4429546
            7           8           9          10          11          12
    1  -3.4421739  -3.4417309  -3.4409238  -3.4409103  -0.4921390  -0.4304468
           13          14          15          16          17          18
    1  -0.2803274  -0.2692483  -0.2537341  -0.2439973  -0.1893285   0.1637968
           19          20          21          22
    1   0.1660227   0.1955484   0.1986728   0.2026648
 Analysis of SCF Wavefunction
 
 --------------------------------------------------------------
                    Orbital Energies (a.u.)
 --------------------------------------------------------------
 
 Alpha MOs
 -- Occupied --
-65.378 -65.378  -5.037  -5.037  -3.443  -3.443  -3.442  -3.442
 -3.442  -3.441  -0.500  -0.434  -0.284  -0.283  -0.258  -0.255
 -0.203   0.062
 -- Virtual --
  0.162   0.164   0.194   0.197   0.200   0.201   0.204   0.211
  0.212   0.221   0.224   0.261   0.291   0.292   0.298   0.298
  0.326   0.336   0.359   0.372   0.394   0.396   0.445   0.471
  0.487   0.489   0.492   0.493   0.538   0.539   0.541   0.544
  0.581   0.583   0.584   0.663   0.664   0.671   0.699   0.701
  0.715   0.728   0.751   0.752   0.754   0.877   0.879   0.885
  0.888   0.901   0.904   0.912   0.947   0.951   0.956   0.957
  0.992   1.086   1.086   1.099   1.099   1.157   1.158   1.159
  1.200   1.202   1.205   1.218   1.334   1.375   1.383   1.386
  1.388   1.390   1.460   1.463   1.483   1.527   1.529   1.560
  1.575   1.621   1.623   1.651   1.655   1.657   1.770   1.771
  1.772   1.775   1.863   1.965   2.296   2.360   2.362   2.379
  2.387   2.460   2.461   2.503   2.521   2.522   2.603   2.609
  2.610   2.764   3.074   3.079   3.110   3.115   3.321   3.347
  3.808   3.808   3.833   3.834   3.847   4.033   4.036   4.036
  4.040   4.282   4.310   4.315   4.318   4.323   4.335   4.341
  4.362   4.368   4.400   4.406   4.438   4.439   4.579   4.685
  4.716   4.720   4.784   4.787   6.172   6.363  11.613  11.614
 11.643  11.644  11.716  11.862  17.676  17.723  17.724  17.784
 17.798  17.935  17.937  17.976  18.017  18.043  22.340  22.347
 22.351  22.351  22.357  22.364  22.366  22.367  22.378  22.379
 22.379  22.380  22.394  22.405 141.042 141.264
 
 Beta MOs
 -- Occupied --
-65.378 -65.378  -5.037  -5.037  -3.443  -3.443  -3.442  -3.442
 -3.441  -3.441  -0.492  -0.430  -0.280  -0.269  -0.254  -0.244
 -0.189
 -- Virtual --
  0.164   0.166   0.196   0.199   0.203   0.207   0.208   0.212
  0.215   0.221   0.226   0.229   0.295   0.297   0.300   0.303
  0.310   0.341   0.344   0.362   0.376   0.398   0.400   0.452
  0.475   0.490   0.495   0.495   0.500   0.545   0.549   0.550
  0.554   0.585   0.586   0.591   0.666   0.674   0.683   0.709
  0.713   0.723   0.734   0.756   0.760   0.763   0.885   0.888
  0.891   0.892   0.909   0.912   0.919   0.950   0.954   0.959
  0.963   1.001   1.089   1.089   1.101   1.105   1.163   1.163
  1.172   1.204   1.209   1.214   1.220   1.338   1.381   1.389
  1.390   1.394   1.400   1.466   1.468   1.491   1.532   1.536
  1.566   1.582   1.624   1.632   1.657   1.659   1.667   1.774
  1.776   1.781   1.783   1.871   1.969   2.297   2.361   2.369
  2.384   2.392   2.464   2.468   2.506   2.526   2.528   2.607
  2.611   2.617   2.767   3.077   3.088   3.113   3.124   3.327
  3.353   3.808   3.810   3.834   3.837   3.847   4.035   4.038
  4.042   4.046   4.287   4.313   4.322   4.323   4.332   4.340
  4.344   4.367   4.378   4.402   4.415   4.444   4.446   4.586
  4.690   4.719   4.728   4.786   4.795   6.173   6.365  11.613
 11.616  11.643  11.645  11.717  11.862  17.676  17.724  17.724
 17.784  17.798  17.935  17.937  17.977  18.018  18.044  22.340
 22.347  22.351  22.351  22.357  22.364  22.366  22.367  22.378
 22.379  22.380  22.380  22.394  22.406 141.043 141.264
 --------------------------------------------------------------
 
          Ground-State Mulliken Net Atomic Charges

     Atom                 Charge (a.u.)    Spin (a.u.)
  --------------------------------------------------------
      1 Si                   -0.166422       0.551738
      2 Si                   -0.166420       0.551718
      3 H                    -0.117933      -0.009538
      4 H                    -0.141207      -0.011388
      5 H                    -0.074440      -0.030807
      6 H                    -0.118022      -0.009424
      7 H                    -0.074309      -0.030950
      8 H                    -0.141246      -0.011349
  --------------------------------------------------------
  Sum of atomic charges =    -1.000000
  Sum of spin   charges =     1.000000

 -----------------------------------------------------------------
                    Cartesian Multipole Moments
 -----------------------------------------------------------------
    Charge (ESU x 10^10)
                -4.8032
    Dipole Moment (Debye)
         X      -0.0002      Y       0.0002      Z      -5.6443
       Tot       5.6443
    Quadrupole Moments (Debye-Ang)
        XX     -43.9755     XY       2.2294     YY     -43.7163
        XZ       0.2410     YZ       2.1971     ZZ     -57.6981
    Octapole Moments (Debye-Ang^2)
       XXX      -0.0015    XXY       0.0004    XYY      -0.0007
       YYY       0.0016    XXZ     -51.6780    XYZ       2.6180
       YYZ     -51.3699    XZZ       0.5675    YZZ       5.1623
       ZZZ    -187.8174
    Hexadecapole Moments (Debye-Ang^3)
      XXXX    -178.8234   XXXY       0.3738   XXYY     -59.0070
      XYYY      18.0348   YYYY    -174.6394   XXXZ      11.6544
      XXYZ       4.7474   XYYZ      -9.0797   YYYZ      14.1207
      XXZZ    -196.9570   XYZZ       8.3073   YYZZ    -193.2917
      XZZZ       4.1751   YZZZ      41.3784   ZZZZ    -958.4347
 -----------------------------------------------------------------
 Total job time:  111.94s(wall), 110.48s(cpu) 
 Sun Mar 23 14:57:29 2014

        *************************************************************
        *                                                           *
        *  Thank you very much for using Q-Chem.  Have a nice day.  *
        *                                                           *
        *************************************************************


0 sent ACK to 0 
now end server 0 ... 
 
**********************************************************************
Job 2 of 3 
**********************************************************************
 
Process 0 of 1 is on cl135 - thread support 1
initial socket setup ...start
initial socket setup ...done 
now start server 0 ... 

cmd = /usr/bin/ssh clhead /usr/local/qchem/bin/get_hostid 616418652 > /tmp/1602341.1.medium.q/qchem14610/lic.dat

cmd = /usr/bin/ssh clhead /usr/local/qchem/bin/get_hostid 616418652 > /tmp/1602341.1.medium.q/qchem14610/lic.dat

cmd = /usr/bin/ssh clhead /usr/local/qchem/bin/get_hostid 616418652 > /tmp/1602341.1.medium.q/qchem14610/lic.dat

cmd = /usr/bin/ssh clhead /usr/local/qchem/bin/get_hostid 616418652 > /tmp/1602341.1.medium.q/qchem14610/lic.dat

cmd = /usr/bin/ssh clhead /usr/local/qchem/bin/get_hostid 616418652 > /tmp/1602341.1.medium.q/qchem14610/lic.dat
                  Welcome to Q-Chem
     A Quantum Leap Into The Future Of Chemistry

 Y. Shao, L. Fusti-Molnar, Y. Jung, J. Kussmann, C. Ochsenfeld,
 S. T. Brown, A. T. B. Gilbert, L. V. Slipchenko,S. V. Levchenko,
 D. P. O'Neill, R. A. DiStasio Jr., R. C. Lochan, T. Wang,
 G. J. O. Beran, N. A. Besley, J. M. Herbert, C. Y. Lin,
 T. Van Voorhis, S. H. Chien, A. Sodt, R. P. Steele, 
 V. A. Rassolov, P. E. Maslen, P. P. Korambath, R. D. Adamson,
 B. Austin, J. Baker, E. F. C. Byrd, H. Dachsel, R. J. Doerksen,
 A. Dreuw, B. D. Dunietz, A. D. Dutoi, T. R. Furlani,
 S. R. Gwaltney, A. Heyden, S. Hirata, C.-P. Hsu, G. Kedziora,
 R. Z. Khaliullin, P. Klunzinger, A. M. Lee, M. S. Lee, W. Liang,
 I. Lotan, N. Nair, B. Peters, E. I. Proynov, P. A. Pieniazek, 
 Y. M. Rhee, J. Ritchie, E. Rosta, C. D. Sherrill, 
 A. C. Simmonett, J. E. Subotnik, H. L. Woodcock III,
 W. Zhang, A. T. Bell, A. K. Chakraborty, D. M. Chipman,
 F. J. Keil, A. Warshel, W. J. Hehre, H. F. Schaefer III,
 J. Kong, A. I. Krylov, P. M. W. Gill, M. Head-Gordon,
 Q-Chem, Version 3.1, Q-Chem, Inc., Pittsburgh, PA (2007).

 Additional authors for Version 3.1: 
 Z. Gan, Y. Zhao, N. E. Schultz, D. Truhlar, E. Epifanovsky and M. Oana.

 Additional authors for Version 3.2: 
 R. Baer, B. R. Brooks, D. Casanova, J.-D. Chai, C.-L. Cheng, 
 C. Cramer, D. Crittenden, A. Ghysels, G. Hawkins, E. G. Hohenstein, 
 C. Kelley, W. Kurlancheek, D. Liotard, E. Livshits, P. Manohar, 
 A. Marenich, D. Neuhauser, R. Olson, M. A. Rohrdanz, K. S. Thanthiriwatte, 
 A. J. W. Thom, V. Vanovschi, C. F. Williams, Q. Wu and Z.-Q. You. 


 Intel X86 Linux Version

 Q-chem begins on Sun Mar 23 14:57:34 2014  

 Parallel job on  1  processors
Processing $rem in /usr/local/qchem/config/preferences.

theFileMan(): MAXOPENFILES=974 MAX_SUB_FILE_NUM=16
Maximum size of a physical file is 2.0 GB, maximum size of a tmp-file is 32.0 GB


--------------------------------------------------------------
User input:
--------------------------------------------------------------

$molecule
0,1
Si         0.00042        0.00000        0.00861
Si        -0.00042        0.00000        2.34162
H          1.39615        0.00000       -0.50798
H         -0.69759       -1.20904       -0.50646
H         -0.69759        1.20904       -0.50646
H         -1.39615        0.00000        2.85821
H          0.69759       -1.20904        2.85669
H          0.69759        1.20904        2.85669
$end

$comment
neutral
$end

$xc_functional
C PBE   1.00
X wPBE  1.00
$end


$rem
SYMMETRY_DECOMPOSITION	0
LRC_DFT                 true
exchange 		general
BASIS                   g3large
omega			320
mem_static              760
max_scf_cycles          200
scf_final_print         1
sym_ignore              true
$end

--------------------------------------------------------------
 Writing REM_CC_EA            8
 ----------------------------------------------------
       Standard Nuclear Orientation (Angstroms)
    I     Atom         X            Y            Z
 ----------------------------------------------------
    1      Si      0.000420     0.000000     0.008610
    2      Si     -0.000420     0.000000     2.341620
    3      H       1.396150     0.000000    -0.507980
    4      H      -0.697590    -1.209040    -0.506460
    5      H      -0.697590     1.209040    -0.506460
    6      H      -1.396150     0.000000     2.858210
    7      H       0.697590    -1.209040     2.856690
    8      H       0.697590     1.209040     2.856690
 ----------------------------------------------------
 Nuclear Repulsion Energy =    90.8879884197 hartrees
 There are       17 alpha and       17 beta electrons
 Requested basis set is G3large
 There are 74 shells and 192 basis functions

Total QAlloc Memory Limit   2000 MB
Mega-Array Size       743 MB
MEM_STATIC part       760 MB

                       Distance Matrix (Angstroms)
             Si(  1)   Si(  2)   H (  3)   H (  4)   H (  5)   H (  6)
   Si(  2)  2.333010
   H (  3)  1.488263  3.173425
   H (  4)  1.488050  3.171653  2.417753
   H (  5)  1.488050  3.171653  2.417753  2.418080
   H (  6)  3.173425  1.488263  4.373577  3.642907  3.642907
   H (  7)  3.171653  1.488050  3.642907  3.641058  4.370860  2.417753
   H (  8)  3.171653  1.488050  3.642907  4.370860  3.641058  2.417753
             H (  7)
   H (  8)  2.418080
 
 A cutoff of  1.0D-08 yielded   2535 shell pairs
 There are  17276 function pairs ( 22407 Cartesian)
Evaluating contribution to one-electron hamiltonian from nuclear
 Smallest overlap matrix eigenvalue = 1.96E-04
 Multipole matrices computed through 2nd order

  Scale SEOQF with 1.000000e-01/1.000000e-01/1.000000e-01

 Standard Electronic Orientation quadrupole field applied
 Nucleus-field energy     =    -0.0000000103 hartrees
 Guess from superposition of atomic densities
 Warning:  Energy on first SCF cycle will be non-variational
 Long-range K will be added via erf
 Coulomb attenuation parameter = 0.32 bohr**(-1)
 A restricted Kohn-Sham SCF calculation will be
 performed using Pulay DIIS extrapolation
 Exchange:  wPBE + LR-HF      Correlation:  PBE
 Using SG-1 standard quadrature grid
 SCF converges when DIIS error is below 1.0E-05
 Requested basis set is G3large
 There are 74 shells and 192 basis functions
 A cutoff of  1.0D-08 yielded   2535 shell pairs
 There are  17276 function pairs ( 22407 Cartesian)
 ---------------------------------------
  Cycle       Energy         DIIS Error
 ---------------------------------------
    1    -582.2760421368      2.14E-02
    2    -582.3329963594      1.52E-03
    3    -582.3543820382      4.01E-04
    4    -582.3555924430      1.37E-04
    5    -582.3557445316      4.44E-05
    6    -582.3557645713      8.08E-06 Convergence criterion met
 ---------------------------------------
 One-Electron    Energy =  -987.1098328532
 Total Coulomb   Energy =   357.6552834076
 Alpha Exchange  Energy =    -2.8386801337
 Beta  Exchange  Energy =    -2.8386801337
 DFT   Exchange  Energy =   -36.9157238270
 DFT Correlation Energy =    -1.1961194408
 Nuclear Repu.   Energy =    90.8879884094
 Nuclear Attr.   Energy = -1568.3641502229
 Kinetic         Energy =   581.2543173698
 SCF time:  CPU 65.79 s  wall 66.82 s
 Final Alpha MO Eigenvalues
            1           2           3           4           5           6
    1 -65.5689476 -65.5689431  -5.2305440  -5.2304446  -3.6359199  -3.6356126
            7           8           9          10          11          12
    1  -3.6355985  -3.6355487  -3.6355354  -3.6353381  -0.6919127  -0.6210629
           13          14          15          16          17          18
    1  -0.4668279  -0.4667597  -0.4376495  -0.4376304  -0.3920525   0.0414915
           19          20          21          22
    1   0.0482357   0.0741280   0.0742452   0.0753934
 Analysis of SCF Wavefunction
 
 --------------------------------------------------------------
                    Orbital Energies (a.u.)
 --------------------------------------------------------------
 
 Alpha MOs
 -- Occupied --
-65.569 -65.569  -5.231  -5.230  -3.636  -3.636  -3.636  -3.636
 -3.636  -3.635  -0.692  -0.621  -0.467  -0.467  -0.438  -0.438
 -0.392
 -- Virtual --
  0.041   0.048   0.074   0.074   0.075   0.075   0.076   0.077
  0.081   0.098   0.098   0.102   0.139   0.149   0.149   0.157
  0.170   0.179   0.179   0.216   0.220   0.226   0.226   0.295
  0.323   0.331   0.331   0.338   0.338   0.378   0.379   0.391
  0.391   0.428   0.436   0.436   0.492   0.504   0.509   0.535
  0.535   0.548   0.559   0.581   0.584   0.584   0.709   0.709
  0.710   0.722   0.732   0.732   0.741   0.781   0.781   0.782
  0.782   0.826   0.906   0.907   0.926   0.926   0.979   0.979
  0.986   1.027   1.027   1.032   1.033   1.163   1.202   1.211
  1.211   1.211   1.212   1.288   1.288   1.312   1.352   1.353
  1.387   1.402   1.439   1.439   1.473   1.473   1.475   1.595
  1.595   1.597   1.597   1.672   1.783   2.101   2.167   2.168
  2.186   2.194   2.269   2.269   2.310   2.330   2.330   2.415
  2.416   2.416   2.572   2.893   2.893   2.930   2.930   3.137
  3.163   3.614   3.614   3.638   3.640   3.654   3.846   3.848
  3.850   3.852   4.098   4.129   4.129   4.137   4.137   4.149
  4.152   4.180   4.181   4.219   4.220   4.254   4.254   4.395
  4.498   4.530   4.531   4.597   4.598   5.978   6.171  11.421
 11.421  11.451  11.451  11.523  11.670  17.483  17.530  17.531
 17.590  17.604  17.742  17.743  17.783  17.824  17.850  22.146
 22.154  22.158  22.158  22.163  22.171  22.172  22.173  22.184
 22.185  22.186  22.187  22.200  22.212 140.851 141.073
 --------------------------------------------------------------
 
          Ground-State Mulliken Net Atomic Charges

     Atom                 Charge (a.u.)
  ----------------------------------------
      1 Si                    0.227757
      2 Si                    0.227779
      3 H                    -0.075849
      4 H                    -0.076041
      5 H                    -0.075875
      6 H                    -0.075852
      7 H                    -0.075874
      8 H                    -0.076044
  ----------------------------------------
  Sum of atomic charges =     0.000000

 -----------------------------------------------------------------
                    Cartesian Multipole Moments
 -----------------------------------------------------------------
    Charge (ESU x 10^10)
                 0.0000
    Dipole Moment (Debye)
         X       0.0000      Y       0.0000      Z       0.0000
       Tot       0.0000
    Quadrupole Moments (Debye-Ang)
        XX     -31.0754     XY      -0.0004     YY     -31.0777
        XZ      -0.0037     YZ      -0.0006     ZZ     -31.8788
    Octapole Moments (Debye-Ang^2)
       XXX       0.0000    XXY       0.0000    XYY       0.0000
       YYY       0.0000    XXZ     -36.5171    XYZ      -0.0005
       YYZ     -36.5199    XZZ      -0.0088    YZZ      -0.0015
       ZZZ    -112.3839
    Hexadecapole Moments (Debye-Ang^3)
      XXXX     -82.7456   XXXY      -0.0021   XXYY     -27.5835
      XYYY      -0.0031   YYYY     -82.7614   XXXZ       1.0604
      XXYZ      -0.0016   XYYZ      -0.9939   YYYZ      -0.0046
      XXZZ    -118.4827   XYZZ      -0.0070   YYZZ    -118.5013
      XZZZ       0.0292   YZZZ      -0.0067   ZZZZ    -616.1991
 -----------------------------------------------------------------
 Total job time:  67.06s(wall), 66.00s(cpu) 
 Sun Mar 23 14:58:41 2014

        *************************************************************
        *                                                           *
        *  Thank you very much for using Q-Chem.  Have a nice day.  *
        *                                                           *
        *************************************************************


0 sent ACK to 0 
now end server 0 ... 
 
**********************************************************************
Job 3 of 3 
**********************************************************************
 
Process 0 of 1 is on cl135 - thread support 1
initial socket setup ...start
initial socket setup ...done 
now start server 0 ... 

cmd = /usr/bin/ssh clhead /usr/local/qchem/bin/get_hostid 497532852 > /tmp/1602341.1.medium.q/qchem14610/lic.dat

cmd = /usr/bin/ssh clhead /usr/local/qchem/bin/get_hostid 497532852 > /tmp/1602341.1.medium.q/qchem14610/lic.dat

cmd = /usr/bin/ssh clhead /usr/local/qchem/bin/get_hostid 497532852 > /tmp/1602341.1.medium.q/qchem14610/lic.dat

cmd = /usr/bin/ssh clhead /usr/local/qchem/bin/get_hostid 497532852 > /tmp/1602341.1.medium.q/qchem14610/lic.dat

cmd = /usr/bin/ssh clhead /usr/local/qchem/bin/get_hostid 497532852 > /tmp/1602341.1.medium.q/qchem14610/lic.dat
                  Welcome to Q-Chem
     A Quantum Leap Into The Future Of Chemistry

 Y. Shao, L. Fusti-Molnar, Y. Jung, J. Kussmann, C. Ochsenfeld,
 S. T. Brown, A. T. B. Gilbert, L. V. Slipchenko,S. V. Levchenko,
 D. P. O'Neill, R. A. DiStasio Jr., R. C. Lochan, T. Wang,
 G. J. O. Beran, N. A. Besley, J. M. Herbert, C. Y. Lin,
 T. Van Voorhis, S. H. Chien, A. Sodt, R. P. Steele, 
 V. A. Rassolov, P. E. Maslen, P. P. Korambath, R. D. Adamson,
 B. Austin, J. Baker, E. F. C. Byrd, H. Dachsel, R. J. Doerksen,
 A. Dreuw, B. D. Dunietz, A. D. Dutoi, T. R. Furlani,
 S. R. Gwaltney, A. Heyden, S. Hirata, C.-P. Hsu, G. Kedziora,
 R. Z. Khaliullin, P. Klunzinger, A. M. Lee, M. S. Lee, W. Liang,
 I. Lotan, N. Nair, B. Peters, E. I. Proynov, P. A. Pieniazek, 
 Y. M. Rhee, J. Ritchie, E. Rosta, C. D. Sherrill, 
 A. C. Simmonett, J. E. Subotnik, H. L. Woodcock III,
 W. Zhang, A. T. Bell, A. K. Chakraborty, D. M. Chipman,
 F. J. Keil, A. Warshel, W. J. Hehre, H. F. Schaefer III,
 J. Kong, A. I. Krylov, P. M. W. Gill, M. Head-Gordon,
 Q-Chem, Version 3.1, Q-Chem, Inc., Pittsburgh, PA (2007).

 Additional authors for Version 3.1: 
 Z. Gan, Y. Zhao, N. E. Schultz, D. Truhlar, E. Epifanovsky and M. Oana.

 Additional authors for Version 3.2: 
 R. Baer, B. R. Brooks, D. Casanova, J.-D. Chai, C.-L. Cheng, 
 C. Cramer, D. Crittenden, A. Ghysels, G. Hawkins, E. G. Hohenstein, 
 C. Kelley, W. Kurlancheek, D. Liotard, E. Livshits, P. Manohar, 
 A. Marenich, D. Neuhauser, R. Olson, M. A. Rohrdanz, K. S. Thanthiriwatte, 
 A. J. W. Thom, V. Vanovschi, C. F. Williams, Q. Wu and Z.-Q. You. 


 Intel X86 Linux Version

 Q-chem begins on Sun Mar 23 14:58:45 2014  

 Parallel job on  1  processors
Processing $rem in /usr/local/qchem/config/preferences.

theFileMan(): MAXOPENFILES=974 MAX_SUB_FILE_NUM=16
Maximum size of a physical file is 2.0 GB, maximum size of a tmp-file is 32.0 GB


--------------------------------------------------------------
User input:
--------------------------------------------------------------

$molecule
1,2
Si         0.00042        0.00000        0.00861
Si        -0.00042        0.00000        2.34162
H          1.39615        0.00000       -0.50798
H         -0.69759       -1.20904       -0.50646
H         -0.69759        1.20904       -0.50646
H         -1.39615        0.00000        2.85821
H          0.69759       -1.20904        2.85669
H          0.69759        1.20904        2.85669
$end

$comment
positive
$end

$xc_functional
C PBE   1.00
X wPBE  1.00
$end

$rem
SYMMETRY_DECOMPOSITION	0
LRC_DFT                 true
exchange 		general
BASIS                   g3large
omega			320
mem_static              760
max_scf_cycles          200
scf_final_print         1
sym_ignore              true
$end

--------------------------------------------------------------
 Writing REM_CC_EA            8
 ----------------------------------------------------
       Standard Nuclear Orientation (Angstroms)
    I     Atom         X            Y            Z
 ----------------------------------------------------
    1      Si      0.000420     0.000000     0.008610
    2      Si     -0.000420     0.000000     2.341620
    3      H       1.396150     0.000000    -0.507980
    4      H      -0.697590    -1.209040    -0.506460
    5      H      -0.697590     1.209040    -0.506460
    6      H      -1.396150     0.000000     2.858210
    7      H       0.697590    -1.209040     2.856690
    8      H       0.697590     1.209040     2.856690
 ----------------------------------------------------
 Nuclear Repulsion Energy =    90.8879884197 hartrees
 There are       17 alpha and       16 beta electrons
 Requested basis set is G3large
 There are 74 shells and 192 basis functions

Total QAlloc Memory Limit   2000 MB
Mega-Array Size       743 MB
MEM_STATIC part       760 MB

                       Distance Matrix (Angstroms)
             Si(  1)   Si(  2)   H (  3)   H (  4)   H (  5)   H (  6)
   Si(  2)  2.333010
   H (  3)  1.488263  3.173425
   H (  4)  1.488050  3.171653  2.417753
   H (  5)  1.488050  3.171653  2.417753  2.418080
   H (  6)  3.173425  1.488263  4.373577  3.642907  3.642907
   H (  7)  3.171653  1.488050  3.642907  3.641058  4.370860  2.417753
   H (  8)  3.171653  1.488050  3.642907  4.370860  3.641058  2.417753
             H (  7)
   H (  8)  2.418080
 
 A cutoff of  1.0D-08 yielded   2535 shell pairs
 There are  17276 function pairs ( 22407 Cartesian)
Evaluating contribution to one-electron hamiltonian from nuclear
 Smallest overlap matrix eigenvalue = 1.96E-04
 Multipole matrices computed through 2nd order

  Scale SEOQF with 1.000000e-01/1.000000e-01/1.000000e-01

 Standard Electronic Orientation quadrupole field applied
 Nucleus-field energy     =    -0.0000000103 hartrees
 Guess from superposition of atomic densities
 Warning:  Energy on first SCF cycle will be non-variational
 Long-range K will be added via erf
 Coulomb attenuation parameter = 0.32 bohr**(-1)
 An unrestricted Kohn-Sham SCF calculation will be
 performed using Pulay DIIS extrapolation
 Exchange:  wPBE + LR-HF      Correlation:  PBE
 Using SG-1 standard quadrature grid
 SCF converges when DIIS error is below 1.0E-05
 Requested basis set is G3large
 There are 74 shells and 192 basis functions
 A cutoff of  1.0D-08 yielded   2535 shell pairs
 There are  17276 function pairs ( 22407 Cartesian)
 Warning!  Inaccurate integrated density:
   Number of electrons =    33
   Numerical integral  =    34.000072301361
   Relative error      =     3.0305221253 %
 ---------------------------------------
  Cycle       Energy         DIIS Error
 ---------------------------------------
    1    -582.2760421368      2.14E-02
    2    -581.8961820784      2.67E-03
    3    -581.9562118336      1.40E-03
    4    -581.9651719338      2.62E-04
    5    -581.9656920130      6.22E-05
    6    -581.9658033296      1.79E-05
    7    -581.9658285747      9.40E-06 Convergence criterion met
 ---------------------------------------
 One-Electron    Energy =  -978.5994761285
 Total Coulomb   Energy =   349.2397557470
 Alpha Exchange  Energy =    -2.8475575155
 Beta  Exchange  Energy =    -2.6861789279
 DFT   Exchange  Energy =   -36.8008953921
 DFT Correlation Energy =    -1.1594647671
 Nuclear Repu.   Energy =    90.8879884094
 Nuclear Attr.   Energy = -1559.6494527334
 Kinetic         Energy =   581.0499766049
 <S^2> = 0.7545
 SCF time:  CPU 95.42 s  wall 96.65 s
 Final Alpha MO Eigenvalues
            1           2           3           4           5           6
    1 -65.8307894 -65.8307845  -5.4915760  -5.4914643  -3.9037538  -3.9031172
            7           8           9          10          11          12
    1  -3.8937207  -3.8937120  -3.8936602  -3.8936516  -0.9542368  -0.8549443
           13          14          15          16          17          18
    1  -0.6963241  -0.6954521  -0.6707477  -0.6623119  -0.6611354  -0.1491248
           19          20          21          22
    1  -0.1489176  -0.1251969  -0.1142071  -0.0891544
 Final Beta MO Eigenvalues
            1           2           3           4           5           6
    1 -65.8292906 -65.8292865  -5.4898897  -5.4897923  -3.8982892  -3.8976583
            7           8           9          10          11          12
    1  -3.8931057  -3.8930700  -3.8930498  -3.8930144  -0.9164208  -0.8316899
           13          14          15          16          17          18
    1  -0.6877911  -0.6875095  -0.6533530  -0.6532132  -0.3856195  -0.1279691
           19          20          21
    1  -0.1275790  -0.1077609  -0.1050304
 Analysis of SCF Wavefunction
 
 --------------------------------------------------------------
                    Orbital Energies (a.u.)
 --------------------------------------------------------------
 
 Alpha MOs
 -- Occupied --
-65.831 -65.831  -5.492  -5.491  -3.904  -3.903  -3.894  -3.894
 -3.894  -3.894  -0.954  -0.855  -0.696  -0.695  -0.671  -0.662
 -0.661
 -- Virtual --
 -0.149  -0.149  -0.125  -0.114  -0.089  -0.089  -0.062  -0.061
 -0.058  -0.058  -0.028  -0.028  -0.015   0.007   0.008   0.008
  0.016   0.016   0.034   0.036   0.036   0.058   0.059   0.108
  0.145   0.145   0.155   0.155   0.155   0.194   0.194   0.217
  0.217   0.250   0.269   0.269   0.291   0.312   0.318   0.342
  0.342   0.357   0.363   0.377   0.377   0.383   0.498   0.502
  0.502   0.515   0.528   0.529   0.543   0.569   0.569   0.587
  0.588   0.628   0.686   0.687   0.719   0.720   0.758   0.759
  0.780   0.785   0.817   0.818   0.826   0.957   0.989   0.997
  0.997   1.009   1.009   1.085   1.086   1.113   1.142   1.143
  1.177   1.197   1.215   1.215   1.246   1.246   1.259   1.380
  1.380   1.383   1.383   1.412   1.553   1.840   1.905   1.906
  1.948   1.956   2.018   2.019   2.067   2.081   2.082   2.154
  2.154   2.180   2.313   2.669   2.670   2.708   2.709   2.915
  2.940   3.356   3.357   3.382   3.383   3.391   3.609   3.610
  3.612   3.614   3.875   3.891   3.906   3.908   3.915   3.917
  3.928   3.956   3.957   3.996   3.997   4.030   4.032   4.168
  4.262   4.295   4.295   4.360   4.360   5.721   5.918  11.165
 11.165  11.195  11.195  11.255  11.404  17.217  17.271  17.271
 17.329  17.344  17.477  17.481  17.522  17.565  17.591  21.883
 21.892  21.894  21.901  21.905  21.908  21.910  21.913  21.924
 21.924  21.925  21.925  21.943  21.951 140.590 140.812
 
 Beta MOs
 -- Occupied --
-65.829 -65.829  -5.490  -5.490  -3.898  -3.898  -3.893  -3.893
 -3.893  -3.893  -0.916  -0.832  -0.688  -0.688  -0.653  -0.653
 -- Virtual --
 -0.386  -0.128  -0.128  -0.108  -0.105  -0.088  -0.088  -0.057
 -0.057  -0.054  -0.053  -0.027  -0.027  -0.008   0.012   0.014
  0.015   0.018   0.018   0.036   0.039   0.039   0.061   0.062
  0.125   0.151   0.151   0.158   0.158   0.163   0.197   0.197
  0.220   0.220   0.257   0.273   0.273   0.292   0.321   0.328
  0.346   0.346   0.360   0.369   0.383   0.390   0.390   0.509
  0.511   0.511   0.525   0.533   0.533   0.549   0.576   0.576
  0.593   0.593   0.634   0.692   0.692   0.722   0.722   0.765
  0.765   0.786   0.810   0.824   0.824   0.831   0.965   1.000
  1.005   1.005   1.012   1.012   1.089   1.090   1.117   1.149
  1.149   1.185   1.204   1.219   1.219   1.249   1.249   1.268
  1.386   1.386   1.389   1.389   1.437   1.563   1.866   1.933
  1.934   1.947   1.955   2.034   2.034   2.072   2.095   2.095
  2.179   2.179   2.183   2.338   2.677   2.677   2.715   2.716
  2.922   2.947   3.361   3.362   3.386   3.388   3.402   3.613
  3.614   3.616   3.618   3.882   3.906   3.914   3.915   3.923
  3.924   3.937   3.964   3.964   4.004   4.004   4.039   4.039
  4.176   4.271   4.303   4.303   4.368   4.369   5.728   5.923
 11.166  11.166  11.196  11.196  11.266  11.414  17.222  17.272
 17.273  17.331  17.346  17.482  17.483  17.524  17.567  17.593
 21.885  21.894  21.896  21.901  21.905  21.910  21.912  21.914
 21.925  21.925  21.926  21.927  21.944  21.953 140.592 140.814
 --------------------------------------------------------------
 
          Ground-State Mulliken Net Atomic Charges

     Atom                 Charge (a.u.)    Spin (a.u.)
  --------------------------------------------------------
      1 Si                    0.401991       0.378075
      2 Si                    0.401976       0.378059
      3 H                     0.032049       0.035638
      4 H                     0.033108       0.044039
      5 H                     0.032855       0.042253
      6 H                     0.032055       0.035647
      7 H                     0.032857       0.042255
      8 H                     0.033110       0.044035
  --------------------------------------------------------
  Sum of atomic charges =     1.000000
  Sum of spin   charges =     1.000000

 -----------------------------------------------------------------
                    Cartesian Multipole Moments
 -----------------------------------------------------------------
    Charge (ESU x 10^10)
                 4.8032
    Dipole Moment (Debye)
         X       0.0000      Y       0.0000      Z       5.6443
       Tot       5.6443
    Quadrupole Moments (Debye-Ang)
        XX     -25.2250     XY       0.0052     YY     -25.1784
        XZ       0.0749     YZ       0.0175     ZZ      -8.2665
    Octapole Moments (Debye-Ang^2)
       XXX       0.0000    XXY       0.0000    XYY       0.0000
       YYY       0.0000    XXZ     -29.6422    XYZ       0.0061
       YYZ     -29.5875    XZZ       0.1761    YZZ       0.0412
       ZZZ     -44.7308
    Hexadecapole Moments (Debye-Ang^3)
      XXXX     -62.1498   XXXY       0.0088   XXYY     -20.6870
      XYYY       0.0103   YYYY     -61.9892   XXXZ      -3.3840
      XXYZ       0.0114   XYYZ       3.6419   YYYZ       0.0343
      XXZZ     -87.6192   XYZZ       0.0270   YYZZ     -87.3960
      XZZZ       0.7311   YZZZ       0.1590   ZZZZ    -361.0388
 -----------------------------------------------------------------
 Total job time:  96.92s(wall), 95.63s(cpu) 
 Sun Mar 23 15:00:22 2014

        *************************************************************
        *                                                           *
        *  Thank you very much for using Q-Chem.  Have a nice day.  *
        *                                                           *
        *************************************************************


0 sent ACK to 0 
now end server 0 ... 
