Process 0 of 1 is on cl135 - thread support 1
initial socket setup ...start
initial socket setup ...done 
now start server 0 ... 

cmd = /usr/bin/ssh clhead /usr/local/qchem/bin/get_hostid 1829485582 > /tmp/1602374.1.medium.q/qchem27084/lic.dat

cmd = /usr/bin/ssh clhead /usr/local/qchem/bin/get_hostid 1829485582 > /tmp/1602374.1.medium.q/qchem27084/lic.dat

cmd = /usr/bin/ssh clhead /usr/local/qchem/bin/get_hostid 1829485582 > /tmp/1602374.1.medium.q/qchem27084/lic.dat

cmd = /usr/bin/ssh clhead /usr/local/qchem/bin/get_hostid 1829485582 > /tmp/1602374.1.medium.q/qchem27084/lic.dat

cmd = /usr/bin/ssh clhead /usr/local/qchem/bin/get_hostid 1829485582 > /tmp/1602374.1.medium.q/qchem27084/lic.dat
                  Welcome to Q-Chem
     A Quantum Leap Into The Future Of Chemistry

 Y. Shao, L. Fusti-Molnar, Y. Jung, J. Kussmann, C. Ochsenfeld,
 S. T. Brown, A. T. B. Gilbert, L. V. Slipchenko,S. V. Levchenko,
 D. P. O'Neill, R. A. DiStasio Jr., R. C. Lochan, T. Wang,
 G. J. O. Beran, N. A. Besley, J. M. Herbert, C. Y. Lin,
 T. Van Voorhis, S. H. Chien, A. Sodt, R. P. Steele, 
 V. A. Rassolov, P. E. Maslen, P. P. Korambath, R. D. Adamson,
 B. Austin, J. Baker, E. F. C. Byrd, H. Dachsel, R. J. Doerksen,
 A. Dreuw, B. D. Dunietz, A. D. Dutoi, T. R. Furlani,
 S. R. Gwaltney, A. Heyden, S. Hirata, C.-P. Hsu, G. Kedziora,
 R. Z. Khaliullin, P. Klunzinger, A. M. Lee, M. S. Lee, W. Liang,
 I. Lotan, N. Nair, B. Peters, E. I. Proynov, P. A. Pieniazek, 
 Y. M. Rhee, J. Ritchie, E. Rosta, C. D. Sherrill, 
 A. C. Simmonett, J. E. Subotnik, H. L. Woodcock III,
 W. Zhang, A. T. Bell, A. K. Chakraborty, D. M. Chipman,
 F. J. Keil, A. Warshel, W. J. Hehre, H. F. Schaefer III,
 J. Kong, A. I. Krylov, P. M. W. Gill, M. Head-Gordon,
 Q-Chem, Version 3.1, Q-Chem, Inc., Pittsburgh, PA (2007).

 Additional authors for Version 3.1: 
 Z. Gan, Y. Zhao, N. E. Schultz, D. Truhlar, E. Epifanovsky and M. Oana.

 Additional authors for Version 3.2: 
 R. Baer, B. R. Brooks, D. Casanova, J.-D. Chai, C.-L. Cheng, 
 C. Cramer, D. Crittenden, A. Ghysels, G. Hawkins, E. G. Hohenstein, 
 C. Kelley, W. Kurlancheek, D. Liotard, E. Livshits, P. Manohar, 
 A. Marenich, D. Neuhauser, R. Olson, M. A. Rohrdanz, K. S. Thanthiriwatte, 
 A. J. W. Thom, V. Vanovschi, C. F. Williams, Q. Wu and Z.-Q. You. 


 Intel X86 Linux Version

 Q-chem begins on Sun Mar 23 19:01:11 2014  

 Parallel job on  1  processors
Processing $rem in /usr/local/qchem/config/preferences.

theFileMan(): MAXOPENFILES=974 MAX_SUB_FILE_NUM=16
Maximum size of a physical file is 2.0 GB, maximum size of a tmp-file is 32.0 GB


--------------------------------------------------------------
User input:
--------------------------------------------------------------

$molecule
-1,2
C         -0.00003        0.00010        0.99991
C          1.26459        0.75942        0.98847
C          1.26447       -0.75945        0.98840
C         -1.27145        0.00003        0.25190
C         -1.25762        0.00005        1.77082
H          1.57412        1.26097        1.90079
H          1.55767        1.26188        0.07124
H          1.57397       -1.26106        1.90071
H          1.55744       -1.26192        0.07116
H         -1.57709       -0.91495       -0.24713
H         -1.57734        0.91489       -0.24721
H         -1.55434       -0.91483        2.27543
H         -1.55439        0.91487        2.27549
$end

$comment
negative
$end

$xc_functional
C PBE   1.00
X wPBE  1.00
$end

$rem
SYMMETRY_DECOMPOSITION	0
exchange 		general
LRC_DFT                 true
BASIS                   g3large
omega			350
mem_static              760
max_scf_cycles          200
scf_final_print         1
sym_ignore              true
$end

--------------------------------------------------------------
 Writing REM_CC_EA           13
 ----------------------------------------------------
       Standard Nuclear Orientation (Angstroms)
    I     Atom         X            Y            Z
 ----------------------------------------------------
    1      C      -0.000030     0.000100     0.999910
    2      C       1.264590     0.759420     0.988470
    3      C       1.264470    -0.759450     0.988400
    4      C      -1.271450     0.000030     0.251900
    5      C      -1.257620     0.000050     1.770820
    6      H       1.574120     1.260970     1.900790
    7      H       1.557670     1.261880     0.071240
    8      H       1.573970    -1.261060     1.900710
    9      H       1.557440    -1.261920     0.071160
   10      H      -1.577090    -0.914950    -0.247130
   11      H      -1.577340     0.914890    -0.247210
   12      H      -1.554340    -0.914830     2.275430
   13      H      -1.554390     0.914870     2.275490
 ----------------------------------------------------
 Nuclear Repulsion Energy =   171.0336147312 hartrees
 There are       20 alpha and       19 beta electrons
 Requested basis set is G3large
 There are 98 shells and 290 basis functions

Total QAlloc Memory Limit   2000 MB
Mega-Array Size       743 MB
MEM_STATIC part       760 MB

                       Distance Matrix (Angstroms)
             C (  1)   C (  2)   C (  3)   C (  4)   C (  5)   H (  6)
   C (  2)  1.475114
   C (  3)  1.475130  1.518870
   C (  4)  1.475137  2.747855  2.747750
   C (  5)  1.475071  2.747773  2.747719  1.518983
   H (  6)  2.208920  1.086135  2.238400  3.522226  3.102509
   H (  7)  2.209286  1.086127  2.238956  3.103035  3.522307  1.829624
   H (  8)  2.208946  2.238356  1.086146  3.522121  3.102446  2.522030
   H (  9)  2.209295  2.238981  1.086111  3.102870  3.522212  3.116536
   H ( 10)  2.208969  3.522125  3.102447  1.086110  2.238617  4.390708
   H ( 11)  2.209085  3.102844  3.522220  1.086116  2.238660  3.829540
   H ( 12)  2.209056  3.522179  3.102625  2.238676  1.086130  3.829063
   H ( 13)  2.209059  3.102778  3.522204  2.238728  1.086121  3.169820
             H (  7)   H (  8)   H (  9)   H ( 10)   H ( 11)   H ( 12)
   H (  8)  3.116481
   H (  9)  2.523800  1.829625
   H ( 10)  3.829709  3.829124  3.169696
   H ( 11)  3.170189  4.390794  3.829714  1.829840
   H ( 12)  4.391028  3.169639  3.829158  2.522663  3.116427
   H ( 13)  3.829367  3.829069  4.391010  3.116467  2.522804  1.829700

 
 A cutoff of  1.0D-08 yielded   4435 shell pairs
 There are  39245 function pairs ( 48051 Cartesian)
Evaluating contribution to one-electron hamiltonian from nuclear
 Smallest overlap matrix eigenvalue = 2.58E-05

 Q-Chem warning in module mkSTV.C, line 194:

 Overlap eigenvalue is smaller than square root of threshold

 Multipole matrices computed through 2nd order

  Scale SEOQF with 1.000000e-01/1.000000e-01/1.000000e-01

 Standard Electronic Orientation quadrupole field applied
 Nucleus-field energy     =    -0.0000000026 hartrees
 Guess from superposition of atomic densities
 Warning:  Energy on first SCF cycle will be non-variational
 Long-range K will be added via erf
 Coulomb attenuation parameter = 0.35 bohr**(-1)
 An unrestricted Kohn-Sham SCF calculation will be
 performed using Pulay DIIS extrapolation
 Exchange:  wPBE + LR-HF      Correlation:  PBE
 Using SG-1 standard quadrature grid
 SCF converges when DIIS error is below 1.0E-05
 Requested basis set is G3large
 There are 98 shells and 290 basis functions
 A cutoff of  1.0D-08 yielded   4435 shell pairs
 There are  39245 function pairs ( 48051 Cartesian)
 Warning!  Inaccurate integrated density:
   Number of electrons =    39
   Numerical integral  =    37.999765750979
   Relative error      =    -2.5647032026 %
 ---------------------------------------
  Cycle       Energy         DIIS Error
 ---------------------------------------
    1    -197.1266788549      2.91E-02
    2    -194.9866518439      3.02E-03
    3    -195.0726655693      2.55E-03
    4    -195.1417965588      3.08E-04
    5    -195.1459599362      1.72E-04
    6    -195.1471303142      5.60E-05
    7    -195.1475181174      2.35E-05
    8    -195.1476790418      1.52E-05
    9    -195.1477819644      1.19E-05
   10    -195.1478719695      8.49E-06 Convergence criterion met
 ---------------------------------------
 One-Electron    Energy =  -604.4848398391
 Total Coulomb   Energy =   268.4103439671
 Alpha Exchange  Energy =    -3.4268668905
 Beta  Exchange  Energy =    -3.3669371307
 DFT   Exchange  Energy =   -22.0600559242
 DFT Correlation Energy =    -1.2531308807
 Nuclear Repu.   Energy =   171.0336147286
 Nuclear Attr.   Energy =  -798.7430574819
 Kinetic         Energy =   194.2582176428
 <S^2> = 0.7501
 SCF time:  CPU 455.37 s  wall 459.09 s
 Final Alpha MO Eigenvalues
            1           2           3           4           5           6
    1  -9.9663487  -9.9578361  -9.9507102  -9.9501234  -9.9497024  -0.8885004
            7           8           9          10          11          12
    1  -0.8025616  -0.6048595  -0.6007049  -0.5384917  -0.4778520  -0.4682574
           13          14          15          16          17          18
    1  -0.4639010  -0.3553241  -0.3409152  -0.3392550  -0.2704203  -0.2690250
           19          20          21          22          23          24
    1  -0.2578515   0.0337271   0.1285801   0.1286249   0.1302537   0.1585038
           25
    1   0.1586791
 Final Beta MO Eigenvalues
            1           2           3           4           5           6
    1  -9.9663608  -9.9577475  -9.9504593  -9.9498955  -9.9494618  -0.8883854
            7           8           9          10          11          12
    1  -0.8023485  -0.6042006  -0.5998635  -0.5377075  -0.4772274  -0.4680021
           13          14          15          16          17          18
    1  -0.4633389  -0.3550335  -0.3403349  -0.3389661  -0.2701564  -0.2688109
           19          20          21          22          23          24
    1  -0.2573322   0.1261088   0.1394944   0.1413598   0.1453297   0.1600113
 Analysis of SCF Wavefunction
 
 --------------------------------------------------------------
                    Orbital Energies (a.u.)
 --------------------------------------------------------------
 
 Alpha MOs
 -- Occupied --
 -9.966  -9.958  -9.951  -9.950  -9.950  -0.889  -0.803  -0.605
 -0.601  -0.538  -0.478  -0.468  -0.464  -0.355  -0.341  -0.339
 -0.270  -0.269  -0.258   0.034
 -- Virtual --
  0.129   0.129   0.130   0.159   0.159   0.163   0.180   0.191
  0.220   0.246   0.248   0.255   0.263   0.266   0.266   0.283
  0.286   0.291   0.302   0.313   0.314   0.324   0.336   0.338
  0.342   0.344   0.357   0.359   0.374   0.418   0.423   0.425
  0.452   0.469   0.476   0.482   0.510   0.539   0.540   0.550
  0.558   0.612   0.661   0.677   0.679   0.683   0.707   0.711
  0.743   0.765   0.767   0.785   0.797   0.803   0.814   0.816
  0.832   0.832   0.847   0.859   0.866   0.869   0.872   0.892
  0.924   0.978   1.019   1.019   1.026   1.044   1.071   1.097
  1.125   1.130   1.132   1.203   1.255   1.257   1.282   1.309
  1.328   1.329   1.339   1.356   1.359   1.392   1.405   1.406
  1.463   1.465   1.519   1.524   1.528   1.551   1.572   1.576
  1.596   1.601   1.623   1.632   1.636   1.672   1.674   1.692
  1.697   1.720   1.769   1.783   1.786   1.799   1.810   1.814
  1.818   1.876   1.984   2.017   2.018   2.046   2.684   2.688
  2.769   2.806   2.836   2.838   2.860   2.870   2.903   2.904
  2.909   2.960   2.996   2.997   3.045   3.101   3.114   3.115
  3.120   3.150   3.206   3.208   3.223   3.230   3.282   3.284
  3.298   3.299   3.313   3.344   3.348   3.389   3.412   3.444
  3.445   3.465   3.494   3.560   3.561   3.570   3.603   3.605
  3.656   3.657   3.667   3.686   3.717   3.717   3.761   3.761
  3.777   3.817   3.818   3.831   3.905   4.003   4.033   4.082
  4.098   4.100   4.157   4.159   4.185   4.272   4.320   4.323
  4.324   4.326   4.356   4.360   4.448   4.472   4.482   4.482
  4.561   4.564   4.568   4.576   4.579   4.620   4.622   4.712
  4.713   4.741   4.744   4.748   4.781   4.820   4.927   4.944
  5.117   5.120   5.190   5.192   5.311   5.476   5.605   5.665
  5.668   5.706   5.815   5.823   5.826   5.859   5.969   5.972
  6.003  24.252  24.277  24.530  24.535  24.603  27.628  27.688
 27.740  27.742  28.128  28.218  28.243  28.245  28.262  28.286
 28.286  28.301  28.686  28.691  29.127  41.008  41.025  41.046
 41.109  41.117  41.121  41.122  41.160  41.163  41.167  41.277
 41.283  41.284  41.289  41.291  41.302  41.324  41.338  41.385
 41.390  41.396  41.399  41.419  41.490  41.491
 
 Beta MOs
 -- Occupied --
 -9.966  -9.958  -9.950  -9.950  -9.949  -0.888  -0.802  -0.604
 -0.600  -0.538  -0.477  -0.468  -0.463  -0.355  -0.340  -0.339
 -0.270  -0.269  -0.257
 -- Virtual --
  0.126   0.139   0.141   0.145   0.160   0.166   0.168   0.183
  0.189   0.218   0.242   0.244   0.249   0.258   0.261   0.261
  0.283   0.283   0.291   0.300   0.311   0.312   0.320   0.331
  0.334   0.336   0.338   0.354   0.356   0.372   0.415   0.422
  0.424   0.451   0.468   0.474   0.477   0.508   0.536   0.537
  0.548   0.557   0.611   0.660   0.675   0.677   0.681   0.705
  0.709   0.740   0.764   0.766   0.783   0.795   0.802   0.813
  0.815   0.831   0.831   0.845   0.858   0.864   0.867   0.870
  0.891   0.922   0.978   1.019   1.019   1.027   1.044   1.071
  1.097   1.125   1.130   1.132   1.203   1.255   1.257   1.282
  1.309   1.328   1.330   1.339   1.355   1.359   1.392   1.405
  1.406   1.463   1.465   1.519   1.524   1.527   1.551   1.572
  1.576   1.596   1.600   1.622   1.632   1.635   1.672   1.674
  1.692   1.697   1.720   1.769   1.783   1.786   1.799   1.810
  1.814   1.818   1.876   1.984   2.017   2.018   2.046   2.684
  2.688   2.769   2.806   2.836   2.838   2.860   2.870   2.903
  2.904   2.909   2.960   2.996   2.997   3.045   3.101   3.114
  3.116   3.120   3.150   3.206   3.208   3.223   3.231   3.282
  3.284   3.298   3.299   3.313   3.344   3.348   3.389   3.412
  3.444   3.445   3.466   3.494   3.561   3.561   3.570   3.603
  3.605   3.656   3.658   3.667   3.687   3.717   3.717   3.761
  3.762   3.777   3.817   3.818   3.831   3.906   4.003   4.033
  4.082   4.098   4.100   4.157   4.159   4.186   4.272   4.321
  4.323   4.324   4.326   4.357   4.360   4.448   4.472   4.482
  4.482   4.561   4.564   4.569   4.577   4.580   4.620   4.622
  4.712   4.713   4.741   4.744   4.749   4.781   4.820   4.927
  4.944   5.117   5.120   5.190   5.192   5.311   5.477   5.605
  5.665   5.668   5.706   5.816   5.823   5.827   5.860   5.969
  5.972   6.003  24.252  24.277  24.531  24.535  24.603  27.628
 27.689  27.741  27.742  28.128  28.219  28.244  28.245  28.262
 28.286  28.286  28.302  28.687  28.691  29.127  41.008  41.026
 41.046  41.109  41.117  41.121  41.122  41.160  41.164  41.168
 41.277  41.283  41.284  41.290  41.292  41.303  41.324  41.338
 41.385  41.391  41.396  41.400  41.419  41.490  41.491
 --------------------------------------------------------------
 
          Ground-State Mulliken Net Atomic Charges

     Atom                 Charge (a.u.)    Spin (a.u.)
  --------------------------------------------------------
      1 C                    -3.691237       4.257444
      2 C                     3.111130      -3.459347
      3 C                    -0.248691      -0.048311
      4 C                     1.613236      -1.930722
      5 C                     1.421173      -1.738207
      6 H                    -0.558769       0.659383
      7 H                    -0.597549       0.699797
      8 H                    -0.041728       0.113990
      9 H                    -0.054894       0.128595
     10 H                    -0.120918       0.193309
     11 H                    -0.890834       1.002244
     12 H                    -0.102332       0.173234
     13 H                    -0.838586       0.948592
  --------------------------------------------------------
  Sum of atomic charges =    -1.000000
  Sum of spin   charges =     1.000000

 -----------------------------------------------------------------
                    Cartesian Multipole Moments
 -----------------------------------------------------------------
    Charge (ESU x 10^10)
                -4.8032
    Dipole Moment (Debye)
         X       2.2128      Y      -7.1534      Z      -4.4880
       Tot       8.7298
    Quadrupole Moments (Debye-Ang)
        XX     -73.2599     XY       2.6107     YY     -65.9326
        XZ       2.1850     YZ      -6.8076     ZZ     -64.8463
    Octapole Moments (Debye-Ang^2)
       XXX      33.6086    XXY     -44.2803    XYY      14.5845
       YYY     -97.3992    XXZ     -71.2582    XYZ       2.5621
       YYZ     -64.1331    XZZ      13.0030    YZZ     -45.5514
       ZZZ    -181.5986
    Hexadecapole Moments (Debye-Ang^3)
      XXXX   -1053.4814   XXXY      18.9760   XXYY    -291.4927
      XYYY      24.7738   YYYY    -610.1554   XXXZ      33.5308
      XXYZ     -42.4312   XYYZ      14.7374   YYYZ     -93.6877
      XXZZ    -337.4243   XYZZ      14.5913   YYZZ    -264.3610
      XZZZ      35.4130   YZZZ    -119.7402   ZZZZ    -865.7037
 -----------------------------------------------------------------
 Total job time:  459.56s(wall), 455.76s(cpu) 
 Sun Mar 23 19:08:51 2014

        *************************************************************
        *                                                           *
        *  Thank you very much for using Q-Chem.  Have a nice day.  *
        *                                                           *
        *************************************************************


0 sent ACK to 0 
now end server 0 ... 
 
**********************************************************************
Job 2 of 3 
**********************************************************************
 
Process 0 of 1 is on cl135 - thread support 1
initial socket setup ...start
initial socket setup ...done 
now start server 0 ... 

cmd = /usr/bin/ssh clhead /usr/local/qchem/bin/get_hostid 1086640672 > /tmp/1602374.1.medium.q/qchem27084/lic.dat

cmd = /usr/bin/ssh clhead /usr/local/qchem/bin/get_hostid 1086640672 > /tmp/1602374.1.medium.q/qchem27084/lic.dat

cmd = /usr/bin/ssh clhead /usr/local/qchem/bin/get_hostid 1086640672 > /tmp/1602374.1.medium.q/qchem27084/lic.dat

cmd = /usr/bin/ssh clhead /usr/local/qchem/bin/get_hostid 1086640672 > /tmp/1602374.1.medium.q/qchem27084/lic.dat

cmd = /usr/bin/ssh clhead /usr/local/qchem/bin/get_hostid 1086640672 > /tmp/1602374.1.medium.q/qchem27084/lic.dat
                  Welcome to Q-Chem
     A Quantum Leap Into The Future Of Chemistry

 Y. Shao, L. Fusti-Molnar, Y. Jung, J. Kussmann, C. Ochsenfeld,
 S. T. Brown, A. T. B. Gilbert, L. V. Slipchenko,S. V. Levchenko,
 D. P. O'Neill, R. A. DiStasio Jr., R. C. Lochan, T. Wang,
 G. J. O. Beran, N. A. Besley, J. M. Herbert, C. Y. Lin,
 T. Van Voorhis, S. H. Chien, A. Sodt, R. P. Steele, 
 V. A. Rassolov, P. E. Maslen, P. P. Korambath, R. D. Adamson,
 B. Austin, J. Baker, E. F. C. Byrd, H. Dachsel, R. J. Doerksen,
 A. Dreuw, B. D. Dunietz, A. D. Dutoi, T. R. Furlani,
 S. R. Gwaltney, A. Heyden, S. Hirata, C.-P. Hsu, G. Kedziora,
 R. Z. Khaliullin, P. Klunzinger, A. M. Lee, M. S. Lee, W. Liang,
 I. Lotan, N. Nair, B. Peters, E. I. Proynov, P. A. Pieniazek, 
 Y. M. Rhee, J. Ritchie, E. Rosta, C. D. Sherrill, 
 A. C. Simmonett, J. E. Subotnik, H. L. Woodcock III,
 W. Zhang, A. T. Bell, A. K. Chakraborty, D. M. Chipman,
 F. J. Keil, A. Warshel, W. J. Hehre, H. F. Schaefer III,
 J. Kong, A. I. Krylov, P. M. W. Gill, M. Head-Gordon,
 Q-Chem, Version 3.1, Q-Chem, Inc., Pittsburgh, PA (2007).

 Additional authors for Version 3.1: 
 Z. Gan, Y. Zhao, N. E. Schultz, D. Truhlar, E. Epifanovsky and M. Oana.

 Additional authors for Version 3.2: 
 R. Baer, B. R. Brooks, D. Casanova, J.-D. Chai, C.-L. Cheng, 
 C. Cramer, D. Crittenden, A. Ghysels, G. Hawkins, E. G. Hohenstein, 
 C. Kelley, W. Kurlancheek, D. Liotard, E. Livshits, P. Manohar, 
 A. Marenich, D. Neuhauser, R. Olson, M. A. Rohrdanz, K. S. Thanthiriwatte, 
 A. J. W. Thom, V. Vanovschi, C. F. Williams, Q. Wu and Z.-Q. You. 


 Intel X86 Linux Version

 Q-chem begins on Sun Mar 23 19:08:55 2014  

 Parallel job on  1  processors
Processing $rem in /usr/local/qchem/config/preferences.

theFileMan(): MAXOPENFILES=974 MAX_SUB_FILE_NUM=16
Maximum size of a physical file is 2.0 GB, maximum size of a tmp-file is 32.0 GB


--------------------------------------------------------------
User input:
--------------------------------------------------------------

$molecule
0,1
C         -0.00003        0.00010        0.99991
C          1.26459        0.75942        0.98847
C          1.26447       -0.75945        0.98840
C         -1.27145        0.00003        0.25190
C         -1.25762        0.00005        1.77082
H          1.57412        1.26097        1.90079
H          1.55767        1.26188        0.07124
H          1.57397       -1.26106        1.90071
H          1.55744       -1.26192        0.07116
H         -1.57709       -0.91495       -0.24713
H         -1.57734        0.91489       -0.24721
H         -1.55434       -0.91483        2.27543
H         -1.55439        0.91487        2.27549
$end

$comment
neutral
$end

$xc_functional
C PBE   1.00
X wPBE  1.00
$end


$rem
SYMMETRY_DECOMPOSITION	0
LRC_DFT                 true
exchange 		general
BASIS                   g3large
omega			350
mem_static              760
max_scf_cycles          200
scf_final_print         1
sym_ignore              true
$end

--------------------------------------------------------------
 Writing REM_CC_EA           13
 ----------------------------------------------------
       Standard Nuclear Orientation (Angstroms)
    I     Atom         X            Y            Z
 ----------------------------------------------------
    1      C      -0.000030     0.000100     0.999910
    2      C       1.264590     0.759420     0.988470
    3      C       1.264470    -0.759450     0.988400
    4      C      -1.271450     0.000030     0.251900
    5      C      -1.257620     0.000050     1.770820
    6      H       1.574120     1.260970     1.900790
    7      H       1.557670     1.261880     0.071240
    8      H       1.573970    -1.261060     1.900710
    9      H       1.557440    -1.261920     0.071160
   10      H      -1.577090    -0.914950    -0.247130
   11      H      -1.577340     0.914890    -0.247210
   12      H      -1.554340    -0.914830     2.275430
   13      H      -1.554390     0.914870     2.275490
 ----------------------------------------------------
 Nuclear Repulsion Energy =   171.0336147312 hartrees
 There are       19 alpha and       19 beta electrons
 Requested basis set is G3large
 There are 98 shells and 290 basis functions

Total QAlloc Memory Limit   2000 MB
Mega-Array Size       743 MB
MEM_STATIC part       760 MB

                       Distance Matrix (Angstroms)
             C (  1)   C (  2)   C (  3)   C (  4)   C (  5)   H (  6)
   C (  2)  1.475114
   C (  3)  1.475130  1.518870
   C (  4)  1.475137  2.747855  2.747750
   C (  5)  1.475071  2.747773  2.747719  1.518983
   H (  6)  2.208920  1.086135  2.238400  3.522226  3.102509
   H (  7)  2.209286  1.086127  2.238956  3.103035  3.522307  1.829624
   H (  8)  2.208946  2.238356  1.086146  3.522121  3.102446  2.522030
   H (  9)  2.209295  2.238981  1.086111  3.102870  3.522212  3.116536
   H ( 10)  2.208969  3.522125  3.102447  1.086110  2.238617  4.390708
   H ( 11)  2.209085  3.102844  3.522220  1.086116  2.238660  3.829540
   H ( 12)  2.209056  3.522179  3.102625  2.238676  1.086130  3.829063
   H ( 13)  2.209059  3.102778  3.522204  2.238728  1.086121  3.169820
             H (  7)   H (  8)   H (  9)   H ( 10)   H ( 11)   H ( 12)
   H (  8)  3.116481
   H (  9)  2.523800  1.829625
   H ( 10)  3.829709  3.829124  3.169696
   H ( 11)  3.170189  4.390794  3.829714  1.829840
   H ( 12)  4.391028  3.169639  3.829158  2.522663  3.116427
   H ( 13)  3.829367  3.829069  4.391010  3.116467  2.522804  1.829700

 
 A cutoff of  1.0D-08 yielded   4435 shell pairs
 There are  39245 function pairs ( 48051 Cartesian)
Evaluating contribution to one-electron hamiltonian from nuclear
 Smallest overlap matrix eigenvalue = 2.58E-05

 Q-Chem warning in module mkSTV.C, line 194:

 Overlap eigenvalue is smaller than square root of threshold

 Multipole matrices computed through 2nd order

  Scale SEOQF with 1.000000e-01/1.000000e-01/1.000000e-01

 Standard Electronic Orientation quadrupole field applied
 Nucleus-field energy     =    -0.0000000026 hartrees
 Guess from superposition of atomic densities
 Warning:  Energy on first SCF cycle will be non-variational
 Long-range K will be added via erf
 Coulomb attenuation parameter = 0.35 bohr**(-1)
 A restricted Kohn-Sham SCF calculation will be
 performed using Pulay DIIS extrapolation
 Exchange:  wPBE + LR-HF      Correlation:  PBE
 Using SG-1 standard quadrature grid
 SCF converges when DIIS error is below 1.0E-05
 Requested basis set is G3large
 There are 98 shells and 290 basis functions
 A cutoff of  1.0D-08 yielded   4435 shell pairs
 There are  39245 function pairs ( 48051 Cartesian)
 ---------------------------------------
  Cycle       Energy         DIIS Error
 ---------------------------------------
    1    -197.1266788549      2.91E-02
    2    -195.0996587046      2.60E-03
    3    -195.1518114107      1.84E-03
    4    -195.1846142527      2.53E-04
    5    -195.1855345219      1.12E-04
    6    -195.1856765002      2.93E-05
    7    -195.1857387839      7.27E-06 Convergence criterion met
 ---------------------------------------
 One-Electron    Energy =  -599.9021632847
 Total Coulomb   Energy =   263.7188412588
 Alpha Exchange  Energy =    -3.3680930594
 Beta  Exchange  Energy =    -3.3680930594
 DFT   Exchange  Energy =   -22.0536003592
 DFT Correlation Energy =    -1.2462450085
 Nuclear Repu.   Energy =   171.0336147286
 Nuclear Attr.   Energy =  -794.0930705614
 Kinetic         Energy =   194.1909072767
 SCF time:  CPU 240.27 s  wall 242.20 s
 Final Alpha MO Eigenvalues
            1           2           3           4           5           6
    1 -10.0877970 -10.0744090 -10.0742447 -10.0741177 -10.0739086  -1.0099581
            7           8           9          10          11          12
    1  -0.9239274  -0.7238567  -0.7238509  -0.6593048  -0.5984667  -0.5876344
           13          14          15          16          17          18
    1  -0.5876135  -0.4763555  -0.4619955  -0.4612637  -0.3911166  -0.3911024
           19          20          21          22          23          24
    1  -0.3790974   0.0419876   0.0534903   0.0535125   0.0582446   0.0768598
 Analysis of SCF Wavefunction
 
 --------------------------------------------------------------
                    Orbital Energies (a.u.)
 --------------------------------------------------------------
 
 Alpha MOs
 -- Occupied --
-10.088 -10.074 -10.074 -10.074 -10.074  -1.010  -0.924  -0.724
 -0.724  -0.659  -0.598  -0.588  -0.588  -0.476  -0.462  -0.461
 -0.391  -0.391  -0.379
 -- Virtual --
  0.042   0.053   0.054   0.058   0.077   0.077   0.081   0.098
  0.101   0.124   0.150   0.150   0.160   0.166   0.167   0.167
  0.185   0.186   0.186   0.199   0.210   0.210   0.220   0.235
  0.237   0.240   0.240   0.248   0.248   0.262   0.308   0.308
  0.308   0.338   0.358   0.358   0.372   0.396   0.428   0.428
  0.441   0.442   0.497   0.547   0.565   0.565   0.565   0.593
  0.593   0.627   0.650   0.650   0.669   0.681   0.686   0.697
  0.697   0.714   0.714   0.731   0.741   0.751   0.751   0.756
  0.772   0.807   0.858   0.899   0.899   0.906   0.922   0.951
  0.978   1.004   1.011   1.011   1.083   1.135   1.135   1.162
  1.189   1.208   1.208   1.219   1.238   1.238   1.272   1.286
  1.286   1.345   1.345   1.399   1.406   1.406   1.431   1.455
  1.455   1.476   1.481   1.503   1.511   1.517   1.553   1.554
  1.574   1.576   1.601   1.650   1.665   1.665   1.679   1.693
  1.693   1.697   1.755   1.864   1.897   1.897   1.925   2.565
  2.565   2.648   2.686   2.716   2.716   2.739   2.749   2.782
  2.782   2.788   2.839   2.875   2.875   2.924   2.980   2.993
  2.993   2.999   3.028   3.086   3.086   3.102   3.109   3.161
  3.161   3.177   3.177   3.191   3.223   3.226   3.268   3.291
  3.323   3.323   3.344   3.372   3.439   3.440   3.449   3.482
  3.482   3.535   3.535   3.546   3.565   3.596   3.596   3.640
  3.640   3.656   3.696   3.696   3.710   3.784   3.882   3.912
  3.960   3.978   3.978   4.037   4.037   4.064   4.151   4.201
  4.201   4.202   4.204   4.237   4.237   4.327   4.351   4.360
  4.361   4.440   4.444   4.446   4.456   4.456   4.500   4.500
  4.591   4.591   4.620   4.624   4.624   4.659   4.699   4.806
  4.822   4.997   4.997   5.069   5.070   5.190   5.355   5.484
  5.545   5.545   5.585   5.699   5.699   5.703   5.738   5.849
  5.849   5.881  24.131  24.155  24.410  24.411  24.481  27.506
 27.566  27.620  27.620  28.006  28.096  28.123  28.123  28.140
 28.164  28.164  28.179  28.567  28.567  29.005  40.887  40.904
 40.924  40.988  40.996  40.996  40.999  41.039  41.043  41.043
 41.156  41.162  41.162  41.168  41.168  41.180  41.202  41.216
 41.266  41.266  41.275  41.276  41.297  41.369  41.369
 --------------------------------------------------------------
 
          Ground-State Mulliken Net Atomic Charges

     Atom                 Charge (a.u.)
  ----------------------------------------
      1 C                     0.507772
      2 C                    -0.304243
      3 C                    -0.304858
      4 C                    -0.304631
      5 C                    -0.304390
      6 H                     0.088812
      7 H                     0.088784
      8 H                     0.088783
      9 H                     0.088834
     10 H                     0.088737
     11 H                     0.088845
     12 H                     0.088776
     13 H                     0.088780
  ----------------------------------------
  Sum of atomic charges =     0.000000

 -----------------------------------------------------------------
                    Cartesian Multipole Moments
 -----------------------------------------------------------------
    Charge (ESU x 10^10)
                 0.0000
    Dipole Moment (Debye)
         X       0.0002      Y      -0.0011      Z       0.0002
       Tot       0.0011
    Quadrupole Moments (Debye-Ang)
        XX     -32.7839     XY       0.0021     YY     -30.6539
        XZ       0.0197     YZ      -0.0009     ZZ     -30.6555
    Octapole Moments (Debye-Ang^2)
       XXX       0.0022    XXY       0.0024    XYY      -0.6429
       YYY       0.0012    XXZ     -32.7695    XYZ       0.0022
       YYZ     -30.6502    XZZ       0.6827    YZZ       0.0010
       ZZZ     -91.9759
    Hexadecapole Moments (Debye-Ang^3)
      XXXX    -348.0416   XXXY       0.0147   XXYY     -67.0479
      XYYY       0.0106   YYYY    -114.5208   XXXZ       1.3302
      XXYZ       0.0013   XYYZ      -0.3367   YYYZ       0.0002
      XXZZ     -99.8151   XYZZ       0.0120   YYZZ     -63.2333
      XZZZ       2.7734   YZZZ       0.0034   ZZZZ    -298.5112
 -----------------------------------------------------------------
 Total job time:  242.64s(wall), 240.64s(cpu) 
 Sun Mar 23 19:12:58 2014

        *************************************************************
        *                                                           *
        *  Thank you very much for using Q-Chem.  Have a nice day.  *
        *                                                           *
        *************************************************************


0 sent ACK to 0 
now end server 0 ... 
 
**********************************************************************
Job 3 of 3 
**********************************************************************
 
Process 0 of 1 is on cl135 - thread support 1
initial socket setup ...start
initial socket setup ...done 
now start server 0 ... 

cmd = /usr/bin/ssh clhead /usr/local/qchem/bin/get_hostid 58330967 > /tmp/1602374.1.medium.q/qchem27084/lic.dat

cmd = /usr/bin/ssh clhead /usr/local/qchem/bin/get_hostid 58330967 > /tmp/1602374.1.medium.q/qchem27084/lic.dat

cmd = /usr/bin/ssh clhead /usr/local/qchem/bin/get_hostid 58330967 > /tmp/1602374.1.medium.q/qchem27084/lic.dat

cmd = /usr/bin/ssh clhead /usr/local/qchem/bin/get_hostid 58330967 > /tmp/1602374.1.medium.q/qchem27084/lic.dat

cmd = /usr/bin/ssh clhead /usr/local/qchem/bin/get_hostid 58330967 > /tmp/1602374.1.medium.q/qchem27084/lic.dat
                  Welcome to Q-Chem
     A Quantum Leap Into The Future Of Chemistry

 Y. Shao, L. Fusti-Molnar, Y. Jung, J. Kussmann, C. Ochsenfeld,
 S. T. Brown, A. T. B. Gilbert, L. V. Slipchenko,S. V. Levchenko,
 D. P. O'Neill, R. A. DiStasio Jr., R. C. Lochan, T. Wang,
 G. J. O. Beran, N. A. Besley, J. M. Herbert, C. Y. Lin,
 T. Van Voorhis, S. H. Chien, A. Sodt, R. P. Steele, 
 V. A. Rassolov, P. E. Maslen, P. P. Korambath, R. D. Adamson,
 B. Austin, J. Baker, E. F. C. Byrd, H. Dachsel, R. J. Doerksen,
 A. Dreuw, B. D. Dunietz, A. D. Dutoi, T. R. Furlani,
 S. R. Gwaltney, A. Heyden, S. Hirata, C.-P. Hsu, G. Kedziora,
 R. Z. Khaliullin, P. Klunzinger, A. M. Lee, M. S. Lee, W. Liang,
 I. Lotan, N. Nair, B. Peters, E. I. Proynov, P. A. Pieniazek, 
 Y. M. Rhee, J. Ritchie, E. Rosta, C. D. Sherrill, 
 A. C. Simmonett, J. E. Subotnik, H. L. Woodcock III,
 W. Zhang, A. T. Bell, A. K. Chakraborty, D. M. Chipman,
 F. J. Keil, A. Warshel, W. J. Hehre, H. F. Schaefer III,
 J. Kong, A. I. Krylov, P. M. W. Gill, M. Head-Gordon,
 Q-Chem, Version 3.1, Q-Chem, Inc., Pittsburgh, PA (2007).

 Additional authors for Version 3.1: 
 Z. Gan, Y. Zhao, N. E. Schultz, D. Truhlar, E. Epifanovsky and M. Oana.

 Additional authors for Version 3.2: 
 R. Baer, B. R. Brooks, D. Casanova, J.-D. Chai, C.-L. Cheng, 
 C. Cramer, D. Crittenden, A. Ghysels, G. Hawkins, E. G. Hohenstein, 
 C. Kelley, W. Kurlancheek, D. Liotard, E. Livshits, P. Manohar, 
 A. Marenich, D. Neuhauser, R. Olson, M. A. Rohrdanz, K. S. Thanthiriwatte, 
 A. J. W. Thom, V. Vanovschi, C. F. Williams, Q. Wu and Z.-Q. You. 


 Intel X86 Linux Version

 Q-chem begins on Sun Mar 23 19:13:02 2014  

 Parallel job on  1  processors
Processing $rem in /usr/local/qchem/config/preferences.

theFileMan(): MAXOPENFILES=974 MAX_SUB_FILE_NUM=16
Maximum size of a physical file is 2.0 GB, maximum size of a tmp-file is 32.0 GB


--------------------------------------------------------------
User input:
--------------------------------------------------------------

$molecule
1,2
C         -0.00003        0.00010        0.99991
C          1.26459        0.75942        0.98847
C          1.26447       -0.75945        0.98840
C         -1.27145        0.00003        0.25190
C         -1.25762        0.00005        1.77082
H          1.57412        1.26097        1.90079
H          1.55767        1.26188        0.07124
H          1.57397       -1.26106        1.90071
H          1.55744       -1.26192        0.07116
H         -1.57709       -0.91495       -0.24713
H         -1.57734        0.91489       -0.24721
H         -1.55434       -0.91483        2.27543
H         -1.55439        0.91487        2.27549
$end

$comment
positive
$end

$xc_functional
C PBE   1.00
X wPBE  1.00
$end

$rem
SYMMETRY_DECOMPOSITION	0
LRC_DFT                 true
exchange 		general
BASIS                   g3large
omega			350
mem_static              760
max_scf_cycles          200
scf_final_print         1
sym_ignore              true
$end

--------------------------------------------------------------
 Writing REM_CC_EA           13
 ----------------------------------------------------
       Standard Nuclear Orientation (Angstroms)
    I     Atom         X            Y            Z
 ----------------------------------------------------
    1      C      -0.000030     0.000100     0.999910
    2      C       1.264590     0.759420     0.988470
    3      C       1.264470    -0.759450     0.988400
    4      C      -1.271450     0.000030     0.251900
    5      C      -1.257620     0.000050     1.770820
    6      H       1.574120     1.260970     1.900790
    7      H       1.557670     1.261880     0.071240
    8      H       1.573970    -1.261060     1.900710
    9      H       1.557440    -1.261920     0.071160
   10      H      -1.577090    -0.914950    -0.247130
   11      H      -1.577340     0.914890    -0.247210
   12      H      -1.554340    -0.914830     2.275430
   13      H      -1.554390     0.914870     2.275490
 ----------------------------------------------------
 Nuclear Repulsion Energy =   171.0336147312 hartrees
 There are       19 alpha and       18 beta electrons
 Requested basis set is G3large
 There are 98 shells and 290 basis functions

Total QAlloc Memory Limit   2000 MB
Mega-Array Size       743 MB
MEM_STATIC part       760 MB

                       Distance Matrix (Angstroms)
             C (  1)   C (  2)   C (  3)   C (  4)   C (  5)   H (  6)
   C (  2)  1.475114
   C (  3)  1.475130  1.518870
   C (  4)  1.475137  2.747855  2.747750
   C (  5)  1.475071  2.747773  2.747719  1.518983
   H (  6)  2.208920  1.086135  2.238400  3.522226  3.102509
   H (  7)  2.209286  1.086127  2.238956  3.103035  3.522307  1.829624
   H (  8)  2.208946  2.238356  1.086146  3.522121  3.102446  2.522030
   H (  9)  2.209295  2.238981  1.086111  3.102870  3.522212  3.116536
   H ( 10)  2.208969  3.522125  3.102447  1.086110  2.238617  4.390708
   H ( 11)  2.209085  3.102844  3.522220  1.086116  2.238660  3.829540
   H ( 12)  2.209056  3.522179  3.102625  2.238676  1.086130  3.829063
   H ( 13)  2.209059  3.102778  3.522204  2.238728  1.086121  3.169820
             H (  7)   H (  8)   H (  9)   H ( 10)   H ( 11)   H ( 12)
   H (  8)  3.116481
   H (  9)  2.523800  1.829625
   H ( 10)  3.829709  3.829124  3.169696
   H ( 11)  3.170189  4.390794  3.829714  1.829840
   H ( 12)  4.391028  3.169639  3.829158  2.522663  3.116427
   H ( 13)  3.829367  3.829069  4.391010  3.116467  2.522804  1.829700

 
 A cutoff of  1.0D-08 yielded   4435 shell pairs
 There are  39245 function pairs ( 48051 Cartesian)
Evaluating contribution to one-electron hamiltonian from nuclear
 Smallest overlap matrix eigenvalue = 2.58E-05

 Q-Chem warning in module mkSTV.C, line 194:

 Overlap eigenvalue is smaller than square root of threshold

 Multipole matrices computed through 2nd order

  Scale SEOQF with 1.000000e-01/1.000000e-01/1.000000e-01

 Standard Electronic Orientation quadrupole field applied
 Nucleus-field energy     =    -0.0000000026 hartrees
 Guess from superposition of atomic densities
 Warning:  Energy on first SCF cycle will be non-variational
 Long-range K will be added via erf
 Coulomb attenuation parameter = 0.35 bohr**(-1)
 An unrestricted Kohn-Sham SCF calculation will be
 performed using Pulay DIIS extrapolation
 Exchange:  wPBE + LR-HF      Correlation:  PBE
 Using SG-1 standard quadrature grid
 SCF converges when DIIS error is below 1.0E-05
 Requested basis set is G3large
 There are 98 shells and 290 basis functions
 A cutoff of  1.0D-08 yielded   4435 shell pairs
 There are  39245 function pairs ( 48051 Cartesian)
 Warning!  Inaccurate integrated density:
   Number of electrons =    37
   Numerical integral  =    37.999765750979
   Relative error      =     2.7020695972 %
 ---------------------------------------
  Cycle       Energy         DIIS Error
 ---------------------------------------
    1    -197.1266788549      2.91E-02
    2    -194.7112483843      2.45E-03
    3    -194.7613339800      1.98E-03
    4    -194.8011758891      3.08E-04
    5    -194.8042294515      1.14E-04
    6    -194.8051302463      6.14E-05
    7    -194.8057111562      4.55E-05
    8    -194.8061883021      3.43E-05
    9    -194.8065146014      3.38E-05
   10    -194.8067904485      3.14E-05
   11    -194.8071832964      3.13E-05
   12    -194.8073618151      3.09E-05
   13    -194.8072689479      3.11E-05
   14    -194.8073712973      3.11E-05
   15    -194.8074370612      3.11E-05
   16    -194.8081249215      3.15E-05
   17    -194.8082467240      2.42E-05
   18    -194.8083836559      3.00E-05
   19    -194.8088820324      2.95E-05
   20    -194.8098107154      3.04E-05
   21    -194.8094374872      3.00E-05
   22    -194.8112263451      1.72E-04
   23    -194.8113021067      1.20E-04
   24    -194.8116673353      1.39E-04
   25    -194.8117894456      2.23E-04
   26    -194.8117769283      2.25E-04
   27    -194.8118935295      2.11E-04
   28    -194.8121655800      1.98E-04
   29    -194.8125724845      2.57E-05
   30    -194.8126075979      1.49E-05
   31    -194.8126355939      9.92E-06 Convergence criterion met
 ---------------------------------------
 One-Electron    Energy =  -590.7793533764
 Total Coulomb   Energy =   254.6399518813
 Alpha Exchange  Energy =    -3.3821102547
 Beta  Exchange  Energy =    -3.1869637822
 DFT   Exchange  Energy =   -21.9301651974
 DFT Correlation Energy =    -1.2076095932
 Nuclear Repu.   Energy =   171.0336147286
 Nuclear Attr.   Energy =  -784.8321134273
 Kinetic         Energy =   194.0527600509
 <S^2> = 0.7588
 SCF time:  CPU 1361.47 s  wall 1372.80 s
 Final Alpha MO Eigenvalues
            1           2           3           4           5           6
    1 -10.3403681 -10.3390697 -10.3275510 -10.3265653 -10.3191177  -1.2632906
            7           8           9          10          11          12
    1  -1.1794227  -0.9610221  -0.9590452  -0.8975722  -0.8342095  -0.8212659
           13          14          15          16          17          18
    1  -0.8197297  -0.7187045  -0.7020768  -0.6871813  -0.6460263  -0.6318000
           19          20          21          22          23          24
    1  -0.6300083  -0.0893334  -0.0805769  -0.0805477  -0.0724504  -0.0499900
 Final Beta MO Eigenvalues
            1           2           3           4           5           6
    1 -10.3387028 -10.3348362 -10.3236362 -10.3227889 -10.3165789  -1.2530551
            7           8           9          10          11          12
    1  -1.1625883  -0.9464301  -0.9454131  -0.8820440  -0.8266336  -0.8178151
           13          14          15          16          17          18
    1  -0.8158439  -0.6993110  -0.6841909  -0.6562970  -0.6240785  -0.6231207
           19          20          21          22          23
    1  -0.3668713  -0.0881155  -0.0776816  -0.0775325  -0.0710070
 Analysis of SCF Wavefunction
 
 --------------------------------------------------------------
                    Orbital Energies (a.u.)
 --------------------------------------------------------------
 
 Alpha MOs
 -- Occupied --
-10.340 -10.339 -10.328 -10.327 -10.319  -1.263  -1.179  -0.961
 -0.959  -0.898  -0.834  -0.821  -0.820  -0.719  -0.702  -0.687
 -0.646  -0.632  -0.630
 -- Virtual --
 -0.089  -0.081  -0.081  -0.072  -0.050  -0.050  -0.042  -0.034
 -0.027  -0.011  -0.010  -0.005   0.015   0.019   0.022   0.022
  0.036   0.037   0.045   0.050   0.059   0.060   0.074   0.077
  0.077   0.087   0.094   0.094   0.095   0.101   0.118   0.118
  0.127   0.158   0.173   0.174   0.187   0.209   0.235   0.241
  0.242   0.276   0.305   0.362   0.372   0.381   0.381   0.395
  0.396   0.430   0.451   0.451   0.460   0.476   0.494   0.496
  0.497   0.509   0.509   0.533   0.546   0.557   0.566   0.566
  0.569   0.622   0.640   0.691   0.692   0.706   0.725   0.732
  0.768   0.793   0.804   0.804   0.886   0.934   0.935   0.958
  0.973   0.996   1.005   1.005   1.033   1.034   1.076   1.077
  1.077   1.130   1.131   1.189   1.195   1.196   1.206   1.239
  1.240   1.265   1.267   1.294   1.294   1.317   1.348   1.348
  1.365   1.372   1.399   1.439   1.459   1.460   1.470   1.486
  1.487   1.491   1.539   1.628   1.670   1.670   1.705   2.328
  2.329   2.394   2.466   2.480   2.492   2.493   2.525   2.535
  2.538   2.566   2.592   2.641   2.642   2.688   2.728   2.752
  2.752   2.755   2.780   2.852   2.852   2.863   2.866   2.915
  2.917   2.934   2.936   2.940   2.990   3.001   3.026   3.055
  3.089   3.090   3.111   3.134   3.203   3.203   3.219   3.238
  3.240   3.297   3.298   3.304   3.319   3.350   3.359   3.404
  3.404   3.425   3.456   3.457   3.480   3.546   3.650   3.671
  3.714   3.747   3.748   3.796   3.797   3.826   3.916   3.969
  3.969   3.970   3.972   4.008   4.009   4.101   4.127   4.135
  4.138   4.202   4.203   4.206   4.225   4.227   4.266   4.266
  4.354   4.355   4.390   4.394   4.395   4.416   4.460   4.561
  4.584   4.753   4.755   4.833   4.833   4.960   5.115   5.252
  5.296   5.298   5.354   5.470   5.473   5.479   5.512   5.612
  5.614   5.637  23.880  23.902  24.155  24.158  24.229  27.246
 27.306  27.366  27.367  27.753  27.844  27.867  27.870  27.889
 27.910  27.910  27.929  28.314  28.316  28.753  40.633  40.645
 40.669  40.727  40.740  40.742  40.751  40.783  40.788  40.788
 40.898  40.904  40.906  40.911  40.911  40.926  40.948  40.960
 41.007  41.016  41.025  41.028  41.040  41.114  41.115
 
 Beta MOs
 -- Occupied --
-10.339 -10.335 -10.324 -10.323 -10.317  -1.253  -1.163  -0.946
 -0.945  -0.882  -0.827  -0.818  -0.816  -0.699  -0.684  -0.656
 -0.624  -0.623
 -- Virtual --
 -0.367  -0.088  -0.078  -0.078  -0.071  -0.048  -0.048  -0.041
 -0.034  -0.026  -0.005  -0.001   0.000   0.016   0.022   0.023
  0.023   0.038   0.038   0.047   0.052   0.061   0.061   0.074
  0.084   0.084   0.089   0.095   0.095   0.096   0.102   0.126
  0.126   0.134   0.159   0.175   0.176   0.197   0.214   0.243
  0.245   0.245   0.278   0.308   0.365   0.372   0.383   0.384
  0.401   0.402   0.438   0.458   0.458   0.473   0.486   0.496
  0.502   0.502   0.510   0.511   0.538   0.551   0.563   0.569
  0.570   0.572   0.624   0.645   0.696   0.696   0.708   0.725
  0.743   0.775   0.802   0.808   0.808   0.886   0.937   0.937
  0.961   0.975   1.006   1.008   1.008   1.035   1.035   1.078
  1.084   1.084   1.138   1.138   1.194   1.201   1.201   1.216
  1.250   1.251   1.271   1.275   1.297   1.300   1.320   1.351
  1.352   1.369   1.374   1.403   1.443   1.462   1.463   1.472
  1.488   1.489   1.495   1.545   1.638   1.675   1.675   1.707
  2.338   2.339   2.413   2.468   2.496   2.496   2.506   2.531
  2.544   2.545   2.570   2.607   2.647   2.647   2.694   2.745
  2.762   2.763   2.770   2.793   2.859   2.859   2.874   2.876
  2.927   2.928   2.950   2.950   2.956   2.994   3.004   3.034
  3.060   3.098   3.098   3.114   3.142   3.214   3.214   3.225
  3.253   3.253   3.309   3.310   3.314   3.340   3.359   3.365
  3.413   3.413   3.432   3.466   3.466   3.481   3.556   3.654
  3.682   3.726   3.751   3.751   3.806   3.807   3.835   3.920
  3.973   3.974   3.976   3.977   4.013   4.014   4.107   4.134
  4.136   4.142   4.211   4.216   4.218   4.231   4.232   4.272
  4.273   4.361   4.362   4.396   4.401   4.402   4.424   4.467
  4.569   4.593   4.760   4.761   4.838   4.839   4.963   5.124
  5.253   5.310   5.311   5.360   5.472   5.476   5.481   5.514
  5.617   5.618   5.643  23.882  23.906  24.160  24.163  24.233
 27.258  27.318  27.370  27.370  27.756  27.846  27.872  27.874
 27.892  27.916  27.916  27.931  28.317  28.319  28.757  40.636
 40.654  40.674  40.735  40.746  40.748  40.754  40.788  40.793
 40.794  40.904  40.912  40.912  40.917  40.919  40.933  40.953
 40.967  41.009  41.017  41.026  41.030  41.047  41.118  41.119
 --------------------------------------------------------------
 
          Ground-State Mulliken Net Atomic Charges

     Atom                 Charge (a.u.)    Spin (a.u.)
  --------------------------------------------------------
      1 C                     0.434564      -0.065184
      2 C                    -0.143151       0.370916
      3 C                    -0.193330       0.190589
      4 C                    -0.169736       0.276755
      5 C                    -0.171659       0.268464
      6 H                     0.156769      -0.012554
      7 H                     0.156923      -0.012271
      8 H                     0.154509       0.001371
      9 H                     0.154779       0.002099
     10 H                     0.152835      -0.010966
     11 H                     0.157463       0.000236
     12 H                     0.152617      -0.010554
     13 H                     0.157417       0.001099
  --------------------------------------------------------
  Sum of atomic charges =     1.000000
  Sum of spin   charges =     1.000000

 -----------------------------------------------------------------
                    Cartesian Multipole Moments
 -----------------------------------------------------------------
    Charge (ESU x 10^10)
                 4.8032
    Dipole Moment (Debye)
         X       0.0549      Y       0.1802      Z       4.7944
       Tot       4.7981
    Quadrupole Moments (Debye-Ang)
        XX     -18.1694     XY       0.2626     YY     -23.7600
        XZ       0.0159     YZ       0.1821     ZZ     -19.0523
    Octapole Moments (Debye-Ang^2)
       XXX       0.1975    XXY       0.1740    XYY       2.3929
       YYY       0.0081    XXZ     -18.2181    XYZ       0.2632
       YYZ     -23.7947    XZZ      -2.2732    YZZ       0.3984
       ZZZ     -66.6677
    Hexadecapole Moments (Debye-Ang^3)
      XXXX    -273.3305   XXXY       1.3677   XXYY     -47.9607
      XYYY      -0.0735   YYYY     -90.8817   XXXZ       1.4253
      XXYZ       0.1737   XYYZ       2.6153   YYYZ       0.0139
      XXZZ     -66.4031   XYZZ       0.2671   YYZZ     -46.4196
      XZZZ      -6.3316   YZZZ       0.8344   ZZZZ    -229.0858
 -----------------------------------------------------------------
 Total job time:  1373.23s(wall), 1361.85s(cpu) 
 Sun Mar 23 19:35:55 2014

        *************************************************************
        *                                                           *
        *  Thank you very much for using Q-Chem.  Have a nice day.  *
        *                                                           *
        *************************************************************


0 sent ACK to 0 
now end server 0 ... 
