Process 0 of 1 is on cl145.stfx.acenet.ca - thread support 1
initial socket setup ...start
initial socket setup ...done 
now start server 0 ... 

cmd = /usr/bin/ssh clhead /usr/local/qchem/bin/get_hostid 798295525 > /scratch/tmp/6027731.1.medium.q/qchem17623/lic.dat
                  Welcome to Q-Chem
     A Quantum Leap Into The Future Of Chemistry

 Y. Shao, L. Fusti-Molnar, Y. Jung, J. Kussmann, C. Ochsenfeld,
 S. T. Brown, A. T. B. Gilbert, L. V. Slipchenko,S. V. Levchenko,
 D. P. O'Neill, R. A. DiStasio Jr., R. C. Lochan, T. Wang,
 G. J. O. Beran, N. A. Besley, J. M. Herbert, C. Y. Lin,
 T. Van Voorhis, S. H. Chien, A. Sodt, R. P. Steele, 
 V. A. Rassolov, P. E. Maslen, P. P. Korambath, R. D. Adamson,
 B. Austin, J. Baker, E. F. C. Byrd, H. Dachsel, R. J. Doerksen,
 A. Dreuw, B. D. Dunietz, A. D. Dutoi, T. R. Furlani,
 S. R. Gwaltney, A. Heyden, S. Hirata, C.-P. Hsu, G. Kedziora,
 R. Z. Khaliullin, P. Klunzinger, A. M. Lee, M. S. Lee, W. Liang,
 I. Lotan, N. Nair, B. Peters, E. I. Proynov, P. A. Pieniazek, 
 Y. M. Rhee, J. Ritchie, E. Rosta, C. D. Sherrill, 
 A. C. Simmonett, J. E. Subotnik, H. L. Woodcock III,
 W. Zhang, A. T. Bell, A. K. Chakraborty, D. M. Chipman,
 F. J. Keil, A. Warshel, W. J. Hehre, H. F. Schaefer III,
 J. Kong, A. I. Krylov, P. M. W. Gill, M. Head-Gordon,
 Q-Chem, Version 3.1, Q-Chem, Inc., Pittsburgh, PA (2007).

 Additional authors for Version 3.1: 
 Z. Gan, Y. Zhao, N. E. Schultz, D. Truhlar, E. Epifanovsky and M. Oana.

 Additional authors for Version 3.2: 
 R. Baer, B. R. Brooks, D. Casanova, J.-D. Chai, C.-L. Cheng, 
 C. Cramer, D. Crittenden, A. Ghysels, G. Hawkins, E. G. Hohenstein, 
 C. Kelley, W. Kurlancheek, D. Liotard, E. Livshits, P. Manohar, 
 A. Marenich, D. Neuhauser, R. Olson, M. A. Rohrdanz, K. S. Thanthiriwatte, 
 A. J. W. Thom, V. Vanovschi, C. F. Williams, Q. Wu and Z.-Q. You. 


 Intel X86 Linux Version

 Q-chem begins on Mon Jun  3 17:03:52 2013  

 Parallel job on  1  processors
Processing $rem in /usr/local/qchem/config/preferences.

theFileMan(): MAXOPENFILES=974 MAX_SUB_FILE_NUM=16
Maximum size of a physical file is 2.0 GB, maximum size of a tmp-file is 32.0 GB


--------------------------------------------------------------
User input:
--------------------------------------------------------------

$molecule
-1,2
O
C1,O,r1
H1,C1,r2,O,a1
H,O,roh,C1,aoh,H1,toh,0
C2,C1,r3a,O,a2a,H1,t1a,0
C3,C1,r3b,O,a2b,H1,-t1b,0
H,C2,r4a,C1,a4a,H1,t2a,0
H,C3,r5a,C1,a5a,H1,-t2b,0
H,C2,r4b,C1,a4b,H1,t3a,0
H,C3,r5b,C1,a5b,H1,-t3b,0
H,C2,r4c,C1,a4c,H1,-t4a,0
H,C3,r5c,C1,a5c,H1,t4b,0

r1=1.43111827
r2=1.9557364
roh=2.07916264
r3a=1.52393712
r3b=1.53017411
r4a=1.09587708
r5a=1.09583825
r4b=1.09448657
r5b=1.09801539
r4c=1.0954512
r5c=1.0964078
a1=28.22171182
aoh=30.02045037
a2a=106.21524706
a2b=111.13113306
a4a=110.2041443
a5a=110.24366741
a4b=110.29321839
a5b=111.03931704
a4c=110.82961388
a5c=111.23833611
toh=-62.32359188
t1a=179.44473237
t1b=57.80032287
t2a=63.0172795
t2b=83.272013
t3a=-56.37337218
t3b=-36.4963859
t4a=176.72748761
t4b=156.21533884

$end

$comment
negative
$end

$xc_functional
C PBE   1.00
X wPBE  1.00
$end

$rem
SYMMETRY_DECOMPOSITION	0
exchange 		general
LRC_DFT                 true
BASIS                   g3large
omega			2000
mem_static              760
max_scf_cycles          200
scf_final_print         1
sym_ignore              true
$end

--------------------------------------------------------------
 Writing REM_CC_EA           12
 ----------------------------------------------------
       Standard Nuclear Orientation (Angstroms)
    I     Atom         X            Y            Z
 ----------------------------------------------------
    1      O       0.000000     0.000000     0.000000
    2      C       0.000000     0.000000     1.431118
    3      H       0.924838     0.000000    -0.292129
    4      H       0.483161     0.921207     1.800236
    5      C      -1.463245     0.014181     1.856673
    6      C       0.760558    -1.207760     1.982752
    7      H      -1.967442    -0.894454     1.508657
    8      H       0.298586    -2.138301     1.634130
    9      H      -1.976608     0.877600     1.422084
   10      H       1.806714    -1.200668     1.649367
   11      H      -1.551233     0.066921     2.947310
   12      H       0.763328    -1.208441     3.079156
 ----------------------------------------------------
 Nuclear Repulsion Energy =   134.3979926221 hartrees
 There are       18 alpha and       17 beta electrons
 Requested basis set is G3large
 There are 88 shells and 248 basis functions

Total QAlloc Memory Limit   2000 MB
Mega-Array Size       743 MB
MEM_STATIC part       760 MB

                       Distance Matrix (Angstroms)
             O (  1)   C (  2)   H (  3)   H (  4)   C (  5)   C (  6)
   C (  2)  1.431118
   H (  3)  0.969878  1.955736
   H (  4)  2.079163  1.103773  2.328453
   C (  5)  2.364005  1.523937  3.212552  2.148110
   C (  6)  2.443039  1.530174  2.580844  2.154707  2.540539
   H (  7)  2.635701  2.162611  3.522521  3.063836  1.095877  2.786558
   H (  8)  2.707742  2.168571  2.945335  3.069568  2.790476  1.095838
   H (  9)  2.588336  2.162693  3.482398  2.489048  1.094487  3.486424
   H ( 10)  2.725111  2.180241  2.447185  2.505376  3.494491  1.098015
   H ( 11)  3.331282  2.170171  4.077912  2.486833  1.095451  2.810617
   H ( 12)  3.394731  2.181519  3.584965  2.499906  2.819024  1.096408
             H (  7)   H (  8)   H (  9)   H ( 10)   H ( 11)
   H (  8)  2.588007
   H (  9)  1.774192  3.783799
   H ( 10)  3.789170  1.775904  4.322543
   H ( 11)  1.779661  3.163745  1.778892  3.816706
   H ( 12)  3.165779  1.780091  3.821610  1.770031  2.645964
 
 A cutoff of  1.0D-08 yielded   3639 shell pairs
 There are  28920 function pairs ( 34904 Cartesian)
Evaluating contribution to one-electron hamiltonian from nuclear
 Smallest overlap matrix eigenvalue = 4.89E-05

 Q-Chem warning in module mkSTV.C, line 194:

 Overlap eigenvalue is smaller than square root of threshold

 Multipole matrices computed through 2nd order

  Scale SEOQF with 1.000000e-01/1.000000e-01/1.000000e-01

 Standard Electronic Orientation quadrupole field applied
 Nucleus-field energy     =    -0.0000000069 hartrees
 Guess from superposition of atomic densities
 Warning:  Energy on first SCF cycle will be non-variational
 Long-range K will be added via erf
 Coulomb attenuation parameter = 2 bohr**(-1)
 An unrestricted Kohn-Sham SCF calculation will be
 performed using Pulay DIIS extrapolation
 Exchange:  wPBE + LR-HF      Correlation:  PBE
 Using SG-1 standard quadrature grid
 SCF converges when DIIS error is below 1.0E-05
 Requested basis set is G3large
 There are 88 shells and 248 basis functions
 A cutoff of  1.0D-08 yielded   3639 shell pairs
 There are  28920 function pairs ( 34904 Cartesian)
 Warning!  Inaccurate integrated density:
   Number of electrons =    35
   Numerical integral  =    34.000227111547
   Relative error      =    -2.8564939670 %
 ---------------------------------------
  Cycle       Energy         DIIS Error
 ---------------------------------------
    1    -195.4017471687      2.92E-02
    2    -194.1324695794      3.52E-03
    3    -194.2455600684      1.78E-03
    4    -194.2684857047      5.06E-04
    5    -194.2731154618      1.45E-04
    6    -194.2739398307      5.43E-05
    7    -194.2742628732      2.78E-05
    8    -194.2744707376      1.97E-05
    9    -194.2746398517      1.34E-05
   10    -194.2747499059      6.06E-06 Convergence criterion met
 ---------------------------------------
 One-Electron    Energy =  -533.3403911020
 Total Coulomb   Energy =   232.5484511141
 Alpha Exchange  Energy =    -8.8840783509
 Beta  Exchange  Energy =    -8.8027335862
 DFT   Exchange  Energy =    -9.0740164174
 DFT Correlation Energy =    -1.1199741786
 Nuclear Repu.   Energy =   134.3979926152
 Nuclear Attr.   Energy =  -726.3043510704
 Kinetic         Energy =   192.9639599683
 <S^2> = 0.7501
 SCF time:  CPU 269.20 s  wall 270.01 s
 Final Alpha MO Eigenvalues
            1           2           3           4           5           6
    1 -19.5833803 -10.7332681 -10.6753579 -10.6601258  -1.2498436  -0.9451520
            7           8           9          10          11          12
    1  -0.8436439  -0.7035854  -0.5990637  -0.5317596  -0.5078481  -0.4478051
           13          14          15          16          17          18
    1  -0.4460956  -0.4341176  -0.4118263  -0.3747660  -0.3367393   0.0270835
           19          20          21          22          23
    1   0.1314697   0.1402890   0.1440284   0.1690031   0.1758191
 Final Beta MO Eigenvalues
            1           2           3           4           5           6
    1 -19.5831336 -10.7330077 -10.6752856 -10.6595776  -1.2486274  -0.9440446
            7           8           9          10          11          12
    1  -0.8421354  -0.7019101  -0.5974573  -0.5301291  -0.5074415  -0.4474181
           13          14          15          16          17          18
    1  -0.4459611  -0.4337406  -0.4113004  -0.3740892  -0.3357610   0.1320862
           19          20          21          22
    1   0.1498742   0.1538996   0.1579758   0.1737331
 Analysis of SCF Wavefunction
 
 --------------------------------------------------------------
                    Orbital Energies (a.u.)
 --------------------------------------------------------------
 
 Alpha MOs
 -- Occupied --
-19.583 -10.733 -10.675 -10.660  -1.250  -0.945  -0.844  -0.704
 -0.599  -0.532  -0.508  -0.448  -0.446  -0.434  -0.412  -0.375
 -0.337   0.027
 -- Virtual --
  0.131   0.140   0.144   0.169   0.176   0.179   0.188   0.238
  0.244   0.267   0.277   0.279   0.283   0.284   0.298   0.305
  0.308   0.328   0.345   0.381   0.398   0.415   0.422   0.438
  0.444   0.470   0.484   0.489   0.499   0.507   0.523   0.556
  0.573   0.592   0.648   0.668   0.702   0.726   0.742   0.747
  0.796   0.821   0.826   0.837   0.840   0.851   0.865   0.891
  0.903   0.917   0.922   0.945   0.957   0.981   1.021   1.069
  1.085   1.137   1.142   1.187   1.215   1.238   1.259   1.283
  1.322   1.354   1.369   1.398   1.420   1.436   1.459   1.479
  1.492   1.515   1.530   1.572   1.598   1.612   1.626   1.639
  1.650   1.664   1.692   1.718   1.766   1.783   1.794   1.814
  1.826   1.866   1.876   1.911   1.932   1.940   1.981   1.986
  2.136   2.240   2.421   2.454   2.671   2.722   2.792   2.916
  2.943   2.981   2.988   3.058   3.102   3.126   3.220   3.246
  3.270   3.289   3.332   3.357   3.368   3.416   3.440   3.535
  3.552   3.586   3.592   3.630   3.654   3.720   3.753   3.765
  3.777   3.795   3.851   3.876   3.968   3.983   3.989   4.012
  4.032   4.094   4.137   4.150   4.192   4.213   4.255   4.277
  4.319   4.356   4.426   4.430   4.447   4.461   4.490   4.561
  4.597   4.640   4.643   4.661   4.670   4.688   4.741   4.771
  4.779   4.785   4.869   4.891   4.932   4.997   5.021   5.054
  5.063   5.105   5.168   5.300   5.634   5.676   5.748   5.785
  5.874   5.902   5.996   6.037   6.079   6.123   6.148   6.168
  6.186   6.361   6.448   6.998   7.587   7.724   7.824   7.869
  8.153   8.276  24.909  25.018  25.121  28.347  28.518  28.820
 28.861  28.891  28.912  28.926  29.109  29.217  41.748  41.798
 41.809  41.816  41.848  41.852  41.903  41.934  41.948  41.963
 41.966  41.994  41.996  42.032  42.065  44.663  44.700  44.735
 44.780  44.849  46.567  46.879  47.249  50.822
 
 Beta MOs
 -- Occupied --
-19.583 -10.733 -10.675 -10.660  -1.249  -0.944  -0.842  -0.702
 -0.597  -0.530  -0.507  -0.447  -0.446  -0.434  -0.411  -0.374
 -0.336
 -- Virtual --
  0.132   0.150   0.154   0.158   0.174   0.183   0.186   0.194
  0.238   0.244   0.264   0.276   0.277   0.281   0.286   0.298
  0.306   0.309   0.327   0.344   0.381   0.397   0.415   0.422
  0.436   0.443   0.468   0.483   0.489   0.497   0.506   0.519
  0.554   0.571   0.590   0.647   0.666   0.701   0.725   0.741
  0.746   0.794   0.821   0.826   0.836   0.838   0.848   0.865
  0.890   0.902   0.915   0.921   0.945   0.955   0.981   1.021
  1.069   1.085   1.137   1.142   1.187   1.215   1.238   1.258
  1.283   1.322   1.354   1.369   1.398   1.420   1.435   1.458
  1.478   1.491   1.515   1.530   1.572   1.598   1.612   1.626
  1.639   1.650   1.664   1.691   1.718   1.766   1.783   1.793
  1.814   1.825   1.866   1.876   1.911   1.932   1.939   1.981
  1.986   2.136   2.240   2.421   2.454   2.671   2.722   2.792
  2.916   2.943   2.981   2.988   3.058   3.102   3.126   3.220
  3.246   3.270   3.289   3.332   3.358   3.368   3.416   3.440
  3.535   3.552   3.586   3.592   3.630   3.654   3.720   3.753
  3.765   3.777   3.795   3.851   3.877   3.968   3.983   3.990
  4.013   4.032   4.095   4.137   4.150   4.192   4.213   4.255
  4.277   4.319   4.356   4.426   4.430   4.447   4.461   4.490
  4.561   4.597   4.640   4.643   4.661   4.670   4.688   4.742
  4.771   4.779   4.785   4.869   4.891   4.932   4.997   5.021
  5.054   5.063   5.105   5.168   5.300   5.634   5.676   5.749
  5.785   5.874   5.902   5.996   6.037   6.080   6.123   6.148
  6.169   6.186   6.361   6.448   6.999   7.588   7.724   7.824
  7.870   8.154   8.276  24.910  25.018  25.121  28.347  28.518
 28.820  28.861  28.891  28.912  28.926  29.110  29.217  41.748
 41.799  41.810  41.816  41.848  41.852  41.903  41.935  41.948
 41.963  41.966  41.994  41.996  42.032  42.065  44.663  44.700
 44.735  44.780  44.849  46.567  46.879  47.250  50.822
 --------------------------------------------------------------
 
          Ground-State Mulliken Net Atomic Charges

     Atom                 Charge (a.u.)    Spin (a.u.)
  --------------------------------------------------------
      1 O                    -0.420626       0.069449
      2 C                     0.133426      -0.040757
      3 H                    -0.180766       0.462318
      4 H                    -0.879384       0.943198
      5 C                     0.507139      -0.753583
      6 C                     2.201885      -2.426906
      7 H                     0.056451       0.007911
      8 H                    -0.227197       0.294079
      9 H                    -0.095997       0.169309
     10 H                    -1.625669       1.704687
     11 H                    -0.086731       0.138981
     12 H                    -0.382531       0.431314
  --------------------------------------------------------
  Sum of atomic charges =    -1.000000
  Sum of spin   charges =     1.000000

 -----------------------------------------------------------------
                    Cartesian Multipole Moments
 -----------------------------------------------------------------
    Charge (ESU x 10^10)
                -4.8032
    Dipole Moment (Debye)
         X      -8.0064      Y       0.8213      Z      -6.3039
       Tot      10.2233
    Quadrupole Moments (Debye-Ang)
        XX     -65.8957     XY       4.7463     YY     -49.7471
        XZ     -12.1717     YZ       0.5535     ZZ     -62.5194
    Octapole Moments (Debye-Ang^2)
       XXX    -122.8260    XXY      27.5489    XYY     -34.0715
       YYY      41.5772    XXZ     -95.4370    XYZ       5.6636
       YYZ     -75.9469    XZZ     -48.1944    YZZ      16.1794
       ZZZ    -251.4784
    Hexadecapole Moments (Debye-Ang^3)
      XXXX    -856.5096   XXXY     122.6360   XXYY    -208.8935
      XYYY      78.7049   YYYY    -409.2768   XXXZ    -151.1923
      XXYZ      42.2433   XYYZ     -43.4690   YYYZ      74.1018
      XXZZ    -347.2118   XYZZ      33.6188   YYZZ    -266.6110
      XZZZ    -143.5757   YZZZ      86.3744   ZZZZ   -1210.7131
 -----------------------------------------------------------------
 Total job time:  270.36s(wall), 269.54s(cpu) 
 Mon Jun  3 17:08:22 2013

        *************************************************************
        *                                                           *
        *  Thank you very much for using Q-Chem.  Have a nice day.  *
        *                                                           *
        *************************************************************


0 sent ACK to 0 
now end server 0 ... 
 
**********************************************************************
Job 2 of 3 
**********************************************************************
 
Process 0 of 1 is on cl145.stfx.acenet.ca - thread support 1
initial socket setup ...start
initial socket setup ...done 
now start server 0 ... 

cmd = /usr/bin/ssh clhead /usr/local/qchem/bin/get_hostid 1223377064 > /scratch/tmp/6027731.1.medium.q/qchem17623/lic.dat
                  Welcome to Q-Chem
     A Quantum Leap Into The Future Of Chemistry

 Y. Shao, L. Fusti-Molnar, Y. Jung, J. Kussmann, C. Ochsenfeld,
 S. T. Brown, A. T. B. Gilbert, L. V. Slipchenko,S. V. Levchenko,
 D. P. O'Neill, R. A. DiStasio Jr., R. C. Lochan, T. Wang,
 G. J. O. Beran, N. A. Besley, J. M. Herbert, C. Y. Lin,
 T. Van Voorhis, S. H. Chien, A. Sodt, R. P. Steele, 
 V. A. Rassolov, P. E. Maslen, P. P. Korambath, R. D. Adamson,
 B. Austin, J. Baker, E. F. C. Byrd, H. Dachsel, R. J. Doerksen,
 A. Dreuw, B. D. Dunietz, A. D. Dutoi, T. R. Furlani,
 S. R. Gwaltney, A. Heyden, S. Hirata, C.-P. Hsu, G. Kedziora,
 R. Z. Khaliullin, P. Klunzinger, A. M. Lee, M. S. Lee, W. Liang,
 I. Lotan, N. Nair, B. Peters, E. I. Proynov, P. A. Pieniazek, 
 Y. M. Rhee, J. Ritchie, E. Rosta, C. D. Sherrill, 
 A. C. Simmonett, J. E. Subotnik, H. L. Woodcock III,
 W. Zhang, A. T. Bell, A. K. Chakraborty, D. M. Chipman,
 F. J. Keil, A. Warshel, W. J. Hehre, H. F. Schaefer III,
 J. Kong, A. I. Krylov, P. M. W. Gill, M. Head-Gordon,
 Q-Chem, Version 3.1, Q-Chem, Inc., Pittsburgh, PA (2007).

 Additional authors for Version 3.1: 
 Z. Gan, Y. Zhao, N. E. Schultz, D. Truhlar, E. Epifanovsky and M. Oana.

 Additional authors for Version 3.2: 
 R. Baer, B. R. Brooks, D. Casanova, J.-D. Chai, C.-L. Cheng, 
 C. Cramer, D. Crittenden, A. Ghysels, G. Hawkins, E. G. Hohenstein, 
 C. Kelley, W. Kurlancheek, D. Liotard, E. Livshits, P. Manohar, 
 A. Marenich, D. Neuhauser, R. Olson, M. A. Rohrdanz, K. S. Thanthiriwatte, 
 A. J. W. Thom, V. Vanovschi, C. F. Williams, Q. Wu and Z.-Q. You. 


 Intel X86 Linux Version

 Q-chem begins on Mon Jun  3 17:08:26 2013  

 Parallel job on  1  processors
Processing $rem in /usr/local/qchem/config/preferences.

theFileMan(): MAXOPENFILES=974 MAX_SUB_FILE_NUM=16
Maximum size of a physical file is 2.0 GB, maximum size of a tmp-file is 32.0 GB


--------------------------------------------------------------
User input:
--------------------------------------------------------------

$molecule
0,1
O
C1,O,r1
H1,C1,r2,O,a1
H,O,roh,C1,aoh,H1,toh,0
C2,C1,r3a,O,a2a,H1,t1a,0
C3,C1,r3b,O,a2b,H1,-t1b,0
H,C2,r4a,C1,a4a,H1,t2a,0
H,C3,r5a,C1,a5a,H1,-t2b,0
H,C2,r4b,C1,a4b,H1,t3a,0
H,C3,r5b,C1,a5b,H1,-t3b,0
H,C2,r4c,C1,a4c,H1,-t4a,0
H,C3,r5c,C1,a5c,H1,t4b,0

r1=1.43111827
r2=1.9557364
roh=2.07916264
r3a=1.52393712
r3b=1.53017411
r4a=1.09587708
r5a=1.09583825
r4b=1.09448657
r5b=1.09801539
r4c=1.0954512
r5c=1.0964078
a1=28.22171182
aoh=30.02045037
a2a=106.21524706
a2b=111.13113306
a4a=110.2041443
a5a=110.24366741
a4b=110.29321839
a5b=111.03931704
a4c=110.82961388
a5c=111.23833611
toh=-62.32359188
t1a=179.44473237
t1b=57.80032287
t2a=63.0172795
t2b=83.272013
t3a=-56.37337218
t3b=-36.4963859
t4a=176.72748761
t4b=156.21533884

$end

$comment
neutral
$end

$xc_functional
C PBE   1.00
X wPBE  1.00
$end


$rem
SYMMETRY_DECOMPOSITION	0
LRC_DFT                 true
exchange 		general
BASIS                   g3large
omega			2000
mem_static              760
max_scf_cycles          200
scf_final_print         1
sym_ignore              true
$end

--------------------------------------------------------------
 Writing REM_CC_EA           12
 ----------------------------------------------------
       Standard Nuclear Orientation (Angstroms)
    I     Atom         X            Y            Z
 ----------------------------------------------------
    1      O       0.000000     0.000000     0.000000
    2      C       0.000000     0.000000     1.431118
    3      H       0.924838     0.000000    -0.292129
    4      H       0.483161     0.921207     1.800236
    5      C      -1.463245     0.014181     1.856673
    6      C       0.760558    -1.207760     1.982752
    7      H      -1.967442    -0.894454     1.508657
    8      H       0.298586    -2.138301     1.634130
    9      H      -1.976608     0.877600     1.422084
   10      H       1.806714    -1.200668     1.649367
   11      H      -1.551233     0.066921     2.947310
   12      H       0.763328    -1.208441     3.079156
 ----------------------------------------------------
 Nuclear Repulsion Energy =   134.3979926221 hartrees
 There are       17 alpha and       17 beta electrons
 Requested basis set is G3large
 There are 88 shells and 248 basis functions

Total QAlloc Memory Limit   2000 MB
Mega-Array Size       743 MB
MEM_STATIC part       760 MB

                       Distance Matrix (Angstroms)
             O (  1)   C (  2)   H (  3)   H (  4)   C (  5)   C (  6)
   C (  2)  1.431118
   H (  3)  0.969878  1.955736
   H (  4)  2.079163  1.103773  2.328453
   C (  5)  2.364005  1.523937  3.212552  2.148110
   C (  6)  2.443039  1.530174  2.580844  2.154707  2.540539
   H (  7)  2.635701  2.162611  3.522521  3.063836  1.095877  2.786558
   H (  8)  2.707742  2.168571  2.945335  3.069568  2.790476  1.095838
   H (  9)  2.588336  2.162693  3.482398  2.489048  1.094487  3.486424
   H ( 10)  2.725111  2.180241  2.447185  2.505376  3.494491  1.098015
   H ( 11)  3.331282  2.170171  4.077912  2.486833  1.095451  2.810617
   H ( 12)  3.394731  2.181519  3.584965  2.499906  2.819024  1.096408
             H (  7)   H (  8)   H (  9)   H ( 10)   H ( 11)
   H (  8)  2.588007
   H (  9)  1.774192  3.783799
   H ( 10)  3.789170  1.775904  4.322543
   H ( 11)  1.779661  3.163745  1.778892  3.816706
   H ( 12)  3.165779  1.780091  3.821610  1.770031  2.645964
 
 A cutoff of  1.0D-08 yielded   3639 shell pairs
 There are  28920 function pairs ( 34904 Cartesian)
Evaluating contribution to one-electron hamiltonian from nuclear
 Smallest overlap matrix eigenvalue = 4.89E-05

 Q-Chem warning in module mkSTV.C, line 194:

 Overlap eigenvalue is smaller than square root of threshold

 Multipole matrices computed through 2nd order

  Scale SEOQF with 1.000000e-01/1.000000e-01/1.000000e-01

 Standard Electronic Orientation quadrupole field applied
 Nucleus-field energy     =    -0.0000000069 hartrees
 Guess from superposition of atomic densities
 Warning:  Energy on first SCF cycle will be non-variational
 Long-range K will be added via erf
 Coulomb attenuation parameter = 2 bohr**(-1)
 A restricted Kohn-Sham SCF calculation will be
 performed using Pulay DIIS extrapolation
 Exchange:  wPBE + LR-HF      Correlation:  PBE
 Using SG-1 standard quadrature grid
 SCF converges when DIIS error is below 1.0E-05
 Requested basis set is G3large
 There are 88 shells and 248 basis functions
 A cutoff of  1.0D-08 yielded   3639 shell pairs
 There are  28920 function pairs ( 34904 Cartesian)
 ---------------------------------------
  Cycle       Energy         DIIS Error
 ---------------------------------------
    1    -195.4017471687      2.92E-02
    2    -194.1960955628      3.41E-03
    3    -194.2893381140      1.52E-03
    4    -194.3038312397      5.06E-04
    5    -194.3062325652      1.19E-04
    6    -194.3064221999      3.61E-05
    7    -194.3064395168      1.03E-05
    8    -194.3064423494      2.81E-06 Convergence criterion met
 ---------------------------------------
 One-Electron    Energy =  -528.9580639227
 Total Coulomb   Energy =   228.0552308857
 Alpha Exchange  Energy =    -8.8080035091
 Beta  Exchange  Energy =    -8.8080035091
 DFT   Exchange  Energy =    -9.0729841132
 DFT Correlation Energy =    -1.1126107963
 Nuclear Repu.   Energy =   134.3979926152
 Nuclear Attr.   Energy =  -721.8612737198
 Kinetic         Energy =   192.9032097971
 SCF time:  CPU 163.43 s  wall 163.93 s
 Final Alpha MO Eigenvalues
            1           2           3           4           5           6
    1 -19.7171705 -10.8661299 -10.7995299 -10.7919940  -1.3825866  -1.0737232
            7           8           9          10          11          12
    1  -0.9715302  -0.8321346  -0.7302074  -0.6612898  -0.6393461  -0.5789504
           13          14          15          16          17          18
    1  -0.5667758  -0.5608952  -0.5431683  -0.5048151  -0.4690183   0.0383829
           19          20          21          22
    1   0.0554700   0.0580885   0.0631529   0.0835267
 Analysis of SCF Wavefunction
 
 --------------------------------------------------------------
                    Orbital Energies (a.u.)
 --------------------------------------------------------------
 
 Alpha MOs
 -- Occupied --
-19.717 -10.866 -10.800 -10.792  -1.383  -1.074  -0.972  -0.832
 -0.730  -0.661  -0.639  -0.579  -0.567  -0.561  -0.543  -0.505
 -0.469
 -- Virtual --
  0.038   0.055   0.058   0.063   0.084   0.086   0.093   0.098
  0.136   0.145   0.163   0.171   0.176   0.178   0.183   0.191
  0.199   0.203   0.228   0.236   0.267   0.280   0.294   0.303
  0.320   0.324   0.348   0.366   0.371   0.383   0.389   0.408
  0.433   0.453   0.473   0.528   0.547   0.578   0.599   0.620
  0.628   0.673   0.698   0.706   0.712   0.716   0.720   0.738
  0.762   0.779   0.787   0.795   0.827   0.832   0.851   0.896
  0.941   0.957   1.010   1.013   1.058   1.087   1.111   1.131
  1.154   1.195   1.230   1.242   1.269   1.293   1.312   1.329
  1.351   1.366   1.387   1.404   1.449   1.468   1.483   1.499
  1.515   1.520   1.538   1.561   1.587   1.637   1.658   1.664
  1.686   1.703   1.737   1.750   1.783   1.805   1.812   1.849
  1.858   2.008   2.108   2.290   2.323   2.540   2.590   2.666
  2.785   2.811   2.854   2.862   2.926   2.977   2.997   3.091
  3.116   3.140   3.158   3.207   3.228   3.239   3.286   3.312
  3.409   3.419   3.462   3.464   3.501   3.523   3.594   3.625
  3.633   3.651   3.665   3.722   3.747   3.839   3.850   3.867
  3.887   3.899   3.964   4.005   4.020   4.059   4.081   4.123
  4.151   4.189   4.227   4.291   4.301   4.319   4.335   4.364
  4.432   4.465   4.508   4.513   4.535   4.545   4.558   4.610
  4.638   4.652   4.653   4.744   4.759   4.804   4.867   4.898
  4.918   4.939   4.974   5.039   5.171   5.502   5.545   5.617
  5.653   5.748   5.769   5.864   5.906   5.947   5.991   6.025
  6.039   6.058   6.228   6.316   6.866   7.455   7.588   7.691
  7.737   8.021   8.144  24.779  24.890  24.991  28.216  28.388
 28.687  28.736  28.760  28.786  28.796  28.979  29.087  41.618
 41.667  41.677  41.692  41.712  41.728  41.770  41.804  41.823
 41.827  41.837  41.857  41.876  41.913  41.928  44.529  44.566
 44.602  44.646  44.715  46.433  46.745  47.115  50.688
 --------------------------------------------------------------
 
          Ground-State Mulliken Net Atomic Charges

     Atom                 Charge (a.u.)
  ----------------------------------------
      1 O                    -0.326888
      2 C                     0.075991
      3 H                     0.258540
      4 H                     0.049561
      5 C                    -0.232546
      6 C                    -0.236961
      7 H                     0.078872
      8 H                     0.091727
      9 H                     0.084351
     10 H                     0.050512
     11 H                     0.052774
     12 H                     0.054065
  ----------------------------------------
  Sum of atomic charges =     0.000000

 -----------------------------------------------------------------
                    Cartesian Multipole Moments
 -----------------------------------------------------------------
    Charge (ESU x 10^10)
                 0.0000
    Dipole Moment (Debye)
         X       1.3807      Y      -0.0627      Z       1.1973
       Tot       1.8286
    Quadrupole Moments (Debye-Ang)
        XX     -24.2045     XY       0.1308     YY     -26.1834
        XZ      -0.9670     YZ      -0.0320     ZZ     -24.0950
    Octapole Moments (Debye-Ang^2)
       XXX      16.1587    XXY       9.0010    XYY       3.5440
       YYY      26.0320    XXZ     -37.7572    XYZ       0.2267
       YYZ     -36.5904    XZZ       4.8232    YZZ       8.8443
       ZZZ    -105.1104
    Hexadecapole Moments (Debye-Ang^3)
      XXXX    -173.5308   XXXY      21.3952   XXYY     -47.2610
      XYYY      24.5104   YYYY    -112.6353   XXXZ      27.5158
      XXYZ      18.3274   XYYZ       8.2936   YYYZ      54.2908
      XXZZ    -107.0605   XYZZ       7.5092   YYZZ     -96.5767
      XZZZ      25.7631   YZZZ      52.2647   ZZZZ    -427.1971
 -----------------------------------------------------------------
 Total job time:  164.25s(wall), 163.74s(cpu) 
 Mon Jun  3 17:11:10 2013

        *************************************************************
        *                                                           *
        *  Thank you very much for using Q-Chem.  Have a nice day.  *
        *                                                           *
        *************************************************************


0 sent ACK to 0 
now end server 0 ... 
 
**********************************************************************
Job 3 of 3 
**********************************************************************
 
Process 0 of 1 is on cl145.stfx.acenet.ca - thread support 1
initial socket setup ...start
initial socket setup ...done 
now start server 0 ... 

cmd = /usr/bin/ssh clhead /usr/local/qchem/bin/get_hostid 1661585228 > /scratch/tmp/6027731.1.medium.q/qchem17623/lic.dat
                  Welcome to Q-Chem
     A Quantum Leap Into The Future Of Chemistry

 Y. Shao, L. Fusti-Molnar, Y. Jung, J. Kussmann, C. Ochsenfeld,
 S. T. Brown, A. T. B. Gilbert, L. V. Slipchenko,S. V. Levchenko,
 D. P. O'Neill, R. A. DiStasio Jr., R. C. Lochan, T. Wang,
 G. J. O. Beran, N. A. Besley, J. M. Herbert, C. Y. Lin,
 T. Van Voorhis, S. H. Chien, A. Sodt, R. P. Steele, 
 V. A. Rassolov, P. E. Maslen, P. P. Korambath, R. D. Adamson,
 B. Austin, J. Baker, E. F. C. Byrd, H. Dachsel, R. J. Doerksen,
 A. Dreuw, B. D. Dunietz, A. D. Dutoi, T. R. Furlani,
 S. R. Gwaltney, A. Heyden, S. Hirata, C.-P. Hsu, G. Kedziora,
 R. Z. Khaliullin, P. Klunzinger, A. M. Lee, M. S. Lee, W. Liang,
 I. Lotan, N. Nair, B. Peters, E. I. Proynov, P. A. Pieniazek, 
 Y. M. Rhee, J. Ritchie, E. Rosta, C. D. Sherrill, 
 A. C. Simmonett, J. E. Subotnik, H. L. Woodcock III,
 W. Zhang, A. T. Bell, A. K. Chakraborty, D. M. Chipman,
 F. J. Keil, A. Warshel, W. J. Hehre, H. F. Schaefer III,
 J. Kong, A. I. Krylov, P. M. W. Gill, M. Head-Gordon,
 Q-Chem, Version 3.1, Q-Chem, Inc., Pittsburgh, PA (2007).

 Additional authors for Version 3.1: 
 Z. Gan, Y. Zhao, N. E. Schultz, D. Truhlar, E. Epifanovsky and M. Oana.

 Additional authors for Version 3.2: 
 R. Baer, B. R. Brooks, D. Casanova, J.-D. Chai, C.-L. Cheng, 
 C. Cramer, D. Crittenden, A. Ghysels, G. Hawkins, E. G. Hohenstein, 
 C. Kelley, W. Kurlancheek, D. Liotard, E. Livshits, P. Manohar, 
 A. Marenich, D. Neuhauser, R. Olson, M. A. Rohrdanz, K. S. Thanthiriwatte, 
 A. J. W. Thom, V. Vanovschi, C. F. Williams, Q. Wu and Z.-Q. You. 


 Intel X86 Linux Version

 Q-chem begins on Mon Jun  3 17:11:14 2013  

 Parallel job on  1  processors
Processing $rem in /usr/local/qchem/config/preferences.

theFileMan(): MAXOPENFILES=974 MAX_SUB_FILE_NUM=16
Maximum size of a physical file is 2.0 GB, maximum size of a tmp-file is 32.0 GB


--------------------------------------------------------------
User input:
--------------------------------------------------------------

$molecule
1,2
O
C1,O,r1
H1,C1,r2,O,a1
H,O,roh,C1,aoh,H1,toh,0
C2,C1,r3a,O,a2a,H1,t1a,0
C3,C1,r3b,O,a2b,H1,-t1b,0
H,C2,r4a,C1,a4a,H1,t2a,0
H,C3,r5a,C1,a5a,H1,-t2b,0
H,C2,r4b,C1,a4b,H1,t3a,0
H,C3,r5b,C1,a5b,H1,-t3b,0
H,C2,r4c,C1,a4c,H1,-t4a,0
H,C3,r5c,C1,a5c,H1,t4b,0

r1=1.43111827
r2=1.9557364
roh=2.07916264
r3a=1.52393712
r3b=1.53017411
r4a=1.09587708
r5a=1.09583825
r4b=1.09448657
r5b=1.09801539
r4c=1.0954512
r5c=1.0964078
a1=28.22171182
aoh=30.02045037
a2a=106.21524706
a2b=111.13113306
a4a=110.2041443
a5a=110.24366741
a4b=110.29321839
a5b=111.03931704
a4c=110.82961388
a5c=111.23833611
toh=-62.32359188
t1a=179.44473237
t1b=57.80032287
t2a=63.0172795
t2b=83.272013
t3a=-56.37337218
t3b=-36.4963859
t4a=176.72748761
t4b=156.21533884

$end

$comment
positive
$end

$xc_functional
C PBE   1.00
X wPBE  1.00
$end

$rem
SYMMETRY_DECOMPOSITION	0
LRC_DFT                 true
exchange 		general
BASIS                   g3large
omega			2000
mem_static              760
max_scf_cycles          200
scf_final_print         1
sym_ignore              true
$end

--------------------------------------------------------------
 Writing REM_CC_EA           12
 ----------------------------------------------------
       Standard Nuclear Orientation (Angstroms)
    I     Atom         X            Y            Z
 ----------------------------------------------------
    1      O       0.000000     0.000000     0.000000
    2      C       0.000000     0.000000     1.431118
    3      H       0.924838     0.000000    -0.292129
    4      H       0.483161     0.921207     1.800236
    5      C      -1.463245     0.014181     1.856673
    6      C       0.760558    -1.207760     1.982752
    7      H      -1.967442    -0.894454     1.508657
    8      H       0.298586    -2.138301     1.634130
    9      H      -1.976608     0.877600     1.422084
   10      H       1.806714    -1.200668     1.649367
   11      H      -1.551233     0.066921     2.947310
   12      H       0.763328    -1.208441     3.079156
 ----------------------------------------------------
 Nuclear Repulsion Energy =   134.3979926221 hartrees
 There are       17 alpha and       16 beta electrons
 Requested basis set is G3large
 There are 88 shells and 248 basis functions

Total QAlloc Memory Limit   2000 MB
Mega-Array Size       743 MB
MEM_STATIC part       760 MB

                       Distance Matrix (Angstroms)
             O (  1)   C (  2)   H (  3)   H (  4)   C (  5)   C (  6)
   C (  2)  1.431118
   H (  3)  0.969878  1.955736
   H (  4)  2.079163  1.103773  2.328453
   C (  5)  2.364005  1.523937  3.212552  2.148110
   C (  6)  2.443039  1.530174  2.580844  2.154707  2.540539
   H (  7)  2.635701  2.162611  3.522521  3.063836  1.095877  2.786558
   H (  8)  2.707742  2.168571  2.945335  3.069568  2.790476  1.095838
   H (  9)  2.588336  2.162693  3.482398  2.489048  1.094487  3.486424
   H ( 10)  2.725111  2.180241  2.447185  2.505376  3.494491  1.098015
   H ( 11)  3.331282  2.170171  4.077912  2.486833  1.095451  2.810617
   H ( 12)  3.394731  2.181519  3.584965  2.499906  2.819024  1.096408
             H (  7)   H (  8)   H (  9)   H ( 10)   H ( 11)
   H (  8)  2.588007
   H (  9)  1.774192  3.783799
   H ( 10)  3.789170  1.775904  4.322543
   H ( 11)  1.779661  3.163745  1.778892  3.816706
   H ( 12)  3.165779  1.780091  3.821610  1.770031  2.645964
 
 A cutoff of  1.0D-08 yielded   3639 shell pairs
 There are  28920 function pairs ( 34904 Cartesian)
Evaluating contribution to one-electron hamiltonian from nuclear
 Smallest overlap matrix eigenvalue = 4.89E-05

 Q-Chem warning in module mkSTV.C, line 194:

 Overlap eigenvalue is smaller than square root of threshold

 Multipole matrices computed through 2nd order

  Scale SEOQF with 1.000000e-01/1.000000e-01/1.000000e-01

 Standard Electronic Orientation quadrupole field applied
 Nucleus-field energy     =    -0.0000000069 hartrees
 Guess from superposition of atomic densities
 Warning:  Energy on first SCF cycle will be non-variational
 Long-range K will be added via erf
 Coulomb attenuation parameter = 2 bohr**(-1)
 An unrestricted Kohn-Sham SCF calculation will be
 performed using Pulay DIIS extrapolation
 Exchange:  wPBE + LR-HF      Correlation:  PBE
 Using SG-1 standard quadrature grid
 SCF converges when DIIS error is below 1.0E-05
 Requested basis set is G3large
 There are 88 shells and 248 basis functions
 A cutoff of  1.0D-08 yielded   3639 shell pairs
 There are  28920 function pairs ( 34904 Cartesian)
 Warning!  Inaccurate integrated density:
   Number of electrons =    33
   Numerical integral  =    34.000227111547
   Relative error      =     3.0309912471 %
 ---------------------------------------
  Cycle       Energy         DIIS Error
 ---------------------------------------
    1    -195.4017471687      2.92E-02
    2    -193.7523534168      3.16E-03
    3    -193.8440167749      1.80E-03
    4    -193.8657080150      5.71E-04
    5    -193.8728724060      2.65E-04
    6    -193.8767621827      2.30E-04
    7    -193.8813746019      2.58E-04
    8    -193.8784889695      2.43E-04
    9    -193.8645379984      3.91E-04
   10    -193.8604094737      5.08E-04
   11    -193.8697355110      3.32E-04
   12    -193.8696705072      3.63E-04
   13    -193.8702853254      3.29E-04
   14    -193.8696989144      3.27E-04
   15    -193.8697990784      3.28E-04
   16    -193.8690761754      3.28E-04
   17    -193.8690481131      3.27E-04
   18    -193.8681778206      3.40E-04
   19    -193.8679318009      3.36E-04
   20    -193.8679219799      3.12E-04
   21    -193.8673449772      3.34E-04
   22    -193.8671515369      3.40E-04
   23    -193.8690059414      2.96E-04
   24    -193.8709953179      2.68E-04
   25    -193.8767527619      2.76E-04
   26    -193.8806943238      1.84E-04
   27    -193.8848535869      2.74E-04
   28    -193.8722443617      2.37E-04
   29    -193.8580794339      5.99E-04
   30    -193.8618009760      4.75E-04
   31    -193.8669384981      3.38E-04
   32    -193.8650232694      4.02E-04
   33    -193.8652900955      3.82E-04
   34    -193.8642148860      3.76E-04
   35    -193.8634268894      3.81E-04
   36    -193.8617975835      3.98E-04
   37    -193.8617345936      3.87E-04
   38    -193.8616951430      3.78E-04
   39    -193.8615203601      3.71E-04
   40    -193.8615962903      3.56E-04
   41    -193.8598746696      4.32E-04
   42    -193.8602039910      3.97E-04
   43    -193.8653444642      2.00E-04
   44    -193.8660453468      2.07E-04
   45    -193.8643158509      1.86E-04
   46    -193.8645134573      1.85E-04
   47    -193.8657458887      1.77E-04
   48    -193.8679138605      1.32E-04
   49    -193.8701223460      1.79E-04
   50    -193.8605426230      1.70E-04
   51    -193.8559705768      2.85E-04
   52    -193.8581681423      2.53E-04
   53    -193.8570878950      2.67E-04
   54    -193.8546437261      3.09E-04
   55    -193.8544919336      3.11E-04
   56    -193.8540007577      3.50E-04
   57    -193.8535311640      3.24E-04
   58    -193.8533376230      3.31E-04
   59    -193.8534171360      3.23E-04
   60    -193.8530478843      3.44E-04
   61    -193.8532140923      3.27E-04
   62    -193.8525612377      3.55E-04
   63    -193.8524617720      3.50E-04
   64    -193.8523202034      3.62E-04
   65    -193.8537668886      2.54E-04
   66    -193.8544434540      6.22E-05
   67    -193.8550130048      5.98E-05
   68    -193.8554372575      6.08E-05
   69    -193.8553378023      6.04E-05
   70    -193.8557677395      5.65E-05
   71    -193.8561781439      6.28E-05
   72    -193.8531575521      1.06E-04
   73    -193.8534380836      1.07E-04
   74    -193.8534309637      1.06E-04
   75    -193.8538291310      6.99E-05
   76    -193.8540579807      4.91E-05
   77    -193.8545531943      5.12E-05
   78    -193.8545735359      5.13E-05
   79    -193.8548871434      4.79E-05
   80    -193.8552119347      5.35E-05
   81    -193.8530466148      7.94E-05
   82    -193.8531261061      8.09E-05
   83    -193.8530283284      7.52E-05
   84    -193.8525297561      4.36E-05
   85    -193.8523867641      4.74E-05
   86    -193.8523902625      5.77E-05
   87    -193.8525043594      2.80E-05
   88    -193.8525630334      1.83E-05
   89    -193.8525710932      1.11E-05
   90    -193.8525720357      1.30E-05
   91    -193.8525753310      7.16E-06 Convergence criterion met
 ---------------------------------------
 One-Electron    Energy =  -520.1258455709
 Total Coulomb   Energy =   219.3001115612
 Alpha Exchange  Energy =    -8.9031773716
 Beta  Exchange  Energy =    -8.3847701562
 DFT   Exchange  Energy =    -9.0621730801
 DFT Correlation Energy =    -1.0747133285
 Nuclear Repu.   Energy =   134.3979926152
 Nuclear Attr.   Energy =  -712.7744679663
 Kinetic         Energy =   192.6486223954
 <S^2> = 0.7615
 SCF time:  CPU 2380.51 s  wall 2391.28 s
 Final Alpha MO Eigenvalues
            1           2           3           4           5           6
    1 -19.9695979 -11.1768353 -11.0956452 -11.0382129  -1.6401625  -1.3704609
            7           8           9          10          11          12
    1  -1.2393108  -1.1002684  -0.9990434  -0.9272590  -0.9077837  -0.8388053
           13          14          15          16          17          18
    1  -0.8291885  -0.8136181  -0.7968895  -0.7773954  -0.7244676  -0.1025796
           19          20          21          22
    1  -0.0783739  -0.0726699  -0.0652069  -0.0470069
 Final Beta MO Eigenvalues
            1           2           3           4           5           6
    1 -19.9664106 -11.1704920 -11.0880935 -11.0363670  -1.6241115  -1.3129892
            7           8           9          10          11          12
    1  -1.1959376  -1.0623014  -0.9715481  -0.9012755  -0.8532273  -0.8217102
           13          14          15          16          17          18
    1  -0.8076391  -0.7927105  -0.7647115  -0.7132054  -0.3989651  -0.1008308
           19          20          21
    1  -0.0765259  -0.0712427  -0.0643354
 Analysis of SCF Wavefunction
 
 --------------------------------------------------------------
                    Orbital Energies (a.u.)
 --------------------------------------------------------------
 
 Alpha MOs
 -- Occupied --
-19.970 -11.177 -11.096 -11.038  -1.640  -1.370  -1.239  -1.100
 -0.999  -0.927  -0.908  -0.839  -0.829  -0.814  -0.797  -0.777
 -0.724
 -- Virtual --
 -0.103  -0.078  -0.073  -0.065  -0.047  -0.043  -0.034  -0.025
 -0.017  -0.006   0.008   0.019   0.028   0.032   0.035   0.040
  0.049   0.058   0.070   0.080   0.083   0.096   0.119   0.126
  0.128   0.133   0.152   0.170   0.178   0.185   0.212   0.237
  0.246   0.256   0.290   0.327   0.348   0.367   0.386   0.415
  0.422   0.460   0.469   0.489   0.497   0.499   0.513   0.520
  0.540   0.554   0.565   0.575   0.616   0.632   0.634   0.673
  0.717   0.740   0.790   0.793   0.833   0.872   0.887   0.912
  0.927   0.971   1.003   1.017   1.045   1.070   1.085   1.114
  1.129   1.143   1.164   1.182   1.208   1.239   1.251   1.257
  1.280   1.293   1.307   1.334   1.364   1.413   1.427   1.435
  1.463   1.476   1.509   1.520   1.552   1.576   1.577   1.620
  1.626   1.772   1.869   2.045   2.076   2.295   2.352   2.421
  2.528   2.562   2.601   2.611   2.671   2.711   2.739   2.810
  2.835   2.869   2.887   2.955   2.956   2.993   3.019   3.040
  3.154   3.169   3.197   3.207   3.238   3.279   3.335   3.356
  3.377   3.385   3.412   3.457   3.490   3.576   3.597   3.600
  3.623   3.653   3.699   3.719   3.749   3.799   3.833   3.859
  3.882   3.931   3.964   4.037   4.048   4.057   4.071   4.107
  4.173   4.211   4.241   4.264   4.283   4.296   4.313   4.348
  4.382   4.389   4.397   4.485   4.515   4.548   4.619   4.634
  4.664   4.673   4.721   4.769   4.905   5.259   5.288   5.370
  5.402   5.468   5.513   5.599   5.642   5.702   5.749   5.765
  5.793   5.809   5.976   6.058   6.606   7.205   7.342   7.439
  7.491   7.771   7.892  24.489  24.617  24.705  27.919  28.092
 28.390  28.457  28.483  28.527  28.536  28.689  28.799  41.304
 41.365  41.388  41.416  41.440  41.460  41.472  41.494  41.527
 41.535  41.568  41.585  41.614  41.619  41.677  44.277  44.313
 44.350  44.393  44.460  46.184  46.490  46.864  50.436
 
 Beta MOs
 -- Occupied --
-19.966 -11.170 -11.088 -11.036  -1.624  -1.313  -1.196  -1.062
 -0.972  -0.901  -0.853  -0.822  -0.808  -0.793  -0.765  -0.713
 -- Virtual --
 -0.399  -0.101  -0.077  -0.071  -0.064  -0.046  -0.042  -0.032
 -0.024  -0.016  -0.003   0.011   0.022   0.030   0.033   0.036
  0.042   0.051   0.061   0.074   0.084   0.088   0.101   0.123
  0.128   0.135   0.145   0.166   0.174   0.189   0.193   0.217
  0.239   0.253   0.264   0.292   0.332   0.359   0.376   0.400
  0.418   0.428   0.473   0.480   0.494   0.504   0.510   0.518
  0.526   0.554   0.570   0.573   0.584   0.623   0.636   0.639
  0.679   0.724   0.742   0.794   0.797   0.840   0.874   0.890
  0.916   0.932   0.973   1.007   1.024   1.051   1.075   1.089
  1.118   1.133   1.147   1.169   1.188   1.221   1.249   1.257
  1.271   1.287   1.299   1.314   1.339   1.368   1.418   1.431
  1.440   1.465   1.478   1.513   1.524   1.557   1.581   1.582
  1.626   1.629   1.776   1.876   2.052   2.083   2.299   2.359
  2.426   2.540   2.570   2.609   2.618   2.684   2.724   2.745
  2.827   2.854   2.882   2.899   2.957   2.971   2.996   3.031
  3.050   3.162   3.175   3.205   3.212   3.245   3.284   3.341
  3.369   3.386   3.389   3.417   3.468   3.496   3.581   3.604
  3.608   3.630   3.658   3.704   3.731   3.755   3.805   3.837
  3.866   3.889   3.938   3.970   4.044   4.052   4.063   4.078
  4.112   4.179   4.217   4.247   4.269   4.287   4.300   4.317
  4.355   4.387   4.395   4.402   4.489   4.518   4.552   4.623
  4.638   4.669   4.678   4.725   4.775   4.912   5.262   5.293
  5.376   5.408   5.478   5.517   5.605   5.650   5.705   5.752
  5.769   5.796   5.813   5.978   6.063   6.610   7.214   7.346
  7.450   7.494   7.776   7.900  24.493  24.621  24.708  27.926
 28.095  28.391  28.459  28.485  28.528  28.537  28.694  28.804
 41.313  41.367  41.394  41.421  41.444  41.462  41.475  41.501
 41.531  41.540  41.576  41.586  41.617  41.622  41.679  44.282
 44.318  44.352  44.397  44.467  46.185  46.495  46.866  50.439
 --------------------------------------------------------------
 
          Ground-State Mulliken Net Atomic Charges

     Atom                 Charge (a.u.)    Spin (a.u.)
  --------------------------------------------------------
      1 O                    -0.194661       0.094088
      2 C                     0.086564       0.270219
      3 H                     0.318715       0.022017
      4 H                     0.174531       0.073577
      5 C                    -0.087116       0.347318
      6 C                    -0.145287       0.080962
      7 H                     0.163986       0.017366
      8 H                     0.141812       0.010354
      9 H                     0.172388       0.029722
     10 H                     0.134907       0.066528
     11 H                     0.129780      -0.009359
     12 H                     0.104382      -0.002793
  --------------------------------------------------------
  Sum of atomic charges =     1.000000
  Sum of spin   charges =     1.000000

 -----------------------------------------------------------------
                    Cartesian Multipole Moments
 -----------------------------------------------------------------
    Charge (ESU x 10^10)
                 4.8032
    Dipole Moment (Debye)
         X      -0.2858      Y      -1.1703      Z       8.5716
       Tot       8.6558
    Quadrupole Moments (Debye-Ang)
        XX     -12.1878     XY      -1.6332     YY     -19.7963
        XZ      -4.4405     YZ      -2.4060     ZZ      -6.1256
    Octapole Moments (Debye-Ang^2)
       XXX       3.7586    XXY       5.8710    XYY       4.4645
       YYY      19.1114    XXZ     -16.7807    XYZ      -3.3225
       YYZ     -25.4108    XZZ      -2.8737    YZZ       2.6561
       ZZZ     -59.9618
    Hexadecapole Moments (Debye-Ang^3)
      XXXX    -110.0089   XXXY      13.3406   XXYY     -32.4783
      XYYY      18.2404   YYYY     -86.1841   XXXZ       4.0203
      XXYZ      12.1814   XYYZ      10.9488   YYYZ      40.8501
      XXZZ     -59.5732   XYZZ      -1.0435   YYZZ     -70.9479
      XZZZ       5.1920   YZZZ      34.0804   ZZZZ    -294.8498
 -----------------------------------------------------------------
 Total job time:  2391.61s(wall), 2380.83s(cpu) 
 Mon Jun  3 17:51:05 2013

        *************************************************************
        *                                                           *
        *  Thank you very much for using Q-Chem.  Have a nice day.  *
        *                                                           *
        *************************************************************


0 sent ACK to 0 
now end server 0 ... 
