Process 0 of 1 is on cl132 - thread support 1
initial socket setup ...start
initial socket setup ...done 
now start server 0 ... 

cmd = /usr/bin/ssh clhead /usr/local/qchem/bin/get_hostid 1432786444 > /tmp/1603279.1.medium.q/qchem29741/lic.dat

cmd = /usr/bin/ssh clhead /usr/local/qchem/bin/get_hostid 1432786444 > /tmp/1603279.1.medium.q/qchem29741/lic.dat

cmd = /usr/bin/ssh clhead /usr/local/qchem/bin/get_hostid 1432786444 > /tmp/1603279.1.medium.q/qchem29741/lic.dat

cmd = /usr/bin/ssh clhead /usr/local/qchem/bin/get_hostid 1432786444 > /tmp/1603279.1.medium.q/qchem29741/lic.dat

cmd = /usr/bin/ssh clhead /usr/local/qchem/bin/get_hostid 1432786444 > /tmp/1603279.1.medium.q/qchem29741/lic.dat
                  Welcome to Q-Chem
     A Quantum Leap Into The Future Of Chemistry

 Y. Shao, L. Fusti-Molnar, Y. Jung, J. Kussmann, C. Ochsenfeld,
 S. T. Brown, A. T. B. Gilbert, L. V. Slipchenko,S. V. Levchenko,
 D. P. O'Neill, R. A. DiStasio Jr., R. C. Lochan, T. Wang,
 G. J. O. Beran, N. A. Besley, J. M. Herbert, C. Y. Lin,
 T. Van Voorhis, S. H. Chien, A. Sodt, R. P. Steele, 
 V. A. Rassolov, P. E. Maslen, P. P. Korambath, R. D. Adamson,
 B. Austin, J. Baker, E. F. C. Byrd, H. Dachsel, R. J. Doerksen,
 A. Dreuw, B. D. Dunietz, A. D. Dutoi, T. R. Furlani,
 S. R. Gwaltney, A. Heyden, S. Hirata, C.-P. Hsu, G. Kedziora,
 R. Z. Khaliullin, P. Klunzinger, A. M. Lee, M. S. Lee, W. Liang,
 I. Lotan, N. Nair, B. Peters, E. I. Proynov, P. A. Pieniazek, 
 Y. M. Rhee, J. Ritchie, E. Rosta, C. D. Sherrill, 
 A. C. Simmonett, J. E. Subotnik, H. L. Woodcock III,
 W. Zhang, A. T. Bell, A. K. Chakraborty, D. M. Chipman,
 F. J. Keil, A. Warshel, W. J. Hehre, H. F. Schaefer III,
 J. Kong, A. I. Krylov, P. M. W. Gill, M. Head-Gordon,
 Q-Chem, Version 3.1, Q-Chem, Inc., Pittsburgh, PA (2007).

 Additional authors for Version 3.1: 
 Z. Gan, Y. Zhao, N. E. Schultz, D. Truhlar, E. Epifanovsky and M. Oana.

 Additional authors for Version 3.2: 
 R. Baer, B. R. Brooks, D. Casanova, J.-D. Chai, C.-L. Cheng, 
 C. Cramer, D. Crittenden, A. Ghysels, G. Hawkins, E. G. Hohenstein, 
 C. Kelley, W. Kurlancheek, D. Liotard, E. Livshits, P. Manohar, 
 A. Marenich, D. Neuhauser, R. Olson, M. A. Rohrdanz, K. S. Thanthiriwatte, 
 A. J. W. Thom, V. Vanovschi, C. F. Williams, Q. Wu and Z.-Q. You. 


 Intel X86 Linux Version

 Q-chem begins on Wed Mar 26 10:18:36 2014  

 Parallel job on  1  processors
Processing $rem in /usr/local/qchem/config/preferences.

theFileMan(): MAXOPENFILES=974 MAX_SUB_FILE_NUM=16
Maximum size of a physical file is 2.0 GB, maximum size of a tmp-file is 32.0 GB


--------------------------------------------------------------
User input:
--------------------------------------------------------------

$molecule
-1,2
C          0.00000        0.00000        0.00427
C          0.00000        0.00000        1.34256
Cl         1.44225        0.00000       -0.90517
Cl        -1.44225        0.00000       -0.90517
Cl        -1.44225        0.00000        2.25200
Cl         1.44225        0.00000        2.25200
$end

$comment
negative
$end

$xc_functional
C PBE   1.00
X wPBE  1.00
$end

$rem
SYMMETRY_DECOMPOSITION	0
exchange 		general
LRC_DFT                 true
BASIS                   g3large
omega			270
mem_static              760
max_scf_cycles          200
scf_final_print         1
sym_ignore              true
$end

--------------------------------------------------------------
 Writing REM_CC_EA            6
 ----------------------------------------------------
       Standard Nuclear Orientation (Angstroms)
    I     Atom         X            Y            Z
 ----------------------------------------------------
    1      C       0.000000     0.000000     0.004270
    2      C       0.000000     0.000000     1.342560
    3      Cl      1.442250     0.000000    -0.905170
    4      Cl     -1.442250     0.000000    -0.905170
    5      Cl     -1.442250     0.000000     2.252000
    6      Cl      1.442250     0.000000     2.252000
 ----------------------------------------------------
 Nuclear Repulsion Energy =   496.1446596895 hartrees
 There are       41 alpha and       40 beta electrons
 Requested basis set is G3large
 There are 96 shells and 348 basis functions

Total QAlloc Memory Limit   2000 MB
Mega-Array Size       743 MB
MEM_STATIC part       760 MB

                       Distance Matrix (Angstroms)
             C (  1)   C (  2)   Cl(  3)   Cl(  4)   Cl(  5)
   C (  2)  1.338290
   Cl(  3)  1.705041  2.670651
   Cl(  4)  1.705041  2.670651  2.884500
   Cl(  5)  2.670651  1.705041  4.276454  3.157170
   Cl(  6)  2.670651  1.705041  3.157170  4.276454  2.884500
 
 A cutoff of  1.0D-08 yielded   3466 shell pairs
 There are  47748 function pairs ( 66451 Cartesian)
Evaluating contribution to one-electron hamiltonian from nuclear
 Smallest overlap matrix eigenvalue = 9.65E-06

 Q-Chem warning in module mkSTV.C, line 194:

 Overlap eigenvalue is smaller than square root of threshold

 Multipole matrices computed through 2nd order

  Scale SEOQF with 1.000000e-01/1.000000e-01/1.000000e-01

 Standard Electronic Orientation quadrupole field applied
 Nucleus-field energy     =    -0.0000000176 hartrees
 Guess from superposition of atomic densities
 Warning:  Energy on first SCF cycle will be non-variational
 Long-range K will be added via erf
 Coulomb attenuation parameter = 0.27 bohr**(-1)
 An unrestricted Kohn-Sham SCF calculation will be
 performed using Pulay DIIS extrapolation
 Exchange:  wPBE + LR-HF      Correlation:  PBE
 Using SG-1 standard quadrature grid
 SCF converges when DIIS error is below 1.0E-05
 Requested basis set is G3large
 There are 96 shells and 348 basis functions
 A cutoff of  1.0D-08 yielded   3466 shell pairs
 There are  47748 function pairs ( 66451 Cartesian)
 Warning!  Inaccurate integrated density:
   Number of electrons =    81
   Numerical integral  =    80.000162316382
   Relative error      =    -1.2343675106 %
 ---------------------------------------
  Cycle       Energy         DIIS Error
 ---------------------------------------
    1   -1917.6608791312      2.02E-02
    2   -1916.2636086413      1.57E-03
    3   -1916.3076054621      8.51E-04
    4   -1916.3149802168      2.94E-04
    5   -1916.3162336623      1.69E-04
    6   -1916.3167176287      3.00E-05
    7   -1916.3167695448      9.66E-06 Convergence criterion met
 ---------------------------------------
 One-Electron    Energy = -3648.2470683005
 Total Coulomb   Energy =  1359.2397555783
 Alpha Exchange  Energy =    -5.9493742288
 Beta  Exchange  Energy =    -5.8088328840
 DFT   Exchange  Energy =  -108.5757398726
 DFT Correlation Energy =    -3.1201695091
 Nuclear Repu.   Energy =   496.1446596719
 Nuclear Attr.   Energy = -5562.3512568190
 Kinetic         Energy =  1914.1041885185
 <S^2> = 0.7543
 SCF time:  CPU 474.66 s  wall 476.67 s
 Final Alpha MO Eigenvalues
            1           2           3           4           5           6
    1-100.6489610-100.6489591-100.6487601-100.6487599  -9.9161189  -9.9156198
            7           8           9          10          11          12
    1  -9.1689582  -9.1689508  -9.1688087  -9.1688029  -6.9904631  -6.9904611
           13          14          15          16          17          18
    1  -6.9903154  -6.9903140  -6.9809311  -6.9809290  -6.9807858  -6.9807839
           19          20          21          22          23          24
    1  -6.9807821  -6.9807818  -6.9806371  -6.9806364  -0.8426511  -0.7962476
           25          26          27          28          29          30
    1  -0.7572351  -0.7334464  -0.6059701  -0.4640074  -0.4032693  -0.4018604
           31          32          33          34          35          36
    1  -0.3535648  -0.3295071  -0.2926639  -0.2607541  -0.2566138  -0.2559953
           37          38          39          40          41          42
    1  -0.2479786  -0.2435973  -0.2084850  -0.1505607   0.0156976   0.1820950
           43          44          45          46
    1   0.1904487   0.1906308   0.2021457   0.2426296
 Final Beta MO Eigenvalues
            1           2           3           4           5           6
    1-100.6489388-100.6489369-100.6487378-100.6487376  -9.9093132  -9.9087506
            7           8           9          10          11          12
    1  -9.1688666  -9.1688592  -9.1687171  -9.1687115  -6.9906031  -6.9906006
           13          14          15          16          17          18
    1  -6.9904557  -6.9904538  -6.9807921  -6.9807902  -6.9806433  -6.9806427
           19          20          21          22          23          24
    1  -6.9805051  -6.9805028  -6.9803566  -6.9803553  -0.8358486  -0.7912399
           25          26          27          28          29          30
    1  -0.7557708  -0.7320561  -0.5992013  -0.4508627  -0.3993646  -0.3964575
           31          32          33          34          35          36
    1  -0.3352935  -0.3261791  -0.2798816  -0.2599740  -0.2554456  -0.2518399
           37          38          39          40          41          42
    1  -0.2476932  -0.2369084  -0.2081755  -0.1157227   0.1833478   0.1915332
           43          44          45
    1   0.1920949   0.2028312   0.2433117
 Analysis of SCF Wavefunction
 
 --------------------------------------------------------------
                    Orbital Energies (a.u.)
 --------------------------------------------------------------
 
 Alpha MOs
 -- Occupied --
*******-100.649-100.649-100.649  -9.916  -9.916  -9.169  -9.169
 -9.169  -9.169  -6.990  -6.990  -6.990  -6.990  -6.981  -6.981
 -6.981  -6.981  -6.981  -6.981  -6.981  -6.981  -0.843  -0.796
 -0.757  -0.733  -0.606  -0.464  -0.403  -0.402  -0.354  -0.330
 -0.293  -0.261  -0.257  -0.256  -0.248  -0.244  -0.208  -0.151
  0.016
 -- Virtual --
  0.182   0.190   0.191   0.202   0.243   0.243   0.249   0.254
  0.257   0.265   0.266   0.291   0.293   0.294   0.302   0.319
  0.321   0.324   0.344   0.345   0.355   0.356   0.387   0.395
  0.403   0.406   0.414   0.438   0.447   0.458   0.490   0.507
  0.515   0.531   0.540   0.570   0.570   0.589   0.590   0.599
  0.600   0.635   0.640   0.658   0.670   0.681   0.693   0.693
  0.705   0.709   0.728   0.733   0.757   0.778   0.779   0.792
  0.811   0.841   0.842   0.854   0.893   0.906   0.961   0.996
  0.999   1.004   1.028   1.044   1.068   1.091   1.132   1.163
  1.173   1.208   1.209   1.239   1.240   1.251   1.257   1.269
  1.280   1.291   1.308   1.315   1.317   1.329   1.339   1.341
  1.345   1.361   1.363   1.368   1.374   1.376   1.379   1.406
  1.421   1.427   1.452   1.474   1.488   1.497   1.518   1.523
  1.555   1.620   1.627   1.641   1.653   1.658   1.692   1.715
  1.749   1.787   1.812   1.818   1.841   1.857   1.899   1.901
  1.906   1.913   1.919   1.997   2.009   2.018   2.061   2.073
  2.091   2.266   2.356   2.370   2.383   2.435   2.450   2.519
  2.539   2.545   2.625   2.683   2.741   2.815   2.826   2.968
  3.073   3.082   3.102   3.239   3.240   3.337   3.345   3.395
  3.515   3.517   3.520   3.585   3.656   3.669   3.696   3.727
  3.729   3.812   3.835   3.856   3.885   3.980   4.135   4.201
  4.201   4.500   4.504   4.530   4.534   4.537   4.550   4.559
  4.563   4.565   4.614   4.625   4.625   4.627   4.654   4.657
  4.678   4.681   4.684   4.691   4.711   4.740   4.779   4.785
  4.799   4.799   4.843   4.851   4.851   4.930   4.965   5.140
  5.199   5.224   5.243   5.260   5.267   5.284   5.299   5.348
  5.363   5.383   5.408   5.448   5.483   5.511   5.524   5.665
  5.745   5.883   6.035   6.309   6.320   9.944  10.073  10.120
 10.254  20.668  20.676  20.690  20.718  20.723  20.750  20.758
 20.808  20.917  21.003  21.051  21.079  23.757  24.626  27.203
 27.207  27.244  27.248  27.254  27.259  27.265  27.274  27.279
 27.292  27.297  27.308  27.310  27.331  27.335  27.343  27.343
 27.421  27.430  27.461  27.479  27.608  28.315  28.322  28.416
 28.532  36.906  36.906  36.908  36.909  36.909  36.909  36.910
 36.912  36.918  36.918  36.919  36.920  36.921  36.921  36.922
 36.923  36.923  36.926  36.927  36.930  36.932  36.939  36.941
 36.941  36.945  36.946  36.951  36.959  40.917  40.973  41.013
 41.209  41.210  41.257  41.292  41.307  41.335  41.380 215.822
215.963 216.000 216.174
 
 Beta MOs
 -- Occupied --
*******-100.649-100.649-100.649  -9.909  -9.909  -9.169  -9.169
 -9.169  -9.169  -6.991  -6.991  -6.990  -6.990  -6.981  -6.981
 -6.981  -6.981  -6.981  -6.981  -6.980  -6.980  -0.836  -0.791
 -0.756  -0.732  -0.599  -0.451  -0.399  -0.396  -0.335  -0.326
 -0.280  -0.260  -0.255  -0.252  -0.248  -0.237  -0.208  -0.116
 -- Virtual --
  0.183   0.192   0.192   0.203   0.243   0.244   0.246   0.254
  0.255   0.258   0.267   0.279   0.292   0.294   0.295   0.308
  0.321   0.324   0.327   0.345   0.345   0.357   0.365   0.387
  0.396   0.403   0.408   0.416   0.442   0.450   0.463   0.493
  0.508   0.517   0.532   0.542   0.575   0.580   0.591   0.591
  0.602   0.609   0.637   0.640   0.661   0.683   0.690   0.695
  0.697   0.705   0.710   0.730   0.738   0.769   0.780   0.783
  0.795   0.815   0.843   0.845   0.868   0.901   0.912   0.962
  1.000   1.002   1.018   1.045   1.061   1.075   1.099   1.138
  1.170   1.175   1.210   1.216   1.242   1.247   1.255   1.260
  1.271   1.282   1.293   1.309   1.316   1.317   1.331   1.340
  1.344   1.346   1.364   1.364   1.373   1.374   1.379   1.381
  1.408   1.422   1.433   1.453   1.477   1.491   1.504   1.519
  1.527   1.558   1.624   1.627   1.645   1.656   1.663   1.694
  1.725   1.750   1.791   1.820   1.822   1.852   1.867   1.905
  1.910   1.910   1.914   1.932   2.006   2.013   2.021   2.065
  2.076   2.092   2.276   2.360   2.374   2.386   2.440   2.451
  2.524   2.540   2.547   2.629   2.688   2.744   2.819   2.828
  3.006   3.097   3.113   3.120   3.256   3.265   3.359   3.361
  3.417   3.517   3.530   3.536   3.609   3.673   3.688   3.729
  3.731   3.753   3.836   3.852   3.870   3.918   4.007   4.140
  4.210   4.224   4.503   4.507   4.531   4.536   4.540   4.552
  4.561   4.564   4.566   4.616   4.628   4.628   4.629   4.655
  4.659   4.679   4.683   4.685   4.693   4.714   4.742   4.783
  4.787   4.799   4.800   4.843   4.851   4.874   4.931   4.968
  5.141   5.200   5.225   5.243   5.261   5.267   5.284   5.303
  5.350   5.365   5.384   5.410   5.451   5.487   5.512   5.524
  5.667   5.746   5.884   6.037   6.311   6.322   9.945  10.074
 10.121  10.255  20.669  20.677  20.691  20.718  20.724  20.750
 20.758  20.808  20.917  21.003  21.050  21.079  23.765  24.633
 27.204  27.207  27.247  27.248  27.254  27.261  27.265  27.274
 27.279  27.292  27.297  27.308  27.310  27.331  27.336  27.343
 27.343  27.421  27.445  27.461  27.480  27.628  28.319  28.325
 28.420  28.537  36.906  36.907  36.908  36.909  36.909  36.910
 36.910  36.913  36.918  36.918  36.919  36.920  36.921  36.921
 36.922  36.923  36.923  36.927  36.927  36.930  36.932  36.939
 36.941  36.941  36.945  36.946  36.951  36.959  40.930  40.980
 41.029  41.222  41.224  41.272  41.294  41.320  41.340  41.382
215.822 215.963 216.000 216.174
 --------------------------------------------------------------
 
          Ground-State Mulliken Net Atomic Charges

     Atom                 Charge (a.u.)    Spin (a.u.)
  --------------------------------------------------------
      1 C                     0.535036       0.398343
      2 C                     0.535217       0.398346
      3 Cl                   -0.517822       0.050828
      4 Cl                   -0.517252       0.050828
      5 Cl                   -0.517867       0.050835
      6 Cl                   -0.517312       0.050819
  --------------------------------------------------------
  Sum of atomic charges =    -1.000000
  Sum of spin   charges =     1.000000

 -----------------------------------------------------------------
                    Cartesian Multipole Moments
 -----------------------------------------------------------------
    Charge (ESU x 10^10)
                -4.8032
    Dipole Moment (Debye)
         X       0.0000      Y       0.0000      Z      -3.2345
       Tot       3.2345
    Quadrupole Moments (Debye-Ang)
        XX     -74.4713     XY       0.0330     YY     -67.0427
        XZ      -0.0020     YZ      -0.0005     ZZ     -80.6798
    Octapole Moments (Debye-Ang^2)
       XXX       0.0000    XXY       0.0000    XYY       0.0000
       YYY       0.0000    XXZ     -50.1500    XYZ       0.0222
       YYZ     -45.1476    XZZ      -0.0026    YZZ      -0.0007
       ZZZ    -160.0593
    Hexadecapole Moments (Debye-Ang^3)
      XXXX    -752.9592   XXXY       0.3185   XXYY    -148.8077
      XYYY       0.1385   YYYY     -85.9306   XXXZ      -0.0053
      XXYZ      -0.0046   XYYZ       0.0005   YYYZ       0.0015
      XXZZ    -324.2992   XYZZ       0.2819   YYZZ    -207.0026
      XZZZ      -0.0037   YZZZ      -0.0027   ZZZZ   -1176.7542
 -----------------------------------------------------------------
 Total job time:  477.31s(wall), 475.25s(cpu) 
 Wed Mar 26 10:26:33 2014

        *************************************************************
        *                                                           *
        *  Thank you very much for using Q-Chem.  Have a nice day.  *
        *                                                           *
        *************************************************************


0 sent ACK to 0 
now end server 0 ... 
 
**********************************************************************
Job 2 of 3 
**********************************************************************
 
Process 0 of 1 is on cl132 - thread support 1
initial socket setup ...start
initial socket setup ...done 
now start server 0 ... 

cmd = /usr/bin/ssh clhead /usr/local/qchem/bin/get_hostid 1353415025 > /tmp/1603279.1.medium.q/qchem29741/lic.dat

cmd = /usr/bin/ssh clhead /usr/local/qchem/bin/get_hostid 1353415025 > /tmp/1603279.1.medium.q/qchem29741/lic.dat

cmd = /usr/bin/ssh clhead /usr/local/qchem/bin/get_hostid 1353415025 > /tmp/1603279.1.medium.q/qchem29741/lic.dat

cmd = /usr/bin/ssh clhead /usr/local/qchem/bin/get_hostid 1353415025 > /tmp/1603279.1.medium.q/qchem29741/lic.dat

cmd = /usr/bin/ssh clhead /usr/local/qchem/bin/get_hostid 1353415025 > /tmp/1603279.1.medium.q/qchem29741/lic.dat
                  Welcome to Q-Chem
     A Quantum Leap Into The Future Of Chemistry

 Y. Shao, L. Fusti-Molnar, Y. Jung, J. Kussmann, C. Ochsenfeld,
 S. T. Brown, A. T. B. Gilbert, L. V. Slipchenko,S. V. Levchenko,
 D. P. O'Neill, R. A. DiStasio Jr., R. C. Lochan, T. Wang,
 G. J. O. Beran, N. A. Besley, J. M. Herbert, C. Y. Lin,
 T. Van Voorhis, S. H. Chien, A. Sodt, R. P. Steele, 
 V. A. Rassolov, P. E. Maslen, P. P. Korambath, R. D. Adamson,
 B. Austin, J. Baker, E. F. C. Byrd, H. Dachsel, R. J. Doerksen,
 A. Dreuw, B. D. Dunietz, A. D. Dutoi, T. R. Furlani,
 S. R. Gwaltney, A. Heyden, S. Hirata, C.-P. Hsu, G. Kedziora,
 R. Z. Khaliullin, P. Klunzinger, A. M. Lee, M. S. Lee, W. Liang,
 I. Lotan, N. Nair, B. Peters, E. I. Proynov, P. A. Pieniazek, 
 Y. M. Rhee, J. Ritchie, E. Rosta, C. D. Sherrill, 
 A. C. Simmonett, J. E. Subotnik, H. L. Woodcock III,
 W. Zhang, A. T. Bell, A. K. Chakraborty, D. M. Chipman,
 F. J. Keil, A. Warshel, W. J. Hehre, H. F. Schaefer III,
 J. Kong, A. I. Krylov, P. M. W. Gill, M. Head-Gordon,
 Q-Chem, Version 3.1, Q-Chem, Inc., Pittsburgh, PA (2007).

 Additional authors for Version 3.1: 
 Z. Gan, Y. Zhao, N. E. Schultz, D. Truhlar, E. Epifanovsky and M. Oana.

 Additional authors for Version 3.2: 
 R. Baer, B. R. Brooks, D. Casanova, J.-D. Chai, C.-L. Cheng, 
 C. Cramer, D. Crittenden, A. Ghysels, G. Hawkins, E. G. Hohenstein, 
 C. Kelley, W. Kurlancheek, D. Liotard, E. Livshits, P. Manohar, 
 A. Marenich, D. Neuhauser, R. Olson, M. A. Rohrdanz, K. S. Thanthiriwatte, 
 A. J. W. Thom, V. Vanovschi, C. F. Williams, Q. Wu and Z.-Q. You. 


 Intel X86 Linux Version

 Q-chem begins on Wed Mar 26 10:26:37 2014  

 Parallel job on  1  processors
Processing $rem in /usr/local/qchem/config/preferences.

theFileMan(): MAXOPENFILES=974 MAX_SUB_FILE_NUM=16
Maximum size of a physical file is 2.0 GB, maximum size of a tmp-file is 32.0 GB


--------------------------------------------------------------
User input:
--------------------------------------------------------------

$molecule
0,1
C          0.00000        0.00000        0.00427
C          0.00000        0.00000        1.34256
Cl         1.44225        0.00000       -0.90517
Cl        -1.44225        0.00000       -0.90517
Cl        -1.44225        0.00000        2.25200
Cl         1.44225        0.00000        2.25200
$end

$comment
neutral
$end

$xc_functional
C PBE   1.00
X wPBE  1.00
$end


$rem
SYMMETRY_DECOMPOSITION	0
LRC_DFT                 true
exchange 		general
BASIS                   g3large
omega			270
mem_static              760
max_scf_cycles          200
scf_final_print         1
sym_ignore              true
$end

--------------------------------------------------------------
 Writing REM_CC_EA            6
 ----------------------------------------------------
       Standard Nuclear Orientation (Angstroms)
    I     Atom         X            Y            Z
 ----------------------------------------------------
    1      C       0.000000     0.000000     0.004270
    2      C       0.000000     0.000000     1.342560
    3      Cl      1.442250     0.000000    -0.905170
    4      Cl     -1.442250     0.000000    -0.905170
    5      Cl     -1.442250     0.000000     2.252000
    6      Cl      1.442250     0.000000     2.252000
 ----------------------------------------------------
 Nuclear Repulsion Energy =   496.1446596895 hartrees
 There are       40 alpha and       40 beta electrons
 Requested basis set is G3large
 There are 96 shells and 348 basis functions

Total QAlloc Memory Limit   2000 MB
Mega-Array Size       743 MB
MEM_STATIC part       760 MB

                       Distance Matrix (Angstroms)
             C (  1)   C (  2)   Cl(  3)   Cl(  4)   Cl(  5)
   C (  2)  1.338290
   Cl(  3)  1.705041  2.670651
   Cl(  4)  1.705041  2.670651  2.884500
   Cl(  5)  2.670651  1.705041  4.276454  3.157170
   Cl(  6)  2.670651  1.705041  3.157170  4.276454  2.884500
 
 A cutoff of  1.0D-08 yielded   3466 shell pairs
 There are  47748 function pairs ( 66451 Cartesian)
Evaluating contribution to one-electron hamiltonian from nuclear
 Smallest overlap matrix eigenvalue = 9.65E-06

 Q-Chem warning in module mkSTV.C, line 194:

 Overlap eigenvalue is smaller than square root of threshold

 Multipole matrices computed through 2nd order

  Scale SEOQF with 1.000000e-01/1.000000e-01/1.000000e-01

 Standard Electronic Orientation quadrupole field applied
 Nucleus-field energy     =    -0.0000000176 hartrees
 Guess from superposition of atomic densities
 Warning:  Energy on first SCF cycle will be non-variational
 Long-range K will be added via erf
 Coulomb attenuation parameter = 0.27 bohr**(-1)
 A restricted Kohn-Sham SCF calculation will be
 performed using Pulay DIIS extrapolation
 Exchange:  wPBE + LR-HF      Correlation:  PBE
 Using SG-1 standard quadrature grid
 SCF converges when DIIS error is below 1.0E-05
 Requested basis set is G3large
 There are 96 shells and 348 basis functions
 A cutoff of  1.0D-08 yielded   3466 shell pairs
 There are  47748 function pairs ( 66451 Cartesian)
 ---------------------------------------
  Cycle       Energy         DIIS Error
 ---------------------------------------
    1   -1917.6608791312      2.02E-02
    2   -1916.2712161131      1.96E-03
    3   -1916.2696716495      2.28E-03
    4   -1916.3335662380      2.89E-04
    5   -1916.3349909795      1.03E-04
    6   -1916.3352410037      2.32E-05
    7   -1916.3352636633      7.04E-06 Convergence criterion met
 ---------------------------------------
 One-Electron    Energy = -3632.2397182762
 Total Coulomb   Energy =  1342.8960608634
 Alpha Exchange  Energy =    -5.8153078410
 Beta  Exchange  Energy =    -5.8153078410
 DFT   Exchange  Energy =  -108.4174316631
 DFT Correlation Energy =    -3.0882185773
 Nuclear Repu.   Energy =   496.1446596719
 Nuclear Attr.   Energy = -5546.0203941881
 Kinetic         Energy =  1913.7806759118
 SCF time:  CPU 380.48 s  wall 382.07 s
 Final Alpha MO Eigenvalues
            1           2           3           4           5           6
    1-100.8447675-100.8447671-100.8446437-100.8446422 -10.1729966 -10.1724347
            7           8           9          10          11          12
    1  -9.3654292  -9.3654182  -9.3653304  -9.3653216  -7.1879644  -7.1879627
           13          14          15          16          17          18
    1  -7.1878735  -7.1878713  -7.1771625  -7.1771612  -7.1770711  -7.1770695
           19          20          21          22          23          24
    1  -7.1762638  -7.1762631  -7.1761727  -7.1761712  -1.0529829  -0.9987255
           25          26          27          28          29          30
    1  -0.9567168  -0.9307559  -0.8212565  -0.6612773  -0.6081763  -0.6065318
           31          32          33          34          35          36
    1  -0.5570395  -0.5292542  -0.4816825  -0.4551604  -0.4460189  -0.4447073
           37          38          39          40          41          42
    1  -0.4376308  -0.4292175  -0.3977916  -0.3396506   0.0215990   0.0435305
           43          44          45
    1   0.0471618   0.0528553   0.0705572
 Analysis of SCF Wavefunction
 
 --------------------------------------------------------------
                    Orbital Energies (a.u.)
 --------------------------------------------------------------
 
 Alpha MOs
 -- Occupied --
*******-100.845-100.845-100.845 -10.173 -10.172  -9.365  -9.365
 -9.365  -9.365  -7.188  -7.188  -7.188  -7.188  -7.177  -7.177
 -7.177  -7.177  -7.176  -7.176  -7.176  -7.176  -1.053  -0.999
 -0.957  -0.931  -0.821  -0.661  -0.608  -0.607  -0.557  -0.529
 -0.482  -0.455  -0.446  -0.445  -0.438  -0.429  -0.398  -0.340
 -- Virtual --
  0.022   0.044   0.047   0.053   0.071   0.088   0.089   0.091
  0.107   0.121   0.135   0.135   0.144   0.161   0.163   0.167
  0.179   0.179   0.193   0.193   0.203   0.204   0.224   0.239
  0.245   0.259   0.261   0.263   0.265   0.276   0.293   0.316
  0.331   0.343   0.352   0.364   0.394   0.397   0.417   0.421
  0.422   0.422   0.460   0.468   0.498   0.499   0.512   0.524
  0.526   0.542   0.547   0.561   0.562   0.582   0.612   0.625
  0.625   0.642   0.658   0.663   0.668   0.697   0.711   0.788
  0.801   0.808   0.821   0.847   0.853   0.871   0.904   0.953
  0.974   0.984   1.023   1.025   1.052   1.053   1.067   1.070
  1.086   1.096   1.108   1.124   1.131   1.135   1.143   1.158
  1.160   1.162   1.177   1.179   1.187   1.190   1.193   1.199
  1.223   1.235   1.240   1.260   1.288   1.301   1.305   1.337
  1.339   1.366   1.432   1.446   1.455   1.470   1.474   1.511
  1.525   1.572   1.598   1.617   1.629   1.653   1.669   1.704
  1.709   1.721   1.731   1.734   1.810   1.811   1.825   1.873
  1.888   1.899   2.071   2.164   2.182   2.194   2.248   2.264
  2.331   2.341   2.357   2.429   2.494   2.538   2.623   2.636
  2.747   2.852   2.860   2.877   3.023   3.024   3.123   3.128
  3.177   3.298   3.298   3.300   3.370   3.434   3.453   3.482
  3.512   3.513   3.594   3.613   3.639   3.663   3.761   3.914
  3.983   3.985   4.290   4.296   4.336   4.341   4.342   4.355
  4.365   4.370   4.372   4.420   4.422   4.429   4.433   4.459
  4.460   4.481   4.487   4.490   4.495   4.511   4.543   4.582
  4.589   4.601   4.604   4.632   4.646   4.654   4.724   4.763
  4.935   5.005   5.030   5.049   5.066   5.073   5.087   5.090
  5.151   5.165   5.188   5.206   5.250   5.284   5.314   5.327
  5.462   5.543   5.682   5.833   6.107   6.115   9.750   9.879
  9.925  10.059  20.473  20.481  20.495  20.523  20.527  20.556
 20.563  20.613  20.720  20.806  20.854  20.882  23.504  24.373
 27.008  27.011  27.029  27.052  27.058  27.060  27.068  27.069
 27.083  27.096  27.101  27.110  27.111  27.135  27.137  27.146
 27.146  27.200  27.220  27.256  27.273  27.358  28.063  28.080
 28.172  28.286  36.709  36.710  36.711  36.713  36.713  36.713
 36.713  36.717  36.722  36.722  36.723  36.724  36.725  36.725
 36.725  36.725  36.727  36.729  36.731  36.733  36.736  36.742
 36.744  36.744  36.748  36.749  36.754  36.762  40.662  40.717
 40.758  40.953  40.955  41.002  41.035  41.051  41.078  41.123
215.626 215.767 215.804 215.979
 --------------------------------------------------------------
 
          Ground-State Mulliken Net Atomic Charges

     Atom                 Charge (a.u.)
  ----------------------------------------
      1 C                     0.646775
      2 C                     0.647391
      3 Cl                   -0.323063
      4 Cl                   -0.323877
      5 Cl                   -0.323289
      6 Cl                   -0.323937
  ----------------------------------------
  Sum of atomic charges =     0.000000

 -----------------------------------------------------------------
                    Cartesian Multipole Moments
 -----------------------------------------------------------------
    Charge (ESU x 10^10)
                 0.0000
    Dipole Moment (Debye)
         X       0.0000      Y       0.0000      Z       0.0000
       Tot       0.0000
    Quadrupole Moments (Debye-Ang)
        XX     -58.3333     XY       0.0014     YY     -61.2110
        XZ      -0.0016     YZ      -0.0008     ZZ     -60.2935
    Octapole Moments (Debye-Ang^2)
       XXX       0.0000    XXY       0.0000    XYY       0.0000
       YYY       0.0000    XXZ     -39.2825    XYZ       0.0009
       YYZ     -41.2204    XZZ      -0.0021    YZZ      -0.0010
       ZZZ    -121.8076
    Hexadecapole Moments (Debye-Ang^3)
      XXXX    -644.8655   XXXY       0.0002   XXYY    -128.4955
      XYYY       0.0025   YYYY     -68.7855   XXXZ      -0.0055
      XXYZ      -0.0058   XYYZ       0.0003   YYYZ      -0.0013
      XXZZ    -248.5083   XYZZ       0.0110   YYZZ    -181.9743
      XZZZ      -0.0044   YZZZ      -0.0074   ZZZZ    -997.7677
 -----------------------------------------------------------------
 Total job time:  382.70s(wall), 381.04s(cpu) 
 Wed Mar 26 10:33:00 2014

        *************************************************************
        *                                                           *
        *  Thank you very much for using Q-Chem.  Have a nice day.  *
        *                                                           *
        *************************************************************


0 sent ACK to 0 
now end server 0 ... 
 
**********************************************************************
Job 3 of 3 
**********************************************************************
 
Process 0 of 1 is on cl132 - thread support 1
initial socket setup ...start
initial socket setup ...done 
now start server 0 ... 

cmd = /usr/bin/ssh clhead /usr/local/qchem/bin/get_hostid 681001636 > /tmp/1603279.1.medium.q/qchem29741/lic.dat

cmd = /usr/bin/ssh clhead /usr/local/qchem/bin/get_hostid 681001636 > /tmp/1603279.1.medium.q/qchem29741/lic.dat

cmd = /usr/bin/ssh clhead /usr/local/qchem/bin/get_hostid 681001636 > /tmp/1603279.1.medium.q/qchem29741/lic.dat

cmd = /usr/bin/ssh clhead /usr/local/qchem/bin/get_hostid 681001636 > /tmp/1603279.1.medium.q/qchem29741/lic.dat

cmd = /usr/bin/ssh clhead /usr/local/qchem/bin/get_hostid 681001636 > /tmp/1603279.1.medium.q/qchem29741/lic.dat
                  Welcome to Q-Chem
     A Quantum Leap Into The Future Of Chemistry

 Y. Shao, L. Fusti-Molnar, Y. Jung, J. Kussmann, C. Ochsenfeld,
 S. T. Brown, A. T. B. Gilbert, L. V. Slipchenko,S. V. Levchenko,
 D. P. O'Neill, R. A. DiStasio Jr., R. C. Lochan, T. Wang,
 G. J. O. Beran, N. A. Besley, J. M. Herbert, C. Y. Lin,
 T. Van Voorhis, S. H. Chien, A. Sodt, R. P. Steele, 
 V. A. Rassolov, P. E. Maslen, P. P. Korambath, R. D. Adamson,
 B. Austin, J. Baker, E. F. C. Byrd, H. Dachsel, R. J. Doerksen,
 A. Dreuw, B. D. Dunietz, A. D. Dutoi, T. R. Furlani,
 S. R. Gwaltney, A. Heyden, S. Hirata, C.-P. Hsu, G. Kedziora,
 R. Z. Khaliullin, P. Klunzinger, A. M. Lee, M. S. Lee, W. Liang,
 I. Lotan, N. Nair, B. Peters, E. I. Proynov, P. A. Pieniazek, 
 Y. M. Rhee, J. Ritchie, E. Rosta, C. D. Sherrill, 
 A. C. Simmonett, J. E. Subotnik, H. L. Woodcock III,
 W. Zhang, A. T. Bell, A. K. Chakraborty, D. M. Chipman,
 F. J. Keil, A. Warshel, W. J. Hehre, H. F. Schaefer III,
 J. Kong, A. I. Krylov, P. M. W. Gill, M. Head-Gordon,
 Q-Chem, Version 3.1, Q-Chem, Inc., Pittsburgh, PA (2007).

 Additional authors for Version 3.1: 
 Z. Gan, Y. Zhao, N. E. Schultz, D. Truhlar, E. Epifanovsky and M. Oana.

 Additional authors for Version 3.2: 
 R. Baer, B. R. Brooks, D. Casanova, J.-D. Chai, C.-L. Cheng, 
 C. Cramer, D. Crittenden, A. Ghysels, G. Hawkins, E. G. Hohenstein, 
 C. Kelley, W. Kurlancheek, D. Liotard, E. Livshits, P. Manohar, 
 A. Marenich, D. Neuhauser, R. Olson, M. A. Rohrdanz, K. S. Thanthiriwatte, 
 A. J. W. Thom, V. Vanovschi, C. F. Williams, Q. Wu and Z.-Q. You. 


 Intel X86 Linux Version

 Q-chem begins on Wed Mar 26 10:33:04 2014  

 Parallel job on  1  processors
Processing $rem in /usr/local/qchem/config/preferences.

theFileMan(): MAXOPENFILES=974 MAX_SUB_FILE_NUM=16
Maximum size of a physical file is 2.0 GB, maximum size of a tmp-file is 32.0 GB


--------------------------------------------------------------
User input:
--------------------------------------------------------------

$molecule
1,2
C          0.00000        0.00000        0.00427
C          0.00000        0.00000        1.34256
Cl         1.44225        0.00000       -0.90517
Cl        -1.44225        0.00000       -0.90517
Cl        -1.44225        0.00000        2.25200
Cl         1.44225        0.00000        2.25200
$end

$comment
positive
$end

$xc_functional
C PBE   1.00
X wPBE  1.00
$end

$rem
SYMMETRY_DECOMPOSITION	0
LRC_DFT                 true
exchange 		general
BASIS                   g3large
omega			270
mem_static              760
max_scf_cycles          200
scf_final_print         1
sym_ignore              true
$end

--------------------------------------------------------------
 Writing REM_CC_EA            6
 ----------------------------------------------------
       Standard Nuclear Orientation (Angstroms)
    I     Atom         X            Y            Z
 ----------------------------------------------------
    1      C       0.000000     0.000000     0.004270
    2      C       0.000000     0.000000     1.342560
    3      Cl      1.442250     0.000000    -0.905170
    4      Cl     -1.442250     0.000000    -0.905170
    5      Cl     -1.442250     0.000000     2.252000
    6      Cl      1.442250     0.000000     2.252000
 ----------------------------------------------------
 Nuclear Repulsion Energy =   496.1446596895 hartrees
 There are       40 alpha and       39 beta electrons
 Requested basis set is G3large
 There are 96 shells and 348 basis functions

Total QAlloc Memory Limit   2000 MB
Mega-Array Size       743 MB
MEM_STATIC part       760 MB

                       Distance Matrix (Angstroms)
             C (  1)   C (  2)   Cl(  3)   Cl(  4)   Cl(  5)
   C (  2)  1.338290
   Cl(  3)  1.705041  2.670651
   Cl(  4)  1.705041  2.670651  2.884500
   Cl(  5)  2.670651  1.705041  4.276454  3.157170
   Cl(  6)  2.670651  1.705041  3.157170  4.276454  2.884500
 
 A cutoff of  1.0D-08 yielded   3466 shell pairs
 There are  47748 function pairs ( 66451 Cartesian)
Evaluating contribution to one-electron hamiltonian from nuclear
 Smallest overlap matrix eigenvalue = 9.65E-06

 Q-Chem warning in module mkSTV.C, line 194:

 Overlap eigenvalue is smaller than square root of threshold

 Multipole matrices computed through 2nd order

  Scale SEOQF with 1.000000e-01/1.000000e-01/1.000000e-01

 Standard Electronic Orientation quadrupole field applied
 Nucleus-field energy     =    -0.0000000176 hartrees
 Guess from superposition of atomic densities
 Warning:  Energy on first SCF cycle will be non-variational
 Long-range K will be added via erf
 Coulomb attenuation parameter = 0.27 bohr**(-1)
 An unrestricted Kohn-Sham SCF calculation will be
 performed using Pulay DIIS extrapolation
 Exchange:  wPBE + LR-HF      Correlation:  PBE
 Using SG-1 standard quadrature grid
 SCF converges when DIIS error is below 1.0E-05
 Requested basis set is G3large
 There are 96 shells and 348 basis functions
 A cutoff of  1.0D-08 yielded   3466 shell pairs
 There are  47748 function pairs ( 66451 Cartesian)
 Warning!  Inaccurate integrated density:
   Number of electrons =    79
   Numerical integral  =    80.000162316382
   Relative error      =     1.2660282486 %
 ---------------------------------------
  Cycle       Energy         DIIS Error
 ---------------------------------------
    1   -1917.6608791312      2.02E-02
    2   -1915.8277044761      2.99E-03
    3   -1915.6827487843      4.81E-03
    4   -1915.9902986931      3.78E-04
    5   -1915.9925140028      1.51E-04
    6   -1915.9930965885      3.31E-05
    7   -1915.9932264099      1.28E-05
    8   -1915.9932672995      6.68E-06 Convergence criterion met
 ---------------------------------------
 One-Electron    Energy = -3615.1478104311
 Total Coulomb   Energy =  1325.7878134661
 Alpha Exchange  Energy =    -5.8218823549
 Beta  Exchange  Energy =    -5.6707081258
 DFT   Exchange  Energy =  -108.2353650391
 DFT Correlation Energy =    -3.0499744867
 Nuclear Repu.   Energy =   496.1446596719
 Nuclear Attr.   Energy = -5528.4978129178
 Kinetic         Energy =  1913.3500024868
 <S^2> = 0.7534
 SCF time:  CPU 534.67 s  wall 536.99 s
 Final Alpha MO Eigenvalues
            1           2           3           4           5           6
    1-101.0613060-101.0613053-101.0610417-101.0610399 -10.4217560 -10.4211861
            7           8           9          10          11          12
    1  -9.5801183  -9.5801120  -9.5799129  -9.5799092  -7.4026630  -7.4026611
           13          14          15          16          17          18
    1  -7.4024577  -7.4024552  -7.3942622  -7.3942607  -7.3940527  -7.3940508
           19          20          21          22          23          24
    1  -7.3896872  -7.3896858  -7.3894840  -7.3894823  -1.2775805  -1.2110911
           25          26          27          28          29          30
    1  -1.1681016  -1.1405924  -1.0561980  -0.8729997  -0.8223494  -0.8212375
           31          32          33          34          35          36
    1  -0.7878315  -0.7381533  -0.6943943  -0.6604498  -0.6528033  -0.6473975
           37          38          39          40          41          42
    1  -0.6382916  -0.6374354  -0.5992327  -0.5670873  -0.2088367  -0.1603064
           43          44          45
    1  -0.1415080  -0.1391028  -0.0889563
 Final Beta MO Eigenvalues
            1           2           3           4           5           6
    1-101.0604328-101.0604320-101.0601707-101.0601688 -10.4174832 -10.4169553
            7           8           9          10          11          12
    1  -9.5793624  -9.5793565  -9.5791594  -9.5791528  -7.4023334  -7.4023314
           13          14          15          16          17          18
    1  -7.4021302  -7.4021277  -7.3917406  -7.3917397  -7.3915368  -7.3915352
           19          20          21          22          23          24
    1  -7.3892590  -7.3892579  -7.3890573  -7.3890557  -1.2690676  -1.2068735
           25          26          27          28          29          30
    1  -1.1638616  -1.1360635  -1.0402938  -0.8657848  -0.8182691  -0.8163550
           31          32          33          34          35          36
    1  -0.7585165  -0.7354813  -0.6756185  -0.6577935  -0.6453712  -0.6364193
           37          38          39          40          41          42
    1  -0.6283528  -0.6190043  -0.5970068  -0.3440914  -0.1707588  -0.1556841
           43          44
    1  -0.1342229  -0.1336795
 Analysis of SCF Wavefunction
 
 --------------------------------------------------------------
                    Orbital Energies (a.u.)
 --------------------------------------------------------------
 
 Alpha MOs
 -- Occupied --
*******-101.061-101.061-101.061 -10.422 -10.421  -9.580  -9.580
 -9.580  -9.580  -7.403  -7.403  -7.402  -7.402  -7.394  -7.394
 -7.394  -7.394  -7.390  -7.390  -7.389  -7.389  -1.278  -1.211
 -1.168  -1.141  -1.056  -0.873  -0.822  -0.821  -0.788  -0.738
 -0.694  -0.660  -0.653  -0.647  -0.638  -0.637  -0.599  -0.567
 -- Virtual --
 -0.209  -0.160  -0.142  -0.139  -0.089  -0.048  -0.044  -0.040
 -0.038  -0.022  -0.001  -0.001  -0.001   0.014   0.024   0.026
  0.037   0.037   0.038   0.042   0.049   0.066   0.070   0.077
  0.079   0.085   0.090   0.106   0.109   0.128   0.157   0.158
  0.159   0.164   0.180   0.182   0.206   0.208   0.226   0.231
  0.239   0.248   0.277   0.290   0.308   0.328   0.330   0.348
  0.348   0.370   0.386   0.388   0.390   0.400   0.431   0.446
  0.450   0.461   0.478   0.491   0.493   0.494   0.514   0.598
  0.610   0.611   0.625   0.645   0.653   0.662   0.707   0.766
  0.776   0.790   0.830   0.832   0.853   0.855   0.868   0.873
  0.892   0.900   0.914   0.928   0.934   0.947   0.948   0.965
  0.967   0.968   0.983   0.986   0.993   0.998   0.999   1.006
  1.030   1.040   1.041   1.059   1.092   1.094   1.113   1.142
  1.148   1.166   1.235   1.257   1.259   1.272   1.284   1.322
  1.322   1.386   1.397   1.409   1.431   1.452   1.464   1.501
  1.505   1.532   1.537   1.540   1.603   1.610   1.625   1.679
  1.694   1.700   1.863   1.965   1.978   1.989   2.045   2.067
  2.126   2.135   2.158   2.226   2.294   2.328   2.423   2.436
  2.502   2.608   2.620   2.628   2.786   2.796   2.890   2.897
  2.945   3.071   3.074   3.076   3.138   3.188   3.232   3.252
  3.284   3.294   3.362   3.377   3.411   3.423   3.519   3.689
  3.747   3.764   4.071   4.078   4.123   4.127   4.129   4.143
  4.153   4.158   4.160   4.203   4.211   4.213   4.222   4.249
  4.249   4.270   4.274   4.282   4.282   4.294   4.335   4.367
  4.376   4.391   4.395   4.397   4.439   4.446   4.509   4.549
  4.721   4.794   4.819   4.839   4.854   4.862   4.862   4.879
  4.936   4.951   4.977   4.992   5.036   5.068   5.104   5.117
  5.248   5.329   5.468   5.619   5.894   5.900   9.538   9.667
  9.714   9.848  20.256  20.264  20.279  20.310  20.311  20.343
 20.351  20.400  20.506  20.592  20.640  20.669  23.258  24.124
 26.793  26.794  26.796  26.836  26.842  26.844  26.848  26.854
 26.868  26.881  26.887  26.895  26.895  26.919  26.921  26.929
 26.932  26.965  27.004  27.037  27.053  27.106  27.818  27.842
 27.933  28.046  36.495  36.495  36.497  36.498  36.498  36.498
 36.498  36.502  36.508  36.508  36.508  36.509  36.510  36.510
 36.510  36.511  36.513  36.513  36.518  36.518  36.521  36.528
 36.529  36.530  36.534  36.534  36.540  36.548  40.409  40.469
 40.505  40.701  40.703  40.751  40.789  40.798  40.831  40.877
215.410 215.552 215.589 215.763
 
 Beta MOs
 -- Occupied --
*******-101.060-101.060-101.060 -10.417 -10.417  -9.579  -9.579
 -9.579  -9.579  -7.402  -7.402  -7.402  -7.402  -7.392  -7.392
 -7.392  -7.392  -7.389  -7.389  -7.389  -7.389  -1.269  -1.207
 -1.164  -1.136  -1.040  -0.866  -0.818  -0.816  -0.759  -0.735
 -0.676  -0.658  -0.645  -0.636  -0.628  -0.619  -0.597
 -- Virtual --
 -0.344  -0.171  -0.156  -0.134  -0.134  -0.088  -0.047  -0.044
 -0.038  -0.036  -0.021  -0.001   0.000   0.000   0.018   0.025
  0.027   0.038   0.040   0.041   0.042   0.050   0.068   0.074
  0.077   0.085   0.088   0.091   0.106   0.110   0.129   0.159
  0.161   0.161   0.165   0.182   0.186   0.213   0.213   0.237
  0.238   0.242   0.252   0.281   0.290   0.318   0.334   0.335
  0.350   0.353   0.371   0.387   0.391   0.392   0.405   0.435
  0.449   0.454   0.476   0.480   0.493   0.494   0.505   0.516
  0.605   0.611   0.614   0.628   0.654   0.660   0.674   0.710
  0.769   0.777   0.791   0.835   0.835   0.858   0.859   0.874
  0.876   0.897   0.906   0.917   0.932   0.938   0.950   0.952
  0.969   0.973   0.973   0.986   0.990   0.999   1.000   1.005
  1.012   1.034   1.043   1.044   1.064   1.096   1.101   1.117
  1.147   1.149   1.171   1.240   1.260   1.262   1.275   1.288
  1.324   1.331   1.387   1.406   1.416   1.434   1.460   1.473
  1.508   1.510   1.536   1.542   1.543   1.606   1.619   1.628
  1.681   1.698   1.703   1.870   1.966   1.987   1.997   2.052
  2.069   2.135   2.136   2.160   2.227   2.297   2.331   2.424
  2.438   2.529   2.635   2.640   2.649   2.805   2.807   2.907
  2.909   2.960   3.075   3.081   3.086   3.154   3.212   3.235
  3.267   3.296   3.297   3.378   3.391   3.421   3.445   3.540
  3.693   3.764   3.770   4.073   4.081   4.132   4.136   4.137
  4.150   4.161   4.167   4.168   4.209   4.218   4.222   4.228
  4.254   4.255   4.274   4.282   4.286   4.290   4.303   4.337
  4.375   4.384   4.395   4.399   4.413   4.440   4.447   4.512
  4.552   4.723   4.796   4.821   4.841   4.857   4.864   4.866
  4.881   4.939   4.953   4.980   4.994   5.039   5.072   5.104
  5.118   5.249   5.331   5.470   5.620   5.895   5.902   9.540
  9.669   9.716   9.850  20.260  20.269  20.283  20.311  20.315
 20.344  20.352  20.401  20.507  20.592  20.640  20.669  23.263
 24.130  26.795  26.798  26.802  26.839  26.845  26.846  26.849
 26.856  26.870  26.883  26.887  26.895  26.897  26.921  26.921
 26.931  26.932  26.972  27.004  27.038  27.054  27.119  27.821
 27.844  27.935  28.048  36.496  36.496  36.498  36.499  36.499
 36.499  36.499  36.503  36.508  36.509  36.509  36.509  36.511
 36.511  36.511  36.512  36.514  36.514  36.518  36.518  36.522
 36.529  36.529  36.530  36.534  36.535  36.540  36.548  40.419
 40.473  40.516  40.710  40.713  40.760  40.791  40.807  40.834
 40.879 215.411 215.552 215.590 215.764
 --------------------------------------------------------------
 
          Ground-State Mulliken Net Atomic Charges

     Atom                 Charge (a.u.)    Spin (a.u.)
  --------------------------------------------------------
      1 C                     0.708890       0.243538
      2 C                     0.708981       0.243443
      3 Cl                   -0.104310       0.128301
      4 Cl                   -0.104631       0.128203
      5 Cl                   -0.104239       0.128304
      6 Cl                   -0.104693       0.128211
  --------------------------------------------------------
  Sum of atomic charges =     1.000000
  Sum of spin   charges =     1.000000

 -----------------------------------------------------------------
                    Cartesian Multipole Moments
 -----------------------------------------------------------------
    Charge (ESU x 10^10)
                 4.8032
    Dipole Moment (Debye)
         X       0.0000      Y       0.0000      Z       3.2346
       Tot       3.2346
    Quadrupole Moments (Debye-Ang)
        XX     -43.5719     XY      -0.0070     YY     -56.3685
        XZ       0.0025     YZ      -0.0034     ZZ     -41.2125
    Octapole Moments (Debye-Ang^2)
       XXX       0.0000    XXY       0.0000    XYY       0.0000
       YYY       0.0000    XXZ     -29.3420    XYZ      -0.0047
       YYZ     -37.9594    XZZ       0.0033    YZZ      -0.0046
       ZZZ     -86.1931
    Hexadecapole Moments (Debye-Ang^3)
      XXXX    -563.5097   XXXY      -0.0595   XXYY    -114.5128
      XYYY      -0.0074   YYYY     -58.0662   XXXZ       0.0053
      XXYZ      -0.0010   XYYZ      -0.0020   YYYZ      -0.0033
      XXZZ    -187.0275   XYZZ       0.0078   YYZZ    -163.8656
      XZZZ       0.0072   YZZZ      -0.0359   ZZZZ    -845.4477
 -----------------------------------------------------------------
 Total job time:  537.60s(wall), 535.25s(cpu) 
 Wed Mar 26 10:42:02 2014

        *************************************************************
        *                                                           *
        *  Thank you very much for using Q-Chem.  Have a nice day.  *
        *                                                           *
        *************************************************************


0 sent ACK to 0 
now end server 0 ... 
