Process 0 of 1 is on cl217.stfx.acenet.ca - thread support 1
initial socket setup ...start
initial socket setup ...done 
now start server 0 ... 

cmd = /usr/bin/ssh clhead /usr/local/qchem/bin/get_hostid 798295525 > /scratch/tmp/6027736.1.medium.q/qchem15064/lic.dat
                  Welcome to Q-Chem
     A Quantum Leap Into The Future Of Chemistry

 Y. Shao, L. Fusti-Molnar, Y. Jung, J. Kussmann, C. Ochsenfeld,
 S. T. Brown, A. T. B. Gilbert, L. V. Slipchenko,S. V. Levchenko,
 D. P. O'Neill, R. A. DiStasio Jr., R. C. Lochan, T. Wang,
 G. J. O. Beran, N. A. Besley, J. M. Herbert, C. Y. Lin,
 T. Van Voorhis, S. H. Chien, A. Sodt, R. P. Steele, 
 V. A. Rassolov, P. E. Maslen, P. P. Korambath, R. D. Adamson,
 B. Austin, J. Baker, E. F. C. Byrd, H. Dachsel, R. J. Doerksen,
 A. Dreuw, B. D. Dunietz, A. D. Dutoi, T. R. Furlani,
 S. R. Gwaltney, A. Heyden, S. Hirata, C.-P. Hsu, G. Kedziora,
 R. Z. Khaliullin, P. Klunzinger, A. M. Lee, M. S. Lee, W. Liang,
 I. Lotan, N. Nair, B. Peters, E. I. Proynov, P. A. Pieniazek, 
 Y. M. Rhee, J. Ritchie, E. Rosta, C. D. Sherrill, 
 A. C. Simmonett, J. E. Subotnik, H. L. Woodcock III,
 W. Zhang, A. T. Bell, A. K. Chakraborty, D. M. Chipman,
 F. J. Keil, A. Warshel, W. J. Hehre, H. F. Schaefer III,
 J. Kong, A. I. Krylov, P. M. W. Gill, M. Head-Gordon,
 Q-Chem, Version 3.1, Q-Chem, Inc., Pittsburgh, PA (2007).

 Additional authors for Version 3.1: 
 Z. Gan, Y. Zhao, N. E. Schultz, D. Truhlar, E. Epifanovsky and M. Oana.

 Additional authors for Version 3.2: 
 R. Baer, B. R. Brooks, D. Casanova, J.-D. Chai, C.-L. Cheng, 
 C. Cramer, D. Crittenden, A. Ghysels, G. Hawkins, E. G. Hohenstein, 
 C. Kelley, W. Kurlancheek, D. Liotard, E. Livshits, P. Manohar, 
 A. Marenich, D. Neuhauser, R. Olson, M. A. Rohrdanz, K. S. Thanthiriwatte, 
 A. J. W. Thom, V. Vanovschi, C. F. Williams, Q. Wu and Z.-Q. You. 


 Intel X86 Linux Version

 Q-chem begins on Mon Jun  3 17:03:51 2013  

 Parallel job on  1  processors
Processing $rem in /usr/local/qchem/config/preferences.

theFileMan(): MAXOPENFILES=974 MAX_SUB_FILE_NUM=16
Maximum size of a physical file is 2.0 GB, maximum size of a tmp-file is 32.0 GB


--------------------------------------------------------------
User input:
--------------------------------------------------------------

$molecule
-1,2
O
C1,O,r1
H1,C1,r2,O,a1
H,O,roh,C1,aoh,H1,toh,0
C2,C1,r3a,O,a2a,H1,t1a,0
C3,C1,r3b,O,a2b,H1,-t1b,0
H,C2,r4a,C1,a4a,H1,t2a,0
H,C3,r5a,C1,a5a,H1,-t2b,0
H,C2,r4b,C1,a4b,H1,t3a,0
H,C3,r5b,C1,a5b,H1,-t3b,0
H,C2,r4c,C1,a4c,H1,-t4a,0
H,C3,r5c,C1,a5c,H1,t4b,0

r1=1.43111827
r2=1.9557364
roh=2.07916264
r3a=1.52393712
r3b=1.53017411
r4a=1.09587708
r5a=1.09583825
r4b=1.09448657
r5b=1.09801539
r4c=1.0954512
r5c=1.0964078
a1=28.22171182
aoh=30.02045037
a2a=106.21524706
a2b=111.13113306
a4a=110.2041443
a5a=110.24366741
a4b=110.29321839
a5b=111.03931704
a4c=110.82961388
a5c=111.23833611
toh=-62.32359188
t1a=179.44473237
t1b=57.80032287
t2a=63.0172795
t2b=83.272013
t3a=-56.37337218
t3b=-36.4963859
t4a=176.72748761
t4b=156.21533884

$end

$comment
negative
$end

$xc_functional
C PBE   1.00
X wPBE  1.00
$end

$rem
SYMMETRY_DECOMPOSITION	0
exchange 		general
LRC_DFT                 true
BASIS                   g3large
omega			700
mem_static              760
max_scf_cycles          200
scf_final_print         1
sym_ignore              true
$end

--------------------------------------------------------------
 Writing REM_CC_EA           12
 ----------------------------------------------------
       Standard Nuclear Orientation (Angstroms)
    I     Atom         X            Y            Z
 ----------------------------------------------------
    1      O       0.000000     0.000000     0.000000
    2      C       0.000000     0.000000     1.431118
    3      H       0.924838     0.000000    -0.292129
    4      H       0.483161     0.921207     1.800236
    5      C      -1.463245     0.014181     1.856673
    6      C       0.760558    -1.207760     1.982752
    7      H      -1.967442    -0.894454     1.508657
    8      H       0.298586    -2.138301     1.634130
    9      H      -1.976608     0.877600     1.422084
   10      H       1.806714    -1.200668     1.649367
   11      H      -1.551233     0.066921     2.947310
   12      H       0.763328    -1.208441     3.079156
 ----------------------------------------------------
 Nuclear Repulsion Energy =   134.3979926221 hartrees
 There are       18 alpha and       17 beta electrons
 Requested basis set is G3large
 There are 88 shells and 248 basis functions

Total QAlloc Memory Limit   2000 MB
Mega-Array Size       743 MB
MEM_STATIC part       760 MB

                       Distance Matrix (Angstroms)
             O (  1)   C (  2)   H (  3)   H (  4)   C (  5)   C (  6)
   C (  2)  1.431118
   H (  3)  0.969878  1.955736
   H (  4)  2.079163  1.103773  2.328453
   C (  5)  2.364005  1.523937  3.212552  2.148110
   C (  6)  2.443039  1.530174  2.580844  2.154707  2.540539
   H (  7)  2.635701  2.162611  3.522521  3.063836  1.095877  2.786558
   H (  8)  2.707742  2.168571  2.945335  3.069568  2.790476  1.095838
   H (  9)  2.588336  2.162693  3.482398  2.489048  1.094487  3.486424
   H ( 10)  2.725111  2.180241  2.447185  2.505376  3.494491  1.098015
   H ( 11)  3.331282  2.170171  4.077912  2.486833  1.095451  2.810617
   H ( 12)  3.394731  2.181519  3.584965  2.499906  2.819024  1.096408
             H (  7)   H (  8)   H (  9)   H ( 10)   H ( 11)
   H (  8)  2.588007
   H (  9)  1.774192  3.783799
   H ( 10)  3.789170  1.775904  4.322543
   H ( 11)  1.779661  3.163745  1.778892  3.816706
   H ( 12)  3.165779  1.780091  3.821610  1.770031  2.645964
 
 A cutoff of  1.0D-08 yielded   3639 shell pairs
 There are  28920 function pairs ( 34904 Cartesian)
Evaluating contribution to one-electron hamiltonian from nuclear
 Smallest overlap matrix eigenvalue = 4.89E-05

 Q-Chem warning in module mkSTV.C, line 194:

 Overlap eigenvalue is smaller than square root of threshold

 Multipole matrices computed through 2nd order

  Scale SEOQF with 1.000000e-01/1.000000e-01/1.000000e-01

 Standard Electronic Orientation quadrupole field applied
 Nucleus-field energy     =    -0.0000000069 hartrees
 Guess from superposition of atomic densities
 Warning:  Energy on first SCF cycle will be non-variational
 Long-range K will be added via erf
 Coulomb attenuation parameter = 0.7 bohr**(-1)
 An unrestricted Kohn-Sham SCF calculation will be
 performed using Pulay DIIS extrapolation
 Exchange:  wPBE + LR-HF      Correlation:  PBE
 Using SG-1 standard quadrature grid
 SCF converges when DIIS error is below 1.0E-05
 Requested basis set is G3large
 There are 88 shells and 248 basis functions
 A cutoff of  1.0D-08 yielded   3639 shell pairs
 There are  28920 function pairs ( 34904 Cartesian)
 Warning!  Inaccurate integrated density:
   Number of electrons =    35
   Numerical integral  =    34.000227111547
   Relative error      =    -2.8564939670 %
 ---------------------------------------
  Cycle       Energy         DIIS Error
 ---------------------------------------
    1    -195.3404675706      2.80E-02
    2    -194.1576579579      3.77E-03
    3    -194.2543958545      2.62E-03
    4    -194.2936424224      5.06E-04
    5    -194.2976911578      1.99E-04
    6    -194.2987621161      6.02E-05
    7    -194.2991364231      2.87E-05
    8    -194.2993707850      2.02E-05
    9    -194.2995297150      1.46E-05
   10    -194.2996576489      7.51E-06 Convergence criterion met
 ---------------------------------------
 One-Electron    Energy =  -533.4731154477
 Total Coulomb   Energy =   232.6656197325
 Alpha Exchange  Energy =    -5.1786698718
 Beta  Exchange  Energy =    -5.1045799486
 DFT   Exchange  Energy =   -16.4912588601
 DFT Correlation Energy =    -1.1156458684
 Nuclear Repu.   Energy =   134.3979926152
 Nuclear Attr.   Energy =  -726.7931357417
 Kinetic         Energy =   193.3200202940
 <S^2> = 0.7501
 SCF time:  CPU 274.85 s  wall 286.07 s
 Final Alpha MO Eigenvalues
            1           2           3           4           5           6
    1 -18.9712962 -10.1878466 -10.1315804 -10.1164657  -1.1337343  -0.8825040
            7           8           9          10          11          12
    1  -0.7911526  -0.6605677  -0.5664793  -0.5029653  -0.4791887  -0.4262518
           13          14          15          16          17          18
    1  -0.4229349  -0.4050563  -0.3876703  -0.3521827  -0.3060179   0.0267504
           19          20          21          22          23
    1   0.1315456   0.1402905   0.1439585   0.1689447   0.1757191
 Final Beta MO Eigenvalues
            1           2           3           4           5           6
    1 -18.9710956 -10.1876270 -10.1315285 -10.1160580  -1.1329842  -0.8816819
            7           8           9          10          11          12
    1  -0.7900027  -0.6593677  -0.5650532  -0.5016321  -0.4788788  -0.4259966
           13          14          15          16          17          18
    1  -0.4227158  -0.4047664  -0.3871346  -0.3516763  -0.3053085   0.1322455
           19          20          21          22
    1   0.1498011   0.1538037   0.1578605   0.1736053
 Analysis of SCF Wavefunction
 
 --------------------------------------------------------------
                    Orbital Energies (a.u.)
 --------------------------------------------------------------
 
 Alpha MOs
 -- Occupied --
-18.971 -10.188 -10.132 -10.116  -1.134  -0.883  -0.791  -0.661
 -0.566  -0.503  -0.479  -0.426  -0.423  -0.405  -0.388  -0.352
 -0.306   0.027
 -- Virtual --
  0.132   0.140   0.144   0.169   0.176   0.179   0.188   0.238
  0.243   0.266   0.277   0.278   0.282   0.283   0.297   0.304
  0.307   0.327   0.343   0.375   0.393   0.410   0.418   0.433
  0.438   0.465   0.478   0.480   0.493   0.499   0.519   0.546
  0.563   0.587   0.641   0.660   0.693   0.716   0.730   0.736
  0.780   0.797   0.807   0.818   0.820   0.827   0.837   0.870
  0.877   0.895   0.903   0.924   0.935   0.966   1.006   1.056
  1.071   1.121   1.126   1.169   1.198   1.220   1.239   1.262
  1.301   1.334   1.346   1.377   1.398   1.413   1.433   1.451
  1.465   1.494   1.506   1.543   1.566   1.578   1.592   1.607
  1.614   1.633   1.652   1.687   1.731   1.740   1.754   1.772
  1.784   1.827   1.833   1.867   1.884   1.894   1.937   1.939
  2.074   2.183   2.357   2.391   2.594   2.649   2.712   2.832
  2.857   2.897   2.900   2.967   3.014   3.037   3.131   3.153
  3.168   3.199   3.248   3.266   3.275   3.309   3.344   3.433
  3.454   3.486   3.493   3.525   3.556   3.615   3.648   3.659
  3.668   3.694   3.742   3.772   3.849   3.876   3.882   3.909
  3.928   3.973   4.014   4.034   4.070   4.100   4.137   4.157
  4.194   4.229   4.311   4.312   4.328   4.339   4.376   4.442
  4.476   4.522   4.531   4.548   4.556   4.578   4.618   4.645
  4.664   4.672   4.758   4.780   4.815   4.885   4.909   4.942
  4.948   4.992   5.054   5.172   5.420   5.524   5.564   5.628
  5.709   5.737   5.827   5.876   5.913   5.974   5.994   6.020
  6.040   6.184   6.268   6.777   7.347   7.502   7.584   7.630
  7.919   8.034  24.430  24.537  24.640  27.880  28.052  28.356
 28.395  28.424  28.445  28.461  28.645  28.754  41.226  41.277
 41.289  41.294  41.326  41.330  41.436  41.465  41.479  41.494
 41.498  41.521  41.525  41.563  41.595  44.141  44.167  44.213
 44.254  44.322  46.009  46.324  46.698  50.213
 
 Beta MOs
 -- Occupied --
-18.971 -10.188 -10.132 -10.116  -1.133  -0.882  -0.790  -0.659
 -0.565  -0.502  -0.479  -0.426  -0.423  -0.405  -0.387  -0.352
 -0.305
 -- Virtual --
  0.132   0.150   0.154   0.158   0.174   0.183   0.186   0.193
  0.238   0.244   0.264   0.276   0.277   0.280   0.285   0.297
  0.305   0.308   0.326   0.343   0.376   0.393   0.410   0.417
  0.432   0.437   0.463   0.477   0.479   0.492   0.498   0.516
  0.544   0.561   0.585   0.640   0.659   0.693   0.715   0.728
  0.735   0.778   0.797   0.807   0.817   0.818   0.824   0.837
  0.868   0.876   0.894   0.903   0.923   0.933   0.966   1.006
  1.056   1.072   1.121   1.126   1.169   1.198   1.220   1.239
  1.262   1.301   1.334   1.346   1.377   1.398   1.413   1.433
  1.451   1.465   1.494   1.506   1.543   1.566   1.578   1.592
  1.607   1.614   1.633   1.652   1.687   1.730   1.739   1.754
  1.772   1.783   1.826   1.833   1.867   1.884   1.894   1.937
  1.938   2.075   2.184   2.357   2.391   2.594   2.649   2.712
  2.832   2.857   2.897   2.900   2.967   3.014   3.037   3.131
  3.153   3.168   3.199   3.248   3.266   3.275   3.309   3.345
  3.434   3.454   3.486   3.493   3.525   3.557   3.615   3.648
  3.659   3.668   3.694   3.742   3.772   3.849   3.876   3.882
  3.909   3.928   3.973   4.014   4.034   4.071   4.100   4.137
  4.157   4.194   4.229   4.312   4.313   4.328   4.339   4.376
  4.442   4.476   4.522   4.531   4.548   4.557   4.578   4.618
  4.645   4.664   4.672   4.758   4.780   4.815   4.886   4.909
  4.942   4.948   4.992   5.054   5.172   5.420   5.524   5.564
  5.629   5.709   5.737   5.827   5.876   5.913   5.974   5.994
  6.020   6.040   6.184   6.268   6.778   7.347   7.503   7.584
  7.631   7.920   8.034  24.430  24.538  24.641  27.880  28.052
 28.356  28.395  28.425  28.446  28.461  28.645  28.754  41.226
 41.277  41.289  41.294  41.326  41.330  41.436  41.465  41.479
 41.494  41.498  41.521  41.525  41.563  41.596  44.141  44.167
 44.213  44.254  44.322  46.009  46.324  46.698  50.214
 --------------------------------------------------------------
 
          Ground-State Mulliken Net Atomic Charges

     Atom                 Charge (a.u.)    Spin (a.u.)
  --------------------------------------------------------
      1 O                    -0.403235       0.068493
      2 C                     0.122518      -0.084061
      3 H                    -0.190708       0.467691
      4 H                    -0.871744       0.960851
      5 C                     0.450978      -0.738941
      6 C                     2.088242      -2.367920
      7 H                     0.074852       0.007237
      8 H                    -0.195080       0.280343
      9 H                    -0.078494       0.168449
     10 H                    -1.579232       1.676854
     11 H                    -0.067114       0.140150
     12 H                    -0.350981       0.420856
  --------------------------------------------------------
  Sum of atomic charges =    -1.000000
  Sum of spin   charges =     1.000000

 -----------------------------------------------------------------
                    Cartesian Multipole Moments
 -----------------------------------------------------------------
    Charge (ESU x 10^10)
                -4.8032
    Dipole Moment (Debye)
         X      -7.9549      Y       0.6625      Z      -6.2603
       Tot      10.1445
    Quadrupole Moments (Debye-Ang)
        XX     -65.8646     XY       4.4752     YY     -49.8223
        XZ     -11.9728     YZ       0.2631     ZZ     -62.6036
    Octapole Moments (Debye-Ang^2)
       XXX    -121.3672    XXY      26.5299    XYY     -33.5571
       YYY      39.6017    XXZ     -94.8824    XYZ       5.2163
       YYZ     -75.7195    XZZ     -47.4935    YZZ      15.0377
       ZZZ    -251.0729
    Hexadecapole Moments (Debye-Ang^3)
      XXXX    -851.8782   XXXY     119.2378   XXYY    -207.6600
      XYYY      75.9760   YYYY    -407.1556   XXXZ    -147.8677
      XXYZ      40.5102   XYYZ     -42.4377   YYYZ      70.5525
      XXZZ    -345.8811   XYZZ      32.0615   YYZZ    -265.9275
      XZZZ    -140.3182   YZZZ      82.1290   ZZZZ   -1209.4028
 -----------------------------------------------------------------
 Total job time:  286.52s(wall), 275.18s(cpu) 
 Mon Jun  3 17:08:37 2013

        *************************************************************
        *                                                           *
        *  Thank you very much for using Q-Chem.  Have a nice day.  *
        *                                                           *
        *************************************************************


0 sent ACK to 0 
now end server 0 ... 
 
**********************************************************************
Job 2 of 3 
**********************************************************************
 
Process 0 of 1 is on cl217.stfx.acenet.ca - thread support 1
initial socket setup ...start
initial socket setup ...done 
now start server 0 ... 

cmd = /usr/bin/ssh clhead /usr/local/qchem/bin/get_hostid 1250885470 > /scratch/tmp/6027736.1.medium.q/qchem15064/lic.dat
                  Welcome to Q-Chem
     A Quantum Leap Into The Future Of Chemistry

 Y. Shao, L. Fusti-Molnar, Y. Jung, J. Kussmann, C. Ochsenfeld,
 S. T. Brown, A. T. B. Gilbert, L. V. Slipchenko,S. V. Levchenko,
 D. P. O'Neill, R. A. DiStasio Jr., R. C. Lochan, T. Wang,
 G. J. O. Beran, N. A. Besley, J. M. Herbert, C. Y. Lin,
 T. Van Voorhis, S. H. Chien, A. Sodt, R. P. Steele, 
 V. A. Rassolov, P. E. Maslen, P. P. Korambath, R. D. Adamson,
 B. Austin, J. Baker, E. F. C. Byrd, H. Dachsel, R. J. Doerksen,
 A. Dreuw, B. D. Dunietz, A. D. Dutoi, T. R. Furlani,
 S. R. Gwaltney, A. Heyden, S. Hirata, C.-P. Hsu, G. Kedziora,
 R. Z. Khaliullin, P. Klunzinger, A. M. Lee, M. S. Lee, W. Liang,
 I. Lotan, N. Nair, B. Peters, E. I. Proynov, P. A. Pieniazek, 
 Y. M. Rhee, J. Ritchie, E. Rosta, C. D. Sherrill, 
 A. C. Simmonett, J. E. Subotnik, H. L. Woodcock III,
 W. Zhang, A. T. Bell, A. K. Chakraborty, D. M. Chipman,
 F. J. Keil, A. Warshel, W. J. Hehre, H. F. Schaefer III,
 J. Kong, A. I. Krylov, P. M. W. Gill, M. Head-Gordon,
 Q-Chem, Version 3.1, Q-Chem, Inc., Pittsburgh, PA (2007).

 Additional authors for Version 3.1: 
 Z. Gan, Y. Zhao, N. E. Schultz, D. Truhlar, E. Epifanovsky and M. Oana.

 Additional authors for Version 3.2: 
 R. Baer, B. R. Brooks, D. Casanova, J.-D. Chai, C.-L. Cheng, 
 C. Cramer, D. Crittenden, A. Ghysels, G. Hawkins, E. G. Hohenstein, 
 C. Kelley, W. Kurlancheek, D. Liotard, E. Livshits, P. Manohar, 
 A. Marenich, D. Neuhauser, R. Olson, M. A. Rohrdanz, K. S. Thanthiriwatte, 
 A. J. W. Thom, V. Vanovschi, C. F. Williams, Q. Wu and Z.-Q. You. 


 Intel X86 Linux Version

 Q-chem begins on Mon Jun  3 17:08:40 2013  

 Parallel job on  1  processors
Processing $rem in /usr/local/qchem/config/preferences.

theFileMan(): MAXOPENFILES=974 MAX_SUB_FILE_NUM=16
Maximum size of a physical file is 2.0 GB, maximum size of a tmp-file is 32.0 GB


--------------------------------------------------------------
User input:
--------------------------------------------------------------

$molecule
0,1
O
C1,O,r1
H1,C1,r2,O,a1
H,O,roh,C1,aoh,H1,toh,0
C2,C1,r3a,O,a2a,H1,t1a,0
C3,C1,r3b,O,a2b,H1,-t1b,0
H,C2,r4a,C1,a4a,H1,t2a,0
H,C3,r5a,C1,a5a,H1,-t2b,0
H,C2,r4b,C1,a4b,H1,t3a,0
H,C3,r5b,C1,a5b,H1,-t3b,0
H,C2,r4c,C1,a4c,H1,-t4a,0
H,C3,r5c,C1,a5c,H1,t4b,0

r1=1.43111827
r2=1.9557364
roh=2.07916264
r3a=1.52393712
r3b=1.53017411
r4a=1.09587708
r5a=1.09583825
r4b=1.09448657
r5b=1.09801539
r4c=1.0954512
r5c=1.0964078
a1=28.22171182
aoh=30.02045037
a2a=106.21524706
a2b=111.13113306
a4a=110.2041443
a5a=110.24366741
a4b=110.29321839
a5b=111.03931704
a4c=110.82961388
a5c=111.23833611
toh=-62.32359188
t1a=179.44473237
t1b=57.80032287
t2a=63.0172795
t2b=83.272013
t3a=-56.37337218
t3b=-36.4963859
t4a=176.72748761
t4b=156.21533884

$end

$comment
neutral
$end

$xc_functional
C PBE   1.00
X wPBE  1.00
$end


$rem
SYMMETRY_DECOMPOSITION	0
LRC_DFT                 true
exchange 		general
BASIS                   g3large
omega			700
mem_static              760
max_scf_cycles          200
scf_final_print         1
sym_ignore              true
$end

--------------------------------------------------------------
 Writing REM_CC_EA           12
 ----------------------------------------------------
       Standard Nuclear Orientation (Angstroms)
    I     Atom         X            Y            Z
 ----------------------------------------------------
    1      O       0.000000     0.000000     0.000000
    2      C       0.000000     0.000000     1.431118
    3      H       0.924838     0.000000    -0.292129
    4      H       0.483161     0.921207     1.800236
    5      C      -1.463245     0.014181     1.856673
    6      C       0.760558    -1.207760     1.982752
    7      H      -1.967442    -0.894454     1.508657
    8      H       0.298586    -2.138301     1.634130
    9      H      -1.976608     0.877600     1.422084
   10      H       1.806714    -1.200668     1.649367
   11      H      -1.551233     0.066921     2.947310
   12      H       0.763328    -1.208441     3.079156
 ----------------------------------------------------
 Nuclear Repulsion Energy =   134.3979926221 hartrees
 There are       17 alpha and       17 beta electrons
 Requested basis set is G3large
 There are 88 shells and 248 basis functions

Total QAlloc Memory Limit   2000 MB
Mega-Array Size       743 MB
MEM_STATIC part       760 MB

                       Distance Matrix (Angstroms)
             O (  1)   C (  2)   H (  3)   H (  4)   C (  5)   C (  6)
   C (  2)  1.431118
   H (  3)  0.969878  1.955736
   H (  4)  2.079163  1.103773  2.328453
   C (  5)  2.364005  1.523937  3.212552  2.148110
   C (  6)  2.443039  1.530174  2.580844  2.154707  2.540539
   H (  7)  2.635701  2.162611  3.522521  3.063836  1.095877  2.786558
   H (  8)  2.707742  2.168571  2.945335  3.069568  2.790476  1.095838
   H (  9)  2.588336  2.162693  3.482398  2.489048  1.094487  3.486424
   H ( 10)  2.725111  2.180241  2.447185  2.505376  3.494491  1.098015
   H ( 11)  3.331282  2.170171  4.077912  2.486833  1.095451  2.810617
   H ( 12)  3.394731  2.181519  3.584965  2.499906  2.819024  1.096408
             H (  7)   H (  8)   H (  9)   H ( 10)   H ( 11)
   H (  8)  2.588007
   H (  9)  1.774192  3.783799
   H ( 10)  3.789170  1.775904  4.322543
   H ( 11)  1.779661  3.163745  1.778892  3.816706
   H ( 12)  3.165779  1.780091  3.821610  1.770031  2.645964
 
 A cutoff of  1.0D-08 yielded   3639 shell pairs
 There are  28920 function pairs ( 34904 Cartesian)
Evaluating contribution to one-electron hamiltonian from nuclear
 Smallest overlap matrix eigenvalue = 4.89E-05

 Q-Chem warning in module mkSTV.C, line 194:

 Overlap eigenvalue is smaller than square root of threshold

 Multipole matrices computed through 2nd order

  Scale SEOQF with 1.000000e-01/1.000000e-01/1.000000e-01

 Standard Electronic Orientation quadrupole field applied
 Nucleus-field energy     =    -0.0000000069 hartrees
 Guess from superposition of atomic densities
 Warning:  Energy on first SCF cycle will be non-variational
 Long-range K will be added via erf
 Coulomb attenuation parameter = 0.7 bohr**(-1)
 A restricted Kohn-Sham SCF calculation will be
 performed using Pulay DIIS extrapolation
 Exchange:  wPBE + LR-HF      Correlation:  PBE
 Using SG-1 standard quadrature grid
 SCF converges when DIIS error is below 1.0E-05
 Requested basis set is G3large
 There are 88 shells and 248 basis functions
 A cutoff of  1.0D-08 yielded   3639 shell pairs
 There are  28920 function pairs ( 34904 Cartesian)
 ---------------------------------------
  Cycle       Energy         DIIS Error
 ---------------------------------------
    1    -195.3404675706      2.80E-02
    2    -194.2257544452      3.60E-03
    3    -194.3029288995      2.25E-03
    4    -194.3289143241      5.14E-04
    5    -194.3308425772      1.54E-04
    6    -194.3310817876      3.91E-05
    7    -194.3310953031      8.53E-06 Convergence criterion met
 ---------------------------------------
 One-Electron    Energy =  -529.0900886881
 Total Coulomb   Energy =   228.1722656035
 Alpha Exchange  Energy =    -5.1073984006
 Beta  Exchange  Energy =    -5.1073984006
 DFT   Exchange  Energy =   -16.4882597426
 DFT Correlation Energy =    -1.1082082898
 Nuclear Repu.   Energy =   134.3979926152
 Nuclear Attr.   Energy =  -722.3510759240
 Kinetic         Energy =   193.2609872359
 SCF time:  CPU 147.67 s  wall 154.21 s
 Final Alpha MO Eigenvalues
            1           2           3           4           5           6
    1 -19.1051287 -10.3206373 -10.2558579 -10.2484287  -1.2670860  -1.0112698
            7           8           9          10          11          12
    1  -0.9193902  -0.7895643  -0.6978486  -0.6321106  -0.6114292  -0.5557415
           13          14          15          16          17          18
    1  -0.5427758  -0.5352210  -0.5178010  -0.4824680  -0.4386654   0.0381710
           19          20          21          22
    1   0.0552969   0.0579236   0.0629380   0.0831753
 Analysis of SCF Wavefunction
 
 --------------------------------------------------------------
                    Orbital Energies (a.u.)
 --------------------------------------------------------------
 
 Alpha MOs
 -- Occupied --
-19.105 -10.321 -10.256 -10.248  -1.267  -1.011  -0.919  -0.790
 -0.698  -0.632  -0.611  -0.556  -0.543  -0.535  -0.518  -0.482
 -0.439
 -- Virtual --
  0.038   0.055   0.058   0.063   0.083   0.086   0.092   0.098
  0.135   0.145   0.163   0.170   0.175   0.177   0.183   0.190
  0.198   0.202   0.226   0.234   0.261   0.275   0.289   0.298
  0.314   0.319   0.343   0.356   0.363   0.375   0.384   0.405
  0.425   0.443   0.468   0.522   0.540   0.569   0.589   0.607
  0.616   0.657   0.672   0.687   0.692   0.697   0.699   0.712
  0.740   0.751   0.765   0.777   0.805   0.810   0.836   0.880
  0.927   0.943   0.994   0.997   1.041   1.071   1.092   1.111
  1.133   1.174   1.209   1.220   1.248   1.269   1.290   1.304
  1.321   1.341   1.366   1.380   1.420   1.436   1.451   1.463
  1.481   1.487   1.506   1.521   1.554   1.602   1.615   1.625
  1.641   1.661   1.698   1.708   1.739   1.757   1.766   1.806
  1.810   1.946   2.051   2.226   2.260   2.463   2.516   2.585
  2.701   2.725   2.770   2.774   2.835   2.889   2.907   3.001
  3.022   3.038   3.068   3.123   3.136   3.146   3.179   3.216
  3.307   3.321   3.363   3.363   3.395   3.427   3.489   3.519
  3.527   3.543   3.563   3.613   3.642   3.721   3.743   3.759
  3.783   3.796   3.842   3.884   3.902   3.940   3.965   4.005
  4.031   4.064   4.100   4.176   4.184   4.199   4.213   4.250
  4.312   4.343   4.391   4.400   4.422   4.431   4.449   4.486
  4.514   4.535   4.541   4.634   4.646   4.688   4.755   4.785
  4.805   4.825   4.861   4.924   5.043   5.288   5.392   5.432
  5.496   5.581   5.606   5.695   5.743   5.779   5.842   5.872
  5.891   5.911   6.052   6.136   6.645   7.214   7.366   7.451
  7.498   7.787   7.902  24.299  24.409  24.510  27.749  27.921
 28.223  28.270  28.294  28.320  28.330  28.515  28.623  41.096
 41.146  41.155  41.171  41.188  41.207  41.303  41.334  41.354
 41.358  41.368  41.386  41.403  41.444  41.459  44.007  44.034
 44.079  44.120  44.188  45.876  46.190  46.564  50.080
 --------------------------------------------------------------
 
          Ground-State Mulliken Net Atomic Charges

     Atom                 Charge (a.u.)
  ----------------------------------------
      1 O                    -0.310613
      2 C                     0.024435
      3 H                     0.253658
      4 H                     0.073699
      5 C                    -0.274343
      6 C                    -0.293057
      7 H                     0.097108
      8 H                     0.110926
      9 H                     0.100727
     10 H                     0.068607
     11 H                     0.073501
     12 H                     0.075352
  ----------------------------------------
  Sum of atomic charges =     0.000000

 -----------------------------------------------------------------
                    Cartesian Multipole Moments
 -----------------------------------------------------------------
    Charge (ESU x 10^10)
                 0.0000
    Dipole Moment (Debye)
         X       1.3680      Y      -0.0614      Z       1.1905
       Tot       1.8145
    Quadrupole Moments (Debye-Ang)
        XX     -24.4415     XY       0.1289     YY     -26.4020
        XZ      -0.9623     YZ      -0.0393     ZZ     -24.3325
    Octapole Moments (Debye-Ang^2)
       XXX      16.1621    XXY       9.0439    XYY       3.5999
       YYY      26.1834    XXZ     -37.8838    XYZ       0.2159
       YYZ     -36.7389    XZZ       4.8458    YZZ       8.8713
       ZZZ    -105.7471
    Hexadecapole Moments (Debye-Ang^3)
      XXXX    -175.7311   XXXY      21.5745   XXYY     -47.9490
      XYYY      24.5902   YYYY    -114.4972   XXXZ      27.6528
      XXYZ      18.4048   XYYZ       8.3435   YYYZ      54.5449
      XXZZ    -107.9253   XYZZ       7.5407   YYZZ     -97.4054
      XZZZ      25.9000   YZZZ      52.5525   ZZZZ    -431.0837
 -----------------------------------------------------------------
 Total job time:  154.64s(wall), 147.99s(cpu) 
 Mon Jun  3 17:11:15 2013

        *************************************************************
        *                                                           *
        *  Thank you very much for using Q-Chem.  Have a nice day.  *
        *                                                           *
        *************************************************************


0 sent ACK to 0 
now end server 0 ... 
 
**********************************************************************
Job 3 of 3 
**********************************************************************
 
Process 0 of 1 is on cl217.stfx.acenet.ca - thread support 1
initial socket setup ...start
initial socket setup ...done 
now start server 0 ... 

cmd = /usr/bin/ssh clhead /usr/local/qchem/bin/get_hostid 1526974875 > /scratch/tmp/6027736.1.medium.q/qchem15064/lic.dat
                  Welcome to Q-Chem
     A Quantum Leap Into The Future Of Chemistry

 Y. Shao, L. Fusti-Molnar, Y. Jung, J. Kussmann, C. Ochsenfeld,
 S. T. Brown, A. T. B. Gilbert, L. V. Slipchenko,S. V. Levchenko,
 D. P. O'Neill, R. A. DiStasio Jr., R. C. Lochan, T. Wang,
 G. J. O. Beran, N. A. Besley, J. M. Herbert, C. Y. Lin,
 T. Van Voorhis, S. H. Chien, A. Sodt, R. P. Steele, 
 V. A. Rassolov, P. E. Maslen, P. P. Korambath, R. D. Adamson,
 B. Austin, J. Baker, E. F. C. Byrd, H. Dachsel, R. J. Doerksen,
 A. Dreuw, B. D. Dunietz, A. D. Dutoi, T. R. Furlani,
 S. R. Gwaltney, A. Heyden, S. Hirata, C.-P. Hsu, G. Kedziora,
 R. Z. Khaliullin, P. Klunzinger, A. M. Lee, M. S. Lee, W. Liang,
 I. Lotan, N. Nair, B. Peters, E. I. Proynov, P. A. Pieniazek, 
 Y. M. Rhee, J. Ritchie, E. Rosta, C. D. Sherrill, 
 A. C. Simmonett, J. E. Subotnik, H. L. Woodcock III,
 W. Zhang, A. T. Bell, A. K. Chakraborty, D. M. Chipman,
 F. J. Keil, A. Warshel, W. J. Hehre, H. F. Schaefer III,
 J. Kong, A. I. Krylov, P. M. W. Gill, M. Head-Gordon,
 Q-Chem, Version 3.1, Q-Chem, Inc., Pittsburgh, PA (2007).

 Additional authors for Version 3.1: 
 Z. Gan, Y. Zhao, N. E. Schultz, D. Truhlar, E. Epifanovsky and M. Oana.

 Additional authors for Version 3.2: 
 R. Baer, B. R. Brooks, D. Casanova, J.-D. Chai, C.-L. Cheng, 
 C. Cramer, D. Crittenden, A. Ghysels, G. Hawkins, E. G. Hohenstein, 
 C. Kelley, W. Kurlancheek, D. Liotard, E. Livshits, P. Manohar, 
 A. Marenich, D. Neuhauser, R. Olson, M. A. Rohrdanz, K. S. Thanthiriwatte, 
 A. J. W. Thom, V. Vanovschi, C. F. Williams, Q. Wu and Z.-Q. You. 


 Intel X86 Linux Version

 Q-chem begins on Mon Jun  3 17:11:17 2013  

 Parallel job on  1  processors
Processing $rem in /usr/local/qchem/config/preferences.

theFileMan(): MAXOPENFILES=974 MAX_SUB_FILE_NUM=16
Maximum size of a physical file is 2.0 GB, maximum size of a tmp-file is 32.0 GB


--------------------------------------------------------------
User input:
--------------------------------------------------------------

$molecule
1,2
O
C1,O,r1
H1,C1,r2,O,a1
H,O,roh,C1,aoh,H1,toh,0
C2,C1,r3a,O,a2a,H1,t1a,0
C3,C1,r3b,O,a2b,H1,-t1b,0
H,C2,r4a,C1,a4a,H1,t2a,0
H,C3,r5a,C1,a5a,H1,-t2b,0
H,C2,r4b,C1,a4b,H1,t3a,0
H,C3,r5b,C1,a5b,H1,-t3b,0
H,C2,r4c,C1,a4c,H1,-t4a,0
H,C3,r5c,C1,a5c,H1,t4b,0

r1=1.43111827
r2=1.9557364
roh=2.07916264
r3a=1.52393712
r3b=1.53017411
r4a=1.09587708
r5a=1.09583825
r4b=1.09448657
r5b=1.09801539
r4c=1.0954512
r5c=1.0964078
a1=28.22171182
aoh=30.02045037
a2a=106.21524706
a2b=111.13113306
a4a=110.2041443
a5a=110.24366741
a4b=110.29321839
a5b=111.03931704
a4c=110.82961388
a5c=111.23833611
toh=-62.32359188
t1a=179.44473237
t1b=57.80032287
t2a=63.0172795
t2b=83.272013
t3a=-56.37337218
t3b=-36.4963859
t4a=176.72748761
t4b=156.21533884

$end

$comment
positive
$end

$xc_functional
C PBE   1.00
X wPBE  1.00
$end

$rem
SYMMETRY_DECOMPOSITION	0
LRC_DFT                 true
exchange 		general
BASIS                   g3large
omega			700
mem_static              760
max_scf_cycles          200
scf_final_print         1
sym_ignore              true
$end

--------------------------------------------------------------
 Writing REM_CC_EA           12
 ----------------------------------------------------
       Standard Nuclear Orientation (Angstroms)
    I     Atom         X            Y            Z
 ----------------------------------------------------
    1      O       0.000000     0.000000     0.000000
    2      C       0.000000     0.000000     1.431118
    3      H       0.924838     0.000000    -0.292129
    4      H       0.483161     0.921207     1.800236
    5      C      -1.463245     0.014181     1.856673
    6      C       0.760558    -1.207760     1.982752
    7      H      -1.967442    -0.894454     1.508657
    8      H       0.298586    -2.138301     1.634130
    9      H      -1.976608     0.877600     1.422084
   10      H       1.806714    -1.200668     1.649367
   11      H      -1.551233     0.066921     2.947310
   12      H       0.763328    -1.208441     3.079156
 ----------------------------------------------------
 Nuclear Repulsion Energy =   134.3979926221 hartrees
 There are       17 alpha and       16 beta electrons
 Requested basis set is G3large
 There are 88 shells and 248 basis functions

Total QAlloc Memory Limit   2000 MB
Mega-Array Size       743 MB
MEM_STATIC part       760 MB

                       Distance Matrix (Angstroms)
             O (  1)   C (  2)   H (  3)   H (  4)   C (  5)   C (  6)
   C (  2)  1.431118
   H (  3)  0.969878  1.955736
   H (  4)  2.079163  1.103773  2.328453
   C (  5)  2.364005  1.523937  3.212552  2.148110
   C (  6)  2.443039  1.530174  2.580844  2.154707  2.540539
   H (  7)  2.635701  2.162611  3.522521  3.063836  1.095877  2.786558
   H (  8)  2.707742  2.168571  2.945335  3.069568  2.790476  1.095838
   H (  9)  2.588336  2.162693  3.482398  2.489048  1.094487  3.486424
   H ( 10)  2.725111  2.180241  2.447185  2.505376  3.494491  1.098015
   H ( 11)  3.331282  2.170171  4.077912  2.486833  1.095451  2.810617
   H ( 12)  3.394731  2.181519  3.584965  2.499906  2.819024  1.096408
             H (  7)   H (  8)   H (  9)   H ( 10)   H ( 11)
   H (  8)  2.588007
   H (  9)  1.774192  3.783799
   H ( 10)  3.789170  1.775904  4.322543
   H ( 11)  1.779661  3.163745  1.778892  3.816706
   H ( 12)  3.165779  1.780091  3.821610  1.770031  2.645964
 
 A cutoff of  1.0D-08 yielded   3639 shell pairs
 There are  28920 function pairs ( 34904 Cartesian)
Evaluating contribution to one-electron hamiltonian from nuclear
 Smallest overlap matrix eigenvalue = 4.89E-05

 Q-Chem warning in module mkSTV.C, line 194:

 Overlap eigenvalue is smaller than square root of threshold

 Multipole matrices computed through 2nd order

  Scale SEOQF with 1.000000e-01/1.000000e-01/1.000000e-01

 Standard Electronic Orientation quadrupole field applied
 Nucleus-field energy     =    -0.0000000069 hartrees
 Guess from superposition of atomic densities
 Warning:  Energy on first SCF cycle will be non-variational
 Long-range K will be added via erf
 Coulomb attenuation parameter = 0.7 bohr**(-1)
 An unrestricted Kohn-Sham SCF calculation will be
 performed using Pulay DIIS extrapolation
 Exchange:  wPBE + LR-HF      Correlation:  PBE
 Using SG-1 standard quadrature grid
 SCF converges when DIIS error is below 1.0E-05
 Requested basis set is G3large
 There are 88 shells and 248 basis functions
 A cutoff of  1.0D-08 yielded   3639 shell pairs
 There are  28920 function pairs ( 34904 Cartesian)
 Warning!  Inaccurate integrated density:
   Number of electrons =    33
   Numerical integral  =    34.000227111547
   Relative error      =     3.0309912471 %
 ---------------------------------------
  Cycle       Energy         DIIS Error
 ---------------------------------------
    1    -195.3404675706      2.80E-02
    2    -193.8048851445      3.09E-03
    3    -193.8711051968      2.43E-03
    4    -193.9033687895      5.69E-04
    5    -193.9105994884      3.40E-04
    6    -193.9146778755      2.64E-04
    7    -193.9194274321      2.60E-04
    8    -193.9271203901      1.94E-04
    9    -193.9321168892      1.41E-04
   10    -193.9353809899      1.19E-04
   11    -193.9346908451      2.20E-04
   12    -193.9358031022      8.66E-05
   13    -193.9360306860      4.44E-05
   14    -193.9360878908      5.45E-05
   15    -193.9361546657      7.41E-06 Convergence criterion met
 ---------------------------------------
 One-Electron    Energy =  -519.9750752817
 Total Coulomb   Energy =   219.0887049689
 Alpha Exchange  Energy =    -5.1613639942
 Beta  Exchange  Energy =    -4.8088196120
 DFT   Exchange  Energy =   -16.4081038437
 DFT Correlation Energy =    -1.0694895183
 Nuclear Repu.   Energy =   134.3979926152
 Nuclear Attr.   Energy =  -712.9680114691
 Kinetic         Energy =   192.9929361874
 <S^2> = 0.7579
 SCF time:  CPU 412.08 s  wall 426.59 s
 Final Alpha MO Eigenvalues
            1           2           3           4           5           6
    1 -19.5466062 -10.5856088 -10.4823340 -10.4484781  -1.6649955  -1.2702257
            7           8           9          10          11          12
    1  -1.1441467  -1.0694108  -1.0207354  -0.9737691  -0.9046486  -0.8318003
           13          14          15          16          17          18
    1  -0.7817105  -0.7726314  -0.7481152  -0.7195385  -0.7141288  -0.1229397
           19          20          21          22
    1  -0.0784334  -0.0720893  -0.0654272  -0.0444678
 Final Beta MO Eigenvalues
            1           2           3           4           5           6
    1 -19.5249723 -10.5855646 -10.4804636 -10.4485306  -1.6001079  -1.2548605
            7           8           9          10          11          12
    1  -1.1361716  -1.0594043  -0.9875931  -0.8968451  -0.8459372  -0.7822062
           13          14          15          16          17          18
    1  -0.7686700  -0.7471005  -0.7196353  -0.7130560  -0.3452477  -0.1205156
           19          20          21
    1  -0.0771710  -0.0704639  -0.0647498
 Analysis of SCF Wavefunction
 
 --------------------------------------------------------------
                    Orbital Energies (a.u.)
 --------------------------------------------------------------
 
 Alpha MOs
 -- Occupied --
-19.547 -10.586 -10.482 -10.448  -1.665  -1.270  -1.144  -1.069
 -1.021  -0.974  -0.905  -0.832  -0.782  -0.773  -0.748  -0.720
 -0.714
 -- Virtual --
 -0.123  -0.078  -0.072  -0.065  -0.044  -0.037  -0.032  -0.025
 -0.016  -0.008   0.009   0.011   0.023   0.033   0.039   0.043
  0.055   0.068   0.069   0.078   0.088   0.095   0.105   0.121
  0.133   0.144   0.146   0.154   0.162   0.175   0.213   0.220
  0.234   0.247   0.261   0.333   0.354   0.359   0.382   0.406
  0.431   0.445   0.459   0.478   0.499   0.504   0.510   0.522
  0.533   0.537   0.550   0.571   0.609   0.618   0.639   0.661
  0.715   0.737   0.769   0.777   0.819   0.858   0.878   0.892
  0.905   0.953   0.978   0.996   1.012   1.025   1.052   1.085
  1.107   1.126   1.142   1.168   1.198   1.218   1.235   1.245
  1.255   1.280   1.293   1.306   1.310   1.378   1.406   1.419
  1.439   1.455   1.478   1.488   1.527   1.539   1.542   1.586
  1.597   1.655   1.717   1.922   1.952   2.133   2.208   2.376
  2.467   2.476   2.541   2.558   2.612   2.664   2.671   2.750
  2.771   2.803   2.822   2.898   2.915   2.934   2.955   2.984
  3.085   3.093   3.116   3.144   3.156   3.210   3.276   3.288
  3.303   3.325   3.341   3.386   3.409   3.468   3.511   3.548
  3.558   3.562   3.592   3.623   3.651   3.661   3.706   3.770
  3.800   3.842   3.866   3.914   3.953   3.976   3.992   4.030
  4.062   4.087   4.145   4.169   4.198   4.220   4.236   4.249
  4.262   4.295   4.308   4.417   4.421   4.468   4.529   4.565
  4.576   4.603   4.631   4.690   4.815   4.849   5.008   5.041
  5.164   5.263   5.342   5.376   5.388   5.447   5.574   5.635
  5.678   5.700   5.739   5.813   6.284   6.760   6.978   7.024
  7.053   7.389   7.514  24.057  24.193  24.276  27.506  27.677
 27.965  28.054  28.071  28.112  28.118  28.279  28.388  40.839
 40.885  40.926  40.960  40.967  40.997  41.037  41.076  41.103
 41.128  41.158  41.166  41.200  41.220  41.248  43.543  43.562
 43.618  43.694  43.764  45.408  45.761  46.133  49.642
 
 Beta MOs
 -- Occupied --
-19.525 -10.586 -10.480 -10.449  -1.600  -1.255  -1.136  -1.059
 -0.988  -0.897  -0.846  -0.782  -0.769  -0.747  -0.720  -0.713
 -- Virtual --
 -0.345  -0.121  -0.077  -0.070  -0.065  -0.043  -0.037  -0.031
 -0.023  -0.015  -0.007   0.012   0.012   0.024   0.034   0.041
  0.043   0.056   0.068   0.073   0.082   0.090   0.097   0.106
  0.122   0.134   0.147   0.153   0.156   0.167   0.179   0.220
  0.223   0.236   0.249   0.267   0.336   0.356   0.362   0.390
  0.409   0.435   0.448   0.461   0.484   0.502   0.507   0.512
  0.524   0.536   0.542   0.553   0.573   0.615   0.620   0.640
  0.664   0.716   0.740   0.774   0.781   0.821   0.861   0.881
  0.897   0.913   0.957   0.991   1.006   1.027   1.038   1.059
  1.088   1.109   1.129   1.145   1.170   1.201   1.224   1.239
  1.250   1.263   1.283   1.296   1.310   1.316   1.380   1.410
  1.421   1.441   1.458   1.481   1.496   1.531   1.543   1.545
  1.591   1.601   1.677   1.752   1.944   1.970   2.167   2.214
  2.378   2.472   2.480   2.543   2.560   2.614   2.668   2.674
  2.754   2.776   2.807   2.830   2.901   2.915   2.937   2.957
  2.987   3.088   3.096   3.122   3.146   3.159   3.211   3.279
  3.292   3.305   3.326   3.343   3.387   3.412   3.474   3.515
  3.550   3.561   3.563   3.595   3.625   3.653   3.666   3.710
  3.773   3.805   3.844   3.870   3.917   3.956   3.979   3.993
  4.034   4.069   4.090   4.150   4.171   4.201   4.222   4.238
  4.251   4.269   4.302   4.312   4.419   4.427   4.471   4.535
  4.570   4.580   4.606   4.637   4.695   4.819   4.941   5.058
  5.086   5.205   5.280   5.362   5.381   5.430   5.464   5.594
  5.638   5.681   5.705   5.756   5.820   6.304   6.849   7.008
  7.091   7.137   7.428   7.533  24.058  24.194  24.277  27.507
 27.678  27.965  28.055  28.073  28.112  28.118  28.281  28.389
 40.840  40.885  40.929  40.961  40.967  40.997  41.038  41.075
 41.104  41.130  41.158  41.166  41.200  41.222  41.249  43.597
 43.627  43.671  43.706  43.772  45.469  45.774  46.148  49.663
 --------------------------------------------------------------
 
          Ground-State Mulliken Net Atomic Charges

     Atom                 Charge (a.u.)    Spin (a.u.)
  --------------------------------------------------------
      1 O                     0.280818       0.862636
      2 C                    -0.181640      -0.025318
      3 H                     0.337834      -0.022168
      4 H                     0.202493       0.095697
      5 C                    -0.214054      -0.003631
      6 C                    -0.199599       0.087329
      7 H                     0.133694       0.004334
      8 H                     0.146161      -0.002569
      9 H                     0.127461       0.003241
     10 H                     0.109465      -0.004543
     11 H                     0.120204      -0.001488
     12 H                     0.137162       0.006481
  --------------------------------------------------------
  Sum of atomic charges =     1.000000
  Sum of spin   charges =     1.000000

 -----------------------------------------------------------------
                    Cartesian Multipole Moments
 -----------------------------------------------------------------
    Charge (ESU x 10^10)
                 4.8032
    Dipole Moment (Debye)
         X       1.6513      Y      -0.8379      Z       5.1792
       Tot       5.5003
    Quadrupole Moments (Debye-Ang)
        XX     -18.2860     XY      -0.8353     YY     -20.2775
        XZ      -1.1516     YZ      -2.1179     ZZ     -11.2644
    Octapole Moments (Debye-Ang^2)
       XXX      12.5800    XXY       7.0419    XYY       5.1806
       YYY      20.4295    XXZ     -27.8809    XYZ      -2.1835
       YYZ     -27.7767    XZZ       4.5964    YZZ       2.5879
       ZZZ     -70.3305
    Hexadecapole Moments (Debye-Ang^3)
      XXXX    -144.5383   XXXY      17.4807   XXYY     -39.1729
      XYYY      20.1098   YYYY     -90.7051   XXXZ      18.9808
      XXYZ      14.0222   XYYZ      12.2496   YYYZ      42.1658
      XXZZ     -81.0994   XYZZ       0.6734   YYZZ     -73.4563
      XZZZ      24.4572   YZZZ      32.0543   ZZZZ    -317.4558
 -----------------------------------------------------------------
 Total job time:  427.06s(wall), 412.39s(cpu) 
 Mon Jun  3 17:18:24 2013

        *************************************************************
        *                                                           *
        *  Thank you very much for using Q-Chem.  Have a nice day.  *
        *                                                           *
        *************************************************************


0 sent ACK to 0 
now end server 0 ... 
