Process 0 of 1 is on cl122 - thread support 1
initial socket setup ...start
initial socket setup ...done 
now start server 0 ... 

cmd = /usr/bin/ssh clhead /usr/local/qchem/bin/get_hostid 215250569 > /tmp/1601941.1.medium.q/qchem23635/lic.dat

cmd = /usr/bin/ssh clhead /usr/local/qchem/bin/get_hostid 215250569 > /tmp/1601941.1.medium.q/qchem23635/lic.dat

cmd = /usr/bin/ssh clhead /usr/local/qchem/bin/get_hostid 215250569 > /tmp/1601941.1.medium.q/qchem23635/lic.dat

cmd = /usr/bin/ssh clhead /usr/local/qchem/bin/get_hostid 215250569 > /tmp/1601941.1.medium.q/qchem23635/lic.dat

cmd = /usr/bin/ssh clhead /usr/local/qchem/bin/get_hostid 215250569 > /tmp/1601941.1.medium.q/qchem23635/lic.dat
                  Welcome to Q-Chem
     A Quantum Leap Into The Future Of Chemistry

 Y. Shao, L. Fusti-Molnar, Y. Jung, J. Kussmann, C. Ochsenfeld,
 S. T. Brown, A. T. B. Gilbert, L. V. Slipchenko,S. V. Levchenko,
 D. P. O'Neill, R. A. DiStasio Jr., R. C. Lochan, T. Wang,
 G. J. O. Beran, N. A. Besley, J. M. Herbert, C. Y. Lin,
 T. Van Voorhis, S. H. Chien, A. Sodt, R. P. Steele, 
 V. A. Rassolov, P. E. Maslen, P. P. Korambath, R. D. Adamson,
 B. Austin, J. Baker, E. F. C. Byrd, H. Dachsel, R. J. Doerksen,
 A. Dreuw, B. D. Dunietz, A. D. Dutoi, T. R. Furlani,
 S. R. Gwaltney, A. Heyden, S. Hirata, C.-P. Hsu, G. Kedziora,
 R. Z. Khaliullin, P. Klunzinger, A. M. Lee, M. S. Lee, W. Liang,
 I. Lotan, N. Nair, B. Peters, E. I. Proynov, P. A. Pieniazek, 
 Y. M. Rhee, J. Ritchie, E. Rosta, C. D. Sherrill, 
 A. C. Simmonett, J. E. Subotnik, H. L. Woodcock III,
 W. Zhang, A. T. Bell, A. K. Chakraborty, D. M. Chipman,
 F. J. Keil, A. Warshel, W. J. Hehre, H. F. Schaefer III,
 J. Kong, A. I. Krylov, P. M. W. Gill, M. Head-Gordon,
 Q-Chem, Version 3.1, Q-Chem, Inc., Pittsburgh, PA (2007).

 Additional authors for Version 3.1: 
 Z. Gan, Y. Zhao, N. E. Schultz, D. Truhlar, E. Epifanovsky and M. Oana.

 Additional authors for Version 3.2: 
 R. Baer, B. R. Brooks, D. Casanova, J.-D. Chai, C.-L. Cheng, 
 C. Cramer, D. Crittenden, A. Ghysels, G. Hawkins, E. G. Hohenstein, 
 C. Kelley, W. Kurlancheek, D. Liotard, E. Livshits, P. Manohar, 
 A. Marenich, D. Neuhauser, R. Olson, M. A. Rohrdanz, K. S. Thanthiriwatte, 
 A. J. W. Thom, V. Vanovschi, C. F. Williams, Q. Wu and Z.-Q. You. 


 Intel X86 Linux Version

 Q-chem begins on Thu Mar 20 01:18:11 2014  

 Parallel job on  1  processors
Processing $rem in /usr/local/qchem/config/preferences.

theFileMan(): MAXOPENFILES=974 MAX_SUB_FILE_NUM=16
Maximum size of a physical file is 2.0 GB, maximum size of a tmp-file is 32.0 GB


--------------------------------------------------------------
User input:
--------------------------------------------------------------

$molecule
-1,2
Si         0.00042        0.00000        0.00861
Si        -0.00042        0.00000        2.34162
H          1.39615        0.00000       -0.50798
H         -0.69759       -1.20904       -0.50646
H         -0.69759        1.20904       -0.50646
H         -1.39615        0.00000        2.85821
H          0.69759       -1.20904        2.85669
H          0.69759        1.20904        2.85669
$end

$comment
negative
$end

$xc_functional
C PBE   1.00
X wPBE  1.00
$end

$rem
SYMMETRY_DECOMPOSITION	0
exchange 		general
LRC_DFT                 true
BASIS                   g3large
omega			340
mem_static              760
max_scf_cycles          200
scf_final_print         1
sym_ignore              true
$end

--------------------------------------------------------------
 Writing REM_CC_EA            8
 ----------------------------------------------------
       Standard Nuclear Orientation (Angstroms)
    I     Atom         X            Y            Z
 ----------------------------------------------------
    1      Si      0.000420     0.000000     0.008610
    2      Si     -0.000420     0.000000     2.341620
    3      H       1.396150     0.000000    -0.507980
    4      H      -0.697590    -1.209040    -0.506460
    5      H      -0.697590     1.209040    -0.506460
    6      H      -1.396150     0.000000     2.858210
    7      H       0.697590    -1.209040     2.856690
    8      H       0.697590     1.209040     2.856690
 ----------------------------------------------------
 Nuclear Repulsion Energy =    90.8879884197 hartrees
 There are       18 alpha and       17 beta electrons
 Requested basis set is G3large
 There are 74 shells and 192 basis functions

Total QAlloc Memory Limit   2000 MB
Mega-Array Size       743 MB
MEM_STATIC part       760 MB

                       Distance Matrix (Angstroms)
             Si(  1)   Si(  2)   H (  3)   H (  4)   H (  5)   H (  6)
   Si(  2)  2.333010
   H (  3)  1.488263  3.173425
   H (  4)  1.488050  3.171653  2.417753
   H (  5)  1.488050  3.171653  2.417753  2.418080
   H (  6)  3.173425  1.488263  4.373577  3.642907  3.642907
   H (  7)  3.171653  1.488050  3.642907  3.641058  4.370860  2.417753
   H (  8)  3.171653  1.488050  3.642907  4.370860  3.641058  2.417753
             H (  7)
   H (  8)  2.418080
 
 A cutoff of  1.0D-08 yielded   2535 shell pairs
 There are  17276 function pairs ( 22407 Cartesian)
Evaluating contribution to one-electron hamiltonian from nuclear
 Smallest overlap matrix eigenvalue = 1.96E-04
 Multipole matrices computed through 2nd order

  Scale SEOQF with 1.000000e-01/1.000000e-01/1.000000e-01

 Standard Electronic Orientation quadrupole field applied
 Nucleus-field energy     =    -0.0000000103 hartrees
 Guess from superposition of atomic densities
 Warning:  Energy on first SCF cycle will be non-variational
 Long-range K will be added via erf
 Coulomb attenuation parameter = 0.34 bohr**(-1)
 An unrestricted Kohn-Sham SCF calculation will be
 performed using Pulay DIIS extrapolation
 Exchange:  wPBE + LR-HF      Correlation:  PBE
 Using SG-1 standard quadrature grid
 SCF converges when DIIS error is below 1.0E-05
 Requested basis set is G3large
 There are 74 shells and 192 basis functions
 A cutoff of  1.0D-08 yielded   2535 shell pairs
 There are  17276 function pairs ( 22407 Cartesian)
 Warning!  Inaccurate integrated density:
   Number of electrons =    35
   Numerical integral  =    34.000072301361
   Relative error      =    -2.8569362818 %
 ---------------------------------------
  Cycle       Energy         DIIS Error
 ---------------------------------------
    1    -582.2829592256      2.14E-02
    2    -582.2622753051      1.55E-03
    3    -582.2902931649      6.52E-04
    4    -582.2931493181      1.81E-04
    5    -582.2937361935      6.38E-05
    6    -582.2939030291      2.53E-05
    7    -582.2939662127      1.31E-05
    8    -582.2940036127      9.47E-06 Convergence criterion met
 ---------------------------------------
 One-Electron    Energy =  -993.5185778871
 Total Coulomb   Energy =   364.3143686131
 Alpha Exchange  Energy =    -3.1073590995
 Beta  Exchange  Energy =    -2.9875114742
 DFT   Exchange  Energy =   -36.6630524502
 DFT Correlation Energy =    -1.2198597242
 Nuclear Repu.   Energy =    90.8879884094
 Nuclear Attr.   Energy = -1574.8646334357
 Kinetic         Energy =   581.3460555486
 <S^2> = 0.7552
 SCF time:  CPU 111.89 s  wall 113.03 s
 Final Alpha MO Eigenvalues
            1           2           3           4           5           6
    1 -65.3897241 -65.3897193  -5.0484349  -5.0483269  -3.4537449  -3.4537072
            7           8           9          10          11          12
    1  -3.4529585  -3.4526350  -3.4522605  -3.4520737  -0.5083278  -0.4408878
           13          14          15          16          17          18
    1  -0.2892501  -0.2885872  -0.2627160  -0.2599650  -0.2063369   0.0614517
           19          20          21          22          23
    1   0.1619899   0.1644858   0.1944536   0.1968185   0.1998728
 Final Beta MO Eigenvalues
            1           2           3           4           5           6
    1 -65.3896966 -65.3896920  -5.0482528  -5.0481548  -3.4537223  -3.4537029
            7           8           9          10          11          12
    1  -3.4529122  -3.4524730  -3.4516483  -3.4516295  -0.4997759  -0.4371264
           13          14          15          16          17          18
    1  -0.2850155  -0.2738812  -0.2583183  -0.2485625  -0.1927366   0.1641125
           19          20          21          22
    1   0.1663289   0.1958323   0.1989443   0.2029331
 Analysis of SCF Wavefunction
 
 --------------------------------------------------------------
                    Orbital Energies (a.u.)
 --------------------------------------------------------------
 
 Alpha MOs
 -- Occupied --
-65.390 -65.390  -5.048  -5.048  -3.454  -3.454  -3.453  -3.453
 -3.452  -3.452  -0.508  -0.441  -0.289  -0.289  -0.263  -0.260
 -0.206   0.061
 -- Virtual --
  0.162   0.164   0.194   0.197   0.200   0.202   0.205   0.211
  0.212   0.221   0.224   0.261   0.293   0.294   0.298   0.299
  0.328   0.338   0.360   0.374   0.396   0.398   0.447   0.473
  0.489   0.491   0.494   0.496   0.540   0.541   0.543   0.547
  0.583   0.585   0.587   0.666   0.667   0.675   0.702   0.705
  0.718   0.731   0.755   0.756   0.758   0.882   0.883   0.890
  0.892   0.905   0.908   0.916   0.952   0.955   0.962   0.962
  0.995   1.091   1.092   1.104   1.105   1.162   1.163   1.164
  1.206   1.207   1.210   1.225   1.339   1.380   1.389   1.391
  1.394   1.397   1.466   1.468   1.488   1.533   1.535   1.566
  1.581   1.627   1.629   1.658   1.662   1.664   1.777   1.778
  1.779   1.782   1.870   1.972   2.303   2.367   2.369   2.387
  2.395   2.468   2.468   2.511   2.529   2.529   2.610   2.617
  2.618   2.772   3.083   3.088   3.119   3.124   3.330   3.356
  3.817   3.818   3.842   3.844   3.856   4.042   4.045   4.046
  4.049   4.292   4.319   4.325   4.327   4.332   4.344   4.350
  4.372   4.377   4.409   4.415   4.447   4.448   4.589   4.695
  4.726   4.729   4.793   4.797   6.182   6.373  11.623  11.624
 11.653  11.654  11.726  11.872  17.687  17.734  17.735  17.794
 17.808  17.946  17.948  17.987  18.027  18.054  22.351  22.358
 22.362  22.362  22.367  22.375  22.376  22.377  22.388  22.389
 22.390  22.391  22.404  22.416 141.054 141.275
 
 Beta MOs
 -- Occupied --
-65.390 -65.390  -5.048  -5.048  -3.454  -3.454  -3.453  -3.452
 -3.452  -3.452  -0.500  -0.437  -0.285  -0.274  -0.258  -0.249
 -0.193
 -- Virtual --
  0.164   0.166   0.196   0.199   0.203   0.207   0.208   0.213
  0.215   0.222   0.226   0.230   0.297   0.299   0.300   0.305
  0.312   0.343   0.346   0.364   0.379   0.401   0.402   0.454
  0.477   0.492   0.497   0.498   0.502   0.548   0.551   0.552
  0.556   0.587   0.589   0.593   0.669   0.677   0.687   0.713
  0.717   0.726   0.737   0.760   0.764   0.767   0.889   0.893
  0.895   0.896   0.913   0.916   0.923   0.954   0.959   0.964
  0.968   1.005   1.094   1.095   1.107   1.111   1.168   1.168
  1.177   1.209   1.214   1.219   1.227   1.343   1.386   1.395
  1.396   1.400   1.406   1.472   1.474   1.496   1.537   1.541
  1.572   1.587   1.630   1.638   1.663   1.665   1.674   1.781
  1.783   1.788   1.789   1.878   1.976   2.305   2.368   2.377
  2.391   2.400   2.472   2.476   2.513   2.534   2.536   2.615
  2.618   2.625   2.775   3.086   3.097   3.122   3.133   3.336
  3.362   3.818   3.820   3.843   3.846   3.856   4.044   4.048
  4.051   4.055   4.296   4.322   4.331   4.332   4.341   4.349
  4.353   4.376   4.387   4.411   4.424   4.453   4.455   4.595
  4.699   4.728   4.737   4.795   4.805   6.183   6.374  11.623
 11.626  11.653  11.656  11.727  11.873  17.687  17.735  17.735
 17.794  17.808  17.946  17.948  17.987  18.028  18.054  22.351
 22.358  22.362  22.362  22.367  22.375  22.377  22.378  22.389
 22.389  22.390  22.391  22.405  22.416 141.054 141.275
 --------------------------------------------------------------
 
          Ground-State Mulliken Net Atomic Charges

     Atom                 Charge (a.u.)    Spin (a.u.)
  --------------------------------------------------------
      1 Si                   -0.167736       0.550303
      2 Si                   -0.167805       0.550377
      3 H                    -0.123437      -0.002811
      4 H                    -0.142712      -0.008909
      5 H                    -0.066094      -0.038607
      6 H                    -0.123369      -0.002877
      7 H                    -0.066164      -0.038538
      8 H                    -0.142683      -0.008939
  --------------------------------------------------------
  Sum of atomic charges =    -1.000000
  Sum of spin   charges =     1.000000

 -----------------------------------------------------------------
                    Cartesian Multipole Moments
 -----------------------------------------------------------------
    Charge (ESU x 10^10)
                -4.8032
    Dipole Moment (Debye)
         X       0.0000      Y      -0.0001      Z      -5.6444
       Tot       5.6444
    Quadrupole Moments (Debye-Ang)
        XX     -44.0026     XY       2.1316     YY     -43.5400
        XZ       0.3667     YZ       2.0415     ZZ     -57.6190
    Octapole Moments (Debye-Ang^2)
       XXX      -0.0003    XXY      -0.0004    XYY       0.0003
       YYY      -0.0009    XXZ     -51.7075    XYZ       2.5061
       YYZ     -51.1663    XZZ       0.8607    YZZ       4.7992
       ZZZ    -187.5384
    Hexadecapole Moments (Debye-Ang^3)
      XXXX    -179.1763   XXXY      -0.2605   XXYY     -58.6061
      XYYY      17.1057   YYYY    -172.0288   XXXZ      12.3778
      XXYZ       4.3364   XYYZ      -8.6384   YYYZ      12.8474
      XXZZ    -197.3423   XYZZ       7.0483   YYZZ    -191.3566
      XZZZ       6.5754   YZZZ      38.3453   ZZZZ    -956.4936
 -----------------------------------------------------------------
 Total job time:  113.29s(wall), 112.11s(cpu) 
 Thu Mar 20 01:20:05 2014

        *************************************************************
        *                                                           *
        *  Thank you very much for using Q-Chem.  Have a nice day.  *
        *                                                           *
        *************************************************************


0 sent ACK to 0 
now end server 0 ... 
 
**********************************************************************
Job 2 of 3 
**********************************************************************
 
Process 0 of 1 is on cl122 - thread support 1
initial socket setup ...start
initial socket setup ...done 
now start server 0 ... 

cmd = /usr/bin/ssh clhead /usr/local/qchem/bin/get_hostid 1138313825 > /tmp/1601941.1.medium.q/qchem23635/lic.dat

cmd = /usr/bin/ssh clhead /usr/local/qchem/bin/get_hostid 1138313825 > /tmp/1601941.1.medium.q/qchem23635/lic.dat

cmd = /usr/bin/ssh clhead /usr/local/qchem/bin/get_hostid 1138313825 > /tmp/1601941.1.medium.q/qchem23635/lic.dat

cmd = /usr/bin/ssh clhead /usr/local/qchem/bin/get_hostid 1138313825 > /tmp/1601941.1.medium.q/qchem23635/lic.dat

cmd = /usr/bin/ssh clhead /usr/local/qchem/bin/get_hostid 1138313825 > /tmp/1601941.1.medium.q/qchem23635/lic.dat
                  Welcome to Q-Chem
     A Quantum Leap Into The Future Of Chemistry

 Y. Shao, L. Fusti-Molnar, Y. Jung, J. Kussmann, C. Ochsenfeld,
 S. T. Brown, A. T. B. Gilbert, L. V. Slipchenko,S. V. Levchenko,
 D. P. O'Neill, R. A. DiStasio Jr., R. C. Lochan, T. Wang,
 G. J. O. Beran, N. A. Besley, J. M. Herbert, C. Y. Lin,
 T. Van Voorhis, S. H. Chien, A. Sodt, R. P. Steele, 
 V. A. Rassolov, P. E. Maslen, P. P. Korambath, R. D. Adamson,
 B. Austin, J. Baker, E. F. C. Byrd, H. Dachsel, R. J. Doerksen,
 A. Dreuw, B. D. Dunietz, A. D. Dutoi, T. R. Furlani,
 S. R. Gwaltney, A. Heyden, S. Hirata, C.-P. Hsu, G. Kedziora,
 R. Z. Khaliullin, P. Klunzinger, A. M. Lee, M. S. Lee, W. Liang,
 I. Lotan, N. Nair, B. Peters, E. I. Proynov, P. A. Pieniazek, 
 Y. M. Rhee, J. Ritchie, E. Rosta, C. D. Sherrill, 
 A. C. Simmonett, J. E. Subotnik, H. L. Woodcock III,
 W. Zhang, A. T. Bell, A. K. Chakraborty, D. M. Chipman,
 F. J. Keil, A. Warshel, W. J. Hehre, H. F. Schaefer III,
 J. Kong, A. I. Krylov, P. M. W. Gill, M. Head-Gordon,
 Q-Chem, Version 3.1, Q-Chem, Inc., Pittsburgh, PA (2007).

 Additional authors for Version 3.1: 
 Z. Gan, Y. Zhao, N. E. Schultz, D. Truhlar, E. Epifanovsky and M. Oana.

 Additional authors for Version 3.2: 
 R. Baer, B. R. Brooks, D. Casanova, J.-D. Chai, C.-L. Cheng, 
 C. Cramer, D. Crittenden, A. Ghysels, G. Hawkins, E. G. Hohenstein, 
 C. Kelley, W. Kurlancheek, D. Liotard, E. Livshits, P. Manohar, 
 A. Marenich, D. Neuhauser, R. Olson, M. A. Rohrdanz, K. S. Thanthiriwatte, 
 A. J. W. Thom, V. Vanovschi, C. F. Williams, Q. Wu and Z.-Q. You. 


 Intel X86 Linux Version

 Q-chem begins on Thu Mar 20 01:20:11 2014  

 Parallel job on  1  processors
Processing $rem in /usr/local/qchem/config/preferences.

theFileMan(): MAXOPENFILES=974 MAX_SUB_FILE_NUM=16
Maximum size of a physical file is 2.0 GB, maximum size of a tmp-file is 32.0 GB


--------------------------------------------------------------
User input:
--------------------------------------------------------------

$molecule
0,1
Si         0.00042        0.00000        0.00861
Si        -0.00042        0.00000        2.34162
H          1.39615        0.00000       -0.50798
H         -0.69759       -1.20904       -0.50646
H         -0.69759        1.20904       -0.50646
H         -1.39615        0.00000        2.85821
H          0.69759       -1.20904        2.85669
H          0.69759        1.20904        2.85669
$end

$comment
neutral
$end

$xc_functional
C PBE   1.00
X wPBE  1.00
$end


$rem
SYMMETRY_DECOMPOSITION	0
LRC_DFT                 true
exchange 		general
BASIS                   g3large
omega			340
mem_static              760
max_scf_cycles          200
scf_final_print         1
sym_ignore              true
$end

--------------------------------------------------------------
 Writing REM_CC_EA            8
 ----------------------------------------------------
       Standard Nuclear Orientation (Angstroms)
    I     Atom         X            Y            Z
 ----------------------------------------------------
    1      Si      0.000420     0.000000     0.008610
    2      Si     -0.000420     0.000000     2.341620
    3      H       1.396150     0.000000    -0.507980
    4      H      -0.697590    -1.209040    -0.506460
    5      H      -0.697590     1.209040    -0.506460
    6      H      -1.396150     0.000000     2.858210
    7      H       0.697590    -1.209040     2.856690
    8      H       0.697590     1.209040     2.856690
 ----------------------------------------------------
 Nuclear Repulsion Energy =    90.8879884197 hartrees
 There are       17 alpha and       17 beta electrons
 Requested basis set is G3large
 There are 74 shells and 192 basis functions

Total QAlloc Memory Limit   2000 MB
Mega-Array Size       743 MB
MEM_STATIC part       760 MB

                       Distance Matrix (Angstroms)
             Si(  1)   Si(  2)   H (  3)   H (  4)   H (  5)   H (  6)
   Si(  2)  2.333010
   H (  3)  1.488263  3.173425
   H (  4)  1.488050  3.171653  2.417753
   H (  5)  1.488050  3.171653  2.417753  2.418080
   H (  6)  3.173425  1.488263  4.373577  3.642907  3.642907
   H (  7)  3.171653  1.488050  3.642907  3.641058  4.370860  2.417753
   H (  8)  3.171653  1.488050  3.642907  4.370860  3.641058  2.417753
             H (  7)
   H (  8)  2.418080
 
 A cutoff of  1.0D-08 yielded   2535 shell pairs
 There are  17276 function pairs ( 22407 Cartesian)
Evaluating contribution to one-electron hamiltonian from nuclear
 Smallest overlap matrix eigenvalue = 1.96E-04
 Multipole matrices computed through 2nd order

  Scale SEOQF with 1.000000e-01/1.000000e-01/1.000000e-01

 Standard Electronic Orientation quadrupole field applied
 Nucleus-field energy     =    -0.0000000103 hartrees
 Guess from superposition of atomic densities
 Warning:  Energy on first SCF cycle will be non-variational
 Long-range K will be added via erf
 Coulomb attenuation parameter = 0.34 bohr**(-1)
 A restricted Kohn-Sham SCF calculation will be
 performed using Pulay DIIS extrapolation
 Exchange:  wPBE + LR-HF      Correlation:  PBE
 Using SG-1 standard quadrature grid
 SCF converges when DIIS error is below 1.0E-05
 Requested basis set is G3large
 There are 74 shells and 192 basis functions
 A cutoff of  1.0D-08 yielded   2535 shell pairs
 There are  17276 function pairs ( 22407 Cartesian)
 ---------------------------------------
  Cycle       Energy         DIIS Error
 ---------------------------------------
    1    -582.2829592256      2.14E-02
    2    -582.3386464956      1.54E-03
    3    -582.3611126740      4.02E-04
    4    -582.3623807952      1.40E-04
    5    -582.3625455028      4.48E-05
    6    -582.3625622709      8.33E-06 Convergence criterion met
 ---------------------------------------
 One-Electron    Energy =  -987.1049014747
 Total Coulomb   Energy =   357.6517642016
 Alpha Exchange  Energy =    -2.9939115803
 Beta  Exchange  Energy =    -2.9939115803
 DFT   Exchange  Energy =   -36.6134643284
 DFT Correlation Energy =    -1.1961259181
 Nuclear Repu.   Energy =    90.8879884094
 Nuclear Attr.   Energy = -1568.3515662795
 Kinetic         Energy =   581.2466648049
 SCF time:  CPU 66.80 s  wall 67.61 s
 Final Alpha MO Eigenvalues
            1           2           3           4           5           6
    1 -65.5805191 -65.5805144  -5.2422941  -5.2421914  -3.6468394  -3.6465432
            7           8           9          10          11          12
    1  -3.6465291  -3.6464773  -3.6464640  -3.6462550  -0.6999492  -0.6280304
           13          14          15          16          17          18
    1  -0.4717926  -0.4717227  -0.4425031  -0.4424824  -0.3958903   0.0419625
           19          20          21          22
    1   0.0488156   0.0748831   0.0749255   0.0765256
 Analysis of SCF Wavefunction
 
 --------------------------------------------------------------
                    Orbital Energies (a.u.)
 --------------------------------------------------------------
 
 Alpha MOs
 -- Occupied --
-65.581 -65.581  -5.242  -5.242  -3.647  -3.647  -3.647  -3.646
 -3.646  -3.646  -0.700  -0.628  -0.472  -0.472  -0.443  -0.442
 -0.396
 -- Virtual --
  0.042   0.049   0.075   0.075   0.077   0.077   0.077   0.077
  0.081   0.098   0.098   0.103   0.140   0.150   0.150   0.159
  0.170   0.181   0.181   0.218   0.222   0.228   0.228   0.297
  0.325   0.333   0.333   0.341   0.341   0.381   0.381   0.393
  0.393   0.431   0.438   0.438   0.494   0.507   0.512   0.539
  0.539   0.551   0.563   0.584   0.588   0.588   0.713   0.713
  0.715   0.726   0.736   0.736   0.744   0.786   0.786   0.787
  0.787   0.829   0.911   0.912   0.931   0.931   0.984   0.984
  0.991   1.032   1.032   1.037   1.039   1.168   1.207   1.216
  1.216   1.217   1.217   1.293   1.293   1.317   1.358   1.358
  1.393   1.408   1.445   1.445   1.479   1.479   1.482   1.601
  1.601   1.604   1.604   1.679   1.790   2.109   2.175   2.175
  2.193   2.201   2.276   2.277   2.317   2.338   2.338   2.422
  2.423   2.423   2.580   2.902   2.902   2.939   2.939   3.146
  3.172   3.623   3.623   3.647   3.649   3.663   3.855   3.857
  3.858   3.860   4.107   4.138   4.138   4.146   4.146   4.158
  4.161   4.189   4.190   4.228   4.228   4.263   4.263   4.404
  4.507   4.539   4.540   4.606   4.607   5.988   6.180  11.431
 11.431  11.461  11.461  11.533  11.680  17.494  17.541  17.541
 17.600  17.615  17.752  17.754  17.793  17.834  17.860  22.157
 22.164  22.168  22.168  22.173  22.181  22.182  22.184  22.194
 22.195  22.196  22.197  22.211  22.222 140.862 141.084
 --------------------------------------------------------------
 
          Ground-State Mulliken Net Atomic Charges

     Atom                 Charge (a.u.)
  ----------------------------------------
      1 Si                    0.225114
      2 Si                    0.225103
      3 H                    -0.074966
      4 H                    -0.075158
      5 H                    -0.074983
      6 H                    -0.074965
      7 H                    -0.074982
      8 H                    -0.075162
  ----------------------------------------
  Sum of atomic charges =     0.000000

 -----------------------------------------------------------------
                    Cartesian Multipole Moments
 -----------------------------------------------------------------
    Charge (ESU x 10^10)
                 0.0000
    Dipole Moment (Debye)
         X       0.0000      Y       0.0000      Z       0.0000
       Tot       0.0000
    Quadrupole Moments (Debye-Ang)
        XX     -31.0607     XY      -0.0005     YY     -31.0631
        XZ      -0.0038     YZ      -0.0007     ZZ     -31.8675
    Octapole Moments (Debye-Ang^2)
       XXX       0.0000    XXY       0.0000    XYY       0.0000
       YYY       0.0000    XXZ     -36.4999    XYZ      -0.0006
       YYZ     -36.5027    XZZ      -0.0088    YZZ      -0.0016
       ZZZ    -112.3439
    Hexadecapole Moments (Debye-Ang^3)
      XXXX     -82.5598   XXXY      -0.0023   XXYY     -27.5215
      XYYY      -0.0033   YYYY     -82.5755   XXXZ       1.0661
      XXYZ      -0.0017   XYYZ      -0.9997   YYYZ      -0.0049
      XXZZ    -118.3900   XYZZ      -0.0074   YYZZ    -118.4086
      XZZZ       0.0291   YZZZ      -0.0073   ZZZZ    -615.6621
 -----------------------------------------------------------------
 Total job time:  67.84s(wall), 67.01s(cpu) 
 Thu Mar 20 01:21:19 2014

        *************************************************************
        *                                                           *
        *  Thank you very much for using Q-Chem.  Have a nice day.  *
        *                                                           *
        *************************************************************


0 sent ACK to 0 
now end server 0 ... 
 
**********************************************************************
Job 3 of 3 
**********************************************************************
 
Process 0 of 1 is on cl122 - thread support 1
initial socket setup ...start
initial socket setup ...done 
now start server 0 ... 

cmd = /usr/bin/ssh clhead /usr/local/qchem/bin/get_hostid 1175478163 > /tmp/1601941.1.medium.q/qchem23635/lic.dat

cmd = /usr/bin/ssh clhead /usr/local/qchem/bin/get_hostid 1175478163 > /tmp/1601941.1.medium.q/qchem23635/lic.dat

cmd = /usr/bin/ssh clhead /usr/local/qchem/bin/get_hostid 1175478163 > /tmp/1601941.1.medium.q/qchem23635/lic.dat

cmd = /usr/bin/ssh clhead /usr/local/qchem/bin/get_hostid 1175478163 > /tmp/1601941.1.medium.q/qchem23635/lic.dat

cmd = /usr/bin/ssh clhead /usr/local/qchem/bin/get_hostid 1175478163 > /tmp/1601941.1.medium.q/qchem23635/lic.dat
                  Welcome to Q-Chem
     A Quantum Leap Into The Future Of Chemistry

 Y. Shao, L. Fusti-Molnar, Y. Jung, J. Kussmann, C. Ochsenfeld,
 S. T. Brown, A. T. B. Gilbert, L. V. Slipchenko,S. V. Levchenko,
 D. P. O'Neill, R. A. DiStasio Jr., R. C. Lochan, T. Wang,
 G. J. O. Beran, N. A. Besley, J. M. Herbert, C. Y. Lin,
 T. Van Voorhis, S. H. Chien, A. Sodt, R. P. Steele, 
 V. A. Rassolov, P. E. Maslen, P. P. Korambath, R. D. Adamson,
 B. Austin, J. Baker, E. F. C. Byrd, H. Dachsel, R. J. Doerksen,
 A. Dreuw, B. D. Dunietz, A. D. Dutoi, T. R. Furlani,
 S. R. Gwaltney, A. Heyden, S. Hirata, C.-P. Hsu, G. Kedziora,
 R. Z. Khaliullin, P. Klunzinger, A. M. Lee, M. S. Lee, W. Liang,
 I. Lotan, N. Nair, B. Peters, E. I. Proynov, P. A. Pieniazek, 
 Y. M. Rhee, J. Ritchie, E. Rosta, C. D. Sherrill, 
 A. C. Simmonett, J. E. Subotnik, H. L. Woodcock III,
 W. Zhang, A. T. Bell, A. K. Chakraborty, D. M. Chipman,
 F. J. Keil, A. Warshel, W. J. Hehre, H. F. Schaefer III,
 J. Kong, A. I. Krylov, P. M. W. Gill, M. Head-Gordon,
 Q-Chem, Version 3.1, Q-Chem, Inc., Pittsburgh, PA (2007).

 Additional authors for Version 3.1: 
 Z. Gan, Y. Zhao, N. E. Schultz, D. Truhlar, E. Epifanovsky and M. Oana.

 Additional authors for Version 3.2: 
 R. Baer, B. R. Brooks, D. Casanova, J.-D. Chai, C.-L. Cheng, 
 C. Cramer, D. Crittenden, A. Ghysels, G. Hawkins, E. G. Hohenstein, 
 C. Kelley, W. Kurlancheek, D. Liotard, E. Livshits, P. Manohar, 
 A. Marenich, D. Neuhauser, R. Olson, M. A. Rohrdanz, K. S. Thanthiriwatte, 
 A. J. W. Thom, V. Vanovschi, C. F. Williams, Q. Wu and Z.-Q. You. 


 Intel X86 Linux Version

 Q-chem begins on Thu Mar 20 01:21:29 2014  

 Parallel job on  1  processors
Processing $rem in /usr/local/qchem/config/preferences.

theFileMan(): MAXOPENFILES=974 MAX_SUB_FILE_NUM=16
Maximum size of a physical file is 2.0 GB, maximum size of a tmp-file is 32.0 GB


--------------------------------------------------------------
User input:
--------------------------------------------------------------

$molecule
1,2
Si         0.00042        0.00000        0.00861
Si        -0.00042        0.00000        2.34162
H          1.39615        0.00000       -0.50798
H         -0.69759       -1.20904       -0.50646
H         -0.69759        1.20904       -0.50646
H         -1.39615        0.00000        2.85821
H          0.69759       -1.20904        2.85669
H          0.69759        1.20904        2.85669
$end

$comment
positive
$end

$xc_functional
C PBE   1.00
X wPBE  1.00
$end

$rem
SYMMETRY_DECOMPOSITION	0
LRC_DFT                 true
exchange 		general
BASIS                   g3large
omega			340
mem_static              760
max_scf_cycles          200
scf_final_print         1
sym_ignore              true
$end

--------------------------------------------------------------
 Writing REM_CC_EA            8
 ----------------------------------------------------
       Standard Nuclear Orientation (Angstroms)
    I     Atom         X            Y            Z
 ----------------------------------------------------
    1      Si      0.000420     0.000000     0.008610
    2      Si     -0.000420     0.000000     2.341620
    3      H       1.396150     0.000000    -0.507980
    4      H      -0.697590    -1.209040    -0.506460
    5      H      -0.697590     1.209040    -0.506460
    6      H      -1.396150     0.000000     2.858210
    7      H       0.697590    -1.209040     2.856690
    8      H       0.697590     1.209040     2.856690
 ----------------------------------------------------
 Nuclear Repulsion Energy =    90.8879884197 hartrees
 There are       17 alpha and       16 beta electrons
 Requested basis set is G3large
 There are 74 shells and 192 basis functions

Total QAlloc Memory Limit   2000 MB
Mega-Array Size       743 MB
MEM_STATIC part       760 MB

                       Distance Matrix (Angstroms)
             Si(  1)   Si(  2)   H (  3)   H (  4)   H (  5)   H (  6)
   Si(  2)  2.333010
   H (  3)  1.488263  3.173425
   H (  4)  1.488050  3.171653  2.417753
   H (  5)  1.488050  3.171653  2.417753  2.418080
   H (  6)  3.173425  1.488263  4.373577  3.642907  3.642907
   H (  7)  3.171653  1.488050  3.642907  3.641058  4.370860  2.417753
   H (  8)  3.171653  1.488050  3.642907  4.370860  3.641058  2.417753
             H (  7)
   H (  8)  2.418080
 
 A cutoff of  1.0D-08 yielded   2535 shell pairs
 There are  17276 function pairs ( 22407 Cartesian)
Evaluating contribution to one-electron hamiltonian from nuclear
 Smallest overlap matrix eigenvalue = 1.96E-04
 Multipole matrices computed through 2nd order

  Scale SEOQF with 1.000000e-01/1.000000e-01/1.000000e-01

 Standard Electronic Orientation quadrupole field applied
 Nucleus-field energy     =    -0.0000000103 hartrees
 Guess from superposition of atomic densities
 Warning:  Energy on first SCF cycle will be non-variational
 Long-range K will be added via erf
 Coulomb attenuation parameter = 0.34 bohr**(-1)
 An unrestricted Kohn-Sham SCF calculation will be
 performed using Pulay DIIS extrapolation
 Exchange:  wPBE + LR-HF      Correlation:  PBE
 Using SG-1 standard quadrature grid
 SCF converges when DIIS error is below 1.0E-05
 Requested basis set is G3large
 There are 74 shells and 192 basis functions
 A cutoff of  1.0D-08 yielded   2535 shell pairs
 There are  17276 function pairs ( 22407 Cartesian)
 Warning!  Inaccurate integrated density:
   Number of electrons =    33
   Numerical integral  =    34.000072301361
   Relative error      =     3.0305221253 %
 ---------------------------------------
  Cycle       Energy         DIIS Error
 ---------------------------------------
    1    -582.2829592256      2.14E-02
    2    -581.9006067678      2.69E-03
    3    -581.9627211039      1.36E-03
    4    -581.9711883605      2.68E-04
    5    -581.9717550215      6.50E-05
    6    -581.9718760143      1.91E-05
    7    -581.9719045535      1.00E-05
    8    -581.9719146997      6.28E-06 Convergence criterion met
 ---------------------------------------
 One-Electron    Energy =  -978.5871164054
 Total Coulomb   Energy =   349.2288481980
 Alpha Exchange  Energy =    -3.0038574623
 Beta  Exchange  Energy =    -2.8345280202
 DFT   Exchange  Energy =   -36.5038671659
 DFT Correlation Energy =    -1.1593822533
 Nuclear Repu.   Energy =    90.8879884094
 Nuclear Attr.   Energy = -1559.6280931269
 Kinetic         Energy =   581.0409767215
 <S^2> = 0.7548
 SCF time:  CPU 109.30 s  wall 111.17 s
 Final Alpha MO Eigenvalues
            1           2           3           4           5           6
    1 -65.8427188 -65.8427130  -5.5036546  -5.5035386  -3.9150525  -3.9144112
            7           8           9          10          11          12
    1  -3.9049524  -3.9049482  -3.9048906  -3.9048864  -0.9630221  -0.8620997
           13          14          15          16          17          18
    1  -0.7013780  -0.7007061  -0.6756836  -0.6671494  -0.6662579  -0.1469845
           19          20          21          22
    1  -0.1468665  -0.1230298  -0.1128991  -0.0875687
 Final Beta MO Eigenvalues
            1           2           3           4           5           6
    1 -65.8412235 -65.8412185  -5.5019650  -5.5018678  -3.9095721  -3.9089332
            7           8           9          10          11          12
    1  -3.9043397  -3.9043151  -3.9042833  -3.9042589  -0.9233612  -0.8383968
           13          14          15          16          17          18
    1  -0.6928194  -0.6925999  -0.6579865  -0.6579115  -0.3832598  -0.1254617
           19          20          21
    1  -0.1251070  -0.1066033  -0.1029826
 Analysis of SCF Wavefunction
 
 --------------------------------------------------------------
                    Orbital Energies (a.u.)
 --------------------------------------------------------------
 
 Alpha MOs
 -- Occupied --
-65.843 -65.843  -5.504  -5.504  -3.915  -3.914  -3.905  -3.905
 -3.905  -3.905  -0.963  -0.862  -0.701  -0.701  -0.676  -0.667
 -0.666
 -- Virtual --
 -0.147  -0.147  -0.123  -0.113  -0.088  -0.088  -0.061  -0.060
 -0.058  -0.057  -0.027  -0.027  -0.014   0.008   0.009   0.009
  0.018   0.018   0.034   0.037   0.038   0.059   0.060   0.110
  0.148   0.148   0.157   0.157   0.157   0.196   0.196   0.218
  0.218   0.252   0.271   0.271   0.294   0.315   0.320   0.345
  0.345   0.360   0.366   0.380   0.380   0.386   0.502   0.506
  0.506   0.518   0.532   0.532   0.547   0.573   0.574   0.591
  0.592   0.631   0.691   0.692   0.724   0.724   0.763   0.763
  0.784   0.791   0.822   0.822   0.831   0.962   0.993   1.002
  1.002   1.014   1.014   1.090   1.091   1.117   1.147   1.148
  1.183   1.202   1.220   1.221   1.251   1.251   1.265   1.386
  1.387   1.389   1.390   1.418   1.559   1.847   1.912   1.912
  1.955   1.963   2.025   2.026   2.074   2.088   2.089   2.161
  2.161   2.187   2.321   2.678   2.678   2.716   2.717   2.923
  2.949   3.364   3.365   3.390   3.392   3.399   3.617   3.618
  3.621   3.622   3.884   3.899   3.915   3.916   3.924   3.925
  3.937   3.964   3.965   4.004   4.005   4.038   4.040   4.177
  4.270   4.304   4.304   4.369   4.369   5.731   5.928  11.175
 11.175  11.205  11.205  11.265  11.414  17.227  17.281  17.281
 17.338  17.354  17.487  17.491  17.532  17.575  17.601  21.893
 21.902  21.904  21.911  21.915  21.918  21.920  21.923  21.933
 21.934  21.935  21.935  21.953  21.961 140.601 140.823
 
 Beta MOs
 -- Occupied --
-65.841 -65.841  -5.502  -5.502  -3.910  -3.909  -3.904  -3.904
 -3.904  -3.904  -0.923  -0.838  -0.693  -0.693  -0.658  -0.658
 -- Virtual --
 -0.383  -0.125  -0.125  -0.107  -0.103  -0.086  -0.086  -0.057
 -0.057  -0.053  -0.051  -0.027  -0.027  -0.006   0.013   0.016
  0.016   0.019   0.019   0.036   0.040   0.040   0.062   0.063
  0.128   0.154   0.154   0.159   0.159   0.165   0.199   0.199
  0.221   0.221   0.259   0.275   0.275   0.294   0.324   0.331
  0.349   0.349   0.363   0.371   0.387   0.393   0.393   0.513
  0.514   0.515   0.529   0.537   0.537   0.552   0.581   0.581
  0.597   0.597   0.636   0.697   0.697   0.727   0.727   0.770
  0.770   0.791   0.816   0.829   0.829   0.836   0.969   1.005
  1.010   1.011   1.017   1.017   1.094   1.095   1.121   1.154
  1.154   1.191   1.209   1.224   1.225   1.254   1.255   1.274
  1.392   1.392   1.395   1.395   1.442   1.568   1.873   1.940
  1.940   1.955   1.962   2.041   2.041   2.080   2.102   2.102
  2.185   2.186   2.190   2.345   2.686   2.686   2.724   2.724
  2.931   2.956   3.369   3.370   3.395   3.396   3.410   3.621
  3.623   3.625   3.627   3.891   3.914   3.923   3.924   3.932
  3.932   3.945   3.973   3.973   4.013   4.013   4.047   4.048
  4.184   4.280   4.312   4.312   4.377   4.377   5.737   5.932
 11.176  11.176  11.206  11.206  11.275  11.424  17.233  17.283
 17.283  17.341  17.356  17.493  17.494  17.534  17.577  17.602
 21.895  21.904  21.906  21.911  21.915  21.920  21.922  21.924
 21.935  21.935  21.936  21.937  21.954  21.963 140.602 140.824
 --------------------------------------------------------------
 
          Ground-State Mulliken Net Atomic Charges

     Atom                 Charge (a.u.)    Spin (a.u.)
  --------------------------------------------------------
      1 Si                    0.399230       0.377525
      2 Si                    0.399328       0.377546
      3 H                     0.033116       0.036947
      4 H                     0.033901       0.043617
      5 H                     0.033713       0.041909
      6 H                     0.033108       0.036953
      7 H                     0.033706       0.041893
      8 H                     0.033898       0.043612
  --------------------------------------------------------
  Sum of atomic charges =     1.000000
  Sum of spin   charges =     1.000000

 -----------------------------------------------------------------
                    Cartesian Multipole Moments
 -----------------------------------------------------------------
    Charge (ESU x 10^10)
                 4.8032
    Dipole Moment (Debye)
         X       0.0000      Y       0.0000      Z       5.6443
       Tot       5.6443
    Quadrupole Moments (Debye-Ang)
        XX     -25.2215     XY       0.0043     YY     -25.1871
        XZ       0.0540     YZ       0.0148     ZZ      -8.2793
    Octapole Moments (Debye-Ang^2)
       XXX       0.0000    XXY       0.0000    XYY       0.0000
       YYY       0.0000    XXZ     -29.6381    XYZ       0.0051
       YYZ     -29.5978    XZZ       0.1269    YZZ       0.0349
       ZZZ     -44.7759
    Hexadecapole Moments (Debye-Ang^3)
      XXXX     -62.0693   XXXY       0.0073   XXYY     -20.6683
      XYYY       0.0084   YYYY     -61.9524   XXXZ      -3.4202
      XXYZ       0.0094   XYYZ       3.6259   YYYZ       0.0283
      XXZZ     -87.5707   XYZZ       0.0231   YYZZ     -87.4092
      XZZZ       0.5410   YZZZ       0.1351   ZZZZ    -360.9518
 -----------------------------------------------------------------
 Total job time:  111.43s(wall), 109.51s(cpu) 
 Thu Mar 20 01:23:20 2014

        *************************************************************
        *                                                           *
        *  Thank you very much for using Q-Chem.  Have a nice day.  *
        *                                                           *
        *************************************************************


0 sent ACK to 0 
now end server 0 ... 
