Process 0 of 1 is on cl242.stfx.acenet.ca - thread support 1
initial socket setup ...start
initial socket setup ...done 
now start server 0 ... 

cmd = /usr/bin/ssh clhead /usr/local/qchem/bin/get_hostid 28466419 > /scratch/tmp/6027724.1.long.q/qchem22370/lic.dat
                  Welcome to Q-Chem
     A Quantum Leap Into The Future Of Chemistry

 Y. Shao, L. Fusti-Molnar, Y. Jung, J. Kussmann, C. Ochsenfeld,
 S. T. Brown, A. T. B. Gilbert, L. V. Slipchenko,S. V. Levchenko,
 D. P. O'Neill, R. A. DiStasio Jr., R. C. Lochan, T. Wang,
 G. J. O. Beran, N. A. Besley, J. M. Herbert, C. Y. Lin,
 T. Van Voorhis, S. H. Chien, A. Sodt, R. P. Steele, 
 V. A. Rassolov, P. E. Maslen, P. P. Korambath, R. D. Adamson,
 B. Austin, J. Baker, E. F. C. Byrd, H. Dachsel, R. J. Doerksen,
 A. Dreuw, B. D. Dunietz, A. D. Dutoi, T. R. Furlani,
 S. R. Gwaltney, A. Heyden, S. Hirata, C.-P. Hsu, G. Kedziora,
 R. Z. Khaliullin, P. Klunzinger, A. M. Lee, M. S. Lee, W. Liang,
 I. Lotan, N. Nair, B. Peters, E. I. Proynov, P. A. Pieniazek, 
 Y. M. Rhee, J. Ritchie, E. Rosta, C. D. Sherrill, 
 A. C. Simmonett, J. E. Subotnik, H. L. Woodcock III,
 W. Zhang, A. T. Bell, A. K. Chakraborty, D. M. Chipman,
 F. J. Keil, A. Warshel, W. J. Hehre, H. F. Schaefer III,
 J. Kong, A. I. Krylov, P. M. W. Gill, M. Head-Gordon,
 Q-Chem, Version 3.1, Q-Chem, Inc., Pittsburgh, PA (2007).

 Additional authors for Version 3.1: 
 Z. Gan, Y. Zhao, N. E. Schultz, D. Truhlar, E. Epifanovsky and M. Oana.

 Additional authors for Version 3.2: 
 R. Baer, B. R. Brooks, D. Casanova, J.-D. Chai, C.-L. Cheng, 
 C. Cramer, D. Crittenden, A. Ghysels, G. Hawkins, E. G. Hohenstein, 
 C. Kelley, W. Kurlancheek, D. Liotard, E. Livshits, P. Manohar, 
 A. Marenich, D. Neuhauser, R. Olson, M. A. Rohrdanz, K. S. Thanthiriwatte, 
 A. J. W. Thom, V. Vanovschi, C. F. Williams, Q. Wu and Z.-Q. You. 


 Intel X86 Linux Version

 Q-chem begins on Mon Jun  3 17:03:51 2013  

 Parallel job on  1  processors
Processing $rem in /usr/local/qchem/config/preferences.

theFileMan(): MAXOPENFILES=974 MAX_SUB_FILE_NUM=16
Maximum size of a physical file is 2.0 GB, maximum size of a tmp-file is 32.0 GB


--------------------------------------------------------------
User input:
--------------------------------------------------------------

$molecule
-1,2
O
C1,O,r1
H1,C1,r2,O,a1
H,O,roh,C1,aoh,H1,toh,0
C2,C1,r3a,O,a2a,H1,t1a,0
C3,C1,r3b,O,a2b,H1,-t1b,0
H,C2,r4a,C1,a4a,H1,t2a,0
H,C3,r5a,C1,a5a,H1,-t2b,0
H,C2,r4b,C1,a4b,H1,t3a,0
H,C3,r5b,C1,a5b,H1,-t3b,0
H,C2,r4c,C1,a4c,H1,-t4a,0
H,C3,r5c,C1,a5c,H1,t4b,0

r1=1.43111827
r2=1.9557364
roh=2.07916264
r3a=1.52393712
r3b=1.53017411
r4a=1.09587708
r5a=1.09583825
r4b=1.09448657
r5b=1.09801539
r4c=1.0954512
r5c=1.0964078
a1=28.22171182
aoh=30.02045037
a2a=106.21524706
a2b=111.13113306
a4a=110.2041443
a5a=110.24366741
a4b=110.29321839
a5b=111.03931704
a4c=110.82961388
a5c=111.23833611
toh=-62.32359188
t1a=179.44473237
t1b=57.80032287
t2a=63.0172795
t2b=83.272013
t3a=-56.37337218
t3b=-36.4963859
t4a=176.72748761
t4b=156.21533884

$end

$comment
negative
$end

$xc_functional
C PBE   1.00
X wPBE  1.00
$end

$rem
SYMMETRY_DECOMPOSITION	0
exchange 		general
LRC_DFT                 true
BASIS                   g3large
omega			1000
mem_static              760
max_scf_cycles          200
scf_final_print         1
sym_ignore              true
$end

--------------------------------------------------------------
 Writing REM_CC_EA           12
 ----------------------------------------------------
       Standard Nuclear Orientation (Angstroms)
    I     Atom         X            Y            Z
 ----------------------------------------------------
    1      O       0.000000     0.000000     0.000000
    2      C       0.000000     0.000000     1.431118
    3      H       0.924838     0.000000    -0.292129
    4      H       0.483161     0.921207     1.800236
    5      C      -1.463245     0.014181     1.856673
    6      C       0.760558    -1.207760     1.982752
    7      H      -1.967442    -0.894454     1.508657
    8      H       0.298586    -2.138301     1.634130
    9      H      -1.976608     0.877600     1.422084
   10      H       1.806714    -1.200668     1.649367
   11      H      -1.551233     0.066921     2.947310
   12      H       0.763328    -1.208441     3.079156
 ----------------------------------------------------
 Nuclear Repulsion Energy =   134.3979926221 hartrees
 There are       18 alpha and       17 beta electrons
 Requested basis set is G3large
 There are 88 shells and 248 basis functions

Total QAlloc Memory Limit   2000 MB
Mega-Array Size       743 MB
MEM_STATIC part       760 MB

                       Distance Matrix (Angstroms)
             O (  1)   C (  2)   H (  3)   H (  4)   C (  5)   C (  6)
   C (  2)  1.431118
   H (  3)  0.969878  1.955736
   H (  4)  2.079163  1.103773  2.328453
   C (  5)  2.364005  1.523937  3.212552  2.148110
   C (  6)  2.443039  1.530174  2.580844  2.154707  2.540539
   H (  7)  2.635701  2.162611  3.522521  3.063836  1.095877  2.786558
   H (  8)  2.707742  2.168571  2.945335  3.069568  2.790476  1.095838
   H (  9)  2.588336  2.162693  3.482398  2.489048  1.094487  3.486424
   H ( 10)  2.725111  2.180241  2.447185  2.505376  3.494491  1.098015
   H ( 11)  3.331282  2.170171  4.077912  2.486833  1.095451  2.810617
   H ( 12)  3.394731  2.181519  3.584965  2.499906  2.819024  1.096408
             H (  7)   H (  8)   H (  9)   H ( 10)   H ( 11)
   H (  8)  2.588007
   H (  9)  1.774192  3.783799
   H ( 10)  3.789170  1.775904  4.322543
   H ( 11)  1.779661  3.163745  1.778892  3.816706
   H ( 12)  3.165779  1.780091  3.821610  1.770031  2.645964
 
 A cutoff of  1.0D-08 yielded   3639 shell pairs
 There are  28920 function pairs ( 34904 Cartesian)
Evaluating contribution to one-electron hamiltonian from nuclear
 Smallest overlap matrix eigenvalue = 4.89E-05

 Q-Chem warning in module mkSTV.C, line 194:

 Overlap eigenvalue is smaller than square root of threshold

 Multipole matrices computed through 2nd order

  Scale SEOQF with 1.000000e-01/1.000000e-01/1.000000e-01

 Standard Electronic Orientation quadrupole field applied
 Nucleus-field energy     =    -0.0000000069 hartrees
 Guess from superposition of atomic densities
 Warning:  Energy on first SCF cycle will be non-variational
 Long-range K will be added via erf
 Coulomb attenuation parameter = 1 bohr**(-1)
 An unrestricted Kohn-Sham SCF calculation will be
 performed using Pulay DIIS extrapolation
 Exchange:  wPBE + LR-HF      Correlation:  PBE
 Using SG-1 standard quadrature grid
 SCF converges when DIIS error is below 1.0E-05
 Requested basis set is G3large
 There are 88 shells and 248 basis functions
 A cutoff of  1.0D-08 yielded   3639 shell pairs
 There are  28920 function pairs ( 34904 Cartesian)
 Warning!  Inaccurate integrated density:
   Number of electrons =    35
   Numerical integral  =    34.000227111547
   Relative error      =    -2.8564939670 %
 ---------------------------------------
  Cycle       Energy         DIIS Error
 ---------------------------------------
    1    -195.3635253332      2.84E-02
    2    -194.1327866230      3.67E-03
    3    -194.2405724478      2.20E-03
    4    -194.2706313709      5.13E-04
    5    -194.2751055276      1.73E-04
    6    -194.2760470703      5.74E-05
    7    -194.2763959119      2.82E-05
    8    -194.2766170556      2.01E-05
    9    -194.2767852234      1.40E-05
   10    -194.2769059079      6.66E-06 Convergence criterion met
 ---------------------------------------
 One-Electron    Energy =  -533.4929269017
 Total Coulomb   Energy =   232.7007751357
 Alpha Exchange  Energy =    -6.4125649734
 Beta  Exchange  Energy =    -6.3355438766
 DFT   Exchange  Energy =   -14.0171509587
 DFT Correlation Energy =    -1.1174869483
 Nuclear Repu.   Energy =   134.3979926152
 Nuclear Attr.   Energy =  -726.7302418953
 Kinetic         Energy =   193.2373149935
 <S^2> = 0.7501
 SCF time:  CPU 271.41 s  wall 272.29 s
 Final Alpha MO Eigenvalues
            1           2           3           4           5           6
    1 -19.1210155 -10.3425841 -10.2846149 -10.2694662  -1.1944837  -0.9202805
            7           8           9          10          11          12
    1  -0.8237365  -0.6870436  -0.5865510  -0.5207793  -0.4968965  -0.4404194
           13          14          15          16          17          18
    1  -0.4378038  -0.4228680  -0.4030895  -0.3667379  -0.3246856   0.0269556
           19          20          21          22          23
    1   0.1315016   0.1402717   0.1439978   0.1690071   0.1757553
 Final Beta MO Eigenvalues
            1           2           3           4           5           6
    1 -19.1208152 -10.3423571 -10.2845617 -10.2690358  -1.1935590  -0.9193127
            7           8           9          10          11          12
    1  -0.8223839  -0.6856029  -0.5850540  -0.5192811  -0.4965627  -0.4401124
           13          14          15          16          17          18
    1  -0.4376193  -0.4225526  -0.4025758  -0.3661544  -0.3238572   0.1322034
           19          20          21          22
    1   0.1498879   0.1539389   0.1579032   0.1736930
 Analysis of SCF Wavefunction
 
 --------------------------------------------------------------
                    Orbital Energies (a.u.)
 --------------------------------------------------------------
 
 Alpha MOs
 -- Occupied --
-19.121 -10.343 -10.285 -10.269  -1.194  -0.920  -0.824  -0.687
 -0.587  -0.521  -0.497  -0.440  -0.438  -0.423  -0.403  -0.367
 -0.325   0.027
 -- Virtual --
  0.132   0.140   0.144   0.169   0.176   0.179   0.188   0.238
  0.244   0.267   0.277   0.278   0.282   0.284   0.298   0.304
  0.308   0.328   0.345   0.378   0.396   0.413   0.421   0.436
  0.441   0.468   0.482   0.485   0.497   0.504   0.521   0.551
  0.569   0.590   0.646   0.665   0.699   0.722   0.737   0.743
  0.789   0.811   0.818   0.829   0.830   0.840   0.853   0.882
  0.891   0.908   0.914   0.937   0.948   0.975   1.015   1.064
  1.080   1.131   1.136   1.180   1.209   1.231   1.251   1.275
  1.314   1.347   1.360   1.390   1.412   1.427   1.448   1.467
  1.480   1.507   1.520   1.560   1.585   1.598   1.612   1.625
  1.635   1.651   1.675   1.704   1.751   1.763   1.777   1.795
  1.807   1.849   1.857   1.891   1.910   1.919   1.962   1.965
  2.108   2.215   2.392   2.426   2.635   2.687   2.754   2.876
  2.902   2.942   2.945   3.014   3.061   3.083   3.178   3.201
  3.219   3.246   3.294   3.316   3.322   3.361   3.394   3.485
  3.505   3.538   3.544   3.577   3.607   3.668   3.701   3.712
  3.721   3.745   3.796   3.824   3.907   3.929   3.935   3.961
  3.980   4.032   4.074   4.089   4.130   4.155   4.196   4.216
  4.254   4.290   4.370   4.371   4.387   4.399   4.433   4.501
  4.535   4.580   4.588   4.606   4.614   4.634   4.678   4.706
  4.721   4.729   4.815   4.837   4.873   4.943   4.966   4.999
  5.006   5.049   5.111   5.233   5.509   5.595   5.646   5.701
  5.785   5.811   5.905   5.949   5.990   6.045   6.066   6.090
  6.109   6.264   6.349   6.870   7.446   7.595   7.683   7.729
  8.016   8.132  24.570  24.678  24.781  28.010  28.182  28.485
 28.525  28.555  28.576  28.591  28.774  28.883  41.373  41.424
 41.437  41.442  41.474  41.478  41.568  41.597  41.612  41.627
 41.630  41.655  41.659  41.696  41.729  44.299  44.329  44.371
 44.414  44.481  46.165  46.479  46.852  50.383
 
 Beta MOs
 -- Occupied --
-19.121 -10.342 -10.285 -10.269  -1.194  -0.919  -0.822  -0.686
 -0.585  -0.519  -0.497  -0.440  -0.438  -0.423  -0.403  -0.366
 -0.324
 -- Virtual --
  0.132   0.150   0.154   0.158   0.174   0.183   0.186   0.194
  0.238   0.244   0.264   0.276   0.277   0.281   0.286   0.298
  0.306   0.309   0.327   0.344   0.379   0.396   0.413   0.420
  0.434   0.441   0.466   0.481   0.485   0.495   0.503   0.518
  0.550   0.567   0.588   0.645   0.663   0.698   0.721   0.736
  0.742   0.787   0.811   0.817   0.828   0.829   0.837   0.853
  0.880   0.891   0.906   0.914   0.936   0.946   0.975   1.015
  1.064   1.080   1.131   1.136   1.180   1.209   1.231   1.251
  1.275   1.314   1.347   1.360   1.390   1.412   1.427   1.448
  1.467   1.480   1.507   1.520   1.560   1.585   1.598   1.612
  1.625   1.634   1.651   1.674   1.704   1.750   1.763   1.776
  1.794   1.807   1.848   1.857   1.891   1.910   1.919   1.961
  1.964   2.108   2.216   2.393   2.426   2.635   2.687   2.754
  2.876   2.902   2.942   2.945   3.015   3.061   3.083   3.178
  3.201   3.219   3.246   3.294   3.316   3.322   3.361   3.394
  3.485   3.505   3.538   3.544   3.578   3.607   3.668   3.701
  3.712   3.722   3.745   3.796   3.824   3.907   3.929   3.935
  3.961   3.980   4.032   4.074   4.089   4.130   4.155   4.196
  4.216   4.254   4.291   4.370   4.371   4.387   4.399   4.433
  4.501   4.535   4.580   4.588   4.606   4.614   4.634   4.679
  4.706   4.721   4.729   4.815   4.837   4.874   4.943   4.967
  4.999   5.006   5.049   5.111   5.234   5.509   5.595   5.646
  5.701   5.785   5.811   5.905   5.949   5.991   6.045   6.066
  6.090   6.109   6.265   6.349   6.870   7.447   7.595   7.683
  7.729   8.016   8.133  24.570  24.678  24.781  28.010  28.182
 28.485  28.525  28.555  28.576  28.591  28.775  28.883  41.373
 41.424  41.437  41.443  41.475  41.478  41.568  41.598  41.612
 41.628  41.630  41.655  41.659  41.696  41.729  44.299  44.329
 44.372  44.414  44.482  46.165  46.479  46.852  50.383
 --------------------------------------------------------------
 
          Ground-State Mulliken Net Atomic Charges

     Atom                 Charge (a.u.)    Spin (a.u.)
  --------------------------------------------------------
      1 O                    -0.413779       0.068554
      2 C                     0.111176      -0.050393
      3 H                    -0.177313       0.457320
      4 H                    -0.873820       0.953206
      5 C                     0.478183      -0.748200
      6 C                     2.158437      -2.414061
      7 H                     0.067465       0.007409
      8 H                    -0.210670       0.288296
      9 H                    -0.085632       0.168417
     10 H                    -1.606154       1.695413
     11 H                    -0.075884       0.140412
     12 H                    -0.372009       0.433629
  --------------------------------------------------------
  Sum of atomic charges =    -1.000000
  Sum of spin   charges =     1.000000

 -----------------------------------------------------------------
                    Cartesian Multipole Moments
 -----------------------------------------------------------------
    Charge (ESU x 10^10)
                -4.8032
    Dipole Moment (Debye)
         X      -7.9800      Y       0.7601      Z      -6.3535
       Tot      10.2287
    Quadrupole Moments (Debye-Ang)
        XX     -65.8213     XY       4.6503     YY     -49.7457
        XZ     -12.2169     YZ       0.4563     ZZ     -62.7198
    Octapole Moments (Debye-Ang^2)
       XXX    -122.3483    XXY      27.1804    XYY     -33.9443
       YYY      40.7737    XXZ     -95.5380    XYZ       5.5415
       YYZ     -76.0839    XZZ     -48.2059    YZZ      15.8061
       ZZZ    -252.5609
    Hexadecapole Moments (Debye-Ang^3)
      XXXX    -854.3606   XXXY     121.4641   XXYY    -208.4634
      XYYY      77.7531   YYYY    -408.6602   XXXZ    -151.2653
      XXYZ      41.7366   XYYZ     -43.5539   YYYZ      72.8649
      XXZZ    -347.5600   XYZZ      33.1987   YYZZ    -267.1778
      XZZZ    -144.0940   YZZZ      85.2452   ZZZZ   -1216.2540
 -----------------------------------------------------------------
 Total job time:  272.67s(wall), 271.75s(cpu) 
 Mon Jun  3 17:08:23 2013

        *************************************************************
        *                                                           *
        *  Thank you very much for using Q-Chem.  Have a nice day.  *
        *                                                           *
        *************************************************************


0 sent ACK to 0 
now end server 0 ... 
 
**********************************************************************
Job 2 of 3 
**********************************************************************
 
Process 0 of 1 is on cl242.stfx.acenet.ca - thread support 1
initial socket setup ...start
initial socket setup ...done 
now start server 0 ... 

cmd = /usr/bin/ssh clhead /usr/local/qchem/bin/get_hostid 1223377064 > /scratch/tmp/6027724.1.long.q/qchem22370/lic.dat
                  Welcome to Q-Chem
     A Quantum Leap Into The Future Of Chemistry

 Y. Shao, L. Fusti-Molnar, Y. Jung, J. Kussmann, C. Ochsenfeld,
 S. T. Brown, A. T. B. Gilbert, L. V. Slipchenko,S. V. Levchenko,
 D. P. O'Neill, R. A. DiStasio Jr., R. C. Lochan, T. Wang,
 G. J. O. Beran, N. A. Besley, J. M. Herbert, C. Y. Lin,
 T. Van Voorhis, S. H. Chien, A. Sodt, R. P. Steele, 
 V. A. Rassolov, P. E. Maslen, P. P. Korambath, R. D. Adamson,
 B. Austin, J. Baker, E. F. C. Byrd, H. Dachsel, R. J. Doerksen,
 A. Dreuw, B. D. Dunietz, A. D. Dutoi, T. R. Furlani,
 S. R. Gwaltney, A. Heyden, S. Hirata, C.-P. Hsu, G. Kedziora,
 R. Z. Khaliullin, P. Klunzinger, A. M. Lee, M. S. Lee, W. Liang,
 I. Lotan, N. Nair, B. Peters, E. I. Proynov, P. A. Pieniazek, 
 Y. M. Rhee, J. Ritchie, E. Rosta, C. D. Sherrill, 
 A. C. Simmonett, J. E. Subotnik, H. L. Woodcock III,
 W. Zhang, A. T. Bell, A. K. Chakraborty, D. M. Chipman,
 F. J. Keil, A. Warshel, W. J. Hehre, H. F. Schaefer III,
 J. Kong, A. I. Krylov, P. M. W. Gill, M. Head-Gordon,
 Q-Chem, Version 3.1, Q-Chem, Inc., Pittsburgh, PA (2007).

 Additional authors for Version 3.1: 
 Z. Gan, Y. Zhao, N. E. Schultz, D. Truhlar, E. Epifanovsky and M. Oana.

 Additional authors for Version 3.2: 
 R. Baer, B. R. Brooks, D. Casanova, J.-D. Chai, C.-L. Cheng, 
 C. Cramer, D. Crittenden, A. Ghysels, G. Hawkins, E. G. Hohenstein, 
 C. Kelley, W. Kurlancheek, D. Liotard, E. Livshits, P. Manohar, 
 A. Marenich, D. Neuhauser, R. Olson, M. A. Rohrdanz, K. S. Thanthiriwatte, 
 A. J. W. Thom, V. Vanovschi, C. F. Williams, Q. Wu and Z.-Q. You. 


 Intel X86 Linux Version

 Q-chem begins on Mon Jun  3 17:08:26 2013  

 Parallel job on  1  processors
Processing $rem in /usr/local/qchem/config/preferences.

theFileMan(): MAXOPENFILES=974 MAX_SUB_FILE_NUM=16
Maximum size of a physical file is 2.0 GB, maximum size of a tmp-file is 32.0 GB


--------------------------------------------------------------
User input:
--------------------------------------------------------------

$molecule
0,1
O
C1,O,r1
H1,C1,r2,O,a1
H,O,roh,C1,aoh,H1,toh,0
C2,C1,r3a,O,a2a,H1,t1a,0
C3,C1,r3b,O,a2b,H1,-t1b,0
H,C2,r4a,C1,a4a,H1,t2a,0
H,C3,r5a,C1,a5a,H1,-t2b,0
H,C2,r4b,C1,a4b,H1,t3a,0
H,C3,r5b,C1,a5b,H1,-t3b,0
H,C2,r4c,C1,a4c,H1,-t4a,0
H,C3,r5c,C1,a5c,H1,t4b,0

r1=1.43111827
r2=1.9557364
roh=2.07916264
r3a=1.52393712
r3b=1.53017411
r4a=1.09587708
r5a=1.09583825
r4b=1.09448657
r5b=1.09801539
r4c=1.0954512
r5c=1.0964078
a1=28.22171182
aoh=30.02045037
a2a=106.21524706
a2b=111.13113306
a4a=110.2041443
a5a=110.24366741
a4b=110.29321839
a5b=111.03931704
a4c=110.82961388
a5c=111.23833611
toh=-62.32359188
t1a=179.44473237
t1b=57.80032287
t2a=63.0172795
t2b=83.272013
t3a=-56.37337218
t3b=-36.4963859
t4a=176.72748761
t4b=156.21533884

$end

$comment
neutral
$end

$xc_functional
C PBE   1.00
X wPBE  1.00
$end


$rem
SYMMETRY_DECOMPOSITION	0
LRC_DFT                 true
exchange 		general
BASIS                   g3large
omega			1000
mem_static              760
max_scf_cycles          200
scf_final_print         1
sym_ignore              true
$end

--------------------------------------------------------------
 Writing REM_CC_EA           12
 ----------------------------------------------------
       Standard Nuclear Orientation (Angstroms)
    I     Atom         X            Y            Z
 ----------------------------------------------------
    1      O       0.000000     0.000000     0.000000
    2      C       0.000000     0.000000     1.431118
    3      H       0.924838     0.000000    -0.292129
    4      H       0.483161     0.921207     1.800236
    5      C      -1.463245     0.014181     1.856673
    6      C       0.760558    -1.207760     1.982752
    7      H      -1.967442    -0.894454     1.508657
    8      H       0.298586    -2.138301     1.634130
    9      H      -1.976608     0.877600     1.422084
   10      H       1.806714    -1.200668     1.649367
   11      H      -1.551233     0.066921     2.947310
   12      H       0.763328    -1.208441     3.079156
 ----------------------------------------------------
 Nuclear Repulsion Energy =   134.3979926221 hartrees
 There are       17 alpha and       17 beta electrons
 Requested basis set is G3large
 There are 88 shells and 248 basis functions

Total QAlloc Memory Limit   2000 MB
Mega-Array Size       743 MB
MEM_STATIC part       760 MB

                       Distance Matrix (Angstroms)
             O (  1)   C (  2)   H (  3)   H (  4)   C (  5)   C (  6)
   C (  2)  1.431118
   H (  3)  0.969878  1.955736
   H (  4)  2.079163  1.103773  2.328453
   C (  5)  2.364005  1.523937  3.212552  2.148110
   C (  6)  2.443039  1.530174  2.580844  2.154707  2.540539
   H (  7)  2.635701  2.162611  3.522521  3.063836  1.095877  2.786558
   H (  8)  2.707742  2.168571  2.945335  3.069568  2.790476  1.095838
   H (  9)  2.588336  2.162693  3.482398  2.489048  1.094487  3.486424
   H ( 10)  2.725111  2.180241  2.447185  2.505376  3.494491  1.098015
   H ( 11)  3.331282  2.170171  4.077912  2.486833  1.095451  2.810617
   H ( 12)  3.394731  2.181519  3.584965  2.499906  2.819024  1.096408
             H (  7)   H (  8)   H (  9)   H ( 10)   H ( 11)
   H (  8)  2.588007
   H (  9)  1.774192  3.783799
   H ( 10)  3.789170  1.775904  4.322543
   H ( 11)  1.779661  3.163745  1.778892  3.816706
   H ( 12)  3.165779  1.780091  3.821610  1.770031  2.645964
 
 A cutoff of  1.0D-08 yielded   3639 shell pairs
 There are  28920 function pairs ( 34904 Cartesian)
Evaluating contribution to one-electron hamiltonian from nuclear
 Smallest overlap matrix eigenvalue = 4.89E-05

 Q-Chem warning in module mkSTV.C, line 194:

 Overlap eigenvalue is smaller than square root of threshold

 Multipole matrices computed through 2nd order

  Scale SEOQF with 1.000000e-01/1.000000e-01/1.000000e-01

 Standard Electronic Orientation quadrupole field applied
 Nucleus-field energy     =    -0.0000000069 hartrees
 Guess from superposition of atomic densities
 Warning:  Energy on first SCF cycle will be non-variational
 Long-range K will be added via erf
 Coulomb attenuation parameter = 1 bohr**(-1)
 A restricted Kohn-Sham SCF calculation will be
 performed using Pulay DIIS extrapolation
 Exchange:  wPBE + LR-HF      Correlation:  PBE
 Using SG-1 standard quadrature grid
 SCF converges when DIIS error is below 1.0E-05
 Requested basis set is G3large
 There are 88 shells and 248 basis functions
 A cutoff of  1.0D-08 yielded   3639 shell pairs
 There are  28920 function pairs ( 34904 Cartesian)
 ---------------------------------------
  Cycle       Energy         DIIS Error
 ---------------------------------------
    1    -195.3635253332      2.84E-02
    2    -194.1988809741      3.54E-03
    3    -194.2864670242      1.90E-03
    4    -194.3059869690      5.21E-04
    5    -194.3082553017      1.36E-04
    6    -194.3084698098      3.73E-05
    7    -194.3084852280      9.32E-06 Convergence criterion met
 ---------------------------------------
 One-Electron    Energy =  -529.1149695134
 Total Coulomb   Energy =   228.2123337143
 Alpha Exchange  Energy =    -6.3393102265
 Beta  Exchange  Energy =    -6.3393102265
 DFT   Exchange  Energy =   -14.0151084164
 DFT Correlation Energy =    -1.1101131746
 Nuclear Repu.   Energy =   134.3979926152
 Nuclear Attr.   Energy =  -722.2931596586
 Kinetic         Energy =   193.1781901452
 SCF time:  CPU 146.40 s  wall 146.88 s
 Final Alpha MO Eigenvalues
            1           2           3           4           5           6
    1 -19.2545824 -10.4751986 -10.4089732 -10.4013415  -1.3273368  -1.0488763
            7           8           9          10          11          12
    1  -0.9517500  -0.8157327  -0.7176726  -0.6499869  -0.6287460  -0.5705581
           13          14          15          16          17          18
    1  -0.5577934  -0.5516993  -0.5337123  -0.4967988  -0.4570248   0.0383042
           19          20          21          22
    1   0.0553904   0.0580016   0.0630784   0.0834096
 Analysis of SCF Wavefunction
 
 --------------------------------------------------------------
                    Orbital Energies (a.u.)
 --------------------------------------------------------------
 
 Alpha MOs
 -- Occupied --
-19.255 -10.475 -10.409 -10.401  -1.327  -1.049  -0.952  -0.816
 -0.718  -0.650  -0.629  -0.571  -0.558  -0.552  -0.534  -0.497
 -0.457
 -- Virtual --
  0.038   0.055   0.058   0.063   0.083   0.086   0.093   0.098
  0.136   0.145   0.163   0.171   0.175   0.178   0.183   0.191
  0.199   0.203   0.227   0.235   0.265   0.278   0.292   0.301
  0.317   0.322   0.346   0.363   0.367   0.380   0.387   0.407
  0.430   0.449   0.471   0.526   0.544   0.575   0.595   0.615
  0.623   0.666   0.687   0.698   0.703   0.708   0.710   0.726
  0.752   0.766   0.777   0.787   0.818   0.823   0.845   0.890
  0.936   0.952   1.004   1.007   1.051   1.081   1.104   1.123
  1.146   1.187   1.222   1.234   1.261   1.283   1.304   1.319
  1.338   1.356   1.379   1.395   1.437   1.455   1.470   1.484
  1.500   1.506   1.524   1.544   1.573   1.622   1.638   1.647
  1.665   1.684   1.720   1.731   1.763   1.784   1.791   1.830
  1.837   1.980   2.083   2.261   2.295   2.504   2.555   2.628
  2.745   2.770   2.814   2.820   2.882   2.936   2.954   3.048
  3.071   3.089   3.115   3.169   3.186   3.193   3.231   3.266
  3.358   3.372   3.414   3.415   3.447   3.477   3.542   3.572
  3.580   3.597   3.615   3.667   3.695   3.779   3.795   3.812
  3.836   3.848   3.902   3.943   3.958   3.998   4.021   4.064
  4.090   4.124   4.161   4.234   4.242   4.258   4.273   4.307
  4.371   4.403   4.449   4.458   4.479   4.489   4.505   4.546
  4.575   4.592   4.597   4.690   4.704   4.746   4.813   4.843
  4.862   4.883   4.918   4.982   5.104   5.377   5.464   5.514
  5.569   5.658   5.679   5.772   5.818   5.858   5.913   5.943
  5.961   5.981   6.132   6.218   6.738   7.314   7.459   7.550
  7.597   7.884   8.001  24.439  24.550  24.651  27.879  28.052
 28.352  28.400  28.424  28.450  28.460  28.645  28.752  41.244
 41.293  41.304  41.319  41.337  41.355  41.435  41.467  41.488
 41.491  41.501  41.520  41.537  41.577  41.592  44.166  44.195
 44.238  44.280  44.348  46.031  46.345  46.718  50.249
 --------------------------------------------------------------
 
          Ground-State Mulliken Net Atomic Charges

     Atom                 Charge (a.u.)
  ----------------------------------------
      1 O                    -0.320862
      2 C                     0.045499
      3 H                     0.257193
      4 H                     0.064610
      5 C                    -0.256582
      6 C                    -0.268515
      7 H                     0.089647
      8 H                     0.102842
      9 H                     0.093772
     10 H                     0.060789
     11 H                     0.064890
     12 H                     0.066718
  ----------------------------------------
  Sum of atomic charges =     0.000000

 -----------------------------------------------------------------
                    Cartesian Multipole Moments
 -----------------------------------------------------------------
    Charge (ESU x 10^10)
                 0.0000
    Dipole Moment (Debye)
         X       1.3834      Y      -0.0635      Z       1.2079
       Tot       1.8376
    Quadrupole Moments (Debye-Ang)
        XX     -24.2369     XY       0.1297     YY     -26.2089
        XZ      -0.9643     YZ      -0.0379     ZZ     -24.1248
    Octapole Moments (Debye-Ang^2)
       XXX      16.1224    XXY       8.9894    XYY       3.5577
       YYY      26.0074    XXZ     -37.6911    XYZ       0.2208
       YYZ     -36.5281    XZZ       4.8309    YZZ       8.8234
       ZZZ    -105.0254
    Hexadecapole Moments (Debye-Ang^3)
      XXXX    -173.8981   XXXY      21.4027   XXYY     -47.3891
      XYYY      24.4890   YYYY    -113.0278   XXXZ      27.4936
      XXYZ      18.3033   XYYZ       8.2966   YYYZ      54.2303
      XXZZ    -107.1099   XYZZ       7.4969   YYZZ     -96.6241
      XZZZ      25.7716   YZZZ      52.2094   ZZZZ    -427.4400
 -----------------------------------------------------------------
 Total job time:  147.24s(wall), 146.71s(cpu) 
 Mon Jun  3 17:10:53 2013

        *************************************************************
        *                                                           *
        *  Thank you very much for using Q-Chem.  Have a nice day.  *
        *                                                           *
        *************************************************************


0 sent ACK to 0 
now end server 0 ... 
 
**********************************************************************
Job 3 of 3 
**********************************************************************
 
Process 0 of 1 is on cl242.stfx.acenet.ca - thread support 1
initial socket setup ...start
initial socket setup ...done 
now start server 0 ... 

cmd = /usr/bin/ssh clhead /usr/local/qchem/bin/get_hostid 696519207 > /scratch/tmp/6027724.1.long.q/qchem22370/lic.dat
                  Welcome to Q-Chem
     A Quantum Leap Into The Future Of Chemistry

 Y. Shao, L. Fusti-Molnar, Y. Jung, J. Kussmann, C. Ochsenfeld,
 S. T. Brown, A. T. B. Gilbert, L. V. Slipchenko,S. V. Levchenko,
 D. P. O'Neill, R. A. DiStasio Jr., R. C. Lochan, T. Wang,
 G. J. O. Beran, N. A. Besley, J. M. Herbert, C. Y. Lin,
 T. Van Voorhis, S. H. Chien, A. Sodt, R. P. Steele, 
 V. A. Rassolov, P. E. Maslen, P. P. Korambath, R. D. Adamson,
 B. Austin, J. Baker, E. F. C. Byrd, H. Dachsel, R. J. Doerksen,
 A. Dreuw, B. D. Dunietz, A. D. Dutoi, T. R. Furlani,
 S. R. Gwaltney, A. Heyden, S. Hirata, C.-P. Hsu, G. Kedziora,
 R. Z. Khaliullin, P. Klunzinger, A. M. Lee, M. S. Lee, W. Liang,
 I. Lotan, N. Nair, B. Peters, E. I. Proynov, P. A. Pieniazek, 
 Y. M. Rhee, J. Ritchie, E. Rosta, C. D. Sherrill, 
 A. C. Simmonett, J. E. Subotnik, H. L. Woodcock III,
 W. Zhang, A. T. Bell, A. K. Chakraborty, D. M. Chipman,
 F. J. Keil, A. Warshel, W. J. Hehre, H. F. Schaefer III,
 J. Kong, A. I. Krylov, P. M. W. Gill, M. Head-Gordon,
 Q-Chem, Version 3.1, Q-Chem, Inc., Pittsburgh, PA (2007).

 Additional authors for Version 3.1: 
 Z. Gan, Y. Zhao, N. E. Schultz, D. Truhlar, E. Epifanovsky and M. Oana.

 Additional authors for Version 3.2: 
 R. Baer, B. R. Brooks, D. Casanova, J.-D. Chai, C.-L. Cheng, 
 C. Cramer, D. Crittenden, A. Ghysels, G. Hawkins, E. G. Hohenstein, 
 C. Kelley, W. Kurlancheek, D. Liotard, E. Livshits, P. Manohar, 
 A. Marenich, D. Neuhauser, R. Olson, M. A. Rohrdanz, K. S. Thanthiriwatte, 
 A. J. W. Thom, V. Vanovschi, C. F. Williams, Q. Wu and Z.-Q. You. 


 Intel X86 Linux Version

 Q-chem begins on Mon Jun  3 17:10:56 2013  

 Parallel job on  1  processors
Processing $rem in /usr/local/qchem/config/preferences.

theFileMan(): MAXOPENFILES=974 MAX_SUB_FILE_NUM=16
Maximum size of a physical file is 2.0 GB, maximum size of a tmp-file is 32.0 GB


--------------------------------------------------------------
User input:
--------------------------------------------------------------

$molecule
1,2
O
C1,O,r1
H1,C1,r2,O,a1
H,O,roh,C1,aoh,H1,toh,0
C2,C1,r3a,O,a2a,H1,t1a,0
C3,C1,r3b,O,a2b,H1,-t1b,0
H,C2,r4a,C1,a4a,H1,t2a,0
H,C3,r5a,C1,a5a,H1,-t2b,0
H,C2,r4b,C1,a4b,H1,t3a,0
H,C3,r5b,C1,a5b,H1,-t3b,0
H,C2,r4c,C1,a4c,H1,-t4a,0
H,C3,r5c,C1,a5c,H1,t4b,0

r1=1.43111827
r2=1.9557364
roh=2.07916264
r3a=1.52393712
r3b=1.53017411
r4a=1.09587708
r5a=1.09583825
r4b=1.09448657
r5b=1.09801539
r4c=1.0954512
r5c=1.0964078
a1=28.22171182
aoh=30.02045037
a2a=106.21524706
a2b=111.13113306
a4a=110.2041443
a5a=110.24366741
a4b=110.29321839
a5b=111.03931704
a4c=110.82961388
a5c=111.23833611
toh=-62.32359188
t1a=179.44473237
t1b=57.80032287
t2a=63.0172795
t2b=83.272013
t3a=-56.37337218
t3b=-36.4963859
t4a=176.72748761
t4b=156.21533884

$end

$comment
positive
$end

$xc_functional
C PBE   1.00
X wPBE  1.00
$end

$rem
SYMMETRY_DECOMPOSITION	0
LRC_DFT                 true
exchange 		general
BASIS                   g3large
omega			1000
mem_static              760
max_scf_cycles          200
scf_final_print         1
sym_ignore              true
$end

--------------------------------------------------------------
 Writing REM_CC_EA           12
 ----------------------------------------------------
       Standard Nuclear Orientation (Angstroms)
    I     Atom         X            Y            Z
 ----------------------------------------------------
    1      O       0.000000     0.000000     0.000000
    2      C       0.000000     0.000000     1.431118
    3      H       0.924838     0.000000    -0.292129
    4      H       0.483161     0.921207     1.800236
    5      C      -1.463245     0.014181     1.856673
    6      C       0.760558    -1.207760     1.982752
    7      H      -1.967442    -0.894454     1.508657
    8      H       0.298586    -2.138301     1.634130
    9      H      -1.976608     0.877600     1.422084
   10      H       1.806714    -1.200668     1.649367
   11      H      -1.551233     0.066921     2.947310
   12      H       0.763328    -1.208441     3.079156
 ----------------------------------------------------
 Nuclear Repulsion Energy =   134.3979926221 hartrees
 There are       17 alpha and       16 beta electrons
 Requested basis set is G3large
 There are 88 shells and 248 basis functions

Total QAlloc Memory Limit   2000 MB
Mega-Array Size       743 MB
MEM_STATIC part       760 MB

                       Distance Matrix (Angstroms)
             O (  1)   C (  2)   H (  3)   H (  4)   C (  5)   C (  6)
   C (  2)  1.431118
   H (  3)  0.969878  1.955736
   H (  4)  2.079163  1.103773  2.328453
   C (  5)  2.364005  1.523937  3.212552  2.148110
   C (  6)  2.443039  1.530174  2.580844  2.154707  2.540539
   H (  7)  2.635701  2.162611  3.522521  3.063836  1.095877  2.786558
   H (  8)  2.707742  2.168571  2.945335  3.069568  2.790476  1.095838
   H (  9)  2.588336  2.162693  3.482398  2.489048  1.094487  3.486424
   H ( 10)  2.725111  2.180241  2.447185  2.505376  3.494491  1.098015
   H ( 11)  3.331282  2.170171  4.077912  2.486833  1.095451  2.810617
   H ( 12)  3.394731  2.181519  3.584965  2.499906  2.819024  1.096408
             H (  7)   H (  8)   H (  9)   H ( 10)   H ( 11)
   H (  8)  2.588007
   H (  9)  1.774192  3.783799
   H ( 10)  3.789170  1.775904  4.322543
   H ( 11)  1.779661  3.163745  1.778892  3.816706
   H ( 12)  3.165779  1.780091  3.821610  1.770031  2.645964
 
 A cutoff of  1.0D-08 yielded   3639 shell pairs
 There are  28920 function pairs ( 34904 Cartesian)
Evaluating contribution to one-electron hamiltonian from nuclear
 Smallest overlap matrix eigenvalue = 4.89E-05

 Q-Chem warning in module mkSTV.C, line 194:

 Overlap eigenvalue is smaller than square root of threshold

 Multipole matrices computed through 2nd order

  Scale SEOQF with 1.000000e-01/1.000000e-01/1.000000e-01

 Standard Electronic Orientation quadrupole field applied
 Nucleus-field energy     =    -0.0000000069 hartrees
 Guess from superposition of atomic densities
 Warning:  Energy on first SCF cycle will be non-variational
 Long-range K will be added via erf
 Coulomb attenuation parameter = 1 bohr**(-1)
 An unrestricted Kohn-Sham SCF calculation will be
 performed using Pulay DIIS extrapolation
 Exchange:  wPBE + LR-HF      Correlation:  PBE
 Using SG-1 standard quadrature grid
 SCF converges when DIIS error is below 1.0E-05
 Requested basis set is G3large
 There are 88 shells and 248 basis functions
 A cutoff of  1.0D-08 yielded   3639 shell pairs
 There are  28920 function pairs ( 34904 Cartesian)
 Warning!  Inaccurate integrated density:
   Number of electrons =    33
   Numerical integral  =    34.000227111547
   Relative error      =     3.0309912471 %
 ---------------------------------------
  Cycle       Energy         DIIS Error
 ---------------------------------------
    1    -195.3635253332      2.84E-02
    2    -193.7639413553      3.17E-03
    3    -193.8443290642      2.16E-03
    4    -193.8715816373      5.74E-04
    5    -193.8788225196      2.95E-04
    6    -193.8827750990      2.46E-04
    7    -193.8874482128      2.63E-04
    8    -193.8896009329      2.67E-04
    9    -193.8856741533      2.58E-04
   10    -193.8642796583      6.83E-04
   11    -193.8753838253      3.98E-04
   12    -193.8782795208      4.00E-04
   13    -193.8778795879      3.93E-04
   14    -193.8758400220      3.85E-04
   15    -193.8775809115      3.65E-04
   16    -193.8775586151      3.66E-04
   17    -193.8810223376      2.25E-04
   18    -193.8837372391      2.48E-04
   19    -193.8873301021      2.61E-04
   20    -193.8753122626      2.92E-04
   21    -193.8501564944      1.11E-03
   22    -193.8667645668      5.86E-04
   23    -193.8639030945      6.50E-04
   24    -193.8648370154      6.19E-04
   25    -193.8652647547      5.79E-04
   26    -193.8652366136      5.74E-04
   27    -193.8692260689      4.14E-04
   28    -193.8721955357      2.09E-04
   29    -193.8771253830      2.42E-04
   30    -193.8820390300      2.66E-04
   31    -193.8676021392      3.99E-04
   32    -193.8553216245      8.03E-04
   33    -193.8570839580      8.61E-04
   34    -193.8536861537      9.48E-04
   35    -193.8488325959      1.10E-03
   36    -193.8495604701      1.08E-03
   37    -193.8534325959      9.22E-04
   38    -193.8525206364      9.36E-04
   39    -193.8534828013      8.93E-04
   40    -193.8517519989      9.36E-04
   41    -193.8526656460      9.05E-04
   42    -193.8490343898      1.06E-03
   43    -193.8492570012      1.05E-03
   44    -193.8518744476      9.46E-04
   45    -193.8594110286      5.78E-04
   46    -193.8681503525      2.63E-04
   47    -193.8681873941      2.92E-04
   48    -193.8678898384      2.84E-04
   49    -193.8714632494      3.11E-04
   50    -193.8537879100      7.17E-04
   51    -193.8541097356      6.72E-04
   52    -193.8537879442      6.76E-04
   53    -193.8539537960      6.55E-04
   54    -193.8534454302      6.83E-04
   55    -193.8564153549      4.91E-04
   56    -193.8558408360      4.87E-04
   57    -193.8563667033      4.68E-04
   58    -193.8564157022      4.56E-04
   59    -193.8563928636      4.57E-04
   60    -193.8582506298      2.67E-04
   61    -193.8554620963      5.05E-04
   62    -193.8578299762      3.30E-04
   63    -193.8574854896      3.35E-04
   64    -193.8578130160      3.20E-04
   65    -193.8639597640      1.73E-04
   66    -193.8606677735      1.83E-04
   67    -193.8558474986      3.10E-04
   68    -193.8557138581      2.31E-04
   69    -193.8553916822      1.16E-04
   70    -193.8551622455      1.21E-04
   71    -193.8552361922      6.89E-05
   72    -193.8552447343      3.55E-05
   73    -193.8552559892      2.42E-05
   74    -193.8552694671      1.02E-05
   75    -193.8552699541      7.77E-06 Convergence criterion met
 ---------------------------------------
 One-Electron    Energy =  -520.2888635549
 Total Coulomb   Energy =   219.4565577523
 Alpha Exchange  Energy =    -6.4016899590
 Beta  Exchange  Energy =    -5.9817221032
 DFT   Exchange  Energy =   -13.9647650214
 DFT Correlation Energy =    -1.0727796831
 Nuclear Repu.   Energy =   134.3979926152
 Nuclear Attr.   Energy =  -713.2000132488
 Kinetic         Energy =   192.9111496939
 <S^2> = 0.7607
 SCF time:  CPU 2004.90 s  wall 2018.20 s
 Final Alpha MO Eigenvalues
            1           2           3           4           5           6
    1 -19.5143478 -10.7832858 -10.6977633 -10.6485393  -1.5894028  -1.3384370
            7           8           9          10          11          12
    1  -1.2160683  -1.0815055  -0.9872279  -0.9148572  -0.8954071  -0.8262676
           13          14          15          16          17          18
    1  -0.8169967  -0.8041771  -0.7874312  -0.7706651  -0.7139576  -0.1030439
           19          20          21          22
    1  -0.0781282  -0.0729452  -0.0653722  -0.0473050
 Final Beta MO Eigenvalues
            1           2           3           4           5           6
    1 -19.5108736 -10.7779432 -10.6914663 -10.6468008  -1.5740003  -1.2913747
            7           8           9          10          11          12
    1  -1.1772150  -1.0476019  -0.9615912  -0.8889473  -0.8439484  -0.8104374
           13          14          15          16          17          18
    1  -0.7976564  -0.7846176  -0.7546425  -0.7014691  -0.4071374  -0.1014095
           19          20          21
    1  -0.0764536  -0.0715609  -0.0644325
 Analysis of SCF Wavefunction
 
 --------------------------------------------------------------
                    Orbital Energies (a.u.)
 --------------------------------------------------------------
 
 Alpha MOs
 -- Occupied --
-19.514 -10.783 -10.698 -10.649  -1.589  -1.338  -1.216  -1.082
 -0.987  -0.915  -0.895  -0.826  -0.817  -0.804  -0.787  -0.771
 -0.714
 -- Virtual --
 -0.103  -0.078  -0.073  -0.065  -0.047  -0.043  -0.034  -0.025
 -0.017  -0.007   0.008   0.019   0.027   0.031   0.036   0.040
  0.049   0.058   0.068   0.078   0.082   0.094   0.116   0.123
  0.124   0.130   0.148   0.167   0.173   0.182   0.211   0.234
  0.243   0.253   0.288   0.326   0.346   0.365   0.383   0.410
  0.419   0.456   0.458   0.482   0.493   0.494   0.504   0.510
  0.531   0.542   0.556   0.568   0.610   0.622   0.629   0.667
  0.714   0.736   0.785   0.787   0.827   0.867   0.881   0.904
  0.921   0.963   0.997   1.008   1.037   1.061   1.078   1.104
  1.120   1.130   1.155   1.174   1.199   1.227   1.237   1.243
  1.270   1.281   1.294   1.318   1.352   1.398   1.410   1.418
  1.443   1.459   1.494   1.503   1.533   1.556   1.559   1.601
  1.606   1.742   1.841   2.014   2.046   2.255   2.315   2.385
  2.490   2.521   2.565   2.570   2.631   2.669   2.697   2.770
  2.795   2.819   2.844   2.911   2.921   2.951   2.970   2.995
  3.106   3.122   3.150   3.161   3.187   3.233   3.286   3.305
  3.327   3.334   3.362   3.404   3.440   3.515   3.546   3.550
  3.572   3.601   3.638   3.662   3.682   3.735   3.775   3.803
  3.821   3.867   3.899   3.981   3.991   4.000   4.011   4.052
  4.114   4.148   4.182   4.212   4.231   4.244   4.259   4.286
  4.314   4.331   4.343   4.435   4.460   4.494   4.567   4.582
  4.609   4.619   4.667   4.714   4.840   5.129   5.206   5.262
  5.315   5.386   5.418   5.507   5.546   5.609   5.672   5.685
  5.716   5.733   5.877   5.956   6.473   7.056   7.208   7.289
  7.343   7.627   7.740  24.152  24.281  24.366  27.584  27.758
 28.056  28.125  28.151  28.190  28.200  28.357  28.466  40.932
 40.992  41.021  41.047  41.068  41.094  41.130  41.157  41.193
 41.203  41.236  41.249  41.279  41.285  41.340  43.905  43.934
 43.980  44.020  44.085  45.774  46.082  46.460  49.990
 
 Beta MOs
 -- Occupied --
-19.511 -10.778 -10.691 -10.647  -1.574  -1.291  -1.177  -1.048
 -0.962  -0.889  -0.844  -0.810  -0.798  -0.785  -0.755  -0.701
 -- Virtual --
 -0.407  -0.101  -0.076  -0.072  -0.064  -0.046  -0.042  -0.033
 -0.024  -0.016  -0.003   0.010   0.021   0.029   0.033   0.036
  0.042   0.051   0.061   0.072   0.083   0.086   0.100   0.121
  0.125   0.131   0.143   0.160   0.171   0.186   0.187   0.215
  0.236   0.249   0.259   0.290   0.331   0.356   0.372   0.396
  0.414   0.425   0.464   0.472   0.487   0.499   0.504   0.509
  0.516   0.544   0.560   0.562   0.576   0.617   0.627   0.633
  0.673   0.720   0.739   0.788   0.790   0.833   0.869   0.884
  0.908   0.925   0.966   1.001   1.015   1.043   1.066   1.082
  1.107   1.124   1.134   1.161   1.179   1.211   1.236   1.245
  1.256   1.275   1.287   1.301   1.323   1.356   1.403   1.415
  1.424   1.446   1.462   1.497   1.507   1.539   1.562   1.564
  1.606   1.610   1.746   1.848   2.022   2.054   2.260   2.322
  2.391   2.502   2.530   2.573   2.577   2.643   2.684   2.704
  2.788   2.815   2.832   2.858   2.923   2.929   2.956   2.980
  3.007   3.115   3.129   3.161   3.167   3.195   3.239   3.293
  3.319   3.338   3.339   3.370   3.417   3.447   3.522   3.555
  3.559   3.581   3.607   3.644   3.675   3.693   3.743   3.782
  3.813   3.830   3.876   3.907   3.991   3.996   4.008   4.020
  4.059   4.121   4.157   4.191   4.219   4.237   4.249   4.265
  4.297   4.323   4.339   4.351   4.440   4.465   4.500   4.572
  4.589   4.617   4.628   4.673   4.723   4.852   5.133   5.214
  5.270   5.323   5.398   5.426   5.516   5.558   5.613   5.676
  5.691   5.721   5.739   5.881   5.963   6.479   7.068   7.214
  7.305   7.349   7.634   7.752  24.157  24.285  24.370  27.595
 27.763  28.059  28.128  28.155  28.193  28.201  28.364  28.474
 40.944  40.995  41.028  41.053  41.073  41.096  41.133  41.166
 41.199  41.209  41.246  41.249  41.281  41.291  41.343  43.912
 43.941  43.982  44.025  44.093  45.776  46.090  46.462  49.993
 --------------------------------------------------------------
 
          Ground-State Mulliken Net Atomic Charges

     Atom                 Charge (a.u.)    Spin (a.u.)
  --------------------------------------------------------
      1 O                    -0.170617       0.126759
      2 C                     0.050469       0.252288
      3 H                     0.320377       0.025288
      4 H                     0.189234       0.075907
      5 C                    -0.119068       0.323827
      6 C                    -0.174684       0.085628
      7 H                     0.170519       0.015477
      8 H                     0.153830       0.012065
      9 H                     0.178053       0.029046
     10 H                     0.144419       0.064954
     11 H                     0.138989      -0.009535
     12 H                     0.118479      -0.001705
  --------------------------------------------------------
  Sum of atomic charges =     1.000000
  Sum of spin   charges =     1.000000

 -----------------------------------------------------------------
                    Cartesian Multipole Moments
 -----------------------------------------------------------------
    Charge (ESU x 10^10)
                 4.8032
    Dipole Moment (Debye)
         X      -0.1285      Y      -1.1973      Z       8.4101
       Tot       8.4959
    Quadrupole Moments (Debye-Ang)
        XX     -12.4973     XY      -1.6485     YY     -19.7682
        XZ      -4.0740     YZ      -2.4762     ZZ      -6.3402
    Octapole Moments (Debye-Ang^2)
       XXX       4.4809    XXY       5.8724    XYY       4.5723
       YYY      18.9800    XXZ     -17.3500    XYZ      -3.3747
       YYZ     -25.3087    XZZ      -2.0665    YZZ       2.4430
       ZZZ     -60.2474
    Hexadecapole Moments (Debye-Ang^3)
      XXXX    -111.9736   XXXY      13.3041   XXYY     -32.7910
      XYYY      18.1935   YYYY     -86.2090   XXXZ       5.4483
      XXYZ      12.1429   XYYZ      11.1679   YYYZ      40.5570
      XXZZ     -60.7988   XYZZ      -1.2103   YYZZ     -70.7138
      XZZZ       7.3199   YZZZ      33.4062   ZZZZ    -295.4897
 -----------------------------------------------------------------
 Total job time:  2018.53s(wall), 2005.22s(cpu) 
 Mon Jun  3 17:44:34 2013

        *************************************************************
        *                                                           *
        *  Thank you very much for using Q-Chem.  Have a nice day.  *
        *                                                           *
        *************************************************************


0 sent ACK to 0 
now end server 0 ... 
