Process 0 of 1 is on cl134 - thread support 1
initial socket setup ...start
initial socket setup ...done 
now start server 0 ... 

cmd = /usr/bin/ssh clhead /usr/local/qchem/bin/get_hostid 1712725483 > /tmp/1591958.1.medium.q/qchem7224/lic.dat

cmd = /usr/bin/ssh clhead /usr/local/qchem/bin/get_hostid 1712725483 > /tmp/1591958.1.medium.q/qchem7224/lic.dat

cmd = /usr/bin/ssh clhead /usr/local/qchem/bin/get_hostid 1712725483 > /tmp/1591958.1.medium.q/qchem7224/lic.dat

cmd = /usr/bin/ssh clhead /usr/local/qchem/bin/get_hostid 1712725483 > /tmp/1591958.1.medium.q/qchem7224/lic.dat

cmd = /usr/bin/ssh clhead /usr/local/qchem/bin/get_hostid 1712725483 > /tmp/1591958.1.medium.q/qchem7224/lic.dat
                  Welcome to Q-Chem
     A Quantum Leap Into The Future Of Chemistry

 Y. Shao, L. Fusti-Molnar, Y. Jung, J. Kussmann, C. Ochsenfeld,
 S. T. Brown, A. T. B. Gilbert, L. V. Slipchenko,S. V. Levchenko,
 D. P. O'Neill, R. A. DiStasio Jr., R. C. Lochan, T. Wang,
 G. J. O. Beran, N. A. Besley, J. M. Herbert, C. Y. Lin,
 T. Van Voorhis, S. H. Chien, A. Sodt, R. P. Steele, 
 V. A. Rassolov, P. E. Maslen, P. P. Korambath, R. D. Adamson,
 B. Austin, J. Baker, E. F. C. Byrd, H. Dachsel, R. J. Doerksen,
 A. Dreuw, B. D. Dunietz, A. D. Dutoi, T. R. Furlani,
 S. R. Gwaltney, A. Heyden, S. Hirata, C.-P. Hsu, G. Kedziora,
 R. Z. Khaliullin, P. Klunzinger, A. M. Lee, M. S. Lee, W. Liang,
 I. Lotan, N. Nair, B. Peters, E. I. Proynov, P. A. Pieniazek, 
 Y. M. Rhee, J. Ritchie, E. Rosta, C. D. Sherrill, 
 A. C. Simmonett, J. E. Subotnik, H. L. Woodcock III,
 W. Zhang, A. T. Bell, A. K. Chakraborty, D. M. Chipman,
 F. J. Keil, A. Warshel, W. J. Hehre, H. F. Schaefer III,
 J. Kong, A. I. Krylov, P. M. W. Gill, M. Head-Gordon,
 Q-Chem, Version 3.1, Q-Chem, Inc., Pittsburgh, PA (2007).

 Additional authors for Version 3.1: 
 Z. Gan, Y. Zhao, N. E. Schultz, D. Truhlar, E. Epifanovsky and M. Oana.

 Additional authors for Version 3.2: 
 R. Baer, B. R. Brooks, D. Casanova, J.-D. Chai, C.-L. Cheng, 
 C. Cramer, D. Crittenden, A. Ghysels, G. Hawkins, E. G. Hohenstein, 
 C. Kelley, W. Kurlancheek, D. Liotard, E. Livshits, P. Manohar, 
 A. Marenich, D. Neuhauser, R. Olson, M. A. Rohrdanz, K. S. Thanthiriwatte, 
 A. J. W. Thom, V. Vanovschi, C. F. Williams, Q. Wu and Z.-Q. You. 


 Intel X86 Linux Version

 Q-chem begins on Tue Mar 18 15:41:31 2014  

 Parallel job on  1  processors
Processing $rem in /usr/local/qchem/config/preferences.

theFileMan(): MAXOPENFILES=974 MAX_SUB_FILE_NUM=16
Maximum size of a physical file is 2.0 GB, maximum size of a tmp-file is 32.0 GB


--------------------------------------------------------------
User input:
--------------------------------------------------------------

$molecule
-1,2
C         -0.00010        0.00000        0.01845
Si        -0.00040        0.00000        1.87168
H          1.01354        0.00000       -0.36644
H         -0.50645       -0.87766       -0.36740
H         -0.50645        0.87766       -0.36740
H         -1.38115        0.00000        2.39343
H          0.69049       -1.19616        2.39178
H          0.69049        1.19616        2.39178
$end

$comment
negative
$end

$xc_functional
C PBE   1.00
X wPBE  1.00
$end

$rem
SYMMETRY_DECOMPOSITION	0
exchange 		general
LRC_DFT                 true
BASIS                   g3large
omega			700
mem_static              760
max_scf_cycles          200
scf_final_print         1
sym_ignore              true
$end

--------------------------------------------------------------
 Writing REM_CC_EA            8
 ----------------------------------------------------
       Standard Nuclear Orientation (Angstroms)
    I     Atom         X            Y            Z
 ----------------------------------------------------
    1      C      -0.000100     0.000000     0.018450
    2      Si     -0.000400     0.000000     1.871680
    3      H       1.013540     0.000000    -0.366440
    4      H      -0.506450    -0.877660    -0.367400
    5      H      -0.506450     0.877660    -0.367400
    6      H      -1.381150     0.000000     2.393430
    7      H       0.690490    -1.196160     2.391780
    8      H       0.690490     1.196160     2.391780
 ----------------------------------------------------
 Nuclear Repulsion Energy =    63.3930539500 hartrees
 There are       14 alpha and       13 beta electrons
 Requested basis set is G3large
 There are 65 shells and 168 basis functions

Total QAlloc Memory Limit   2000 MB
Mega-Array Size       743 MB
MEM_STATIC part       760 MB

                       Distance Matrix (Angstroms)
             C (  1)   Si(  2)   H (  3)   H (  4)   H (  5)   H (  6)
   Si(  2)  1.853230
   H (  3)  1.084254  2.457083
   H (  4)  1.084231  2.457611  1.755180
   H (  5)  1.084231  2.457611  1.755180  1.755320
   H (  6)  2.747331  1.476040  3.653960  3.026148  3.026148
   H (  7)  2.745980  1.476019  3.023729  3.024431  3.653282  2.392173
   H (  8)  2.745980  1.476019  3.023729  3.653282  3.024431  2.392173
             H (  7)
   H (  8)  2.392320
 
 A cutoff of  1.0D-08 yielded   2044 shell pairs
 There are  13820 function pairs ( 17231 Cartesian)
Evaluating contribution to one-electron hamiltonian from nuclear
 Smallest overlap matrix eigenvalue = 1.32E-04
 Multipole matrices computed through 2nd order

  Scale SEOQF with 1.000000e-01/1.000000e-01/1.000000e-01

 Standard Electronic Orientation quadrupole field applied
 Nucleus-field energy     =    -0.0000000067 hartrees
 Guess from superposition of atomic densities
 Warning:  Energy on first SCF cycle will be non-variational
 Long-range K will be added via erf
 Coulomb attenuation parameter = 0.7 bohr**(-1)
 An unrestricted Kohn-Sham SCF calculation will be
 performed using Pulay DIIS extrapolation
 Exchange:  wPBE + LR-HF      Correlation:  PBE
 Using SG-1 standard quadrature grid
 SCF converges when DIIS error is below 1.0E-05
 Requested basis set is G3large
 There are 65 shells and 168 basis functions
 A cutoff of  1.0D-08 yielded   2044 shell pairs
 There are  13820 function pairs ( 17231 Cartesian)
 Warning!  Inaccurate integrated density:
   Number of electrons =    27
   Numerical integral  =    25.999988627882
   Relative error      =    -3.7037458227 %
 ---------------------------------------
  Cycle       Energy         DIIS Error
 ---------------------------------------
    1    -331.3768191696      2.86E-02
    2    -331.0466561127      2.93E-03
    3    -331.0993764328      1.62E-03
    4    -331.1134427306      3.87E-04
    5    -331.1187228688      1.48E-04
    6    -331.1204526507      7.60E-05
    7    -331.1211407566      3.16E-05
    8    -331.1213216849      1.36E-05
    9    -331.1213629598      6.19E-06 Convergence criterion met
 ---------------------------------------
 One-Electron    Energy =  -585.3984764444
 Total Coulomb   Energy =   219.5035113935
 Alpha Exchange  Energy =    -4.0810098572
 Beta  Exchange  Energy =    -4.0107251678
 DFT   Exchange  Energy =   -19.6395185164
 DFT Correlation Energy =    -0.8881983108
 Nuclear Repu.   Energy =    63.3930539434
 Nuclear Attr.   Energy =  -915.7840674694
 Kinetic         Energy =   330.3855910251
 <S^2> = 0.7502
 SCF time:  CPU 92.45 s  wall 94.08 s
 Final Alpha MO Eigenvalues
            1           2           3           4           5           6
    1 -65.6449641 -10.0988137  -5.3085638  -3.6852014  -3.6851873  -3.6838380
            7           8           9          10          11          12
    1  -0.7960313  -0.5845941  -0.4385794  -0.4384967  -0.3573397  -0.3572813
           13          14          15          16          17          18
    1  -0.3415624   0.0290761   0.1482775   0.1509304   0.1510127   0.1768331
           19
    1   0.1891666
 Final Beta MO Eigenvalues
            1           2           3           4           5           6
    1 -65.6448836 -10.0982590  -5.3084675  -3.6851412  -3.6851270  -3.6836047
            7           8           9          10          11          12
    1  -0.7936217  -0.5825934  -0.4379586  -0.4378801  -0.3574587  -0.3573942
           13          14          15          16          17          18
    1  -0.3401625   0.1396142   0.1555119   0.1658313   0.1660937   0.1834954
 Analysis of SCF Wavefunction
 
 --------------------------------------------------------------
                    Orbital Energies (a.u.)
 --------------------------------------------------------------
 
 Alpha MOs
 -- Occupied --
-65.645 -10.099  -5.309  -3.685  -3.685  -3.684  -0.796  -0.585
 -0.439  -0.438  -0.357  -0.357  -0.342   0.029
 -- Virtual --
  0.148   0.151   0.151   0.177   0.189   0.189   0.201   0.201
  0.257   0.270   0.271   0.276   0.304   0.313   0.313   0.320
  0.364   0.378   0.378   0.440   0.440   0.489   0.489   0.492
  0.503   0.537   0.537   0.636   0.647   0.647   0.660   0.685
  0.736   0.736   0.749   0.795   0.795   0.795   0.845   0.845
  0.917   0.939   0.947   0.947   1.000   1.000   1.060   1.086
  1.086   1.119   1.129   1.183   1.252   1.252   1.308   1.308
  1.348   1.393   1.393   1.459   1.459   1.515   1.557   1.584
  1.584   1.595   1.608   1.608   1.697   1.697   1.772   1.772
  1.778   1.833   1.833   1.870   1.927   2.423   2.467   2.475
  2.475   2.536   2.536   2.649   2.836   2.836   2.936   3.161
  3.161   3.279   3.308   3.444   3.450   3.450   3.567   3.568
  3.669   3.669   3.724   3.879   3.879   4.004   4.005   4.025
  4.131   4.132   4.256   4.279   4.279   4.396   4.396   4.400
  4.439   4.468   4.468   4.583   4.587   4.587   4.711   4.728
  4.729   4.790   4.843   4.991   4.992   5.406   6.040   6.040
  6.599  11.744  11.744  12.085  17.875  17.952  18.059  18.136
 18.190  22.486  22.501  22.508  22.508  22.515  22.516  22.543
 24.476  28.149  28.403  28.404  41.291  41.307  41.507  41.552
 41.599 141.444
 
 Beta MOs
 -- Occupied --
-65.645 -10.098  -5.308  -3.685  -3.685  -3.684  -0.794  -0.583
 -0.438  -0.438  -0.357  -0.357  -0.340
 -- Virtual --
  0.140   0.156   0.166   0.166   0.183   0.191   0.191   0.203
  0.203   0.256   0.266   0.267   0.279   0.301   0.313   0.313
  0.322   0.365   0.378   0.379   0.440   0.440   0.486   0.489
  0.489   0.502   0.536   0.536   0.636   0.645   0.645   0.658
  0.685   0.735   0.736   0.749   0.794   0.795   0.795   0.842
  0.842   0.913   0.938   0.947   0.947   1.000   1.000   1.060
  1.086   1.086   1.119   1.129   1.182   1.251   1.251   1.308
  1.308   1.348   1.393   1.393   1.459   1.459   1.516   1.557
  1.583   1.584   1.594   1.607   1.608   1.697   1.697   1.771
  1.771   1.778   1.833   1.833   1.870   1.926   2.424   2.468
  2.476   2.476   2.536   2.537   2.650   2.835   2.835   2.936
  3.160   3.160   3.280   3.309   3.444   3.450   3.450   3.568
  3.568   3.669   3.669   3.725   3.880   3.880   4.004   4.006
  4.026   4.131   4.132   4.255   4.279   4.279   4.396   4.396
  4.399   4.439   4.468   4.468   4.583   4.587   4.587   4.711
  4.728   4.729   4.790   4.843   4.991   4.992   5.407   6.040
  6.040   6.599  11.744  11.744  12.085  17.876  17.952  18.059
 18.136  18.190  22.486  22.501  22.508  22.508  22.515  22.516
 22.543  24.476  28.149  28.404  28.404  41.291  41.307  41.507
 41.552  41.599 141.444
 --------------------------------------------------------------
 
          Ground-State Mulliken Net Atomic Charges

     Atom                 Charge (a.u.)    Spin (a.u.)
  --------------------------------------------------------
      1 C                     2.756638      -2.995644
      2 Si                    0.770387      -0.542952
      3 H                    -1.227045       1.323370
      4 H                    -1.243557       1.340493
      5 H                    -1.209532       1.305319
      6 H                    -0.282248       0.189879
      7 H                    -0.282803       0.190751
      8 H                    -0.281840       0.188783
  --------------------------------------------------------
  Sum of atomic charges =    -1.000000
  Sum of spin   charges =     1.000000

 -----------------------------------------------------------------
                    Cartesian Multipole Moments
 -----------------------------------------------------------------
    Charge (ESU x 10^10)
                -4.8032
    Dipole Moment (Debye)
         X      -0.0003      Y       0.1384      Z       2.0934
       Tot       2.0979
    Quadrupole Moments (Debye-Ang)
        XX     -49.5558     XY      -0.0925     YY     -49.5541
        XZ      -0.0045     YZ      -0.0523     ZZ     -48.0395
    Octapole Moments (Debye-Ang^2)
       XXX      -1.2941    XXY       0.5461    XYY       1.3000
       YYY       1.6384    XXZ     -19.8551    XYZ       0.0445
       YYZ     -19.8490    XZZ       0.0136    YZZ       0.5153
       ZZZ     -70.5135
    Hexadecapole Moments (Debye-Ang^3)
      XXXX    -377.3131   XXXY      -0.7285   XXYY    -125.7612
      XYYY      -0.8147   YYYY    -377.2813   XXXZ       7.5793
      XXYZ      -0.0639   XYYZ      -7.5667   YYYZ      -0.1917
      XXZZ    -181.6754   XYZZ      -0.2379   YYZZ    -181.6662
      XZZZ       0.0250   YZZZ      -0.1702   ZZZZ    -670.0793
 -----------------------------------------------------------------
 Total job time:  94.31s(wall), 92.62s(cpu) 
 Tue Mar 18 15:43:05 2014

        *************************************************************
        *                                                           *
        *  Thank you very much for using Q-Chem.  Have a nice day.  *
        *                                                           *
        *************************************************************


0 sent ACK to 0 
now end server 0 ... 
 
**********************************************************************
Job 2 of 3 
**********************************************************************
 
Process 0 of 1 is on cl134 - thread support 1
initial socket setup ...start
initial socket setup ...done 
now start server 0 ... 

cmd = /usr/bin/ssh clhead /usr/local/qchem/bin/get_hostid 1663565513 > /tmp/1591958.1.medium.q/qchem7224/lic.dat

cmd = /usr/bin/ssh clhead /usr/local/qchem/bin/get_hostid 1663565513 > /tmp/1591958.1.medium.q/qchem7224/lic.dat

cmd = /usr/bin/ssh clhead /usr/local/qchem/bin/get_hostid 1663565513 > /tmp/1591958.1.medium.q/qchem7224/lic.dat

cmd = /usr/bin/ssh clhead /usr/local/qchem/bin/get_hostid 1663565513 > /tmp/1591958.1.medium.q/qchem7224/lic.dat

cmd = /usr/bin/ssh clhead /usr/local/qchem/bin/get_hostid 1663565513 > /tmp/1591958.1.medium.q/qchem7224/lic.dat
                  Welcome to Q-Chem
     A Quantum Leap Into The Future Of Chemistry

 Y. Shao, L. Fusti-Molnar, Y. Jung, J. Kussmann, C. Ochsenfeld,
 S. T. Brown, A. T. B. Gilbert, L. V. Slipchenko,S. V. Levchenko,
 D. P. O'Neill, R. A. DiStasio Jr., R. C. Lochan, T. Wang,
 G. J. O. Beran, N. A. Besley, J. M. Herbert, C. Y. Lin,
 T. Van Voorhis, S. H. Chien, A. Sodt, R. P. Steele, 
 V. A. Rassolov, P. E. Maslen, P. P. Korambath, R. D. Adamson,
 B. Austin, J. Baker, E. F. C. Byrd, H. Dachsel, R. J. Doerksen,
 A. Dreuw, B. D. Dunietz, A. D. Dutoi, T. R. Furlani,
 S. R. Gwaltney, A. Heyden, S. Hirata, C.-P. Hsu, G. Kedziora,
 R. Z. Khaliullin, P. Klunzinger, A. M. Lee, M. S. Lee, W. Liang,
 I. Lotan, N. Nair, B. Peters, E. I. Proynov, P. A. Pieniazek, 
 Y. M. Rhee, J. Ritchie, E. Rosta, C. D. Sherrill, 
 A. C. Simmonett, J. E. Subotnik, H. L. Woodcock III,
 W. Zhang, A. T. Bell, A. K. Chakraborty, D. M. Chipman,
 F. J. Keil, A. Warshel, W. J. Hehre, H. F. Schaefer III,
 J. Kong, A. I. Krylov, P. M. W. Gill, M. Head-Gordon,
 Q-Chem, Version 3.1, Q-Chem, Inc., Pittsburgh, PA (2007).

 Additional authors for Version 3.1: 
 Z. Gan, Y. Zhao, N. E. Schultz, D. Truhlar, E. Epifanovsky and M. Oana.

 Additional authors for Version 3.2: 
 R. Baer, B. R. Brooks, D. Casanova, J.-D. Chai, C.-L. Cheng, 
 C. Cramer, D. Crittenden, A. Ghysels, G. Hawkins, E. G. Hohenstein, 
 C. Kelley, W. Kurlancheek, D. Liotard, E. Livshits, P. Manohar, 
 A. Marenich, D. Neuhauser, R. Olson, M. A. Rohrdanz, K. S. Thanthiriwatte, 
 A. J. W. Thom, V. Vanovschi, C. F. Williams, Q. Wu and Z.-Q. You. 


 Intel X86 Linux Version

 Q-chem begins on Tue Mar 18 15:43:10 2014  

 Parallel job on  1  processors
Processing $rem in /usr/local/qchem/config/preferences.

theFileMan(): MAXOPENFILES=974 MAX_SUB_FILE_NUM=16
Maximum size of a physical file is 2.0 GB, maximum size of a tmp-file is 32.0 GB


--------------------------------------------------------------
User input:
--------------------------------------------------------------

$molecule
0,1
C         -0.00010        0.00000        0.01845
Si        -0.00040        0.00000        1.87168
H          1.01354        0.00000       -0.36644
H         -0.50645       -0.87766       -0.36740
H         -0.50645        0.87766       -0.36740
H         -1.38115        0.00000        2.39343
H          0.69049       -1.19616        2.39178
H          0.69049        1.19616        2.39178
$end

$comment
neutral
$end

$xc_functional
C PBE   1.00
X wPBE  1.00
$end


$rem
SYMMETRY_DECOMPOSITION	0
LRC_DFT                 true
exchange 		general
BASIS                   g3large
omega			700
mem_static              760
max_scf_cycles          200
scf_final_print         1
sym_ignore              true
$end

--------------------------------------------------------------
 Writing REM_CC_EA            8
 ----------------------------------------------------
       Standard Nuclear Orientation (Angstroms)
    I     Atom         X            Y            Z
 ----------------------------------------------------
    1      C      -0.000100     0.000000     0.018450
    2      Si     -0.000400     0.000000     1.871680
    3      H       1.013540     0.000000    -0.366440
    4      H      -0.506450    -0.877660    -0.367400
    5      H      -0.506450     0.877660    -0.367400
    6      H      -1.381150     0.000000     2.393430
    7      H       0.690490    -1.196160     2.391780
    8      H       0.690490     1.196160     2.391780
 ----------------------------------------------------
 Nuclear Repulsion Energy =    63.3930539500 hartrees
 There are       13 alpha and       13 beta electrons
 Requested basis set is G3large
 There are 65 shells and 168 basis functions

Total QAlloc Memory Limit   2000 MB
Mega-Array Size       743 MB
MEM_STATIC part       760 MB

                       Distance Matrix (Angstroms)
             C (  1)   Si(  2)   H (  3)   H (  4)   H (  5)   H (  6)
   Si(  2)  1.853230
   H (  3)  1.084254  2.457083
   H (  4)  1.084231  2.457611  1.755180
   H (  5)  1.084231  2.457611  1.755180  1.755320
   H (  6)  2.747331  1.476040  3.653960  3.026148  3.026148
   H (  7)  2.745980  1.476019  3.023729  3.024431  3.653282  2.392173
   H (  8)  2.745980  1.476019  3.023729  3.653282  3.024431  2.392173
             H (  7)
   H (  8)  2.392320
 
 A cutoff of  1.0D-08 yielded   2044 shell pairs
 There are  13820 function pairs ( 17231 Cartesian)
Evaluating contribution to one-electron hamiltonian from nuclear
 Smallest overlap matrix eigenvalue = 1.32E-04
 Multipole matrices computed through 2nd order

  Scale SEOQF with 1.000000e-01/1.000000e-01/1.000000e-01

 Standard Electronic Orientation quadrupole field applied
 Nucleus-field energy     =    -0.0000000067 hartrees
 Guess from superposition of atomic densities
 Warning:  Energy on first SCF cycle will be non-variational
 Long-range K will be added via erf
 Coulomb attenuation parameter = 0.7 bohr**(-1)
 A restricted Kohn-Sham SCF calculation will be
 performed using Pulay DIIS extrapolation
 Exchange:  wPBE + LR-HF      Correlation:  PBE
 Using SG-1 standard quadrature grid
 SCF converges when DIIS error is below 1.0E-05
 Requested basis set is G3large
 There are 65 shells and 168 basis functions
 A cutoff of  1.0D-08 yielded   2044 shell pairs
 There are  13820 function pairs ( 17231 Cartesian)
 ---------------------------------------
  Cycle       Energy         DIIS Error
 ---------------------------------------
    1    -331.3768191696      2.86E-02
    2    -331.1182654645      2.57E-03
    3    -331.1504336191      9.61E-04
    4    -331.1541850734      3.18E-04
    5    -331.1547182746      5.28E-05
    6    -331.1547398945      1.40E-05
    7    -331.1547423057      2.84E-06 Convergence criterion met
 ---------------------------------------
 One-Electron    Energy =  -581.9799450476
 Total Coulomb   Energy =   215.9781490429
 Alpha Exchange  Energy =    -4.0136585542
 Beta  Exchange  Energy =    -4.0136585542
 DFT   Exchange  Energy =   -19.6381489997
 DFT Correlation Energy =    -0.8805341362
 Nuclear Repu.   Energy =    63.3930539434
 Nuclear Attr.   Energy =  -912.3085658296
 Kinetic         Energy =   330.3286207819
 SCF time:  CPU 58.32 s  wall 59.47 s
 Final Alpha MO Eigenvalues
            1           2           3           4           5           6
    1 -65.7722653 -10.2437414  -5.4359367  -3.8123265  -3.8123167  -3.8116602
            7           8           9          10          11          12
    1  -0.9376753  -0.7112847  -0.5813330  -0.5813005  -0.4834694  -0.4834575
           13          14          15          16          17          18
    1  -0.4776358   0.0398859   0.0628487   0.0684225   0.0684350   0.0878274
 Analysis of SCF Wavefunction
 
 --------------------------------------------------------------
                    Orbital Energies (a.u.)
 --------------------------------------------------------------
 
 Alpha MOs
 -- Occupied --
-65.772 -10.244  -5.436  -3.812  -3.812  -3.812  -0.938  -0.711
 -0.581  -0.581  -0.483  -0.483  -0.478
 -- Virtual --
  0.040   0.063   0.068   0.068   0.088   0.097   0.097   0.104
  0.104   0.159   0.159   0.160   0.166   0.193   0.197   0.197
  0.211   0.250   0.250   0.251   0.314   0.314   0.369   0.373
  0.373   0.382   0.421   0.421   0.518   0.518   0.518   0.533
  0.559   0.609   0.609   0.627   0.665   0.665   0.668   0.710
  0.710   0.783   0.809   0.820   0.821   0.875   0.875   0.935
  0.964   0.964   0.984   0.987   1.054   1.117   1.117   1.179
  1.179   1.219   1.249   1.249   1.337   1.337   1.376   1.425
  1.448   1.448   1.471   1.479   1.480   1.558   1.558   1.633
  1.633   1.644   1.708   1.709   1.740   1.788   2.298   2.339
  2.344   2.344   2.407   2.408   2.524   2.693   2.693   2.794
  3.036   3.036   3.134   3.166   3.309   3.309   3.320   3.424
  3.424   3.527   3.527   3.588   3.737   3.737   3.871   3.873
  3.882   4.004   4.006   4.112   4.140   4.140   4.273   4.273
  4.276   4.315   4.340   4.340   4.445   4.445   4.456   4.567
  4.585   4.585   4.645   4.715   4.864   4.864   5.262   5.894
  5.894   6.471  11.617  11.617  11.957  17.748  17.825  17.931
 18.009  18.062  22.359  22.373  22.380  22.381  22.388  22.389
 22.415  24.330  28.005  28.259  28.259  41.147  41.162  41.362
 41.407  41.454 141.317
 --------------------------------------------------------------
 
          Ground-State Mulliken Net Atomic Charges

     Atom                 Charge (a.u.)
  ----------------------------------------
      1 C                    -0.290313
      2 Si                    0.221292
      3 H                     0.094882
      4 H                     0.094858
      5 H                     0.094788
      6 H                    -0.071738
      7 H                    -0.071878
      8 H                    -0.071890
  ----------------------------------------
  Sum of atomic charges =     0.000000

 -----------------------------------------------------------------
                    Cartesian Multipole Moments
 -----------------------------------------------------------------
    Charge (ESU x 10^10)
                 0.0000
    Dipole Moment (Debye)
         X      -0.0013      Y      -0.0001      Z      -0.7848
       Tot       0.7848
    Quadrupole Moments (Debye-Ang)
        XX     -22.6084     XY       0.0001     YY     -22.6093
        XZ      -0.0025     YZ       0.0000     ZZ     -24.8106
    Octapole Moments (Debye-Ang^2)
       XXX       1.7141    XXY      -0.0001    XYY      -1.6978
       YYY      -0.0002    XXZ     -31.2643    XYZ      -0.0002
       YYZ     -31.2678    XZZ      -0.0005    YZZ      -0.0001
       ZZZ     -91.6462
    Hexadecapole Moments (Debye-Ang^3)
      XXXX     -53.9709   XXXY       0.0001   XXYY     -17.9912
      XYYY       0.0001   YYYY     -53.9780   XXXZ       1.3015
      XXYZ      -0.0001   XYYZ      -1.2656   YYYZ      -0.0001
      XXZZ     -79.2561   XYZZ      -0.0004   YYZZ     -79.2620
      XZZZ       0.0256   YZZZ      -0.0004   ZZZZ    -399.5818
 -----------------------------------------------------------------
 Total job time:  59.66s(wall), 58.48s(cpu) 
 Tue Mar 18 15:44:10 2014

        *************************************************************
        *                                                           *
        *  Thank you very much for using Q-Chem.  Have a nice day.  *
        *                                                           *
        *************************************************************


0 sent ACK to 0 
now end server 0 ... 
 
**********************************************************************
Job 3 of 3 
**********************************************************************
 
Process 0 of 1 is on cl134 - thread support 1
initial socket setup ...start
initial socket setup ...done 
now start server 0 ... 

cmd = /usr/bin/ssh clhead /usr/local/qchem/bin/get_hostid 1524808820 > /tmp/1591958.1.medium.q/qchem7224/lic.dat

cmd = /usr/bin/ssh clhead /usr/local/qchem/bin/get_hostid 1524808820 > /tmp/1591958.1.medium.q/qchem7224/lic.dat

cmd = /usr/bin/ssh clhead /usr/local/qchem/bin/get_hostid 1524808820 > /tmp/1591958.1.medium.q/qchem7224/lic.dat

cmd = /usr/bin/ssh clhead /usr/local/qchem/bin/get_hostid 1524808820 > /tmp/1591958.1.medium.q/qchem7224/lic.dat

cmd = /usr/bin/ssh clhead /usr/local/qchem/bin/get_hostid 1524808820 > /tmp/1591958.1.medium.q/qchem7224/lic.dat
                  Welcome to Q-Chem
     A Quantum Leap Into The Future Of Chemistry

 Y. Shao, L. Fusti-Molnar, Y. Jung, J. Kussmann, C. Ochsenfeld,
 S. T. Brown, A. T. B. Gilbert, L. V. Slipchenko,S. V. Levchenko,
 D. P. O'Neill, R. A. DiStasio Jr., R. C. Lochan, T. Wang,
 G. J. O. Beran, N. A. Besley, J. M. Herbert, C. Y. Lin,
 T. Van Voorhis, S. H. Chien, A. Sodt, R. P. Steele, 
 V. A. Rassolov, P. E. Maslen, P. P. Korambath, R. D. Adamson,
 B. Austin, J. Baker, E. F. C. Byrd, H. Dachsel, R. J. Doerksen,
 A. Dreuw, B. D. Dunietz, A. D. Dutoi, T. R. Furlani,
 S. R. Gwaltney, A. Heyden, S. Hirata, C.-P. Hsu, G. Kedziora,
 R. Z. Khaliullin, P. Klunzinger, A. M. Lee, M. S. Lee, W. Liang,
 I. Lotan, N. Nair, B. Peters, E. I. Proynov, P. A. Pieniazek, 
 Y. M. Rhee, J. Ritchie, E. Rosta, C. D. Sherrill, 
 A. C. Simmonett, J. E. Subotnik, H. L. Woodcock III,
 W. Zhang, A. T. Bell, A. K. Chakraborty, D. M. Chipman,
 F. J. Keil, A. Warshel, W. J. Hehre, H. F. Schaefer III,
 J. Kong, A. I. Krylov, P. M. W. Gill, M. Head-Gordon,
 Q-Chem, Version 3.1, Q-Chem, Inc., Pittsburgh, PA (2007).

 Additional authors for Version 3.1: 
 Z. Gan, Y. Zhao, N. E. Schultz, D. Truhlar, E. Epifanovsky and M. Oana.

 Additional authors for Version 3.2: 
 R. Baer, B. R. Brooks, D. Casanova, J.-D. Chai, C.-L. Cheng, 
 C. Cramer, D. Crittenden, A. Ghysels, G. Hawkins, E. G. Hohenstein, 
 C. Kelley, W. Kurlancheek, D. Liotard, E. Livshits, P. Manohar, 
 A. Marenich, D. Neuhauser, R. Olson, M. A. Rohrdanz, K. S. Thanthiriwatte, 
 A. J. W. Thom, V. Vanovschi, C. F. Williams, Q. Wu and Z.-Q. You. 


 Intel X86 Linux Version

 Q-chem begins on Tue Mar 18 15:44:14 2014  

 Parallel job on  1  processors
Processing $rem in /usr/local/qchem/config/preferences.

theFileMan(): MAXOPENFILES=974 MAX_SUB_FILE_NUM=16
Maximum size of a physical file is 2.0 GB, maximum size of a tmp-file is 32.0 GB


--------------------------------------------------------------
User input:
--------------------------------------------------------------

$molecule
1,2
C         -0.00010        0.00000        0.01845
Si        -0.00040        0.00000        1.87168
H          1.01354        0.00000       -0.36644
H         -0.50645       -0.87766       -0.36740
H         -0.50645        0.87766       -0.36740
H         -1.38115        0.00000        2.39343
H          0.69049       -1.19616        2.39178
H          0.69049        1.19616        2.39178
$end

$comment
positive
$end

$xc_functional
C PBE   1.00
X wPBE  1.00
$end

$rem
SYMMETRY_DECOMPOSITION	0
LRC_DFT                 true
exchange 		general
BASIS                   g3large
omega			700
mem_static              760
max_scf_cycles          200
scf_final_print         1
sym_ignore              true
$end

--------------------------------------------------------------
 Writing REM_CC_EA            8
 ----------------------------------------------------
       Standard Nuclear Orientation (Angstroms)
    I     Atom         X            Y            Z
 ----------------------------------------------------
    1      C      -0.000100     0.000000     0.018450
    2      Si     -0.000400     0.000000     1.871680
    3      H       1.013540     0.000000    -0.366440
    4      H      -0.506450    -0.877660    -0.367400
    5      H      -0.506450     0.877660    -0.367400
    6      H      -1.381150     0.000000     2.393430
    7      H       0.690490    -1.196160     2.391780
    8      H       0.690490     1.196160     2.391780
 ----------------------------------------------------
 Nuclear Repulsion Energy =    63.3930539500 hartrees
 There are       13 alpha and       12 beta electrons
 Requested basis set is G3large
 There are 65 shells and 168 basis functions

Total QAlloc Memory Limit   2000 MB
Mega-Array Size       743 MB
MEM_STATIC part       760 MB

                       Distance Matrix (Angstroms)
             C (  1)   Si(  2)   H (  3)   H (  4)   H (  5)   H (  6)
   Si(  2)  1.853230
   H (  3)  1.084254  2.457083
   H (  4)  1.084231  2.457611  1.755180
   H (  5)  1.084231  2.457611  1.755180  1.755320
   H (  6)  2.747331  1.476040  3.653960  3.026148  3.026148
   H (  7)  2.745980  1.476019  3.023729  3.024431  3.653282  2.392173
   H (  8)  2.745980  1.476019  3.023729  3.653282  3.024431  2.392173
             H (  7)
   H (  8)  2.392320
 
 A cutoff of  1.0D-08 yielded   2044 shell pairs
 There are  13820 function pairs ( 17231 Cartesian)
Evaluating contribution to one-electron hamiltonian from nuclear
 Smallest overlap matrix eigenvalue = 1.32E-04
 Multipole matrices computed through 2nd order

  Scale SEOQF with 1.000000e-01/1.000000e-01/1.000000e-01

 Standard Electronic Orientation quadrupole field applied
 Nucleus-field energy     =    -0.0000000067 hartrees
 Guess from superposition of atomic densities
 Warning:  Energy on first SCF cycle will be non-variational
 Long-range K will be added via erf
 Coulomb attenuation parameter = 0.7 bohr**(-1)
 An unrestricted Kohn-Sham SCF calculation will be
 performed using Pulay DIIS extrapolation
 Exchange:  wPBE + LR-HF      Correlation:  PBE
 Using SG-1 standard quadrature grid
 SCF converges when DIIS error is below 1.0E-05
 Requested basis set is G3large
 There are 65 shells and 168 basis functions
 A cutoff of  1.0D-08 yielded   2044 shell pairs
 There are  13820 function pairs ( 17231 Cartesian)
 Warning!  Inaccurate integrated density:
   Number of electrons =    25
   Numerical integral  =    25.999988627882
   Relative error      =     3.9999545115 %
 ---------------------------------------
  Cycle       Energy         DIIS Error
 ---------------------------------------
    1    -331.3768191696      2.86E-02
    2    -330.6266871261      3.09E-03
    3    -330.6883867042      1.19E-03
    4    -330.6952844277      4.21E-04
    5    -330.6966657357      9.10E-05
    6    -330.6969628380      4.94E-05
    7    -330.6971196573      3.83E-05
    8    -330.6972660772      3.19E-05
    9    -330.6974484494      3.05E-05
   10    -330.6975913273      3.09E-05
   11    -330.6972833094      3.09E-05
   12    -330.6967914257      3.93E-05
   13    -330.6967363352      5.78E-05
   14    -330.6962182859      7.14E-05
   15    -330.6962529691      7.30E-05
   16    -330.6963537141      4.56E-05
   17    -330.6964007756      2.49E-05
   18    -330.6964567208      2.45E-05
   19    -330.6965151544      2.47E-05
   20    -330.6964755597      2.47E-05
   21    -330.6964535976      2.46E-05
   22    -330.6964294948      2.45E-05
   23    -330.6963434656      2.38E-05
   24    -330.6962750341      2.06E-05
   25    -330.6962900907      1.61E-05
   26    -330.6962807002      1.16E-05
   27    -330.6963187069      1.45E-05
   28    -330.6963189378      6.25E-06 Convergence criterion met
 ---------------------------------------
 One-Electron    Energy =  -575.1045280942
 Total Coulomb   Energy =   209.2177276169
 Alpha Exchange  Energy =    -4.0453426171
 Beta  Exchange  Energy =    -3.7371445885
 DFT   Exchange  Energy =   -19.5743061386
 DFT Correlation Energy =    -0.8457790595
 Nuclear Repu.   Energy =    63.3930539434
 Nuclear Attr.   Energy =  -905.1586271995
 Kinetic         Energy =   330.0540991053
 <S^2> = 0.7853
 SCF time:  CPU 281.75 s  wall 286.42 s
 Final Alpha MO Eigenvalues
            1           2           3           4           5           6
    1 -66.0677971 -10.4554297  -5.7312816  -4.1150684  -4.1048701  -4.1030338
            7           8           9          10          11          12
    1  -1.1564509  -1.0193091  -0.8733844  -0.7980263  -0.7734809  -0.7479018
           13          14          15          16          17          18
    1  -0.7069689  -0.1186272  -0.0999451  -0.0992591  -0.0948566  -0.0707025
 Final Beta MO Eigenvalues
            1           2           3           4           5           6
    1 -66.0671391 -10.4552439  -5.7305003  -4.1106611  -4.1053254  -4.1027832
            7           8           9          10          11          12
    1  -1.1482781  -0.9387429  -0.7888650  -0.7727819  -0.7127360  -0.7007481
           13          14          15          16          17
    1  -0.4314590  -0.1144477  -0.0969178  -0.0868776  -0.0760174
 Analysis of SCF Wavefunction
 
 --------------------------------------------------------------
                    Orbital Energies (a.u.)
 --------------------------------------------------------------
 
 Alpha MOs
 -- Occupied --
-66.068 -10.455  -5.731  -4.115  -4.105  -4.103  -1.156  -1.019
 -0.873  -0.798  -0.773  -0.748  -0.707
 -- Virtual --
 -0.119  -0.100  -0.099  -0.095  -0.071  -0.061  -0.055  -0.028
 -0.026  -0.024  -0.012  -0.006   0.015   0.022   0.022   0.037
  0.052   0.064   0.065   0.071   0.120   0.123   0.163   0.181
  0.188   0.207   0.230   0.235   0.288   0.317   0.321   0.327
  0.336   0.381   0.392   0.410   0.438   0.450   0.467   0.521
  0.521   0.577   0.585   0.595   0.614   0.626   0.635   0.690
  0.704   0.717   0.765   0.777   0.815   0.897   0.903   0.925
  0.954   0.979   1.051   1.054   1.065   1.095   1.155   1.204
  1.213   1.215   1.221   1.241   1.253   1.334   1.347   1.395
  1.410   1.429   1.450   1.474   1.499   1.591   1.998   2.059
  2.068   2.087   2.126   2.133   2.239   2.481   2.486   2.581
  2.675   2.749   2.931   2.954   3.017   3.078   3.090   3.214
  3.219   3.306   3.309   3.344   3.518   3.519   3.606   3.610
  3.671   3.680   3.725   3.873   3.881   3.899   3.899   3.926
  3.964   3.988   4.079   4.091   4.154   4.226   4.231   4.353
  4.360   4.374   4.425   4.438   4.547   4.600   5.056   5.688
  5.693   6.182  11.314  11.327  11.669  17.451  17.530  17.639
 17.712  17.768  22.061  22.076  22.084  22.089  22.093  22.095
 22.122  24.119  27.792  28.047  28.048  40.934  40.951  41.151
 41.195  41.242 141.022
 
 Beta MOs
 -- Occupied --
-66.067 -10.455  -5.731  -4.111  -4.105  -4.103  -1.148  -0.939
 -0.789  -0.773  -0.713  -0.701
 -- Virtual --
 -0.431  -0.114  -0.097  -0.087  -0.076  -0.065  -0.060  -0.053
 -0.024  -0.023  -0.012  -0.009  -0.003   0.015   0.025   0.029
  0.051   0.055   0.068   0.071   0.071   0.123   0.127   0.181
  0.182   0.189   0.209   0.234   0.239   0.312   0.330   0.331
  0.333   0.337   0.392   0.396   0.414   0.453   0.454   0.470
  0.523   0.523   0.579   0.594   0.599   0.617   0.637   0.640
  0.711   0.717   0.729   0.768   0.786   0.825   0.904   0.906
  0.943   0.960   0.992   1.054   1.056   1.083   1.102   1.166
  1.208   1.222   1.225   1.232   1.247   1.253   1.342   1.347
  1.412   1.417   1.429   1.461   1.478   1.500   1.592   2.013
  2.066   2.079   2.087   2.136   2.140   2.251   2.485   2.487
  2.588   2.749   2.783   2.933   2.955   3.053   3.084   3.089
  3.217   3.220   3.308   3.310   3.347   3.520   3.520   3.611
  3.613   3.672   3.714   3.739   3.904   3.910   3.913   3.967
  3.981   4.004   4.033   4.086   4.095   4.184   4.233   4.235
  4.361   4.370   4.376   4.441   4.444   4.579   4.608   5.058
  5.692   5.695   6.187  11.320  11.328  11.669  17.453  17.531
 17.639  17.714  17.769  22.062  22.077  22.085  22.089  22.094
 22.095  22.122  24.120  27.792  28.048  28.048  40.934  40.951
 41.151  41.195  41.243 141.023
 --------------------------------------------------------------
 
          Ground-State Mulliken Net Atomic Charges

     Atom                 Charge (a.u.)    Spin (a.u.)
  --------------------------------------------------------
      1 C                    -0.207192       0.010944
      2 Si                    0.405013       0.083970
      3 H                     0.146181       0.017011
      4 H                     0.146175       0.017038
      5 H                     0.138476       0.001373
      6 H                     0.161594       0.441667
      7 H                     0.047985      -0.014165
      8 H                     0.161768       0.442163
  --------------------------------------------------------
  Sum of atomic charges =     1.000000
  Sum of spin   charges =     1.000000

 -----------------------------------------------------------------
                    Cartesian Multipole Moments
 -----------------------------------------------------------------
    Charge (ESU x 10^10)
                 4.8032
    Dipole Moment (Debye)
         X      -0.6057      Y       1.0492      Z       8.0926
       Tot       8.1828
    Quadrupole Moments (Debye-Ang)
        XX     -15.0234     XY       1.5798     YY     -16.8434
        XZ      -1.6150     YZ       2.7947     ZZ      -0.4037
    Octapole Moments (Debye-Ang^2)
       XXX      -2.1505    XXY       0.7425    XYY       0.4526
       YYY       2.2310    XXZ     -15.9949    XYZ       3.5102
       YYZ     -20.0457    XZZ      -3.8792    YZZ       6.7077
       ZZZ     -30.1581
    Hexadecapole Moments (Debye-Ang^3)
      XXXX     -31.3168   XXXY       2.0876   XXYY     -11.4754
      XYYY       2.4933   YYYY     -36.5979   XXXZ      -8.6588
      XXYZ       1.8815   XYYZ       4.3423   YYYZ       5.6532
      XXZZ     -39.1266   XYZZ       8.6198   YYZZ     -49.0796
      XZZZ      -9.9886   YZZZ      17.2884   ZZZZ    -225.4883
 -----------------------------------------------------------------
 Total job time:  286.65s(wall), 281.92s(cpu) 
 Tue Mar 18 15:49:00 2014

        *************************************************************
        *                                                           *
        *  Thank you very much for using Q-Chem.  Have a nice day.  *
        *                                                           *
        *************************************************************


0 sent ACK to 0 
now end server 0 ... 
