Process 0 of 1 is on cl134 - thread support 1
initial socket setup ...start
initial socket setup ...done 
now start server 0 ... 

cmd = /usr/bin/ssh clhead /usr/local/qchem/bin/get_hostid 60110588 > /tmp/1591930.1.medium.q/qchem735/lic.dat

cmd = /usr/bin/ssh clhead /usr/local/qchem/bin/get_hostid 60110588 > /tmp/1591930.1.medium.q/qchem735/lic.dat

cmd = /usr/bin/ssh clhead /usr/local/qchem/bin/get_hostid 60110588 > /tmp/1591930.1.medium.q/qchem735/lic.dat

cmd = /usr/bin/ssh clhead /usr/local/qchem/bin/get_hostid 60110588 > /tmp/1591930.1.medium.q/qchem735/lic.dat

cmd = /usr/bin/ssh clhead /usr/local/qchem/bin/get_hostid 60110588 > /tmp/1591930.1.medium.q/qchem735/lic.dat
                  Welcome to Q-Chem
     A Quantum Leap Into The Future Of Chemistry

 Y. Shao, L. Fusti-Molnar, Y. Jung, J. Kussmann, C. Ochsenfeld,
 S. T. Brown, A. T. B. Gilbert, L. V. Slipchenko,S. V. Levchenko,
 D. P. O'Neill, R. A. DiStasio Jr., R. C. Lochan, T. Wang,
 G. J. O. Beran, N. A. Besley, J. M. Herbert, C. Y. Lin,
 T. Van Voorhis, S. H. Chien, A. Sodt, R. P. Steele, 
 V. A. Rassolov, P. E. Maslen, P. P. Korambath, R. D. Adamson,
 B. Austin, J. Baker, E. F. C. Byrd, H. Dachsel, R. J. Doerksen,
 A. Dreuw, B. D. Dunietz, A. D. Dutoi, T. R. Furlani,
 S. R. Gwaltney, A. Heyden, S. Hirata, C.-P. Hsu, G. Kedziora,
 R. Z. Khaliullin, P. Klunzinger, A. M. Lee, M. S. Lee, W. Liang,
 I. Lotan, N. Nair, B. Peters, E. I. Proynov, P. A. Pieniazek, 
 Y. M. Rhee, J. Ritchie, E. Rosta, C. D. Sherrill, 
 A. C. Simmonett, J. E. Subotnik, H. L. Woodcock III,
 W. Zhang, A. T. Bell, A. K. Chakraborty, D. M. Chipman,
 F. J. Keil, A. Warshel, W. J. Hehre, H. F. Schaefer III,
 J. Kong, A. I. Krylov, P. M. W. Gill, M. Head-Gordon,
 Q-Chem, Version 3.1, Q-Chem, Inc., Pittsburgh, PA (2007).

 Additional authors for Version 3.1: 
 Z. Gan, Y. Zhao, N. E. Schultz, D. Truhlar, E. Epifanovsky and M. Oana.

 Additional authors for Version 3.2: 
 R. Baer, B. R. Brooks, D. Casanova, J.-D. Chai, C.-L. Cheng, 
 C. Cramer, D. Crittenden, A. Ghysels, G. Hawkins, E. G. Hohenstein, 
 C. Kelley, W. Kurlancheek, D. Liotard, E. Livshits, P. Manohar, 
 A. Marenich, D. Neuhauser, R. Olson, M. A. Rohrdanz, K. S. Thanthiriwatte, 
 A. J. W. Thom, V. Vanovschi, C. F. Williams, Q. Wu and Z.-Q. You. 


 Intel X86 Linux Version

 Q-chem begins on Tue Mar 18 14:37:14 2014  

 Parallel job on  1  processors
Processing $rem in /usr/local/qchem/config/preferences.

theFileMan(): MAXOPENFILES=974 MAX_SUB_FILE_NUM=16
Maximum size of a physical file is 2.0 GB, maximum size of a tmp-file is 32.0 GB


--------------------------------------------------------------
User input:
--------------------------------------------------------------

$molecule
-1,2
C          0.00000        0.00000        0.00383
C          0.00000        0.00000        1.34300
Cl         1.44281        0.00000       -0.90583
Cl        -1.44281        0.00000       -0.90583
Cl        -1.44281        0.00000        2.25266
Cl         1.44281        0.00000        2.25266
$end

$comment
negative
$end

$xc_functional
C PBE   1.00
X wPBE  1.00
$end

$rem
SYMMETRY_DECOMPOSITION	0
exchange 		general
LRC_DFT                 true
BASIS                   g3large
omega			100
mem_static              760
max_scf_cycles          200
scf_final_print         1
sym_ignore              true
$end

--------------------------------------------------------------
 Writing REM_CC_EA            6
 ----------------------------------------------------
       Standard Nuclear Orientation (Angstroms)
    I     Atom         X            Y            Z
 ----------------------------------------------------
    1      C       0.000000     0.000000     0.003830
    2      C       0.000000     0.000000     1.343000
    3      Cl      1.442810     0.000000    -0.905830
    4      Cl     -1.442810     0.000000    -0.905830
    5      Cl     -1.442810     0.000000     2.252660
    6      Cl      1.442810     0.000000     2.252660
 ----------------------------------------------------
 Nuclear Repulsion Energy =   495.9436981448 hartrees
 There are       41 alpha and       40 beta electrons
 Requested basis set is G3large
 There are 96 shells and 348 basis functions

Total QAlloc Memory Limit   2000 MB
Mega-Array Size       743 MB
MEM_STATIC part       760 MB

                       Distance Matrix (Angstroms)
             C (  1)   C (  2)   Cl(  3)   Cl(  4)   Cl(  5)
   C (  2)  1.339170
   Cl(  3)  1.705632  2.671879
   Cl(  4)  1.705632  2.671879  2.885620
   Cl(  5)  2.671879  1.705632  4.278184  3.158490
   Cl(  6)  2.671879  1.705632  3.158490  4.278184  2.885620
 
 A cutoff of  1.0D-08 yielded   3466 shell pairs
 There are  47748 function pairs ( 66451 Cartesian)
Evaluating contribution to one-electron hamiltonian from nuclear
 Smallest overlap matrix eigenvalue = 9.71E-06

 Q-Chem warning in module mkSTV.C, line 194:

 Overlap eigenvalue is smaller than square root of threshold

 Multipole matrices computed through 2nd order

  Scale SEOQF with 1.000000e-01/1.000000e-01/1.000000e-01

 Standard Electronic Orientation quadrupole field applied
 Nucleus-field energy     =    -0.0000000176 hartrees
 Guess from superposition of atomic densities
 Warning:  Energy on first SCF cycle will be non-variational
 Long-range K will be added via erf
 Coulomb attenuation parameter = 0.1 bohr**(-1)
 An unrestricted Kohn-Sham SCF calculation will be
 performed using Pulay DIIS extrapolation
 Exchange:  wPBE + LR-HF      Correlation:  PBE
 Using SG-1 standard quadrature grid
 SCF converges when DIIS error is below 1.0E-05
 Requested basis set is G3large
 There are 96 shells and 348 basis functions
 A cutoff of  1.0D-08 yielded   3466 shell pairs
 There are  47748 function pairs ( 66451 Cartesian)
 Warning!  Inaccurate integrated density:
   Number of electrons =    81
   Numerical integral  =    80.000163028812
   Relative error      =    -1.2343666311 %
 ---------------------------------------
  Cycle       Energy         DIIS Error
 ---------------------------------------
    1   -1917.3423479245      2.02E-02
    2   -1916.1413045724      2.15E-03
    3   -1915.9752957372      3.87E-03
    4   -1916.2160828722      8.96E-04
    5   -1916.2264877790      1.09E-04
    6   -1916.2267601875      3.12E-05
    7   -1916.2268139919      1.55E-05
    8   -1916.2268353000      7.34E-06 Convergence criterion met
 ---------------------------------------
 One-Electron    Energy = -3647.0534384064
 Total Coulomb   Energy =  1358.2020542000
 Alpha Exchange  Energy =    -2.2918981233
 Beta  Exchange  Energy =    -2.2379944194
 DFT   Exchange  Energy =  -115.6735989421
 DFT Correlation Energy =    -3.1156577359
 Nuclear Repu.   Energy =   495.9436981272
 Nuclear Attr.   Energy = -5561.2371784058
 Kinetic         Energy =  1914.1837399994
 <S^2> = 0.7528
 SCF time:  CPU 573.29 s  wall 576.83 s
 Final Alpha MO Eigenvalues
            1           2           3           4           5           6
    1-100.5634088-100.5634073-100.5632272-100.5632270  -9.8335318  -9.8330180
            7           8           9          10          11          12
    1  -9.0823541  -9.0823497  -9.0822121  -9.0822054  -6.9055309  -6.9055287
           13          14          15          16          17          18
    1  -6.9053887  -6.9053869  -6.8961477  -6.8961459  -6.8960056  -6.8960048
           19          20          21          22          23          24
    1  -6.8958846  -6.8958833  -6.8957423  -6.8957418  -0.7503492  -0.7056849
           25          26          27          28          29          30
    1  -0.6680330  -0.6460674  -0.5241643  -0.3901228  -0.3376727  -0.3331102
           31          32          33          34          35          36
    1  -0.2773261  -0.2724203  -0.2217268  -0.1986394  -0.1912983  -0.1898764
           37          38          39          40          41          42
    1  -0.1841973  -0.1779347  -0.1483338  -0.0904058   0.0632601   0.1560750
           43          44          45          46
    1   0.1601653   0.1613322   0.1834051   0.1933181
 Final Beta MO Eigenvalues
            1           2           3           4           5           6
    1-100.5633644-100.5633632-100.5631821-100.5631816  -9.8276780  -9.8271560
            7           8           9          10          11          12
    1  -9.0822413  -9.0822368  -9.0820983  -9.0820918  -6.9056040  -6.9056019
           13          14          15          16          17          18
    1  -6.9054609  -6.9054589  -6.8958942  -6.8958930  -6.8957525  -6.8957520
           19          20          21          22          23          24
    1  -6.8957165  -6.8957152  -6.8955712  -6.8955704  -0.7443900  -0.7015474
           25          26          27          28          29          30
    1  -0.6666473  -0.6447460  -0.5186577  -0.3810708  -0.3341279  -0.3285283
           31          32          33          34          35          36
    1  -0.2692760  -0.2630669  -0.2143802  -0.1979073  -0.1906998  -0.1869186
           37          38          39          40          41          42
    1  -0.1837174  -0.1742167  -0.1478575  -0.0706379   0.1595427   0.1644142
           43          44          45
    1   0.1677799   0.1875659   0.1934820
 Analysis of SCF Wavefunction
 
 --------------------------------------------------------------
                    Orbital Energies (a.u.)
 --------------------------------------------------------------
 
 Alpha MOs
 -- Occupied --
*******-100.563-100.563-100.563  -9.834  -9.833  -9.082  -9.082
 -9.082  -9.082  -6.906  -6.906  -6.905  -6.905  -6.896  -6.896
 -6.896  -6.896  -6.896  -6.896  -6.896  -6.896  -0.750  -0.706
 -0.668  -0.646  -0.524  -0.390  -0.338  -0.333  -0.277  -0.272
 -0.222  -0.199  -0.191  -0.190  -0.184  -0.178  -0.148  -0.090
  0.063
 -- Virtual --
  0.156   0.160   0.161   0.183   0.193   0.201   0.207   0.216
  0.226   0.239   0.240   0.258   0.263   0.265   0.265   0.285
  0.291   0.298   0.306   0.307   0.315   0.330   0.353   0.357
  0.368   0.369   0.369   0.377   0.395   0.397   0.432   0.443
  0.457   0.466   0.476   0.504   0.506   0.527   0.528   0.530
  0.533   0.566   0.571   0.599   0.601   0.616   0.627   0.631
  0.647   0.650   0.664   0.673   0.689   0.719   0.722   0.726
  0.744   0.764   0.770   0.784   0.818   0.823   0.886   0.918
  0.924   0.931   0.957   0.969   0.991   1.016   1.061   1.085
  1.092   1.128   1.131   1.153   1.159   1.169   1.169   1.185
  1.194   1.210   1.220   1.227   1.235   1.247   1.251   1.258
  1.259   1.277   1.278   1.282   1.288   1.290   1.293   1.323
  1.332   1.342   1.367   1.388   1.404   1.410   1.434   1.439
  1.468   1.534   1.549   1.559   1.573   1.574   1.611   1.632
  1.670   1.705   1.726   1.734   1.760   1.776   1.814   1.819
  1.821   1.830   1.838   1.915   1.920   1.932   1.978   1.991
  2.006   2.178   2.269   2.282   2.294   2.346   2.362   2.429
  2.449   2.456   2.535   2.594   2.650   2.729   2.738   2.873
  2.977   2.989   3.006   3.146   3.147   3.244   3.248   3.302
  3.421   3.424   3.427   3.492   3.562   3.572   3.605   3.631
  3.635   3.717   3.742   3.759   3.790   3.883   4.042   4.103
  4.109   4.401   4.406   4.430   4.435   4.438   4.451   4.460
  4.463   4.465   4.514   4.525   4.526   4.528   4.555   4.558
  4.579   4.582   4.585   4.592   4.612   4.643   4.680   4.686
  4.700   4.701   4.744   4.751   4.752   4.831   4.865   5.040
  5.098   5.123   5.141   5.158   5.165   5.182   5.199   5.247
  5.261   5.282   5.307   5.346   5.381   5.410   5.423   5.564
  5.643   5.783   5.934   6.207   6.218   9.841   9.970  10.016
 10.151  20.564  20.572  20.586  20.613  20.618  20.646  20.654
 20.703  20.813  20.899  20.946  20.975  23.648  24.513  27.097
 27.101  27.140  27.142  27.148  27.155  27.161  27.168  27.175
 27.188  27.191  27.204  27.206  27.225  27.232  27.238  27.239
 27.316  27.325  27.357  27.374  27.502  28.206  28.215  28.308
 28.427  36.802  36.803  36.804  36.805  36.806  36.806  36.806
 36.809  36.814  36.815  36.816  36.816  36.818  36.818  36.818
 36.819  36.820  36.823  36.824  36.826  36.829  36.835  36.837
 36.837  36.841  36.843  36.847  36.856  40.802  40.858  40.898
 41.106  41.108  41.155  41.189  41.203  41.218  41.277 215.716
215.856 215.893 216.067
 
 Beta MOs
 -- Occupied --
*******-100.563-100.563-100.563  -9.828  -9.827  -9.082  -9.082
 -9.082  -9.082  -6.906  -6.906  -6.905  -6.905  -6.896  -6.896
 -6.896  -6.896  -6.896  -6.896  -6.896  -6.896  -0.744  -0.702
 -0.667  -0.645  -0.519  -0.381  -0.334  -0.329  -0.269  -0.263
 -0.214  -0.198  -0.191  -0.187  -0.184  -0.174  -0.148  -0.071
 -- Virtual --
  0.160   0.164   0.168   0.188   0.193   0.199   0.206   0.209
  0.219   0.228   0.244   0.245   0.264   0.266   0.269   0.269
  0.290   0.296   0.301   0.309   0.309   0.317   0.337   0.354
  0.360   0.371   0.372   0.372   0.380   0.397   0.400   0.436
  0.445   0.459   0.468   0.478   0.508   0.512   0.529   0.530
  0.531   0.540   0.568   0.572   0.604   0.611   0.624   0.629
  0.636   0.648   0.652   0.666   0.678   0.697   0.725   0.726
  0.729   0.747   0.767   0.771   0.797   0.826   0.828   0.887
  0.922   0.927   0.943   0.973   0.983   0.998   1.023   1.066
  1.091   1.094   1.132   1.135   1.155   1.167   1.171   1.172
  1.188   1.197   1.212   1.223   1.228   1.236   1.249   1.253
  1.260   1.261   1.279   1.280   1.287   1.289   1.293   1.295
  1.325   1.334   1.347   1.368   1.391   1.408   1.416   1.436
  1.442   1.471   1.538   1.550   1.563   1.577   1.577   1.614
  1.641   1.672   1.709   1.736   1.736   1.770   1.785   1.823
  1.823   1.826   1.831   1.851   1.923   1.923   1.935   1.981
  1.995   2.006   2.187   2.273   2.286   2.297   2.351   2.363
  2.435   2.451   2.458   2.538   2.599   2.653   2.733   2.740
  2.907   3.003   3.013   3.023   3.161   3.171   3.263   3.264
  3.322   3.422   3.438   3.438   3.513   3.575   3.589   3.634
  3.635   3.657   3.739   3.756   3.771   3.820   3.907   4.045
  4.117   4.123   4.404   4.409   4.432   4.436   4.440   4.452
  4.461   4.465   4.467   4.516   4.528   4.529   4.529   4.556
  4.560   4.580   4.584   4.586   4.594   4.615   4.645   4.684
  4.688   4.701   4.701   4.744   4.752   4.771   4.832   4.867
  5.041   5.098   5.123   5.142   5.159   5.166   5.183   5.202
  5.248   5.263   5.283   5.310   5.349   5.385   5.411   5.423
  5.566   5.644   5.784   5.935   6.208   6.221   9.841   9.970
 10.017  10.151  20.565  20.573  20.587  20.613  20.619  20.646
 20.654  20.703  20.813  20.899  20.946  20.975  23.655  24.520
 27.098  27.101  27.142  27.143  27.148  27.157  27.161  27.168
 27.175  27.188  27.191  27.205  27.206  27.225  27.232  27.238
 27.239  27.316  27.337  27.357  27.374  27.518  28.209  28.218
 28.311  28.430  36.802  36.803  36.804  36.805  36.806  36.806
 36.806  36.809  36.814  36.815  36.816  36.817  36.818  36.818
 36.819  36.819  36.820  36.823  36.824  36.826  36.829  36.835
 36.837  36.837  36.841  36.843  36.847  36.856  40.814  40.864
 40.912  41.118  41.120  41.167  41.191  41.216  41.223  41.279
215.716 215.856 215.893 216.068
 --------------------------------------------------------------
 
          Ground-State Mulliken Net Atomic Charges

     Atom                 Charge (a.u.)    Spin (a.u.)
  --------------------------------------------------------
      1 C                     0.316789       0.532175
      2 C                     0.316867       0.532198
      3 Cl                   -0.410066      -0.014344
      4 Cl                   -0.406742      -0.017841
      5 Cl                   -0.410090      -0.014350
      6 Cl                   -0.406759      -0.017837
  --------------------------------------------------------
  Sum of atomic charges =    -1.000000
  Sum of spin   charges =     1.000000

 -----------------------------------------------------------------
                    Cartesian Multipole Moments
 -----------------------------------------------------------------
    Charge (ESU x 10^10)
                -4.8032
    Dipole Moment (Debye)
         X       0.0000      Y       0.0000      Z      -3.2345
       Tot       3.2345
    Quadrupole Moments (Debye-Ang)
        XX     -77.9491     XY       0.0020     YY     -68.5636
        XZ      -0.0065     YZ       2.0228     ZZ     -82.4699
    Octapole Moments (Debye-Ang^2)
       XXX       0.0003    XXY      -0.0002    XYY       0.0000
       YYY      -0.0001    XXZ     -52.4920    XYZ       0.0013
       YYZ     -46.1717    XZZ      -0.0088    YZZ       2.7243
       ZZZ    -163.6757
    Hexadecapole Moments (Debye-Ang^3)
      XXXX    -819.4253   XXXY       0.0367   XXYY    -159.8259
      XYYY       0.0151   YYYY     -99.9769   XXXZ      -0.1345
      XXYZ      16.7171   XYYZ      -0.0201   YYYZ       9.6293
      XXZZ    -348.0381   XYZZ       0.0376   YYZZ    -217.2082
      XZZZ      -0.1259   YZZZ      22.6440   ZZZZ   -1215.1559
 -----------------------------------------------------------------
 Total job time:  577.56s(wall), 573.92s(cpu) 
 Tue Mar 18 14:46:51 2014

        *************************************************************
        *                                                           *
        *  Thank you very much for using Q-Chem.  Have a nice day.  *
        *                                                           *
        *************************************************************


0 sent ACK to 0 
now end server 0 ... 
 
**********************************************************************
Job 2 of 3 
**********************************************************************
 
Process 0 of 1 is on cl134 - thread support 1
initial socket setup ...start
initial socket setup ...done 
now start server 0 ... 

cmd = /usr/bin/ssh clhead /usr/local/qchem/bin/get_hostid 1293887438 > /tmp/1591930.1.medium.q/qchem735/lic.dat

cmd = /usr/bin/ssh clhead /usr/local/qchem/bin/get_hostid 1293887438 > /tmp/1591930.1.medium.q/qchem735/lic.dat

cmd = /usr/bin/ssh clhead /usr/local/qchem/bin/get_hostid 1293887438 > /tmp/1591930.1.medium.q/qchem735/lic.dat

cmd = /usr/bin/ssh clhead /usr/local/qchem/bin/get_hostid 1293887438 > /tmp/1591930.1.medium.q/qchem735/lic.dat

cmd = /usr/bin/ssh clhead /usr/local/qchem/bin/get_hostid 1293887438 > /tmp/1591930.1.medium.q/qchem735/lic.dat
                  Welcome to Q-Chem
     A Quantum Leap Into The Future Of Chemistry

 Y. Shao, L. Fusti-Molnar, Y. Jung, J. Kussmann, C. Ochsenfeld,
 S. T. Brown, A. T. B. Gilbert, L. V. Slipchenko,S. V. Levchenko,
 D. P. O'Neill, R. A. DiStasio Jr., R. C. Lochan, T. Wang,
 G. J. O. Beran, N. A. Besley, J. M. Herbert, C. Y. Lin,
 T. Van Voorhis, S. H. Chien, A. Sodt, R. P. Steele, 
 V. A. Rassolov, P. E. Maslen, P. P. Korambath, R. D. Adamson,
 B. Austin, J. Baker, E. F. C. Byrd, H. Dachsel, R. J. Doerksen,
 A. Dreuw, B. D. Dunietz, A. D. Dutoi, T. R. Furlani,
 S. R. Gwaltney, A. Heyden, S. Hirata, C.-P. Hsu, G. Kedziora,
 R. Z. Khaliullin, P. Klunzinger, A. M. Lee, M. S. Lee, W. Liang,
 I. Lotan, N. Nair, B. Peters, E. I. Proynov, P. A. Pieniazek, 
 Y. M. Rhee, J. Ritchie, E. Rosta, C. D. Sherrill, 
 A. C. Simmonett, J. E. Subotnik, H. L. Woodcock III,
 W. Zhang, A. T. Bell, A. K. Chakraborty, D. M. Chipman,
 F. J. Keil, A. Warshel, W. J. Hehre, H. F. Schaefer III,
 J. Kong, A. I. Krylov, P. M. W. Gill, M. Head-Gordon,
 Q-Chem, Version 3.1, Q-Chem, Inc., Pittsburgh, PA (2007).

 Additional authors for Version 3.1: 
 Z. Gan, Y. Zhao, N. E. Schultz, D. Truhlar, E. Epifanovsky and M. Oana.

 Additional authors for Version 3.2: 
 R. Baer, B. R. Brooks, D. Casanova, J.-D. Chai, C.-L. Cheng, 
 C. Cramer, D. Crittenden, A. Ghysels, G. Hawkins, E. G. Hohenstein, 
 C. Kelley, W. Kurlancheek, D. Liotard, E. Livshits, P. Manohar, 
 A. Marenich, D. Neuhauser, R. Olson, M. A. Rohrdanz, K. S. Thanthiriwatte, 
 A. J. W. Thom, V. Vanovschi, C. F. Williams, Q. Wu and Z.-Q. You. 


 Intel X86 Linux Version

 Q-chem begins on Tue Mar 18 14:46:56 2014  

 Parallel job on  1  processors
Processing $rem in /usr/local/qchem/config/preferences.

theFileMan(): MAXOPENFILES=974 MAX_SUB_FILE_NUM=16
Maximum size of a physical file is 2.0 GB, maximum size of a tmp-file is 32.0 GB


--------------------------------------------------------------
User input:
--------------------------------------------------------------

$molecule
0,1
C          0.00000        0.00000        0.00383
C          0.00000        0.00000        1.34300
Cl         1.44281        0.00000       -0.90583
Cl        -1.44281        0.00000       -0.90583
Cl        -1.44281        0.00000        2.25266
Cl         1.44281        0.00000        2.25266
$end

$comment
neutral
$end

$xc_functional
C PBE   1.00
X wPBE  1.00
$end


$rem
SYMMETRY_DECOMPOSITION	0
LRC_DFT                 true
exchange 		general
BASIS                   g3large
omega			100
mem_static              760
max_scf_cycles          200
scf_final_print         1
sym_ignore              true
$end

--------------------------------------------------------------
 Writing REM_CC_EA            6
 ----------------------------------------------------
       Standard Nuclear Orientation (Angstroms)
    I     Atom         X            Y            Z
 ----------------------------------------------------
    1      C       0.000000     0.000000     0.003830
    2      C       0.000000     0.000000     1.343000
    3      Cl      1.442810     0.000000    -0.905830
    4      Cl     -1.442810     0.000000    -0.905830
    5      Cl     -1.442810     0.000000     2.252660
    6      Cl      1.442810     0.000000     2.252660
 ----------------------------------------------------
 Nuclear Repulsion Energy =   495.9436981448 hartrees
 There are       40 alpha and       40 beta electrons
 Requested basis set is G3large
 There are 96 shells and 348 basis functions

Total QAlloc Memory Limit   2000 MB
Mega-Array Size       743 MB
MEM_STATIC part       760 MB

                       Distance Matrix (Angstroms)
             C (  1)   C (  2)   Cl(  3)   Cl(  4)   Cl(  5)
   C (  2)  1.339170
   Cl(  3)  1.705632  2.671879
   Cl(  4)  1.705632  2.671879  2.885620
   Cl(  5)  2.671879  1.705632  4.278184  3.158490
   Cl(  6)  2.671879  1.705632  3.158490  4.278184  2.885620
 
 A cutoff of  1.0D-08 yielded   3466 shell pairs
 There are  47748 function pairs ( 66451 Cartesian)
Evaluating contribution to one-electron hamiltonian from nuclear
 Smallest overlap matrix eigenvalue = 9.71E-06

 Q-Chem warning in module mkSTV.C, line 194:

 Overlap eigenvalue is smaller than square root of threshold

 Multipole matrices computed through 2nd order

  Scale SEOQF with 1.000000e-01/1.000000e-01/1.000000e-01

 Standard Electronic Orientation quadrupole field applied
 Nucleus-field energy     =    -0.0000000176 hartrees
 Guess from superposition of atomic densities
 Warning:  Energy on first SCF cycle will be non-variational
 Long-range K will be added via erf
 Coulomb attenuation parameter = 0.1 bohr**(-1)
 A restricted Kohn-Sham SCF calculation will be
 performed using Pulay DIIS extrapolation
 Exchange:  wPBE + LR-HF      Correlation:  PBE
 Using SG-1 standard quadrature grid
 SCF converges when DIIS error is below 1.0E-05
 Requested basis set is G3large
 There are 96 shells and 348 basis functions
 A cutoff of  1.0D-08 yielded   3466 shell pairs
 There are  47748 function pairs ( 66451 Cartesian)
 ---------------------------------------
  Cycle       Energy         DIIS Error
 ---------------------------------------
    1   -1917.3423479245      2.02E-02
    2   -1916.2252123967      1.34E-03
    3   -1916.2405050796      9.31E-04
    4   -1916.2477533360      3.59E-04
    5   -1916.2491089074      1.68E-04
    6   -1916.2495460222      1.63E-05
    7   -1916.2495453181      5.83E-06 Convergence criterion met
 ---------------------------------------
 One-Electron    Energy = -3631.7837624208
 Total Coulomb   Energy =  1342.6290537683
 Alpha Exchange  Energy =    -2.2385016168
 Beta  Exchange  Energy =    -2.2385016168
 DFT   Exchange  Energy =  -115.4747459872
 DFT Correlation Energy =    -3.0867855720
 Nuclear Repu.   Energy =   495.9436981272
 Nuclear Attr.   Energy = -5545.6884316308
 Kinetic         Energy =  1913.9046692100
 SCF time:  CPU 369.84 s  wall 371.28 s
 Final Alpha MO Eigenvalues
            1           2           3           4           5           6
    1-100.7509776-100.7509774-100.7508860-100.7508856 -10.0709882 -10.0704693
            7           8           9          10          11          12
    1  -9.2706097  -9.2706010  -9.2705312  -9.2705203  -7.0946039  -7.0946022
           13          14          15          16          17          18
    1  -7.0945312  -7.0945292  -7.0842244  -7.0842235  -7.0841522  -7.0841515
           19          20          21          22          23          24
    1  -7.0832823  -7.0832817  -7.0832107  -7.0832102  -0.9495850  -0.8987717
           25          26          27          28          29          30
    1  -0.8585254  -0.8348563  -0.7279892  -0.5805740  -0.5309183  -0.5294928
           31          32          33          34          35          36
    1  -0.4714365  -0.4630670  -0.4067807  -0.3836392  -0.3732420  -0.3719596
           37          38          39          40          41          42
    1  -0.3658459  -0.3592319  -0.3297958  -0.2806211  -0.0236175  -0.0068051
           43          44          45
    1   0.0010118   0.0031130   0.0357552
 Analysis of SCF Wavefunction
 
 --------------------------------------------------------------
                    Orbital Energies (a.u.)
 --------------------------------------------------------------
 
 Alpha MOs
 -- Occupied --
*******-100.751-100.751-100.751 -10.071 -10.070  -9.271  -9.271
 -9.271  -9.271  -7.095  -7.095  -7.095  -7.095  -7.084  -7.084
 -7.084  -7.084  -7.083  -7.083  -7.083  -7.083  -0.950  -0.899
 -0.859  -0.835  -0.728  -0.581  -0.531  -0.529  -0.471  -0.463
 -0.407  -0.384  -0.373  -0.372  -0.366  -0.359  -0.330  -0.281
 -- Virtual --
 -0.024  -0.007   0.001   0.003   0.036   0.064   0.068   0.070
  0.085   0.096   0.113   0.114   0.115   0.138   0.139   0.144
  0.146   0.152   0.158   0.162   0.169   0.181   0.200   0.201
  0.204   0.212   0.219   0.225   0.229   0.239   0.263   0.278
  0.281   0.289   0.303   0.308   0.334   0.336   0.356   0.360
  0.363   0.371   0.399   0.406   0.433   0.446   0.453   0.464
  0.471   0.488   0.501   0.505   0.513   0.523   0.553   0.564
  0.566   0.592   0.603   0.604   0.605   0.633   0.637   0.721
  0.733   0.742   0.755   0.785   0.786   0.804   0.837   0.889
  0.904   0.913   0.953   0.954   0.974   0.980   0.989   0.993
  1.010   1.018   1.034   1.044   1.050   1.061   1.068   1.077
  1.084   1.084   1.100   1.102   1.109   1.112   1.116   1.120
  1.148   1.155   1.162   1.183   1.210   1.223   1.229   1.260
  1.261   1.287   1.355   1.375   1.380   1.392   1.403   1.438
  1.451   1.500   1.524   1.541   1.553   1.581   1.596   1.628
  1.633   1.649   1.655   1.662   1.731   1.737   1.748   1.798
  1.814   1.822   1.992   2.086   2.102   2.113   2.167   2.183
  2.250   2.261   2.276   2.348   2.414   2.458   2.546   2.556
  2.667   2.773   2.782   2.796   2.943   2.944   3.043   3.044
  3.098   3.215   3.217   3.221   3.290   3.354   3.368   3.404
  3.429   3.432   3.513   3.533   3.555   3.582   3.678   3.833
  3.898   3.906   4.202   4.209   4.244   4.249   4.251   4.264
  4.274   4.278   4.280   4.330   4.330   4.338   4.341   4.368
  4.370   4.390   4.396   4.399   4.404   4.422   4.454   4.491
  4.499   4.511   4.514   4.545   4.556   4.563   4.635   4.672
  4.845   4.912   4.937   4.956   4.972   4.979   4.996   4.999
  5.057   5.072   5.095   5.115   5.157   5.191   5.221   5.234
  5.370   5.451   5.591   5.740   6.014   6.024   9.654   9.783
  9.830   9.964  20.377  20.385  20.399  20.427  20.431  20.460
 20.467  20.516  20.624  20.710  20.758  20.787  23.415  24.279
 26.910  26.913  26.937  26.954  26.960  26.965  26.972  26.973
 26.988  27.001  27.003  27.014  27.016  27.036  27.042  27.049
 27.050  27.108  27.125  27.161  27.177  27.270  27.972  27.990
 28.082  28.198  36.614  36.615  36.616  36.618  36.618  36.618
 36.618  36.621  36.627  36.627  36.628  36.628  36.630  36.630
 36.630  36.630  36.632  36.634  36.636  36.638  36.641  36.647
 36.648  36.649  36.653  36.654  36.659  36.667  40.566  40.621
 40.662  40.870  40.872  40.920  40.952  40.967  40.981  41.039
215.528 215.669 215.706 215.880
 --------------------------------------------------------------
 
          Ground-State Mulliken Net Atomic Charges

     Atom                 Charge (a.u.)
  ----------------------------------------
      1 C                     0.606668
      2 C                     0.606718
      3 Cl                   -0.303220
      4 Cl                   -0.303396
      5 Cl                   -0.303294
      6 Cl                   -0.303476
  ----------------------------------------
  Sum of atomic charges =     0.000000

 -----------------------------------------------------------------
                    Cartesian Multipole Moments
 -----------------------------------------------------------------
    Charge (ESU x 10^10)
                 0.0000
    Dipole Moment (Debye)
         X       0.0000      Y       0.0000      Z       0.0000
       Tot       0.0000
    Quadrupole Moments (Debye-Ang)
        XX     -58.4805     XY       0.0007     YY     -61.4003
        XZ      -0.0021     YZ      -0.0002     ZZ     -60.4204
    Octapole Moments (Debye-Ang^2)
       XXX       0.0001    XXY       0.0000    XYY       0.0000
       YYY       0.0000    XXZ     -39.3816    XYZ       0.0004
       YYZ     -41.3479    XZZ      -0.0027    YZZ      -0.0002
       ZZZ    -122.0639
    Hexadecapole Moments (Debye-Ang^3)
      XXXX    -649.6618   XXXY      -0.0013   XXYY    -129.2974
      XYYY       0.0008   YYYY     -69.9019   XXXZ      -0.0062
      XXYZ      -0.0012   XYYZ       0.0007   YYYZ      -0.0004
      XXZZ    -250.3944   XYZZ       0.0014   YYZZ    -183.0175
      XZZZ      -0.0076   YZZZ      -0.0023   ZZZZ   -1002.5470
 -----------------------------------------------------------------
 Total job time:  371.89s(wall), 370.41s(cpu) 
 Tue Mar 18 14:53:08 2014

        *************************************************************
        *                                                           *
        *  Thank you very much for using Q-Chem.  Have a nice day.  *
        *                                                           *
        *************************************************************


0 sent ACK to 0 
now end server 0 ... 
 
**********************************************************************
Job 3 of 3 
**********************************************************************
 
Process 0 of 1 is on cl134 - thread support 1
initial socket setup ...start
initial socket setup ...done 
now start server 0 ... 

cmd = /usr/bin/ssh clhead /usr/local/qchem/bin/get_hostid 755085520 > /tmp/1591930.1.medium.q/qchem735/lic.dat

cmd = /usr/bin/ssh clhead /usr/local/qchem/bin/get_hostid 755085520 > /tmp/1591930.1.medium.q/qchem735/lic.dat

cmd = /usr/bin/ssh clhead /usr/local/qchem/bin/get_hostid 755085520 > /tmp/1591930.1.medium.q/qchem735/lic.dat

cmd = /usr/bin/ssh clhead /usr/local/qchem/bin/get_hostid 755085520 > /tmp/1591930.1.medium.q/qchem735/lic.dat

cmd = /usr/bin/ssh clhead /usr/local/qchem/bin/get_hostid 755085520 > /tmp/1591930.1.medium.q/qchem735/lic.dat
                  Welcome to Q-Chem
     A Quantum Leap Into The Future Of Chemistry

 Y. Shao, L. Fusti-Molnar, Y. Jung, J. Kussmann, C. Ochsenfeld,
 S. T. Brown, A. T. B. Gilbert, L. V. Slipchenko,S. V. Levchenko,
 D. P. O'Neill, R. A. DiStasio Jr., R. C. Lochan, T. Wang,
 G. J. O. Beran, N. A. Besley, J. M. Herbert, C. Y. Lin,
 T. Van Voorhis, S. H. Chien, A. Sodt, R. P. Steele, 
 V. A. Rassolov, P. E. Maslen, P. P. Korambath, R. D. Adamson,
 B. Austin, J. Baker, E. F. C. Byrd, H. Dachsel, R. J. Doerksen,
 A. Dreuw, B. D. Dunietz, A. D. Dutoi, T. R. Furlani,
 S. R. Gwaltney, A. Heyden, S. Hirata, C.-P. Hsu, G. Kedziora,
 R. Z. Khaliullin, P. Klunzinger, A. M. Lee, M. S. Lee, W. Liang,
 I. Lotan, N. Nair, B. Peters, E. I. Proynov, P. A. Pieniazek, 
 Y. M. Rhee, J. Ritchie, E. Rosta, C. D. Sherrill, 
 A. C. Simmonett, J. E. Subotnik, H. L. Woodcock III,
 W. Zhang, A. T. Bell, A. K. Chakraborty, D. M. Chipman,
 F. J. Keil, A. Warshel, W. J. Hehre, H. F. Schaefer III,
 J. Kong, A. I. Krylov, P. M. W. Gill, M. Head-Gordon,
 Q-Chem, Version 3.1, Q-Chem, Inc., Pittsburgh, PA (2007).

 Additional authors for Version 3.1: 
 Z. Gan, Y. Zhao, N. E. Schultz, D. Truhlar, E. Epifanovsky and M. Oana.

 Additional authors for Version 3.2: 
 R. Baer, B. R. Brooks, D. Casanova, J.-D. Chai, C.-L. Cheng, 
 C. Cramer, D. Crittenden, A. Ghysels, G. Hawkins, E. G. Hohenstein, 
 C. Kelley, W. Kurlancheek, D. Liotard, E. Livshits, P. Manohar, 
 A. Marenich, D. Neuhauser, R. Olson, M. A. Rohrdanz, K. S. Thanthiriwatte, 
 A. J. W. Thom, V. Vanovschi, C. F. Williams, Q. Wu and Z.-Q. You. 


 Intel X86 Linux Version

 Q-chem begins on Tue Mar 18 14:53:15 2014  

 Parallel job on  1  processors
Processing $rem in /usr/local/qchem/config/preferences.

theFileMan(): MAXOPENFILES=974 MAX_SUB_FILE_NUM=16
Maximum size of a physical file is 2.0 GB, maximum size of a tmp-file is 32.0 GB


--------------------------------------------------------------
User input:
--------------------------------------------------------------

$molecule
1,2
C          0.00000        0.00000        0.00383
C          0.00000        0.00000        1.34300
Cl         1.44281        0.00000       -0.90583
Cl        -1.44281        0.00000       -0.90583
Cl        -1.44281        0.00000        2.25266
Cl         1.44281        0.00000        2.25266
$end

$comment
positive
$end

$xc_functional
C PBE   1.00
X wPBE  1.00
$end

$rem
SYMMETRY_DECOMPOSITION	0
LRC_DFT                 true
exchange 		general
BASIS                   g3large
omega			100
mem_static              760
max_scf_cycles          200
scf_final_print         1
sym_ignore              true
$end

--------------------------------------------------------------
 Writing REM_CC_EA            6
 ----------------------------------------------------
       Standard Nuclear Orientation (Angstroms)
    I     Atom         X            Y            Z
 ----------------------------------------------------
    1      C       0.000000     0.000000     0.003830
    2      C       0.000000     0.000000     1.343000
    3      Cl      1.442810     0.000000    -0.905830
    4      Cl     -1.442810     0.000000    -0.905830
    5      Cl     -1.442810     0.000000     2.252660
    6      Cl      1.442810     0.000000     2.252660
 ----------------------------------------------------
 Nuclear Repulsion Energy =   495.9436981448 hartrees
 There are       40 alpha and       39 beta electrons
 Requested basis set is G3large
 There are 96 shells and 348 basis functions

Total QAlloc Memory Limit   2000 MB
Mega-Array Size       743 MB
MEM_STATIC part       760 MB

                       Distance Matrix (Angstroms)
             C (  1)   C (  2)   Cl(  3)   Cl(  4)   Cl(  5)
   C (  2)  1.339170
   Cl(  3)  1.705632  2.671879
   Cl(  4)  1.705632  2.671879  2.885620
   Cl(  5)  2.671879  1.705632  4.278184  3.158490
   Cl(  6)  2.671879  1.705632  3.158490  4.278184  2.885620
 
 A cutoff of  1.0D-08 yielded   3466 shell pairs
 There are  47748 function pairs ( 66451 Cartesian)
Evaluating contribution to one-electron hamiltonian from nuclear
 Smallest overlap matrix eigenvalue = 9.71E-06

 Q-Chem warning in module mkSTV.C, line 194:

 Overlap eigenvalue is smaller than square root of threshold

 Multipole matrices computed through 2nd order

  Scale SEOQF with 1.000000e-01/1.000000e-01/1.000000e-01

 Standard Electronic Orientation quadrupole field applied
 Nucleus-field energy     =    -0.0000000176 hartrees
 Guess from superposition of atomic densities
 Warning:  Energy on first SCF cycle will be non-variational
 Long-range K will be added via erf
 Coulomb attenuation parameter = 0.1 bohr**(-1)
 An unrestricted Kohn-Sham SCF calculation will be
 performed using Pulay DIIS extrapolation
 Exchange:  wPBE + LR-HF      Correlation:  PBE
 Using SG-1 standard quadrature grid
 SCF converges when DIIS error is below 1.0E-05
 Requested basis set is G3large
 There are 96 shells and 348 basis functions
 A cutoff of  1.0D-08 yielded   3466 shell pairs
 There are  47748 function pairs ( 66451 Cartesian)
 Warning!  Inaccurate integrated density:
   Number of electrons =    79
   Numerical integral  =    80.000163028812
   Relative error      =     1.2660291504 %
 ---------------------------------------
  Cycle       Energy         DIIS Error
 ---------------------------------------
    1   -1917.3423479245      2.02E-02
    2   -1915.8615984840      1.83E-03
    3   -1915.7559787414      3.42E-03
    4   -1915.9168085917      4.63E-04
    5   -1915.9191551201      1.50E-04
    6   -1915.9194483297      1.50E-05
    7   -1915.9194542318      1.01E-05
    8   -1915.9194558226      3.48E-06 Convergence criterion met
 ---------------------------------------
 One-Electron    Energy = -3614.8027331245
 Total Coulomb   Energy =  1325.6355279833
 Alpha Exchange  Energy =    -2.2390479492
 Beta  Exchange  Energy =    -2.1823046555
 DFT   Exchange  Energy =  -115.2255430956
 DFT Correlation Energy =    -3.0490531083
 Nuclear Repu.   Energy =   495.9436981272
 Nuclear Attr.   Energy = -5528.2997706320
 Kinetic         Energy =  1913.4970375075
 <S^2> = 0.7512
 SCF time:  CPU 514.82 s  wall 516.75 s
 Final Alpha MO Eigenvalues
            1           2           3           4           5           6
    1-100.9666010-100.9666008-100.9665105-100.9665103 -10.3134732 -10.3129489
            7           8           9          10          11          12
    1  -9.4845344  -9.4845256  -9.4844559  -9.4844449  -7.3084309  -7.3084293
           13          14          15          16          17          18
    1  -7.3083591  -7.3083570  -7.3006313  -7.3006304  -7.3005596  -7.3005588
           19          20          21          22          23          24
    1  -7.2959313  -7.2959306  -7.2958595  -7.2958590  -1.1707724  -1.1099497
           25          26          27          28          29          30
    1  -1.0687887  -1.0439251  -0.9583626  -0.7906140  -0.7429459  -0.7418625
           31          32          33          34          35          36
    1  -0.6973425  -0.6705874  -0.6180046  -0.5868008  -0.5792630  -0.5734675
           37          38          39          40          41          42
    1  -0.5669734  -0.5654443  -0.5301291  -0.5040082  -0.2504841  -0.2139452
           43          44          45
    1  -0.2004715  -0.1951977  -0.1208271
 Final Beta MO Eigenvalues
            1           2           3           4           5           6
    1-100.9656969-100.9656967-100.9656063-100.9656060 -10.3095605 -10.3090363
            7           8           9          10          11          12
    1  -9.4837497  -9.4837412  -9.4836713  -9.4836594  -7.3080638  -7.3080622
           13          14          15          16          17          18
    1  -7.3079918  -7.3079898  -7.2980274  -7.2980266  -7.2979553  -7.2979544
           19          20          21          22          23          24
    1  -7.2954968  -7.2954961  -7.2954248  -7.2954243  -1.1632370  -1.1057947
           25          26          27          28          29          30
    1  -1.0647851  -1.0395141  -0.9467455  -0.7843638  -0.7387699  -0.7381233
           31          32          33          34          35          36
    1  -0.6781346  -0.6678757  -0.6053618  -0.5842541  -0.5714086  -0.5668020
           37          38          39          40          41          42
    1  -0.5634821  -0.5561869  -0.5278311  -0.3798613  -0.2260547  -0.2096208
           43          44
    1  -0.1934516  -0.1904301
 Analysis of SCF Wavefunction
 
 --------------------------------------------------------------
                    Orbital Energies (a.u.)
 --------------------------------------------------------------
 
 Alpha MOs
 -- Occupied --
*******-100.967-100.967-100.967 -10.313 -10.313  -9.485  -9.485
 -9.484  -9.484  -7.308  -7.308  -7.308  -7.308  -7.301  -7.301
 -7.301  -7.301  -7.296  -7.296  -7.296  -7.296  -1.171  -1.110
 -1.069  -1.044  -0.958  -0.791  -0.743  -0.742  -0.697  -0.671
 -0.618  -0.587  -0.579  -0.573  -0.567  -0.565  -0.530  -0.504
 -- Virtual --
 -0.250  -0.214  -0.200  -0.195  -0.121  -0.083  -0.072  -0.068
 -0.061  -0.051  -0.028  -0.025  -0.025  -0.022  -0.008  -0.005
  0.008   0.010   0.013   0.014   0.016   0.019   0.021   0.023
  0.052   0.056   0.058   0.059   0.075   0.107   0.108   0.131
  0.131   0.131   0.134   0.139   0.147   0.149   0.165   0.169
  0.189   0.202   0.219   0.232   0.244   0.271   0.279   0.287
  0.298   0.318   0.334   0.341   0.345   0.346   0.372   0.378
  0.394   0.405   0.433   0.433   0.434   0.445   0.453   0.531
  0.545   0.546   0.561   0.580   0.593   0.598   0.642   0.703
  0.706   0.721   0.760   0.765   0.775   0.784   0.788   0.803
  0.817   0.824   0.841   0.849   0.854   0.875   0.876   0.885
  0.889   0.893   0.907   0.910   0.917   0.921   0.924   0.929
  0.957   0.963   0.963   0.983   1.016   1.017   1.039   1.065
  1.071   1.088   1.158   1.185   1.187   1.195   1.214   1.250
  1.251   1.315   1.324   1.335   1.356   1.383   1.393   1.428
  1.432   1.462   1.465   1.466   1.525   1.538   1.549   1.605
  1.620   1.624   1.787   1.888   1.899   1.909   1.965   1.988
  2.046   2.057   2.078   2.146   2.215   2.250   2.347   2.358
  2.429   2.534   2.548   2.554   2.713   2.719   2.815   2.817
  2.870   2.993   2.995   3.002   3.062   3.114   3.151   3.178
  3.208   3.213   3.285   3.302   3.331   3.347   3.442   3.611
  3.667   3.688   3.985   3.994   4.032   4.037   4.038   4.053
  4.062   4.066   4.069   4.115   4.119   4.123   4.132   4.159
  4.159   4.180   4.183   4.191   4.192   4.206   4.247   4.278
  4.286   4.302   4.308   4.312   4.349   4.356   4.422   4.460
  4.632   4.701   4.726   4.746   4.761   4.769   4.778   4.786
  4.844   4.858   4.885   4.902   4.944   4.976   5.012   5.026
  5.158   5.239   5.379   5.527   5.802   5.810   9.444   9.572
  9.619   9.754  20.161  20.169  20.183  20.215  20.215  20.248
 20.255  20.304  20.411  20.497  20.545  20.574  23.174  24.037
 26.695  26.699  26.707  26.739  26.745  26.750  26.754  26.759
 26.773  26.786  26.790  26.800  26.800  26.824  26.825  26.835
 26.836  26.877  26.910  26.944  26.959  27.025  27.733  27.756
 27.847  27.962  36.400  36.401  36.403  36.403  36.404  36.404
 36.404  36.407  36.413  36.414  36.414  36.414  36.416  36.416
 36.416  36.417  36.418  36.419  36.423  36.424  36.426  36.434
 36.435  36.436  36.440  36.440  36.445  36.454  40.321  40.379
 40.416  40.624  40.627  40.674  40.712  40.721  40.740  40.800
215.313 215.454 215.491 215.665
 
 Beta MOs
 -- Occupied --
*******-100.966-100.966-100.966 -10.310 -10.309  -9.484  -9.484
 -9.484  -9.484  -7.308  -7.308  -7.308  -7.308  -7.298  -7.298
 -7.298  -7.298  -7.295  -7.295  -7.295  -7.295  -1.163  -1.106
 -1.065  -1.040  -0.947  -0.784  -0.739  -0.738  -0.678  -0.668
 -0.605  -0.584  -0.571  -0.567  -0.563  -0.556  -0.528
 -- Virtual --
 -0.380  -0.226  -0.210  -0.193  -0.190  -0.118  -0.080  -0.071
 -0.067  -0.059  -0.049  -0.027  -0.023  -0.023  -0.020  -0.007
 -0.004   0.012   0.013   0.015   0.015   0.017   0.022   0.023
  0.029   0.053   0.060   0.061   0.061   0.077   0.108   0.112
  0.132   0.133   0.135   0.135   0.141   0.152   0.154   0.171
  0.177   0.192   0.205   0.224   0.232   0.254   0.279   0.283
  0.289   0.303   0.319   0.338   0.342   0.347   0.351   0.376
  0.381   0.398   0.421   0.435   0.435   0.443   0.447   0.454
  0.538   0.546   0.550   0.565   0.589   0.601   0.608   0.645
  0.707   0.709   0.723   0.765   0.768   0.780   0.788   0.794
  0.806   0.822   0.830   0.844   0.854   0.859   0.878   0.879
  0.890   0.895   0.899   0.910   0.915   0.924   0.924   0.930
  0.935   0.961   0.965   0.968   0.988   1.019   1.025   1.043
  1.071   1.073   1.094   1.163   1.189   1.191   1.199   1.219
  1.253   1.260   1.317   1.334   1.342   1.359   1.391   1.402
  1.434   1.436   1.466   1.467   1.472   1.528   1.548   1.552
  1.607   1.625   1.627   1.794   1.890   1.908   1.918   1.973
  1.990   2.055   2.058   2.080   2.147   2.218   2.253   2.348
  2.359   2.454   2.560   2.567   2.573   2.730   2.731   2.828
  2.831   2.885   2.996   3.001   3.011   3.078   3.136   3.153
  3.193   3.215   3.219   3.301   3.314   3.340   3.368   3.461
  3.614   3.683   3.693   3.987   3.997   4.041   4.046   4.046
  4.060   4.070   4.076   4.077   4.121   4.127   4.133   4.137
  4.164   4.165   4.185   4.192   4.196   4.200   4.215   4.249
  4.286   4.294   4.306   4.310   4.329   4.350   4.356   4.425
  4.463   4.634   4.703   4.728   4.748   4.764   4.771   4.781
  4.789   4.847   4.861   4.888   4.904   4.947   4.980   5.013
  5.026   5.159   5.239   5.381   5.529   5.804   5.813   9.446
  9.574   9.621   9.756  20.165  20.173  20.187  20.215  20.220
 20.248  20.256  20.305  20.412  20.497  20.545  20.574  23.179
 24.042  26.697  26.701  26.714  26.742  26.748  26.752  26.755
 26.761  26.775  26.788  26.790  26.800  26.802  26.824  26.827
 26.836  26.837  26.884  26.910  26.945  26.960  27.036  27.736
 27.758  27.849  27.964  36.401  36.401  36.403  36.404  36.404
 36.405  36.405  36.408  36.414  36.415  36.415  36.415  36.416
 36.417  36.417  36.418  36.419  36.420  36.424  36.424  36.427
 36.434  36.435  36.436  36.440  36.440  36.446  36.454  40.329
 40.383  40.426  40.633  40.636  40.683  40.713  40.730  40.743
 40.801 215.314 215.455 215.492 215.666
 --------------------------------------------------------------
 
          Ground-State Mulliken Net Atomic Charges

     Atom                 Charge (a.u.)    Spin (a.u.)
  --------------------------------------------------------
      1 C                     0.668383       0.221630
      2 C                     0.667894       0.221646
      3 Cl                   -0.083852       0.139140
      4 Cl                   -0.084396       0.139219
      5 Cl                   -0.083620       0.139144
      6 Cl                   -0.084409       0.139222
  --------------------------------------------------------
  Sum of atomic charges =     1.000000
  Sum of spin   charges =     1.000000

 -----------------------------------------------------------------
                    Cartesian Multipole Moments
 -----------------------------------------------------------------
    Charge (ESU x 10^10)
                 4.8032
    Dipole Moment (Debye)
         X       0.0000      Y       0.0000      Z       3.2345
       Tot       3.2345
    Quadrupole Moments (Debye-Ang)
        XX     -43.5321     XY      -0.0016     YY     -56.4191
        XZ       0.0033     YZ      -0.0013     ZZ     -41.1003
    Octapole Moments (Debye-Ang^2)
       XXX      -0.0001    XXY       0.0000    XYY       0.0000
       YYY       0.0000    XXZ     -29.3153    XYZ      -0.0011
       YYZ     -37.9935    XZZ       0.0045    YZZ      -0.0018
       ZZZ     -85.9664
    Hexadecapole Moments (Debye-Ang^3)
      XXXX    -566.6143   XXXY      -0.0145   XXYY    -114.7234
      XYYY      -0.0017   YYYY     -58.4630   XXXZ       0.0094
      XXYZ      -0.0002   XYYZ       0.0004   YYYZ      -0.0013
      XXZZ    -188.3767   XYZZ       0.0009   YYZZ    -164.1295
      XZZZ       0.0143   YZZZ      -0.0136   ZZZZ    -847.3762
 -----------------------------------------------------------------
 Total job time:  517.35s(wall), 515.39s(cpu) 
 Tue Mar 18 15:01:52 2014

        *************************************************************
        *                                                           *
        *  Thank you very much for using Q-Chem.  Have a nice day.  *
        *                                                           *
        *************************************************************


0 sent ACK to 0 
now end server 0 ... 
