Process 0 of 1 is on cl147.stfx.acenet.ca - thread support 1
initial socket setup ...start
initial socket setup ...done 
now start server 0 ... 

cmd = /usr/bin/ssh clhead /usr/local/qchem/bin/get_hostid 798295525 > /scratch/tmp/6027743.1.medium.q/qchem32101/lic.dat
                  Welcome to Q-Chem
     A Quantum Leap Into The Future Of Chemistry

 Y. Shao, L. Fusti-Molnar, Y. Jung, J. Kussmann, C. Ochsenfeld,
 S. T. Brown, A. T. B. Gilbert, L. V. Slipchenko,S. V. Levchenko,
 D. P. O'Neill, R. A. DiStasio Jr., R. C. Lochan, T. Wang,
 G. J. O. Beran, N. A. Besley, J. M. Herbert, C. Y. Lin,
 T. Van Voorhis, S. H. Chien, A. Sodt, R. P. Steele, 
 V. A. Rassolov, P. E. Maslen, P. P. Korambath, R. D. Adamson,
 B. Austin, J. Baker, E. F. C. Byrd, H. Dachsel, R. J. Doerksen,
 A. Dreuw, B. D. Dunietz, A. D. Dutoi, T. R. Furlani,
 S. R. Gwaltney, A. Heyden, S. Hirata, C.-P. Hsu, G. Kedziora,
 R. Z. Khaliullin, P. Klunzinger, A. M. Lee, M. S. Lee, W. Liang,
 I. Lotan, N. Nair, B. Peters, E. I. Proynov, P. A. Pieniazek, 
 Y. M. Rhee, J. Ritchie, E. Rosta, C. D. Sherrill, 
 A. C. Simmonett, J. E. Subotnik, H. L. Woodcock III,
 W. Zhang, A. T. Bell, A. K. Chakraborty, D. M. Chipman,
 F. J. Keil, A. Warshel, W. J. Hehre, H. F. Schaefer III,
 J. Kong, A. I. Krylov, P. M. W. Gill, M. Head-Gordon,
 Q-Chem, Version 3.1, Q-Chem, Inc., Pittsburgh, PA (2007).

 Additional authors for Version 3.1: 
 Z. Gan, Y. Zhao, N. E. Schultz, D. Truhlar, E. Epifanovsky and M. Oana.

 Additional authors for Version 3.2: 
 R. Baer, B. R. Brooks, D. Casanova, J.-D. Chai, C.-L. Cheng, 
 C. Cramer, D. Crittenden, A. Ghysels, G. Hawkins, E. G. Hohenstein, 
 C. Kelley, W. Kurlancheek, D. Liotard, E. Livshits, P. Manohar, 
 A. Marenich, D. Neuhauser, R. Olson, M. A. Rohrdanz, K. S. Thanthiriwatte, 
 A. J. W. Thom, V. Vanovschi, C. F. Williams, Q. Wu and Z.-Q. You. 


 Intel X86 Linux Version

 Q-chem begins on Mon Jun  3 17:03:51 2013  

 Parallel job on  1  processors
Processing $rem in /usr/local/qchem/config/preferences.

theFileMan(): MAXOPENFILES=974 MAX_SUB_FILE_NUM=16
Maximum size of a physical file is 2.0 GB, maximum size of a tmp-file is 32.0 GB


--------------------------------------------------------------
User input:
--------------------------------------------------------------

$molecule
-1,2
O
C1,O,r1
H1,C1,r2,O,a1
H,O,roh,C1,aoh,H1,toh,0
C2,C1,r3a,O,a2a,H1,t1a,0
C3,C1,r3b,O,a2b,H1,-t1b,0
H,C2,r4a,C1,a4a,H1,t2a,0
H,C3,r5a,C1,a5a,H1,-t2b,0
H,C2,r4b,C1,a4b,H1,t3a,0
H,C3,r5b,C1,a5b,H1,-t3b,0
H,C2,r4c,C1,a4c,H1,-t4a,0
H,C3,r5c,C1,a5c,H1,t4b,0

r1=1.43111827
r2=1.9557364
roh=2.07916264
r3a=1.52393712
r3b=1.53017411
r4a=1.09587708
r5a=1.09583825
r4b=1.09448657
r5b=1.09801539
r4c=1.0954512
r5c=1.0964078
a1=28.22171182
aoh=30.02045037
a2a=106.21524706
a2b=111.13113306
a4a=110.2041443
a5a=110.24366741
a4b=110.29321839
a5b=111.03931704
a4c=110.82961388
a5c=111.23833611
toh=-62.32359188
t1a=179.44473237
t1b=57.80032287
t2a=63.0172795
t2b=83.272013
t3a=-56.37337218
t3b=-36.4963859
t4a=176.72748761
t4b=156.21533884

$end

$comment
negative
$end

$xc_functional
C PBE   1.00
X wPBE  1.00
$end

$rem
SYMMETRY_DECOMPOSITION	0
exchange 		general
LRC_DFT                 true
BASIS                   g3large
omega			990
mem_static              760
max_scf_cycles          200
scf_final_print         1
sym_ignore              true
$end

--------------------------------------------------------------
 Writing REM_CC_EA           12
 ----------------------------------------------------
       Standard Nuclear Orientation (Angstroms)
    I     Atom         X            Y            Z
 ----------------------------------------------------
    1      O       0.000000     0.000000     0.000000
    2      C       0.000000     0.000000     1.431118
    3      H       0.924838     0.000000    -0.292129
    4      H       0.483161     0.921207     1.800236
    5      C      -1.463245     0.014181     1.856673
    6      C       0.760558    -1.207760     1.982752
    7      H      -1.967442    -0.894454     1.508657
    8      H       0.298586    -2.138301     1.634130
    9      H      -1.976608     0.877600     1.422084
   10      H       1.806714    -1.200668     1.649367
   11      H      -1.551233     0.066921     2.947310
   12      H       0.763328    -1.208441     3.079156
 ----------------------------------------------------
 Nuclear Repulsion Energy =   134.3979926221 hartrees
 There are       18 alpha and       17 beta electrons
 Requested basis set is G3large
 There are 88 shells and 248 basis functions

Total QAlloc Memory Limit   2000 MB
Mega-Array Size       743 MB
MEM_STATIC part       760 MB

                       Distance Matrix (Angstroms)
             O (  1)   C (  2)   H (  3)   H (  4)   C (  5)   C (  6)
   C (  2)  1.431118
   H (  3)  0.969878  1.955736
   H (  4)  2.079163  1.103773  2.328453
   C (  5)  2.364005  1.523937  3.212552  2.148110
   C (  6)  2.443039  1.530174  2.580844  2.154707  2.540539
   H (  7)  2.635701  2.162611  3.522521  3.063836  1.095877  2.786558
   H (  8)  2.707742  2.168571  2.945335  3.069568  2.790476  1.095838
   H (  9)  2.588336  2.162693  3.482398  2.489048  1.094487  3.486424
   H ( 10)  2.725111  2.180241  2.447185  2.505376  3.494491  1.098015
   H ( 11)  3.331282  2.170171  4.077912  2.486833  1.095451  2.810617
   H ( 12)  3.394731  2.181519  3.584965  2.499906  2.819024  1.096408
             H (  7)   H (  8)   H (  9)   H ( 10)   H ( 11)
   H (  8)  2.588007
   H (  9)  1.774192  3.783799
   H ( 10)  3.789170  1.775904  4.322543
   H ( 11)  1.779661  3.163745  1.778892  3.816706
   H ( 12)  3.165779  1.780091  3.821610  1.770031  2.645964
 
 A cutoff of  1.0D-08 yielded   3639 shell pairs
 There are  28920 function pairs ( 34904 Cartesian)
Evaluating contribution to one-electron hamiltonian from nuclear
 Smallest overlap matrix eigenvalue = 4.89E-05

 Q-Chem warning in module mkSTV.C, line 194:

 Overlap eigenvalue is smaller than square root of threshold

 Multipole matrices computed through 2nd order

  Scale SEOQF with 1.000000e-01/1.000000e-01/1.000000e-01

 Standard Electronic Orientation quadrupole field applied
 Nucleus-field energy     =    -0.0000000069 hartrees
 Guess from superposition of atomic densities
 Warning:  Energy on first SCF cycle will be non-variational
 Long-range K will be added via erf
 Coulomb attenuation parameter = 0.99 bohr**(-1)
 An unrestricted Kohn-Sham SCF calculation will be
 performed using Pulay DIIS extrapolation
 Exchange:  wPBE + LR-HF      Correlation:  PBE
 Using SG-1 standard quadrature grid
 SCF converges when DIIS error is below 1.0E-05
 Requested basis set is G3large
 There are 88 shells and 248 basis functions
 A cutoff of  1.0D-08 yielded   3639 shell pairs
 There are  28920 function pairs ( 34904 Cartesian)
 Warning!  Inaccurate integrated density:
   Number of electrons =    35
   Numerical integral  =    34.000227111547
   Relative error      =    -2.8564939670 %
 ---------------------------------------
  Cycle       Energy         DIIS Error
 ---------------------------------------
    1    -195.3634862028      2.84E-02
    2    -194.1337218324      3.68E-03
    3    -194.2412943356      2.21E-03
    4    -194.2715291677      5.13E-04
    5    -194.2759943521      1.73E-04
    6    -194.2769388672      5.75E-05
    7    -194.2772880849      2.82E-05
    8    -194.2775095733      2.01E-05
    9    -194.2776774027      1.41E-05
   10    -194.2777985054      6.68E-06 Convergence criterion met
 ---------------------------------------
 One-Electron    Energy =  -533.4935283098
 Total Coulomb   Energy =   232.7010966067
 Alpha Exchange  Energy =    -6.3770892911
 Beta  Exchange  Energy =    -6.3001455525
 DFT   Exchange  Energy =   -14.0886871861
 DFT Correlation Energy =    -1.1174373878
 Nuclear Repu.   Energy =   134.3979926152
 Nuclear Attr.   Energy =  -726.7340931190
 Kinetic         Energy =   193.2405648092
 <S^2> = 0.7501
 SCF time:  CPU 273.68 s  wall 274.45 s
 Final Alpha MO Eigenvalues
            1           2           3           4           5           6
    1 -19.1160239 -10.3376535 -10.2797137 -10.2645674  -1.1930658  -0.9195078
            7           8           9          10          11          12
    1  -0.8230880  -0.6865101  -0.5861511  -0.5204281  -0.4965462  -0.4401547
           13          14          15          16          17          18
    1  -0.4375175  -0.4225096  -0.4027908  -0.3664586  -0.3243049   0.0269525
           19          20          21          22          23
    1   0.1315004   0.1402699   0.1439954   0.1690056   0.1757526
 Final Beta MO Eigenvalues
            1           2           3           4           5           6
    1 -19.1158238 -10.3374267 -10.2796607 -10.2641379  -1.1921461  -0.9185436
            7           8           9          10          11          12
    1  -0.8217402  -0.6850754  -0.5846562  -0.5189339  -0.4962136  -0.4398494
           13          14          15          16          17          18
    1  -0.4373322  -0.4221954  -0.4022770  -0.3658773  -0.3234799   0.1322016
           19          20          21          22
    1   0.1498849   0.1539332   0.1579008   0.1736898
 Analysis of SCF Wavefunction
 
 --------------------------------------------------------------
                    Orbital Energies (a.u.)
 --------------------------------------------------------------
 
 Alpha MOs
 -- Occupied --
-19.116 -10.338 -10.280 -10.265  -1.193  -0.920  -0.823  -0.687
 -0.586  -0.520  -0.497  -0.440  -0.438  -0.423  -0.403  -0.366
 -0.324   0.027
 -- Virtual --
  0.132   0.140   0.144   0.169   0.176   0.179   0.188   0.238
  0.244   0.267   0.277   0.278   0.282   0.284   0.298   0.304
  0.308   0.328   0.345   0.378   0.396   0.413   0.421   0.436
  0.441   0.468   0.482   0.485   0.497   0.504   0.521   0.551
  0.569   0.590   0.646   0.665   0.699   0.722   0.737   0.743
  0.789   0.811   0.818   0.829   0.830   0.840   0.852   0.882
  0.891   0.907   0.914   0.936   0.948   0.975   1.015   1.064
  1.080   1.131   1.136   1.180   1.209   1.231   1.251   1.275
  1.314   1.347   1.360   1.390   1.411   1.427   1.448   1.467
  1.480   1.507   1.520   1.560   1.585   1.597   1.611   1.625
  1.634   1.651   1.674   1.704   1.750   1.763   1.776   1.794
  1.807   1.848   1.857   1.890   1.910   1.919   1.961   1.964
  2.107   2.215   2.392   2.425   2.634   2.686   2.753   2.875
  2.901   2.941   2.944   3.013   3.060   3.082   3.177   3.200
  3.218   3.245   3.293   3.315   3.321   3.360   3.393   3.484
  3.503   3.537   3.542   3.576   3.606   3.666   3.699   3.710
  3.720   3.744   3.794   3.823   3.906   3.927   3.934   3.960
  3.979   4.030   4.072   4.087   4.128   4.154   4.194   4.214
  4.253   4.289   4.368   4.370   4.385   4.398   4.432   4.500
  4.534   4.579   4.587   4.604   4.613   4.633   4.677   4.705
  4.719   4.727   4.813   4.835   4.872   4.941   4.965   4.997
  5.005   5.048   5.110   5.232   5.506   5.593   5.643   5.699
  5.783   5.809   5.903   5.947   5.988   6.043   6.064   6.088
  6.107   6.262   6.347   6.867   7.444   7.592   7.680   7.726
  8.013   8.130  24.566  24.674  24.776  28.006  28.177  28.481
 28.521  28.551  28.572  28.587  28.770  28.879  41.369  41.419
 41.432  41.438  41.470  41.473  41.563  41.593  41.608  41.623
 41.626  41.651  41.655  41.692  41.724  44.294  44.324  44.367
 44.409  44.476  46.160  46.474  46.847  50.377
 
 Beta MOs
 -- Occupied --
-19.116 -10.337 -10.280 -10.264  -1.192  -0.919  -0.822  -0.685
 -0.585  -0.519  -0.496  -0.440  -0.437  -0.422  -0.402  -0.366
 -0.323
 -- Virtual --
  0.132   0.150   0.154   0.158   0.174   0.183   0.186   0.194
  0.238   0.244   0.264   0.276   0.277   0.281   0.286   0.298
  0.306   0.309   0.327   0.344   0.379   0.395   0.413   0.420
  0.434   0.440   0.466   0.481   0.485   0.495   0.503   0.518
  0.550   0.567   0.588   0.645   0.663   0.698   0.721   0.736
  0.742   0.787   0.810   0.817   0.828   0.829   0.837   0.853
  0.880   0.890   0.905   0.913   0.936   0.946   0.975   1.015
  1.064   1.080   1.131   1.136   1.180   1.208   1.231   1.250
  1.275   1.314   1.347   1.360   1.390   1.411   1.427   1.448
  1.467   1.480   1.507   1.520   1.560   1.585   1.597   1.611
  1.625   1.634   1.650   1.674   1.704   1.750   1.762   1.776
  1.794   1.806   1.848   1.856   1.890   1.910   1.919   1.961
  1.964   2.107   2.215   2.392   2.425   2.635   2.686   2.753
  2.875   2.901   2.941   2.944   3.013   3.060   3.082   3.177
  3.200   3.218   3.245   3.293   3.315   3.321   3.360   3.393
  3.484   3.504   3.537   3.543   3.576   3.606   3.666   3.700
  3.711   3.720   3.744   3.795   3.823   3.906   3.928   3.934
  3.960   3.979   4.030   4.072   4.088   4.128   4.154   4.194
  4.214   4.253   4.289   4.368   4.370   4.385   4.398   4.432
  4.500   4.534   4.579   4.587   4.604   4.613   4.633   4.677
  4.705   4.719   4.727   4.813   4.835   4.872   4.941   4.965
  4.998   5.005   5.048   5.110   5.232   5.506   5.593   5.644
  5.699   5.783   5.809   5.903   5.948   5.989   6.043   6.064
  6.088   6.107   6.263   6.347   6.867   7.444   7.592   7.680
  7.727   8.013   8.130  24.566  24.674  24.776  28.006  28.178
 28.481  28.521  28.551  28.572  28.587  28.771  28.879  41.369
 41.420  41.432  41.438  41.470  41.473  41.564  41.593  41.608
 41.623  41.626  41.651  41.655  41.692  41.725  44.295  44.324
 44.367  44.409  44.477  46.160  46.474  46.847  50.377
 --------------------------------------------------------------
 
          Ground-State Mulliken Net Atomic Charges

     Atom                 Charge (a.u.)    Spin (a.u.)
  --------------------------------------------------------
      1 O                    -0.413572       0.068542
      2 C                     0.111168      -0.050944
      3 H                    -0.177502       0.457453
      4 H                    -0.873775       0.953451
      5 C                     0.477584      -0.748139
      6 C                     2.156891      -2.413202
      7 H                     0.067675       0.007412
      8 H                    -0.210279       0.288125
      9 H                    -0.085477       0.168463
     10 H                    -1.605461       1.694928
     11 H                    -0.075670       0.140450
     12 H                    -0.371582       0.433462
  --------------------------------------------------------
  Sum of atomic charges =    -1.000000
  Sum of spin   charges =     1.000000

 -----------------------------------------------------------------
                    Cartesian Multipole Moments
 -----------------------------------------------------------------
    Charge (ESU x 10^10)
                -4.8032
    Dipole Moment (Debye)
         X      -7.9788      Y       0.7576      Z      -6.3527
       Tot      10.2271
    Quadrupole Moments (Debye-Ang)
        XX     -65.8204     XY       4.6462     YY     -49.7476
        XZ     -12.2126     YZ       0.4518     ZZ     -62.7215
    Octapole Moments (Debye-Ang^2)
       XXX    -122.3185    XXY      27.1638    XYY     -33.9345
       YYY      40.7441    XXZ     -95.5277    XYZ       5.5347
       YYZ     -76.0810    XZZ     -48.1915    YZZ      15.7884
       ZZZ    -252.5551
    Hexadecapole Moments (Debye-Ang^3)
      XXXX    -854.2789   XXXY     121.4119   XXYY    -208.4448
      XYYY      77.7127   YYYY    -408.6398   XXXZ    -151.1963
      XXYZ      41.7084   XYYZ     -43.5330   YYYZ      72.8111
      XXZZ    -347.5371   XYZZ      33.1748   YYZZ    -267.1708
      XZZZ    -144.0268   YZZZ      85.1784   ZZZZ   -1216.2431
 -----------------------------------------------------------------
 Total job time:  274.80s(wall), 274.02s(cpu) 
 Mon Jun  3 17:08:26 2013

        *************************************************************
        *                                                           *
        *  Thank you very much for using Q-Chem.  Have a nice day.  *
        *                                                           *
        *************************************************************


0 sent ACK to 0 
now end server 0 ... 
 
**********************************************************************
Job 2 of 3 
**********************************************************************
 
Process 0 of 1 is on cl147.stfx.acenet.ca - thread support 1
initial socket setup ...start
initial socket setup ...done 
now start server 0 ... 

cmd = /usr/bin/ssh clhead /usr/local/qchem/bin/get_hostid 1075898073 > /scratch/tmp/6027743.1.medium.q/qchem32101/lic.dat
                  Welcome to Q-Chem
     A Quantum Leap Into The Future Of Chemistry

 Y. Shao, L. Fusti-Molnar, Y. Jung, J. Kussmann, C. Ochsenfeld,
 S. T. Brown, A. T. B. Gilbert, L. V. Slipchenko,S. V. Levchenko,
 D. P. O'Neill, R. A. DiStasio Jr., R. C. Lochan, T. Wang,
 G. J. O. Beran, N. A. Besley, J. M. Herbert, C. Y. Lin,
 T. Van Voorhis, S. H. Chien, A. Sodt, R. P. Steele, 
 V. A. Rassolov, P. E. Maslen, P. P. Korambath, R. D. Adamson,
 B. Austin, J. Baker, E. F. C. Byrd, H. Dachsel, R. J. Doerksen,
 A. Dreuw, B. D. Dunietz, A. D. Dutoi, T. R. Furlani,
 S. R. Gwaltney, A. Heyden, S. Hirata, C.-P. Hsu, G. Kedziora,
 R. Z. Khaliullin, P. Klunzinger, A. M. Lee, M. S. Lee, W. Liang,
 I. Lotan, N. Nair, B. Peters, E. I. Proynov, P. A. Pieniazek, 
 Y. M. Rhee, J. Ritchie, E. Rosta, C. D. Sherrill, 
 A. C. Simmonett, J. E. Subotnik, H. L. Woodcock III,
 W. Zhang, A. T. Bell, A. K. Chakraborty, D. M. Chipman,
 F. J. Keil, A. Warshel, W. J. Hehre, H. F. Schaefer III,
 J. Kong, A. I. Krylov, P. M. W. Gill, M. Head-Gordon,
 Q-Chem, Version 3.1, Q-Chem, Inc., Pittsburgh, PA (2007).

 Additional authors for Version 3.1: 
 Z. Gan, Y. Zhao, N. E. Schultz, D. Truhlar, E. Epifanovsky and M. Oana.

 Additional authors for Version 3.2: 
 R. Baer, B. R. Brooks, D. Casanova, J.-D. Chai, C.-L. Cheng, 
 C. Cramer, D. Crittenden, A. Ghysels, G. Hawkins, E. G. Hohenstein, 
 C. Kelley, W. Kurlancheek, D. Liotard, E. Livshits, P. Manohar, 
 A. Marenich, D. Neuhauser, R. Olson, M. A. Rohrdanz, K. S. Thanthiriwatte, 
 A. J. W. Thom, V. Vanovschi, C. F. Williams, Q. Wu and Z.-Q. You. 


 Intel X86 Linux Version

 Q-chem begins on Mon Jun  3 17:08:29 2013  

 Parallel job on  1  processors
Processing $rem in /usr/local/qchem/config/preferences.

theFileMan(): MAXOPENFILES=974 MAX_SUB_FILE_NUM=16
Maximum size of a physical file is 2.0 GB, maximum size of a tmp-file is 32.0 GB


--------------------------------------------------------------
User input:
--------------------------------------------------------------

$molecule
0,1
O
C1,O,r1
H1,C1,r2,O,a1
H,O,roh,C1,aoh,H1,toh,0
C2,C1,r3a,O,a2a,H1,t1a,0
C3,C1,r3b,O,a2b,H1,-t1b,0
H,C2,r4a,C1,a4a,H1,t2a,0
H,C3,r5a,C1,a5a,H1,-t2b,0
H,C2,r4b,C1,a4b,H1,t3a,0
H,C3,r5b,C1,a5b,H1,-t3b,0
H,C2,r4c,C1,a4c,H1,-t4a,0
H,C3,r5c,C1,a5c,H1,t4b,0

r1=1.43111827
r2=1.9557364
roh=2.07916264
r3a=1.52393712
r3b=1.53017411
r4a=1.09587708
r5a=1.09583825
r4b=1.09448657
r5b=1.09801539
r4c=1.0954512
r5c=1.0964078
a1=28.22171182
aoh=30.02045037
a2a=106.21524706
a2b=111.13113306
a4a=110.2041443
a5a=110.24366741
a4b=110.29321839
a5b=111.03931704
a4c=110.82961388
a5c=111.23833611
toh=-62.32359188
t1a=179.44473237
t1b=57.80032287
t2a=63.0172795
t2b=83.272013
t3a=-56.37337218
t3b=-36.4963859
t4a=176.72748761
t4b=156.21533884

$end

$comment
neutral
$end

$xc_functional
C PBE   1.00
X wPBE  1.00
$end


$rem
SYMMETRY_DECOMPOSITION	0
LRC_DFT                 true
exchange 		general
BASIS                   g3large
omega			990
mem_static              760
max_scf_cycles          200
scf_final_print         1
sym_ignore              true
$end

--------------------------------------------------------------
 Writing REM_CC_EA           12
 ----------------------------------------------------
       Standard Nuclear Orientation (Angstroms)
    I     Atom         X            Y            Z
 ----------------------------------------------------
    1      O       0.000000     0.000000     0.000000
    2      C       0.000000     0.000000     1.431118
    3      H       0.924838     0.000000    -0.292129
    4      H       0.483161     0.921207     1.800236
    5      C      -1.463245     0.014181     1.856673
    6      C       0.760558    -1.207760     1.982752
    7      H      -1.967442    -0.894454     1.508657
    8      H       0.298586    -2.138301     1.634130
    9      H      -1.976608     0.877600     1.422084
   10      H       1.806714    -1.200668     1.649367
   11      H      -1.551233     0.066921     2.947310
   12      H       0.763328    -1.208441     3.079156
 ----------------------------------------------------
 Nuclear Repulsion Energy =   134.3979926221 hartrees
 There are       17 alpha and       17 beta electrons
 Requested basis set is G3large
 There are 88 shells and 248 basis functions

Total QAlloc Memory Limit   2000 MB
Mega-Array Size       743 MB
MEM_STATIC part       760 MB

                       Distance Matrix (Angstroms)
             O (  1)   C (  2)   H (  3)   H (  4)   C (  5)   C (  6)
   C (  2)  1.431118
   H (  3)  0.969878  1.955736
   H (  4)  2.079163  1.103773  2.328453
   C (  5)  2.364005  1.523937  3.212552  2.148110
   C (  6)  2.443039  1.530174  2.580844  2.154707  2.540539
   H (  7)  2.635701  2.162611  3.522521  3.063836  1.095877  2.786558
   H (  8)  2.707742  2.168571  2.945335  3.069568  2.790476  1.095838
   H (  9)  2.588336  2.162693  3.482398  2.489048  1.094487  3.486424
   H ( 10)  2.725111  2.180241  2.447185  2.505376  3.494491  1.098015
   H ( 11)  3.331282  2.170171  4.077912  2.486833  1.095451  2.810617
   H ( 12)  3.394731  2.181519  3.584965  2.499906  2.819024  1.096408
             H (  7)   H (  8)   H (  9)   H ( 10)   H ( 11)
   H (  8)  2.588007
   H (  9)  1.774192  3.783799
   H ( 10)  3.789170  1.775904  4.322543
   H ( 11)  1.779661  3.163745  1.778892  3.816706
   H ( 12)  3.165779  1.780091  3.821610  1.770031  2.645964
 
 A cutoff of  1.0D-08 yielded   3639 shell pairs
 There are  28920 function pairs ( 34904 Cartesian)
Evaluating contribution to one-electron hamiltonian from nuclear
 Smallest overlap matrix eigenvalue = 4.89E-05

 Q-Chem warning in module mkSTV.C, line 194:

 Overlap eigenvalue is smaller than square root of threshold

 Multipole matrices computed through 2nd order

  Scale SEOQF with 1.000000e-01/1.000000e-01/1.000000e-01

 Standard Electronic Orientation quadrupole field applied
 Nucleus-field energy     =    -0.0000000069 hartrees
 Guess from superposition of atomic densities
 Warning:  Energy on first SCF cycle will be non-variational
 Long-range K will be added via erf
 Coulomb attenuation parameter = 0.99 bohr**(-1)
 A restricted Kohn-Sham SCF calculation will be
 performed using Pulay DIIS extrapolation
 Exchange:  wPBE + LR-HF      Correlation:  PBE
 Using SG-1 standard quadrature grid
 SCF converges when DIIS error is below 1.0E-05
 Requested basis set is G3large
 There are 88 shells and 248 basis functions
 A cutoff of  1.0D-08 yielded   3639 shell pairs
 There are  28920 function pairs ( 34904 Cartesian)
 ---------------------------------------
  Cycle       Energy         DIIS Error
 ---------------------------------------
    1    -195.3634862028      2.84E-02
    2    -194.1998612148      3.54E-03
    3    -194.2872382158      1.91E-03
    4    -194.3068836419      5.21E-04
    5    -194.3091449337      1.37E-04
    6    -194.3093601871      3.74E-05
    7    -194.3093754770      9.29E-06 Convergence criterion met
 ---------------------------------------
 One-Electron    Energy =  -529.1155158889
 Total Coulomb   Energy =   228.2126041166
 Alpha Exchange  Energy =    -6.3038849918
 Beta  Exchange  Energy =    -6.3038849918
 DFT   Exchange  Energy =   -14.0866239326
 DFT Correlation Energy =    -1.1100624037
 Nuclear Repu.   Energy =   134.3979926152
 Nuclear Attr.   Energy =  -722.2969646083
 Kinetic         Energy =   193.1814487194
 SCF time:  CPU 147.28 s  wall 147.78 s
 Final Alpha MO Eigenvalues
            1           2           3           4           5           6
    1 -19.2495917 -10.4702709 -10.4040711 -10.3964432  -1.3259272  -1.0481068
            7           8           9          10          11          12
    1  -0.9511061  -0.8152055  -0.7172760  -0.6496320  -0.6284053  -0.5702741
           13          14          15          16          17          18
    1  -0.5574988  -0.5513810  -0.5333989  -0.4965229  -0.4566491   0.0383032
           19          20          21          22
    1   0.0553898   0.0580004   0.0630764   0.0834083
 Analysis of SCF Wavefunction
 
 --------------------------------------------------------------
                    Orbital Energies (a.u.)
 --------------------------------------------------------------
 
 Alpha MOs
 -- Occupied --
-19.250 -10.470 -10.404 -10.396  -1.326  -1.048  -0.951  -0.815
 -0.717  -0.650  -0.628  -0.570  -0.557  -0.551  -0.533  -0.497
 -0.457
 -- Virtual --
  0.038   0.055   0.058   0.063   0.083   0.086   0.093   0.098
  0.136   0.145   0.163   0.171   0.175   0.178   0.183   0.191
  0.199   0.203   0.227   0.235   0.265   0.278   0.292   0.301
  0.317   0.322   0.346   0.363   0.367   0.380   0.387   0.407
  0.429   0.449   0.471   0.526   0.544   0.574   0.595   0.615
  0.623   0.666   0.687   0.698   0.703   0.708   0.710   0.726
  0.752   0.766   0.777   0.787   0.818   0.823   0.845   0.890
  0.936   0.952   1.004   1.007   1.051   1.081   1.104   1.123
  1.145   1.187   1.222   1.233   1.261   1.283   1.303   1.319
  1.338   1.355   1.379   1.394   1.437   1.454   1.469   1.483
  1.500   1.506   1.524   1.543   1.572   1.621   1.638   1.647
  1.665   1.683   1.719   1.731   1.763   1.783   1.791   1.829
  1.836   1.979   2.082   2.261   2.294   2.504   2.554   2.627
  2.744   2.769   2.813   2.818   2.881   2.934   2.953   3.047
  3.070   3.088   3.114   3.168   3.185   3.192   3.230   3.265
  3.357   3.371   3.413   3.414   3.446   3.476   3.541   3.571
  3.579   3.595   3.614   3.666   3.693   3.778   3.794   3.811
  3.834   3.847   3.900   3.942   3.956   3.997   4.019   4.062
  4.088   4.123   4.159   4.233   4.241   4.257   4.271   4.306
  4.370   4.402   4.448   4.456   4.478   4.487   4.504   4.545
  4.573   4.591   4.596   4.689   4.702   4.745   4.811   4.841
  4.861   4.881   4.917   4.981   5.103   5.375   5.463   5.512
  5.567   5.656   5.677   5.770   5.816   5.856   5.911   5.941
  5.959   5.979   6.130   6.216   6.735   7.311   7.457   7.548
  7.594   7.881   7.998  24.435  24.546  24.646  27.875  28.047
 28.348  28.396  28.420  28.446  28.456  28.640  28.748  41.239
 41.288  41.299  41.314  41.332  41.350  41.431  41.462  41.483
 41.487  41.497  41.515  41.533  41.573  41.588  44.161  44.190
 44.233  44.275  44.343  46.026  46.340  46.713  50.244
 --------------------------------------------------------------
 
          Ground-State Mulliken Net Atomic Charges

     Atom                 Charge (a.u.)
  ----------------------------------------
      1 O                    -0.320669
      2 C                     0.044934
      3 H                     0.257133
      4 H                     0.064886
      5 C                    -0.257095
      6 C                    -0.269212
      7 H                     0.089863
      8 H                     0.103071
      9 H                     0.093971
     10 H                     0.061007
     11 H                     0.065137
     12 H                     0.066973
  ----------------------------------------
  Sum of atomic charges =     0.000000

 -----------------------------------------------------------------
                    Cartesian Multipole Moments
 -----------------------------------------------------------------
    Charge (ESU x 10^10)
                 0.0000
    Dipole Moment (Debye)
         X       1.3832      Y      -0.0635      Z       1.2077
       Tot       1.8373
    Quadrupole Moments (Debye-Ang)
        XX     -24.2405     XY       0.1297     YY     -26.2122
        XZ      -0.9642     YZ      -0.0379     ZZ     -24.1284
    Octapole Moments (Debye-Ang^2)
       XXX      16.1228    XXY       8.9902    XYY       3.5585
       YYY      26.0099    XXZ     -37.6935    XYZ       0.2206
       YYZ     -36.5309    XZZ       4.8312    YZZ       8.8240
       ZZZ    -105.0359
    Hexadecapole Moments (Debye-Ang^3)
      XXXX    -173.9296   XXXY      21.4054   XXYY     -47.3988
      XYYY      24.4905   YYYY    -113.0537   XXXZ      27.4960
      XXYZ      18.3046   XYYZ       8.2973   YYYZ      54.2347
      XXZZ    -107.1231   XYZZ       7.4975   YYZZ     -96.6367
      XZZZ      25.7737   YZZZ      52.2142   ZZZZ    -427.4984
 -----------------------------------------------------------------
 Total job time:  148.11s(wall), 147.59s(cpu) 
 Mon Jun  3 17:10:57 2013

        *************************************************************
        *                                                           *
        *  Thank you very much for using Q-Chem.  Have a nice day.  *
        *                                                           *
        *************************************************************


0 sent ACK to 0 
now end server 0 ... 
 
**********************************************************************
Job 3 of 3 
**********************************************************************
 
Process 0 of 1 is on cl147.stfx.acenet.ca - thread support 1
initial socket setup ...start
initial socket setup ...done 
now start server 0 ... 

cmd = /usr/bin/ssh clhead /usr/local/qchem/bin/get_hostid 1629204162 > /scratch/tmp/6027743.1.medium.q/qchem32101/lic.dat
                  Welcome to Q-Chem
     A Quantum Leap Into The Future Of Chemistry

 Y. Shao, L. Fusti-Molnar, Y. Jung, J. Kussmann, C. Ochsenfeld,
 S. T. Brown, A. T. B. Gilbert, L. V. Slipchenko,S. V. Levchenko,
 D. P. O'Neill, R. A. DiStasio Jr., R. C. Lochan, T. Wang,
 G. J. O. Beran, N. A. Besley, J. M. Herbert, C. Y. Lin,
 T. Van Voorhis, S. H. Chien, A. Sodt, R. P. Steele, 
 V. A. Rassolov, P. E. Maslen, P. P. Korambath, R. D. Adamson,
 B. Austin, J. Baker, E. F. C. Byrd, H. Dachsel, R. J. Doerksen,
 A. Dreuw, B. D. Dunietz, A. D. Dutoi, T. R. Furlani,
 S. R. Gwaltney, A. Heyden, S. Hirata, C.-P. Hsu, G. Kedziora,
 R. Z. Khaliullin, P. Klunzinger, A. M. Lee, M. S. Lee, W. Liang,
 I. Lotan, N. Nair, B. Peters, E. I. Proynov, P. A. Pieniazek, 
 Y. M. Rhee, J. Ritchie, E. Rosta, C. D. Sherrill, 
 A. C. Simmonett, J. E. Subotnik, H. L. Woodcock III,
 W. Zhang, A. T. Bell, A. K. Chakraborty, D. M. Chipman,
 F. J. Keil, A. Warshel, W. J. Hehre, H. F. Schaefer III,
 J. Kong, A. I. Krylov, P. M. W. Gill, M. Head-Gordon,
 Q-Chem, Version 3.1, Q-Chem, Inc., Pittsburgh, PA (2007).

 Additional authors for Version 3.1: 
 Z. Gan, Y. Zhao, N. E. Schultz, D. Truhlar, E. Epifanovsky and M. Oana.

 Additional authors for Version 3.2: 
 R. Baer, B. R. Brooks, D. Casanova, J.-D. Chai, C.-L. Cheng, 
 C. Cramer, D. Crittenden, A. Ghysels, G. Hawkins, E. G. Hohenstein, 
 C. Kelley, W. Kurlancheek, D. Liotard, E. Livshits, P. Manohar, 
 A. Marenich, D. Neuhauser, R. Olson, M. A. Rohrdanz, K. S. Thanthiriwatte, 
 A. J. W. Thom, V. Vanovschi, C. F. Williams, Q. Wu and Z.-Q. You. 


 Intel X86 Linux Version

 Q-chem begins on Mon Jun  3 17:11:00 2013  

 Parallel job on  1  processors
Processing $rem in /usr/local/qchem/config/preferences.

theFileMan(): MAXOPENFILES=974 MAX_SUB_FILE_NUM=16
Maximum size of a physical file is 2.0 GB, maximum size of a tmp-file is 32.0 GB


--------------------------------------------------------------
User input:
--------------------------------------------------------------

$molecule
1,2
O
C1,O,r1
H1,C1,r2,O,a1
H,O,roh,C1,aoh,H1,toh,0
C2,C1,r3a,O,a2a,H1,t1a,0
C3,C1,r3b,O,a2b,H1,-t1b,0
H,C2,r4a,C1,a4a,H1,t2a,0
H,C3,r5a,C1,a5a,H1,-t2b,0
H,C2,r4b,C1,a4b,H1,t3a,0
H,C3,r5b,C1,a5b,H1,-t3b,0
H,C2,r4c,C1,a4c,H1,-t4a,0
H,C3,r5c,C1,a5c,H1,t4b,0

r1=1.43111827
r2=1.9557364
roh=2.07916264
r3a=1.52393712
r3b=1.53017411
r4a=1.09587708
r5a=1.09583825
r4b=1.09448657
r5b=1.09801539
r4c=1.0954512
r5c=1.0964078
a1=28.22171182
aoh=30.02045037
a2a=106.21524706
a2b=111.13113306
a4a=110.2041443
a5a=110.24366741
a4b=110.29321839
a5b=111.03931704
a4c=110.82961388
a5c=111.23833611
toh=-62.32359188
t1a=179.44473237
t1b=57.80032287
t2a=63.0172795
t2b=83.272013
t3a=-56.37337218
t3b=-36.4963859
t4a=176.72748761
t4b=156.21533884

$end

$comment
positive
$end

$xc_functional
C PBE   1.00
X wPBE  1.00
$end

$rem
SYMMETRY_DECOMPOSITION	0
LRC_DFT                 true
exchange 		general
BASIS                   g3large
omega			990
mem_static              760
max_scf_cycles          200
scf_final_print         1
sym_ignore              true
$end

--------------------------------------------------------------
 Writing REM_CC_EA           12
 ----------------------------------------------------
       Standard Nuclear Orientation (Angstroms)
    I     Atom         X            Y            Z
 ----------------------------------------------------
    1      O       0.000000     0.000000     0.000000
    2      C       0.000000     0.000000     1.431118
    3      H       0.924838     0.000000    -0.292129
    4      H       0.483161     0.921207     1.800236
    5      C      -1.463245     0.014181     1.856673
    6      C       0.760558    -1.207760     1.982752
    7      H      -1.967442    -0.894454     1.508657
    8      H       0.298586    -2.138301     1.634130
    9      H      -1.976608     0.877600     1.422084
   10      H       1.806714    -1.200668     1.649367
   11      H      -1.551233     0.066921     2.947310
   12      H       0.763328    -1.208441     3.079156
 ----------------------------------------------------
 Nuclear Repulsion Energy =   134.3979926221 hartrees
 There are       17 alpha and       16 beta electrons
 Requested basis set is G3large
 There are 88 shells and 248 basis functions

Total QAlloc Memory Limit   2000 MB
Mega-Array Size       743 MB
MEM_STATIC part       760 MB

                       Distance Matrix (Angstroms)
             O (  1)   C (  2)   H (  3)   H (  4)   C (  5)   C (  6)
   C (  2)  1.431118
   H (  3)  0.969878  1.955736
   H (  4)  2.079163  1.103773  2.328453
   C (  5)  2.364005  1.523937  3.212552  2.148110
   C (  6)  2.443039  1.530174  2.580844  2.154707  2.540539
   H (  7)  2.635701  2.162611  3.522521  3.063836  1.095877  2.786558
   H (  8)  2.707742  2.168571  2.945335  3.069568  2.790476  1.095838
   H (  9)  2.588336  2.162693  3.482398  2.489048  1.094487  3.486424
   H ( 10)  2.725111  2.180241  2.447185  2.505376  3.494491  1.098015
   H ( 11)  3.331282  2.170171  4.077912  2.486833  1.095451  2.810617
   H ( 12)  3.394731  2.181519  3.584965  2.499906  2.819024  1.096408
             H (  7)   H (  8)   H (  9)   H ( 10)   H ( 11)
   H (  8)  2.588007
   H (  9)  1.774192  3.783799
   H ( 10)  3.789170  1.775904  4.322543
   H ( 11)  1.779661  3.163745  1.778892  3.816706
   H ( 12)  3.165779  1.780091  3.821610  1.770031  2.645964
 
 A cutoff of  1.0D-08 yielded   3639 shell pairs
 There are  28920 function pairs ( 34904 Cartesian)
Evaluating contribution to one-electron hamiltonian from nuclear
 Smallest overlap matrix eigenvalue = 4.89E-05

 Q-Chem warning in module mkSTV.C, line 194:

 Overlap eigenvalue is smaller than square root of threshold

 Multipole matrices computed through 2nd order

  Scale SEOQF with 1.000000e-01/1.000000e-01/1.000000e-01

 Standard Electronic Orientation quadrupole field applied
 Nucleus-field energy     =    -0.0000000069 hartrees
 Guess from superposition of atomic densities
 Warning:  Energy on first SCF cycle will be non-variational
 Long-range K will be added via erf
 Coulomb attenuation parameter = 0.99 bohr**(-1)
 An unrestricted Kohn-Sham SCF calculation will be
 performed using Pulay DIIS extrapolation
 Exchange:  wPBE + LR-HF      Correlation:  PBE
 Using SG-1 standard quadrature grid
 SCF converges when DIIS error is below 1.0E-05
 Requested basis set is G3large
 There are 88 shells and 248 basis functions
 A cutoff of  1.0D-08 yielded   3639 shell pairs
 There are  28920 function pairs ( 34904 Cartesian)
 Warning!  Inaccurate integrated density:
   Number of electrons =    33
   Numerical integral  =    34.000227111547
   Relative error      =     3.0309912471 %
 ---------------------------------------
  Cycle       Energy         DIIS Error
 ---------------------------------------
    1    -195.3634862028      2.84E-02
    2    -193.7651910358      3.17E-03
    3    -193.8452641806      2.17E-03
    4    -193.8726355336      5.74E-04
    5    -193.8798796316      2.96E-04
    6    -193.8838378571      2.47E-04
    7    -193.8885171283      2.63E-04
    8    -193.8908269738      2.67E-04
    9    -193.8875565122      2.59E-04
   10    -193.8666188701      6.41E-04
   11    -193.8772147520      3.86E-04
   12    -193.8806057813      3.88E-04
   13    -193.8796874900      3.86E-04
   14    -193.8771886297      3.85E-04
   15    -193.8791814819      3.61E-04
   16    -193.8791837147      3.61E-04
   17    -193.8792052172      3.62E-04
   18    -193.8794581463      3.69E-04
   19    -193.8829695871      2.26E-04
   20    -193.8857237281      2.51E-04
   21    -193.8889174297      2.62E-04
   22    -193.8788802550      2.71E-04
   23    -193.8420911681      1.46E-03
   24    -193.8669057397      6.31E-04
   25    -193.8574888555      9.12E-04
   26    -193.8608919327      7.92E-04
   27    -193.8648264765      6.33E-04
   28    -193.8646333187      6.40E-04
   29    -193.8690483333      4.74E-04
   30    -193.8723680530      2.09E-04
   31    -193.8772050180      2.41E-04
   32    -193.8833285847      2.73E-04
   33    -193.8734700445      3.05E-04
   34    -193.8402044550      1.43E-03
   35    -193.8514331083      1.09E-03
   36    -193.8514381137      1.09E-03
   37    -193.8593534143      8.83E-04
   38    -193.8657738789      1.90E-04
   39    -193.8700609478      2.16E-04
   40    -193.8762014273      2.55E-04
   41    -193.8809441165      2.79E-04
   42    -193.8694423960      3.76E-04
   43    -193.8482821295      1.14E-03
   44    -193.8489565485      1.12E-03
   45    -193.8491471586      1.10E-03
   46    -193.8509099520      1.03E-03
   47    -193.8476242928      1.13E-03
   48    -193.8556574840      9.31E-04
   49    -193.8620296868      1.60E-04
   50    -193.8653485923      1.76E-04
   51    -193.8694409297      2.01E-04
   52    -193.8727294250      2.21E-04
   53    -193.8634414236      3.37E-04
   54    -193.8560070835      5.42E-04
   55    -193.8535924605      6.20E-04
   56    -193.8543507942      5.74E-04
   57    -193.8543403526      5.88E-04
   58    -193.8543068508      5.77E-04
   59    -193.8538322877      5.98E-04
   60    -193.8537874117      6.17E-04
   61    -193.8536280032      6.17E-04
   62    -193.8535168917      6.42E-04
   63    -193.8550547092      5.84E-04
   64    -193.8552905881      5.93E-04
   65    -193.8552667877      5.95E-04
   66    -193.8585319361      4.73E-04
   67    -193.8608413769      1.25E-04
   68    -193.8631950624      1.41E-04
   69    -193.8657014203      1.58E-04
   70    -193.8650747475      1.57E-04
   71    -193.8668523418      1.16E-04
   72    -193.8685368763      1.53E-04
   73    -193.8549237043      4.66E-04
   74    -193.8580947090      3.65E-04
   75    -193.8604854863      3.37E-04
   76    -193.8599528362      3.92E-04
   77    -193.8597317931      3.59E-04
   78    -193.8575925711      4.28E-04
   79    -193.8574910551      4.18E-04
   80    -193.8571534399      4.52E-04
   81    -193.8564629383      5.22E-04
   82    -193.8564612593      5.22E-04
   83    -193.8564406338      5.23E-04
   84    -193.8586768512      4.15E-04
   85    -193.8603256898      1.04E-04
   86    -193.8617616960      1.13E-04
   87    -193.8629060653      1.19E-04
   88    -193.8607779657      1.24E-04
   89    -193.8575580839      1.77E-04
   90    -193.8572896579      1.74E-04
   91    -193.8558671883      1.05E-04
   92    -193.8553545973      2.44E-04
   93    -193.8552989280      2.17E-04
   94    -193.8554238771      2.07E-04
   95    -193.8561454770      2.47E-05
   96    -193.8561561187      1.17E-05
   97    -193.8561876950      1.30E-05
   98    -193.8562024264      8.04E-06 Convergence criterion met
 ---------------------------------------
 One-Electron    Energy =  -520.2863560128
 Total Coulomb   Energy =   219.4540507446
 Alpha Exchange  Energy =    -6.3653830960
 Beta  Exchange  Energy =    -5.9485119838
 DFT   Exchange  Energy =   -14.0353050148
 DFT Correlation Energy =    -1.0726896787
 Nuclear Repu.   Energy =   134.3979926152
 Nuclear Attr.   Energy =  -713.1978476362
 Kinetic         Energy =   192.9114916234
 <S^2> = 0.7605
 SCF time:  CPU 2604.20 s  wall 2614.58 s
 Final Alpha MO Eigenvalues
            1           2           3           4           5           6
    1 -19.5085078 -10.7786691 -10.6933437 -10.6437789  -1.5874375  -1.3378084
            7           8           9          10          11          12
    1  -1.2156183  -1.0809888  -0.9865969  -0.9145681  -0.8949680  -0.8260622
           13          14          15          16          17          18
    1  -0.8169425  -0.8035134  -0.7873328  -0.7700904  -0.7130714  -0.1030343
           19          20          21          22
    1  -0.0781686  -0.0729571  -0.0653687  -0.0473397
 Final Beta MO Eigenvalues
            1           2           3           4           5           6
    1 -19.5051638 -10.7732699 -10.6870280 -10.6420254  -1.5723631  -1.2907505
            7           8           9          10          11          12
    1  -1.1767040  -1.0469579  -0.9611548  -0.8886869  -0.8437978  -0.8103514
           13          14          15          16          17          18
    1  -0.7972599  -0.7844334  -0.7546620  -0.7012942  -0.4070242  -0.1013921
           19          20          21
    1  -0.0764896  -0.0715722  -0.0644362
 Analysis of SCF Wavefunction
 
 --------------------------------------------------------------
                    Orbital Energies (a.u.)
 --------------------------------------------------------------
 
 Alpha MOs
 -- Occupied --
-19.509 -10.779 -10.693 -10.644  -1.587  -1.338  -1.216  -1.081
 -0.987  -0.915  -0.895  -0.826  -0.817  -0.804  -0.787  -0.770
 -0.713
 -- Virtual --
 -0.103  -0.078  -0.073  -0.065  -0.047  -0.043  -0.034  -0.025
 -0.017  -0.007   0.008   0.019   0.027   0.031   0.036   0.040
  0.049   0.057   0.068   0.078   0.082   0.094   0.116   0.123
  0.124   0.130   0.147   0.167   0.172   0.182   0.211   0.234
  0.243   0.253   0.288   0.326   0.346   0.364   0.383   0.410
  0.418   0.456   0.458   0.481   0.492   0.494   0.504   0.510
  0.531   0.542   0.556   0.568   0.610   0.622   0.629   0.667
  0.714   0.736   0.785   0.786   0.827   0.867   0.881   0.904
  0.920   0.963   0.997   1.008   1.037   1.060   1.077   1.103
  1.119   1.130   1.155   1.173   1.199   1.227   1.237   1.242
  1.269   1.281   1.294   1.317   1.352   1.398   1.410   1.418
  1.442   1.459   1.493   1.502   1.533   1.556   1.558   1.600
  1.605   1.741   1.841   2.013   2.046   2.254   2.314   2.384
  2.489   2.520   2.564   2.569   2.630   2.667   2.696   2.768
  2.794   2.817   2.843   2.910   2.920   2.950   2.969   2.994
  3.104   3.121   3.149   3.160   3.185   3.232   3.284   3.303
  3.326   3.332   3.361   3.402   3.438   3.514   3.545   3.548
  3.571   3.599   3.637   3.661   3.680   3.733   3.774   3.801
  3.819   3.865   3.898   3.980   3.990   3.998   4.009   4.050
  4.112   4.147   4.181   4.210   4.230   4.243   4.257   4.285
  4.313   4.330   4.342   4.433   4.459   4.493   4.565   4.580
  4.607   4.618   4.665   4.712   4.838   5.128   5.204   5.261
  5.313   5.384   5.416   5.505   5.545   5.607   5.670   5.683
  5.714   5.731   5.875   5.954   6.471   7.054   7.206   7.288
  7.341   7.625   7.738  24.148  24.276  24.361  27.580  27.753
 28.052  28.120  28.147  28.186  28.195  28.353  28.461  40.927
 40.987  41.016  41.042  41.063  41.089  41.126  41.152  41.188
 41.198  41.231  41.244  41.274  41.281  41.336  43.901  43.930
 43.976  44.016  44.081  45.770  46.078  46.456  49.985
 
 Beta MOs
 -- Occupied --
-19.505 -10.773 -10.687 -10.642  -1.572  -1.291  -1.177  -1.047
 -0.961  -0.889  -0.844  -0.810  -0.797  -0.784  -0.755  -0.701
 -- Virtual --
 -0.407  -0.101  -0.076  -0.072  -0.064  -0.046  -0.042  -0.033
 -0.024  -0.016  -0.003   0.010   0.021   0.029   0.033   0.036
  0.042   0.051   0.061   0.072   0.083   0.086   0.100   0.121
  0.125   0.131   0.143   0.160   0.171   0.186   0.187   0.215
  0.236   0.249   0.259   0.290   0.330   0.356   0.372   0.396
  0.414   0.425   0.464   0.471   0.486   0.499   0.504   0.509
  0.516   0.543   0.559   0.562   0.575   0.617   0.627   0.633
  0.672   0.720   0.738   0.788   0.790   0.833   0.869   0.884
  0.907   0.925   0.966   1.001   1.014   1.042   1.066   1.081
  1.107   1.123   1.134   1.161   1.179   1.211   1.236   1.244
  1.256   1.275   1.287   1.300   1.322   1.355   1.403   1.414
  1.424   1.445   1.461   1.497   1.507   1.538   1.561   1.563
  1.606   1.609   1.746   1.848   2.021   2.053   2.259   2.322
  2.390   2.501   2.529   2.572   2.576   2.642   2.683   2.703
  2.787   2.814   2.831   2.857   2.922   2.928   2.955   2.979
  3.006   3.114   3.128   3.160   3.166   3.193   3.238   3.292
  3.318   3.336   3.338   3.368   3.415   3.445   3.520   3.554
  3.558   3.579   3.605   3.643   3.674   3.692   3.742   3.781
  3.811   3.829   3.874   3.906   3.989   3.995   4.006   4.019
  4.057   4.120   4.156   4.190   4.217   4.236   4.247   4.264
  4.295   4.322   4.338   4.350   4.439   4.464   4.498   4.571
  4.588   4.616   4.626   4.671   4.722   4.850   5.131   5.212
  5.269   5.321   5.396   5.424   5.514   5.556   5.611   5.674
  5.690   5.719   5.737   5.879   5.961   6.476   7.066   7.212
  7.302   7.347   7.632   7.750  24.152  24.281  24.366  27.591
 27.759  28.055  28.123  28.150  28.188  28.197  28.360  28.470
 40.939  40.990  41.023  41.048  41.068  41.091  41.129  41.162
 41.194  41.205  41.241  41.245  41.276  41.286  41.339  43.908
 43.937  43.978  44.020  44.089  45.772  46.086  46.458  49.989
 --------------------------------------------------------------
 
          Ground-State Mulliken Net Atomic Charges

     Atom                 Charge (a.u.)    Spin (a.u.)
  --------------------------------------------------------
      1 O                    -0.170694       0.124112
      2 C                     0.051053       0.254718
      3 H                     0.320133       0.025710
      4 H                     0.188842       0.074335
      5 C                    -0.119361       0.324960
      6 C                    -0.175773       0.086463
      7 H                     0.170760       0.015627
      8 H                     0.153966       0.011759
      9 H                     0.178245       0.028466
     10 H                     0.144698       0.064872
     11 H                     0.139400      -0.009137
     12 H                     0.118732      -0.001885
  --------------------------------------------------------
  Sum of atomic charges =     1.000000
  Sum of spin   charges =     1.000000

 -----------------------------------------------------------------
                    Cartesian Multipole Moments
 -----------------------------------------------------------------
    Charge (ESU x 10^10)
                 4.8032
    Dipole Moment (Debye)
         X      -0.1335      Y      -1.1998      Z       8.4138
       Tot       8.5000
    Quadrupole Moments (Debye-Ang)
        XX     -12.4864     XY      -1.6522     YY     -19.7712
        XZ      -4.0914     YZ      -2.4822     ZZ      -6.3336
    Octapole Moments (Debye-Ang^2)
       XXX       4.4646    XXY       5.8608    XYY       4.5724
       YYY      18.9764    XXZ     -17.3127    XYZ      -3.3796
       YYZ     -25.3095    XZZ      -2.1145    YZZ       2.4341
       ZZZ     -60.2144
    Hexadecapole Moments (Debye-Ang^3)
      XXXX    -111.9135   XXXY      13.3035   XXYY     -32.7796
      XYYY      18.1848   YYYY     -86.2222   XXXZ       5.3898
      XXYZ      12.1251   XYYZ      11.1642   YYYZ      40.5499
      XXZZ     -60.7037   XYZZ      -1.2195   YYZZ     -70.7212
      XZZZ       7.1759   YZZZ      33.3937   ZZZZ    -295.3849
 -----------------------------------------------------------------
 Total job time:  2614.90s(wall), 2604.51s(cpu) 
 Mon Jun  3 17:54:35 2013

        *************************************************************
        *                                                           *
        *  Thank you very much for using Q-Chem.  Have a nice day.  *
        *                                                           *
        *************************************************************


0 sent ACK to 0 
now end server 0 ... 
