Process 0 of 1 is on cl122 - thread support 1
initial socket setup ...start
initial socket setup ...done 
now start server 0 ... 

cmd = /usr/bin/ssh clhead /usr/local/qchem/bin/get_hostid 1085606517 > /tmp/1601943.1.medium.q/qchem24401/lic.dat

cmd = /usr/bin/ssh clhead /usr/local/qchem/bin/get_hostid 1085606517 > /tmp/1601943.1.medium.q/qchem24401/lic.dat

cmd = /usr/bin/ssh clhead /usr/local/qchem/bin/get_hostid 1085606517 > /tmp/1601943.1.medium.q/qchem24401/lic.dat

cmd = /usr/bin/ssh clhead /usr/local/qchem/bin/get_hostid 1085606517 > /tmp/1601943.1.medium.q/qchem24401/lic.dat

cmd = /usr/bin/ssh clhead /usr/local/qchem/bin/get_hostid 1085606517 > /tmp/1601943.1.medium.q/qchem24401/lic.dat
                  Welcome to Q-Chem
     A Quantum Leap Into The Future Of Chemistry

 Y. Shao, L. Fusti-Molnar, Y. Jung, J. Kussmann, C. Ochsenfeld,
 S. T. Brown, A. T. B. Gilbert, L. V. Slipchenko,S. V. Levchenko,
 D. P. O'Neill, R. A. DiStasio Jr., R. C. Lochan, T. Wang,
 G. J. O. Beran, N. A. Besley, J. M. Herbert, C. Y. Lin,
 T. Van Voorhis, S. H. Chien, A. Sodt, R. P. Steele, 
 V. A. Rassolov, P. E. Maslen, P. P. Korambath, R. D. Adamson,
 B. Austin, J. Baker, E. F. C. Byrd, H. Dachsel, R. J. Doerksen,
 A. Dreuw, B. D. Dunietz, A. D. Dutoi, T. R. Furlani,
 S. R. Gwaltney, A. Heyden, S. Hirata, C.-P. Hsu, G. Kedziora,
 R. Z. Khaliullin, P. Klunzinger, A. M. Lee, M. S. Lee, W. Liang,
 I. Lotan, N. Nair, B. Peters, E. I. Proynov, P. A. Pieniazek, 
 Y. M. Rhee, J. Ritchie, E. Rosta, C. D. Sherrill, 
 A. C. Simmonett, J. E. Subotnik, H. L. Woodcock III,
 W. Zhang, A. T. Bell, A. K. Chakraborty, D. M. Chipman,
 F. J. Keil, A. Warshel, W. J. Hehre, H. F. Schaefer III,
 J. Kong, A. I. Krylov, P. M. W. Gill, M. Head-Gordon,
 Q-Chem, Version 3.1, Q-Chem, Inc., Pittsburgh, PA (2007).

 Additional authors for Version 3.1: 
 Z. Gan, Y. Zhao, N. E. Schultz, D. Truhlar, E. Epifanovsky and M. Oana.

 Additional authors for Version 3.2: 
 R. Baer, B. R. Brooks, D. Casanova, J.-D. Chai, C.-L. Cheng, 
 C. Cramer, D. Crittenden, A. Ghysels, G. Hawkins, E. G. Hohenstein, 
 C. Kelley, W. Kurlancheek, D. Liotard, E. Livshits, P. Manohar, 
 A. Marenich, D. Neuhauser, R. Olson, M. A. Rohrdanz, K. S. Thanthiriwatte, 
 A. J. W. Thom, V. Vanovschi, C. F. Williams, Q. Wu and Z.-Q. You. 


 Intel X86 Linux Version

 Q-chem begins on Thu Mar 20 01:23:41 2014  

 Parallel job on  1  processors
Processing $rem in /usr/local/qchem/config/preferences.

theFileMan(): MAXOPENFILES=974 MAX_SUB_FILE_NUM=16
Maximum size of a physical file is 2.0 GB, maximum size of a tmp-file is 32.0 GB


--------------------------------------------------------------
User input:
--------------------------------------------------------------

$molecule
-1,2
Si         0.00042        0.00000        0.00861
Si        -0.00042        0.00000        2.34162
H          1.39615        0.00000       -0.50798
H         -0.69759       -1.20904       -0.50646
H         -0.69759        1.20904       -0.50646
H         -1.39615        0.00000        2.85821
H          0.69759       -1.20904        2.85669
H          0.69759        1.20904        2.85669
$end

$comment
negative
$end

$xc_functional
C PBE   1.00
X wPBE  1.00
$end

$rem
SYMMETRY_DECOMPOSITION	0
exchange 		general
LRC_DFT                 true
BASIS                   g3large
omega			360
mem_static              760
max_scf_cycles          200
scf_final_print         1
sym_ignore              true
$end

--------------------------------------------------------------
 Writing REM_CC_EA            8
 ----------------------------------------------------
       Standard Nuclear Orientation (Angstroms)
    I     Atom         X            Y            Z
 ----------------------------------------------------
    1      Si      0.000420     0.000000     0.008610
    2      Si     -0.000420     0.000000     2.341620
    3      H       1.396150     0.000000    -0.507980
    4      H      -0.697590    -1.209040    -0.506460
    5      H      -0.697590     1.209040    -0.506460
    6      H      -1.396150     0.000000     2.858210
    7      H       0.697590    -1.209040     2.856690
    8      H       0.697590     1.209040     2.856690
 ----------------------------------------------------
 Nuclear Repulsion Energy =    90.8879884197 hartrees
 There are       18 alpha and       17 beta electrons
 Requested basis set is G3large
 There are 74 shells and 192 basis functions

Total QAlloc Memory Limit   2000 MB
Mega-Array Size       743 MB
MEM_STATIC part       760 MB

                       Distance Matrix (Angstroms)
             Si(  1)   Si(  2)   H (  3)   H (  4)   H (  5)   H (  6)
   Si(  2)  2.333010
   H (  3)  1.488263  3.173425
   H (  4)  1.488050  3.171653  2.417753
   H (  5)  1.488050  3.171653  2.417753  2.418080
   H (  6)  3.173425  1.488263  4.373577  3.642907  3.642907
   H (  7)  3.171653  1.488050  3.642907  3.641058  4.370860  2.417753
   H (  8)  3.171653  1.488050  3.642907  4.370860  3.641058  2.417753
             H (  7)
   H (  8)  2.418080
 
 A cutoff of  1.0D-08 yielded   2535 shell pairs
 There are  17276 function pairs ( 22407 Cartesian)
Evaluating contribution to one-electron hamiltonian from nuclear
 Smallest overlap matrix eigenvalue = 1.96E-04
 Multipole matrices computed through 2nd order

  Scale SEOQF with 1.000000e-01/1.000000e-01/1.000000e-01

 Standard Electronic Orientation quadrupole field applied
 Nucleus-field energy     =    -0.0000000103 hartrees
 Guess from superposition of atomic densities
 Warning:  Energy on first SCF cycle will be non-variational
 Long-range K will be added via erf
 Coulomb attenuation parameter = 0.36 bohr**(-1)
 An unrestricted Kohn-Sham SCF calculation will be
 performed using Pulay DIIS extrapolation
 Exchange:  wPBE + LR-HF      Correlation:  PBE
 Using SG-1 standard quadrature grid
 SCF converges when DIIS error is below 1.0E-05
 Requested basis set is G3large
 There are 74 shells and 192 basis functions
 A cutoff of  1.0D-08 yielded   2535 shell pairs
 There are  17276 function pairs ( 22407 Cartesian)
 Warning!  Inaccurate integrated density:
   Number of electrons =    35
   Numerical integral  =    34.000072301361
   Relative error      =    -2.8569362818 %
 ---------------------------------------
  Cycle       Energy         DIIS Error
 ---------------------------------------
    1    -582.2895067808      2.14E-02
    2    -582.2683596423      1.55E-03
    3    -582.2965734976      6.38E-04
    4    -582.2993935575      1.82E-04
    5    -582.2999894150      6.32E-05
    6    -582.3001539802      2.51E-05
    7    -582.3002188234      1.37E-05
    8    -582.3002628736      1.07E-05
    9    -582.3002902636      1.04E-05
   10    -582.3003053264      1.07E-05
   11    -582.3002438488      9.20E-06 Convergence criterion met
 ---------------------------------------
 One-Electron    Energy =  -993.5149116747
 Total Coulomb   Energy =   364.3121622317
 Alpha Exchange  Energy =    -3.2631391554
 Beta  Exchange  Energy =    -3.1394920083
 DFT   Exchange  Energy =   -36.3629725245
 DFT Correlation Energy =    -1.2198791269
 Nuclear Repu.   Energy =    90.8879884094
 Nuclear Attr.   Energy = -1574.8525930040
 Kinetic         Energy =   581.3376813292
 <S^2> = 0.7554
 SCF time:  CPU 152.37 s  wall 153.86 s
 Final Alpha MO Eigenvalues
            1           2           3           4           5           6
    1 -65.4011439 -65.4011385  -5.0600156  -5.0599028  -3.4644348  -3.4643938
            7           8           9          10          11          12
    1  -3.4636301  -3.4633075  -3.4629483  -3.4627567  -0.5157292  -0.4472113
           13          14          15          16          17          18
    1  -0.2938011  -0.2933932  -0.2672225  -0.2643835  -0.2098854   0.0608488
           19          20          21          22          23
    1   0.1622516   0.1647252   0.1946522   0.1970510   0.2003324
 Final Beta MO Eigenvalues
            1           2           3           4           5           6
    1 -65.4011166 -65.4011113  -5.0598340  -5.0597324  -3.4644112  -3.4643874
            7           8           9          10          11          12
    1  -3.4635824  -3.4631355  -3.4623343  -3.4623182  -0.5069252  -0.4434343
           13          14          15          16          17          18
    1  -0.2895233  -0.2782047  -0.2627795  -0.2528417  -0.1958730   0.1643361
           19          20          21          22
    1   0.1665645   0.1959897   0.1991787   0.2031211
 Analysis of SCF Wavefunction
 
 --------------------------------------------------------------
                    Orbital Energies (a.u.)
 --------------------------------------------------------------
 
 Alpha MOs
 -- Occupied --
-65.401 -65.401  -5.060  -5.060  -3.464  -3.464  -3.464  -3.463
 -3.463  -3.463  -0.516  -0.447  -0.294  -0.293  -0.267  -0.264
 -0.210   0.061
 -- Virtual --
  0.162   0.165   0.195   0.197   0.200   0.202   0.205   0.211
  0.212   0.221   0.225   0.261   0.295   0.295   0.299   0.300
  0.330   0.339   0.362   0.376   0.398   0.400   0.449   0.475
  0.491   0.493   0.496   0.498   0.541   0.543   0.545   0.549
  0.584   0.587   0.589   0.669   0.670   0.678   0.706   0.708
  0.721   0.735   0.758   0.760   0.761   0.885   0.887   0.894
  0.895   0.909   0.912   0.920   0.956   0.959   0.966   0.967
  0.998   1.096   1.097   1.109   1.110   1.167   1.168   1.169
  1.210   1.212   1.215   1.231   1.344   1.385   1.394   1.396
  1.400   1.402   1.471   1.474   1.493   1.538   1.540   1.572
  1.587   1.633   1.635   1.664   1.668   1.670   1.783   1.785
  1.786   1.788   1.877   1.978   2.310   2.375   2.377   2.394
  2.402   2.475   2.476   2.518   2.536   2.537   2.618   2.624
  2.626   2.779   3.092   3.097   3.128   3.133   3.339   3.365
  3.826   3.827   3.851   3.853   3.865   4.051   4.054   4.054
  4.058   4.300   4.328   4.333   4.335   4.341   4.353   4.359
  4.380   4.386   4.418   4.424   4.456   4.457   4.598   4.704
  4.735   4.738   4.802   4.806   6.191   6.383  11.633  11.634
 11.663  11.664  11.736  11.882  17.698  17.745  17.745  17.804
 17.819  17.956  17.959  17.997  18.038  18.064  22.361  22.368
 22.372  22.372  22.377  22.385  22.387  22.388  22.399  22.400
 22.400  22.401  22.415  22.426 141.065 141.286
 
 Beta MOs
 -- Occupied --
-65.401 -65.401  -5.060  -5.060  -3.464  -3.464  -3.464  -3.463
 -3.462  -3.462  -0.507  -0.443  -0.290  -0.278  -0.263  -0.253
 -0.196
 -- Virtual --
  0.164   0.167   0.196   0.199   0.203   0.207   0.208   0.213
  0.215   0.222   0.227   0.230   0.298   0.301   0.301   0.306
  0.314   0.345   0.348   0.365   0.381   0.403   0.404   0.455
  0.479   0.494   0.499   0.500   0.505   0.550   0.552   0.554
  0.559   0.589   0.591   0.595   0.672   0.680   0.690   0.716
  0.720   0.729   0.740   0.763   0.767   0.770   0.893   0.897
  0.899   0.900   0.917   0.919   0.927   0.958   0.963   0.969
  0.973   1.007   1.099   1.100   1.112   1.116   1.172   1.173
  1.182   1.214   1.219   1.224   1.233   1.347   1.391   1.399
  1.400   1.405   1.411   1.477   1.479   1.500   1.543   1.546
  1.578   1.593   1.636   1.644   1.670   1.671   1.680   1.787
  1.789   1.794   1.796   1.884   1.982   2.312   2.375   2.384
  2.399   2.407   2.479   2.483   2.520   2.541   2.543   2.622
  2.626   2.632   2.782   3.094   3.106   3.130   3.141   3.345
  3.371   3.827   3.829   3.852   3.855   3.865   4.053   4.056
  4.060   4.063   4.305   4.331   4.339   4.341   4.350   4.357
  4.361   4.384   4.396   4.420   4.432   4.462   4.464   4.604
  4.708   4.737   4.746   4.804   4.814   6.193   6.384  11.634
 11.636  11.663  11.666  11.737  11.883  17.698  17.745  17.746
 17.804  17.819  17.957  17.959  17.998  18.038  18.065  22.361
 22.368  22.372  22.372  22.377  22.385  22.387  22.388  22.399
 22.400  22.400  22.401  22.415  22.426 141.065 141.286
 --------------------------------------------------------------
 
          Ground-State Mulliken Net Atomic Charges

     Atom                 Charge (a.u.)    Spin (a.u.)
  --------------------------------------------------------
      1 Si                   -0.163072       0.543533
      2 Si                   -0.163124       0.543617
      3 H                    -0.117771      -0.008408
      4 H                    -0.139402      -0.011532
      5 H                    -0.079732      -0.023605
      6 H                    -0.117761      -0.008433
      7 H                    -0.079744      -0.023599
      8 H                    -0.139394      -0.011571
  --------------------------------------------------------
  Sum of atomic charges =    -1.000000
  Sum of spin   charges =     1.000000

 -----------------------------------------------------------------
                    Cartesian Multipole Moments
 -----------------------------------------------------------------
    Charge (ESU x 10^10)
                -4.8032
    Dipole Moment (Debye)
         X       0.0000      Y      -0.0001      Z      -5.6444
       Tot       5.6444
    Quadrupole Moments (Debye-Ang)
        XX     -43.7774     XY       2.2579     YY     -43.6201
        XZ       0.1915     YZ       2.2996     ZZ     -57.6241
    Octapole Moments (Debye-Ang^2)
       XXX       0.0001    XXY      -0.0002    XYY       0.0001
       YYY      -0.0003    XXZ     -51.4438    XYZ       2.6534
       YYZ     -51.2592    XZZ       0.4498    YZZ       5.4049
       ZZZ    -187.5568
    Hexadecapole Moments (Debye-Ang^3)
      XXXX    -175.9765   XXXY       0.5881   XXYY     -58.3445
      XYYY      17.9960   YYYY    -173.2103   XXXZ      11.4599
      XXYZ       5.0487   XYYZ      -9.4183   YYYZ      15.0402
      XXZZ    -195.6617   XYZZ       8.7770   YYZZ    -192.9370
      XZZZ       3.2873   YZZZ      42.6114   ZZZZ    -956.0471
 -----------------------------------------------------------------
 Total job time:  154.13s(wall), 152.59s(cpu) 
 Thu Mar 20 01:26:15 2014

        *************************************************************
        *                                                           *
        *  Thank you very much for using Q-Chem.  Have a nice day.  *
        *                                                           *
        *************************************************************


0 sent ACK to 0 
now end server 0 ... 
 
**********************************************************************
Job 2 of 3 
**********************************************************************
 
Process 0 of 1 is on cl122 - thread support 1
initial socket setup ...start
initial socket setup ...done 
now start server 0 ... 

cmd = /usr/bin/ssh clhead /usr/local/qchem/bin/get_hostid 1055532065 > /tmp/1601943.1.medium.q/qchem24401/lic.dat

cmd = /usr/bin/ssh clhead /usr/local/qchem/bin/get_hostid 1055532065 > /tmp/1601943.1.medium.q/qchem24401/lic.dat

cmd = /usr/bin/ssh clhead /usr/local/qchem/bin/get_hostid 1055532065 > /tmp/1601943.1.medium.q/qchem24401/lic.dat

cmd = /usr/bin/ssh clhead /usr/local/qchem/bin/get_hostid 1055532065 > /tmp/1601943.1.medium.q/qchem24401/lic.dat

cmd = /usr/bin/ssh clhead /usr/local/qchem/bin/get_hostid 1055532065 > /tmp/1601943.1.medium.q/qchem24401/lic.dat
                  Welcome to Q-Chem
     A Quantum Leap Into The Future Of Chemistry

 Y. Shao, L. Fusti-Molnar, Y. Jung, J. Kussmann, C. Ochsenfeld,
 S. T. Brown, A. T. B. Gilbert, L. V. Slipchenko,S. V. Levchenko,
 D. P. O'Neill, R. A. DiStasio Jr., R. C. Lochan, T. Wang,
 G. J. O. Beran, N. A. Besley, J. M. Herbert, C. Y. Lin,
 T. Van Voorhis, S. H. Chien, A. Sodt, R. P. Steele, 
 V. A. Rassolov, P. E. Maslen, P. P. Korambath, R. D. Adamson,
 B. Austin, J. Baker, E. F. C. Byrd, H. Dachsel, R. J. Doerksen,
 A. Dreuw, B. D. Dunietz, A. D. Dutoi, T. R. Furlani,
 S. R. Gwaltney, A. Heyden, S. Hirata, C.-P. Hsu, G. Kedziora,
 R. Z. Khaliullin, P. Klunzinger, A. M. Lee, M. S. Lee, W. Liang,
 I. Lotan, N. Nair, B. Peters, E. I. Proynov, P. A. Pieniazek, 
 Y. M. Rhee, J. Ritchie, E. Rosta, C. D. Sherrill, 
 A. C. Simmonett, J. E. Subotnik, H. L. Woodcock III,
 W. Zhang, A. T. Bell, A. K. Chakraborty, D. M. Chipman,
 F. J. Keil, A. Warshel, W. J. Hehre, H. F. Schaefer III,
 J. Kong, A. I. Krylov, P. M. W. Gill, M. Head-Gordon,
 Q-Chem, Version 3.1, Q-Chem, Inc., Pittsburgh, PA (2007).

 Additional authors for Version 3.1: 
 Z. Gan, Y. Zhao, N. E. Schultz, D. Truhlar, E. Epifanovsky and M. Oana.

 Additional authors for Version 3.2: 
 R. Baer, B. R. Brooks, D. Casanova, J.-D. Chai, C.-L. Cheng, 
 C. Cramer, D. Crittenden, A. Ghysels, G. Hawkins, E. G. Hohenstein, 
 C. Kelley, W. Kurlancheek, D. Liotard, E. Livshits, P. Manohar, 
 A. Marenich, D. Neuhauser, R. Olson, M. A. Rohrdanz, K. S. Thanthiriwatte, 
 A. J. W. Thom, V. Vanovschi, C. F. Williams, Q. Wu and Z.-Q. You. 


 Intel X86 Linux Version

 Q-chem begins on Thu Mar 20 01:26:20 2014  

 Parallel job on  1  processors
Processing $rem in /usr/local/qchem/config/preferences.

theFileMan(): MAXOPENFILES=974 MAX_SUB_FILE_NUM=16
Maximum size of a physical file is 2.0 GB, maximum size of a tmp-file is 32.0 GB


--------------------------------------------------------------
User input:
--------------------------------------------------------------

$molecule
0,1
Si         0.00042        0.00000        0.00861
Si        -0.00042        0.00000        2.34162
H          1.39615        0.00000       -0.50798
H         -0.69759       -1.20904       -0.50646
H         -0.69759        1.20904       -0.50646
H         -1.39615        0.00000        2.85821
H          0.69759       -1.20904        2.85669
H          0.69759        1.20904        2.85669
$end

$comment
neutral
$end

$xc_functional
C PBE   1.00
X wPBE  1.00
$end


$rem
SYMMETRY_DECOMPOSITION	0
LRC_DFT                 true
exchange 		general
BASIS                   g3large
omega			360
mem_static              760
max_scf_cycles          200
scf_final_print         1
sym_ignore              true
$end

--------------------------------------------------------------
 Writing REM_CC_EA            8
 ----------------------------------------------------
       Standard Nuclear Orientation (Angstroms)
    I     Atom         X            Y            Z
 ----------------------------------------------------
    1      Si      0.000420     0.000000     0.008610
    2      Si     -0.000420     0.000000     2.341620
    3      H       1.396150     0.000000    -0.507980
    4      H      -0.697590    -1.209040    -0.506460
    5      H      -0.697590     1.209040    -0.506460
    6      H      -1.396150     0.000000     2.858210
    7      H       0.697590    -1.209040     2.856690
    8      H       0.697590     1.209040     2.856690
 ----------------------------------------------------
 Nuclear Repulsion Energy =    90.8879884197 hartrees
 There are       17 alpha and       17 beta electrons
 Requested basis set is G3large
 There are 74 shells and 192 basis functions

Total QAlloc Memory Limit   2000 MB
Mega-Array Size       743 MB
MEM_STATIC part       760 MB

                       Distance Matrix (Angstroms)
             Si(  1)   Si(  2)   H (  3)   H (  4)   H (  5)   H (  6)
   Si(  2)  2.333010
   H (  3)  1.488263  3.173425
   H (  4)  1.488050  3.171653  2.417753
   H (  5)  1.488050  3.171653  2.417753  2.418080
   H (  6)  3.173425  1.488263  4.373577  3.642907  3.642907
   H (  7)  3.171653  1.488050  3.642907  3.641058  4.370860  2.417753
   H (  8)  3.171653  1.488050  3.642907  4.370860  3.641058  2.417753
             H (  7)
   H (  8)  2.418080
 
 A cutoff of  1.0D-08 yielded   2535 shell pairs
 There are  17276 function pairs ( 22407 Cartesian)
Evaluating contribution to one-electron hamiltonian from nuclear
 Smallest overlap matrix eigenvalue = 1.96E-04
 Multipole matrices computed through 2nd order

  Scale SEOQF with 1.000000e-01/1.000000e-01/1.000000e-01

 Standard Electronic Orientation quadrupole field applied
 Nucleus-field energy     =    -0.0000000103 hartrees
 Guess from superposition of atomic densities
 Warning:  Energy on first SCF cycle will be non-variational
 Long-range K will be added via erf
 Coulomb attenuation parameter = 0.36 bohr**(-1)
 A restricted Kohn-Sham SCF calculation will be
 performed using Pulay DIIS extrapolation
 Exchange:  wPBE + LR-HF      Correlation:  PBE
 Using SG-1 standard quadrature grid
 SCF converges when DIIS error is below 1.0E-05
 Requested basis set is G3large
 There are 74 shells and 192 basis functions
 A cutoff of  1.0D-08 yielded   2535 shell pairs
 There are  17276 function pairs ( 22407 Cartesian)
 ---------------------------------------
  Cycle       Energy         DIIS Error
 ---------------------------------------
    1    -582.2895067808      2.14E-02
    2    -582.3442601412      1.56E-03
    3    -582.3677847642      4.04E-04
    4    -582.3691172705      1.43E-04
    5    -582.3692930796      4.51E-05
    6    -582.3693101819      8.56E-06 Convergence criterion met
 ---------------------------------------
 One-Electron    Energy =  -987.1000931203
 Total Coulomb   Energy =   357.6484200456
 Alpha Exchange  Energy =    -3.1464586246
 Beta  Exchange  Energy =    -3.1464586246
 DFT   Exchange  Energy =   -36.3165763209
 DFT Correlation Energy =    -1.1961319465
 Nuclear Repu.   Energy =    90.8879884094
 Nuclear Attr.   Energy = -1568.3394024415
 Kinetic         Energy =   581.2393093212
 SCF time:  CPU 66.60 s  wall 67.72 s
 Final Alpha MO Eigenvalues
            1           2           3           4           5           6
    1 -65.5920781 -65.5920733  -5.2540381  -5.2539316  -3.6576761  -3.6573892
            7           8           9          10          11          12
    1  -3.6573750  -3.6573213  -3.6573080  -3.6570872  -0.7074241  -0.6345226
           13          14          15          16          17          18
    1  -0.4763919  -0.4763202  -0.4470248  -0.4470024  -0.3994205   0.0423560
           19          20          21          22
    1   0.0493026   0.0751783   0.0752007   0.0775720
 Analysis of SCF Wavefunction
 
 --------------------------------------------------------------
                    Orbital Energies (a.u.)
 --------------------------------------------------------------
 
 Alpha MOs
 -- Occupied --
-65.592 -65.592  -5.254  -5.254  -3.658  -3.657  -3.657  -3.657
 -3.657  -3.657  -0.707  -0.635  -0.476  -0.476  -0.447  -0.447
 -0.399
 -- Virtual --
  0.042   0.049   0.075   0.075   0.078   0.078   0.078   0.078
  0.081   0.098   0.098   0.104   0.142   0.151   0.151   0.160
  0.171   0.182   0.182   0.219   0.224   0.230   0.230   0.299
  0.326   0.335   0.335   0.343   0.343   0.383   0.383   0.394
  0.394   0.433   0.439   0.440   0.497   0.510   0.515   0.542
  0.542   0.554   0.565   0.587   0.591   0.591   0.716   0.717
  0.719   0.730   0.739   0.739   0.748   0.790   0.790   0.790
  0.790   0.831   0.916   0.917   0.936   0.936   0.988   0.988
  0.995   1.036   1.036   1.041   1.045   1.172   1.211   1.221
  1.221   1.222   1.223   1.298   1.298   1.321   1.363   1.363
  1.399   1.413   1.451   1.451   1.484   1.484   1.488   1.607
  1.608   1.610   1.610   1.685   1.795   2.115   2.181   2.182
  2.200   2.208   2.283   2.284   2.325   2.345   2.345   2.429
  2.430   2.430   2.587   2.910   2.910   2.947   2.947   3.155
  3.181   3.631   3.632   3.656   3.658   3.671   3.864   3.865
  3.867   3.869   4.116   4.147   4.147   4.154   4.154   4.167
  4.169   4.198   4.198   4.237   4.237   4.271   4.272   4.413
  4.516   4.548   4.549   4.615   4.616   5.998   6.190  11.441
 11.441  11.471  11.471  11.543  11.690  17.504  17.551  17.552
 17.611  17.625  17.763  17.765  17.804  17.844  17.871  22.167
 22.174  22.178  22.178  22.183  22.191  22.192  22.194  22.205
 22.206  22.206  22.207  22.221  22.232 140.873 141.095
 --------------------------------------------------------------
 
          Ground-State Mulliken Net Atomic Charges

     Atom                 Charge (a.u.)
  ----------------------------------------
      1 Si                    0.222567
      2 Si                    0.222593
      3 H                    -0.074124
      4 H                    -0.074315
      5 H                    -0.074135
      6 H                    -0.074126
      7 H                    -0.074141
      8 H                    -0.074318
  ----------------------------------------
  Sum of atomic charges =     0.000000

 -----------------------------------------------------------------
                    Cartesian Multipole Moments
 -----------------------------------------------------------------
    Charge (ESU x 10^10)
                 0.0000
    Dipole Moment (Debye)
         X       0.0000      Y       0.0000      Z       0.0000
       Tot       0.0000
    Quadrupole Moments (Debye-Ang)
        XX     -31.0461     XY      -0.0006     YY     -31.0485
        XZ      -0.0038     YZ      -0.0008     ZZ     -31.8565
    Octapole Moments (Debye-Ang^2)
       XXX       0.0000    XXY       0.0000    XYY       0.0000
       YYY       0.0000    XXZ     -36.4828    XYZ      -0.0006
       YYZ     -36.4856    XZZ      -0.0088    YZZ      -0.0018
       ZZZ    -112.3050
    Hexadecapole Moments (Debye-Ang^3)
      XXXX     -82.3769   XXXY      -0.0025   XXYY     -27.4605
      XYYY      -0.0035   YYYY     -82.3925   XXXZ       1.0733
      XXYZ      -0.0019   XYYZ      -1.0069   YYYZ      -0.0053
      XXZZ    -118.2995   XYZZ      -0.0078   YYZZ    -118.3181
      XZZZ       0.0291   YZZZ      -0.0081   ZZZZ    -615.1345
 -----------------------------------------------------------------
 Total job time:  67.96s(wall), 66.81s(cpu) 
 Thu Mar 20 01:27:28 2014

        *************************************************************
        *                                                           *
        *  Thank you very much for using Q-Chem.  Have a nice day.  *
        *                                                           *
        *************************************************************


0 sent ACK to 0 
now end server 0 ... 
 
**********************************************************************
Job 3 of 3 
**********************************************************************
 
Process 0 of 1 is on cl122 - thread support 1
initial socket setup ...start
initial socket setup ...done 
now start server 0 ... 

cmd = /usr/bin/ssh clhead /usr/local/qchem/bin/get_hostid 1712512097 > /tmp/1601943.1.medium.q/qchem24401/lic.dat

cmd = /usr/bin/ssh clhead /usr/local/qchem/bin/get_hostid 1712512097 > /tmp/1601943.1.medium.q/qchem24401/lic.dat

cmd = /usr/bin/ssh clhead /usr/local/qchem/bin/get_hostid 1712512097 > /tmp/1601943.1.medium.q/qchem24401/lic.dat

cmd = /usr/bin/ssh clhead /usr/local/qchem/bin/get_hostid 1712512097 > /tmp/1601943.1.medium.q/qchem24401/lic.dat

cmd = /usr/bin/ssh clhead /usr/local/qchem/bin/get_hostid 1712512097 > /tmp/1601943.1.medium.q/qchem24401/lic.dat
                  Welcome to Q-Chem
     A Quantum Leap Into The Future Of Chemistry

 Y. Shao, L. Fusti-Molnar, Y. Jung, J. Kussmann, C. Ochsenfeld,
 S. T. Brown, A. T. B. Gilbert, L. V. Slipchenko,S. V. Levchenko,
 D. P. O'Neill, R. A. DiStasio Jr., R. C. Lochan, T. Wang,
 G. J. O. Beran, N. A. Besley, J. M. Herbert, C. Y. Lin,
 T. Van Voorhis, S. H. Chien, A. Sodt, R. P. Steele, 
 V. A. Rassolov, P. E. Maslen, P. P. Korambath, R. D. Adamson,
 B. Austin, J. Baker, E. F. C. Byrd, H. Dachsel, R. J. Doerksen,
 A. Dreuw, B. D. Dunietz, A. D. Dutoi, T. R. Furlani,
 S. R. Gwaltney, A. Heyden, S. Hirata, C.-P. Hsu, G. Kedziora,
 R. Z. Khaliullin, P. Klunzinger, A. M. Lee, M. S. Lee, W. Liang,
 I. Lotan, N. Nair, B. Peters, E. I. Proynov, P. A. Pieniazek, 
 Y. M. Rhee, J. Ritchie, E. Rosta, C. D. Sherrill, 
 A. C. Simmonett, J. E. Subotnik, H. L. Woodcock III,
 W. Zhang, A. T. Bell, A. K. Chakraborty, D. M. Chipman,
 F. J. Keil, A. Warshel, W. J. Hehre, H. F. Schaefer III,
 J. Kong, A. I. Krylov, P. M. W. Gill, M. Head-Gordon,
 Q-Chem, Version 3.1, Q-Chem, Inc., Pittsburgh, PA (2007).

 Additional authors for Version 3.1: 
 Z. Gan, Y. Zhao, N. E. Schultz, D. Truhlar, E. Epifanovsky and M. Oana.

 Additional authors for Version 3.2: 
 R. Baer, B. R. Brooks, D. Casanova, J.-D. Chai, C.-L. Cheng, 
 C. Cramer, D. Crittenden, A. Ghysels, G. Hawkins, E. G. Hohenstein, 
 C. Kelley, W. Kurlancheek, D. Liotard, E. Livshits, P. Manohar, 
 A. Marenich, D. Neuhauser, R. Olson, M. A. Rohrdanz, K. S. Thanthiriwatte, 
 A. J. W. Thom, V. Vanovschi, C. F. Williams, Q. Wu and Z.-Q. You. 


 Intel X86 Linux Version

 Q-chem begins on Thu Mar 20 01:27:32 2014  

 Parallel job on  1  processors
Processing $rem in /usr/local/qchem/config/preferences.

theFileMan(): MAXOPENFILES=974 MAX_SUB_FILE_NUM=16
Maximum size of a physical file is 2.0 GB, maximum size of a tmp-file is 32.0 GB


--------------------------------------------------------------
User input:
--------------------------------------------------------------

$molecule
1,2
Si         0.00042        0.00000        0.00861
Si        -0.00042        0.00000        2.34162
H          1.39615        0.00000       -0.50798
H         -0.69759       -1.20904       -0.50646
H         -0.69759        1.20904       -0.50646
H         -1.39615        0.00000        2.85821
H          0.69759       -1.20904        2.85669
H          0.69759        1.20904        2.85669
$end

$comment
positive
$end

$xc_functional
C PBE   1.00
X wPBE  1.00
$end

$rem
SYMMETRY_DECOMPOSITION	0
LRC_DFT                 true
exchange 		general
BASIS                   g3large
omega			360
mem_static              760
max_scf_cycles          200
scf_final_print         1
sym_ignore              true
$end

--------------------------------------------------------------
 Writing REM_CC_EA            8
 ----------------------------------------------------
       Standard Nuclear Orientation (Angstroms)
    I     Atom         X            Y            Z
 ----------------------------------------------------
    1      Si      0.000420     0.000000     0.008610
    2      Si     -0.000420     0.000000     2.341620
    3      H       1.396150     0.000000    -0.507980
    4      H      -0.697590    -1.209040    -0.506460
    5      H      -0.697590     1.209040    -0.506460
    6      H      -1.396150     0.000000     2.858210
    7      H       0.697590    -1.209040     2.856690
    8      H       0.697590     1.209040     2.856690
 ----------------------------------------------------
 Nuclear Repulsion Energy =    90.8879884197 hartrees
 There are       17 alpha and       16 beta electrons
 Requested basis set is G3large
 There are 74 shells and 192 basis functions

Total QAlloc Memory Limit   2000 MB
Mega-Array Size       743 MB
MEM_STATIC part       760 MB

                       Distance Matrix (Angstroms)
             Si(  1)   Si(  2)   H (  3)   H (  4)   H (  5)   H (  6)
   Si(  2)  2.333010
   H (  3)  1.488263  3.173425
   H (  4)  1.488050  3.171653  2.417753
   H (  5)  1.488050  3.171653  2.417753  2.418080
   H (  6)  3.173425  1.488263  4.373577  3.642907  3.642907
   H (  7)  3.171653  1.488050  3.642907  3.641058  4.370860  2.417753
   H (  8)  3.171653  1.488050  3.642907  4.370860  3.641058  2.417753
             H (  7)
   H (  8)  2.418080
 
 A cutoff of  1.0D-08 yielded   2535 shell pairs
 There are  17276 function pairs ( 22407 Cartesian)
Evaluating contribution to one-electron hamiltonian from nuclear
 Smallest overlap matrix eigenvalue = 1.96E-04
 Multipole matrices computed through 2nd order

  Scale SEOQF with 1.000000e-01/1.000000e-01/1.000000e-01

 Standard Electronic Orientation quadrupole field applied
 Nucleus-field energy     =    -0.0000000103 hartrees
 Guess from superposition of atomic densities
 Warning:  Energy on first SCF cycle will be non-variational
 Long-range K will be added via erf
 Coulomb attenuation parameter = 0.36 bohr**(-1)
 An unrestricted Kohn-Sham SCF calculation will be
 performed using Pulay DIIS extrapolation
 Exchange:  wPBE + LR-HF      Correlation:  PBE
 Using SG-1 standard quadrature grid
 SCF converges when DIIS error is below 1.0E-05
 Requested basis set is G3large
 There are 74 shells and 192 basis functions
 A cutoff of  1.0D-08 yielded   2535 shell pairs
 There are  17276 function pairs ( 22407 Cartesian)
 Warning!  Inaccurate integrated density:
   Number of electrons =    33
   Numerical integral  =    34.000072301361
   Relative error      =     3.0305221253 %
 ---------------------------------------
  Cycle       Energy         DIIS Error
 ---------------------------------------
    1    -582.2895067808      2.14E-02
    2    -581.9051022650      2.70E-03
    3    -581.9691219322      1.32E-03
    4    -581.9771859830      2.74E-04
    5    -581.9777992473      6.75E-05
    6    -581.9779316164      2.02E-05
    7    -581.9779639358      1.06E-05
    8    -581.9779736616      6.67E-06 Convergence criterion met
 ---------------------------------------
 One-Electron    Energy =  -978.5755772596
 Total Coulomb   Energy =   349.2187867061
 Alpha Exchange  Energy =    -3.1574773880
 Beta  Exchange  Energy =    -2.9804481842
 DFT   Exchange  Energy =   -36.2119224438
 DFT Correlation Energy =    -1.1593235015
 Nuclear Repu.   Energy =    90.8879884094
 Nuclear Attr.   Energy = -1559.6090936101
 Kinetic         Energy =   581.0335163505
 <S^2> = 0.7550
 SCF time:  CPU 109.34 s  wall 110.53 s
 Final Alpha MO Eigenvalues
            1           2           3           4           5           6
    1 -65.8544876 -65.8544823  -5.5156335  -5.5155127  -3.9261646  -3.9255164
            7           8           9          10          11          12
    1  -3.9160077  -3.9160031  -3.9159445  -3.9159398  -0.9711790  -0.8687805
           13          14          15          16          17          18
    1  -0.7061567  -0.7054676  -0.6802438  -0.6718034  -0.6708840  -0.1451260
           19          20          21          22
    1  -0.1449972  -0.1210603  -0.1117807  -0.0862149
 Final Beta MO Eigenvalues
            1           2           3           4           5           6
    1 -65.8529954 -65.8529911  -5.5139407  -5.5138437  -3.9206683  -3.9200209
            7           8           9          10          11          12
    1  -3.9153991  -3.9153736  -3.9153421  -3.9153168  -0.9297576  -0.8446232
           13          14          15          16          17          18
    1  -0.6974611  -0.6972493  -0.6623043  -0.6622581  -0.3812127  -0.1232573
           19          20          21
    1  -0.1228852  -0.1056063  -0.1011432
 Analysis of SCF Wavefunction
 
 --------------------------------------------------------------
                    Orbital Energies (a.u.)
 --------------------------------------------------------------
 
 Alpha MOs
 -- Occupied --
-65.854 -65.854  -5.516  -5.516  -3.926  -3.926  -3.916  -3.916
 -3.916  -3.916  -0.971  -0.869  -0.706  -0.705  -0.680  -0.672
 -0.671
 -- Virtual --
 -0.145  -0.145  -0.121  -0.112  -0.086  -0.086  -0.060  -0.059
 -0.057  -0.057  -0.027  -0.027  -0.012   0.009   0.010   0.010
  0.019   0.019   0.035   0.039   0.039   0.060   0.061   0.112
  0.151   0.151   0.158   0.158   0.159   0.198   0.198   0.220
  0.220   0.254   0.273   0.273   0.296   0.317   0.323   0.347
  0.348   0.363   0.368   0.383   0.383   0.389   0.506   0.509
  0.510   0.522   0.536   0.536   0.550   0.578   0.578   0.595
  0.596   0.634   0.696   0.696   0.729   0.729   0.767   0.767
  0.788   0.796   0.826   0.826   0.835   0.966   0.997   1.007
  1.007   1.018   1.019   1.095   1.096   1.122   1.152   1.152
  1.189   1.207   1.226   1.226   1.257   1.257   1.271   1.392
  1.392   1.395   1.396   1.424   1.564   1.854   1.919   1.919
  1.962   1.970   2.032   2.033   2.081   2.095   2.096   2.168
  2.168   2.194   2.327   2.686   2.687   2.725   2.726   2.932
  2.958   3.373   3.374   3.399   3.401   3.407   3.625   3.627
  3.629   3.631   3.892   3.908   3.923   3.925   3.932   3.934
  3.945   3.973   3.974   4.013   4.014   4.047   4.049   4.185
  4.279   4.312   4.313   4.377   4.378   5.740   5.937  11.185
 11.185  11.214  11.214  11.274  11.424  17.238  17.292  17.292
 17.348  17.363  17.498  17.502  17.542  17.585  17.611  21.903
 21.912  21.914  21.921  21.925  21.928  21.930  21.933  21.943
 21.944  21.945  21.945  21.963  21.971 140.611 140.833
 
 Beta MOs
 -- Occupied --
-65.853 -65.853  -5.514  -5.514  -3.921  -3.920  -3.915  -3.915
 -3.915  -3.915  -0.930  -0.845  -0.697  -0.697  -0.662  -0.662
 -- Virtual --
 -0.381  -0.123  -0.123  -0.106  -0.101  -0.085  -0.085  -0.056
 -0.056  -0.053  -0.049  -0.027  -0.027  -0.004   0.014   0.017
  0.017   0.020   0.020   0.037   0.042   0.042   0.064   0.064
  0.130   0.157   0.157   0.161   0.161   0.167   0.201   0.201
  0.223   0.223   0.261   0.276   0.277   0.297   0.327   0.333
  0.352   0.352   0.365   0.374   0.390   0.396   0.396   0.517
  0.518   0.518   0.532   0.540   0.540   0.555   0.585   0.585
  0.600   0.600   0.639   0.701   0.702   0.732   0.732   0.774
  0.774   0.795   0.821   0.833   0.833   0.840   0.973   1.009
  1.015   1.016   1.021   1.021   1.099   1.099   1.125   1.158
  1.159   1.196   1.214   1.230   1.230   1.260   1.260   1.280
  1.398   1.398   1.401   1.401   1.448   1.574   1.879   1.946
  1.947   1.962   1.970   2.048   2.048   2.086   2.108   2.109
  2.192   2.192   2.197   2.351   2.694   2.694   2.732   2.733
  2.939   2.965   3.378   3.379   3.403   3.405   3.419   3.630
  3.631   3.633   3.635   3.900   3.922   3.931   3.932   3.940
  3.941   3.954   3.981   3.981   4.021   4.021   4.055   4.056
  4.193   4.288   4.320   4.321   4.386   4.386   5.746   5.941
 11.186  11.186  11.215  11.216  11.285  11.434  17.243  17.293
 17.293  17.351  17.365  17.503  17.504  17.544  17.586  17.612
 21.905  21.914  21.916  21.921  21.925  21.930  21.932  21.934
 21.945  21.945  21.946  21.947  21.964  21.973 140.613 140.835
 --------------------------------------------------------------
 
          Ground-State Mulliken Net Atomic Charges

     Atom                 Charge (a.u.)    Spin (a.u.)
  --------------------------------------------------------
      1 Si                    0.396717       0.377217
      2 Si                    0.396714       0.377210
      3 H                     0.033943       0.036947
      4 H                     0.034782       0.043951
      5 H                     0.034555       0.041893
      6 H                     0.033944       0.036953
      7 H                     0.034555       0.041883
      8 H                     0.034789       0.043947
  --------------------------------------------------------
  Sum of atomic charges =     1.000000
  Sum of spin   charges =     1.000000

 -----------------------------------------------------------------
                    Cartesian Multipole Moments
 -----------------------------------------------------------------
    Charge (ESU x 10^10)
                 4.8032
    Dipole Moment (Debye)
         X       0.0000      Y       0.0000      Z       5.6443
       Tot       5.6443
    Quadrupole Moments (Debye-Ang)
        XX     -25.2235     XY       0.0051     YY     -25.1890
        XZ       0.0546     YZ       0.0175     ZZ      -8.2928
    Octapole Moments (Debye-Ang^2)
       XXX       0.0000    XXY       0.0000    XYY       0.0000
       YYY       0.0000    XXZ     -29.6405    XYZ       0.0060
       YYZ     -29.5999    XZZ       0.1283    YZZ       0.0412
       ZZZ     -44.8234
    Hexadecapole Moments (Debye-Ang^3)
      XXXX     -62.0078   XXXY       0.0086   XXYY     -20.6476
      XYYY       0.0099   YYYY     -61.8904   XXXZ      -3.4137
      XXYZ       0.0112   XYYZ       3.6208   YYYZ       0.0334
      XXZZ     -87.5549   XYZZ       0.0273   YYZZ     -87.3914
      XZZZ       0.5468   YZZZ       0.1597   ZZZZ    -360.8826
 -----------------------------------------------------------------
 Total job time:  110.78s(wall), 109.56s(cpu) 
 Thu Mar 20 01:29:23 2014

        *************************************************************
        *                                                           *
        *  Thank you very much for using Q-Chem.  Have a nice day.  *
        *                                                           *
        *************************************************************


0 sent ACK to 0 
now end server 0 ... 
