Process 0 of 1 is on cl046 - thread support 1
initial socket setup ...start
initial socket setup ...done 
now start server 0 ... 

cmd = /usr/bin/ssh clhead /usr/local/qchem/bin/get_hostid 1420952725 > /tmp/1591913.1.medium.q/qchem13867/lic.dat

cmd = /usr/bin/ssh clhead /usr/local/qchem/bin/get_hostid 1420952725 > /tmp/1591913.1.medium.q/qchem13867/lic.dat

cmd = /usr/bin/ssh clhead /usr/local/qchem/bin/get_hostid 1420952725 > /tmp/1591913.1.medium.q/qchem13867/lic.dat

cmd = /usr/bin/ssh clhead /usr/local/qchem/bin/get_hostid 1420952725 > /tmp/1591913.1.medium.q/qchem13867/lic.dat

cmd = /usr/bin/ssh clhead /usr/local/qchem/bin/get_hostid 1420952725 > /tmp/1591913.1.medium.q/qchem13867/lic.dat
                  Welcome to Q-Chem
     A Quantum Leap Into The Future Of Chemistry

 Y. Shao, L. Fusti-Molnar, Y. Jung, J. Kussmann, C. Ochsenfeld,
 S. T. Brown, A. T. B. Gilbert, L. V. Slipchenko,S. V. Levchenko,
 D. P. O'Neill, R. A. DiStasio Jr., R. C. Lochan, T. Wang,
 G. J. O. Beran, N. A. Besley, J. M. Herbert, C. Y. Lin,
 T. Van Voorhis, S. H. Chien, A. Sodt, R. P. Steele, 
 V. A. Rassolov, P. E. Maslen, P. P. Korambath, R. D. Adamson,
 B. Austin, J. Baker, E. F. C. Byrd, H. Dachsel, R. J. Doerksen,
 A. Dreuw, B. D. Dunietz, A. D. Dutoi, T. R. Furlani,
 S. R. Gwaltney, A. Heyden, S. Hirata, C.-P. Hsu, G. Kedziora,
 R. Z. Khaliullin, P. Klunzinger, A. M. Lee, M. S. Lee, W. Liang,
 I. Lotan, N. Nair, B. Peters, E. I. Proynov, P. A. Pieniazek, 
 Y. M. Rhee, J. Ritchie, E. Rosta, C. D. Sherrill, 
 A. C. Simmonett, J. E. Subotnik, H. L. Woodcock III,
 W. Zhang, A. T. Bell, A. K. Chakraborty, D. M. Chipman,
 F. J. Keil, A. Warshel, W. J. Hehre, H. F. Schaefer III,
 J. Kong, A. I. Krylov, P. M. W. Gill, M. Head-Gordon,
 Q-Chem, Version 3.1, Q-Chem, Inc., Pittsburgh, PA (2007).

 Additional authors for Version 3.1: 
 Z. Gan, Y. Zhao, N. E. Schultz, D. Truhlar, E. Epifanovsky and M. Oana.

 Additional authors for Version 3.2: 
 R. Baer, B. R. Brooks, D. Casanova, J.-D. Chai, C.-L. Cheng, 
 C. Cramer, D. Crittenden, A. Ghysels, G. Hawkins, E. G. Hohenstein, 
 C. Kelley, W. Kurlancheek, D. Liotard, E. Livshits, P. Manohar, 
 A. Marenich, D. Neuhauser, R. Olson, M. A. Rohrdanz, K. S. Thanthiriwatte, 
 A. J. W. Thom, V. Vanovschi, C. F. Williams, Q. Wu and Z.-Q. You. 


 Intel X86 Linux Version

 Q-chem begins on Tue Mar 18 10:49:05 2014  

 Parallel job on  1  processors
Processing $rem in /usr/local/qchem/config/preferences.

theFileMan(): MAXOPENFILES=974 MAX_SUB_FILE_NUM=16
Maximum size of a physical file is 2.0 GB, maximum size of a tmp-file is 32.0 GB


--------------------------------------------------------------
User input:
--------------------------------------------------------------

$molecule
-1,2
Si         0.00042        0.00000        0.00861
Si        -0.00042        0.00000        2.34162
H          1.39615        0.00000       -0.50798
H         -0.69759       -1.20904       -0.50646
H         -0.69759        1.20904       -0.50646
H         -1.39615        0.00000        2.85821
H          0.69759       -1.20904        2.85669
H          0.69759        1.20904        2.85669
$end

$comment
negative
$end

$xc_functional
C PBE   1.00
X wPBE  1.00
$end

$rem
SYMMETRY_DECOMPOSITION	0
exchange 		general
LRC_DFT                 true
BASIS                   g3large
omega			600
mem_static              760
max_scf_cycles          200
scf_final_print         1
sym_ignore              true
$end

--------------------------------------------------------------
 Writing REM_CC_EA            8
 ----------------------------------------------------
       Standard Nuclear Orientation (Angstroms)
    I     Atom         X            Y            Z
 ----------------------------------------------------
    1      Si      0.000420     0.000000     0.008610
    2      Si     -0.000420     0.000000     2.341620
    3      H       1.396150     0.000000    -0.507980
    4      H      -0.697590    -1.209040    -0.506460
    5      H      -0.697590     1.209040    -0.506460
    6      H      -1.396150     0.000000     2.858210
    7      H       0.697590    -1.209040     2.856690
    8      H       0.697590     1.209040     2.856690
 ----------------------------------------------------
 Nuclear Repulsion Energy =    90.8879884197 hartrees
 There are       18 alpha and       17 beta electrons
 Requested basis set is G3large
 There are 74 shells and 192 basis functions

Total QAlloc Memory Limit   2000 MB
Mega-Array Size       743 MB
MEM_STATIC part       760 MB

                       Distance Matrix (Angstroms)
             Si(  1)   Si(  2)   H (  3)   H (  4)   H (  5)   H (  6)
   Si(  2)  2.333010
   H (  3)  1.488263  3.173425
   H (  4)  1.488050  3.171653  2.417753
   H (  5)  1.488050  3.171653  2.417753  2.418080
   H (  6)  3.173425  1.488263  4.373577  3.642907  3.642907
   H (  7)  3.171653  1.488050  3.642907  3.641058  4.370860  2.417753
   H (  8)  3.171653  1.488050  3.642907  4.370860  3.641058  2.417753
             H (  7)
   H (  8)  2.418080
 
 A cutoff of  1.0D-08 yielded   2535 shell pairs
 There are  17276 function pairs ( 22407 Cartesian)
Evaluating contribution to one-electron hamiltonian from nuclear
 Smallest overlap matrix eigenvalue = 1.96E-04
 Multipole matrices computed through 2nd order

  Scale SEOQF with 1.000000e-01/1.000000e-01/1.000000e-01

 Standard Electronic Orientation quadrupole field applied
 Nucleus-field energy     =    -0.0000000103 hartrees
 Guess from superposition of atomic densities
 Warning:  Energy on first SCF cycle will be non-variational
 Long-range K will be added via erf
 Coulomb attenuation parameter = 0.6 bohr**(-1)
 An unrestricted Kohn-Sham SCF calculation will be
 performed using Pulay DIIS extrapolation
 Exchange:  wPBE + LR-HF      Correlation:  PBE
 Using SG-1 standard quadrature grid
 SCF converges when DIIS error is below 1.0E-05
 Requested basis set is G3large
 There are 74 shells and 192 basis functions
 A cutoff of  1.0D-08 yielded   2535 shell pairs
 There are  17276 function pairs ( 22407 Cartesian)
 Warning!  Inaccurate integrated density:
   Number of electrons =    35
   Numerical integral  =    34.000072301361
   Relative error      =    -2.8569362818 %
 ---------------------------------------
  Cycle       Energy         DIIS Error
 ---------------------------------------
    1    -582.3522228858      2.17E-02
    2    -582.3350009463      1.63E-03
    3    -582.3678079206      5.95E-04
    4    -582.3710855956      1.97E-04
    5    -582.3718661570      6.32E-05
    6    -582.3721240397      3.49E-05
    7    -582.3723455367      3.27E-05
    8    -582.3725116449      3.47E-05
    9    -582.3718192977      3.16E-05
   10    -582.3716775741      2.98E-05
   11    -582.3716812450      1.76E-05
   12    -582.3717321621      1.37E-05
   13    -582.3718211637      1.14E-05
   14    -582.3719724308      9.63E-06 Convergence criterion met
 ---------------------------------------
 One-Electron    Energy =  -993.4450171384
 Total Coulomb   Energy =   364.2577653241
 Alpha Exchange  Energy =    -4.9330962341
 Beta  Exchange  Energy =    -4.7767755641
 DFT   Exchange  Energy =   -33.1430909661
 DFT Correlation Energy =    -1.2197462615
 Nuclear Repu.   Energy =    90.8879884094
 Nuclear Attr.   Energy = -1574.7063394497
 Kinetic         Energy =   581.2613223113
 <S^2> = 0.7564
 SCF time:  CPU 252.95 s  wall 253.63 s
 Final Alpha MO Eigenvalues
            1           2           3           4           5           6
    1 -65.5413173 -65.5412607  -5.2018637  -5.2016853  -3.5891946  -3.5891323
            7           8           9          10          11          12
    1  -3.5884740  -3.5881705  -3.5878410  -3.5875261  -0.5716994  -0.4964965
           13          14          15          16          17          18
    1  -0.3308323  -0.3295005  -0.3031190  -0.3014379  -0.2381862   0.0583451
           19          20          21          22          23
    1   0.1618503   0.1655713   0.1950169   0.1977256   0.1982109
 Final Beta MO Eigenvalues
            1           2           3           4           5           6
    1 -65.5413623 -65.5413055  -5.2017731  -5.2016089  -3.5892267  -3.5891854
            7           8           9          10          11          12
    1  -3.5884566  -3.5879704  -3.5873801  -3.5872931  -0.5615630  -0.4918952
           13          14          15          16          17          18
    1  -0.3244596  -0.3126216  -0.2978012  -0.2872133  -0.2225508   0.1649785
           19          20          21          22
    1   0.1668874   0.1963129   0.1991020   0.2028266
 Analysis of SCF Wavefunction
 
 --------------------------------------------------------------
                    Orbital Energies (a.u.)
 --------------------------------------------------------------
 
 Alpha MOs
 -- Occupied --
-65.541 -65.541  -5.202  -5.202  -3.589  -3.589  -3.588  -3.588
 -3.588  -3.588  -0.572  -0.496  -0.331  -0.330  -0.303  -0.301
 -0.238   0.058
 -- Virtual --
  0.162   0.166   0.195   0.198   0.198   0.201   0.204   0.212
  0.214   0.222   0.227   0.263   0.299   0.304   0.304   0.304
  0.338   0.349   0.368   0.388   0.408   0.411   0.458   0.486
  0.502   0.505   0.507   0.510   0.551   0.552   0.557   0.563
  0.594   0.598   0.604   0.686   0.690   0.698   0.728   0.731
  0.740   0.755   0.778   0.780   0.781   0.911   0.913   0.921
  0.927   0.933   0.935   0.946   0.984   0.988   1.003   1.003
  1.020   1.137   1.137   1.149   1.150   1.203   1.203   1.205
  1.246   1.248   1.250   1.280   1.379   1.423   1.431   1.433
  1.445   1.447   1.512   1.514   1.529   1.581   1.583   1.622
  1.628   1.683   1.686   1.719   1.719   1.723   1.838   1.842
  1.842   1.846   1.934   2.032   2.372   2.435   2.438   2.458
  2.467   2.539   2.540   2.582   2.601   2.602   2.682   2.688
  2.691   2.846   3.177   3.182   3.212   3.217   3.425   3.453
  3.913   3.914   3.939   3.940   3.951   4.137   4.140   4.141
  4.144   4.387   4.413   4.418   4.420   4.426   4.438   4.444
  4.466   4.472   4.502   4.509   4.541   4.542   4.685   4.792
  4.823   4.827   4.891   4.895   6.292   6.482  11.744  11.746
 11.774  11.775  11.847  11.993  17.820  17.864  17.864  17.918
 17.933  18.073  18.080  18.114  18.152  18.178  22.478  22.485
 22.489  22.489  22.494  22.502  22.503  22.505  22.515  22.516
 22.516  22.517  22.532  22.543 141.194 141.415
 
 Beta MOs
 -- Occupied --
-65.541 -65.541  -5.202  -5.202  -3.589  -3.589  -3.588  -3.588
 -3.587  -3.587  -0.562  -0.492  -0.324  -0.313  -0.298  -0.287
 -0.223
 -- Virtual --
  0.165   0.167   0.196   0.199   0.203   0.207   0.208   0.213
  0.216   0.223   0.229   0.231   0.301   0.307   0.309   0.310
  0.322   0.354   0.356   0.371   0.393   0.413   0.414   0.463
  0.491   0.504   0.509   0.509   0.514   0.559   0.560   0.566
  0.572   0.599   0.604   0.605   0.693   0.694   0.708   0.739
  0.742   0.745   0.759   0.783   0.787   0.790   0.918   0.923
  0.924   0.929   0.939   0.942   0.951   0.986   0.990   1.005
  1.008   1.026   1.138   1.139   1.150   1.155   1.205   1.206
  1.214   1.248   1.254   1.256   1.281   1.381   1.426   1.435
  1.436   1.448   1.454   1.516   1.518   1.533   1.583   1.587
  1.626   1.632   1.685   1.692   1.721   1.722   1.729   1.841
  1.844   1.847   1.851   1.939   2.034   2.372   2.436   2.444
  2.462   2.470   2.541   2.545   2.584   2.604   2.606   2.685
  2.689   2.695   2.848   3.179   3.191   3.214   3.226   3.431
  3.458   3.913   3.915   3.940   3.942   3.951   4.138   4.141
  4.145   4.148   4.391   4.415   4.423   4.425   4.434   4.442
  4.446   4.469   4.481   4.504   4.517   4.547   4.548   4.690
  4.795   4.825   4.834   4.892   4.902   6.292   6.482  11.744
 11.747  11.774  11.776  11.847  11.993  17.819  17.864  17.864
 17.918  17.933  18.074  18.080  18.114  18.152  18.178  22.478
 22.485  22.489  22.489  22.494  22.502  22.503  22.505  22.515
 22.516  22.517  22.518  22.532  22.543 141.194 141.415
 --------------------------------------------------------------
 
          Ground-State Mulliken Net Atomic Charges

     Atom                 Charge (a.u.)    Spin (a.u.)
  --------------------------------------------------------
      1 Si                   -0.338521       0.684386
      2 Si                   -0.338914       0.684348
      3 H                    -0.053479      -0.062505
      4 H                    -0.114521      -0.023980
      5 H                     0.006687      -0.097873
      6 H                    -0.053078      -0.062887
      7 H                     0.006202      -0.097367
      8 H                    -0.114376      -0.024122
  --------------------------------------------------------
  Sum of atomic charges =    -1.000000
  Sum of spin   charges =     1.000000

 -----------------------------------------------------------------
                    Cartesian Multipole Moments
 -----------------------------------------------------------------
    Charge (ESU x 10^10)
                -4.8032
    Dipole Moment (Debye)
         X       0.0017      Y      -0.0016      Z      -5.6445
       Tot       5.6445
    Quadrupole Moments (Debye-Ang)
        XX     -44.3050     XY       3.2190     YY     -44.5544
        XZ       0.1342     YZ       0.5354     ZZ     -55.3118
    Octapole Moments (Debye-Ang^2)
       XXX       0.0165    XXY      -0.0061    XYY       0.0065
       YYY      -0.0164    XXZ     -52.0565    XYZ       3.7912
       YYZ     -52.3666    XZZ       0.3106    YZZ       1.2631
       ZZZ    -179.4048
    Hexadecapole Moments (Debye-Ang^3)
      XXXX    -182.8484   XXXY       9.1532   XXYY     -61.7662
      XYYY      24.7421   YYYY    -186.3071   XXXZ       3.9823
      XXYZ      -1.2660   XYYZ      -2.3625   YYYZ      -4.1131
      XXZZ    -185.2971   XYZZ       9.0861   YYZZ    -185.7967
      XZZZ       1.5660   YZZZ      19.7218   ZZZZ    -898.6565
 -----------------------------------------------------------------
 Total job time:  253.95s(wall), 253.26s(cpu) 
 Tue Mar 18 10:53:19 2014

        *************************************************************
        *                                                           *
        *  Thank you very much for using Q-Chem.  Have a nice day.  *
        *                                                           *
        *************************************************************


0 sent ACK to 0 
now end server 0 ... 
 
**********************************************************************
Job 2 of 3 
**********************************************************************
 
Process 0 of 1 is on cl046 - thread support 1
initial socket setup ...start
initial socket setup ...done 
now start server 0 ... 

cmd = /usr/bin/ssh clhead /usr/local/qchem/bin/get_hostid 2122556154 > /tmp/1591913.1.medium.q/qchem13867/lic.dat

cmd = /usr/bin/ssh clhead /usr/local/qchem/bin/get_hostid 2122556154 > /tmp/1591913.1.medium.q/qchem13867/lic.dat

cmd = /usr/bin/ssh clhead /usr/local/qchem/bin/get_hostid 2122556154 > /tmp/1591913.1.medium.q/qchem13867/lic.dat

cmd = /usr/bin/ssh clhead /usr/local/qchem/bin/get_hostid 2122556154 > /tmp/1591913.1.medium.q/qchem13867/lic.dat

cmd = /usr/bin/ssh clhead /usr/local/qchem/bin/get_hostid 2122556154 > /tmp/1591913.1.medium.q/qchem13867/lic.dat
                  Welcome to Q-Chem
     A Quantum Leap Into The Future Of Chemistry

 Y. Shao, L. Fusti-Molnar, Y. Jung, J. Kussmann, C. Ochsenfeld,
 S. T. Brown, A. T. B. Gilbert, L. V. Slipchenko,S. V. Levchenko,
 D. P. O'Neill, R. A. DiStasio Jr., R. C. Lochan, T. Wang,
 G. J. O. Beran, N. A. Besley, J. M. Herbert, C. Y. Lin,
 T. Van Voorhis, S. H. Chien, A. Sodt, R. P. Steele, 
 V. A. Rassolov, P. E. Maslen, P. P. Korambath, R. D. Adamson,
 B. Austin, J. Baker, E. F. C. Byrd, H. Dachsel, R. J. Doerksen,
 A. Dreuw, B. D. Dunietz, A. D. Dutoi, T. R. Furlani,
 S. R. Gwaltney, A. Heyden, S. Hirata, C.-P. Hsu, G. Kedziora,
 R. Z. Khaliullin, P. Klunzinger, A. M. Lee, M. S. Lee, W. Liang,
 I. Lotan, N. Nair, B. Peters, E. I. Proynov, P. A. Pieniazek, 
 Y. M. Rhee, J. Ritchie, E. Rosta, C. D. Sherrill, 
 A. C. Simmonett, J. E. Subotnik, H. L. Woodcock III,
 W. Zhang, A. T. Bell, A. K. Chakraborty, D. M. Chipman,
 F. J. Keil, A. Warshel, W. J. Hehre, H. F. Schaefer III,
 J. Kong, A. I. Krylov, P. M. W. Gill, M. Head-Gordon,
 Q-Chem, Version 3.1, Q-Chem, Inc., Pittsburgh, PA (2007).

 Additional authors for Version 3.1: 
 Z. Gan, Y. Zhao, N. E. Schultz, D. Truhlar, E. Epifanovsky and M. Oana.

 Additional authors for Version 3.2: 
 R. Baer, B. R. Brooks, D. Casanova, J.-D. Chai, C.-L. Cheng, 
 C. Cramer, D. Crittenden, A. Ghysels, G. Hawkins, E. G. Hohenstein, 
 C. Kelley, W. Kurlancheek, D. Liotard, E. Livshits, P. Manohar, 
 A. Marenich, D. Neuhauser, R. Olson, M. A. Rohrdanz, K. S. Thanthiriwatte, 
 A. J. W. Thom, V. Vanovschi, C. F. Williams, Q. Wu and Z.-Q. You. 


 Intel X86 Linux Version

 Q-chem begins on Tue Mar 18 10:53:26 2014  

 Parallel job on  1  processors
Processing $rem in /usr/local/qchem/config/preferences.

theFileMan(): MAXOPENFILES=974 MAX_SUB_FILE_NUM=16
Maximum size of a physical file is 2.0 GB, maximum size of a tmp-file is 32.0 GB


--------------------------------------------------------------
User input:
--------------------------------------------------------------

$molecule
0,1
Si         0.00042        0.00000        0.00861
Si        -0.00042        0.00000        2.34162
H          1.39615        0.00000       -0.50798
H         -0.69759       -1.20904       -0.50646
H         -0.69759        1.20904       -0.50646
H         -1.39615        0.00000        2.85821
H          0.69759       -1.20904        2.85669
H          0.69759        1.20904        2.85669
$end

$comment
neutral
$end

$xc_functional
C PBE   1.00
X wPBE  1.00
$end


$rem
SYMMETRY_DECOMPOSITION	0
LRC_DFT                 true
exchange 		general
BASIS                   g3large
omega			600
mem_static              760
max_scf_cycles          200
scf_final_print         1
sym_ignore              true
$end

--------------------------------------------------------------
 Writing REM_CC_EA            8
 ----------------------------------------------------
       Standard Nuclear Orientation (Angstroms)
    I     Atom         X            Y            Z
 ----------------------------------------------------
    1      Si      0.000420     0.000000     0.008610
    2      Si     -0.000420     0.000000     2.341620
    3      H       1.396150     0.000000    -0.507980
    4      H      -0.697590    -1.209040    -0.506460
    5      H      -0.697590     1.209040    -0.506460
    6      H      -1.396150     0.000000     2.858210
    7      H       0.697590    -1.209040     2.856690
    8      H       0.697590     1.209040     2.856690
 ----------------------------------------------------
 Nuclear Repulsion Energy =    90.8879884197 hartrees
 There are       17 alpha and       17 beta electrons
 Requested basis set is G3large
 There are 74 shells and 192 basis functions

Total QAlloc Memory Limit   2000 MB
Mega-Array Size       743 MB
MEM_STATIC part       760 MB

                       Distance Matrix (Angstroms)
             Si(  1)   Si(  2)   H (  3)   H (  4)   H (  5)   H (  6)
   Si(  2)  2.333010
   H (  3)  1.488263  3.173425
   H (  4)  1.488050  3.171653  2.417753
   H (  5)  1.488050  3.171653  2.417753  2.418080
   H (  6)  3.173425  1.488263  4.373577  3.642907  3.642907
   H (  7)  3.171653  1.488050  3.642907  3.641058  4.370860  2.417753
   H (  8)  3.171653  1.488050  3.642907  4.370860  3.641058  2.417753
             H (  7)
   H (  8)  2.418080
 
 A cutoff of  1.0D-08 yielded   2535 shell pairs
 There are  17276 function pairs ( 22407 Cartesian)
Evaluating contribution to one-electron hamiltonian from nuclear
 Smallest overlap matrix eigenvalue = 1.96E-04
 Multipole matrices computed through 2nd order

  Scale SEOQF with 1.000000e-01/1.000000e-01/1.000000e-01

 Standard Electronic Orientation quadrupole field applied
 Nucleus-field energy     =    -0.0000000103 hartrees
 Guess from superposition of atomic densities
 Warning:  Energy on first SCF cycle will be non-variational
 Long-range K will be added via erf
 Coulomb attenuation parameter = 0.6 bohr**(-1)
 A restricted Kohn-Sham SCF calculation will be
 performed using Pulay DIIS extrapolation
 Exchange:  wPBE + LR-HF      Correlation:  PBE
 Using SG-1 standard quadrature grid
 SCF converges when DIIS error is below 1.0E-05
 Requested basis set is G3large
 There are 74 shells and 192 basis functions
 A cutoff of  1.0D-08 yielded   2535 shell pairs
 There are  17276 function pairs ( 22407 Cartesian)
 ---------------------------------------
  Cycle       Energy         DIIS Error
 ---------------------------------------
    1    -582.3522228858      2.17E-02
    2    -582.4086177971      1.76E-03
    3    -582.4417038675      4.58E-04
    4    -582.4440477174      1.57E-04
    5    -582.4442791011      4.45E-05
    6    -582.4443006214      1.01E-05
    7    -582.4443027730      2.29E-06 Convergence criterion met
 ---------------------------------------
 One-Electron    Energy =  -987.0483861240
 Total Coulomb   Energy =   357.6145439295
 Alpha Exchange  Energy =    -4.7900981231
 Beta  Exchange  Energy =    -4.7900981231
 DFT   Exchange  Energy =   -33.1220218276
 DFT Correlation Energy =    -1.1962309141
 Nuclear Repu.   Energy =    90.8879884094
 Nuclear Attr.   Energy = -1568.2236214411
 Kinetic         Energy =   581.1752353171
 SCF time:  CPU 97.98 s  wall 98.38 s
 Final Alpha MO Eigenvalues
            1           2           3           4           5           6
    1 -65.7294816 -65.7294760  -5.3933051  -5.3931352  -3.7798925  -3.7796193
            7           8           9          10          11          12
    1  -3.7796054  -3.7795292  -3.7795161  -3.7791534  -0.7614293  -0.6825866
           13          14          15          16          17          18
    1  -0.5105549  -0.5104813  -0.4814717  -0.4814459  -0.4247846   0.0442930
           19          20          21          22
    1   0.0517747   0.0758399   0.0758487   0.0799971
 Analysis of SCF Wavefunction
 
 --------------------------------------------------------------
                    Orbital Energies (a.u.)
 --------------------------------------------------------------
 
 Alpha MOs
 -- Occupied --
-65.729 -65.729  -5.393  -5.393  -3.780  -3.780  -3.780  -3.780
 -3.780  -3.779  -0.761  -0.683  -0.511  -0.510  -0.481  -0.481
 -0.425
 -- Virtual --
  0.044   0.052   0.076   0.076   0.080   0.080   0.083   0.086
  0.086   0.099   0.099   0.107   0.152   0.155   0.156   0.166
  0.174   0.192   0.192   0.225   0.237   0.242   0.242   0.310
  0.338   0.345   0.345   0.356   0.356   0.397   0.397   0.403
  0.403   0.447   0.450   0.450   0.512   0.530   0.534   0.564
  0.564   0.571   0.585   0.607   0.611   0.612   0.742   0.742
  0.751   0.755   0.763   0.763   0.771   0.819   0.819   0.827
  0.827   0.850   0.957   0.957   0.975   0.975   1.022   1.023
  1.028   1.071   1.071   1.075   1.095   1.206   1.247   1.257
  1.257   1.266   1.266   1.338   1.338   1.355   1.404   1.404
  1.447   1.453   1.500   1.500   1.535   1.535   1.541   1.662
  1.662   1.666   1.666   1.742   1.849   2.178   2.244   2.244
  2.266   2.274   2.348   2.348   2.390   2.410   2.410   2.493
  2.496   2.496   2.654   2.996   2.996   3.032   3.032   3.242
  3.269   3.721   3.721   3.746   3.747   3.759   3.950   3.952
  3.954   3.956   4.202   4.231   4.232   4.239   4.239   4.254
  4.254   4.283   4.284   4.322   4.322   4.356   4.357   4.500
  4.605   4.637   4.638   4.705   4.705   6.100   6.291  11.555
 11.555  11.584  11.585  11.655  11.802  17.628  17.672  17.673
 17.727  17.741  17.882  17.889  17.923  17.961  17.987  22.286
 22.294  22.297  22.297  22.302  22.310  22.311  22.313  22.324
 22.325  22.325  22.326  22.340  22.352 141.005 141.227
 --------------------------------------------------------------
 
          Ground-State Mulliken Net Atomic Charges

     Atom                 Charge (a.u.)
  ----------------------------------------
      1 Si                    0.209775
      2 Si                    0.209716
      3 H                    -0.069868
      4 H                    -0.069948
      5 H                    -0.069933
      6 H                    -0.069862
      7 H                    -0.069934
      8 H                    -0.069945
  ----------------------------------------
  Sum of atomic charges =     0.000000

 -----------------------------------------------------------------
                    Cartesian Multipole Moments
 -----------------------------------------------------------------
    Charge (ESU x 10^10)
                 0.0000
    Dipole Moment (Debye)
         X       0.0000      Y       0.0000      Z       0.0000
       Tot       0.0000
    Quadrupole Moments (Debye-Ang)
        XX     -30.9090     XY      -0.0002     YY     -30.9108
        XZ      -0.0038     YZ       0.0000     ZZ     -31.7616
    Octapole Moments (Debye-Ang^2)
       XXX       0.0001    XXY       0.0000    XYY       0.0000
       YYY       0.0000    XXZ     -36.3216    XYZ      -0.0002
       YYZ     -36.3238    XZZ      -0.0088    YZZ      -0.0001
       ZZZ    -111.9705
    Hexadecapole Moments (Debye-Ang^3)
      XXXX     -80.6912   XXXY      -0.0006   XXYY     -26.8980
      XYYY      -0.0005   YYYY     -80.7029   XXXZ       1.2030
      XXYZ      -0.0001   XYYZ      -1.1358   YYYZ      -0.0004
      XXZZ    -117.4994   XYZZ      -0.0014   YYZZ    -117.5155
      XZZZ       0.0293   YZZZ      -0.0008   ZZZZ    -610.2505
 -----------------------------------------------------------------
 Total job time:  98.68s(wall), 98.27s(cpu) 
 Tue Mar 18 10:55:05 2014

        *************************************************************
        *                                                           *
        *  Thank you very much for using Q-Chem.  Have a nice day.  *
        *                                                           *
        *************************************************************


0 sent ACK to 0 
now end server 0 ... 
 
**********************************************************************
Job 3 of 3 
**********************************************************************
 
Process 0 of 1 is on cl046 - thread support 1
initial socket setup ...start
initial socket setup ...done 
now start server 0 ... 

cmd = /usr/bin/ssh clhead /usr/local/qchem/bin/get_hostid 1027159248 > /tmp/1591913.1.medium.q/qchem13867/lic.dat

cmd = /usr/bin/ssh clhead /usr/local/qchem/bin/get_hostid 1027159248 > /tmp/1591913.1.medium.q/qchem13867/lic.dat

cmd = /usr/bin/ssh clhead /usr/local/qchem/bin/get_hostid 1027159248 > /tmp/1591913.1.medium.q/qchem13867/lic.dat

cmd = /usr/bin/ssh clhead /usr/local/qchem/bin/get_hostid 1027159248 > /tmp/1591913.1.medium.q/qchem13867/lic.dat

cmd = /usr/bin/ssh clhead /usr/local/qchem/bin/get_hostid 1027159248 > /tmp/1591913.1.medium.q/qchem13867/lic.dat
                  Welcome to Q-Chem
     A Quantum Leap Into The Future Of Chemistry

 Y. Shao, L. Fusti-Molnar, Y. Jung, J. Kussmann, C. Ochsenfeld,
 S. T. Brown, A. T. B. Gilbert, L. V. Slipchenko,S. V. Levchenko,
 D. P. O'Neill, R. A. DiStasio Jr., R. C. Lochan, T. Wang,
 G. J. O. Beran, N. A. Besley, J. M. Herbert, C. Y. Lin,
 T. Van Voorhis, S. H. Chien, A. Sodt, R. P. Steele, 
 V. A. Rassolov, P. E. Maslen, P. P. Korambath, R. D. Adamson,
 B. Austin, J. Baker, E. F. C. Byrd, H. Dachsel, R. J. Doerksen,
 A. Dreuw, B. D. Dunietz, A. D. Dutoi, T. R. Furlani,
 S. R. Gwaltney, A. Heyden, S. Hirata, C.-P. Hsu, G. Kedziora,
 R. Z. Khaliullin, P. Klunzinger, A. M. Lee, M. S. Lee, W. Liang,
 I. Lotan, N. Nair, B. Peters, E. I. Proynov, P. A. Pieniazek, 
 Y. M. Rhee, J. Ritchie, E. Rosta, C. D. Sherrill, 
 A. C. Simmonett, J. E. Subotnik, H. L. Woodcock III,
 W. Zhang, A. T. Bell, A. K. Chakraborty, D. M. Chipman,
 F. J. Keil, A. Warshel, W. J. Hehre, H. F. Schaefer III,
 J. Kong, A. I. Krylov, P. M. W. Gill, M. Head-Gordon,
 Q-Chem, Version 3.1, Q-Chem, Inc., Pittsburgh, PA (2007).

 Additional authors for Version 3.1: 
 Z. Gan, Y. Zhao, N. E. Schultz, D. Truhlar, E. Epifanovsky and M. Oana.

 Additional authors for Version 3.2: 
 R. Baer, B. R. Brooks, D. Casanova, J.-D. Chai, C.-L. Cheng, 
 C. Cramer, D. Crittenden, A. Ghysels, G. Hawkins, E. G. Hohenstein, 
 C. Kelley, W. Kurlancheek, D. Liotard, E. Livshits, P. Manohar, 
 A. Marenich, D. Neuhauser, R. Olson, M. A. Rohrdanz, K. S. Thanthiriwatte, 
 A. J. W. Thom, V. Vanovschi, C. F. Williams, Q. Wu and Z.-Q. You. 


 Intel X86 Linux Version

 Q-chem begins on Tue Mar 18 10:55:09 2014  

 Parallel job on  1  processors
Processing $rem in /usr/local/qchem/config/preferences.

theFileMan(): MAXOPENFILES=974 MAX_SUB_FILE_NUM=16
Maximum size of a physical file is 2.0 GB, maximum size of a tmp-file is 32.0 GB


--------------------------------------------------------------
User input:
--------------------------------------------------------------

$molecule
1,2
Si         0.00042        0.00000        0.00861
Si        -0.00042        0.00000        2.34162
H          1.39615        0.00000       -0.50798
H         -0.69759       -1.20904       -0.50646
H         -0.69759        1.20904       -0.50646
H         -1.39615        0.00000        2.85821
H          0.69759       -1.20904        2.85669
H          0.69759        1.20904        2.85669
$end

$comment
positive
$end

$xc_functional
C PBE   1.00
X wPBE  1.00
$end

$rem
SYMMETRY_DECOMPOSITION	0
LRC_DFT                 true
exchange 		general
BASIS                   g3large
omega			600
mem_static              760
max_scf_cycles          200
scf_final_print         1
sym_ignore              true
$end

--------------------------------------------------------------
 Writing REM_CC_EA            8
 ----------------------------------------------------
       Standard Nuclear Orientation (Angstroms)
    I     Atom         X            Y            Z
 ----------------------------------------------------
    1      Si      0.000420     0.000000     0.008610
    2      Si     -0.000420     0.000000     2.341620
    3      H       1.396150     0.000000    -0.507980
    4      H      -0.697590    -1.209040    -0.506460
    5      H      -0.697590     1.209040    -0.506460
    6      H      -1.396150     0.000000     2.858210
    7      H       0.697590    -1.209040     2.856690
    8      H       0.697590     1.209040     2.856690
 ----------------------------------------------------
 Nuclear Repulsion Energy =    90.8879884197 hartrees
 There are       17 alpha and       16 beta electrons
 Requested basis set is G3large
 There are 74 shells and 192 basis functions

Total QAlloc Memory Limit   2000 MB
Mega-Array Size       743 MB
MEM_STATIC part       760 MB

                       Distance Matrix (Angstroms)
             Si(  1)   Si(  2)   H (  3)   H (  4)   H (  5)   H (  6)
   Si(  2)  2.333010
   H (  3)  1.488263  3.173425
   H (  4)  1.488050  3.171653  2.417753
   H (  5)  1.488050  3.171653  2.417753  2.418080
   H (  6)  3.173425  1.488263  4.373577  3.642907  3.642907
   H (  7)  3.171653  1.488050  3.642907  3.641058  4.370860  2.417753
   H (  8)  3.171653  1.488050  3.642907  4.370860  3.641058  2.417753
             H (  7)
   H (  8)  2.418080
 
 A cutoff of  1.0D-08 yielded   2535 shell pairs
 There are  17276 function pairs ( 22407 Cartesian)
Evaluating contribution to one-electron hamiltonian from nuclear
 Smallest overlap matrix eigenvalue = 1.96E-04
 Multipole matrices computed through 2nd order

  Scale SEOQF with 1.000000e-01/1.000000e-01/1.000000e-01

 Standard Electronic Orientation quadrupole field applied
 Nucleus-field energy     =    -0.0000000103 hartrees
 Guess from superposition of atomic densities
 Warning:  Energy on first SCF cycle will be non-variational
 Long-range K will be added via erf
 Coulomb attenuation parameter = 0.6 bohr**(-1)
 An unrestricted Kohn-Sham SCF calculation will be
 performed using Pulay DIIS extrapolation
 Exchange:  wPBE + LR-HF      Correlation:  PBE
 Using SG-1 standard quadrature grid
 SCF converges when DIIS error is below 1.0E-05
 Requested basis set is G3large
 There are 74 shells and 192 basis functions
 A cutoff of  1.0D-08 yielded   2535 shell pairs
 There are  17276 function pairs ( 22407 Cartesian)
 Warning!  Inaccurate integrated density:
   Number of electrons =    33
   Numerical integral  =    34.000072301361
   Relative error      =     3.0305221253 %
 ---------------------------------------
  Cycle       Energy         DIIS Error
 ---------------------------------------
    1    -582.3522228858      2.17E-02
    2    -581.9615502176      2.81E-03
    3    -582.0394761352      1.09E-03
    4    -582.0462083531      3.17E-04
    5    -582.0472789962      8.42E-05
    6    -582.0475014712      2.82E-05
    7    -582.0475588641      1.49E-05
    8    -582.0475845482      9.37E-06 Convergence criterion met
 ---------------------------------------
 One-Electron    Energy =  -978.4575167558
 Total Coulomb   Energy =   349.1176567008
 Alpha Exchange  Energy =    -4.8135340392
 Beta  Exchange  Energy =    -4.5642880477
 DFT   Exchange  Energy =   -33.0590534781
 DFT Correlation Energy =    -1.1588373376
 Nuclear Repu.   Energy =    90.8879884094
 Nuclear Attr.   Energy = -1559.4179062584
 Kinetic         Energy =   580.9603895026
 <S^2> = 0.7569
 SCF time:  CPU 139.94 s  wall 140.34 s
 Final Alpha MO Eigenvalues
            1           2           3           4           5           6
    1 -65.9940472 -65.9940414  -5.6572335  -5.6570334  -4.0510165  -4.0501692
            7           8           9          10          11          12
    1  -4.0403907  -4.0403780  -4.0403071  -4.0402943  -1.0320790  -0.9188571
           13          14          15          16          17          18
    1  -0.7419955  -0.7411898  -0.7153194  -0.7076796  -0.7065845  -0.1346851
           19          20          21          22
    1  -0.1345008  -0.1094454  -0.1060315  -0.0789707
 Final Beta MO Eigenvalues
            1           2           3           4           5           6
    1 -65.9925779 -65.9925740  -5.6554882  -5.6553823  -4.0450654  -4.0443403
            7           8           9          10          11          12
    1  -4.0397896  -4.0397580  -4.0397257  -4.0396945  -0.9744385  -0.8919692
           13          14          15          16          17          18
    1  -0.7312803  -0.7312010  -0.6953180  -0.6950576  -0.3687695  -0.1101702
           19          20          21
    1  -0.1096773  -0.1003486  -0.0919276
 Analysis of SCF Wavefunction
 
 --------------------------------------------------------------
                    Orbital Energies (a.u.)
 --------------------------------------------------------------
 
 Alpha MOs
 -- Occupied --
-65.994 -65.994  -5.657  -5.657  -4.051  -4.050  -4.040  -4.040
 -4.040  -4.040  -1.032  -0.919  -0.742  -0.741  -0.715  -0.708
 -0.707
 -- Virtual --
 -0.135  -0.135  -0.109  -0.106  -0.079  -0.079  -0.059  -0.056
 -0.056  -0.050  -0.026  -0.025  -0.005   0.014   0.015   0.015
  0.025   0.025   0.039   0.049   0.049   0.066   0.069   0.124
  0.167   0.167   0.167   0.169   0.169   0.208   0.208   0.228
  0.228   0.267   0.283   0.283   0.310   0.332   0.338   0.367
  0.367   0.379   0.387   0.402   0.402   0.409   0.534   0.534
  0.535   0.547   0.559   0.559   0.572   0.613   0.613   0.623
  0.624   0.651   0.734   0.734   0.767   0.767   0.799   0.800
  0.821   0.842   0.859   0.859   0.867   0.998   1.030   1.046
  1.047   1.053   1.053   1.133   1.133   1.153   1.190   1.190
  1.234   1.245   1.272   1.272   1.305   1.305   1.320   1.443
  1.444   1.448   1.448   1.475   1.616   1.915   1.978   1.979
  2.027   2.035   2.096   2.096   2.145   2.160   2.160   2.231
  2.231   2.257   2.392   2.769   2.770   2.808   2.809   3.017
  3.044   3.460   3.460   3.486   3.488   3.492   3.710   3.711
  3.714   3.715   3.977   3.993   4.007   4.008   4.015   4.016
  4.028   4.057   4.058   4.096   4.097   4.129   4.132   4.271
  4.365   4.400   4.400   4.465   4.466   5.840   6.036  11.296
 11.296  11.326  11.326  11.385  11.534  17.359  17.410  17.411
 17.463  17.478  17.619  17.619  17.659  17.699  17.725  22.020
 22.029  22.031  22.038  22.042  22.045  22.047  22.050  22.060
 22.060  22.062  22.062  22.080  22.089 140.741 140.963
 
 Beta MOs
 -- Occupied --
-65.993 -65.993  -5.655  -5.655  -4.045  -4.044  -4.040  -4.040
 -4.040  -4.040  -0.974  -0.892  -0.731  -0.731  -0.695  -0.695
 -- Virtual --
 -0.369  -0.110  -0.110  -0.100  -0.092  -0.078  -0.078  -0.055
 -0.055  -0.050  -0.039  -0.025  -0.025   0.004   0.019   0.021
  0.022   0.026   0.026   0.040   0.053   0.053   0.070   0.073
  0.145   0.169   0.169   0.173   0.173   0.178   0.212   0.212
  0.230   0.231   0.273   0.286   0.286   0.310   0.343   0.350
  0.372   0.372   0.381   0.391   0.410   0.414   0.415   0.541
  0.542   0.547   0.558   0.562   0.563   0.576   0.619   0.620
  0.627   0.627   0.655   0.739   0.739   0.769   0.769   0.805
  0.805   0.826   0.865   0.865   0.868   0.871   1.004   1.040
  1.054   1.054   1.055   1.055   1.136   1.136   1.157   1.195
  1.196   1.241   1.251   1.275   1.276   1.307   1.307   1.329
  1.448   1.448   1.453   1.453   1.496   1.623   1.935   2.001
  2.001   2.027   2.035   2.108   2.108   2.150   2.170   2.170
  2.250   2.250   2.260   2.411   2.777   2.778   2.815   2.816
  3.024   3.051   3.464   3.464   3.489   3.491   3.501   3.714
  3.715   3.717   3.719   3.983   4.003   4.014   4.014   4.022
  4.023   4.036   4.064   4.064   4.103   4.104   4.137   4.139
  4.277   4.373   4.406   4.407   4.472   4.472   5.845   6.039
 11.297  11.297  11.327  11.327  11.394  11.543  17.364  17.411
 17.412  17.465  17.480  17.621  17.625  17.661  17.701  17.726
 22.022  22.031  22.033  22.039  22.042  22.046  22.048  22.052
 22.061  22.062  22.063  22.063  22.081  22.090 140.743 140.964
 --------------------------------------------------------------
 
          Ground-State Mulliken Net Atomic Charges

     Atom                 Charge (a.u.)    Spin (a.u.)
  --------------------------------------------------------
      1 Si                    0.381463       0.373074
      2 Si                    0.381501       0.373078
      3 H                     0.038984       0.037734
      4 H                     0.040014       0.046802
      5 H                     0.039529       0.042388
      6 H                     0.038980       0.037735
      7 H                     0.039523       0.042389
      8 H                     0.040006       0.046800
  --------------------------------------------------------
  Sum of atomic charges =     1.000000
  Sum of spin   charges =     1.000000

 -----------------------------------------------------------------
                    Cartesian Multipole Moments
 -----------------------------------------------------------------
    Charge (ESU x 10^10)
                 4.8032
    Dipole Moment (Debye)
         X       0.0000      Y       0.0000      Z       5.6443
       Tot       5.6443
    Quadrupole Moments (Debye-Ang)
        XX     -25.2375     XY       0.0088     YY     -25.2058
        XZ       0.0519     YZ       0.0312     ZZ      -8.4535
    Octapole Moments (Debye-Ang^2)
       XXX       0.0000    XXY       0.0000    XYY       0.0000
       YYY       0.0000    XXZ     -29.6570    XYZ       0.0103
       YYZ     -29.6197    XZZ       0.1220    YZZ       0.0734
       ZZZ     -45.3900
    Hexadecapole Moments (Debye-Ang^3)
      XXXX     -61.3897   XXXY       0.0139   XXYY     -20.4429
      XYYY       0.0169   YYYY     -61.2840   XXXZ      -3.3083
      XXYZ       0.0196   XYYZ       3.5078   YYYZ       0.0588
      XXZZ     -87.4506   XYZZ       0.0483   YYZZ     -87.2936
      XZZZ       0.5254   YZZZ       0.2857   ZZZZ    -360.6124
 -----------------------------------------------------------------
 Total job time:  140.65s(wall), 140.23s(cpu) 
 Tue Mar 18 10:57:30 2014

        *************************************************************
        *                                                           *
        *  Thank you very much for using Q-Chem.  Have a nice day.  *
        *                                                           *
        *************************************************************


0 sent ACK to 0 
now end server 0 ... 
