Process 0 of 1 is on cl135 - thread support 1
initial socket setup ...start
initial socket setup ...done 
now start server 0 ... 

cmd = /usr/bin/ssh clhead /usr/local/qchem/bin/get_hostid 424246825 > /tmp/1602252.1.medium.q/qchem21959/lic.dat

cmd = /usr/bin/ssh clhead /usr/local/qchem/bin/get_hostid 424246825 > /tmp/1602252.1.medium.q/qchem21959/lic.dat

cmd = /usr/bin/ssh clhead /usr/local/qchem/bin/get_hostid 424246825 > /tmp/1602252.1.medium.q/qchem21959/lic.dat

cmd = /usr/bin/ssh clhead /usr/local/qchem/bin/get_hostid 424246825 > /tmp/1602252.1.medium.q/qchem21959/lic.dat

cmd = /usr/bin/ssh clhead /usr/local/qchem/bin/get_hostid 424246825 > /tmp/1602252.1.medium.q/qchem21959/lic.dat
                  Welcome to Q-Chem
     A Quantum Leap Into The Future Of Chemistry

 Y. Shao, L. Fusti-Molnar, Y. Jung, J. Kussmann, C. Ochsenfeld,
 S. T. Brown, A. T. B. Gilbert, L. V. Slipchenko,S. V. Levchenko,
 D. P. O'Neill, R. A. DiStasio Jr., R. C. Lochan, T. Wang,
 G. J. O. Beran, N. A. Besley, J. M. Herbert, C. Y. Lin,
 T. Van Voorhis, S. H. Chien, A. Sodt, R. P. Steele, 
 V. A. Rassolov, P. E. Maslen, P. P. Korambath, R. D. Adamson,
 B. Austin, J. Baker, E. F. C. Byrd, H. Dachsel, R. J. Doerksen,
 A. Dreuw, B. D. Dunietz, A. D. Dutoi, T. R. Furlani,
 S. R. Gwaltney, A. Heyden, S. Hirata, C.-P. Hsu, G. Kedziora,
 R. Z. Khaliullin, P. Klunzinger, A. M. Lee, M. S. Lee, W. Liang,
 I. Lotan, N. Nair, B. Peters, E. I. Proynov, P. A. Pieniazek, 
 Y. M. Rhee, J. Ritchie, E. Rosta, C. D. Sherrill, 
 A. C. Simmonett, J. E. Subotnik, H. L. Woodcock III,
 W. Zhang, A. T. Bell, A. K. Chakraborty, D. M. Chipman,
 F. J. Keil, A. Warshel, W. J. Hehre, H. F. Schaefer III,
 J. Kong, A. I. Krylov, P. M. W. Gill, M. Head-Gordon,
 Q-Chem, Version 3.1, Q-Chem, Inc., Pittsburgh, PA (2007).

 Additional authors for Version 3.1: 
 Z. Gan, Y. Zhao, N. E. Schultz, D. Truhlar, E. Epifanovsky and M. Oana.

 Additional authors for Version 3.2: 
 R. Baer, B. R. Brooks, D. Casanova, J.-D. Chai, C.-L. Cheng, 
 C. Cramer, D. Crittenden, A. Ghysels, G. Hawkins, E. G. Hohenstein, 
 C. Kelley, W. Kurlancheek, D. Liotard, E. Livshits, P. Manohar, 
 A. Marenich, D. Neuhauser, R. Olson, M. A. Rohrdanz, K. S. Thanthiriwatte, 
 A. J. W. Thom, V. Vanovschi, C. F. Williams, Q. Wu and Z.-Q. You. 


 Intel X86 Linux Version

 Q-chem begins on Fri Mar 21 22:28:01 2014  

 Parallel job on  1  processors
Processing $rem in /usr/local/qchem/config/preferences.

theFileMan(): MAXOPENFILES=974 MAX_SUB_FILE_NUM=16
Maximum size of a physical file is 2.0 GB, maximum size of a tmp-file is 32.0 GB


--------------------------------------------------------------
User input:
--------------------------------------------------------------

$molecule
-1,2
C         -0.00013        0.00000        0.01487
Si        -0.00043        0.00000        1.87462
H          1.01782        0.00000       -0.37208
H         -0.50853       -0.88134       -0.37324
H         -0.50853        0.88134       -0.37324
H         -1.38712        0.00000        2.39962
H          0.69345       -1.20137        2.39767
H          0.69345        1.20137        2.39767
$end

$comment
negative
$end

$xc_functional
C PBE   1.00
X wPBE  1.00
$end

$rem
SYMMETRY_DECOMPOSITION	0
exchange 		general
LRC_DFT                 true
BASIS                   g3large
omega			200
mem_static              760
max_scf_cycles          200
scf_final_print         1
sym_ignore              true
$end

--------------------------------------------------------------
 Writing REM_CC_EA            8
 ----------------------------------------------------
       Standard Nuclear Orientation (Angstroms)
    I     Atom         X            Y            Z
 ----------------------------------------------------
    1      C      -0.000130     0.000000     0.014870
    2      Si     -0.000430     0.000000     1.874620
    3      H       1.017820     0.000000    -0.372080
    4      H      -0.508530    -0.881340    -0.373240
    5      H      -0.508530     0.881340    -0.373240
    6      H      -1.387120     0.000000     2.399620
    7      H       0.693450    -1.201370     2.397670
    8      H       0.693450     1.201370     2.397670
 ----------------------------------------------------
 Nuclear Repulsion Energy =    63.1402175305 hartrees
 There are       14 alpha and       13 beta electrons
 Requested basis set is G3large
 There are 65 shells and 168 basis functions

Total QAlloc Memory Limit   2000 MB
Mega-Array Size       743 MB
MEM_STATIC part       760 MB

                       Distance Matrix (Angstroms)
             C (  1)   Si(  2)   H (  3)   H (  4)   H (  5)   H (  6)
   Si(  2)  1.859750
   H (  3)  1.089014  2.466677
   H (  4)  1.088972  2.467347  1.762528
   H (  5)  1.088972  2.467347  1.762528  1.762680
   H (  6)  2.758763  1.482745  3.669613  3.039315  3.039315
   H (  7)  2.757187  1.482680  3.036449  3.037288  3.668839  2.402512
   H (  8)  2.757187  1.482680  3.036449  3.668839  3.037288  2.402512
             H (  7)
   H (  8)  2.402740
 
 A cutoff of  1.0D-08 yielded   2044 shell pairs
 There are  13820 function pairs ( 17231 Cartesian)
Evaluating contribution to one-electron hamiltonian from nuclear
 Smallest overlap matrix eigenvalue = 1.35E-04
 Multipole matrices computed through 2nd order

  Scale SEOQF with 1.000000e-01/1.000000e-01/1.000000e-01

 Standard Electronic Orientation quadrupole field applied
 Nucleus-field energy     =    -0.0000000067 hartrees
 Guess from superposition of atomic densities
 Warning:  Energy on first SCF cycle will be non-variational
 Long-range K will be added via erf
 Coulomb attenuation parameter = 0.2 bohr**(-1)
 An unrestricted Kohn-Sham SCF calculation will be
 performed using Pulay DIIS extrapolation
 Exchange:  wPBE + LR-HF      Correlation:  PBE
 Using SG-1 standard quadrature grid
 SCF converges when DIIS error is below 1.0E-05
 Requested basis set is G3large
 There are 65 shells and 168 basis functions
 A cutoff of  1.0D-08 yielded   2044 shell pairs
 There are  13820 function pairs ( 17231 Cartesian)
 Warning!  Inaccurate integrated density:
   Number of electrons =    27
   Numerical integral  =    25.999985127030
   Relative error      =    -3.7037587888 %
 ---------------------------------------
  Cycle       Energy         DIIS Error
 ---------------------------------------
    1    -331.1249352567      2.74E-02
    2    -330.8952517265      4.49E-03
    3    -330.9305428879      4.44E-03
    4    -331.0064805735      3.89E-04
    5    -331.0108205775      1.97E-04
    6    -331.0132344424      1.16E-04
    7    -331.0145112770      5.01E-05
    8    -331.0149297831      2.20E-05
    9    -331.0150394350      9.89E-06 Convergence criterion met
 ---------------------------------------
 One-Electron    Energy =  -584.9969139847
 Total Coulomb   Energy =   219.3187476649
 Alpha Exchange  Energy =    -1.4697075415
 Beta  Exchange  Energy =    -1.4104774190
 DFT   Exchange  Energy =   -24.7100054198
 DFT Correlation Energy =    -0.8869002588
 Nuclear Repu.   Energy =    63.1402175238
 Nuclear Attr.   Energy =  -915.4505889498
 Kinetic         Energy =   330.4536749651
 <S^2> = 0.7502
 SCF time:  CPU 93.70 s  wall 94.82 s
 Final Alpha MO Eigenvalues
            1           2           3           4           5           6
    1 -65.3560218  -9.8312291  -5.0165087  -3.4255463  -3.4255313  -3.4242218
            7           8           9          10          11          12
    1  -0.6093099  -0.4498445  -0.3305813  -0.3305000  -0.2637595  -0.2637331
           13          14          15          16          17          18
    1  -0.2515475   0.0258027   0.1457004   0.1484335   0.1485108   0.1714866
           19
    1   0.1843151
 Final Beta MO Eigenvalues
            1           2           3           4           5           6
    1 -65.3559233  -9.8305418  -5.0163932  -3.4254847  -3.4254697  -3.4239139
            7           8           9          10          11          12
    1  -0.6080881  -0.4483316  -0.3292336  -0.3291479  -0.2632099  -0.2631831
           13          14          15          16          17          18
    1  -0.2501598   0.1354102   0.1506367   0.1631608   0.1633340   0.1790286
 Analysis of SCF Wavefunction
 
 --------------------------------------------------------------
                    Orbital Energies (a.u.)
 --------------------------------------------------------------
 
 Alpha MOs
 -- Occupied --
-65.356  -9.831  -5.017  -3.426  -3.426  -3.424  -0.609  -0.450
 -0.331  -0.331  -0.264  -0.264  -0.252   0.026
 -- Virtual --
  0.146   0.148   0.149   0.171   0.184   0.184   0.195   0.196
  0.251   0.252   0.260   0.260   0.278   0.278   0.293   0.301
  0.321   0.340   0.340   0.403   0.403   0.454   0.455   0.455
  0.461   0.506   0.506   0.577   0.599   0.600   0.611   0.634
  0.673   0.673   0.691   0.723   0.723   0.737   0.772   0.772
  0.833   0.865   0.876   0.876   0.916   0.916   0.989   0.989
  0.995   1.024   1.038   1.079   1.158   1.158   1.216   1.216
  1.260   1.296   1.296   1.363   1.363   1.415   1.453   1.483
  1.483   1.487   1.495   1.495   1.578   1.578   1.646   1.646
  1.657   1.701   1.701   1.749   1.792   2.278   2.321   2.328
  2.328   2.392   2.392   2.504   2.669   2.669   2.775   2.978
  2.978   3.104   3.128   3.256   3.266   3.266   3.380   3.380
  3.481   3.481   3.522   3.696   3.696   3.811   3.813   3.834
  3.940   3.941   4.047   4.081   4.081   4.209   4.212   4.212
  4.260   4.279   4.279   4.389   4.389   4.396   4.520   4.532
  4.533   4.594   4.644   4.789   4.789   5.202   5.815   5.815
  6.369  11.501  11.501  11.839  17.621  17.708  17.799  17.886
 17.944  22.238  22.252  22.261  22.261  22.268  22.269  22.294
 24.175  27.881  28.139  28.139  40.999  41.015  41.249  41.290
 41.336 141.154
 
 Beta MOs
 -- Occupied --
-65.356  -9.831  -5.016  -3.425  -3.425  -3.424  -0.608  -0.448
 -0.329  -0.329  -0.263  -0.263  -0.250
 -- Virtual --
  0.135   0.151   0.163   0.163   0.179   0.186   0.186   0.199
  0.199   0.251   0.256   0.258   0.258   0.279   0.279   0.290
  0.303   0.322   0.341   0.341   0.404   0.404   0.455   0.455
  0.456   0.457   0.506   0.506   0.578   0.598   0.598   0.611
  0.635   0.674   0.674   0.692   0.724   0.724   0.737   0.772
  0.772   0.833   0.866   0.877   0.877   0.916   0.916   0.989
  0.989   0.995   1.026   1.040   1.080   1.158   1.158   1.217
  1.217   1.261   1.297   1.297   1.363   1.363   1.416   1.456
  1.484   1.484   1.488   1.496   1.496   1.581   1.581   1.648
  1.648   1.657   1.702   1.702   1.751   1.795   2.278   2.323
  2.330   2.330   2.393   2.393   2.505   2.670   2.670   2.775
  2.978   2.978   3.105   3.128   3.256   3.268   3.268   3.381
  3.381   3.481   3.481   3.523   3.697   3.697   3.812   3.813
  3.837   3.940   3.941   4.048   4.082   4.082   4.209   4.212
  4.212   4.260   4.279   4.279   4.390   4.390   4.397   4.521
  4.533   4.533   4.595   4.644   4.789   4.790   5.203   5.816
  5.816   6.369  11.501  11.501  11.840  17.621  17.709  17.800
 17.887  17.944  22.238  22.252  22.261  22.261  22.268  22.269
 22.294  24.176  27.882  28.139  28.140  40.999  41.015  41.249
 41.290  41.336 141.155
 --------------------------------------------------------------
 
          Ground-State Mulliken Net Atomic Charges

     Atom                 Charge (a.u.)    Spin (a.u.)
  --------------------------------------------------------
      1 C                     2.658535      -2.918229
      2 Si                    0.722313      -0.470021
      3 H                    -1.186846       1.295487
      4 H                    -1.196391       1.305460
      5 H                    -1.172361       1.280467
      6 H                    -0.275020       0.169014
      7 H                    -0.275190       0.169353
      8 H                    -0.275039       0.168469
  --------------------------------------------------------
  Sum of atomic charges =    -1.000000
  Sum of spin   charges =     1.000000

 -----------------------------------------------------------------
                    Cartesian Multipole Moments
 -----------------------------------------------------------------
    Charge (ESU x 10^10)
                -4.8032
    Dipole Moment (Debye)
         X      -0.0083      Y       0.0928      Z       1.7662
       Tot       1.7686
    Quadrupole Moments (Debye-Ang)
        XX     -49.1382     XY      -0.0676     YY     -49.1223
        XZ      -0.0021     YZ      -0.0456     ZZ     -47.7637
    Octapole Moments (Debye-Ang^2)
       XXX      -1.4581    XXY       0.3670    XYY       1.3303
       YYY       1.1011    XXZ     -20.3035    XYZ       0.0289
       YYZ     -20.3015    XZZ      -0.0147    YZZ       0.3287
       ZZZ     -73.7412
    Hexadecapole Moments (Debye-Ang^3)
      XXXX    -365.3978   XXXY      -0.5327   XXYY    -121.7469
      XYYY      -0.5952   YYYY    -365.1365   XXXZ       7.2666
      XXYZ      -0.0775   XYYZ      -7.2521   YYYZ      -0.2327
      XXZZ    -176.6086   XYZZ      -0.1768   YYZZ    -176.5628
      XZZZ       0.0286   YZZZ      -0.2429   ZZZZ    -662.2634
 -----------------------------------------------------------------
 Total job time:  95.04s(wall), 93.88s(cpu) 
 Fri Mar 21 22:29:36 2014

        *************************************************************
        *                                                           *
        *  Thank you very much for using Q-Chem.  Have a nice day.  *
        *                                                           *
        *************************************************************


0 sent ACK to 0 
now end server 0 ... 
 
**********************************************************************
Job 2 of 3 
**********************************************************************
 
Process 0 of 1 is on cl135 - thread support 1
initial socket setup ...start
initial socket setup ...done 
now start server 0 ... 

cmd = /usr/bin/ssh clhead /usr/local/qchem/bin/get_hostid 1456908599 > /tmp/1602252.1.medium.q/qchem21959/lic.dat

cmd = /usr/bin/ssh clhead /usr/local/qchem/bin/get_hostid 1456908599 > /tmp/1602252.1.medium.q/qchem21959/lic.dat

cmd = /usr/bin/ssh clhead /usr/local/qchem/bin/get_hostid 1456908599 > /tmp/1602252.1.medium.q/qchem21959/lic.dat

cmd = /usr/bin/ssh clhead /usr/local/qchem/bin/get_hostid 1456908599 > /tmp/1602252.1.medium.q/qchem21959/lic.dat

cmd = /usr/bin/ssh clhead /usr/local/qchem/bin/get_hostid 1456908599 > /tmp/1602252.1.medium.q/qchem21959/lic.dat
                  Welcome to Q-Chem
     A Quantum Leap Into The Future Of Chemistry

 Y. Shao, L. Fusti-Molnar, Y. Jung, J. Kussmann, C. Ochsenfeld,
 S. T. Brown, A. T. B. Gilbert, L. V. Slipchenko,S. V. Levchenko,
 D. P. O'Neill, R. A. DiStasio Jr., R. C. Lochan, T. Wang,
 G. J. O. Beran, N. A. Besley, J. M. Herbert, C. Y. Lin,
 T. Van Voorhis, S. H. Chien, A. Sodt, R. P. Steele, 
 V. A. Rassolov, P. E. Maslen, P. P. Korambath, R. D. Adamson,
 B. Austin, J. Baker, E. F. C. Byrd, H. Dachsel, R. J. Doerksen,
 A. Dreuw, B. D. Dunietz, A. D. Dutoi, T. R. Furlani,
 S. R. Gwaltney, A. Heyden, S. Hirata, C.-P. Hsu, G. Kedziora,
 R. Z. Khaliullin, P. Klunzinger, A. M. Lee, M. S. Lee, W. Liang,
 I. Lotan, N. Nair, B. Peters, E. I. Proynov, P. A. Pieniazek, 
 Y. M. Rhee, J. Ritchie, E. Rosta, C. D. Sherrill, 
 A. C. Simmonett, J. E. Subotnik, H. L. Woodcock III,
 W. Zhang, A. T. Bell, A. K. Chakraborty, D. M. Chipman,
 F. J. Keil, A. Warshel, W. J. Hehre, H. F. Schaefer III,
 J. Kong, A. I. Krylov, P. M. W. Gill, M. Head-Gordon,
 Q-Chem, Version 3.1, Q-Chem, Inc., Pittsburgh, PA (2007).

 Additional authors for Version 3.1: 
 Z. Gan, Y. Zhao, N. E. Schultz, D. Truhlar, E. Epifanovsky and M. Oana.

 Additional authors for Version 3.2: 
 R. Baer, B. R. Brooks, D. Casanova, J.-D. Chai, C.-L. Cheng, 
 C. Cramer, D. Crittenden, A. Ghysels, G. Hawkins, E. G. Hohenstein, 
 C. Kelley, W. Kurlancheek, D. Liotard, E. Livshits, P. Manohar, 
 A. Marenich, D. Neuhauser, R. Olson, M. A. Rohrdanz, K. S. Thanthiriwatte, 
 A. J. W. Thom, V. Vanovschi, C. F. Williams, Q. Wu and Z.-Q. You. 


 Intel X86 Linux Version

 Q-chem begins on Fri Mar 21 22:29:40 2014  

 Parallel job on  1  processors
Processing $rem in /usr/local/qchem/config/preferences.

theFileMan(): MAXOPENFILES=974 MAX_SUB_FILE_NUM=16
Maximum size of a physical file is 2.0 GB, maximum size of a tmp-file is 32.0 GB


--------------------------------------------------------------
User input:
--------------------------------------------------------------

$molecule
0,1
C         -0.00013        0.00000        0.01487
Si        -0.00043        0.00000        1.87462
H          1.01782        0.00000       -0.37208
H         -0.50853       -0.88134       -0.37324
H         -0.50853        0.88134       -0.37324
H         -1.38712        0.00000        2.39962
H          0.69345       -1.20137        2.39767
H          0.69345        1.20137        2.39767
$end

$comment
neutral
$end

$xc_functional
C PBE   1.00
X wPBE  1.00
$end


$rem
SYMMETRY_DECOMPOSITION	0
LRC_DFT                 true
exchange 		general
BASIS                   g3large
omega			200
mem_static              760
max_scf_cycles          200
scf_final_print         1
sym_ignore              true
$end

--------------------------------------------------------------
 Writing REM_CC_EA            8
 ----------------------------------------------------
       Standard Nuclear Orientation (Angstroms)
    I     Atom         X            Y            Z
 ----------------------------------------------------
    1      C      -0.000130     0.000000     0.014870
    2      Si     -0.000430     0.000000     1.874620
    3      H       1.017820     0.000000    -0.372080
    4      H      -0.508530    -0.881340    -0.373240
    5      H      -0.508530     0.881340    -0.373240
    6      H      -1.387120     0.000000     2.399620
    7      H       0.693450    -1.201370     2.397670
    8      H       0.693450     1.201370     2.397670
 ----------------------------------------------------
 Nuclear Repulsion Energy =    63.1402175305 hartrees
 There are       13 alpha and       13 beta electrons
 Requested basis set is G3large
 There are 65 shells and 168 basis functions

Total QAlloc Memory Limit   2000 MB
Mega-Array Size       743 MB
MEM_STATIC part       760 MB

                       Distance Matrix (Angstroms)
             C (  1)   Si(  2)   H (  3)   H (  4)   H (  5)   H (  6)
   Si(  2)  1.859750
   H (  3)  1.089014  2.466677
   H (  4)  1.088972  2.467347  1.762528
   H (  5)  1.088972  2.467347  1.762528  1.762680
   H (  6)  2.758763  1.482745  3.669613  3.039315  3.039315
   H (  7)  2.757187  1.482680  3.036449  3.037288  3.668839  2.402512
   H (  8)  2.757187  1.482680  3.036449  3.668839  3.037288  2.402512
             H (  7)
   H (  8)  2.402740
 
 A cutoff of  1.0D-08 yielded   2044 shell pairs
 There are  13820 function pairs ( 17231 Cartesian)
Evaluating contribution to one-electron hamiltonian from nuclear
 Smallest overlap matrix eigenvalue = 1.35E-04
 Multipole matrices computed through 2nd order

  Scale SEOQF with 1.000000e-01/1.000000e-01/1.000000e-01

 Standard Electronic Orientation quadrupole field applied
 Nucleus-field energy     =    -0.0000000067 hartrees
 Guess from superposition of atomic densities
 Warning:  Energy on first SCF cycle will be non-variational
 Long-range K will be added via erf
 Coulomb attenuation parameter = 0.2 bohr**(-1)
 A restricted Kohn-Sham SCF calculation will be
 performed using Pulay DIIS extrapolation
 Exchange:  wPBE + LR-HF      Correlation:  PBE
 Using SG-1 standard quadrature grid
 SCF converges when DIIS error is below 1.0E-05
 Requested basis set is G3large
 There are 65 shells and 168 basis functions
 A cutoff of  1.0D-08 yielded   2044 shell pairs
 There are  13820 function pairs ( 17231 Cartesian)
 ---------------------------------------
  Cycle       Energy         DIIS Error
 ---------------------------------------
    1    -331.1249352567      2.74E-02
    2    -330.9947724421      3.65E-03
    3    -331.0086822587      3.14E-03
    4    -331.0429895108      2.23E-04
    5    -331.0432137443      5.15E-05
    6    -331.0432283594      1.44E-05
    7    -331.0432284323      2.57E-06 Convergence criterion met
 ---------------------------------------
 One-Electron    Energy =  -581.4851073147
 Total Coulomb   Energy =   215.6968817602
 Alpha Exchange  Energy =    -1.4110658272
 Beta  Exchange  Energy =    -1.4110658272
 DFT   Exchange  Energy =   -24.6946640252
 DFT Correlation Energy =    -0.8784247220
 Nuclear Repu.   Energy =    63.1402175238
 Nuclear Attr.   Energy =  -911.8753100340
 Kinetic         Energy =   330.3902027194
 SCF time:  CPU 58.16 s  wall 58.81 s
 Final Alpha MO Eigenvalues
            1           2           3           4           5           6
    1 -65.4869655  -9.9794453  -5.1475992  -3.5563594  -3.5563469  -3.5557890
            7           8           9          10          11          12
    1  -0.7548701  -0.5804863  -0.4752066  -0.4751754  -0.3929148  -0.3929098
           13          14          15          16          17          18
    1  -0.3899890   0.0318789   0.0548569   0.0638948   0.0639024   0.0787672
 Analysis of SCF Wavefunction
 
 --------------------------------------------------------------
                    Orbital Energies (a.u.)
 --------------------------------------------------------------
 
 Alpha MOs
 -- Occupied --
-65.487  -9.979  -5.148  -3.556  -3.556  -3.556  -0.755  -0.580
 -0.475  -0.475  -0.393  -0.393  -0.390
 -- Virtual --
  0.032   0.055   0.064   0.064   0.079   0.085   0.085   0.099
  0.099   0.141   0.143   0.143   0.152   0.165   0.165   0.180
  0.187   0.206   0.211   0.211   0.274   0.274   0.331   0.337
  0.337   0.342   0.389   0.389   0.459   0.470   0.470   0.485
  0.506   0.543   0.543   0.568   0.593   0.593   0.609   0.637
  0.637   0.699   0.737   0.746   0.746   0.789   0.789   0.864
  0.865   0.865   0.893   0.895   0.949   1.021   1.021   1.086
  1.086   1.129   1.151   1.151   1.238   1.238   1.277   1.318
  1.347   1.347   1.362   1.364   1.364   1.438   1.438   1.508
  1.508   1.521   1.575   1.575   1.616   1.655   2.148   2.190
  2.194   2.194   2.260   2.261   2.375   2.524   2.524   2.630
  2.851   2.851   2.956   2.983   3.124   3.124   3.128   3.234
  3.234   3.336   3.336   3.382   3.552   3.552   3.675   3.676
  3.689   3.811   3.812   3.901   3.939   3.939   4.082   4.086
  4.086   4.133   4.147   4.147   4.245   4.245   4.267   4.373
  4.386   4.386   4.446   4.513   4.658   4.658   5.055   5.667
  5.667   6.237  11.371  11.371  11.708  17.490  17.577  17.668
 17.755  17.813  22.107  22.121  22.129  22.130  22.137  22.138
 22.163  24.027  27.733  27.991  27.991  40.851  40.867  41.101
 41.142  41.188 141.024
 --------------------------------------------------------------
 
          Ground-State Mulliken Net Atomic Charges

     Atom                 Charge (a.u.)
  ----------------------------------------
      1 C                    -0.307040
      2 Si                    0.230764
      3 H                     0.105923
      4 H                     0.105858
      5 H                     0.105857
      6 H                    -0.080335
      7 H                    -0.080488
      8 H                    -0.080540
  ----------------------------------------
  Sum of atomic charges =     0.000000

 -----------------------------------------------------------------
                    Cartesian Multipole Moments
 -----------------------------------------------------------------
    Charge (ESU x 10^10)
                 0.0000
    Dipole Moment (Debye)
         X      -0.0009      Y       0.0000      Z      -0.8494
       Tot       0.8494
    Quadrupole Moments (Debye-Ang)
        XX     -23.0391     XY       0.0001     YY     -23.0398
        XZ      -0.0019     YZ      -0.0001     ZZ     -25.3319
    Octapole Moments (Debye-Ang^2)
       XXX       1.5865    XXY      -0.0001    XYY      -1.5671
       YYY      -0.0002    XXZ     -31.7331    XYZ      -0.0001
       YYZ     -31.7364    XZZ       0.0008    YZZ      -0.0003
       ZZZ     -93.5528
    Hexadecapole Moments (Debye-Ang^3)
      XXXX     -57.5371   XXXY       0.0002   XXYY     -19.1803
      XYYY       0.0000   YYYY     -57.5452   XXXZ       1.2198
      XXYZ      -0.0003   XYYZ      -1.1771   YYYZ      -0.0008
      XXZZ     -81.5698   XYZZ      -0.0006   YYZZ     -81.5749
      XZZZ       0.0316   YZZZ      -0.0011   ZZZZ    -411.8173
 -----------------------------------------------------------------
 Total job time:  59.01s(wall), 58.32s(cpu) 
 Fri Mar 21 22:30:39 2014

        *************************************************************
        *                                                           *
        *  Thank you very much for using Q-Chem.  Have a nice day.  *
        *                                                           *
        *************************************************************


0 sent ACK to 0 
now end server 0 ... 
 
**********************************************************************
Job 3 of 3 
**********************************************************************
 
Process 0 of 1 is on cl135 - thread support 1
initial socket setup ...start
initial socket setup ...done 
now start server 0 ... 

cmd = /usr/bin/ssh clhead /usr/local/qchem/bin/get_hostid 548109821 > /tmp/1602252.1.medium.q/qchem21959/lic.dat

cmd = /usr/bin/ssh clhead /usr/local/qchem/bin/get_hostid 548109821 > /tmp/1602252.1.medium.q/qchem21959/lic.dat

cmd = /usr/bin/ssh clhead /usr/local/qchem/bin/get_hostid 548109821 > /tmp/1602252.1.medium.q/qchem21959/lic.dat

cmd = /usr/bin/ssh clhead /usr/local/qchem/bin/get_hostid 548109821 > /tmp/1602252.1.medium.q/qchem21959/lic.dat

cmd = /usr/bin/ssh clhead /usr/local/qchem/bin/get_hostid 548109821 > /tmp/1602252.1.medium.q/qchem21959/lic.dat
                  Welcome to Q-Chem
     A Quantum Leap Into The Future Of Chemistry

 Y. Shao, L. Fusti-Molnar, Y. Jung, J. Kussmann, C. Ochsenfeld,
 S. T. Brown, A. T. B. Gilbert, L. V. Slipchenko,S. V. Levchenko,
 D. P. O'Neill, R. A. DiStasio Jr., R. C. Lochan, T. Wang,
 G. J. O. Beran, N. A. Besley, J. M. Herbert, C. Y. Lin,
 T. Van Voorhis, S. H. Chien, A. Sodt, R. P. Steele, 
 V. A. Rassolov, P. E. Maslen, P. P. Korambath, R. D. Adamson,
 B. Austin, J. Baker, E. F. C. Byrd, H. Dachsel, R. J. Doerksen,
 A. Dreuw, B. D. Dunietz, A. D. Dutoi, T. R. Furlani,
 S. R. Gwaltney, A. Heyden, S. Hirata, C.-P. Hsu, G. Kedziora,
 R. Z. Khaliullin, P. Klunzinger, A. M. Lee, M. S. Lee, W. Liang,
 I. Lotan, N. Nair, B. Peters, E. I. Proynov, P. A. Pieniazek, 
 Y. M. Rhee, J. Ritchie, E. Rosta, C. D. Sherrill, 
 A. C. Simmonett, J. E. Subotnik, H. L. Woodcock III,
 W. Zhang, A. T. Bell, A. K. Chakraborty, D. M. Chipman,
 F. J. Keil, A. Warshel, W. J. Hehre, H. F. Schaefer III,
 J. Kong, A. I. Krylov, P. M. W. Gill, M. Head-Gordon,
 Q-Chem, Version 3.1, Q-Chem, Inc., Pittsburgh, PA (2007).

 Additional authors for Version 3.1: 
 Z. Gan, Y. Zhao, N. E. Schultz, D. Truhlar, E. Epifanovsky and M. Oana.

 Additional authors for Version 3.2: 
 R. Baer, B. R. Brooks, D. Casanova, J.-D. Chai, C.-L. Cheng, 
 C. Cramer, D. Crittenden, A. Ghysels, G. Hawkins, E. G. Hohenstein, 
 C. Kelley, W. Kurlancheek, D. Liotard, E. Livshits, P. Manohar, 
 A. Marenich, D. Neuhauser, R. Olson, M. A. Rohrdanz, K. S. Thanthiriwatte, 
 A. J. W. Thom, V. Vanovschi, C. F. Williams, Q. Wu and Z.-Q. You. 


 Intel X86 Linux Version

 Q-chem begins on Fri Mar 21 22:30:44 2014  

 Parallel job on  1  processors
Processing $rem in /usr/local/qchem/config/preferences.

theFileMan(): MAXOPENFILES=974 MAX_SUB_FILE_NUM=16
Maximum size of a physical file is 2.0 GB, maximum size of a tmp-file is 32.0 GB


--------------------------------------------------------------
User input:
--------------------------------------------------------------

$molecule
1,2
C         -0.00013        0.00000        0.01487
Si        -0.00043        0.00000        1.87462
H          1.01782        0.00000       -0.37208
H         -0.50853       -0.88134       -0.37324
H         -0.50853        0.88134       -0.37324
H         -1.38712        0.00000        2.39962
H          0.69345       -1.20137        2.39767
H          0.69345        1.20137        2.39767
$end

$comment
positive
$end

$xc_functional
C PBE   1.00
X wPBE  1.00
$end

$rem
SYMMETRY_DECOMPOSITION	0
LRC_DFT                 true
exchange 		general
BASIS                   g3large
omega			200
mem_static              760
max_scf_cycles          200
scf_final_print         1
sym_ignore              true
$end

--------------------------------------------------------------
 Writing REM_CC_EA            8
 ----------------------------------------------------
       Standard Nuclear Orientation (Angstroms)
    I     Atom         X            Y            Z
 ----------------------------------------------------
    1      C      -0.000130     0.000000     0.014870
    2      Si     -0.000430     0.000000     1.874620
    3      H       1.017820     0.000000    -0.372080
    4      H      -0.508530    -0.881340    -0.373240
    5      H      -0.508530     0.881340    -0.373240
    6      H      -1.387120     0.000000     2.399620
    7      H       0.693450    -1.201370     2.397670
    8      H       0.693450     1.201370     2.397670
 ----------------------------------------------------
 Nuclear Repulsion Energy =    63.1402175305 hartrees
 There are       13 alpha and       12 beta electrons
 Requested basis set is G3large
 There are 65 shells and 168 basis functions

Total QAlloc Memory Limit   2000 MB
Mega-Array Size       743 MB
MEM_STATIC part       760 MB

                       Distance Matrix (Angstroms)
             C (  1)   Si(  2)   H (  3)   H (  4)   H (  5)   H (  6)
   Si(  2)  1.859750
   H (  3)  1.089014  2.466677
   H (  4)  1.088972  2.467347  1.762528
   H (  5)  1.088972  2.467347  1.762528  1.762680
   H (  6)  2.758763  1.482745  3.669613  3.039315  3.039315
   H (  7)  2.757187  1.482680  3.036449  3.037288  3.668839  2.402512
   H (  8)  2.757187  1.482680  3.036449  3.668839  3.037288  2.402512
             H (  7)
   H (  8)  2.402740
 
 A cutoff of  1.0D-08 yielded   2044 shell pairs
 There are  13820 function pairs ( 17231 Cartesian)
Evaluating contribution to one-electron hamiltonian from nuclear
 Smallest overlap matrix eigenvalue = 1.35E-04
 Multipole matrices computed through 2nd order

  Scale SEOQF with 1.000000e-01/1.000000e-01/1.000000e-01

 Standard Electronic Orientation quadrupole field applied
 Nucleus-field energy     =    -0.0000000067 hartrees
 Guess from superposition of atomic densities
 Warning:  Energy on first SCF cycle will be non-variational
 Long-range K will be added via erf
 Coulomb attenuation parameter = 0.2 bohr**(-1)
 An unrestricted Kohn-Sham SCF calculation will be
 performed using Pulay DIIS extrapolation
 Exchange:  wPBE + LR-HF      Correlation:  PBE
 Using SG-1 standard quadrature grid
 SCF converges when DIIS error is below 1.0E-05
 Requested basis set is G3large
 There are 65 shells and 168 basis functions
 A cutoff of  1.0D-08 yielded   2044 shell pairs
 There are  13820 function pairs ( 17231 Cartesian)
 Warning!  Inaccurate integrated density:
   Number of electrons =    25
   Numerical integral  =    25.999985127030
   Relative error      =     3.9999405081 %
 ---------------------------------------
  Cycle       Energy         DIIS Error
 ---------------------------------------
    1    -331.1249352567      2.74E-02
    2    -330.5412898353      3.87E-03
    3    -330.5385063547      4.24E-03
    4    -330.6124954403      3.43E-04
    5    -330.6135249549      1.07E-04
    6    -330.6138966091      6.55E-05
    7    -330.6143189872      6.93E-05
    8    -330.6142767286      6.91E-05
    9    -330.6147649594      6.64E-05
   10    -330.6151086809      7.13E-05
   11    -330.6122477237      1.81E-04
   12    -330.6121300705      1.94E-04
   13    -330.6119261039      2.70E-04
   14    -330.6119094182      1.34E-04
   15    -330.6119993813      1.20E-04
   16    -330.6120257014      6.63E-06 Convergence criterion met
 ---------------------------------------
 One-Electron    Energy =  -574.6853874894
 Total Coulomb   Energy =   209.0032330380
 Alpha Exchange  Energy =    -1.4146217001
 Beta  Exchange  Energy =    -1.2993917161
 DFT   Exchange  Energy =   -24.5109195299
 DFT Correlation Energy =    -0.8451558277
 Nuclear Repu.   Energy =    63.1402175238
 Nuclear Attr.   Energy =  -904.8067464542
 Kinetic         Energy =   330.1213589648
 <S^2> = 0.7583
 SCF time:  CPU 161.44 s  wall 164.00 s
 Final Alpha MO Eigenvalues
            1           2           3           4           5           6
    1 -65.7701054 -10.2115594  -5.4301210  -3.8444312  -3.8369251  -3.8353321
            7           8           9          10          11          12
    1  -0.9883868  -0.8661955  -0.7359191  -0.6986161  -0.6883252  -0.6500116
           13          14          15          16          17          18
    1  -0.6240606  -0.1470928  -0.1305588  -0.1277520  -0.1126930  -0.0792407
 Final Beta MO Eigenvalues
            1           2           3           4           5           6
    1 -65.7693236 -10.2102463  -5.4292534  -3.8413658  -3.8367504  -3.8349782
            7           8           9          10          11          12
    1  -0.9809448  -0.8299777  -0.6944724  -0.6908674  -0.6329143  -0.6227412
           13          14          15          16          17
    1  -0.4663158  -0.1403194  -0.1184179  -0.1102060  -0.1063338
 Analysis of SCF Wavefunction
 
 --------------------------------------------------------------
                    Orbital Energies (a.u.)
 --------------------------------------------------------------
 
 Alpha MOs
 -- Occupied --
-65.770 -10.212  -5.430  -3.844  -3.837  -3.835  -0.988  -0.866
 -0.736  -0.699  -0.688  -0.650  -0.624
 -- Virtual --
 -0.147  -0.131  -0.128  -0.113  -0.079  -0.078  -0.072  -0.056
 -0.042  -0.037  -0.033  -0.023  -0.002   0.004   0.011   0.012
  0.038   0.039   0.042   0.047   0.072   0.076   0.132   0.147
  0.151   0.168   0.202   0.206   0.250   0.272   0.278   0.282
  0.289   0.318   0.331   0.359   0.369   0.379   0.410   0.439
  0.443   0.505   0.514   0.522   0.525   0.555   0.559   0.611
  0.628   0.644   0.670   0.682   0.721   0.796   0.806   0.845
  0.864   0.895   0.941   0.946   0.984   1.008   1.055   1.094
  1.114   1.118   1.121   1.134   1.144   1.214   1.223   1.274
  1.289   1.302   1.321   1.348   1.386   1.444   1.865   1.921
  1.928   1.943   1.988   1.994   2.103   2.293   2.304   2.403
  2.522   2.590   2.731   2.755   2.847   2.880   2.894   3.002
  3.013   3.102   3.107   3.134   3.315   3.318   3.414   3.419
  3.462   3.508   3.547   3.672   3.682   3.689   3.739   3.754
  3.802   3.829   3.893   3.905   3.981   4.009   4.014   4.139
  4.151   4.165   4.220   4.231   4.356   4.402   4.829   5.434
  5.448   5.959  11.083  11.093  11.431  17.206  17.295  17.388
 17.473  17.531  21.823  21.838  21.845  21.851  21.855  21.856
 21.881  23.796  27.501  27.757  27.760  40.619  40.634  40.869
 40.909  40.955 140.741
 
 Beta MOs
 -- Occupied --
-65.769 -10.210  -5.429  -3.841  -3.837  -3.835  -0.981  -0.830
 -0.694  -0.691  -0.633  -0.623
 -- Virtual --
 -0.466  -0.140  -0.118  -0.110  -0.106  -0.075  -0.073  -0.072
 -0.046  -0.040  -0.034  -0.032  -0.022   0.005   0.010   0.013
  0.016   0.039   0.043   0.044   0.049   0.079   0.081   0.147
  0.151   0.154   0.170   0.207   0.209   0.263   0.285   0.287
  0.288   0.291   0.332   0.336   0.364   0.383   0.383   0.415
  0.445   0.446   0.510   0.522   0.525   0.532   0.567   0.568
  0.632   0.642   0.647   0.674   0.692   0.731   0.809   0.812
  0.864   0.870   0.913   0.947   0.950   1.008   1.019   1.069
  1.104   1.123   1.127   1.139   1.144   1.147   1.223   1.226
  1.292   1.296   1.306   1.341   1.354   1.387   1.449   1.884
  1.929   1.941   1.943   2.001   2.003   2.117   2.304   2.308
  2.414   2.589   2.613   2.739   2.759   2.880   2.890   2.895
  3.013   3.017   3.110   3.110   3.139   3.321   3.323   3.422
  3.423   3.465   3.544   3.558   3.681   3.709   3.710   3.817
  3.828   3.842   3.880   3.908   3.913   4.012   4.023   4.024
  4.156   4.164   4.169   4.230   4.256   4.395   4.412   4.837
  5.448   5.453   5.966  11.089  11.094  11.431  17.208  17.296
 17.388  17.474  17.532  21.824  21.839  21.846  21.851  21.855
 21.856  21.882  23.797  27.502  27.761  27.761  40.620  40.637
 40.870  40.911  40.958 140.742
 --------------------------------------------------------------
 
          Ground-State Mulliken Net Atomic Charges

     Atom                 Charge (a.u.)    Spin (a.u.)
  --------------------------------------------------------
      1 C                    -0.196846       0.080126
      2 Si                    0.403882       0.136967
      3 H                     0.169739       0.033384
      4 H                     0.185757       0.075646
      5 H                     0.155617      -0.000527
      6 H                     0.094038       0.242543
      7 H                     0.036218       0.001173
      8 H                     0.151594       0.430689
  --------------------------------------------------------
  Sum of atomic charges =     1.000000
  Sum of spin   charges =     1.000000

 -----------------------------------------------------------------
                    Cartesian Multipole Moments
 -----------------------------------------------------------------
    Charge (ESU x 10^10)
                 4.8032
    Dipole Moment (Debye)
         X      -0.1115      Y       0.9309      Z       6.9387
       Tot       7.0018
    Quadrupole Moments (Debye-Ang)
        XX     -16.2537     XY       1.5530     YY     -16.5795
        XZ      -0.1679     YZ       2.9787     ZZ      -2.5598
    Octapole Moments (Debye-Ang^2)
       XXX      -0.6702    XXY       0.7030    XYY       0.4397
       YYY       2.1142    XXZ     -19.3584    XYZ       3.1474
       YYZ     -20.0029    XZZ      -0.4049    YZZ       7.1464
       ZZZ     -35.3166
    Hexadecapole Moments (Debye-Ang^3)
      XXXX     -36.1984   XXXY       2.0996   XXYY     -12.2047
      XYYY       2.4992   YYYY     -37.1195   XXXZ      -5.0700
      XXYZ       2.0156   XYYZ       4.6491   YYYZ       6.0502
      XXZZ     -47.2153   XYZZ       8.0231   YYZZ     -48.7399
      XZZZ      -0.7798   YZZZ      19.1609   ZZZZ    -239.7489
 -----------------------------------------------------------------
 Total job time:  164.21s(wall), 161.62s(cpu) 
 Fri Mar 21 22:33:28 2014

        *************************************************************
        *                                                           *
        *  Thank you very much for using Q-Chem.  Have a nice day.  *
        *                                                           *
        *************************************************************


0 sent ACK to 0 
now end server 0 ... 
