Process 0 of 1 is on cl236.stfx.acenet.ca - thread support 1
initial socket setup ...start
initial socket setup ...done 
now start server 0 ... 

cmd = /usr/bin/ssh clhead /usr/local/qchem/bin/get_hostid 1312734659 > /globalscratch/itamblyn/bnl/g297_b3lyp_neut_g03Large/g2g71127/omega300/qchem14304/lic.dat
                  Welcome to Q-Chem
     A Quantum Leap Into The Future Of Chemistry

 Y. Shao, L. Fusti-Molnar, Y. Jung, J. Kussmann, C. Ochsenfeld,
 S. T. Brown, A. T. B. Gilbert, L. V. Slipchenko,S. V. Levchenko,
 D. P. O'Neill, R. A. DiStasio Jr., R. C. Lochan, T. Wang,
 G. J. O. Beran, N. A. Besley, J. M. Herbert, C. Y. Lin,
 T. Van Voorhis, S. H. Chien, A. Sodt, R. P. Steele, 
 V. A. Rassolov, P. E. Maslen, P. P. Korambath, R. D. Adamson,
 B. Austin, J. Baker, E. F. C. Byrd, H. Dachsel, R. J. Doerksen,
 A. Dreuw, B. D. Dunietz, A. D. Dutoi, T. R. Furlani,
 S. R. Gwaltney, A. Heyden, S. Hirata, C.-P. Hsu, G. Kedziora,
 R. Z. Khaliullin, P. Klunzinger, A. M. Lee, M. S. Lee, W. Liang,
 I. Lotan, N. Nair, B. Peters, E. I. Proynov, P. A. Pieniazek, 
 Y. M. Rhee, J. Ritchie, E. Rosta, C. D. Sherrill, 
 A. C. Simmonett, J. E. Subotnik, H. L. Woodcock III,
 W. Zhang, A. T. Bell, A. K. Chakraborty, D. M. Chipman,
 F. J. Keil, A. Warshel, W. J. Hehre, H. F. Schaefer III,
 J. Kong, A. I. Krylov, P. M. W. Gill, M. Head-Gordon,
 Q-Chem, Version 3.1, Q-Chem, Inc., Pittsburgh, PA (2007).

 Additional authors for Version 3.1: 
 Z. Gan, Y. Zhao, N. E. Schultz, D. Truhlar, E. Epifanovsky and M. Oana.

 Additional authors for Version 3.2: 
 R. Baer, B. R. Brooks, D. Casanova, J.-D. Chai, C.-L. Cheng, 
 C. Cramer, D. Crittenden, A. Ghysels, G. Hawkins, E. G. Hohenstein, 
 C. Kelley, W. Kurlancheek, D. Liotard, E. Livshits, P. Manohar, 
 A. Marenich, D. Neuhauser, R. Olson, M. A. Rohrdanz, K. S. Thanthiriwatte, 
 A. J. W. Thom, V. Vanovschi, C. F. Williams, Q. Wu and Z.-Q. You. 


 Intel X86 Linux Version

 Q-chem begins on Mon Apr 11 18:38:12 2011  

 Parallel job on  1  processors
Processing $rem in /usr/local/qchem/config/preferences.

theFileMan(): MAXOPENFILES=974 MAX_SUB_FILE_NUM=16
Maximum size of a physical file is 2.0 GB, maximum size of a tmp-file is 32.0 GB


--------------------------------------------------------------
User input:
--------------------------------------------------------------

$molecule
-1,2
O
C1,O,r1
H1,C1,r2,O,a1
H,O,roh,C1,aoh,H1,toh,0
C2,C1,r3a,O,a2a,H1,t1a,0
C3,C1,r3b,O,a2b,H1,-t1b,0
H,C2,r4a,C1,a4a,H1,t2a,0
H,C3,r5a,C1,a5a,H1,-t2b,0
H,C2,r4b,C1,a4b,H1,t3a,0
H,C3,r5b,C1,a5b,H1,-t3b,0
H,C2,r4c,C1,a4c,H1,-t4a,0
H,C3,r5c,C1,a5c,H1,t4b,0

r1=1.43111827
r2=1.9557364
roh=2.07916264
r3a=1.52393712
r3b=1.53017411
r4a=1.09587708
r5a=1.09583825
r4b=1.09448657
r5b=1.09801539
r4c=1.0954512
r5c=1.0964078
a1=28.22171182
aoh=30.02045037
a2a=106.21524706
a2b=111.13113306
a4a=110.2041443
a5a=110.24366741
a4b=110.29321839
a5b=111.03931704
a4c=110.82961388
a5c=111.23833611
toh=-62.32359188
t1a=179.44473237
t1b=57.80032287
t2a=63.0172795
t2b=83.272013
t3a=-56.37337218
t3b=-36.4963859
t4a=176.72748761
t4b=156.21533884

$end

$comment
negative
$end

$xc_functional
   X HF 1.0
   X BNL 1.0
   C LYP 1.0
$end

$rem
SYMMETRY_DECOMPOSITION	0
exchange 		general
BASIS                   g3large
omega			300
separate_jk		true
mem_static              760
max_scf_cycles          200
scf_final_print         1
sym_ignore              true
$end

--------------------------------------------------------------
 Writing REM_CC_EA           12
 ----------------------------------------------------
       Standard Nuclear Orientation (Angstroms)
    I     Atom         X            Y            Z
 ----------------------------------------------------
    1      O       0.000000     0.000000     0.000000
    2      C       0.000000     0.000000     1.431118
    3      H       0.924838     0.000000    -0.292129
    4      H       0.483161     0.921207     1.800236
    5      C      -1.463245     0.014181     1.856673
    6      C       0.760558    -1.207760     1.982752
    7      H      -1.967442    -0.894454     1.508657
    8      H       0.298586    -2.138301     1.634130
    9      H      -1.976608     0.877600     1.422084
   10      H       1.806714    -1.200668     1.649367
   11      H      -1.551233     0.066921     2.947310
   12      H       0.763328    -1.208441     3.079156
 ----------------------------------------------------
 Nuclear Repulsion Energy =   134.3979926221 hartrees
 There are       18 alpha and       17 beta electrons
 Requested basis set is G3large
 There are 88 shells and 248 basis functions

Total QAlloc Memory Limit   2000 MB
Mega-Array Size       743 MB
MEM_STATIC part       760 MB

                       Distance Matrix (Angstroms)
             O (  1)   C (  2)   H (  3)   H (  4)   C (  5)   C (  6)
   C (  2)  1.431118
   H (  3)  0.969878  1.955736
   H (  4)  2.079163  1.103773  2.328453
   C (  5)  2.364005  1.523937  3.212552  2.148110
   C (  6)  2.443039  1.530174  2.580844  2.154707  2.540539
   H (  7)  2.635701  2.162611  3.522521  3.063836  1.095877  2.786558
   H (  8)  2.707742  2.168571  2.945335  3.069568  2.790476  1.095838
   H (  9)  2.588336  2.162693  3.482398  2.489048  1.094487  3.486424
   H ( 10)  2.725111  2.180241  2.447185  2.505376  3.494491  1.098015
   H ( 11)  3.331282  2.170171  4.077912  2.486833  1.095451  2.810617
   H ( 12)  3.394731  2.181519  3.584965  2.499906  2.819024  1.096408
             H (  7)   H (  8)   H (  9)   H ( 10)   H ( 11)
   H (  8)  2.588007
   H (  9)  1.774192  3.783799
   H ( 10)  3.789170  1.775904  4.322543
   H ( 11)  1.779661  3.163745  1.778892  3.816706
   H ( 12)  3.165779  1.780091  3.821610  1.770031  2.645964
 
 A cutoff of  1.0D-08 yielded   3639 shell pairs
 There are  28920 function pairs ( 34904 Cartesian)
Evaluating contribution to one-electron hamiltonian from nuclear
 Smallest overlap matrix eigenvalue = 4.89E-05

 Q-Chem warning in module mkSTV.C, line 194:

 Overlap eigenvalue is smaller than square root of threshold

 Multipole matrices computed through 2nd order

  Scale SEOQF with 1.000000e-01/1.000000e-01/1.000000e-01

 Standard Electronic Orientation quadrupole field applied
 Nucleus-field energy     =    -0.0000000069 hartrees
 Guess from superposition of atomic densities
 Warning:  Energy on first SCF cycle will be non-variational
 An unrestricted hybrid HF-DFT SCF calculation will be
 performed using Pulay DIIS extrapolation
 Exchange:     1.0000 Hartree-Fock + 1.0000 BNL
 Correlation:  1.0000 LYP
 Using SG-1 standard quadrature grid
 SCF converges when DIIS error is below 1.0E-05
 Warning!  Inaccurate integrated density:
   Number of electrons =    35
   Numerical integral  =    34.000227111547
   Relative error      =    -2.8564939670 %
 ---------------------------------------
  Cycle       Energy         DIIS Error
 ---------------------------------------
    1    -192.9041483144      2.77E-02
    2    -191.9510348566      4.41E-03
    3    -191.9821051217      4.63E-03
    4    -192.1069344904      6.57E-04
    5    -192.1097985465      3.10E-04
    6    -192.1108452668      5.86E-05
    7    -192.1110965702      2.60E-05
    8    -192.1112070864      1.64E-05
    9    -192.1112693617      9.70E-06 Convergence criterion met
 ---------------------------------------
 One-Electron    Energy =  -533.0723129163
 Total Coulomb   Energy =   232.0730074123
 Alpha Exchange  Energy =    -2.7154522992
 Beta  Exchange  Energy =    -2.6505442114
 DFT   Exchange  Energy =   -19.0216222361
 DFT Correlation Energy =    -1.1223377263
 Nuclear Repu.   Energy =   134.3979926152
 Nuclear Attr.   Energy =  -724.3209308418
 Kinetic         Energy =   191.2486179255
 <S^2> = 0.7502
 SCF time:  CPU 246.35 s  wall 278.45 s
 Final Alpha MO Eigenvalues
            1           2           3           4           5           6
    1 -18.5924200  -9.8312505  -9.7755721  -9.7661318  -0.9503485  -0.7252609
            7           8           9          10          11          12
    1  -0.6469181  -0.5423184  -0.4720964  -0.4144177  -0.3932938  -0.3451778
           13          14          15          16          17          18
    1  -0.3411638  -0.3222389  -0.3086378  -0.2773430  -0.2243273   0.0290035
           19          20          21          22          23
    1   0.1324533   0.1423686   0.1464807   0.1718893   0.1786251
 Final Beta MO Eigenvalues
            1           2           3           4           5           6
    1 -18.5919277  -9.8308863  -9.7753215  -9.7654660  -0.9495098  -0.7245068
            7           8           9          10          11          12
    1  -0.6460165  -0.5411742  -0.4707362  -0.4132818  -0.3926343  -0.3446457
           13          14          15          16          17          18
    1  -0.3406606  -0.3216749  -0.3078555  -0.2766651  -0.2234816   0.1236400
           19          20          21          22
    1   0.1405207   0.1444106   0.1495782   0.1641881
 Analysis of SCF Wavefunction
 
 --------------------------------------------------------------
                    Orbital Energies (a.u.)
 --------------------------------------------------------------
 
 Alpha MOs
 -- Occupied --
-18.592  -9.831  -9.776  -9.766  -0.950  -0.725  -0.647  -0.542
 -0.472  -0.414  -0.393  -0.345  -0.341  -0.322  -0.309  -0.277
 -0.224   0.029
 -- Virtual --
  0.132   0.142   0.146   0.172   0.179   0.183   0.190   0.234
  0.239   0.261   0.266   0.273   0.276   0.277   0.286   0.293
  0.295   0.318   0.328   0.351   0.371   0.383   0.391   0.407
  0.410   0.438   0.443   0.455   0.463   0.474   0.497   0.514
  0.529   0.559   0.612   0.630   0.654   0.675   0.688   0.698
  0.734   0.736   0.755   0.766   0.767   0.771   0.775   0.815
  0.817   0.841   0.849   0.875   0.881   0.912   0.949   1.000
  1.015   1.061   1.067   1.108   1.137   1.157   1.175   1.197
  1.236   1.271   1.278   1.311   1.330   1.348   1.358   1.380
  1.396   1.426   1.439   1.471   1.489   1.500   1.510   1.535
  1.538   1.557   1.569   1.611   1.652   1.656   1.670   1.689
  1.702   1.746   1.750   1.780   1.797   1.810   1.852   1.853
  1.977   2.085   2.254   2.289   2.476   2.545   2.606   2.722
  2.747   2.786   2.792   2.849   2.900   2.925   3.014   3.036
  3.043   3.082   3.136   3.139   3.160   3.186   3.222   3.309
  3.331   3.364   3.368   3.399   3.435   3.486   3.520   3.527
  3.538   3.570   3.611   3.645   3.709   3.747   3.753   3.782
  3.800   3.831   3.872   3.900   3.935   3.975   4.004   4.027
  4.061   4.092   4.181   4.185   4.200   4.210   4.251   4.310
  4.344   4.393   4.406   4.425   4.431   4.456   4.485   4.509
  4.542   4.549   4.638   4.656   4.690   4.763   4.788   4.817
  4.826   4.871   4.931   5.038   5.233   5.376   5.399   5.483
  5.553   5.586   5.673   5.728   5.763   5.830   5.852   5.878
  5.897   6.030   6.113   6.599   7.163   7.331   7.401   7.448
  7.742   7.850  24.400  24.505  24.611  27.768  27.941  28.243
 28.281  28.310  28.331  28.346  28.532  28.640  41.009  41.060
 41.074  41.075  41.105  41.114  41.318  41.345  41.360  41.370
 41.378  41.398  41.400  41.444  41.472  43.890  43.901  43.967
 43.992  44.063  45.883  46.196  46.569  50.249
 
 Beta MOs
 -- Occupied --
-18.592  -9.831  -9.775  -9.765  -0.950  -0.725  -0.646  -0.541
 -0.471  -0.413  -0.393  -0.345  -0.341  -0.322  -0.308  -0.277
 -0.223
 -- Virtual --
  0.124   0.141   0.144   0.150   0.164   0.174   0.176   0.181
  0.227   0.231   0.252   0.263   0.265   0.266   0.268   0.280
  0.286   0.288   0.309   0.321   0.347   0.367   0.378   0.386
  0.402   0.405   0.434   0.440   0.450   0.460   0.468   0.490
  0.509   0.524   0.554   0.608   0.626   0.652   0.673   0.686
  0.695   0.731   0.733   0.752   0.763   0.764   0.767   0.772
  0.813   0.813   0.838   0.847   0.871   0.878   0.911   0.949
  1.000   1.015   1.061   1.066   1.108   1.136   1.157   1.174
  1.197   1.235   1.270   1.278   1.311   1.329   1.347   1.357
  1.379   1.396   1.425   1.438   1.471   1.489   1.500   1.510
  1.534   1.537   1.557   1.568   1.611   1.652   1.655   1.669
  1.688   1.701   1.745   1.749   1.780   1.796   1.809   1.851
  1.852   1.977   2.086   2.255   2.289   2.476   2.545   2.606
  2.722   2.747   2.786   2.792   2.849   2.900   2.925   3.014
  3.036   3.043   3.082   3.136   3.140   3.160   3.186   3.222
  3.309   3.332   3.365   3.369   3.399   3.436   3.486   3.520
  3.528   3.539   3.570   3.611   3.646   3.709   3.748   3.753
  3.783   3.800   3.831   3.872   3.900   3.936   3.975   4.005
  4.027   4.061   4.093   4.182   4.186   4.200   4.211   4.251
  4.311   4.345   4.393   4.407   4.426   4.432   4.456   4.485
  4.510   4.542   4.549   4.638   4.656   4.690   4.763   4.788
  4.817   4.826   4.871   4.931   5.038   5.233   5.376   5.400
  5.484   5.554   5.586   5.674   5.729   5.764   5.831   5.852
  5.878   5.898   6.030   6.114   6.600   7.164   7.333   7.401
  7.449   7.743   7.851  24.401  24.506  24.611  27.768  27.941
 28.244  28.282  28.311  28.331  28.347  28.532  28.640  41.010
 41.060  41.074  41.076  41.105  41.115  41.319  41.346  41.360
 41.370  41.379  41.398  41.400  41.444  41.473  43.891  43.901
 43.967  43.992  44.063  45.883  46.197  46.570  50.250
 --------------------------------------------------------------
 
          Ground-State Mulliken Net Atomic Charges

     Atom                 Charge (a.u.)    Spin (a.u.)
  --------------------------------------------------------
      1 O                    -0.345802       0.058268
      2 C                    -0.105140       0.024127
      3 H                    -0.288372       0.564272
      4 H                    -0.671080       0.808601
      5 C                     0.722131      -1.132131
      6 C                     1.654457      -2.087499
      7 H                     0.023227       0.109067
      8 H                    -0.198346       0.336290
      9 H                    -0.191070       0.331508
     10 H                    -1.139467       1.284953
     11 H                    -0.156108       0.280670
     12 H                    -0.304430       0.421874
  --------------------------------------------------------
  Sum of atomic charges =    -1.000000
  Sum of spin   charges =     1.000000

 -----------------------------------------------------------------
                    Cartesian Multipole Moments
 -----------------------------------------------------------------
    Charge (ESU x 10^10)
                -4.8032
    Dipole Moment (Debye)
         X      -4.7381      Y       0.6137      Z      -6.0806
       Tot       7.7331
    Quadrupole Moments (Debye-Ang)
        XX     -60.7843     XY       3.3704     YY     -50.8758
        XZ      -5.6765     YZ       0.7326     ZZ     -64.6171
    Octapole Moments (Debye-Ang^2)
       XXX     -65.7842    XXY      20.1215    XYY     -17.5216
       YYY      40.9733    XXZ     -86.4631    XYZ       4.0516
       YYZ     -76.0525    XZZ     -22.9191    YZZ      16.5691
       ZZZ    -259.7799
    Hexadecapole Moments (Debye-Ang^3)
      XXXX    -722.4035   XXXY      92.8871   XXYY    -187.5565
      XYYY      62.6495   YYYY    -411.2442   XXXZ     -51.7574
      XXYZ      33.0659   XYYZ     -14.2703   YYYZ      77.0410
      XXZZ    -322.6017   XYZZ      26.7017   YYZZ    -268.7034
      XZZZ     -43.7324   YZZZ      90.2979   ZZZZ   -1263.4603
 -----------------------------------------------------------------
 Total job time:  280.27s(wall), 246.69s(cpu) 
 Mon Apr 11 18:42:52 2011

        *************************************************************
        *                                                           *
        *  Thank you very much for using Q-Chem.  Have a nice day.  *
        *                                                           *
        *************************************************************


0 sent ACK to 0 
now end server 0 ... 
 
**********************************************************************
Job 2 of 3 
**********************************************************************
 
Process 0 of 1 is on cl236.stfx.acenet.ca - thread support 1
initial socket setup ...start
initial socket setup ...done 
now start server 0 ... 

cmd = /usr/bin/ssh clhead /usr/local/qchem/bin/get_hostid 534638301 > /globalscratch/itamblyn/bnl/g297_b3lyp_neut_g03Large/g2g71127/omega300/qchem14304/lic.dat
                  Welcome to Q-Chem
     A Quantum Leap Into The Future Of Chemistry

 Y. Shao, L. Fusti-Molnar, Y. Jung, J. Kussmann, C. Ochsenfeld,
 S. T. Brown, A. T. B. Gilbert, L. V. Slipchenko,S. V. Levchenko,
 D. P. O'Neill, R. A. DiStasio Jr., R. C. Lochan, T. Wang,
 G. J. O. Beran, N. A. Besley, J. M. Herbert, C. Y. Lin,
 T. Van Voorhis, S. H. Chien, A. Sodt, R. P. Steele, 
 V. A. Rassolov, P. E. Maslen, P. P. Korambath, R. D. Adamson,
 B. Austin, J. Baker, E. F. C. Byrd, H. Dachsel, R. J. Doerksen,
 A. Dreuw, B. D. Dunietz, A. D. Dutoi, T. R. Furlani,
 S. R. Gwaltney, A. Heyden, S. Hirata, C.-P. Hsu, G. Kedziora,
 R. Z. Khaliullin, P. Klunzinger, A. M. Lee, M. S. Lee, W. Liang,
 I. Lotan, N. Nair, B. Peters, E. I. Proynov, P. A. Pieniazek, 
 Y. M. Rhee, J. Ritchie, E. Rosta, C. D. Sherrill, 
 A. C. Simmonett, J. E. Subotnik, H. L. Woodcock III,
 W. Zhang, A. T. Bell, A. K. Chakraborty, D. M. Chipman,
 F. J. Keil, A. Warshel, W. J. Hehre, H. F. Schaefer III,
 J. Kong, A. I. Krylov, P. M. W. Gill, M. Head-Gordon,
 Q-Chem, Version 3.1, Q-Chem, Inc., Pittsburgh, PA (2007).

 Additional authors for Version 3.1: 
 Z. Gan, Y. Zhao, N. E. Schultz, D. Truhlar, E. Epifanovsky and M. Oana.

 Additional authors for Version 3.2: 
 R. Baer, B. R. Brooks, D. Casanova, J.-D. Chai, C.-L. Cheng, 
 C. Cramer, D. Crittenden, A. Ghysels, G. Hawkins, E. G. Hohenstein, 
 C. Kelley, W. Kurlancheek, D. Liotard, E. Livshits, P. Manohar, 
 A. Marenich, D. Neuhauser, R. Olson, M. A. Rohrdanz, K. S. Thanthiriwatte, 
 A. J. W. Thom, V. Vanovschi, C. F. Williams, Q. Wu and Z.-Q. You. 


 Intel X86 Linux Version

 Q-chem begins on Mon Apr 11 18:42:57 2011  

 Parallel job on  1  processors
Processing $rem in /usr/local/qchem/config/preferences.

theFileMan(): MAXOPENFILES=974 MAX_SUB_FILE_NUM=16
Maximum size of a physical file is 2.0 GB, maximum size of a tmp-file is 32.0 GB


--------------------------------------------------------------
User input:
--------------------------------------------------------------

$molecule
0,1
O
C1,O,r1
H1,C1,r2,O,a1
H,O,roh,C1,aoh,H1,toh,0
C2,C1,r3a,O,a2a,H1,t1a,0
C3,C1,r3b,O,a2b,H1,-t1b,0
H,C2,r4a,C1,a4a,H1,t2a,0
H,C3,r5a,C1,a5a,H1,-t2b,0
H,C2,r4b,C1,a4b,H1,t3a,0
H,C3,r5b,C1,a5b,H1,-t3b,0
H,C2,r4c,C1,a4c,H1,-t4a,0
H,C3,r5c,C1,a5c,H1,t4b,0

r1=1.43111827
r2=1.9557364
roh=2.07916264
r3a=1.52393712
r3b=1.53017411
r4a=1.09587708
r5a=1.09583825
r4b=1.09448657
r5b=1.09801539
r4c=1.0954512
r5c=1.0964078
a1=28.22171182
aoh=30.02045037
a2a=106.21524706
a2b=111.13113306
a4a=110.2041443
a5a=110.24366741
a4b=110.29321839
a5b=111.03931704
a4c=110.82961388
a5c=111.23833611
toh=-62.32359188
t1a=179.44473237
t1b=57.80032287
t2a=63.0172795
t2b=83.272013
t3a=-56.37337218
t3b=-36.4963859
t4a=176.72748761
t4b=156.21533884

$end

$comment
neutral
$end

$xc_functional
   X HF 1.0
   X BNL 1.0
   C LYP 1.0
$end

$rem
SYMMETRY_DECOMPOSITION	0
exchange 		general
BASIS                   g3large
omega			300
separate_jk		true
mem_static              760
max_scf_cycles          200
scf_final_print         1
sym_ignore              true
$end

--------------------------------------------------------------
 Writing REM_CC_EA           12
 ----------------------------------------------------
       Standard Nuclear Orientation (Angstroms)
    I     Atom         X            Y            Z
 ----------------------------------------------------
    1      O       0.000000     0.000000     0.000000
    2      C       0.000000     0.000000     1.431118
    3      H       0.924838     0.000000    -0.292129
    4      H       0.483161     0.921207     1.800236
    5      C      -1.463245     0.014181     1.856673
    6      C       0.760558    -1.207760     1.982752
    7      H      -1.967442    -0.894454     1.508657
    8      H       0.298586    -2.138301     1.634130
    9      H      -1.976608     0.877600     1.422084
   10      H       1.806714    -1.200668     1.649367
   11      H      -1.551233     0.066921     2.947310
   12      H       0.763328    -1.208441     3.079156
 ----------------------------------------------------
 Nuclear Repulsion Energy =   134.3979926221 hartrees
 There are       17 alpha and       17 beta electrons
 Requested basis set is G3large
 There are 88 shells and 248 basis functions

Total QAlloc Memory Limit   2000 MB
Mega-Array Size       743 MB
MEM_STATIC part       760 MB

                       Distance Matrix (Angstroms)
             O (  1)   C (  2)   H (  3)   H (  4)   C (  5)   C (  6)
   C (  2)  1.431118
   H (  3)  0.969878  1.955736
   H (  4)  2.079163  1.103773  2.328453
   C (  5)  2.364005  1.523937  3.212552  2.148110
   C (  6)  2.443039  1.530174  2.580844  2.154707  2.540539
   H (  7)  2.635701  2.162611  3.522521  3.063836  1.095877  2.786558
   H (  8)  2.707742  2.168571  2.945335  3.069568  2.790476  1.095838
   H (  9)  2.588336  2.162693  3.482398  2.489048  1.094487  3.486424
   H ( 10)  2.725111  2.180241  2.447185  2.505376  3.494491  1.098015
   H ( 11)  3.331282  2.170171  4.077912  2.486833  1.095451  2.810617
   H ( 12)  3.394731  2.181519  3.584965  2.499906  2.819024  1.096408
             H (  7)   H (  8)   H (  9)   H ( 10)   H ( 11)
   H (  8)  2.588007
   H (  9)  1.774192  3.783799
   H ( 10)  3.789170  1.775904  4.322543
   H ( 11)  1.779661  3.163745  1.778892  3.816706
   H ( 12)  3.165779  1.780091  3.821610  1.770031  2.645964
 
 A cutoff of  1.0D-08 yielded   3639 shell pairs
 There are  28920 function pairs ( 34904 Cartesian)
Evaluating contribution to one-electron hamiltonian from nuclear
 Smallest overlap matrix eigenvalue = 4.89E-05

 Q-Chem warning in module mkSTV.C, line 194:

 Overlap eigenvalue is smaller than square root of threshold

 Multipole matrices computed through 2nd order

  Scale SEOQF with 1.000000e-01/1.000000e-01/1.000000e-01

 Standard Electronic Orientation quadrupole field applied
 Nucleus-field energy     =    -0.0000000069 hartrees
 Guess from superposition of atomic densities
 Warning:  Energy on first SCF cycle will be non-variational
 A restricted hybrid HF-DFT SCF calculation will be
 performed using Pulay DIIS extrapolation
 Exchange:     1.0000 Hartree-Fock + 1.0000 BNL
 Correlation:  1.0000 LYP
 Using SG-1 standard quadrature grid
 SCF converges when DIIS error is below 1.0E-05
 ---------------------------------------
  Cycle       Energy         DIIS Error
 ---------------------------------------
    1    -192.9041483144      2.77E-02
    2    -192.0212601896      4.10E-03
    3    -192.0507366297      3.98E-03
    4    -192.1378931523      6.24E-04
    5    -192.1396169028      2.54E-04
    6    -192.1400148277      3.89E-05
    7    -192.1400253559      9.70E-06 Convergence criterion met
 ---------------------------------------
 One-Electron    Energy =  -528.4768437087
 Total Coulomb   Energy =   227.3665663623
 Alpha Exchange  Energy =    -2.6521979673
 Beta  Exchange  Energy =    -2.6521979673
 DFT   Exchange  Energy =   -19.0084459222
 DFT Correlation Energy =    -1.1148987680
 Nuclear Repu.   Energy =   134.3979926152
 Nuclear Attr.   Energy =  -719.6515478791
 Kinetic         Energy =   191.1747041705
 SCF time:  CPU 147.82 s  wall 155.91 s
 Final Alpha MO Eigenvalues
            1           2           3           4           5           6
    1 -18.7327754  -9.9696422  -9.9082687  -9.9012499  -1.0904989  -0.8602883
            7           8           9          10          11          12
    1  -0.7810381  -0.6774380  -0.6097644  -0.5492931  -0.5304108  -0.4796299
           13          14          15          16          17          18
    1  -0.4684520  -0.4590223  -0.4422175  -0.4134454  -0.3626968   0.0265502
           19          20          21          22
    1   0.0462213   0.0495478   0.0543435   0.0739154
 Analysis of SCF Wavefunction
 
 --------------------------------------------------------------
                    Orbital Energies (a.u.)
 --------------------------------------------------------------
 
 Alpha MOs
 -- Occupied --
-18.733  -9.970  -9.908  -9.901  -1.090  -0.860  -0.781  -0.677
 -0.610  -0.549  -0.530  -0.480  -0.468  -0.459  -0.442  -0.413
 -0.363
 -- Virtual --
  0.027   0.046   0.050   0.054   0.074   0.078   0.084   0.091
  0.119   0.128   0.145   0.152   0.157   0.162   0.166   0.170
  0.177   0.183   0.207   0.210   0.230   0.246   0.256   0.264
  0.280   0.284   0.309   0.314   0.329   0.335   0.353   0.374
  0.388   0.401   0.432   0.485   0.503   0.523   0.543   0.559
  0.571   0.603   0.607   0.626   0.633   0.638   0.642   0.646
  0.679   0.683   0.704   0.716   0.746   0.753   0.777   0.817
  0.866   0.882   0.928   0.931   0.975   1.004   1.024   1.041
  1.063   1.104   1.138   1.149   1.176   1.195   1.218   1.224
  1.245   1.266   1.292   1.307   1.342   1.354   1.368   1.376
  1.402   1.408   1.423   1.434   1.473   1.519   1.527   1.536
  1.553   1.572   1.612   1.618   1.647   1.665   1.676   1.717
  1.719   1.843   1.947   2.117   2.152   2.339   2.407   2.474
  2.586   2.610   2.653   2.660   2.713   2.768   2.790   2.878
  2.900   2.907   2.946   3.001   3.007   3.026   3.051   3.088
  3.176   3.194   3.231   3.236   3.263   3.301   3.354   3.385
  3.391   3.407   3.434   3.477   3.510   3.574   3.610   3.622
  3.651   3.663   3.695   3.737   3.762   3.799   3.833   3.867
  3.894   3.925   3.958   4.043   4.051   4.065   4.076   4.119
  4.175   4.206   4.256   4.270   4.292   4.300   4.322   4.347
  4.373   4.406   4.412   4.508   4.518   4.557   4.628   4.657
  4.678   4.695   4.735   4.796   4.904   5.095   5.238   5.261
  5.346   5.418   5.451   5.534   5.590   5.623   5.693   5.722
  5.744   5.764   5.892   5.975   6.460   7.024   7.189   7.262
  7.310   7.603   7.712  24.264  24.372  24.475  27.631  27.805
 28.105  28.150  28.174  28.200  28.211  28.396  28.504  40.874
 40.923  40.933  40.948  40.964  40.984  41.180  41.208  41.227
 41.232  41.242  41.257  41.272  41.317  41.332  43.750  43.761
 43.827  43.852  43.922  45.743  46.056  46.429  50.109
 --------------------------------------------------------------
 
          Ground-State Mulliken Net Atomic Charges

     Atom                 Charge (a.u.)
  ----------------------------------------
      1 O                    -0.269745
      2 C                    -0.123459
      3 H                     0.252280
      4 H                     0.138097
      5 C                    -0.400681
      6 C                    -0.447619
      7 H                     0.151509
      8 H                     0.167474
      9 H                     0.153465
     10 H                     0.121923
     11 H                     0.127209
     12 H                     0.129548
  ----------------------------------------
  Sum of atomic charges =     0.000000

 -----------------------------------------------------------------
                    Cartesian Multipole Moments
 -----------------------------------------------------------------
    Charge (ESU x 10^10)
                 0.0000
    Dipole Moment (Debye)
         X       1.3404      Y      -0.0484      Z       1.1516
       Tot       1.7678
    Quadrupole Moments (Debye-Ang)
        XX     -25.8217     XY       0.0985     YY     -27.8433
        XZ      -0.9939     YZ      -0.0666     ZZ     -25.7219
    Octapole Moments (Debye-Ang^2)
       XXX      16.7370    XXY       9.5775    XYY       3.9252
       YYY      27.7816    XXZ     -39.7545    XYZ       0.1235
       YYZ     -38.7193    XZZ       5.0294    YZZ       9.2896
       ZZZ    -111.8345
    Hexadecapole Moments (Debye-Ang^3)
      XXXX    -190.3862   XXXY      22.9226   XXYY     -52.3876
      XYYY      25.6739   YYYY    -126.0792   XXXZ      28.9259
      XXYZ      19.3937   XYYZ       8.9232   YYYZ      57.5232
      XXZZ    -114.9845   XYZZ       7.7696   YYZZ    -104.1831
      XZZZ      27.1545   YZZZ      55.4423   ZZZZ    -460.7520
 -----------------------------------------------------------------
 Total job time:  157.37s(wall), 148.15s(cpu) 
 Mon Apr 11 18:45:34 2011

        *************************************************************
        *                                                           *
        *  Thank you very much for using Q-Chem.  Have a nice day.  *
        *                                                           *
        *************************************************************


0 sent ACK to 0 
now end server 0 ... 
 
**********************************************************************
Job 3 of 3 
**********************************************************************
 
Process 0 of 1 is on cl236.stfx.acenet.ca - thread support 1
initial socket setup ...start
initial socket setup ...done 
now start server 0 ... 

cmd = /usr/bin/ssh clhead /usr/local/qchem/bin/get_hostid 1420197342 > /globalscratch/itamblyn/bnl/g297_b3lyp_neut_g03Large/g2g71127/omega300/qchem14304/lic.dat
                  Welcome to Q-Chem
     A Quantum Leap Into The Future Of Chemistry

 Y. Shao, L. Fusti-Molnar, Y. Jung, J. Kussmann, C. Ochsenfeld,
 S. T. Brown, A. T. B. Gilbert, L. V. Slipchenko,S. V. Levchenko,
 D. P. O'Neill, R. A. DiStasio Jr., R. C. Lochan, T. Wang,
 G. J. O. Beran, N. A. Besley, J. M. Herbert, C. Y. Lin,
 T. Van Voorhis, S. H. Chien, A. Sodt, R. P. Steele, 
 V. A. Rassolov, P. E. Maslen, P. P. Korambath, R. D. Adamson,
 B. Austin, J. Baker, E. F. C. Byrd, H. Dachsel, R. J. Doerksen,
 A. Dreuw, B. D. Dunietz, A. D. Dutoi, T. R. Furlani,
 S. R. Gwaltney, A. Heyden, S. Hirata, C.-P. Hsu, G. Kedziora,
 R. Z. Khaliullin, P. Klunzinger, A. M. Lee, M. S. Lee, W. Liang,
 I. Lotan, N. Nair, B. Peters, E. I. Proynov, P. A. Pieniazek, 
 Y. M. Rhee, J. Ritchie, E. Rosta, C. D. Sherrill, 
 A. C. Simmonett, J. E. Subotnik, H. L. Woodcock III,
 W. Zhang, A. T. Bell, A. K. Chakraborty, D. M. Chipman,
 F. J. Keil, A. Warshel, W. J. Hehre, H. F. Schaefer III,
 J. Kong, A. I. Krylov, P. M. W. Gill, M. Head-Gordon,
 Q-Chem, Version 3.1, Q-Chem, Inc., Pittsburgh, PA (2007).

 Additional authors for Version 3.1: 
 Z. Gan, Y. Zhao, N. E. Schultz, D. Truhlar, E. Epifanovsky and M. Oana.

 Additional authors for Version 3.2: 
 R. Baer, B. R. Brooks, D. Casanova, J.-D. Chai, C.-L. Cheng, 
 C. Cramer, D. Crittenden, A. Ghysels, G. Hawkins, E. G. Hohenstein, 
 C. Kelley, W. Kurlancheek, D. Liotard, E. Livshits, P. Manohar, 
 A. Marenich, D. Neuhauser, R. Olson, M. A. Rohrdanz, K. S. Thanthiriwatte, 
 A. J. W. Thom, V. Vanovschi, C. F. Williams, Q. Wu and Z.-Q. You. 


 Intel X86 Linux Version

 Q-chem begins on Mon Apr 11 18:45:41 2011  

 Parallel job on  1  processors
Processing $rem in /usr/local/qchem/config/preferences.

theFileMan(): MAXOPENFILES=974 MAX_SUB_FILE_NUM=16
Maximum size of a physical file is 2.0 GB, maximum size of a tmp-file is 32.0 GB


--------------------------------------------------------------
User input:
--------------------------------------------------------------

$molecule
1,2
O
C1,O,r1
H1,C1,r2,O,a1
H,O,roh,C1,aoh,H1,toh,0
C2,C1,r3a,O,a2a,H1,t1a,0
C3,C1,r3b,O,a2b,H1,-t1b,0
H,C2,r4a,C1,a4a,H1,t2a,0
H,C3,r5a,C1,a5a,H1,-t2b,0
H,C2,r4b,C1,a4b,H1,t3a,0
H,C3,r5b,C1,a5b,H1,-t3b,0
H,C2,r4c,C1,a4c,H1,-t4a,0
H,C3,r5c,C1,a5c,H1,t4b,0

r1=1.43111827
r2=1.9557364
roh=2.07916264
r3a=1.52393712
r3b=1.53017411
r4a=1.09587708
r5a=1.09583825
r4b=1.09448657
r5b=1.09801539
r4c=1.0954512
r5c=1.0964078
a1=28.22171182
aoh=30.02045037
a2a=106.21524706
a2b=111.13113306
a4a=110.2041443
a5a=110.24366741
a4b=110.29321839
a5b=111.03931704
a4c=110.82961388
a5c=111.23833611
toh=-62.32359188
t1a=179.44473237
t1b=57.80032287
t2a=63.0172795
t2b=83.272013
t3a=-56.37337218
t3b=-36.4963859
t4a=176.72748761
t4b=156.21533884

$end

$comment
positive
$end

$xc_functional
   X HF 1.0
   X BNL 1.0
   C LYP 1.0
$end

$rem
SYMMETRY_DECOMPOSITION	0
exchange 		general
BASIS                   g3large
omega			300
separate_jk		true
mem_static              760
max_scf_cycles          200
scf_final_print         1
sym_ignore              true
$end

--------------------------------------------------------------
 Writing REM_CC_EA           12
 ----------------------------------------------------
       Standard Nuclear Orientation (Angstroms)
    I     Atom         X            Y            Z
 ----------------------------------------------------
    1      O       0.000000     0.000000     0.000000
    2      C       0.000000     0.000000     1.431118
    3      H       0.924838     0.000000    -0.292129
    4      H       0.483161     0.921207     1.800236
    5      C      -1.463245     0.014181     1.856673
    6      C       0.760558    -1.207760     1.982752
    7      H      -1.967442    -0.894454     1.508657
    8      H       0.298586    -2.138301     1.634130
    9      H      -1.976608     0.877600     1.422084
   10      H       1.806714    -1.200668     1.649367
   11      H      -1.551233     0.066921     2.947310
   12      H       0.763328    -1.208441     3.079156
 ----------------------------------------------------
 Nuclear Repulsion Energy =   134.3979926221 hartrees
 There are       17 alpha and       16 beta electrons
 Requested basis set is G3large
 There are 88 shells and 248 basis functions

Total QAlloc Memory Limit   2000 MB
Mega-Array Size       743 MB
MEM_STATIC part       760 MB

                       Distance Matrix (Angstroms)
             O (  1)   C (  2)   H (  3)   H (  4)   C (  5)   C (  6)
   C (  2)  1.431118
   H (  3)  0.969878  1.955736
   H (  4)  2.079163  1.103773  2.328453
   C (  5)  2.364005  1.523937  3.212552  2.148110
   C (  6)  2.443039  1.530174  2.580844  2.154707  2.540539
   H (  7)  2.635701  2.162611  3.522521  3.063836  1.095877  2.786558
   H (  8)  2.707742  2.168571  2.945335  3.069568  2.790476  1.095838
   H (  9)  2.588336  2.162693  3.482398  2.489048  1.094487  3.486424
   H ( 10)  2.725111  2.180241  2.447185  2.505376  3.494491  1.098015
   H ( 11)  3.331282  2.170171  4.077912  2.486833  1.095451  2.810617
   H ( 12)  3.394731  2.181519  3.584965  2.499906  2.819024  1.096408
             H (  7)   H (  8)   H (  9)   H ( 10)   H ( 11)
   H (  8)  2.588007
   H (  9)  1.774192  3.783799
   H ( 10)  3.789170  1.775904  4.322543
   H ( 11)  1.779661  3.163745  1.778892  3.816706
   H ( 12)  3.165779  1.780091  3.821610  1.770031  2.645964
 
 A cutoff of  1.0D-08 yielded   3639 shell pairs
 There are  28920 function pairs ( 34904 Cartesian)
Evaluating contribution to one-electron hamiltonian from nuclear
 Smallest overlap matrix eigenvalue = 4.89E-05

 Q-Chem warning in module mkSTV.C, line 194:

 Overlap eigenvalue is smaller than square root of threshold

 Multipole matrices computed through 2nd order

  Scale SEOQF with 1.000000e-01/1.000000e-01/1.000000e-01

 Standard Electronic Orientation quadrupole field applied
 Nucleus-field energy     =    -0.0000000069 hartrees
 Guess from superposition of atomic densities
 Warning:  Energy on first SCF cycle will be non-variational
 An unrestricted hybrid HF-DFT SCF calculation will be
 performed using Pulay DIIS extrapolation
 Exchange:     1.0000 Hartree-Fock + 1.0000 BNL
 Correlation:  1.0000 LYP
 Using SG-1 standard quadrature grid
 SCF converges when DIIS error is below 1.0E-05
 Warning!  Inaccurate integrated density:
   Number of electrons =    33
   Numerical integral  =    34.000227111547
   Relative error      =     3.0309912471 %
 ---------------------------------------
  Cycle       Energy         DIIS Error
 ---------------------------------------
    1    -192.9041483144      2.77E-02
    2    -191.6925668624      2.79E-03
    3    -191.7356962218      1.84E-03
    4    -191.7574088653      4.03E-04
    5    -191.7591624386      2.87E-04
    6    -191.7600305035      7.32E-05
    7    -191.7606499206      7.40E-05
    8    -191.7612418928      4.24E-05
    9    -191.7616143824      2.16E-05
   10    -191.7618463444      1.64E-05
   11    -191.7619125252      8.45E-06 Convergence criterion met
 ---------------------------------------
 One-Electron    Energy =  -519.7459337701
 Total Coulomb   Energy =   218.6597975764
 Alpha Exchange  Energy =    -2.6641026464
 Beta  Exchange  Energy =    -2.4896935478
 DFT   Exchange  Energy =   -18.8382656233
 DFT Correlation Energy =    -1.0817071291
 Nuclear Repu.   Energy =   134.3979926152
 Nuclear Attr.   Energy =  -710.6201772350
 Kinetic         Energy =   190.8742434649
 <S^2> = 0.7533
 SCF time:  CPU 291.19 s  wall 306.83 s
 Final Alpha MO Eigenvalues
            1           2           3           4           5           6
    1 -19.0947036 -10.2474835 -10.1477437 -10.1100402  -1.4189333  -1.1183101
            7           8           9          10          11          12
    1  -1.0107186  -0.9381767  -0.8971325  -0.8192493  -0.7883661  -0.7354805
           13          14          15          16          17          18
    1  -0.7051001  -0.6975405  -0.6772861  -0.6590772  -0.6532720  -0.1388042
           19          20          21          22
    1  -0.0970321  -0.0886094  -0.0785895  -0.0626055
 Final Beta MO Eigenvalues
            1           2           3           4           5           6
    1 -19.0784759 -10.2452845 -10.1447784 -10.1098073  -1.3918156  -1.1052814
            7           8           9          10          11          12
    1  -1.0041963  -0.9271556  -0.8728887  -0.7877864  -0.7748464  -0.7086220
           13          14          15          16          17          18
    1  -0.6970724  -0.6753874  -0.6619028  -0.6506628  -0.3929924  -0.1364211
           19          20          21
    1  -0.0952703  -0.0873746  -0.0779041
 Analysis of SCF Wavefunction
 
 --------------------------------------------------------------
                    Orbital Energies (a.u.)
 --------------------------------------------------------------
 
 Alpha MOs
 -- Occupied --
-19.095 -10.247 -10.148 -10.110  -1.419  -1.118  -1.011  -0.938
 -0.897  -0.819  -0.788  -0.735  -0.705  -0.698  -0.677  -0.659
 -0.653
 -- Virtual --
 -0.139  -0.097  -0.089  -0.079  -0.063  -0.052  -0.048  -0.042
 -0.029  -0.024  -0.012  -0.009   0.004   0.012   0.019   0.023
  0.034   0.039   0.048   0.055   0.059   0.071   0.082   0.086
  0.097   0.108   0.112   0.126   0.133   0.138   0.185   0.188
  0.204   0.216   0.238   0.295   0.313   0.316   0.337   0.360
  0.380   0.393   0.410   0.417   0.439   0.446   0.452   0.462
  0.467   0.472   0.485   0.508   0.554   0.557   0.580   0.601
  0.653   0.673   0.708   0.713   0.756   0.797   0.809   0.822
  0.844   0.883   0.915   0.933   0.954   0.955   0.980   1.007
  1.033   1.049   1.071   1.093   1.123   1.139   1.147   1.159
  1.174   1.199   1.212   1.224   1.245   1.299   1.314   1.327
  1.342   1.367   1.395   1.403   1.435   1.449   1.453   1.497
  1.504   1.577   1.655   1.844   1.874   2.049   2.134   2.258
  2.349   2.365   2.424   2.441   2.482   2.535   2.544   2.629
  2.647   2.668   2.691   2.761   2.789   2.800   2.827   2.847
  2.955   2.957   2.989   3.007   3.021   3.077   3.135   3.144
  3.161   3.185   3.206   3.245   3.274   3.322   3.379   3.402
  3.418   3.427   3.445   3.484   3.506   3.546   3.569   3.628
  3.655   3.695   3.719   3.796   3.816   3.835   3.849   3.890
  3.934   3.949   4.004   4.042   4.063   4.082   4.102   4.113
  4.118   4.159   4.178   4.283   4.287   4.331   4.400   4.431
  4.441   4.470   4.497   4.551   4.669   4.740   4.909   4.939
  5.054   5.127   5.215   5.225   5.296   5.301   5.440   5.492
  5.524   5.549   5.600   5.685   6.145   6.659   6.867   6.912
  6.949   7.271   7.385  24.010  24.144  24.229  27.377  27.548
 27.836  27.923  27.939  27.982  27.989  28.148  28.257  40.603
 40.652  40.690  40.722  40.735  40.766  40.900  40.936  40.964
 40.988  41.017  41.028  41.062  41.079  41.112  43.369  43.381
 43.450  43.496  43.568  45.366  45.702  46.074  49.748
 
 Beta MOs
 -- Occupied --
-19.078 -10.245 -10.145 -10.110  -1.392  -1.105  -1.004  -0.927
 -0.873  -0.788  -0.775  -0.709  -0.697  -0.675  -0.662  -0.651
 -- Virtual --
 -0.393  -0.136  -0.095  -0.087  -0.078  -0.061  -0.052  -0.047
 -0.041  -0.029  -0.023  -0.009  -0.007   0.005   0.013   0.021
  0.023   0.036   0.043   0.049   0.058   0.061   0.073   0.083
  0.089   0.099   0.114   0.115   0.129   0.136   0.141   0.188
  0.191   0.206   0.217   0.241   0.298   0.317   0.319   0.342
  0.364   0.383   0.397   0.412   0.421   0.442   0.449   0.455
  0.464   0.473   0.476   0.490   0.511   0.558   0.560   0.581
  0.604   0.656   0.676   0.712   0.716   0.758   0.799   0.812
  0.827   0.849   0.887   0.920   0.937   0.959   0.969   0.987
  1.011   1.036   1.054   1.075   1.097   1.126   1.144   1.152
  1.161   1.181   1.203   1.215   1.228   1.250   1.303   1.322
  1.330   1.346   1.370   1.399   1.409   1.437   1.453   1.459
  1.501   1.508   1.592   1.675   1.858   1.886   2.067   2.141
  2.262   2.362   2.369   2.428   2.444   2.487   2.543   2.554
  2.636   2.655   2.676   2.705   2.767   2.792   2.806   2.830
  2.855   2.958   2.962   2.998   3.013   3.027   3.081   3.140
  3.152   3.166   3.189   3.209   3.249   3.279   3.330   3.384
  3.407   3.424   3.431   3.450   3.491   3.510   3.554   3.576
  3.635   3.665   3.700   3.727   3.803   3.820   3.841   3.853
  3.899   3.941   3.958   4.015   4.046   4.069   4.087   4.107
  4.118   4.130   4.172   4.185   4.288   4.296   4.337   4.406
  4.438   4.450   4.475   4.507   4.563   4.676   4.793   4.943
  4.970   5.080   5.145   5.222   5.245   5.322   5.327   5.455
  5.497   5.529   5.554   5.619   5.694   6.162   6.713   6.887
  6.953   7.001   7.298   7.404  24.013  24.147  24.232  27.379
 27.551  27.837  27.925  27.941  27.983  27.990  28.151  28.259
 40.607  40.654  40.695  40.725  40.736  40.767  40.904  40.937
 40.969  40.992  41.019  41.029  41.062  41.084  41.112  43.415
 43.426  43.492  43.514  43.585  45.399  45.714  46.086  49.768
 --------------------------------------------------------------
 
          Ground-State Mulliken Net Atomic Charges

     Atom                 Charge (a.u.)    Spin (a.u.)
  --------------------------------------------------------
      1 O                     0.116855       0.571929
      2 C                    -0.224396       0.098888
      3 H                     0.326801      -0.010624
      4 H                     0.292389       0.148359
      5 C                    -0.345993       0.004094
      6 C                    -0.330140       0.132324
      7 H                     0.205497       0.029311
      8 H                     0.212692       0.009622
      9 H                     0.196666       0.016274
     10 H                     0.172480      -0.004584
     11 H                     0.179149      -0.001701
     12 H                     0.198001       0.006109
  --------------------------------------------------------
  Sum of atomic charges =     1.000000
  Sum of spin   charges =     1.000000

 -----------------------------------------------------------------
                    Cartesian Multipole Moments
 -----------------------------------------------------------------
    Charge (ESU x 10^10)
                 4.8032
    Dipole Moment (Debye)
         X       1.4125      Y      -1.0772      Z       6.4405
       Tot       6.6810
    Quadrupole Moments (Debye-Ang)
        XX     -18.1496     XY      -0.9349     YY     -20.2123
        XZ      -1.2139     YZ      -2.5000     ZZ     -10.2952
    Octapole Moments (Debye-Ang^2)
       XXX      11.4890    XXY       6.9033    XYY       5.5739
       YYY      19.8699    XXZ     -27.1191    XYZ      -2.3940
       YYZ     -26.7447    XZZ       4.7863    YZZ       2.1077
       ZZZ     -70.8675
    Hexadecapole Moments (Debye-Ang^3)
      XXXX    -148.9098   XXXY      18.2178   XXYY     -40.1749
      XYYY      20.1743   YYYY     -92.4738   XXXZ      18.2500
      XXYZ      13.9045   XYYZ      13.1702   YYYZ      41.4779
      XXZZ     -82.6573   XYZZ       0.5333   YYZZ     -73.6279
      XZZZ      25.9696   YZZZ      32.2525   ZZZZ    -330.5466
 -----------------------------------------------------------------
 Total job time:  308.77s(wall), 291.51s(cpu) 
 Mon Apr 11 18:50:50 2011

        *************************************************************
        *                                                           *
        *  Thank you very much for using Q-Chem.  Have a nice day.  *
        *                                                           *
        *************************************************************


0 sent ACK to 0 
now end server 0 ... 
