Process 0 of 1 is on cl131 - thread support 1
initial socket setup ...start
initial socket setup ...done 
now start server 0 ... 

cmd = /usr/bin/ssh clhead /usr/local/qchem/bin/get_hostid 308128142 > /tmp/1603294.1.medium.q/qchem9611/lic.dat

cmd = /usr/bin/ssh clhead /usr/local/qchem/bin/get_hostid 308128142 > /tmp/1603294.1.medium.q/qchem9611/lic.dat

cmd = /usr/bin/ssh clhead /usr/local/qchem/bin/get_hostid 308128142 > /tmp/1603294.1.medium.q/qchem9611/lic.dat

cmd = /usr/bin/ssh clhead /usr/local/qchem/bin/get_hostid 308128142 > /tmp/1603294.1.medium.q/qchem9611/lic.dat

cmd = /usr/bin/ssh clhead /usr/local/qchem/bin/get_hostid 308128142 > /tmp/1603294.1.medium.q/qchem9611/lic.dat
                  Welcome to Q-Chem
     A Quantum Leap Into The Future Of Chemistry

 Y. Shao, L. Fusti-Molnar, Y. Jung, J. Kussmann, C. Ochsenfeld,
 S. T. Brown, A. T. B. Gilbert, L. V. Slipchenko,S. V. Levchenko,
 D. P. O'Neill, R. A. DiStasio Jr., R. C. Lochan, T. Wang,
 G. J. O. Beran, N. A. Besley, J. M. Herbert, C. Y. Lin,
 T. Van Voorhis, S. H. Chien, A. Sodt, R. P. Steele, 
 V. A. Rassolov, P. E. Maslen, P. P. Korambath, R. D. Adamson,
 B. Austin, J. Baker, E. F. C. Byrd, H. Dachsel, R. J. Doerksen,
 A. Dreuw, B. D. Dunietz, A. D. Dutoi, T. R. Furlani,
 S. R. Gwaltney, A. Heyden, S. Hirata, C.-P. Hsu, G. Kedziora,
 R. Z. Khaliullin, P. Klunzinger, A. M. Lee, M. S. Lee, W. Liang,
 I. Lotan, N. Nair, B. Peters, E. I. Proynov, P. A. Pieniazek, 
 Y. M. Rhee, J. Ritchie, E. Rosta, C. D. Sherrill, 
 A. C. Simmonett, J. E. Subotnik, H. L. Woodcock III,
 W. Zhang, A. T. Bell, A. K. Chakraborty, D. M. Chipman,
 F. J. Keil, A. Warshel, W. J. Hehre, H. F. Schaefer III,
 J. Kong, A. I. Krylov, P. M. W. Gill, M. Head-Gordon,
 Q-Chem, Version 3.1, Q-Chem, Inc., Pittsburgh, PA (2007).

 Additional authors for Version 3.1: 
 Z. Gan, Y. Zhao, N. E. Schultz, D. Truhlar, E. Epifanovsky and M. Oana.

 Additional authors for Version 3.2: 
 R. Baer, B. R. Brooks, D. Casanova, J.-D. Chai, C.-L. Cheng, 
 C. Cramer, D. Crittenden, A. Ghysels, G. Hawkins, E. G. Hohenstein, 
 C. Kelley, W. Kurlancheek, D. Liotard, E. Livshits, P. Manohar, 
 A. Marenich, D. Neuhauser, R. Olson, M. A. Rohrdanz, K. S. Thanthiriwatte, 
 A. J. W. Thom, V. Vanovschi, C. F. Williams, Q. Wu and Z.-Q. You. 


 Intel X86 Linux Version

 Q-chem begins on Wed Mar 26 10:49:55 2014  

 Parallel job on  1  processors
Processing $rem in /usr/local/qchem/config/preferences.

theFileMan(): MAXOPENFILES=974 MAX_SUB_FILE_NUM=16
Maximum size of a physical file is 2.0 GB, maximum size of a tmp-file is 32.0 GB


--------------------------------------------------------------
User input:
--------------------------------------------------------------

$molecule
-1,2
C         -0.00003        0.00010        0.99991
C          1.26459        0.75942        0.98847
C          1.26447       -0.75945        0.98840
C         -1.27145        0.00003        0.25190
C         -1.25762        0.00005        1.77082
H          1.57412        1.26097        1.90079
H          1.55767        1.26188        0.07124
H          1.57397       -1.26106        1.90071
H          1.55744       -1.26192        0.07116
H         -1.57709       -0.91495       -0.24713
H         -1.57734        0.91489       -0.24721
H         -1.55434       -0.91483        2.27543
H         -1.55439        0.91487        2.27549
$end

$comment
negative
$end

$xc_functional
C PBE   1.00
X wPBE  1.00
$end

$rem
SYMMETRY_DECOMPOSITION	0
exchange 		general
LRC_DFT                 true
BASIS                   g3large
omega			330
mem_static              760
max_scf_cycles          200
scf_final_print         1
sym_ignore              true
$end

--------------------------------------------------------------
 Writing REM_CC_EA           13
 ----------------------------------------------------
       Standard Nuclear Orientation (Angstroms)
    I     Atom         X            Y            Z
 ----------------------------------------------------
    1      C      -0.000030     0.000100     0.999910
    2      C       1.264590     0.759420     0.988470
    3      C       1.264470    -0.759450     0.988400
    4      C      -1.271450     0.000030     0.251900
    5      C      -1.257620     0.000050     1.770820
    6      H       1.574120     1.260970     1.900790
    7      H       1.557670     1.261880     0.071240
    8      H       1.573970    -1.261060     1.900710
    9      H       1.557440    -1.261920     0.071160
   10      H      -1.577090    -0.914950    -0.247130
   11      H      -1.577340     0.914890    -0.247210
   12      H      -1.554340    -0.914830     2.275430
   13      H      -1.554390     0.914870     2.275490
 ----------------------------------------------------
 Nuclear Repulsion Energy =   171.0336147312 hartrees
 There are       20 alpha and       19 beta electrons
 Requested basis set is G3large
 There are 98 shells and 290 basis functions

Total QAlloc Memory Limit   2000 MB
Mega-Array Size       743 MB
MEM_STATIC part       760 MB

                       Distance Matrix (Angstroms)
             C (  1)   C (  2)   C (  3)   C (  4)   C (  5)   H (  6)
   C (  2)  1.475114
   C (  3)  1.475130  1.518870
   C (  4)  1.475137  2.747855  2.747750
   C (  5)  1.475071  2.747773  2.747719  1.518983
   H (  6)  2.208920  1.086135  2.238400  3.522226  3.102509
   H (  7)  2.209286  1.086127  2.238956  3.103035  3.522307  1.829624
   H (  8)  2.208946  2.238356  1.086146  3.522121  3.102446  2.522030
   H (  9)  2.209295  2.238981  1.086111  3.102870  3.522212  3.116536
   H ( 10)  2.208969  3.522125  3.102447  1.086110  2.238617  4.390708
   H ( 11)  2.209085  3.102844  3.522220  1.086116  2.238660  3.829540
   H ( 12)  2.209056  3.522179  3.102625  2.238676  1.086130  3.829063
   H ( 13)  2.209059  3.102778  3.522204  2.238728  1.086121  3.169820
             H (  7)   H (  8)   H (  9)   H ( 10)   H ( 11)   H ( 12)
   H (  8)  3.116481
   H (  9)  2.523800  1.829625
   H ( 10)  3.829709  3.829124  3.169696
   H ( 11)  3.170189  4.390794  3.829714  1.829840
   H ( 12)  4.391028  3.169639  3.829158  2.522663  3.116427
   H ( 13)  3.829367  3.829069  4.391010  3.116467  2.522804  1.829700

 
 A cutoff of  1.0D-08 yielded   4435 shell pairs
 There are  39245 function pairs ( 48051 Cartesian)
Evaluating contribution to one-electron hamiltonian from nuclear
 Smallest overlap matrix eigenvalue = 2.58E-05

 Q-Chem warning in module mkSTV.C, line 194:

 Overlap eigenvalue is smaller than square root of threshold

 Multipole matrices computed through 2nd order

  Scale SEOQF with 1.000000e-01/1.000000e-01/1.000000e-01

 Standard Electronic Orientation quadrupole field applied
 Nucleus-field energy     =    -0.0000000026 hartrees
 Guess from superposition of atomic densities
 Warning:  Energy on first SCF cycle will be non-variational
 Long-range K will be added via erf
 Coulomb attenuation parameter = 0.33 bohr**(-1)
 An unrestricted Kohn-Sham SCF calculation will be
 performed using Pulay DIIS extrapolation
 Exchange:  wPBE + LR-HF      Correlation:  PBE
 Using SG-1 standard quadrature grid
 SCF converges when DIIS error is below 1.0E-05
 Requested basis set is G3large
 There are 98 shells and 290 basis functions
 A cutoff of  1.0D-08 yielded   4435 shell pairs
 There are  39245 function pairs ( 48051 Cartesian)
 Warning!  Inaccurate integrated density:
   Number of electrons =    39
   Numerical integral  =    37.999765750979
   Relative error      =    -2.5647032026 %
 ---------------------------------------
  Cycle       Energy         DIIS Error
 ---------------------------------------
    1    -197.0774027660      2.90E-02
    2    -194.9701823420      3.11E-03
    3    -195.0543023130      2.75E-03
    4    -195.1347933688      3.19E-04
    5    -195.1392624772      1.83E-04
    6    -195.1406511042      5.92E-05
    7    -195.1411189669      2.55E-05
    8    -195.1413160951      1.66E-05
    9    -195.1414432591      1.31E-05
   10    -195.1415564875      9.48E-06 Convergence criterion met
 ---------------------------------------
 One-Electron    Energy =  -604.4830111793
 Total Coulomb   Energy =   268.4084117768
 Alpha Exchange  Energy =    -3.2649686470
 Beta  Exchange  Energy =    -3.2049014737
 DFT   Exchange  Energy =   -22.3776667862
 DFT Correlation Energy =    -1.2530349066
 Nuclear Repu.   Energy =   171.0336147286
 Nuclear Attr.   Energy =  -798.7514229023
 Kinetic         Energy =   194.2684117229
 <S^2> = 0.7501
 SCF time:  CPU 456.35 s  wall 458.75 s
 Final Alpha MO Eigenvalues
            1           2           3           4           5           6
    1  -9.9552254  -9.9470146  -9.9396680  -9.9389309  -9.9384667  -0.8777689
            7           8           9          10          11          12
    1  -0.7929129  -0.5966204  -0.5921887  -0.5310487  -0.4715682  -0.4619795
           13          14          15          16          17          18
    1  -0.4573258  -0.3499144  -0.3357085  -0.3338181  -0.2658367  -0.2643560
           19          20          21          22          23          24
    1  -0.2534909   0.0334346   0.1286693   0.1287912   0.1303868   0.1584188
           25
    1   0.1585565
 Final Beta MO Eigenvalues
            1           2           3           4           5           6
    1  -9.9552373  -9.9469281  -9.9394163  -9.9386990  -9.9382201  -0.8776565
            7           8           9          10          11          12
    1  -0.7927053  -0.5959886  -0.5913658  -0.5302817  -0.4709638  -0.4617183
           13          14          15          16          17          18
    1  -0.4567429  -0.3496077  -0.3351331  -0.3335029  -0.2655613  -0.2641324
           19          20          21          22          23          24
    1  -0.2529743   0.1260652   0.1396016   0.1414026   0.1454621   0.1600595
 Analysis of SCF Wavefunction
 
 --------------------------------------------------------------
                    Orbital Energies (a.u.)
 --------------------------------------------------------------
 
 Alpha MOs
 -- Occupied --
 -9.955  -9.947  -9.940  -9.939  -9.938  -0.878  -0.793  -0.597
 -0.592  -0.531  -0.472  -0.462  -0.457  -0.350  -0.336  -0.334
 -0.266  -0.264  -0.253   0.033
 -- Virtual --
  0.129   0.129   0.130   0.158   0.159   0.163   0.180   0.190
  0.219   0.245   0.248   0.255   0.263   0.266   0.266   0.282
  0.285   0.290   0.301   0.312   0.312   0.323   0.335   0.337
  0.341   0.343   0.355   0.357   0.372   0.416   0.420   0.422
  0.450   0.466   0.473   0.480   0.506   0.536   0.537   0.548
  0.555   0.609   0.658   0.674   0.676   0.680   0.704   0.708
  0.739   0.761   0.763   0.781   0.792   0.799   0.809   0.811
  0.827   0.828   0.843   0.854   0.862   0.866   0.869   0.887
  0.919   0.973   1.014   1.014   1.021   1.040   1.066   1.093
  1.120   1.126   1.128   1.198   1.250   1.252   1.277   1.304
  1.323   1.325   1.334   1.350   1.354   1.387   1.400   1.401
  1.457   1.460   1.514   1.519   1.522   1.545   1.567   1.570
  1.590   1.595   1.617   1.626   1.629   1.666   1.668   1.686
  1.691   1.714   1.763   1.777   1.781   1.794   1.804   1.809
  1.812   1.870   1.978   2.010   2.012   2.039   2.676   2.680
  2.761   2.799   2.828   2.830   2.852   2.862   2.895   2.895
  2.901   2.952   2.988   2.989   3.037   3.092   3.105   3.107
  3.112   3.141   3.198   3.199   3.215   3.222   3.273   3.275
  3.290   3.291   3.304   3.335   3.340   3.381   3.404   3.436
  3.437   3.457   3.486   3.552   3.552   3.562   3.594   3.596
  3.647   3.649   3.658   3.678   3.708   3.709   3.753   3.753
  3.768   3.809   3.809   3.823   3.897   3.994   4.024   4.073
  4.089   4.091   4.148   4.150   4.177   4.263   4.312   4.314
  4.316   4.317   4.348   4.352   4.439   4.464   4.473   4.474
  4.553   4.555   4.560   4.568   4.571   4.612   4.613   4.703
  4.704   4.732   4.735   4.740   4.772   4.812   4.918   4.935
  5.108   5.111   5.181   5.183   5.302   5.467   5.596   5.656
  5.659   5.697   5.806   5.814   5.817   5.850   5.959   5.963
  5.993  24.241  24.266  24.519  24.523  24.592  27.617  27.678
 27.730  27.732  28.118  28.208  28.233  28.235  28.252  28.276
 28.276  28.291  28.676  28.680  29.117  40.996  41.014  41.034
 41.097  41.105  41.109  41.110  41.148  41.152  41.156  41.267
 41.273  41.273  41.279  41.281  41.292  41.314  41.328  41.374
 41.380  41.386  41.389  41.409  41.479  41.481
 
 Beta MOs
 -- Occupied --
 -9.955  -9.947  -9.939  -9.939  -9.938  -0.878  -0.793  -0.596
 -0.591  -0.530  -0.471  -0.462  -0.457  -0.350  -0.335  -0.334
 -0.266  -0.264  -0.253
 -- Virtual --
  0.126   0.140   0.141   0.145   0.160   0.166   0.168   0.183
  0.189   0.218   0.242   0.244   0.249   0.258   0.261   0.261
  0.282   0.282   0.290   0.299   0.310   0.311   0.320   0.330
  0.333   0.335   0.337   0.352   0.354   0.371   0.413   0.420
  0.421   0.449   0.465   0.472   0.476   0.505   0.533   0.534
  0.545   0.554   0.608   0.657   0.672   0.674   0.678   0.702
  0.706   0.737   0.760   0.762   0.780   0.791   0.797   0.809
  0.811   0.826   0.827   0.841   0.853   0.860   0.863   0.867
  0.887   0.918   0.973   1.014   1.015   1.022   1.040   1.067
  1.093   1.120   1.126   1.128   1.199   1.250   1.252   1.277
  1.304   1.324   1.325   1.334   1.350   1.354   1.387   1.399
  1.401   1.457   1.460   1.513   1.518   1.522   1.545   1.566
  1.570   1.590   1.594   1.617   1.626   1.629   1.666   1.668
  1.686   1.692   1.714   1.763   1.777   1.781   1.794   1.804
  1.809   1.812   1.870   1.977   2.011   2.012   2.039   2.676
  2.680   2.761   2.798   2.828   2.830   2.852   2.862   2.895
  2.895   2.901   2.952   2.988   2.989   3.037   3.093   3.106
  3.108   3.112   3.142   3.198   3.200   3.215   3.222   3.273
  3.275   3.290   3.291   3.304   3.336   3.340   3.381   3.404
  3.436   3.437   3.457   3.486   3.552   3.553   3.562   3.594
  3.597   3.648   3.649   3.659   3.678   3.708   3.709   3.753
  3.753   3.768   3.809   3.809   3.823   3.897   3.995   4.024
  4.073   4.090   4.092   4.149   4.151   4.177   4.263   4.312
  4.314   4.316   4.318   4.348   4.352   4.439   4.464   4.473
  4.474   4.553   4.556   4.560   4.568   4.571   4.612   4.614
  4.703   4.704   4.732   4.735   4.740   4.773   4.812   4.918
  4.935   5.109   5.112   5.181   5.183   5.302   5.468   5.597
  5.656   5.659   5.697   5.806   5.814   5.818   5.851   5.960
  5.963   5.994  24.241  24.266  24.519  24.524  24.592  27.617
 27.678  27.730  27.732  28.118  28.208  28.233  28.235  28.252
 28.276  28.276  28.291  28.676  28.681  29.117  40.997  41.014
 41.035  41.097  41.105  41.109  41.110  41.148  41.152  41.156
 41.267  41.273  41.274  41.279  41.281  41.292  41.314  41.328
 41.374  41.380  41.386  41.389  41.409  41.479  41.481
 --------------------------------------------------------------
 
          Ground-State Mulliken Net Atomic Charges

     Atom                 Charge (a.u.)    Spin (a.u.)
  --------------------------------------------------------
      1 C                    -3.640597       4.210076
      2 C                     3.139968      -3.490422
      3 C                    -0.313533       0.015940
      4 C                     1.610164      -1.928340
      5 C                     1.397299      -1.715178
      6 H                    -0.553835       0.654883
      7 H                    -0.596905       0.699775
      8 H                    -0.029353       0.101132
      9 H                    -0.042560       0.115847
     10 H                    -0.109781       0.181441
     11 H                    -0.914651       1.027392
     12 H                    -0.090343       0.160429
     13 H                    -0.855873       0.967025
  --------------------------------------------------------
  Sum of atomic charges =    -1.000000
  Sum of spin   charges =     1.000000

 -----------------------------------------------------------------
                    Cartesian Multipole Moments
 -----------------------------------------------------------------
    Charge (ESU x 10^10)
                -4.8032
    Dipole Moment (Debye)
         X       2.3540      Y      -7.3828      Z      -4.4582
       Tot       8.9400
    Quadrupole Moments (Debye-Ang)
        XX     -72.9926     XY       2.8995     YY     -66.2118
        XZ       2.3025     YZ      -6.9815     ZZ     -64.6673
    Octapole Moments (Debye-Ang^2)
       XXX      35.6604    XXY     -45.6320    XYY      15.4459
       YYY    -100.4604    XXZ     -70.8036    XYZ       2.8273
       YYZ     -64.2306    XZZ      13.9214    YZZ     -46.8736
       ZZZ    -180.7541
    Hexadecapole Moments (Debye-Ang^3)
      XXXX   -1046.2374   XXXY      22.0758   XXYY    -291.5569
      XYYY      27.9616   YYYY    -614.7216   XXXZ      35.2415
      XXYZ     -43.4950   XYYZ      15.4889   YYYZ     -96.1603
      XXZZ    -335.0649   XYZZ      16.1502   YYZZ    -264.7972
      XZZZ      37.6566   YZZZ    -122.8178   ZZZZ    -860.6064
 -----------------------------------------------------------------
 Total job time:  459.21s(wall), 456.73s(cpu) 
 Wed Mar 26 10:57:35 2014

        *************************************************************
        *                                                           *
        *  Thank you very much for using Q-Chem.  Have a nice day.  *
        *                                                           *
        *************************************************************


0 sent ACK to 0 
now end server 0 ... 
 
**********************************************************************
Job 2 of 3 
**********************************************************************
 
Process 0 of 1 is on cl131 - thread support 1
initial socket setup ...start
initial socket setup ...done 
now start server 0 ... 

cmd = /usr/bin/ssh clhead /usr/local/qchem/bin/get_hostid 2004287396 > /tmp/1603294.1.medium.q/qchem9611/lic.dat

cmd = /usr/bin/ssh clhead /usr/local/qchem/bin/get_hostid 2004287396 > /tmp/1603294.1.medium.q/qchem9611/lic.dat

cmd = /usr/bin/ssh clhead /usr/local/qchem/bin/get_hostid 2004287396 > /tmp/1603294.1.medium.q/qchem9611/lic.dat

cmd = /usr/bin/ssh clhead /usr/local/qchem/bin/get_hostid 2004287396 > /tmp/1603294.1.medium.q/qchem9611/lic.dat

cmd = /usr/bin/ssh clhead /usr/local/qchem/bin/get_hostid 2004287396 > /tmp/1603294.1.medium.q/qchem9611/lic.dat
                  Welcome to Q-Chem
     A Quantum Leap Into The Future Of Chemistry

 Y. Shao, L. Fusti-Molnar, Y. Jung, J. Kussmann, C. Ochsenfeld,
 S. T. Brown, A. T. B. Gilbert, L. V. Slipchenko,S. V. Levchenko,
 D. P. O'Neill, R. A. DiStasio Jr., R. C. Lochan, T. Wang,
 G. J. O. Beran, N. A. Besley, J. M. Herbert, C. Y. Lin,
 T. Van Voorhis, S. H. Chien, A. Sodt, R. P. Steele, 
 V. A. Rassolov, P. E. Maslen, P. P. Korambath, R. D. Adamson,
 B. Austin, J. Baker, E. F. C. Byrd, H. Dachsel, R. J. Doerksen,
 A. Dreuw, B. D. Dunietz, A. D. Dutoi, T. R. Furlani,
 S. R. Gwaltney, A. Heyden, S. Hirata, C.-P. Hsu, G. Kedziora,
 R. Z. Khaliullin, P. Klunzinger, A. M. Lee, M. S. Lee, W. Liang,
 I. Lotan, N. Nair, B. Peters, E. I. Proynov, P. A. Pieniazek, 
 Y. M. Rhee, J. Ritchie, E. Rosta, C. D. Sherrill, 
 A. C. Simmonett, J. E. Subotnik, H. L. Woodcock III,
 W. Zhang, A. T. Bell, A. K. Chakraborty, D. M. Chipman,
 F. J. Keil, A. Warshel, W. J. Hehre, H. F. Schaefer III,
 J. Kong, A. I. Krylov, P. M. W. Gill, M. Head-Gordon,
 Q-Chem, Version 3.1, Q-Chem, Inc., Pittsburgh, PA (2007).

 Additional authors for Version 3.1: 
 Z. Gan, Y. Zhao, N. E. Schultz, D. Truhlar, E. Epifanovsky and M. Oana.

 Additional authors for Version 3.2: 
 R. Baer, B. R. Brooks, D. Casanova, J.-D. Chai, C.-L. Cheng, 
 C. Cramer, D. Crittenden, A. Ghysels, G. Hawkins, E. G. Hohenstein, 
 C. Kelley, W. Kurlancheek, D. Liotard, E. Livshits, P. Manohar, 
 A. Marenich, D. Neuhauser, R. Olson, M. A. Rohrdanz, K. S. Thanthiriwatte, 
 A. J. W. Thom, V. Vanovschi, C. F. Williams, Q. Wu and Z.-Q. You. 


 Intel X86 Linux Version

 Q-chem begins on Wed Mar 26 10:57:39 2014  

 Parallel job on  1  processors
Processing $rem in /usr/local/qchem/config/preferences.

theFileMan(): MAXOPENFILES=974 MAX_SUB_FILE_NUM=16
Maximum size of a physical file is 2.0 GB, maximum size of a tmp-file is 32.0 GB


--------------------------------------------------------------
User input:
--------------------------------------------------------------

$molecule
0,1
C         -0.00003        0.00010        0.99991
C          1.26459        0.75942        0.98847
C          1.26447       -0.75945        0.98840
C         -1.27145        0.00003        0.25190
C         -1.25762        0.00005        1.77082
H          1.57412        1.26097        1.90079
H          1.55767        1.26188        0.07124
H          1.57397       -1.26106        1.90071
H          1.55744       -1.26192        0.07116
H         -1.57709       -0.91495       -0.24713
H         -1.57734        0.91489       -0.24721
H         -1.55434       -0.91483        2.27543
H         -1.55439        0.91487        2.27549
$end

$comment
neutral
$end

$xc_functional
C PBE   1.00
X wPBE  1.00
$end


$rem
SYMMETRY_DECOMPOSITION	0
LRC_DFT                 true
exchange 		general
BASIS                   g3large
omega			330
mem_static              760
max_scf_cycles          200
scf_final_print         1
sym_ignore              true
$end

--------------------------------------------------------------
 Writing REM_CC_EA           13
 ----------------------------------------------------
       Standard Nuclear Orientation (Angstroms)
    I     Atom         X            Y            Z
 ----------------------------------------------------
    1      C      -0.000030     0.000100     0.999910
    2      C       1.264590     0.759420     0.988470
    3      C       1.264470    -0.759450     0.988400
    4      C      -1.271450     0.000030     0.251900
    5      C      -1.257620     0.000050     1.770820
    6      H       1.574120     1.260970     1.900790
    7      H       1.557670     1.261880     0.071240
    8      H       1.573970    -1.261060     1.900710
    9      H       1.557440    -1.261920     0.071160
   10      H      -1.577090    -0.914950    -0.247130
   11      H      -1.577340     0.914890    -0.247210
   12      H      -1.554340    -0.914830     2.275430
   13      H      -1.554390     0.914870     2.275490
 ----------------------------------------------------
 Nuclear Repulsion Energy =   171.0336147312 hartrees
 There are       19 alpha and       19 beta electrons
 Requested basis set is G3large
 There are 98 shells and 290 basis functions

Total QAlloc Memory Limit   2000 MB
Mega-Array Size       743 MB
MEM_STATIC part       760 MB

                       Distance Matrix (Angstroms)
             C (  1)   C (  2)   C (  3)   C (  4)   C (  5)   H (  6)
   C (  2)  1.475114
   C (  3)  1.475130  1.518870
   C (  4)  1.475137  2.747855  2.747750
   C (  5)  1.475071  2.747773  2.747719  1.518983
   H (  6)  2.208920  1.086135  2.238400  3.522226  3.102509
   H (  7)  2.209286  1.086127  2.238956  3.103035  3.522307  1.829624
   H (  8)  2.208946  2.238356  1.086146  3.522121  3.102446  2.522030
   H (  9)  2.209295  2.238981  1.086111  3.102870  3.522212  3.116536
   H ( 10)  2.208969  3.522125  3.102447  1.086110  2.238617  4.390708
   H ( 11)  2.209085  3.102844  3.522220  1.086116  2.238660  3.829540
   H ( 12)  2.209056  3.522179  3.102625  2.238676  1.086130  3.829063
   H ( 13)  2.209059  3.102778  3.522204  2.238728  1.086121  3.169820
             H (  7)   H (  8)   H (  9)   H ( 10)   H ( 11)   H ( 12)
   H (  8)  3.116481
   H (  9)  2.523800  1.829625
   H ( 10)  3.829709  3.829124  3.169696
   H ( 11)  3.170189  4.390794  3.829714  1.829840
   H ( 12)  4.391028  3.169639  3.829158  2.522663  3.116427
   H ( 13)  3.829367  3.829069  4.391010  3.116467  2.522804  1.829700

 
 A cutoff of  1.0D-08 yielded   4435 shell pairs
 There are  39245 function pairs ( 48051 Cartesian)
Evaluating contribution to one-electron hamiltonian from nuclear
 Smallest overlap matrix eigenvalue = 2.58E-05

 Q-Chem warning in module mkSTV.C, line 194:

 Overlap eigenvalue is smaller than square root of threshold

 Multipole matrices computed through 2nd order

  Scale SEOQF with 1.000000e-01/1.000000e-01/1.000000e-01

 Standard Electronic Orientation quadrupole field applied
 Nucleus-field energy     =    -0.0000000026 hartrees
 Guess from superposition of atomic densities
 Warning:  Energy on first SCF cycle will be non-variational
 Long-range K will be added via erf
 Coulomb attenuation parameter = 0.33 bohr**(-1)
 A restricted Kohn-Sham SCF calculation will be
 performed using Pulay DIIS extrapolation
 Exchange:  wPBE + LR-HF      Correlation:  PBE
 Using SG-1 standard quadrature grid
 SCF converges when DIIS error is below 1.0E-05
 Requested basis set is G3large
 There are 98 shells and 290 basis functions
 A cutoff of  1.0D-08 yielded   4435 shell pairs
 There are  39245 function pairs ( 48051 Cartesian)
 ---------------------------------------
  Cycle       Energy         DIIS Error
 ---------------------------------------
    1    -197.0774027660      2.90E-02
    2    -195.0925461130      2.63E-03
    3    -195.1420876819      1.92E-03
    4    -195.1779954605      2.51E-04
    5    -195.1788477987      1.16E-04
    6    -195.1789948478      2.91E-05
    7    -195.1790095474      7.21E-06 Convergence criterion met
 ---------------------------------------
 One-Electron    Energy =  -599.8949543142
 Total Coulomb   Energy =   263.7106306164
 Alpha Exchange  Energy =    -3.2059749402
 Beta  Exchange  Energy =    -3.2059749402
 DFT   Exchange  Energy =   -22.3703105205
 DFT Correlation Energy =    -1.2460401774
 Nuclear Repu.   Energy =   171.0336147286
 Nuclear Attr.   Energy =  -794.0957929770
 Kinetic         Energy =   194.2008386628
 SCF time:  CPU 239.53 s  wall 241.43 s
 Final Alpha MO Eigenvalues
            1           2           3           4           5           6
    1 -10.0767842 -10.0634656 -10.0632944 -10.0631753 -10.0629647  -0.9993400
            7           8           9          10          11          12
    1  -0.9144001  -0.7156119  -0.7156060  -0.6519858  -0.5922934  -0.5813270
           13          14          15          16          17          18
    1  -0.5813061  -0.4709938  -0.4569031  -0.4559937  -0.3865943  -0.3865792
           19          20          21          22          23          24
    1  -0.3748609   0.0416757   0.0532295   0.0532481   0.0579302   0.0765805
 Analysis of SCF Wavefunction
 
 --------------------------------------------------------------
                    Orbital Energies (a.u.)
 --------------------------------------------------------------
 
 Alpha MOs
 -- Occupied --
-10.077 -10.063 -10.063 -10.063 -10.063  -0.999  -0.914  -0.716
 -0.716  -0.652  -0.592  -0.581  -0.581  -0.471  -0.457  -0.456
 -0.387  -0.387  -0.375
 -- Virtual --
  0.042   0.053   0.053   0.058   0.077   0.077   0.081   0.098
  0.101   0.123   0.149   0.149   0.160   0.165   0.166   0.167
  0.184   0.185   0.185   0.198   0.208   0.208   0.219   0.234
  0.236   0.239   0.239   0.246   0.246   0.260   0.305   0.305
  0.306   0.335   0.355   0.356   0.371   0.392   0.425   0.425
  0.438   0.439   0.494   0.544   0.562   0.562   0.562   0.589
  0.590   0.624   0.646   0.646   0.666   0.676   0.682   0.693
  0.693   0.710   0.710   0.727   0.737   0.747   0.747   0.752
  0.767   0.802   0.853   0.895   0.895   0.901   0.917   0.946
  0.973   0.999   1.006   1.006   1.079   1.131   1.131   1.157
  1.184   1.203   1.204   1.213   1.233   1.233   1.267   1.280
  1.281   1.339   1.339   1.394   1.401   1.401   1.425   1.449
  1.449   1.471   1.475   1.497   1.505   1.511   1.548   1.548
  1.568   1.570   1.596   1.644   1.659   1.659   1.673   1.687
  1.687   1.691   1.749   1.857   1.890   1.890   1.918   2.557
  2.557   2.640   2.678   2.708   2.708   2.731   2.741   2.774
  2.774   2.780   2.831   2.867   2.867   2.916   2.971   2.985
  2.985   2.991   3.020   3.077   3.077   3.094   3.100   3.153
  3.153   3.169   3.169   3.183   3.214   3.218   3.259   3.283
  3.315   3.315   3.336   3.364   3.431   3.431   3.441   3.474
  3.474   3.527   3.527   3.537   3.556   3.587   3.587   3.632
  3.632   3.647   3.688   3.688   3.701   3.776   3.873   3.903
  3.951   3.969   3.969   4.028   4.028   4.055   4.142   4.192
  4.192   4.194   4.195   4.228   4.228   4.318   4.343   4.351
  4.352   4.431   4.436   4.437   4.448   4.448   4.491   4.491
  4.582   4.582   4.611   4.616   4.616   4.651   4.690   4.797
  4.813   4.988   4.988   5.060   5.061   5.181   5.346   5.475
  5.536   5.536   5.576   5.689   5.689   5.694   5.728   5.840
  5.840   5.872  24.119  24.143  24.399  24.399  24.470  27.495
 27.556  27.609  27.609  27.996  28.086  28.112  28.112  28.129
 28.154  28.154  28.168  28.556  28.556  28.995  40.875  40.892
 40.912  40.977  40.984  40.985  40.987  41.027  41.031  41.031
 41.146  41.152  41.152  41.158  41.158  41.170  41.192  41.206
 41.256  41.256  41.264  41.265  41.287  41.358  41.358
 --------------------------------------------------------------
 
          Ground-State Mulliken Net Atomic Charges

     Atom                 Charge (a.u.)
  ----------------------------------------
      1 C                     0.511457
      2 C                    -0.305713
      3 C                    -0.306562
      4 C                    -0.306242
      5 C                    -0.306027
      6 H                     0.089146
      7 H                     0.089113
      8 H                     0.089147
      9 H                     0.089154
     10 H                     0.089062
     11 H                     0.089215
     12 H                     0.089097
     13 H                     0.089153
  ----------------------------------------
  Sum of atomic charges =     0.000000

 -----------------------------------------------------------------
                    Cartesian Multipole Moments
 -----------------------------------------------------------------
    Charge (ESU x 10^10)
                 0.0000
    Dipole Moment (Debye)
         X       0.0002      Y      -0.0012      Z       0.0002
       Tot       0.0012
    Quadrupole Moments (Debye-Ang)
        XX     -32.8198     XY       0.0020     YY     -30.6941
        XZ       0.0197     YZ      -0.0009     ZZ     -30.6956
    Octapole Moments (Debye-Ang^2)
       XXX       0.0018    XXY       0.0022    XYY      -0.6476
       YYY       0.0011    XXZ     -32.8052    XYZ       0.0021
       YYZ     -30.6903    XZZ       0.6871    YZZ       0.0009
       ZZZ     -92.0964
    Hexadecapole Moments (Debye-Ang^3)
      XXXX    -348.5208   XXXY       0.0146   XXYY     -67.2268
      XYYY       0.0106   YYYY    -114.8237   XXXZ       1.3292
      XXYZ       0.0012   XYYZ      -0.3410   YYYZ       0.0001
      XXZZ    -100.0296   XYZZ       0.0119   YYZZ     -63.4114
      XZZZ       2.7888   YZZZ       0.0033   ZZZZ    -299.0550
 -----------------------------------------------------------------
 Total job time:  241.87s(wall), 239.90s(cpu) 
 Wed Mar 26 11:01:41 2014

        *************************************************************
        *                                                           *
        *  Thank you very much for using Q-Chem.  Have a nice day.  *
        *                                                           *
        *************************************************************


0 sent ACK to 0 
now end server 0 ... 
 
**********************************************************************
Job 3 of 3 
**********************************************************************
 
Process 0 of 1 is on cl131 - thread support 1
initial socket setup ...start
initial socket setup ...done 
now start server 0 ... 

cmd = /usr/bin/ssh clhead /usr/local/qchem/bin/get_hostid 1270381704 > /tmp/1603294.1.medium.q/qchem9611/lic.dat

cmd = /usr/bin/ssh clhead /usr/local/qchem/bin/get_hostid 1270381704 > /tmp/1603294.1.medium.q/qchem9611/lic.dat

cmd = /usr/bin/ssh clhead /usr/local/qchem/bin/get_hostid 1270381704 > /tmp/1603294.1.medium.q/qchem9611/lic.dat

cmd = /usr/bin/ssh clhead /usr/local/qchem/bin/get_hostid 1270381704 > /tmp/1603294.1.medium.q/qchem9611/lic.dat

cmd = /usr/bin/ssh clhead /usr/local/qchem/bin/get_hostid 1270381704 > /tmp/1603294.1.medium.q/qchem9611/lic.dat
                  Welcome to Q-Chem
     A Quantum Leap Into The Future Of Chemistry

 Y. Shao, L. Fusti-Molnar, Y. Jung, J. Kussmann, C. Ochsenfeld,
 S. T. Brown, A. T. B. Gilbert, L. V. Slipchenko,S. V. Levchenko,
 D. P. O'Neill, R. A. DiStasio Jr., R. C. Lochan, T. Wang,
 G. J. O. Beran, N. A. Besley, J. M. Herbert, C. Y. Lin,
 T. Van Voorhis, S. H. Chien, A. Sodt, R. P. Steele, 
 V. A. Rassolov, P. E. Maslen, P. P. Korambath, R. D. Adamson,
 B. Austin, J. Baker, E. F. C. Byrd, H. Dachsel, R. J. Doerksen,
 A. Dreuw, B. D. Dunietz, A. D. Dutoi, T. R. Furlani,
 S. R. Gwaltney, A. Heyden, S. Hirata, C.-P. Hsu, G. Kedziora,
 R. Z. Khaliullin, P. Klunzinger, A. M. Lee, M. S. Lee, W. Liang,
 I. Lotan, N. Nair, B. Peters, E. I. Proynov, P. A. Pieniazek, 
 Y. M. Rhee, J. Ritchie, E. Rosta, C. D. Sherrill, 
 A. C. Simmonett, J. E. Subotnik, H. L. Woodcock III,
 W. Zhang, A. T. Bell, A. K. Chakraborty, D. M. Chipman,
 F. J. Keil, A. Warshel, W. J. Hehre, H. F. Schaefer III,
 J. Kong, A. I. Krylov, P. M. W. Gill, M. Head-Gordon,
 Q-Chem, Version 3.1, Q-Chem, Inc., Pittsburgh, PA (2007).

 Additional authors for Version 3.1: 
 Z. Gan, Y. Zhao, N. E. Schultz, D. Truhlar, E. Epifanovsky and M. Oana.

 Additional authors for Version 3.2: 
 R. Baer, B. R. Brooks, D. Casanova, J.-D. Chai, C.-L. Cheng, 
 C. Cramer, D. Crittenden, A. Ghysels, G. Hawkins, E. G. Hohenstein, 
 C. Kelley, W. Kurlancheek, D. Liotard, E. Livshits, P. Manohar, 
 A. Marenich, D. Neuhauser, R. Olson, M. A. Rohrdanz, K. S. Thanthiriwatte, 
 A. J. W. Thom, V. Vanovschi, C. F. Williams, Q. Wu and Z.-Q. You. 


 Intel X86 Linux Version

 Q-chem begins on Wed Mar 26 11:01:45 2014  

 Parallel job on  1  processors
Processing $rem in /usr/local/qchem/config/preferences.

theFileMan(): MAXOPENFILES=974 MAX_SUB_FILE_NUM=16
Maximum size of a physical file is 2.0 GB, maximum size of a tmp-file is 32.0 GB


--------------------------------------------------------------
User input:
--------------------------------------------------------------

$molecule
1,2
C         -0.00003        0.00010        0.99991
C          1.26459        0.75942        0.98847
C          1.26447       -0.75945        0.98840
C         -1.27145        0.00003        0.25190
C         -1.25762        0.00005        1.77082
H          1.57412        1.26097        1.90079
H          1.55767        1.26188        0.07124
H          1.57397       -1.26106        1.90071
H          1.55744       -1.26192        0.07116
H         -1.57709       -0.91495       -0.24713
H         -1.57734        0.91489       -0.24721
H         -1.55434       -0.91483        2.27543
H         -1.55439        0.91487        2.27549
$end

$comment
positive
$end

$xc_functional
C PBE   1.00
X wPBE  1.00
$end

$rem
SYMMETRY_DECOMPOSITION	0
LRC_DFT                 true
exchange 		general
BASIS                   g3large
omega			330
mem_static              760
max_scf_cycles          200
scf_final_print         1
sym_ignore              true
$end

--------------------------------------------------------------
 Writing REM_CC_EA           13
 ----------------------------------------------------
       Standard Nuclear Orientation (Angstroms)
    I     Atom         X            Y            Z
 ----------------------------------------------------
    1      C      -0.000030     0.000100     0.999910
    2      C       1.264590     0.759420     0.988470
    3      C       1.264470    -0.759450     0.988400
    4      C      -1.271450     0.000030     0.251900
    5      C      -1.257620     0.000050     1.770820
    6      H       1.574120     1.260970     1.900790
    7      H       1.557670     1.261880     0.071240
    8      H       1.573970    -1.261060     1.900710
    9      H       1.557440    -1.261920     0.071160
   10      H      -1.577090    -0.914950    -0.247130
   11      H      -1.577340     0.914890    -0.247210
   12      H      -1.554340    -0.914830     2.275430
   13      H      -1.554390     0.914870     2.275490
 ----------------------------------------------------
 Nuclear Repulsion Energy =   171.0336147312 hartrees
 There are       19 alpha and       18 beta electrons
 Requested basis set is G3large
 There are 98 shells and 290 basis functions

Total QAlloc Memory Limit   2000 MB
Mega-Array Size       743 MB
MEM_STATIC part       760 MB

                       Distance Matrix (Angstroms)
             C (  1)   C (  2)   C (  3)   C (  4)   C (  5)   H (  6)
   C (  2)  1.475114
   C (  3)  1.475130  1.518870
   C (  4)  1.475137  2.747855  2.747750
   C (  5)  1.475071  2.747773  2.747719  1.518983
   H (  6)  2.208920  1.086135  2.238400  3.522226  3.102509
   H (  7)  2.209286  1.086127  2.238956  3.103035  3.522307  1.829624
   H (  8)  2.208946  2.238356  1.086146  3.522121  3.102446  2.522030
   H (  9)  2.209295  2.238981  1.086111  3.102870  3.522212  3.116536
   H ( 10)  2.208969  3.522125  3.102447  1.086110  2.238617  4.390708
   H ( 11)  2.209085  3.102844  3.522220  1.086116  2.238660  3.829540
   H ( 12)  2.209056  3.522179  3.102625  2.238676  1.086130  3.829063
   H ( 13)  2.209059  3.102778  3.522204  2.238728  1.086121  3.169820
             H (  7)   H (  8)   H (  9)   H ( 10)   H ( 11)   H ( 12)
   H (  8)  3.116481
   H (  9)  2.523800  1.829625
   H ( 10)  3.829709  3.829124  3.169696
   H ( 11)  3.170189  4.390794  3.829714  1.829840
   H ( 12)  4.391028  3.169639  3.829158  2.522663  3.116427
   H ( 13)  3.829367  3.829069  4.391010  3.116467  2.522804  1.829700

 
 A cutoff of  1.0D-08 yielded   4435 shell pairs
 There are  39245 function pairs ( 48051 Cartesian)
Evaluating contribution to one-electron hamiltonian from nuclear
 Smallest overlap matrix eigenvalue = 2.58E-05

 Q-Chem warning in module mkSTV.C, line 194:

 Overlap eigenvalue is smaller than square root of threshold

 Multipole matrices computed through 2nd order

  Scale SEOQF with 1.000000e-01/1.000000e-01/1.000000e-01

 Standard Electronic Orientation quadrupole field applied
 Nucleus-field energy     =    -0.0000000026 hartrees
 Guess from superposition of atomic densities
 Warning:  Energy on first SCF cycle will be non-variational
 Long-range K will be added via erf
 Coulomb attenuation parameter = 0.33 bohr**(-1)
 An unrestricted Kohn-Sham SCF calculation will be
 performed using Pulay DIIS extrapolation
 Exchange:  wPBE + LR-HF      Correlation:  PBE
 Using SG-1 standard quadrature grid
 SCF converges when DIIS error is below 1.0E-05
 Requested basis set is G3large
 There are 98 shells and 290 basis functions
 A cutoff of  1.0D-08 yielded   4435 shell pairs
 There are  39245 function pairs ( 48051 Cartesian)
 Warning!  Inaccurate integrated density:
   Number of electrons =    37
   Numerical integral  =    37.999765750979
   Relative error      =     2.7020695972 %
 ---------------------------------------
  Cycle       Energy         DIIS Error
 ---------------------------------------
    1    -197.0774027660      2.90E-02
    2    -194.7088595726      2.44E-03
    3    -194.7545881671      2.04E-03
    4    -194.7963941477      2.99E-04
    5    -194.7992299725      1.21E-04
    6    -194.8000556666      5.96E-05
    7    -194.8006289643      4.76E-05
    8    -194.8010956510      3.73E-05
    9    -194.8015625123      3.70E-05
   10    -194.8018574476      3.45E-05
   11    -194.8022722993      3.36E-05
   12    -194.8026465008      3.27E-05
   13    -194.8028078967      3.22E-05
   14    -194.8045566435      4.32E-05
   15    -194.8054095464      7.14E-05
   16    -194.8050051127      2.98E-05
   17    -194.8063054105      1.32E-04
   18    -194.8064553245      1.97E-04
   19    -194.8064568317      1.93E-04
   20    -194.8059733586      3.02E-04
   21    -194.8061370497      2.90E-04
   22    -194.8064885652      2.53E-04
   23    -194.8070354328      1.71E-04
   24    -194.8071923540      2.07E-04
   25    -194.8073263636      1.81E-04
   26    -194.8074830732      1.44E-04
   27    -194.8076071661      1.09E-04
   28    -194.8077696158      2.62E-05
   29    -194.8077794290      1.21E-05
   30    -194.8078179769      9.31E-07 Convergence criterion met
 ---------------------------------------
 One-Electron    Energy =  -590.7810493515
 Total Coulomb   Energy =   254.6403718863
 Alpha Exchange  Energy =    -3.2185000032
 Beta  Exchange  Energy =    -3.0328413152
 DFT   Exchange  Energy =   -22.2419580353
 DFT Correlation Energy =    -1.2074558866
 Nuclear Repu.   Energy =   171.0336147286
 Nuclear Attr.   Energy =  -784.8451494342
 Kinetic         Energy =   194.0641000828
 <S^2> = 0.7582
 SCF time:  CPU 1328.43 s  wall 1335.81 s
 Final Alpha MO Eigenvalues
            1           2           3           4           5           6
    1 -10.3257009 -10.3179049 -10.3178957 -10.3177095 -10.3175259  -1.2517726
            7           8           9          10          11          12
    1  -1.1697709  -0.9514257  -0.9513499  -0.8896263  -0.8272144  -0.8138315
           13          14          15          16          17          18
    1  -0.8138017  -0.7142015  -0.6964848  -0.6817440  -0.6384833  -0.6272313
           19          20          21          22          23          24
    1  -0.6271713  -0.0899222  -0.0815665  -0.0815525  -0.0731941  -0.0507505
 Final Beta MO Eigenvalues
            1           2           3           4           5           6
    1 -10.3255608 -10.3138773 -10.3138692 -10.3137185 -10.3135513  -1.2420976
            7           8           9          10          11          12
    1  -1.1531984  -0.9377202  -0.9376861  -0.8752863  -0.8204916  -0.8104988
           13          14          15          16          17          18
    1  -0.8104546  -0.6939485  -0.6790661  -0.6516582  -0.6193531  -0.6190325
           19          20          21          22          23
    1  -0.3686772  -0.0886619  -0.0784632  -0.0784472  -0.0717122
 Analysis of SCF Wavefunction
 
 --------------------------------------------------------------
                    Orbital Energies (a.u.)
 --------------------------------------------------------------
 
 Alpha MOs
 -- Occupied --
-10.326 -10.318 -10.318 -10.318 -10.318  -1.252  -1.170  -0.951
 -0.951  -0.890  -0.827  -0.814  -0.814  -0.714  -0.696  -0.682
 -0.638  -0.627  -0.627
 -- Virtual --
 -0.090  -0.082  -0.082  -0.073  -0.051  -0.051  -0.043  -0.034
 -0.028  -0.012  -0.012  -0.005   0.014   0.018   0.021   0.021
  0.036   0.036   0.044   0.050   0.058   0.059   0.073   0.075
  0.076   0.085   0.093   0.093   0.096   0.100   0.116   0.116
  0.125   0.155   0.171   0.172   0.183   0.209   0.233   0.238
  0.239   0.274   0.302   0.359   0.370   0.378   0.378   0.392
  0.392   0.426   0.447   0.447   0.457   0.471   0.490   0.492
  0.492   0.506   0.506   0.529   0.543   0.554   0.562   0.563
  0.565   0.618   0.636   0.687   0.687   0.702   0.720   0.727
  0.764   0.788   0.800   0.800   0.881   0.930   0.930   0.953
  0.969   0.991   1.000   1.000   1.029   1.029   1.072   1.072
  1.072   1.125   1.125   1.184   1.191   1.191   1.200   1.234
  1.234   1.260   1.261   1.288   1.288   1.312   1.343   1.343
  1.359   1.366   1.393   1.433   1.454   1.454   1.465   1.481
  1.481   1.484   1.534   1.622   1.664   1.664   1.700   2.321
  2.321   2.385   2.459   2.471   2.485   2.485   2.517   2.529
  2.529   2.558   2.583   2.634   2.634   2.680   2.720   2.744
  2.744   2.746   2.773   2.844   2.844   2.854   2.858   2.908
  2.909   2.928   2.928   2.928   2.982   2.993   3.018   3.047
  3.081   3.081   3.103   3.126   3.194   3.194   3.211   3.230
  3.231   3.289   3.289   3.296   3.309   3.341   3.351   3.396
  3.396   3.417   3.448   3.448   3.473   3.538   3.642   3.662
  3.705   3.739   3.739   3.788   3.788   3.818   3.908   3.961
  3.961   3.961   3.964   4.000   4.000   4.093   4.119   4.127
  4.130   4.194   4.195   4.197   4.218   4.218   4.257   4.257
  4.346   4.346   4.381   4.386   4.386   4.409   4.452   4.553
  4.576   4.745   4.745   4.824   4.825   4.951   5.106   5.243
  5.288   5.288   5.346   5.463   5.463   5.468   5.503   5.605
  5.605   5.628  23.870  23.890  24.145  24.145  24.218  27.235
 27.295  27.357  27.357  27.743  27.833  27.859  27.859  27.878
 27.900  27.900  27.917  28.304  28.304  28.744  40.623  40.634
 40.658  40.721  40.729  40.729  40.732  40.774  40.774  40.775
 40.895  40.895  40.895  40.900  40.900  40.912  40.937  40.949
 41.004  41.004  41.012  41.014  41.029  41.106  41.106
 
 Beta MOs
 -- Occupied --
-10.326 -10.314 -10.314 -10.314 -10.314  -1.242  -1.153  -0.938
 -0.938  -0.875  -0.820  -0.810  -0.810  -0.694  -0.679  -0.652
 -0.619  -0.619
 -- Virtual --
 -0.369  -0.089  -0.078  -0.078  -0.072  -0.049  -0.049  -0.042
 -0.034  -0.027  -0.005  -0.002  -0.002   0.015   0.021   0.022
  0.022   0.037   0.038   0.046   0.052   0.059   0.060   0.074
  0.082   0.082   0.087   0.094   0.095   0.097   0.101   0.124
  0.124   0.132   0.156   0.172   0.173   0.194   0.213   0.240
  0.242   0.243   0.276   0.306   0.363   0.370   0.381   0.381
  0.398   0.398   0.435   0.454   0.454   0.470   0.482   0.492
  0.498   0.498   0.507   0.507   0.534   0.548   0.559   0.565
  0.567   0.568   0.620   0.641   0.691   0.691   0.704   0.721
  0.738   0.771   0.798   0.804   0.804   0.881   0.932   0.932
  0.956   0.970   1.001   1.003   1.003   1.030   1.030   1.074
  1.079   1.079   1.133   1.133   1.189   1.196   1.196   1.210
  1.245   1.245   1.266   1.269   1.291   1.294   1.314   1.346
  1.346   1.364   1.369   1.397   1.437   1.457   1.457   1.466
  1.483   1.483   1.488   1.539   1.632   1.669   1.669   1.701
  2.331   2.331   2.405   2.461   2.488   2.488   2.498   2.524
  2.537   2.537   2.562   2.599   2.639   2.639   2.686   2.737
  2.754   2.754   2.762   2.786   2.851   2.851   2.866   2.868
  2.920   2.920   2.942   2.942   2.948   2.986   2.996   3.026
  3.052   3.090   3.090   3.106   3.134   3.206   3.206   3.217
  3.245   3.245   3.302   3.302   3.306   3.331   3.351   3.357
  3.404   3.405   3.424   3.457   3.457   3.473   3.548   3.645
  3.673   3.718   3.743   3.743   3.798   3.798   3.826   3.912
  3.965   3.965   3.968   3.969   4.005   4.006   4.099   4.125
  4.128   4.133   4.203   4.207   4.209   4.223   4.223   4.264
  4.264   4.353   4.353   4.388   4.393   4.393   4.415   4.459
  4.561   4.584   4.752   4.752   4.830   4.830   4.954   5.116
  5.244   5.302   5.302   5.351   5.466   5.466   5.470   5.505
  5.609   5.609   5.634  23.872  23.895  24.150  24.150  24.222
 27.247  27.308  27.360  27.360  27.746  27.836  27.863  27.863
 27.880  27.905  27.905  27.919  28.307  28.307  28.748  40.625
 40.642  40.662  40.727  40.735  40.735  40.738  40.779  40.781
 40.781  40.896  40.902  40.902  40.908  40.908  40.920  40.943
 40.956  41.005  41.006  41.014  41.015  41.037  41.109  41.109
 --------------------------------------------------------------
 
          Ground-State Mulliken Net Atomic Charges

     Atom                 Charge (a.u.)    Spin (a.u.)
  --------------------------------------------------------
      1 C                     0.431522      -0.080576
      2 C                    -0.169204       0.281695
      3 C                    -0.167654       0.283550
      4 C                    -0.168316       0.283979
      5 C                    -0.169460       0.281316
      6 H                     0.155292      -0.006336
      7 H                     0.155501      -0.006121
      8 H                     0.155362      -0.006361
      9 H                     0.155305      -0.006224
     10 H                     0.155469      -0.006337
     11 H                     0.155354      -0.006324
     12 H                     0.155441      -0.006157
     13 H                     0.155389      -0.006103
  --------------------------------------------------------
  Sum of atomic charges =     1.000000
  Sum of spin   charges =     1.000000

 -----------------------------------------------------------------
                    Cartesian Multipole Moments
 -----------------------------------------------------------------
    Charge (ESU x 10^10)
                 4.8032
    Dipole Moment (Debye)
         X      -0.0010      Y      -0.0014      Z       4.8003
       Tot       4.8003
    Quadrupole Moments (Debye-Ang)
        XX     -18.1601     XY      -0.0020     YY     -23.8248
        XZ      -0.0481     YZ      -0.0013     ZZ     -19.0285
    Octapole Moments (Debye-Ang^2)
       XXX       0.0002    XXY       0.0000    XYY       2.3116
       YYY      -0.0024    XXZ     -18.2030    XYZ      -0.0018
       YYZ     -23.8524    XZZ      -2.4036    YZZ      -0.0031
       ZZZ     -66.6123
    Hexadecapole Moments (Debye-Ang^3)
      XXXX    -273.5542   XXXY      -0.0098   XXYY     -48.2718
      XYYY       0.0016   YYYY     -91.0728   XXXZ       1.1842
      XXYZ      -0.0015   XYYZ       2.5355   YYYZ      -0.0036
      XXZZ     -66.5307   XYZZ      -0.0021   YYZZ     -46.5642
      XZZZ      -6.5811   YZZZ      -0.0078   ZZZZ    -228.9706
 -----------------------------------------------------------------
 Total job time:  1336.24s(wall), 1328.80s(cpu) 
 Wed Mar 26 11:24:01 2014

        *************************************************************
        *                                                           *
        *  Thank you very much for using Q-Chem.  Have a nice day.  *
        *                                                           *
        *************************************************************


0 sent ACK to 0 
now end server 0 ... 
