Process 0 of 1 is on cl122 - thread support 1
initial socket setup ...start
initial socket setup ...done 
now start server 0 ... 

cmd = /usr/bin/ssh clhead /usr/local/qchem/bin/get_hostid 2001275747 > /tmp/1603301.1.medium.q/qchem15999/lic.dat

cmd = /usr/bin/ssh clhead /usr/local/qchem/bin/get_hostid 2001275747 > /tmp/1603301.1.medium.q/qchem15999/lic.dat

cmd = /usr/bin/ssh clhead /usr/local/qchem/bin/get_hostid 2001275747 > /tmp/1603301.1.medium.q/qchem15999/lic.dat

cmd = /usr/bin/ssh clhead /usr/local/qchem/bin/get_hostid 2001275747 > /tmp/1603301.1.medium.q/qchem15999/lic.dat

cmd = /usr/bin/ssh clhead /usr/local/qchem/bin/get_hostid 2001275747 > /tmp/1603301.1.medium.q/qchem15999/lic.dat
                  Welcome to Q-Chem
     A Quantum Leap Into The Future Of Chemistry

 Y. Shao, L. Fusti-Molnar, Y. Jung, J. Kussmann, C. Ochsenfeld,
 S. T. Brown, A. T. B. Gilbert, L. V. Slipchenko,S. V. Levchenko,
 D. P. O'Neill, R. A. DiStasio Jr., R. C. Lochan, T. Wang,
 G. J. O. Beran, N. A. Besley, J. M. Herbert, C. Y. Lin,
 T. Van Voorhis, S. H. Chien, A. Sodt, R. P. Steele, 
 V. A. Rassolov, P. E. Maslen, P. P. Korambath, R. D. Adamson,
 B. Austin, J. Baker, E. F. C. Byrd, H. Dachsel, R. J. Doerksen,
 A. Dreuw, B. D. Dunietz, A. D. Dutoi, T. R. Furlani,
 S. R. Gwaltney, A. Heyden, S. Hirata, C.-P. Hsu, G. Kedziora,
 R. Z. Khaliullin, P. Klunzinger, A. M. Lee, M. S. Lee, W. Liang,
 I. Lotan, N. Nair, B. Peters, E. I. Proynov, P. A. Pieniazek, 
 Y. M. Rhee, J. Ritchie, E. Rosta, C. D. Sherrill, 
 A. C. Simmonett, J. E. Subotnik, H. L. Woodcock III,
 W. Zhang, A. T. Bell, A. K. Chakraborty, D. M. Chipman,
 F. J. Keil, A. Warshel, W. J. Hehre, H. F. Schaefer III,
 J. Kong, A. I. Krylov, P. M. W. Gill, M. Head-Gordon,
 Q-Chem, Version 3.1, Q-Chem, Inc., Pittsburgh, PA (2007).

 Additional authors for Version 3.1: 
 Z. Gan, Y. Zhao, N. E. Schultz, D. Truhlar, E. Epifanovsky and M. Oana.

 Additional authors for Version 3.2: 
 R. Baer, B. R. Brooks, D. Casanova, J.-D. Chai, C.-L. Cheng, 
 C. Cramer, D. Crittenden, A. Ghysels, G. Hawkins, E. G. Hohenstein, 
 C. Kelley, W. Kurlancheek, D. Liotard, E. Livshits, P. Manohar, 
 A. Marenich, D. Neuhauser, R. Olson, M. A. Rohrdanz, K. S. Thanthiriwatte, 
 A. J. W. Thom, V. Vanovschi, C. F. Williams, Q. Wu and Z.-Q. You. 


 Intel X86 Linux Version

 Q-chem begins on Wed Mar 26 11:04:34 2014  

 Parallel job on  1  processors
Processing $rem in /usr/local/qchem/config/preferences.

theFileMan(): MAXOPENFILES=974 MAX_SUB_FILE_NUM=16
Maximum size of a physical file is 2.0 GB, maximum size of a tmp-file is 32.0 GB


--------------------------------------------------------------
User input:
--------------------------------------------------------------

$molecule
-1,2
C         -0.00013        0.00000        0.01487
Si        -0.00043        0.00000        1.87462
H          1.01782        0.00000       -0.37208
H         -0.50853       -0.88134       -0.37324
H         -0.50853        0.88134       -0.37324
H         -1.38712        0.00000        2.39962
H          0.69345       -1.20137        2.39767
H          0.69345        1.20137        2.39767
$end

$comment
negative
$end

$xc_functional
C PBE   1.00
X wPBE  1.00
$end

$rem
SYMMETRY_DECOMPOSITION	0
exchange 		general
LRC_DFT                 true
BASIS                   g3large
omega			390
mem_static              760
max_scf_cycles          200
scf_final_print         1
sym_ignore              true
$end

--------------------------------------------------------------
 Writing REM_CC_EA            8
 ----------------------------------------------------
       Standard Nuclear Orientation (Angstroms)
    I     Atom         X            Y            Z
 ----------------------------------------------------
    1      C      -0.000130     0.000000     0.014870
    2      Si     -0.000430     0.000000     1.874620
    3      H       1.017820     0.000000    -0.372080
    4      H      -0.508530    -0.881340    -0.373240
    5      H      -0.508530     0.881340    -0.373240
    6      H      -1.387120     0.000000     2.399620
    7      H       0.693450    -1.201370     2.397670
    8      H       0.693450     1.201370     2.397670
 ----------------------------------------------------
 Nuclear Repulsion Energy =    63.1402175305 hartrees
 There are       14 alpha and       13 beta electrons
 Requested basis set is G3large
 There are 65 shells and 168 basis functions

Total QAlloc Memory Limit   2000 MB
Mega-Array Size       743 MB
MEM_STATIC part       760 MB

                       Distance Matrix (Angstroms)
             C (  1)   Si(  2)   H (  3)   H (  4)   H (  5)   H (  6)
   Si(  2)  1.859750
   H (  3)  1.089014  2.466677
   H (  4)  1.088972  2.467347  1.762528
   H (  5)  1.088972  2.467347  1.762528  1.762680
   H (  6)  2.758763  1.482745  3.669613  3.039315  3.039315
   H (  7)  2.757187  1.482680  3.036449  3.037288  3.668839  2.402512
   H (  8)  2.757187  1.482680  3.036449  3.668839  3.037288  2.402512
             H (  7)
   H (  8)  2.402740
 
 A cutoff of  1.0D-08 yielded   2044 shell pairs
 There are  13820 function pairs ( 17231 Cartesian)
Evaluating contribution to one-electron hamiltonian from nuclear
 Smallest overlap matrix eigenvalue = 1.35E-04
 Multipole matrices computed through 2nd order

  Scale SEOQF with 1.000000e-01/1.000000e-01/1.000000e-01

 Standard Electronic Orientation quadrupole field applied
 Nucleus-field energy     =    -0.0000000067 hartrees
 Guess from superposition of atomic densities
 Warning:  Energy on first SCF cycle will be non-variational
 Long-range K will be added via erf
 Coulomb attenuation parameter = 0.39 bohr**(-1)
 An unrestricted Kohn-Sham SCF calculation will be
 performed using Pulay DIIS extrapolation
 Exchange:  wPBE + LR-HF      Correlation:  PBE
 Using SG-1 standard quadrature grid
 SCF converges when DIIS error is below 1.0E-05
 Requested basis set is G3large
 There are 65 shells and 168 basis functions
 A cutoff of  1.0D-08 yielded   2044 shell pairs
 There are  13820 function pairs ( 17231 Cartesian)
 Warning!  Inaccurate integrated density:
   Number of electrons =    27
   Numerical integral  =    25.999985127030
   Relative error      =    -3.7037587888 %
 ---------------------------------------
  Cycle       Energy         DIIS Error
 ---------------------------------------
    1    -331.2570910907      2.77E-02
    2    -330.9843530548      3.36E-03
    3    -331.0308713321      2.52E-03
    4    -331.0566459478      3.48E-04
    5    -331.0615434248      1.69E-04
    6    -331.0637235984      9.31E-05
    7    -331.0647047066      3.86E-05
    8    -331.0649669029      1.66E-05
    9    -331.0650247072      7.28E-06 Convergence criterion met
 ---------------------------------------
 One-Electron    Energy =  -584.9236142352
 Total Coulomb   Energy =   219.2519669295
 Alpha Exchange  Energy =    -2.6182053933
 Beta  Exchange  Energy =    -2.5515956337
 DFT   Exchange  Energy =   -22.4767549878
 DFT Correlation Energy =    -0.8870389105
 Nuclear Repu.   Energy =    63.1402175238
 Nuclear Attr.   Energy =  -915.3147870471
 Kinetic         Energy =   330.3911728119
 <S^2> = 0.7502
 SCF time:  CPU 97.36 s  wall 98.99 s
 Final Alpha MO Eigenvalues
            1           2           3           4           5           6
    1 -65.4693792  -9.9361499  -5.1312844  -3.5337202  -3.5337055  -3.5323500
            7           8           9          10          11          12
    1  -0.7071417  -0.5304484  -0.3938531  -0.3937698  -0.3195160  -0.3194732
           13          14          15          16          17          18
    1  -0.3057176   0.0279142   0.1481920   0.1508577   0.1509398   0.1760732
           19
    1   0.1883656
 Final Beta MO Eigenvalues
            1           2           3           4           5           6
    1 -65.4692924  -9.9355500  -5.1311852  -3.5336600  -3.5336453  -3.5321004
            7           8           9          10          11          12
    1  -0.7055425  -0.5287365  -0.3929854  -0.3929010  -0.3194238  -0.3193774
           13          14          15          16          17          18
    1  -0.3044195   0.1388127   0.1548019   0.1654530   0.1656838   0.1826995
 Analysis of SCF Wavefunction
 
 --------------------------------------------------------------
                    Orbital Energies (a.u.)
 --------------------------------------------------------------
 
 Alpha MOs
 -- Occupied --
-65.469  -9.936  -5.131  -3.534  -3.534  -3.532  -0.707  -0.530
 -0.394  -0.394  -0.320  -0.319  -0.306   0.028
 -- Virtual --
  0.148   0.151   0.151   0.176   0.188   0.188   0.200   0.200
  0.257   0.269   0.269   0.269   0.302   0.302   0.302   0.315
  0.349   0.366   0.366   0.430   0.430   0.479   0.479   0.481
  0.486   0.528   0.529   0.613   0.632   0.632   0.644   0.670
  0.714   0.714   0.727   0.766   0.767   0.774   0.816   0.816
  0.880   0.908   0.920   0.920   0.964   0.964   1.035   1.043
  1.043   1.078   1.093   1.134   1.211   1.211   1.269   1.269
  1.311   1.351   1.351   1.417   1.417   1.471   1.513   1.540
  1.540   1.545   1.555   1.555   1.641   1.641   1.710   1.710
  1.720   1.767   1.767   1.811   1.859   2.351   2.393   2.401
  2.402   2.463   2.463   2.575   2.749   2.749   2.852   3.062
  3.062   3.186   3.211   3.341   3.350   3.350   3.465   3.465
  3.565   3.565   3.609   3.781   3.781   3.896   3.898   3.920
  4.025   4.026   4.135   4.167   4.168   4.295   4.297   4.297
  4.343   4.364   4.364   4.475   4.476   4.481   4.605   4.618
  4.618   4.680   4.729   4.875   4.875   5.290   5.906   5.906
  6.458  11.595  11.595  11.933  17.719  17.803  17.900  17.982
 18.039  22.333  22.348  22.356  22.356  22.363  22.364  22.389
 24.283  27.983  28.241  28.241  41.112  41.128  41.349  41.390
 41.436 141.255
 
 Beta MOs
 -- Occupied --
-65.469  -9.936  -5.131  -3.534  -3.534  -3.532  -0.706  -0.529
 -0.393  -0.393  -0.319  -0.319  -0.304
 -- Virtual --
  0.139   0.155   0.165   0.166   0.183   0.190   0.190   0.202
  0.202   0.256   0.265   0.265   0.273   0.299   0.302   0.302
  0.317   0.350   0.366   0.367   0.430   0.430   0.477   0.479
  0.479   0.485   0.528   0.528   0.613   0.630   0.630   0.642
  0.670   0.713   0.714   0.727   0.767   0.767   0.773   0.814
  0.814   0.878   0.908   0.920   0.921   0.964   0.964   1.036
  1.042   1.043   1.078   1.094   1.134   1.211   1.211   1.269
  1.269   1.311   1.351   1.351   1.417   1.417   1.471   1.513
  1.540   1.540   1.545   1.555   1.555   1.642   1.642   1.710
  1.710   1.719   1.767   1.768   1.812   1.859   2.351   2.394
  2.402   2.403   2.464   2.464   2.575   2.749   2.749   2.852
  3.062   3.062   3.187   3.211   3.340   3.351   3.351   3.466
  3.466   3.565   3.565   3.610   3.781   3.782   3.896   3.898
  3.922   4.025   4.026   4.135   4.168   4.168   4.295   4.296
  4.296   4.343   4.364   4.364   4.476   4.476   4.481   4.605
  4.618   4.618   4.680   4.730   4.875   4.876   5.291   5.907
  5.907   6.458  11.595  11.595  11.934  17.720  17.803  17.900
 17.983  18.039  22.333  22.348  22.356  22.356  22.363  22.364
 22.389  24.284  27.984  28.241  28.242  41.113  41.128  41.349
 41.391  41.436 141.255
 --------------------------------------------------------------
 
          Ground-State Mulliken Net Atomic Charges

     Atom                 Charge (a.u.)    Spin (a.u.)
  --------------------------------------------------------
      1 C                     2.704823      -2.940252
      2 Si                    0.722631      -0.497706
      3 H                    -1.201667       1.302194
      4 H                    -1.214978       1.316036
      5 H                    -1.184855       1.284837
      6 H                    -0.275194       0.178281
      7 H                    -0.275736       0.179133
      8 H                    -0.275023       0.177477
  --------------------------------------------------------
  Sum of atomic charges =    -1.000000
  Sum of spin   charges =     1.000000

 -----------------------------------------------------------------
                    Cartesian Multipole Moments
 -----------------------------------------------------------------
    Charge (ESU x 10^10)
                -4.8032
    Dipole Moment (Debye)
         X      -0.0042      Y       0.1213      Z       2.0091
       Tot       2.0128
    Quadrupole Moments (Debye-Ang)
        XX     -49.5296     XY      -0.0824     YY     -49.5212
        XZ      -0.0018     YZ      -0.0521     ZZ     -48.1242
    Octapole Moments (Debye-Ang^2)
       XXX      -1.4203    XXY       0.4778    XYY       1.3602
       YYY       1.4334    XXZ     -19.9919    XYZ       0.0400
       YYZ     -19.9912    XZZ       0.0004    YZZ       0.4432
       ZZZ     -71.7263
    Hexadecapole Moments (Debye-Ang^3)
      XXXX    -374.1397   XXXY      -0.6467   XXYY    -124.6829
      XYYY      -0.7247   YYYY    -373.9998   XXXZ       7.4126
      XXYZ      -0.0755   XYYZ      -7.3741   YYYZ      -0.2265
      XXZZ    -180.6931   XYZZ      -0.2118   YYZZ    -180.6698
      XZZZ       0.0448   YZZZ      -0.2186   ZZZZ    -671.5953
 -----------------------------------------------------------------
 Total job time:  99.24s(wall), 97.55s(cpu) 
 Wed Mar 26 11:06:13 2014

        *************************************************************
        *                                                           *
        *  Thank you very much for using Q-Chem.  Have a nice day.  *
        *                                                           *
        *************************************************************


0 sent ACK to 0 
now end server 0 ... 
 
**********************************************************************
Job 2 of 3 
**********************************************************************
 
Process 0 of 1 is on cl122 - thread support 1
initial socket setup ...start
initial socket setup ...done 
now start server 0 ... 

cmd = /usr/bin/ssh clhead /usr/local/qchem/bin/get_hostid 1226324891 > /tmp/1603301.1.medium.q/qchem15999/lic.dat

cmd = /usr/bin/ssh clhead /usr/local/qchem/bin/get_hostid 1226324891 > /tmp/1603301.1.medium.q/qchem15999/lic.dat

cmd = /usr/bin/ssh clhead /usr/local/qchem/bin/get_hostid 1226324891 > /tmp/1603301.1.medium.q/qchem15999/lic.dat

cmd = /usr/bin/ssh clhead /usr/local/qchem/bin/get_hostid 1226324891 > /tmp/1603301.1.medium.q/qchem15999/lic.dat

cmd = /usr/bin/ssh clhead /usr/local/qchem/bin/get_hostid 1226324891 > /tmp/1603301.1.medium.q/qchem15999/lic.dat
                  Welcome to Q-Chem
     A Quantum Leap Into The Future Of Chemistry

 Y. Shao, L. Fusti-Molnar, Y. Jung, J. Kussmann, C. Ochsenfeld,
 S. T. Brown, A. T. B. Gilbert, L. V. Slipchenko,S. V. Levchenko,
 D. P. O'Neill, R. A. DiStasio Jr., R. C. Lochan, T. Wang,
 G. J. O. Beran, N. A. Besley, J. M. Herbert, C. Y. Lin,
 T. Van Voorhis, S. H. Chien, A. Sodt, R. P. Steele, 
 V. A. Rassolov, P. E. Maslen, P. P. Korambath, R. D. Adamson,
 B. Austin, J. Baker, E. F. C. Byrd, H. Dachsel, R. J. Doerksen,
 A. Dreuw, B. D. Dunietz, A. D. Dutoi, T. R. Furlani,
 S. R. Gwaltney, A. Heyden, S. Hirata, C.-P. Hsu, G. Kedziora,
 R. Z. Khaliullin, P. Klunzinger, A. M. Lee, M. S. Lee, W. Liang,
 I. Lotan, N. Nair, B. Peters, E. I. Proynov, P. A. Pieniazek, 
 Y. M. Rhee, J. Ritchie, E. Rosta, C. D. Sherrill, 
 A. C. Simmonett, J. E. Subotnik, H. L. Woodcock III,
 W. Zhang, A. T. Bell, A. K. Chakraborty, D. M. Chipman,
 F. J. Keil, A. Warshel, W. J. Hehre, H. F. Schaefer III,
 J. Kong, A. I. Krylov, P. M. W. Gill, M. Head-Gordon,
 Q-Chem, Version 3.1, Q-Chem, Inc., Pittsburgh, PA (2007).

 Additional authors for Version 3.1: 
 Z. Gan, Y. Zhao, N. E. Schultz, D. Truhlar, E. Epifanovsky and M. Oana.

 Additional authors for Version 3.2: 
 R. Baer, B. R. Brooks, D. Casanova, J.-D. Chai, C.-L. Cheng, 
 C. Cramer, D. Crittenden, A. Ghysels, G. Hawkins, E. G. Hohenstein, 
 C. Kelley, W. Kurlancheek, D. Liotard, E. Livshits, P. Manohar, 
 A. Marenich, D. Neuhauser, R. Olson, M. A. Rohrdanz, K. S. Thanthiriwatte, 
 A. J. W. Thom, V. Vanovschi, C. F. Williams, Q. Wu and Z.-Q. You. 


 Intel X86 Linux Version

 Q-chem begins on Wed Mar 26 11:06:17 2014  

 Parallel job on  1  processors
Processing $rem in /usr/local/qchem/config/preferences.

theFileMan(): MAXOPENFILES=974 MAX_SUB_FILE_NUM=16
Maximum size of a physical file is 2.0 GB, maximum size of a tmp-file is 32.0 GB


--------------------------------------------------------------
User input:
--------------------------------------------------------------

$molecule
0,1
C         -0.00013        0.00000        0.01487
Si        -0.00043        0.00000        1.87462
H          1.01782        0.00000       -0.37208
H         -0.50853       -0.88134       -0.37324
H         -0.50853        0.88134       -0.37324
H         -1.38712        0.00000        2.39962
H          0.69345       -1.20137        2.39767
H          0.69345        1.20137        2.39767
$end

$comment
neutral
$end

$xc_functional
C PBE   1.00
X wPBE  1.00
$end


$rem
SYMMETRY_DECOMPOSITION	0
LRC_DFT                 true
exchange 		general
BASIS                   g3large
omega			390
mem_static              760
max_scf_cycles          200
scf_final_print         1
sym_ignore              true
$end

--------------------------------------------------------------
 Writing REM_CC_EA            8
 ----------------------------------------------------
       Standard Nuclear Orientation (Angstroms)
    I     Atom         X            Y            Z
 ----------------------------------------------------
    1      C      -0.000130     0.000000     0.014870
    2      Si     -0.000430     0.000000     1.874620
    3      H       1.017820     0.000000    -0.372080
    4      H      -0.508530    -0.881340    -0.373240
    5      H      -0.508530     0.881340    -0.373240
    6      H      -1.387120     0.000000     2.399620
    7      H       0.693450    -1.201370     2.397670
    8      H       0.693450     1.201370     2.397670
 ----------------------------------------------------
 Nuclear Repulsion Energy =    63.1402175305 hartrees
 There are       13 alpha and       13 beta electrons
 Requested basis set is G3large
 There are 65 shells and 168 basis functions

Total QAlloc Memory Limit   2000 MB
Mega-Array Size       743 MB
MEM_STATIC part       760 MB

                       Distance Matrix (Angstroms)
             C (  1)   Si(  2)   H (  3)   H (  4)   H (  5)   H (  6)
   Si(  2)  1.859750
   H (  3)  1.089014  2.466677
   H (  4)  1.088972  2.467347  1.762528
   H (  5)  1.088972  2.467347  1.762528  1.762680
   H (  6)  2.758763  1.482745  3.669613  3.039315  3.039315
   H (  7)  2.757187  1.482680  3.036449  3.037288  3.668839  2.402512
   H (  8)  2.757187  1.482680  3.036449  3.668839  3.037288  2.402512
             H (  7)
   H (  8)  2.402740
 
 A cutoff of  1.0D-08 yielded   2044 shell pairs
 There are  13820 function pairs ( 17231 Cartesian)
Evaluating contribution to one-electron hamiltonian from nuclear
 Smallest overlap matrix eigenvalue = 1.35E-04
 Multipole matrices computed through 2nd order

  Scale SEOQF with 1.000000e-01/1.000000e-01/1.000000e-01

 Standard Electronic Orientation quadrupole field applied
 Nucleus-field energy     =    -0.0000000067 hartrees
 Guess from superposition of atomic densities
 Warning:  Energy on first SCF cycle will be non-variational
 Long-range K will be added via erf
 Coulomb attenuation parameter = 0.39 bohr**(-1)
 A restricted Kohn-Sham SCF calculation will be
 performed using Pulay DIIS extrapolation
 Exchange:  wPBE + LR-HF      Correlation:  PBE
 Using SG-1 standard quadrature grid
 SCF converges when DIIS error is below 1.0E-05
 Requested basis set is G3large
 There are 65 shells and 168 basis functions
 A cutoff of  1.0D-08 yielded   2044 shell pairs
 There are  13820 function pairs ( 17231 Cartesian)
 ---------------------------------------
  Cycle       Energy         DIIS Error
 ---------------------------------------
    1    -331.2570910907      2.77E-02
    2    -331.0638700708      2.78E-03
    3    -331.0880323532      1.62E-03
    4    -331.0968249011      2.65E-04
    5    -331.0971877984      5.33E-05
    6    -331.0972070095      1.39E-05
    7    -331.0972072833      2.88E-06 Convergence criterion met
 ---------------------------------------
 One-Electron    Energy =  -581.4801497820
 Total Coulomb   Energy =   215.7007570640
 Alpha Exchange  Energy =    -2.5532395988
 Beta  Exchange  Energy =    -2.5532395988
 DFT   Exchange  Energy =   -22.4724843650
 DFT Correlation Energy =    -0.8790685265
 Nuclear Repu.   Energy =    63.1402175238
 Nuclear Attr.   Energy =  -911.8114987597
 Kinetic         Energy =   330.3313489777
 SCF time:  CPU 60.24 s  wall 61.35 s
 Final Alpha MO Eigenvalues
            1           2           3           4           5           6
    1 -65.5976058 -10.0819724  -5.2596043  -3.6617722  -3.6617612  -3.6611438
            7           8           9          10          11          12
    1  -0.8500116  -0.6584169  -0.5367855  -0.5367504  -0.4466057  -0.4466000
           13          14          15          16          17          18
    1  -0.4423027   0.0384326   0.0612801   0.0677570   0.0677703   0.0860653
 Analysis of SCF Wavefunction
 
 --------------------------------------------------------------
                    Orbital Energies (a.u.)
 --------------------------------------------------------------
 
 Alpha MOs
 -- Occupied --
-65.598 -10.082  -5.260  -3.662  -3.662  -3.661  -0.850  -0.658
 -0.537  -0.537  -0.447  -0.447  -0.442
 -- Virtual --
  0.038   0.061   0.068   0.068   0.086   0.094   0.094   0.103
  0.103   0.156   0.156   0.157   0.161   0.185   0.185   0.191
  0.204   0.235   0.237   0.237   0.302   0.302   0.357   0.363
  0.363   0.366   0.412   0.412   0.495   0.502   0.502   0.517
  0.544   0.585   0.585   0.605   0.637   0.637   0.646   0.680
  0.681   0.745   0.780   0.793   0.793   0.839   0.839   0.909
  0.920   0.920   0.945   0.951   1.005   1.076   1.076   1.140
  1.140   1.181   1.207   1.207   1.294   1.294   1.333   1.378
  1.404   1.404   1.421   1.426   1.426   1.501   1.502   1.572
  1.572   1.585   1.642   1.642   1.679   1.720   2.224   2.264
  2.269   2.270   2.334   2.334   2.448   2.605   2.605   2.709
  2.937   2.937   3.040   3.068   3.209   3.209   3.215   3.320
  3.321   3.422   3.422   3.472   3.638   3.638   3.762   3.764
  3.777   3.898   3.899   3.991   4.027   4.028   4.171   4.173
  4.173   4.219   4.235   4.235   4.333   4.333   4.354   4.459
  4.474   4.474   4.534   4.601   4.746   4.747   5.145   5.760
  5.760   6.329  11.467  11.467  11.804  17.591  17.675  17.771
 17.854  17.910  22.205  22.219  22.227  22.227  22.234  22.235
 22.261  24.137  27.838  28.095  28.095  40.967  40.982  41.203
 41.245  41.290 141.127
 --------------------------------------------------------------
 
          Ground-State Mulliken Net Atomic Charges

     Atom                 Charge (a.u.)
  ----------------------------------------
      1 C                    -0.285917
      2 Si                    0.212376
      3 H                     0.098577
      4 H                     0.098542
      5 H                     0.098490
      6 H                    -0.073933
      7 H                    -0.074044
      8 H                    -0.074092
  ----------------------------------------
  Sum of atomic charges =     0.000000

 -----------------------------------------------------------------
                    Cartesian Multipole Moments
 -----------------------------------------------------------------
    Charge (ESU x 10^10)
                 0.0000
    Dipole Moment (Debye)
         X      -0.0010      Y       0.0000      Z      -0.8173
       Tot       0.8173
    Quadrupole Moments (Debye-Ang)
        XX     -22.8618     XY       0.0000     YY     -22.8625
        XZ      -0.0021     YZ      -0.0001     ZZ     -25.0962
    Octapole Moments (Debye-Ang^2)
       XXX       1.6365    XXY      -0.0001    XYY      -1.6177
       YYY      -0.0003    XXZ     -31.5399    XYZ      -0.0003
       YYZ     -31.5433    XZZ       0.0006    YZZ      -0.0003
       ZZZ     -92.7582
    Hexadecapole Moments (Debye-Ang^3)
      XXXX     -56.0267   XXXY       0.0000   XXYY     -18.6767
      XYYY      -0.0002   YYYY     -56.0347   XXXZ       1.1969
      XXYZ      -0.0003   XYYZ      -1.1553   YYYZ      -0.0007
      XXZZ     -80.6291   XYZZ      -0.0010   YYZZ     -80.6345
      XZZZ       0.0317   YZZZ      -0.0011   ZZZZ    -407.1655
 -----------------------------------------------------------------
 Total job time:  61.56s(wall), 60.41s(cpu) 
 Wed Mar 26 11:07:19 2014

        *************************************************************
        *                                                           *
        *  Thank you very much for using Q-Chem.  Have a nice day.  *
        *                                                           *
        *************************************************************


0 sent ACK to 0 
now end server 0 ... 
 
**********************************************************************
Job 3 of 3 
**********************************************************************
 
Process 0 of 1 is on cl122 - thread support 1
initial socket setup ...start
initial socket setup ...done 
now start server 0 ... 

cmd = /usr/bin/ssh clhead /usr/local/qchem/bin/get_hostid 1556676621 > /tmp/1603301.1.medium.q/qchem15999/lic.dat

cmd = /usr/bin/ssh clhead /usr/local/qchem/bin/get_hostid 1556676621 > /tmp/1603301.1.medium.q/qchem15999/lic.dat

cmd = /usr/bin/ssh clhead /usr/local/qchem/bin/get_hostid 1556676621 > /tmp/1603301.1.medium.q/qchem15999/lic.dat

cmd = /usr/bin/ssh clhead /usr/local/qchem/bin/get_hostid 1556676621 > /tmp/1603301.1.medium.q/qchem15999/lic.dat

cmd = /usr/bin/ssh clhead /usr/local/qchem/bin/get_hostid 1556676621 > /tmp/1603301.1.medium.q/qchem15999/lic.dat
                  Welcome to Q-Chem
     A Quantum Leap Into The Future Of Chemistry

 Y. Shao, L. Fusti-Molnar, Y. Jung, J. Kussmann, C. Ochsenfeld,
 S. T. Brown, A. T. B. Gilbert, L. V. Slipchenko,S. V. Levchenko,
 D. P. O'Neill, R. A. DiStasio Jr., R. C. Lochan, T. Wang,
 G. J. O. Beran, N. A. Besley, J. M. Herbert, C. Y. Lin,
 T. Van Voorhis, S. H. Chien, A. Sodt, R. P. Steele, 
 V. A. Rassolov, P. E. Maslen, P. P. Korambath, R. D. Adamson,
 B. Austin, J. Baker, E. F. C. Byrd, H. Dachsel, R. J. Doerksen,
 A. Dreuw, B. D. Dunietz, A. D. Dutoi, T. R. Furlani,
 S. R. Gwaltney, A. Heyden, S. Hirata, C.-P. Hsu, G. Kedziora,
 R. Z. Khaliullin, P. Klunzinger, A. M. Lee, M. S. Lee, W. Liang,
 I. Lotan, N. Nair, B. Peters, E. I. Proynov, P. A. Pieniazek, 
 Y. M. Rhee, J. Ritchie, E. Rosta, C. D. Sherrill, 
 A. C. Simmonett, J. E. Subotnik, H. L. Woodcock III,
 W. Zhang, A. T. Bell, A. K. Chakraborty, D. M. Chipman,
 F. J. Keil, A. Warshel, W. J. Hehre, H. F. Schaefer III,
 J. Kong, A. I. Krylov, P. M. W. Gill, M. Head-Gordon,
 Q-Chem, Version 3.1, Q-Chem, Inc., Pittsburgh, PA (2007).

 Additional authors for Version 3.1: 
 Z. Gan, Y. Zhao, N. E. Schultz, D. Truhlar, E. Epifanovsky and M. Oana.

 Additional authors for Version 3.2: 
 R. Baer, B. R. Brooks, D. Casanova, J.-D. Chai, C.-L. Cheng, 
 C. Cramer, D. Crittenden, A. Ghysels, G. Hawkins, E. G. Hohenstein, 
 C. Kelley, W. Kurlancheek, D. Liotard, E. Livshits, P. Manohar, 
 A. Marenich, D. Neuhauser, R. Olson, M. A. Rohrdanz, K. S. Thanthiriwatte, 
 A. J. W. Thom, V. Vanovschi, C. F. Williams, Q. Wu and Z.-Q. You. 


 Intel X86 Linux Version

 Q-chem begins on Wed Mar 26 11:07:23 2014  

 Parallel job on  1  processors
Processing $rem in /usr/local/qchem/config/preferences.

theFileMan(): MAXOPENFILES=974 MAX_SUB_FILE_NUM=16
Maximum size of a physical file is 2.0 GB, maximum size of a tmp-file is 32.0 GB


--------------------------------------------------------------
User input:
--------------------------------------------------------------

$molecule
1,2
C         -0.00013        0.00000        0.01487
Si        -0.00043        0.00000        1.87462
H          1.01782        0.00000       -0.37208
H         -0.50853       -0.88134       -0.37324
H         -0.50853        0.88134       -0.37324
H         -1.38712        0.00000        2.39962
H          0.69345       -1.20137        2.39767
H          0.69345        1.20137        2.39767
$end

$comment
positive
$end

$xc_functional
C PBE   1.00
X wPBE  1.00
$end

$rem
SYMMETRY_DECOMPOSITION	0
LRC_DFT                 true
exchange 		general
BASIS                   g3large
omega			390
mem_static              760
max_scf_cycles          200
scf_final_print         1
sym_ignore              true
$end

--------------------------------------------------------------
 Writing REM_CC_EA            8
 ----------------------------------------------------
       Standard Nuclear Orientation (Angstroms)
    I     Atom         X            Y            Z
 ----------------------------------------------------
    1      C      -0.000130     0.000000     0.014870
    2      Si     -0.000430     0.000000     1.874620
    3      H       1.017820     0.000000    -0.372080
    4      H      -0.508530    -0.881340    -0.373240
    5      H      -0.508530     0.881340    -0.373240
    6      H      -1.387120     0.000000     2.399620
    7      H       0.693450    -1.201370     2.397670
    8      H       0.693450     1.201370     2.397670
 ----------------------------------------------------
 Nuclear Repulsion Energy =    63.1402175305 hartrees
 There are       13 alpha and       12 beta electrons
 Requested basis set is G3large
 There are 65 shells and 168 basis functions

Total QAlloc Memory Limit   2000 MB
Mega-Array Size       743 MB
MEM_STATIC part       760 MB

                       Distance Matrix (Angstroms)
             C (  1)   Si(  2)   H (  3)   H (  4)   H (  5)   H (  6)
   Si(  2)  1.859750
   H (  3)  1.089014  2.466677
   H (  4)  1.088972  2.467347  1.762528
   H (  5)  1.088972  2.467347  1.762528  1.762680
   H (  6)  2.758763  1.482745  3.669613  3.039315  3.039315
   H (  7)  2.757187  1.482680  3.036449  3.037288  3.668839  2.402512
   H (  8)  2.757187  1.482680  3.036449  3.668839  3.037288  2.402512
             H (  7)
   H (  8)  2.402740
 
 A cutoff of  1.0D-08 yielded   2044 shell pairs
 There are  13820 function pairs ( 17231 Cartesian)
Evaluating contribution to one-electron hamiltonian from nuclear
 Smallest overlap matrix eigenvalue = 1.35E-04
 Multipole matrices computed through 2nd order

  Scale SEOQF with 1.000000e-01/1.000000e-01/1.000000e-01

 Standard Electronic Orientation quadrupole field applied
 Nucleus-field energy     =    -0.0000000067 hartrees
 Guess from superposition of atomic densities
 Warning:  Energy on first SCF cycle will be non-variational
 Long-range K will be added via erf
 Coulomb attenuation parameter = 0.39 bohr**(-1)
 An unrestricted Kohn-Sham SCF calculation will be
 performed using Pulay DIIS extrapolation
 Exchange:  wPBE + LR-HF      Correlation:  PBE
 Using SG-1 standard quadrature grid
 SCF converges when DIIS error is below 1.0E-05
 Requested basis set is G3large
 There are 65 shells and 168 basis functions
 A cutoff of  1.0D-08 yielded   2044 shell pairs
 There are  13820 function pairs ( 17231 Cartesian)
 Warning!  Inaccurate integrated density:
   Number of electrons =    25
   Numerical integral  =    25.999985127030
   Relative error      =     3.9999405081 %
 ---------------------------------------
  Cycle       Energy         DIIS Error
 ---------------------------------------
    1    -331.2570910907      2.77E-02
    2    -330.5880762522      3.22E-03
    3    -330.6350942291      1.98E-03
    4    -330.6493234456      3.81E-04
    5    -330.6502101186      7.32E-05
    6    -330.6503176589      2.69E-05
    7    -330.6503444178      1.12E-05
    8    -330.6503570895      7.29E-06 Convergence criterion met
 ---------------------------------------
 One-Electron    Energy =  -574.6576209806
 Total Coulomb   Energy =   208.9894888038
 Alpha Exchange  Energy =    -2.5669532037
 Beta  Exchange  Energy =    -2.3574609645
 DFT   Exchange  Energy =   -22.3529510426
 DFT Correlation Energy =    -0.8450772256
 Nuclear Repu.   Energy =    63.1402175238
 Nuclear Attr.   Energy =  -904.7163511542
 Kinetic         Energy =   330.0587301735
 <S^2> = 0.7669
 SCF time:  CPU 83.50 s  wall 84.81 s
 Final Alpha MO Eigenvalues
            1           2           3           4           5           6
    1 -65.8879605 -10.2995964  -5.5495340  -3.9584604  -3.9490867  -3.9475564
            7           8           9          10          11          12
    1  -1.0736875  -0.9562636  -0.8098416  -0.7558897  -0.7354322  -0.7042983
           13          14          15          16          17          18
    1  -0.6750305  -0.1259303  -0.1080800  -0.1060452  -0.1002923  -0.0709338
 Final Beta MO Eigenvalues
            1           2           3           4           5           6
    1 -65.8872123 -10.2990762  -5.5486650  -3.9549955  -3.9490538  -3.9473011
            7           8           9          10          11          12
    1  -1.0659395  -0.8965828  -0.7484234  -0.7335722  -0.6807259  -0.6711411
           13          14          15          16          17
    1  -0.4434878  -0.1202828  -0.0993564  -0.0950562  -0.0835572
 Analysis of SCF Wavefunction
 
 --------------------------------------------------------------
                    Orbital Energies (a.u.)
 --------------------------------------------------------------
 
 Alpha MOs
 -- Occupied --
-65.888 -10.300  -5.550  -3.958  -3.949  -3.948  -1.074  -0.956
 -0.810  -0.756  -0.735  -0.704  -0.675
 -- Virtual --
 -0.126  -0.108  -0.106  -0.100  -0.071  -0.064  -0.061  -0.036
 -0.028  -0.026  -0.020  -0.012   0.011   0.017   0.018   0.024
  0.048   0.056   0.060   0.062   0.106   0.109   0.154   0.171
  0.175   0.193   0.223   0.227   0.275   0.304   0.308   0.312
  0.319   0.359   0.372   0.392   0.411   0.422   0.447   0.488
  0.490   0.548   0.558   0.568   0.575   0.597   0.603   0.653
  0.674   0.686   0.723   0.742   0.772   0.854   0.862   0.892
  0.916   0.944   1.005   1.009   1.031   1.056   1.110   1.156
  1.168   1.172   1.175   1.196   1.206   1.280   1.291   1.336
  1.355   1.368   1.389   1.411   1.444   1.519   1.931   1.989
  1.998   2.016   2.056   2.063   2.169   2.388   2.395   2.491
  2.586   2.666   2.831   2.851   2.922   2.975   2.986   3.105
  3.111   3.198   3.202   3.228   3.413   3.414   3.502   3.506
  3.562   3.580   3.627   3.755   3.773   3.778   3.814   3.826
  3.883   3.908   3.971   3.984   4.058   4.109   4.113   4.239
  4.250   4.260   4.312   4.322   4.438   4.484   4.933   5.546
  5.554   6.045  11.170  11.182  11.521  17.300  17.384  17.484
 17.565  17.620  21.913  21.929  21.935  21.941  21.945  21.946
 21.972  23.920  27.620  27.877  27.879  40.749  40.764  40.985
 41.027  41.072 140.837
 
 Beta MOs
 -- Occupied --
-65.887 -10.299  -5.549  -3.955  -3.949  -3.947  -1.066  -0.897
 -0.748  -0.734  -0.681  -0.671
 -- Virtual --
 -0.443  -0.120  -0.099  -0.095  -0.084  -0.067  -0.063  -0.058
 -0.027  -0.025  -0.022  -0.018  -0.010   0.013   0.020   0.024
  0.038   0.049   0.061   0.062   0.063   0.110   0.113   0.170
  0.173   0.177   0.195   0.227   0.230   0.292   0.315   0.317
  0.320   0.322   0.373   0.376   0.396   0.425   0.427   0.451
  0.491   0.492   0.552   0.567   0.570   0.580   0.608   0.610
  0.679   0.688   0.690   0.726   0.751   0.783   0.864   0.867
  0.913   0.922   0.961   1.009   1.012   1.053   1.067   1.124
  1.166   1.176   1.180   1.191   1.203   1.207   1.289   1.293
  1.354   1.362   1.370   1.403   1.417   1.445   1.522   1.949
  1.997   2.012   2.016   2.069   2.072   2.183   2.395   2.397
  2.501   2.666   2.692   2.834   2.854   2.960   2.982   2.986
  3.110   3.113   3.202   3.204   3.231   3.416   3.417   3.508
  3.510   3.563   3.622   3.639   3.780   3.803   3.803   3.890
  3.902   3.920   3.956   3.989   3.995   4.093   4.118   4.120
  4.252   4.259   4.264   4.327   4.339   4.477   4.496   4.938
  5.553   5.556   6.052  11.177  11.183  11.521  17.302  17.386
 17.485  17.566  17.621  21.914  21.930  21.936  21.941  21.946
 21.946  21.973  23.921  27.620  27.879  27.879  40.749  40.766
 40.986  41.027  41.073 140.838
 --------------------------------------------------------------
 
          Ground-State Mulliken Net Atomic Charges

     Atom                 Charge (a.u.)    Spin (a.u.)
  --------------------------------------------------------
      1 C                    -0.196875       0.027477
      2 Si                    0.393084       0.118186
      3 H                     0.151951       0.018460
      4 H                     0.161292       0.040877
      5 H                     0.144946       0.002736
      6 H                     0.107701       0.256926
      7 H                     0.052225       0.025514
      8 H                     0.185675       0.509824
  --------------------------------------------------------
  Sum of atomic charges =     1.000000
  Sum of spin   charges =     1.000000

 -----------------------------------------------------------------
                    Cartesian Multipole Moments
 -----------------------------------------------------------------
    Charge (ESU x 10^10)
                 4.8032
    Dipole Moment (Debye)
         X       0.0459      Y       1.1400      Z       7.7209
       Tot       7.8048
    Quadrupole Moments (Debye-Ang)
        XX     -16.2028     XY       1.7229     YY     -16.0811
        XZ       0.1722     YZ       3.2261     ZZ      -1.0414
    Octapole Moments (Debye-Ang^2)
       XXX      -0.6835    XXY       0.8199    XYY       0.8262
       YYY       2.4671    XXZ     -18.6851    XYZ       3.7481
       YYZ     -18.4140    XZZ       0.4242    YZZ       7.7878
       ZZZ     -31.6379
    Hexadecapole Moments (Debye-Ang^3)
      XXXX     -35.5407   XXXY       2.3036   XXYY     -11.7625
      XYYY       2.7554   YYYY     -35.2086   XXXZ      -4.9908
      XXYZ       2.1728   XYYZ       5.4238   YYYZ       6.5341
      XXZZ     -45.8100   XYZZ       9.3463   YYZZ     -45.1016
      XZZZ       1.1707   YZZZ      20.4123   ZZZZ    -230.7994
 -----------------------------------------------------------------
 Total job time:  85.05s(wall), 83.68s(cpu) 
 Wed Mar 26 11:08:48 2014

        *************************************************************
        *                                                           *
        *  Thank you very much for using Q-Chem.  Have a nice day.  *
        *                                                           *
        *************************************************************


0 sent ACK to 0 
now end server 0 ... 
