Process 0 of 1 is on cl122 - thread support 1
initial socket setup ...start
initial socket setup ...done 
now start server 0 ... 

cmd = /usr/bin/ssh clhead /usr/local/qchem/bin/get_hostid 582989397 > /tmp/1601967.1.medium.q/qchem1209/lic.dat

cmd = /usr/bin/ssh clhead /usr/local/qchem/bin/get_hostid 582989397 > /tmp/1601967.1.medium.q/qchem1209/lic.dat

cmd = /usr/bin/ssh clhead /usr/local/qchem/bin/get_hostid 582989397 > /tmp/1601967.1.medium.q/qchem1209/lic.dat

cmd = /usr/bin/ssh clhead /usr/local/qchem/bin/get_hostid 582989397 > /tmp/1601967.1.medium.q/qchem1209/lic.dat

cmd = /usr/bin/ssh clhead /usr/local/qchem/bin/get_hostid 582989397 > /tmp/1601967.1.medium.q/qchem1209/lic.dat
                  Welcome to Q-Chem
     A Quantum Leap Into The Future Of Chemistry

 Y. Shao, L. Fusti-Molnar, Y. Jung, J. Kussmann, C. Ochsenfeld,
 S. T. Brown, A. T. B. Gilbert, L. V. Slipchenko,S. V. Levchenko,
 D. P. O'Neill, R. A. DiStasio Jr., R. C. Lochan, T. Wang,
 G. J. O. Beran, N. A. Besley, J. M. Herbert, C. Y. Lin,
 T. Van Voorhis, S. H. Chien, A. Sodt, R. P. Steele, 
 V. A. Rassolov, P. E. Maslen, P. P. Korambath, R. D. Adamson,
 B. Austin, J. Baker, E. F. C. Byrd, H. Dachsel, R. J. Doerksen,
 A. Dreuw, B. D. Dunietz, A. D. Dutoi, T. R. Furlani,
 S. R. Gwaltney, A. Heyden, S. Hirata, C.-P. Hsu, G. Kedziora,
 R. Z. Khaliullin, P. Klunzinger, A. M. Lee, M. S. Lee, W. Liang,
 I. Lotan, N. Nair, B. Peters, E. I. Proynov, P. A. Pieniazek, 
 Y. M. Rhee, J. Ritchie, E. Rosta, C. D. Sherrill, 
 A. C. Simmonett, J. E. Subotnik, H. L. Woodcock III,
 W. Zhang, A. T. Bell, A. K. Chakraborty, D. M. Chipman,
 F. J. Keil, A. Warshel, W. J. Hehre, H. F. Schaefer III,
 J. Kong, A. I. Krylov, P. M. W. Gill, M. Head-Gordon,
 Q-Chem, Version 3.1, Q-Chem, Inc., Pittsburgh, PA (2007).

 Additional authors for Version 3.1: 
 Z. Gan, Y. Zhao, N. E. Schultz, D. Truhlar, E. Epifanovsky and M. Oana.

 Additional authors for Version 3.2: 
 R. Baer, B. R. Brooks, D. Casanova, J.-D. Chai, C.-L. Cheng, 
 C. Cramer, D. Crittenden, A. Ghysels, G. Hawkins, E. G. Hohenstein, 
 C. Kelley, W. Kurlancheek, D. Liotard, E. Livshits, P. Manohar, 
 A. Marenich, D. Neuhauser, R. Olson, M. A. Rohrdanz, K. S. Thanthiriwatte, 
 A. J. W. Thom, V. Vanovschi, C. F. Williams, Q. Wu and Z.-Q. You. 


 Intel X86 Linux Version

 Q-chem begins on Thu Mar 20 03:04:34 2014  

 Parallel job on  1  processors
Processing $rem in /usr/local/qchem/config/preferences.

theFileMan(): MAXOPENFILES=974 MAX_SUB_FILE_NUM=16
Maximum size of a physical file is 2.0 GB, maximum size of a tmp-file is 32.0 GB


--------------------------------------------------------------
User input:
--------------------------------------------------------------

$molecule
-1,2
C         -0.00006        0.00015        0.99980
C          1.26532        0.76004        0.98857
C          1.26516       -0.76001        0.98799
C         -1.27231       -0.00021        0.25137
C         -1.25820        0.00027        1.77153
H          1.57504        1.26150        1.90176
H          1.55860        1.26345        0.07108
H          1.57486       -1.26190        1.90095
H          1.55826       -1.26313        0.07027
H         -1.57794       -0.91602       -0.24774
H         -1.57802        0.91521       -0.24839
H         -1.55535       -0.91513        2.27650
H         -1.55537        0.91578        2.27629
$end

$comment
negative
$end

$xc_functional
C PBE   1.00
X wPBE  1.00
$end

$rem
SYMMETRY_DECOMPOSITION	0
exchange 		general
LRC_DFT                 true
BASIS                   g3large
omega			290
mem_static              760
max_scf_cycles          200
scf_final_print         1
sym_ignore              true
$end

--------------------------------------------------------------
 Writing REM_CC_EA           13
 ----------------------------------------------------
       Standard Nuclear Orientation (Angstroms)
    I     Atom         X            Y            Z
 ----------------------------------------------------
    1      C      -0.000060     0.000150     0.999800
    2      C       1.265320     0.760040     0.988570
    3      C       1.265160    -0.760010     0.987990
    4      C      -1.272310    -0.000210     0.251370
    5      C      -1.258200     0.000270     1.771530
    6      H       1.575040     1.261500     1.901760
    7      H       1.558600     1.263450     0.071080
    8      H       1.574860    -1.261900     1.900950
    9      H       1.558260    -1.263130     0.070270
   10      H      -1.577940    -0.916020    -0.247740
   11      H      -1.578020     0.915210    -0.248390
   12      H      -1.555350    -0.915130     2.276500
   13      H      -1.555370     0.915780     2.276290
 ----------------------------------------------------
 Nuclear Repulsion Energy =   170.9200549349 hartrees
 There are       20 alpha and       19 beta electrons
 Requested basis set is G3large
 There are 98 shells and 290 basis functions

Total QAlloc Memory Limit   2000 MB
Mega-Array Size       743 MB
MEM_STATIC part       760 MB

                       Distance Matrix (Angstroms)
             C (  1)   C (  2)   C (  3)   C (  4)   C (  5)   H (  6)
   C (  2)  1.476057
   C (  3)  1.476064  1.520050
   C (  4)  1.476065  2.749729  2.749302
   C (  5)  1.475969  2.749260  2.749419  1.520226
   H (  6)  2.210311  1.086878  2.239979  3.524642  3.104015
   H (  7)  2.210852  1.086841  2.240808  3.105381  3.524417  1.830755
   H (  8)  2.210252  2.239753  1.086878  3.524110  3.104199  2.523400
   H (  9)  2.210942  2.241050  1.086852  3.104817  3.524615  3.119037
   H ( 10)  2.210301  3.524453  3.103963  1.086843  2.240373  4.393544
   H ( 11)  2.210265  3.104630  3.524013  1.086836  2.240419  3.832082
   H ( 12)  2.210572  3.524363  3.104770  2.240166  1.086853  3.831121
   H ( 13)  2.210609  3.104637  3.524681  2.240416  1.086854  3.171634
             H (  7)   H (  8)   H (  9)   H ( 10)   H ( 11)   H ( 12)
   H (  8)  3.118667
   H (  9)  2.526580  1.830756
   H ( 10)  3.832704  3.831012  3.171335
   H ( 11)  3.172021  4.393190  3.831835  1.831230
   H ( 12)  4.393947  3.171672  3.831856  2.524341  3.118610
   H ( 13)  3.831532  3.831646  4.394185  3.118770  2.524782  1.830910

 
 A cutoff of  1.0D-08 yielded   4435 shell pairs
 There are  39245 function pairs ( 48051 Cartesian)
Evaluating contribution to one-electron hamiltonian from nuclear
 Smallest overlap matrix eigenvalue = 2.59E-05

 Q-Chem warning in module mkSTV.C, line 194:

 Overlap eigenvalue is smaller than square root of threshold

 Multipole matrices computed through 2nd order

  Scale SEOQF with 1.000000e-01/1.000000e-01/1.000000e-01

 Standard Electronic Orientation quadrupole field applied
 Nucleus-field energy     =    -0.0000000026 hartrees
 Guess from superposition of atomic densities
 Warning:  Energy on first SCF cycle will be non-variational
 Long-range K will be added via erf
 Coulomb attenuation parameter = 0.29 bohr**(-1)
 An unrestricted Kohn-Sham SCF calculation will be
 performed using Pulay DIIS extrapolation
 Exchange:  wPBE + LR-HF      Correlation:  PBE
 Using SG-1 standard quadrature grid
 SCF converges when DIIS error is below 1.0E-05
 Requested basis set is G3large
 There are 98 shells and 290 basis functions
 A cutoff of  1.0D-08 yielded   4435 shell pairs
 There are  39245 function pairs ( 48051 Cartesian)
 Warning!  Inaccurate integrated density:
   Number of electrons =    39
   Numerical integral  =    37.999764099938
   Relative error      =    -2.5647074361 %
 ---------------------------------------
  Cycle       Energy         DIIS Error
 ---------------------------------------
    1    -196.9576092691      2.89E-02
    2    -194.9288276550      3.32E-03
    3    -195.0049405804      3.25E-03
    4    -195.1184564941      3.60E-04
    5    -195.1238117780      2.14E-04
    6    -195.1256963586      6.62E-05
    7    -195.1264062074      3.00E-05
    8    -195.1267141580      2.00E-05
    9    -195.1269188380      1.63E-05
   10    -195.1271088198      1.18E-05
   11    -195.1272503885      8.59E-06 Convergence criterion met
 ---------------------------------------
 One-Electron    Energy =  -604.2538324816
 Total Coulomb   Energy =   268.2864440042
 Alpha Exchange  Energy =    -2.9274163104
 Beta  Exchange  Energy =    -2.8687135579
 DFT   Exchange  Energy =   -23.0313502779
 DFT Correlation Energy =    -1.2524366973
 Nuclear Repu.   Energy =   170.9200549324
 Nuclear Attr.   Energy =  -798.5268562472
 Kinetic         Energy =   194.2730237657
 <S^2> = 0.7501
 SCF time:  CPU 502.28 s  wall 505.61 s
 Final Alpha MO Eigenvalues
            1           2           3           4           5           6
    1  -9.9332042  -9.9247409  -9.9175918  -9.9173952  -9.9168088  -0.8549688
            7           8           9          10          11          12
    1  -0.7721822  -0.5782414  -0.5743661  -0.5147535  -0.4575298  -0.4472986
           13          14          15          16          17          18
    1  -0.4432149  -0.3377326  -0.3238591  -0.3221116  -0.2553774  -0.2540932
           19          20          21          22          23          24
    1  -0.2435515   0.0329031   0.1280435   0.1282633   0.1295908   0.1578807
           25
    1   0.1579886
 Final Beta MO Eigenvalues
            1           2           3           4           5           6
    1  -9.9332121  -9.9246525  -9.9173232  -9.9171655  -9.9165587  -0.8548703
            7           8           9          10          11          12
    1  -0.7720011  -0.5776167  -0.5735747  -0.5139967  -0.4569310  -0.4470144
           13          14          15          16          17          18
    1  -0.4426505  -0.3373848  -0.3233030  -0.3217571  -0.2550951  -0.2538474
           19          20          21          22          23          24
    1  -0.2430306   0.1256531   0.1389898   0.1408019   0.1444959   0.1594956
 Analysis of SCF Wavefunction
 
 --------------------------------------------------------------
                    Orbital Energies (a.u.)
 --------------------------------------------------------------
 
 Alpha MOs
 -- Occupied --
 -9.933  -9.925  -9.918  -9.917  -9.917  -0.855  -0.772  -0.578
 -0.574  -0.515  -0.458  -0.447  -0.443  -0.338  -0.324  -0.322
 -0.255  -0.254  -0.244   0.033
 -- Virtual --
  0.128   0.128   0.130   0.158   0.158   0.163   0.180   0.190
  0.218   0.244   0.247   0.254   0.262   0.264   0.265   0.280
  0.283   0.288   0.298   0.309   0.310   0.321   0.333   0.335
  0.339   0.340   0.352   0.353   0.368   0.410   0.413   0.416
  0.445   0.461   0.466   0.476   0.498   0.529   0.530   0.541
  0.547   0.603   0.651   0.667   0.669   0.674   0.696   0.700
  0.731   0.752   0.754   0.773   0.782   0.789   0.800   0.802
  0.817   0.817   0.834   0.844   0.853   0.856   0.861   0.877
  0.909   0.962   1.004   1.004   1.010   1.028   1.056   1.084
  1.109   1.117   1.118   1.187   1.239   1.241   1.265   1.293
  1.312   1.313   1.321   1.338   1.341   1.377   1.387   1.388
  1.444   1.447   1.502   1.507   1.510   1.532   1.554   1.557
  1.578   1.582   1.605   1.612   1.616   1.653   1.655   1.673
  1.678   1.701   1.750   1.764   1.767   1.781   1.791   1.795
  1.798   1.856   1.962   1.995   1.997   2.024   2.661   2.664
  2.743   2.784   2.812   2.814   2.834   2.845   2.877   2.878
  2.885   2.934   2.972   2.973   3.019   3.074   3.088   3.089
  3.095   3.124   3.180   3.181   3.199   3.204   3.254   3.256
  3.273   3.274   3.285   3.318   3.323   3.363   3.387   3.418
  3.419   3.439   3.469   3.534   3.535   3.544   3.576   3.578
  3.630   3.631   3.641   3.658   3.689   3.690   3.736   3.736
  3.751   3.790   3.790   3.805   3.879   3.975   4.004   4.054
  4.071   4.072   4.129   4.130   4.157   4.244   4.291   4.293
  4.295   4.299   4.329   4.332   4.421   4.446   4.452   4.455
  4.534   4.537   4.541   4.549   4.551   4.592   4.593   4.683
  4.684   4.712   4.716   4.720   4.753   4.793   4.896   4.915
  5.088   5.091   5.159   5.161   5.281   5.447   5.575   5.634
  5.637   5.678   5.785   5.791   5.795   5.828   5.937   5.940
  5.970  24.218  24.240  24.491  24.495  24.565  27.594  27.654
 27.706  27.708  28.092  28.183  28.210  28.212  28.229  28.254
 28.254  28.267  28.654  28.658  29.094  40.973  40.990  41.011
 41.073  41.081  41.084  41.086  41.124  41.127  41.130  41.246
 41.252  41.252  41.258  41.260  41.271  41.293  41.306  41.353
 41.358  41.364  41.367  41.387  41.457  41.458
 
 Beta MOs
 -- Occupied --
 -9.933  -9.925  -9.917  -9.917  -9.917  -0.855  -0.772  -0.578
 -0.574  -0.514  -0.457  -0.447  -0.443  -0.337  -0.323  -0.322
 -0.255  -0.254  -0.243
 -- Virtual --
  0.126   0.139   0.141   0.144   0.159   0.164   0.168   0.182
  0.188   0.217   0.241   0.242   0.248   0.257   0.260   0.260
  0.280   0.280   0.287   0.296   0.308   0.308   0.318   0.329
  0.331   0.333   0.334   0.348   0.350   0.366   0.408   0.413
  0.415   0.443   0.459   0.465   0.471   0.496   0.526   0.527
  0.538   0.546   0.602   0.650   0.665   0.667   0.672   0.695
  0.698   0.729   0.751   0.753   0.772   0.781   0.787   0.799
  0.801   0.816   0.816   0.832   0.843   0.851   0.854   0.859
  0.877   0.908   0.961   1.004   1.005   1.011   1.029   1.056
  1.084   1.110   1.117   1.118   1.187   1.239   1.241   1.266
  1.292   1.313   1.314   1.321   1.338   1.341   1.377   1.387
  1.388   1.444   1.447   1.502   1.507   1.510   1.532   1.554
  1.557   1.578   1.581   1.605   1.612   1.616   1.653   1.655
  1.673   1.678   1.701   1.750   1.765   1.767   1.781   1.791
  1.796   1.798   1.857   1.962   1.996   1.997   2.025   2.661
  2.664   2.743   2.783   2.812   2.814   2.834   2.845   2.877
  2.878   2.885   2.934   2.972   2.973   3.019   3.074   3.088
  3.090   3.095   3.124   3.180   3.181   3.199   3.204   3.255
  3.256   3.273   3.274   3.285   3.319   3.323   3.363   3.387
  3.419   3.419   3.440   3.469   3.535   3.535   3.545   3.576
  3.578   3.631   3.632   3.641   3.659   3.689   3.690   3.736
  3.736   3.751   3.790   3.790   3.805   3.879   3.975   4.004
  4.054   4.071   4.072   4.129   4.131   4.157   4.244   4.291
  4.293   4.296   4.299   4.329   4.333   4.421   4.446   4.452
  4.455   4.534   4.538   4.541   4.549   4.552   4.592   4.594
  4.683   4.684   4.712   4.716   4.720   4.753   4.793   4.897
  4.915   5.089   5.091   5.160   5.162   5.281   5.448   5.575
  5.634   5.637   5.678   5.785   5.792   5.796   5.829   5.937
  5.940   5.970  24.218  24.240  24.492  24.496  24.565  27.594
 27.654  27.707  27.708  28.092  28.183  28.211  28.212  28.229
 28.254  28.254  28.268  28.655  28.659  29.095  40.973  40.990
 41.011  41.073  41.081  41.084  41.086  41.124  41.127  41.131
 41.246  41.252  41.252  41.258  41.260  41.271  41.293  41.306
 41.353  41.358  41.364  41.367  41.387  41.457  41.458
 --------------------------------------------------------------
 
          Ground-State Mulliken Net Atomic Charges

     Atom                 Charge (a.u.)    Spin (a.u.)
  --------------------------------------------------------
      1 C                    -3.639701       4.223263
      2 C                     3.121426      -3.478313
      3 C                    -0.278864      -0.023471
      4 C                     1.632417      -1.957885
      5 C                     1.351959      -1.676461
      6 H                    -0.569618       0.672181
      7 H                    -0.619740       0.724515
      8 H                    -0.034982       0.107738
      9 H                    -0.051021       0.125741
     10 H                    -0.135196       0.209366
     11 H                    -0.874188       0.987601
     12 H                    -0.109548       0.181543
     13 H                    -0.792945       0.904183
  --------------------------------------------------------
  Sum of atomic charges =    -1.000000
  Sum of spin   charges =     1.000000

 -----------------------------------------------------------------
                    Cartesian Multipole Moments
 -----------------------------------------------------------------
    Charge (ESU x 10^10)
                -4.8032
    Dipole Moment (Debye)
         X       2.0171      Y      -7.0515      Z      -4.3489
       Tot       8.5268
    Quadrupole Moments (Debye-Ang)
        XX     -73.1434     XY       1.9047     YY     -65.9015
        XZ       1.8567     YZ      -6.5299     ZZ     -64.6128
    Octapole Moments (Debye-Ang^2)
       XXX      30.7792    XXY     -43.4305    XYY      13.0676
       YYY     -96.1659    XXZ     -70.2745    XYZ       1.7603
       YYZ     -63.2885    XZZ      11.4278    YZZ     -44.5158
       ZZZ    -179.4015
    Hexadecapole Moments (Debye-Ang^3)
      XXXX   -1048.9588   XXXY      10.0770   XXYY    -290.4231
      XYYY      16.8027   YYYY    -608.3178   XXXZ      28.7936
      XXYZ     -40.7422   XYYZ      12.5856   YYYZ     -90.6089
      XXZZ    -334.7736   XYZZ      10.2098   YYZZ    -262.1005
      XZZZ      29.8643   YZZZ    -115.4543   ZZZZ    -856.6764
 -----------------------------------------------------------------
 Total job time:  506.08s(wall), 502.69s(cpu) 
 Thu Mar 20 03:13:00 2014

        *************************************************************
        *                                                           *
        *  Thank you very much for using Q-Chem.  Have a nice day.  *
        *                                                           *
        *************************************************************


0 sent ACK to 0 
now end server 0 ... 
 
**********************************************************************
Job 2 of 3 
**********************************************************************
 
Process 0 of 1 is on cl122 - thread support 1
initial socket setup ...start
initial socket setup ...done 
now start server 0 ... 

cmd = /usr/bin/ssh clhead /usr/local/qchem/bin/get_hostid 889084327 > /tmp/1601967.1.medium.q/qchem1209/lic.dat

cmd = /usr/bin/ssh clhead /usr/local/qchem/bin/get_hostid 889084327 > /tmp/1601967.1.medium.q/qchem1209/lic.dat

cmd = /usr/bin/ssh clhead /usr/local/qchem/bin/get_hostid 889084327 > /tmp/1601967.1.medium.q/qchem1209/lic.dat

cmd = /usr/bin/ssh clhead /usr/local/qchem/bin/get_hostid 889084327 > /tmp/1601967.1.medium.q/qchem1209/lic.dat

cmd = /usr/bin/ssh clhead /usr/local/qchem/bin/get_hostid 889084327 > /tmp/1601967.1.medium.q/qchem1209/lic.dat
                  Welcome to Q-Chem
     A Quantum Leap Into The Future Of Chemistry

 Y. Shao, L. Fusti-Molnar, Y. Jung, J. Kussmann, C. Ochsenfeld,
 S. T. Brown, A. T. B. Gilbert, L. V. Slipchenko,S. V. Levchenko,
 D. P. O'Neill, R. A. DiStasio Jr., R. C. Lochan, T. Wang,
 G. J. O. Beran, N. A. Besley, J. M. Herbert, C. Y. Lin,
 T. Van Voorhis, S. H. Chien, A. Sodt, R. P. Steele, 
 V. A. Rassolov, P. E. Maslen, P. P. Korambath, R. D. Adamson,
 B. Austin, J. Baker, E. F. C. Byrd, H. Dachsel, R. J. Doerksen,
 A. Dreuw, B. D. Dunietz, A. D. Dutoi, T. R. Furlani,
 S. R. Gwaltney, A. Heyden, S. Hirata, C.-P. Hsu, G. Kedziora,
 R. Z. Khaliullin, P. Klunzinger, A. M. Lee, M. S. Lee, W. Liang,
 I. Lotan, N. Nair, B. Peters, E. I. Proynov, P. A. Pieniazek, 
 Y. M. Rhee, J. Ritchie, E. Rosta, C. D. Sherrill, 
 A. C. Simmonett, J. E. Subotnik, H. L. Woodcock III,
 W. Zhang, A. T. Bell, A. K. Chakraborty, D. M. Chipman,
 F. J. Keil, A. Warshel, W. J. Hehre, H. F. Schaefer III,
 J. Kong, A. I. Krylov, P. M. W. Gill, M. Head-Gordon,
 Q-Chem, Version 3.1, Q-Chem, Inc., Pittsburgh, PA (2007).

 Additional authors for Version 3.1: 
 Z. Gan, Y. Zhao, N. E. Schultz, D. Truhlar, E. Epifanovsky and M. Oana.

 Additional authors for Version 3.2: 
 R. Baer, B. R. Brooks, D. Casanova, J.-D. Chai, C.-L. Cheng, 
 C. Cramer, D. Crittenden, A. Ghysels, G. Hawkins, E. G. Hohenstein, 
 C. Kelley, W. Kurlancheek, D. Liotard, E. Livshits, P. Manohar, 
 A. Marenich, D. Neuhauser, R. Olson, M. A. Rohrdanz, K. S. Thanthiriwatte, 
 A. J. W. Thom, V. Vanovschi, C. F. Williams, Q. Wu and Z.-Q. You. 


 Intel X86 Linux Version

 Q-chem begins on Thu Mar 20 03:13:05 2014  

 Parallel job on  1  processors
Processing $rem in /usr/local/qchem/config/preferences.

theFileMan(): MAXOPENFILES=974 MAX_SUB_FILE_NUM=16
Maximum size of a physical file is 2.0 GB, maximum size of a tmp-file is 32.0 GB


--------------------------------------------------------------
User input:
--------------------------------------------------------------

$molecule
0,1
C         -0.00006        0.00015        0.99980
C          1.26532        0.76004        0.98857
C          1.26516       -0.76001        0.98799
C         -1.27231       -0.00021        0.25137
C         -1.25820        0.00027        1.77153
H          1.57504        1.26150        1.90176
H          1.55860        1.26345        0.07108
H          1.57486       -1.26190        1.90095
H          1.55826       -1.26313        0.07027
H         -1.57794       -0.91602       -0.24774
H         -1.57802        0.91521       -0.24839
H         -1.55535       -0.91513        2.27650
H         -1.55537        0.91578        2.27629
$end

$comment
neutral
$end

$xc_functional
C PBE   1.00
X wPBE  1.00
$end


$rem
SYMMETRY_DECOMPOSITION	0
LRC_DFT                 true
exchange 		general
BASIS                   g3large
omega			290
mem_static              760
max_scf_cycles          200
scf_final_print         1
sym_ignore              true
$end

--------------------------------------------------------------
 Writing REM_CC_EA           13
 ----------------------------------------------------
       Standard Nuclear Orientation (Angstroms)
    I     Atom         X            Y            Z
 ----------------------------------------------------
    1      C      -0.000060     0.000150     0.999800
    2      C       1.265320     0.760040     0.988570
    3      C       1.265160    -0.760010     0.987990
    4      C      -1.272310    -0.000210     0.251370
    5      C      -1.258200     0.000270     1.771530
    6      H       1.575040     1.261500     1.901760
    7      H       1.558600     1.263450     0.071080
    8      H       1.574860    -1.261900     1.900950
    9      H       1.558260    -1.263130     0.070270
   10      H      -1.577940    -0.916020    -0.247740
   11      H      -1.578020     0.915210    -0.248390
   12      H      -1.555350    -0.915130     2.276500
   13      H      -1.555370     0.915780     2.276290
 ----------------------------------------------------
 Nuclear Repulsion Energy =   170.9200549349 hartrees
 There are       19 alpha and       19 beta electrons
 Requested basis set is G3large
 There are 98 shells and 290 basis functions

Total QAlloc Memory Limit   2000 MB
Mega-Array Size       743 MB
MEM_STATIC part       760 MB

                       Distance Matrix (Angstroms)
             C (  1)   C (  2)   C (  3)   C (  4)   C (  5)   H (  6)
   C (  2)  1.476057
   C (  3)  1.476064  1.520050
   C (  4)  1.476065  2.749729  2.749302
   C (  5)  1.475969  2.749260  2.749419  1.520226
   H (  6)  2.210311  1.086878  2.239979  3.524642  3.104015
   H (  7)  2.210852  1.086841  2.240808  3.105381  3.524417  1.830755
   H (  8)  2.210252  2.239753  1.086878  3.524110  3.104199  2.523400
   H (  9)  2.210942  2.241050  1.086852  3.104817  3.524615  3.119037
   H ( 10)  2.210301  3.524453  3.103963  1.086843  2.240373  4.393544
   H ( 11)  2.210265  3.104630  3.524013  1.086836  2.240419  3.832082
   H ( 12)  2.210572  3.524363  3.104770  2.240166  1.086853  3.831121
   H ( 13)  2.210609  3.104637  3.524681  2.240416  1.086854  3.171634
             H (  7)   H (  8)   H (  9)   H ( 10)   H ( 11)   H ( 12)
   H (  8)  3.118667
   H (  9)  2.526580  1.830756
   H ( 10)  3.832704  3.831012  3.171335
   H ( 11)  3.172021  4.393190  3.831835  1.831230
   H ( 12)  4.393947  3.171672  3.831856  2.524341  3.118610
   H ( 13)  3.831532  3.831646  4.394185  3.118770  2.524782  1.830910

 
 A cutoff of  1.0D-08 yielded   4435 shell pairs
 There are  39245 function pairs ( 48051 Cartesian)
Evaluating contribution to one-electron hamiltonian from nuclear
 Smallest overlap matrix eigenvalue = 2.59E-05

 Q-Chem warning in module mkSTV.C, line 194:

 Overlap eigenvalue is smaller than square root of threshold

 Multipole matrices computed through 2nd order

  Scale SEOQF with 1.000000e-01/1.000000e-01/1.000000e-01

 Standard Electronic Orientation quadrupole field applied
 Nucleus-field energy     =    -0.0000000026 hartrees
 Guess from superposition of atomic densities
 Warning:  Energy on first SCF cycle will be non-variational
 Long-range K will be added via erf
 Coulomb attenuation parameter = 0.29 bohr**(-1)
 A restricted Kohn-Sham SCF calculation will be
 performed using Pulay DIIS extrapolation
 Exchange:  wPBE + LR-HF      Correlation:  PBE
 Using SG-1 standard quadrature grid
 SCF converges when DIIS error is below 1.0E-05
 Requested basis set is G3large
 There are 98 shells and 290 basis functions
 A cutoff of  1.0D-08 yielded   4435 shell pairs
 There are  39245 function pairs ( 48051 Cartesian)
 ---------------------------------------
  Cycle       Energy         DIIS Error
 ---------------------------------------
    1    -196.9576092691      2.89E-02
    2    -195.0752875362      2.72E-03
    3    -195.1192803604      2.12E-03
    4    -195.1631410756      2.50E-04
    5    -195.1638796165      1.26E-04
    6    -195.1640418707      2.85E-05
    7    -195.1640543356      7.17E-06 Convergence criterion met
 ---------------------------------------
 One-Electron    Energy =  -599.6575420791
 Total Coulomb   Energy =   263.5805153829
 Alpha Exchange  Energy =    -2.8696085101
 Beta  Exchange  Energy =    -2.8696085101
 DFT   Exchange  Energy =   -23.0224655048
 DFT Correlation Energy =    -1.2454000467
 Nuclear Repu.   Energy =   170.9200549324
 Nuclear Attr.   Energy =  -793.8626582802
 Kinetic         Energy =   194.2051162011
 SCF time:  CPU 238.72 s  wall 240.39 s
 Final Alpha MO Eigenvalues
            1           2           3           4           5           6
    1 -10.0550165 -10.0418623 -10.0416819 -10.0415746 -10.0413507  -0.9768424
            7           8           9          10          11          12
    1  -0.8939682  -0.6978530  -0.6978189  -0.6360232  -0.5785801  -0.5672130
           13          14          15          16          17          18
    1  -0.5671600  -0.4591827  -0.4453679  -0.4444167  -0.3765469  -0.3764369
           19          20          21          22          23          24
    1  -0.3651946   0.0408802   0.0525480   0.0525636   0.0570961   0.0758184
 Analysis of SCF Wavefunction
 
 --------------------------------------------------------------
                    Orbital Energies (a.u.)
 --------------------------------------------------------------
 
 Alpha MOs
 -- Occupied --
-10.055 -10.042 -10.042 -10.042 -10.041  -0.977  -0.894  -0.698
 -0.698  -0.636  -0.579  -0.567  -0.567  -0.459  -0.445  -0.444
 -0.377  -0.376  -0.365
 -- Virtual --
  0.041   0.053   0.053   0.057   0.076   0.076   0.081   0.097
  0.099   0.122   0.147   0.147   0.159   0.164   0.165   0.165
  0.182   0.183   0.183   0.195   0.205   0.205   0.217   0.232
  0.234   0.236   0.236   0.243   0.243   0.256   0.298   0.298
  0.301   0.330   0.349   0.349   0.367   0.383   0.417   0.417
  0.431   0.432   0.488   0.537   0.555   0.555   0.556   0.582
  0.582   0.615   0.637   0.637   0.658   0.667   0.672   0.683
  0.683   0.699   0.699   0.718   0.726   0.738   0.738   0.744
  0.757   0.792   0.841   0.884   0.884   0.890   0.906   0.935
  0.964   0.989   0.997   0.997   1.067   1.119   1.119   1.145
  1.172   1.192   1.192   1.200   1.220   1.220   1.257   1.268
  1.268   1.326   1.326   1.382   1.388   1.389   1.411   1.436
  1.436   1.459   1.463   1.486   1.491   1.497   1.535   1.535
  1.554   1.556   1.583   1.630   1.646   1.646   1.660   1.674
  1.674   1.677   1.735   1.842   1.875   1.875   1.903   2.541
  2.541   2.622   2.663   2.692   2.692   2.713   2.724   2.756
  2.756   2.764   2.812   2.851   2.851   2.897   2.952   2.967
  2.967   2.973   3.003   3.059   3.059   3.077   3.082   3.134
  3.134   3.152   3.152   3.163   3.197   3.201   3.241   3.266
  3.297   3.297   3.318   3.347   3.413   3.413   3.423   3.455
  3.456   3.509   3.509   3.519   3.536   3.567   3.568   3.615
  3.615   3.630   3.668   3.668   3.683   3.757   3.853   3.882
  3.932   3.950   3.950   4.008   4.008   4.035   4.123   4.171
  4.171   4.173   4.177   4.209   4.209   4.299   4.324   4.330
  4.333   4.412   4.418   4.418   4.428   4.428   4.471   4.471
  4.561   4.561   4.591   4.596   4.596   4.631   4.671   4.775
  4.793   4.968   4.968   5.039   5.039   5.159   5.326   5.453
  5.513   5.514   5.557   5.667   5.668   5.671   5.706   5.816
  5.817   5.848  24.096  24.117  24.371  24.371  24.443  27.471
 27.532  27.585  27.585  27.970  28.061  28.089  28.089  28.106
 28.131  28.131  28.145  28.534  28.534  28.973  40.851  40.868
 40.888  40.952  40.960  40.960  40.962  41.003  41.006  41.006
 41.124  41.130  41.130  41.136  41.136  41.148  41.170  41.184
 41.234  41.234  41.242  41.243  41.264  41.336  41.336
 --------------------------------------------------------------
 
          Ground-State Mulliken Net Atomic Charges

     Atom                 Charge (a.u.)
  ----------------------------------------
      1 C                     0.521640
      2 C                    -0.310718
      3 C                    -0.310572
      4 C                    -0.310586
      5 C                    -0.310741
      6 H                     0.090207
      7 H                     0.090143
      8 H                     0.090104
      9 H                     0.090130
     10 H                     0.090071
     11 H                     0.090114
     12 H                     0.090116
     13 H                     0.090092
  ----------------------------------------
  Sum of atomic charges =     0.000000

 -----------------------------------------------------------------
                    Cartesian Multipole Moments
 -----------------------------------------------------------------
    Charge (ESU x 10^10)
                 0.0000
    Dipole Moment (Debye)
         X       0.0002      Y      -0.0013      Z       0.0001
       Tot       0.0014
    Quadrupole Moments (Debye-Ang)
        XX     -32.9013     XY       0.0023     YY     -30.7782
        XZ       0.0192     YZ      -0.0001     ZZ     -30.7819
    Octapole Moments (Debye-Ang^2)
       XXX       0.0034    XXY       0.0008    XYY      -0.6539
       YYY      -0.0007    XXZ     -32.8816    XYZ       0.0027
       YYZ     -30.7769    XZZ       0.6930    YZZ       0.0031
       ZZZ     -92.3524
    Hexadecapole Moments (Debye-Ang^3)
      XXXX    -349.9963   XXXY       0.0146   XXYY     -67.6601
      XYYY       0.0079   YYYY    -115.5993   XXXZ       1.3329
      XXYZ      -0.0013   XYYZ      -0.3488   YYYZ      -0.0153
      XXZZ    -100.5388   XYZZ       0.0114   YYZZ     -63.8118
      XZZZ       2.8207   YZZZ      -0.0077   ZZZZ    -300.3404
 -----------------------------------------------------------------
 Total job time:  240.82s(wall), 239.10s(cpu) 
 Thu Mar 20 03:17:06 2014

        *************************************************************
        *                                                           *
        *  Thank you very much for using Q-Chem.  Have a nice day.  *
        *                                                           *
        *************************************************************


0 sent ACK to 0 
now end server 0 ... 
 
**********************************************************************
Job 3 of 3 
**********************************************************************
 
Process 0 of 1 is on cl122 - thread support 1
initial socket setup ...start
initial socket setup ...done 
now start server 0 ... 

cmd = /usr/bin/ssh clhead /usr/local/qchem/bin/get_hostid 1535565706 > /tmp/1601967.1.medium.q/qchem1209/lic.dat

cmd = /usr/bin/ssh clhead /usr/local/qchem/bin/get_hostid 1535565706 > /tmp/1601967.1.medium.q/qchem1209/lic.dat

cmd = /usr/bin/ssh clhead /usr/local/qchem/bin/get_hostid 1535565706 > /tmp/1601967.1.medium.q/qchem1209/lic.dat

cmd = /usr/bin/ssh clhead /usr/local/qchem/bin/get_hostid 1535565706 > /tmp/1601967.1.medium.q/qchem1209/lic.dat

cmd = /usr/bin/ssh clhead /usr/local/qchem/bin/get_hostid 1535565706 > /tmp/1601967.1.medium.q/qchem1209/lic.dat
                  Welcome to Q-Chem
     A Quantum Leap Into The Future Of Chemistry

 Y. Shao, L. Fusti-Molnar, Y. Jung, J. Kussmann, C. Ochsenfeld,
 S. T. Brown, A. T. B. Gilbert, L. V. Slipchenko,S. V. Levchenko,
 D. P. O'Neill, R. A. DiStasio Jr., R. C. Lochan, T. Wang,
 G. J. O. Beran, N. A. Besley, J. M. Herbert, C. Y. Lin,
 T. Van Voorhis, S. H. Chien, A. Sodt, R. P. Steele, 
 V. A. Rassolov, P. E. Maslen, P. P. Korambath, R. D. Adamson,
 B. Austin, J. Baker, E. F. C. Byrd, H. Dachsel, R. J. Doerksen,
 A. Dreuw, B. D. Dunietz, A. D. Dutoi, T. R. Furlani,
 S. R. Gwaltney, A. Heyden, S. Hirata, C.-P. Hsu, G. Kedziora,
 R. Z. Khaliullin, P. Klunzinger, A. M. Lee, M. S. Lee, W. Liang,
 I. Lotan, N. Nair, B. Peters, E. I. Proynov, P. A. Pieniazek, 
 Y. M. Rhee, J. Ritchie, E. Rosta, C. D. Sherrill, 
 A. C. Simmonett, J. E. Subotnik, H. L. Woodcock III,
 W. Zhang, A. T. Bell, A. K. Chakraborty, D. M. Chipman,
 F. J. Keil, A. Warshel, W. J. Hehre, H. F. Schaefer III,
 J. Kong, A. I. Krylov, P. M. W. Gill, M. Head-Gordon,
 Q-Chem, Version 3.1, Q-Chem, Inc., Pittsburgh, PA (2007).

 Additional authors for Version 3.1: 
 Z. Gan, Y. Zhao, N. E. Schultz, D. Truhlar, E. Epifanovsky and M. Oana.

 Additional authors for Version 3.2: 
 R. Baer, B. R. Brooks, D. Casanova, J.-D. Chai, C.-L. Cheng, 
 C. Cramer, D. Crittenden, A. Ghysels, G. Hawkins, E. G. Hohenstein, 
 C. Kelley, W. Kurlancheek, D. Liotard, E. Livshits, P. Manohar, 
 A. Marenich, D. Neuhauser, R. Olson, M. A. Rohrdanz, K. S. Thanthiriwatte, 
 A. J. W. Thom, V. Vanovschi, C. F. Williams, Q. Wu and Z.-Q. You. 


 Intel X86 Linux Version

 Q-chem begins on Thu Mar 20 03:17:15 2014  

 Parallel job on  1  processors
Processing $rem in /usr/local/qchem/config/preferences.

theFileMan(): MAXOPENFILES=974 MAX_SUB_FILE_NUM=16
Maximum size of a physical file is 2.0 GB, maximum size of a tmp-file is 32.0 GB


--------------------------------------------------------------
User input:
--------------------------------------------------------------

$molecule
1,2
C         -0.00006        0.00015        0.99980
C          1.26532        0.76004        0.98857
C          1.26516       -0.76001        0.98799
C         -1.27231       -0.00021        0.25137
C         -1.25820        0.00027        1.77153
H          1.57504        1.26150        1.90176
H          1.55860        1.26345        0.07108
H          1.57486       -1.26190        1.90095
H          1.55826       -1.26313        0.07027
H         -1.57794       -0.91602       -0.24774
H         -1.57802        0.91521       -0.24839
H         -1.55535       -0.91513        2.27650
H         -1.55537        0.91578        2.27629
$end

$comment
positive
$end

$xc_functional
C PBE   1.00
X wPBE  1.00
$end

$rem
SYMMETRY_DECOMPOSITION	0
LRC_DFT                 true
exchange 		general
BASIS                   g3large
omega			290
mem_static              760
max_scf_cycles          200
scf_final_print         1
sym_ignore              true
$end

--------------------------------------------------------------
 Writing REM_CC_EA           13
 ----------------------------------------------------
       Standard Nuclear Orientation (Angstroms)
    I     Atom         X            Y            Z
 ----------------------------------------------------
    1      C      -0.000060     0.000150     0.999800
    2      C       1.265320     0.760040     0.988570
    3      C       1.265160    -0.760010     0.987990
    4      C      -1.272310    -0.000210     0.251370
    5      C      -1.258200     0.000270     1.771530
    6      H       1.575040     1.261500     1.901760
    7      H       1.558600     1.263450     0.071080
    8      H       1.574860    -1.261900     1.900950
    9      H       1.558260    -1.263130     0.070270
   10      H      -1.577940    -0.916020    -0.247740
   11      H      -1.578020     0.915210    -0.248390
   12      H      -1.555350    -0.915130     2.276500
   13      H      -1.555370     0.915780     2.276290
 ----------------------------------------------------
 Nuclear Repulsion Energy =   170.9200549349 hartrees
 There are       19 alpha and       18 beta electrons
 Requested basis set is G3large
 There are 98 shells and 290 basis functions

Total QAlloc Memory Limit   2000 MB
Mega-Array Size       743 MB
MEM_STATIC part       760 MB

                       Distance Matrix (Angstroms)
             C (  1)   C (  2)   C (  3)   C (  4)   C (  5)   H (  6)
   C (  2)  1.476057
   C (  3)  1.476064  1.520050
   C (  4)  1.476065  2.749729  2.749302
   C (  5)  1.475969  2.749260  2.749419  1.520226
   H (  6)  2.210311  1.086878  2.239979  3.524642  3.104015
   H (  7)  2.210852  1.086841  2.240808  3.105381  3.524417  1.830755
   H (  8)  2.210252  2.239753  1.086878  3.524110  3.104199  2.523400
   H (  9)  2.210942  2.241050  1.086852  3.104817  3.524615  3.119037
   H ( 10)  2.210301  3.524453  3.103963  1.086843  2.240373  4.393544
   H ( 11)  2.210265  3.104630  3.524013  1.086836  2.240419  3.832082
   H ( 12)  2.210572  3.524363  3.104770  2.240166  1.086853  3.831121
   H ( 13)  2.210609  3.104637  3.524681  2.240416  1.086854  3.171634
             H (  7)   H (  8)   H (  9)   H ( 10)   H ( 11)   H ( 12)
   H (  8)  3.118667
   H (  9)  2.526580  1.830756
   H ( 10)  3.832704  3.831012  3.171335
   H ( 11)  3.172021  4.393190  3.831835  1.831230
   H ( 12)  4.393947  3.171672  3.831856  2.524341  3.118610
   H ( 13)  3.831532  3.831646  4.394185  3.118770  2.524782  1.830910

 
 A cutoff of  1.0D-08 yielded   4435 shell pairs
 There are  39245 function pairs ( 48051 Cartesian)
Evaluating contribution to one-electron hamiltonian from nuclear
 Smallest overlap matrix eigenvalue = 2.59E-05

 Q-Chem warning in module mkSTV.C, line 194:

 Overlap eigenvalue is smaller than square root of threshold

 Multipole matrices computed through 2nd order

  Scale SEOQF with 1.000000e-01/1.000000e-01/1.000000e-01

 Standard Electronic Orientation quadrupole field applied
 Nucleus-field energy     =    -0.0000000026 hartrees
 Guess from superposition of atomic densities
 Warning:  Energy on first SCF cycle will be non-variational
 Long-range K will be added via erf
 Coulomb attenuation parameter = 0.29 bohr**(-1)
 An unrestricted Kohn-Sham SCF calculation will be
 performed using Pulay DIIS extrapolation
 Exchange:  wPBE + LR-HF      Correlation:  PBE
 Using SG-1 standard quadrature grid
 SCF converges when DIIS error is below 1.0E-05
 Requested basis set is G3large
 There are 98 shells and 290 basis functions
 A cutoff of  1.0D-08 yielded   4435 shell pairs
 There are  39245 function pairs ( 48051 Cartesian)
 Warning!  Inaccurate integrated density:
   Number of electrons =    37
   Numerical integral  =    37.999764099938
   Relative error      =     2.7020651350 %
 ---------------------------------------
  Cycle       Energy         DIIS Error
 ---------------------------------------
    1    -196.9576092691      2.89E-02
    2    -194.7027553106      2.42E-03
    3    -194.7389269690      2.17E-03
    4    -194.7856908846      2.89E-04
    5    -194.7880115612      1.48E-04
    6    -194.7887298386      5.64E-05
    7    -194.7893629990      5.40E-05
    8    -194.7898508217      4.45E-05
    9    -194.7903771561      4.32E-05
   10    -194.7908069400      3.94E-05
   11    -194.7912388959      3.68E-05
   12    -194.7920857317      3.33E-05
   13    -194.7927715614      3.03E-05
   14    -194.7941338348      3.52E-05
   15    -194.7941551854      3.68E-05
   16    -194.7933108039      4.37E-04
   17    -194.7935106334      4.17E-04
   18    -194.7935664732      4.13E-04
   19    -194.7939033370      3.83E-04
   20    -194.7944333396      3.29E-04
   21    -194.7949701344      2.66E-04
   22    -194.7953039035      2.16E-04
   23    -194.7955847408      1.68E-04
   24    -194.7957924112      1.15E-04
   25    -194.7959013566      5.89E-05
   26    -194.7960091346      1.30E-06 Convergence criterion met
 ---------------------------------------
 One-Electron    Energy =  -590.5598514674
 Total Coulomb   Energy =   254.5269381441
 Alpha Exchange  Energy =    -2.8792756512
 Beta  Exchange  Energy =    -2.7143137303
 DFT   Exchange  Energy =   -22.8825814925
 DFT Correlation Energy =    -1.2069798696
 Nuclear Repu.   Energy =   170.9200549324
 Nuclear Attr.   Energy =  -784.6274855205
 Kinetic         Energy =   194.0676340531
 <S^2> = 0.7569
 SCF time:  CPU 1142.01 s  wall 1150.29 s
 Final Alpha MO Eigenvalues
            1           2           3           4           5           6
    1 -10.3035342 -10.2958740 -10.2956098 -10.2955824 -10.2954585  -1.2288010
            7           8           9          10          11          12
    1  -1.1487598  -0.9330234  -0.9328621  -0.8729443  -0.8128075  -0.7991213
           13          14          15          16          17          18
    1  -0.7989949  -0.7019500  -0.6840971  -0.6695819  -0.6277235  -0.6165564
           19          20          21          22          23          24
    1  -0.6163382  -0.0916796  -0.0841570  -0.0841450  -0.0751172  -0.0532335
 Final Beta MO Eigenvalues
            1           2           3           4           5           6
    1 -10.3032706 -10.2918945 -10.2916636 -10.2916341 -10.2915084  -1.2193234
            7           8           9          10          11          12
    1  -1.1333392  -0.9202643  -0.9201807  -0.8597979  -0.8065160  -0.7957988
           13          14          15          16          17          18
    1  -0.7956125  -0.6816020  -0.6669912  -0.6457783  -0.6098788  -0.6089967
           19          20          21          22          23
    1  -0.3710926  -0.0903814  -0.0807196  -0.0807050  -0.0735685
 Analysis of SCF Wavefunction
 
 --------------------------------------------------------------
                    Orbital Energies (a.u.)
 --------------------------------------------------------------
 
 Alpha MOs
 -- Occupied --
-10.304 -10.296 -10.296 -10.296 -10.295  -1.229  -1.149  -0.933
 -0.933  -0.873  -0.813  -0.799  -0.799  -0.702  -0.684  -0.670
 -0.628  -0.617  -0.616
 -- Virtual --
 -0.092  -0.084  -0.084  -0.075  -0.053  -0.053  -0.045  -0.035
 -0.030  -0.016  -0.016  -0.006   0.011   0.016   0.018   0.018
  0.034   0.034   0.041   0.047   0.055   0.056   0.071   0.072
  0.072   0.081   0.090   0.091   0.093   0.097   0.112   0.112
  0.120   0.149   0.164   0.165   0.175   0.204   0.224   0.231
  0.233   0.267   0.297   0.353   0.364   0.372   0.372   0.386
  0.386   0.419   0.439   0.440   0.449   0.463   0.481   0.482
  0.482   0.497   0.497   0.519   0.535   0.546   0.554   0.555
  0.555   0.609   0.624   0.677   0.677   0.691   0.709   0.716
  0.755   0.778   0.791   0.791   0.870   0.919   0.919   0.941
  0.958   0.979   0.989   0.989   1.016   1.016   1.060   1.060
  1.062   1.113   1.113   1.172   1.179   1.179   1.187   1.222
  1.222   1.248   1.249   1.275   1.277   1.299   1.330   1.330
  1.346   1.353   1.381   1.420   1.442   1.442   1.453   1.469
  1.469   1.471   1.520   1.607   1.649   1.649   1.685   2.305
  2.305   2.368   2.444   2.453   2.468   2.468   2.500   2.512
  2.512   2.542   2.565   2.619   2.619   2.662   2.701   2.727
  2.727   2.729   2.756   2.826   2.826   2.836   2.841   2.890
  2.890   2.909   2.911   2.911   2.965   2.977   3.000   3.031
  3.064   3.064   3.085   3.110   3.177   3.177   3.194   3.213
  3.213   3.272   3.272   3.279   3.290   3.322   3.332   3.379
  3.379   3.399   3.430   3.430   3.455   3.520   3.622   3.642
  3.686   3.720   3.720   3.768   3.768   3.798   3.889   3.940
  3.940   3.942   3.946   3.981   3.981   4.074   4.098   4.109
  4.112   4.175   4.177   4.177   4.199   4.199   4.237   4.238
  4.326   4.326   4.361   4.366   4.366   4.389   4.433   4.531
  4.556   4.725   4.726   4.803   4.803   4.930   5.086   5.222
  5.266   5.266   5.327   5.442   5.442   5.446   5.481   5.582
  5.582   5.605  23.847  23.864  24.117  24.118  24.191  27.212
 27.272  27.334  27.334  27.718  27.809  27.837  27.837  27.855
 27.878  27.878  27.893  28.283  28.283  28.722  40.600  40.610
 40.635  40.697  40.704  40.705  40.708  40.749  40.749  40.751
 40.874  40.874  40.874  40.879  40.879  40.891  40.916  40.927
 40.982  40.983  40.991  40.992  41.007  41.084  41.084
 
 Beta MOs
 -- Occupied --
-10.303 -10.292 -10.292 -10.292 -10.292  -1.219  -1.133  -0.920
 -0.920  -0.860  -0.807  -0.796  -0.796  -0.682  -0.667  -0.646
 -0.610  -0.609
 -- Virtual --
 -0.371  -0.090  -0.081  -0.081  -0.074  -0.052  -0.052  -0.044
 -0.035  -0.029  -0.006  -0.006  -0.006   0.012   0.019   0.019
  0.019   0.035   0.036   0.044   0.049   0.057   0.057   0.072
  0.079   0.079   0.083   0.092   0.092   0.094   0.097   0.118
  0.118   0.126   0.150   0.166   0.167   0.185   0.209   0.231
  0.235   0.236   0.269   0.300   0.356   0.364   0.375   0.375
  0.391   0.391   0.427   0.446   0.446   0.462   0.473   0.483
  0.488   0.488   0.498   0.498   0.525   0.539   0.551   0.557
  0.558   0.559   0.611   0.630   0.681   0.681   0.692   0.710
  0.727   0.762   0.787   0.795   0.795   0.869   0.921   0.921
  0.945   0.959   0.988   0.992   0.992   1.018   1.018   1.064
  1.067   1.067   1.120   1.120   1.177   1.184   1.184   1.197
  1.233   1.233   1.254   1.256   1.280   1.281   1.301   1.333
  1.333   1.351   1.356   1.385   1.425   1.444   1.445   1.454
  1.470   1.471   1.475   1.525   1.617   1.654   1.655   1.687
  2.315   2.316   2.388   2.446   2.472   2.472   2.481   2.507
  2.520   2.520   2.546   2.582   2.624   2.624   2.667   2.719
  2.737   2.737   2.745   2.769   2.833   2.833   2.848   2.852
  2.901   2.901   2.925   2.925   2.929   2.969   2.979   3.008
  3.036   3.073   3.073   3.088   3.118   3.188   3.188   3.200
  3.227   3.227   3.285   3.285   3.288   3.312   3.332   3.338
  3.388   3.388   3.407   3.439   3.439   3.455   3.530   3.626
  3.652   3.699   3.724   3.724   3.778   3.779   3.807   3.893
  3.944   3.944   3.948   3.951   3.987   3.987   4.080   4.104
  4.110   4.115   4.184   4.188   4.192   4.204   4.205   4.244
  4.245   4.333   4.333   4.368   4.374   4.374   4.396   4.440
  4.540   4.564   4.732   4.732   4.809   4.809   4.933   5.096
  5.223   5.280   5.280   5.332   5.444   5.444   5.448   5.483
  5.586   5.586   5.611  23.849  23.869  24.122  24.123  24.195
 27.224  27.284  27.337  27.337  27.721  27.811  27.841  27.841
 27.857  27.883  27.883  27.896  28.285  28.286  28.726  40.602
 40.619  40.639  40.703  40.711  40.711  40.713  40.755  40.756
 40.756  40.875  40.881  40.881  40.887  40.887  40.899  40.921
 40.934  40.984  40.984  40.992  40.993  41.015  41.087  41.087
 --------------------------------------------------------------
 
          Ground-State Mulliken Net Atomic Charges

     Atom                 Charge (a.u.)    Spin (a.u.)
  --------------------------------------------------------
      1 C                     0.444378      -0.065331
      2 C                    -0.173792       0.278181
      3 C                    -0.173603       0.277857
      4 C                    -0.175114       0.277194
      5 C                    -0.174502       0.279014
      6 H                     0.156573      -0.005992
      7 H                     0.156568      -0.006071
      8 H                     0.156506      -0.005669
      9 H                     0.156609      -0.005829
     10 H                     0.156528      -0.005766
     11 H                     0.156581      -0.005773
     12 H                     0.156663      -0.005930
     13 H                     0.156605      -0.005883
  --------------------------------------------------------
  Sum of atomic charges =     1.000000
  Sum of spin   charges =     1.000000

 -----------------------------------------------------------------
                    Cartesian Multipole Moments
 -----------------------------------------------------------------
    Charge (ESU x 10^10)
                 4.8032
    Dipole Moment (Debye)
         X       0.0034      Y      -0.0009      Z       4.8051
       Tot       4.8051
    Quadrupole Moments (Debye-Ang)
        XX     -18.2268     XY      -0.0005     YY     -23.8602
        XZ      -0.0517     YZ       0.0017     ZZ     -19.0589
    Octapole Moments (Debye-Ang^2)
       XXX       0.0070    XXY      -0.0005    XYY       2.3160
       YYY      -0.0044    XXZ     -18.2609    XYZ      -0.0001
       YYZ     -23.8856    XZZ      -2.4237    YZZ       0.0034
       ZZZ     -66.7132
    Hexadecapole Moments (Debye-Ang^3)
      XXXX    -274.5454   XXXY      -0.0030   XXYY     -48.5039
      XYYY      -0.0012   YYYY     -91.4782   XXXZ       1.1539
      XXYZ       0.0000   XYYZ       2.5357   YYYZ      -0.0156
      XXZZ     -66.8207   XYZZ      -0.0019   YYZZ     -46.7639
      XZZZ      -6.6150   YZZZ      -0.0076   ZZZZ    -229.5798
 -----------------------------------------------------------------
 Total job time:  1150.72s(wall), 1142.40s(cpu) 
 Thu Mar 20 03:36:25 2014

        *************************************************************
        *                                                           *
        *  Thank you very much for using Q-Chem.  Have a nice day.  *
        *                                                           *
        *************************************************************


0 sent ACK to 0 
now end server 0 ... 
