Process 0 of 1 is on cl133 - thread support 1
initial socket setup ...start
initial socket setup ...done 
now start server 0 ... 

cmd = /usr/bin/ssh clhead /usr/local/qchem/bin/get_hostid 1743080166 > /tmp/1591945.1.medium.q/qchem29618/lic.dat

cmd = /usr/bin/ssh clhead /usr/local/qchem/bin/get_hostid 1743080166 > /tmp/1591945.1.medium.q/qchem29618/lic.dat

cmd = /usr/bin/ssh clhead /usr/local/qchem/bin/get_hostid 1743080166 > /tmp/1591945.1.medium.q/qchem29618/lic.dat

cmd = /usr/bin/ssh clhead /usr/local/qchem/bin/get_hostid 1743080166 > /tmp/1591945.1.medium.q/qchem29618/lic.dat

cmd = /usr/bin/ssh clhead /usr/local/qchem/bin/get_hostid 1743080166 > /tmp/1591945.1.medium.q/qchem29618/lic.dat
                  Welcome to Q-Chem
     A Quantum Leap Into The Future Of Chemistry

 Y. Shao, L. Fusti-Molnar, Y. Jung, J. Kussmann, C. Ochsenfeld,
 S. T. Brown, A. T. B. Gilbert, L. V. Slipchenko,S. V. Levchenko,
 D. P. O'Neill, R. A. DiStasio Jr., R. C. Lochan, T. Wang,
 G. J. O. Beran, N. A. Besley, J. M. Herbert, C. Y. Lin,
 T. Van Voorhis, S. H. Chien, A. Sodt, R. P. Steele, 
 V. A. Rassolov, P. E. Maslen, P. P. Korambath, R. D. Adamson,
 B. Austin, J. Baker, E. F. C. Byrd, H. Dachsel, R. J. Doerksen,
 A. Dreuw, B. D. Dunietz, A. D. Dutoi, T. R. Furlani,
 S. R. Gwaltney, A. Heyden, S. Hirata, C.-P. Hsu, G. Kedziora,
 R. Z. Khaliullin, P. Klunzinger, A. M. Lee, M. S. Lee, W. Liang,
 I. Lotan, N. Nair, B. Peters, E. I. Proynov, P. A. Pieniazek, 
 Y. M. Rhee, J. Ritchie, E. Rosta, C. D. Sherrill, 
 A. C. Simmonett, J. E. Subotnik, H. L. Woodcock III,
 W. Zhang, A. T. Bell, A. K. Chakraborty, D. M. Chipman,
 F. J. Keil, A. Warshel, W. J. Hehre, H. F. Schaefer III,
 J. Kong, A. I. Krylov, P. M. W. Gill, M. Head-Gordon,
 Q-Chem, Version 3.1, Q-Chem, Inc., Pittsburgh, PA (2007).

 Additional authors for Version 3.1: 
 Z. Gan, Y. Zhao, N. E. Schultz, D. Truhlar, E. Epifanovsky and M. Oana.

 Additional authors for Version 3.2: 
 R. Baer, B. R. Brooks, D. Casanova, J.-D. Chai, C.-L. Cheng, 
 C. Cramer, D. Crittenden, A. Ghysels, G. Hawkins, E. G. Hohenstein, 
 C. Kelley, W. Kurlancheek, D. Liotard, E. Livshits, P. Manohar, 
 A. Marenich, D. Neuhauser, R. Olson, M. A. Rohrdanz, K. S. Thanthiriwatte, 
 A. J. W. Thom, V. Vanovschi, C. F. Williams, Q. Wu and Z.-Q. You. 


 Intel X86 Linux Version

 Q-chem begins on Tue Mar 18 15:11:57 2014  

 Parallel job on  1  processors
Processing $rem in /usr/local/qchem/config/preferences.

theFileMan(): MAXOPENFILES=974 MAX_SUB_FILE_NUM=16
Maximum size of a physical file is 2.0 GB, maximum size of a tmp-file is 32.0 GB


--------------------------------------------------------------
User input:
--------------------------------------------------------------

$molecule
-1,2
C         -0.00006        0.00015        0.99980
C          1.26532        0.76004        0.98857
C          1.26516       -0.76001        0.98799
C         -1.27231       -0.00021        0.25137
C         -1.25820        0.00027        1.77153
H          1.57504        1.26150        1.90176
H          1.55860        1.26345        0.07108
H          1.57486       -1.26190        1.90095
H          1.55826       -1.26313        0.07027
H         -1.57794       -0.91602       -0.24774
H         -1.57802        0.91521       -0.24839
H         -1.55535       -0.91513        2.27650
H         -1.55537        0.91578        2.27629
$end

$comment
negative
$end

$xc_functional
C PBE   1.00
X wPBE  1.00
$end

$rem
SYMMETRY_DECOMPOSITION	0
exchange 		general
LRC_DFT                 true
BASIS                   g3large
omega			500
mem_static              760
max_scf_cycles          200
scf_final_print         1
sym_ignore              true
$end

--------------------------------------------------------------
 Writing REM_CC_EA           13
 ----------------------------------------------------
       Standard Nuclear Orientation (Angstroms)
    I     Atom         X            Y            Z
 ----------------------------------------------------
    1      C      -0.000060     0.000150     0.999800
    2      C       1.265320     0.760040     0.988570
    3      C       1.265160    -0.760010     0.987990
    4      C      -1.272310    -0.000210     0.251370
    5      C      -1.258200     0.000270     1.771530
    6      H       1.575040     1.261500     1.901760
    7      H       1.558600     1.263450     0.071080
    8      H       1.574860    -1.261900     1.900950
    9      H       1.558260    -1.263130     0.070270
   10      H      -1.577940    -0.916020    -0.247740
   11      H      -1.578020     0.915210    -0.248390
   12      H      -1.555350    -0.915130     2.276500
   13      H      -1.555370     0.915780     2.276290
 ----------------------------------------------------
 Nuclear Repulsion Energy =   170.9200549349 hartrees
 There are       20 alpha and       19 beta electrons
 Requested basis set is G3large
 There are 98 shells and 290 basis functions

Total QAlloc Memory Limit   2000 MB
Mega-Array Size       743 MB
MEM_STATIC part       760 MB

                       Distance Matrix (Angstroms)
             C (  1)   C (  2)   C (  3)   C (  4)   C (  5)   H (  6)
   C (  2)  1.476057
   C (  3)  1.476064  1.520050
   C (  4)  1.476065  2.749729  2.749302
   C (  5)  1.475969  2.749260  2.749419  1.520226
   H (  6)  2.210311  1.086878  2.239979  3.524642  3.104015
   H (  7)  2.210852  1.086841  2.240808  3.105381  3.524417  1.830755
   H (  8)  2.210252  2.239753  1.086878  3.524110  3.104199  2.523400
   H (  9)  2.210942  2.241050  1.086852  3.104817  3.524615  3.119037
   H ( 10)  2.210301  3.524453  3.103963  1.086843  2.240373  4.393544
   H ( 11)  2.210265  3.104630  3.524013  1.086836  2.240419  3.832082
   H ( 12)  2.210572  3.524363  3.104770  2.240166  1.086853  3.831121
   H ( 13)  2.210609  3.104637  3.524681  2.240416  1.086854  3.171634
             H (  7)   H (  8)   H (  9)   H ( 10)   H ( 11)   H ( 12)
   H (  8)  3.118667
   H (  9)  2.526580  1.830756
   H ( 10)  3.832704  3.831012  3.171335
   H ( 11)  3.172021  4.393190  3.831835  1.831230
   H ( 12)  4.393947  3.171672  3.831856  2.524341  3.118610
   H ( 13)  3.831532  3.831646  4.394185  3.118770  2.524782  1.830910

 
 A cutoff of  1.0D-08 yielded   4435 shell pairs
 There are  39245 function pairs ( 48051 Cartesian)
Evaluating contribution to one-electron hamiltonian from nuclear
 Smallest overlap matrix eigenvalue = 2.59E-05

 Q-Chem warning in module mkSTV.C, line 194:

 Overlap eigenvalue is smaller than square root of threshold

 Multipole matrices computed through 2nd order

  Scale SEOQF with 1.000000e-01/1.000000e-01/1.000000e-01

 Standard Electronic Orientation quadrupole field applied
 Nucleus-field energy     =    -0.0000000026 hartrees
 Guess from superposition of atomic densities
 Warning:  Energy on first SCF cycle will be non-variational
 Long-range K will be added via erf
 Coulomb attenuation parameter = 0.5 bohr**(-1)
 An unrestricted Kohn-Sham SCF calculation will be
 performed using Pulay DIIS extrapolation
 Exchange:  wPBE + LR-HF      Correlation:  PBE
 Using SG-1 standard quadrature grid
 SCF converges when DIIS error is below 1.0E-05
 Requested basis set is G3large
 There are 98 shells and 290 basis functions
 A cutoff of  1.0D-08 yielded   4435 shell pairs
 There are  39245 function pairs ( 48051 Cartesian)
 Warning!  Inaccurate integrated density:
   Number of electrons =    39
   Numerical integral  =    37.999764099938
   Relative error      =    -2.5647074361 %
 ---------------------------------------
  Cycle       Energy         DIIS Error
 ---------------------------------------
    1    -197.3828449753      2.93E-02
    2    -195.0412794658      2.74E-03
    3    -195.1378770137      1.81E-03
    4    -195.1731865873      3.10E-04
    5    -195.1767210861      1.26E-04
    6    -195.1773022534      4.31E-05
    7    -195.1774705380      1.66E-05
    8    -195.1775351323      9.98E-06 Convergence criterion met
 ---------------------------------------
 One-Electron    Energy =  -604.2895491006
 Total Coulomb   Energy =   268.3296687030
 Alpha Exchange  Energy =    -4.5218568132
 Beta  Exchange  Energy =    -4.4617090494
 DFT   Exchange  Energy =   -19.9001682893
 DFT Correlation Energy =    -1.2539755151
 Nuclear Repu.   Energy =   170.9200549324
 Nuclear Attr.   Energy =  -798.4668229801
 Kinetic         Energy =   194.1772738794
 <S^2> = 0.7501
 SCF time:  CPU 416.23 s  wall 418.20 s
 Final Alpha MO Eigenvalues
            1           2           3           4           5           6
    1 -10.0488864 -10.0391560 -10.0333533 -10.0326009 -10.0322379  -0.9570167
            7           8           9          10          11          12
    1  -0.8628581  -0.6548497  -0.6512453  -0.5822813  -0.5137029  -0.5039359
           13          14          15          16          17          18
    1  -0.5003237  -0.3862765  -0.3699722  -0.3690833  -0.2956274  -0.2944028
           19          20          21          22          23          24
    1  -0.2808455   0.0349600   0.1275860   0.1279687   0.1301330   0.1587959
           25
    1   0.1589977
 Final Beta MO Eigenvalues
            1           2           3           4           5           6
    1 -10.0489044 -10.0390457 -10.0331328 -10.0323837 -10.0320180  -0.9568952
            7           8           9          10          11          12
    1  -0.8626217  -0.6539746  -0.6501852  -0.5814055  -0.5129283  -0.5037280
           13          14          15          16          17          18
    1  -0.4998328  -0.3860858  -0.3698137  -0.3684549  -0.2954275  -0.2942331
           19          20          21          22          23          24
    1  -0.2802896   0.1258412   0.1388985   0.1409498   0.1446629   0.1598714
 Analysis of SCF Wavefunction
 
 --------------------------------------------------------------
                    Orbital Energies (a.u.)
 --------------------------------------------------------------
 
 Alpha MOs
 -- Occupied --
-10.049 -10.039 -10.033 -10.033 -10.032  -0.957  -0.863  -0.655
 -0.651  -0.582  -0.514  -0.504  -0.500  -0.386  -0.370  -0.369
 -0.296  -0.294  -0.281   0.035
 -- Virtual --
  0.128   0.128   0.130   0.159   0.159   0.163   0.180   0.192
  0.221   0.247   0.250   0.256   0.265   0.267   0.268   0.287
  0.290   0.294   0.307   0.318   0.319   0.327   0.338   0.341
  0.346   0.347   0.366   0.368   0.381   0.427   0.438   0.438
  0.462   0.481   0.488   0.491   0.530   0.555   0.555   0.564
  0.574   0.625   0.675   0.692   0.694   0.696   0.724   0.728
  0.764   0.788   0.789   0.804   0.822   0.829   0.837   0.838
  0.859   0.859   0.869   0.885   0.889   0.892   0.893   0.915
  0.949   1.008   1.042   1.043   1.051   1.068   1.097   1.121
  1.150   1.154   1.155   1.229   1.281   1.282   1.310   1.339
  1.354   1.355   1.371   1.386   1.389   1.415   1.435   1.436
  1.497   1.499   1.549   1.556   1.559   1.588   1.607   1.610
  1.627   1.636   1.656   1.666   1.672   1.707   1.708   1.727
  1.731   1.755   1.805   1.818   1.821   1.833   1.845   1.849
  1.854   1.910   2.028   2.059   2.060   2.084   2.736   2.739
  2.822   2.856   2.889   2.891   2.916   2.923   2.958   2.959
  2.960   3.017   3.048   3.049   3.100   3.157   3.167   3.168
  3.174   3.205   3.260   3.261   3.276   3.286   3.338   3.340
  3.353   3.354   3.371   3.398   3.403   3.445   3.465   3.499
  3.500   3.521   3.549   3.616   3.616   3.624   3.658   3.660
  3.711   3.712   3.723   3.744   3.774   3.775   3.817   3.818
  3.832   3.875   3.875   3.887   3.962   4.059   4.091   4.139
  4.155   4.157   4.215   4.216   4.243   4.329   4.378   4.380
  4.381   4.383   4.413   4.416   4.503   4.529   4.539   4.539
  4.616   4.621   4.626   4.634   4.636   4.677   4.679   4.768
  4.769   4.798   4.801   4.804   4.839   4.878   4.987   5.001
  5.176   5.178   5.248   5.250   5.368   5.537   5.662   5.725
  5.727   5.766   5.877   5.882   5.886   5.919   6.029   6.032
  6.064  24.334  24.356  24.608  24.612  24.682  27.703  27.764
 27.816  27.817  28.201  28.293  28.320  28.321  28.338  28.362
 28.363  28.377  28.763  28.767  29.203  41.095  41.112  41.133
 41.195  41.202  41.206  41.207  41.246  41.248  41.252  41.354
 41.360  41.360  41.366  41.368  41.379  41.401  41.415  41.461
 41.466  41.472  41.475  41.495  41.565  41.566
 
 Beta MOs
 -- Occupied --
-10.049 -10.039 -10.033 -10.032 -10.032  -0.957  -0.863  -0.654
 -0.650  -0.581  -0.513  -0.504  -0.500  -0.386  -0.370  -0.368
 -0.295  -0.294  -0.280
 -- Virtual --
  0.126   0.139   0.141   0.145   0.160   0.165   0.167   0.182
  0.189   0.219   0.243   0.244   0.249   0.258   0.261   0.262
  0.286   0.287   0.294   0.303   0.316   0.317   0.322   0.332
  0.337   0.339   0.341   0.363   0.365   0.379   0.423   0.437
  0.438   0.460   0.479   0.485   0.486   0.527   0.551   0.551
  0.560   0.572   0.623   0.673   0.690   0.691   0.694   0.722
  0.726   0.761   0.786   0.788   0.801   0.820   0.827   0.836
  0.838   0.858   0.858   0.867   0.884   0.887   0.890   0.891
  0.914   0.947   1.007   1.042   1.043   1.051   1.068   1.097
  1.121   1.150   1.153   1.155   1.229   1.281   1.282   1.310
  1.338   1.354   1.355   1.371   1.385   1.388   1.414   1.435
  1.436   1.496   1.498   1.548   1.556   1.559   1.588   1.607
  1.610   1.626   1.635   1.656   1.666   1.671   1.706   1.708
  1.727   1.731   1.755   1.805   1.818   1.820   1.833   1.844
  1.848   1.853   1.911   2.027   2.058   2.060   2.084   2.735
  2.739   2.822   2.856   2.889   2.890   2.916   2.923   2.958
  2.959   2.960   3.017   3.048   3.049   3.100   3.157   3.167
  3.169   3.174   3.205   3.260   3.262   3.276   3.286   3.339
  3.340   3.354   3.355   3.371   3.399   3.403   3.445   3.465
  3.499   3.500   3.521   3.549   3.616   3.617   3.624   3.658
  3.660   3.711   3.713   3.723   3.744   3.774   3.775   3.817
  3.818   3.832   3.875   3.875   3.887   3.963   4.059   4.091
  4.140   4.155   4.157   4.215   4.216   4.243   4.330   4.378
  4.380   4.381   4.383   4.413   4.416   4.504   4.529   4.539
  4.539   4.616   4.622   4.626   4.634   4.636   4.677   4.679
  4.769   4.770   4.798   4.801   4.804   4.839   4.878   4.987
  5.001   5.176   5.179   5.248   5.250   5.368   5.537   5.662
  5.725   5.727   5.766   5.877   5.883   5.886   5.919   6.029
  6.032   6.064  24.334  24.357  24.609  24.612  24.682  27.704
 27.764  27.816  27.817  28.202  28.293  28.320  28.321  28.338
 28.363  28.363  28.377  28.764  28.767  29.203  41.095  41.112
 41.133  41.195  41.202  41.206  41.207  41.246  41.249  41.252
 41.354  41.360  41.361  41.366  41.368  41.379  41.401  41.415
 41.462  41.466  41.472  41.475  41.495  41.565  41.566
 --------------------------------------------------------------
 
          Ground-State Mulliken Net Atomic Charges

     Atom                 Charge (a.u.)    Spin (a.u.)
  --------------------------------------------------------
      1 C                    -3.832586       4.405667
      2 C                     2.846980      -3.188728
      3 C                     0.102745      -0.407615
      4 C                     1.633417      -1.952610
      5 C                     1.505478      -1.823856
      6 H                    -0.522049       0.619275
      7 H                    -0.554187       0.652693
      8 H                    -0.116538       0.192520
      9 H                    -0.132823       0.210279
     10 H                    -0.158302       0.233044
     11 H                    -0.827842       0.934937
     12 H                    -0.143526       0.217329
     13 H                    -0.800766       0.907065
  --------------------------------------------------------
  Sum of atomic charges =    -1.000000
  Sum of spin   charges =     1.000000

 -----------------------------------------------------------------
                    Cartesian Multipole Moments
 -----------------------------------------------------------------
    Charge (ESU x 10^10)
                -4.8032
    Dipole Moment (Debye)
         X       1.9296      Y      -6.0146      Z      -4.5736
       Tot       7.7985
    Quadrupole Moments (Debye-Ang)
        XX     -74.1801     XY       2.9157     YY     -64.6587
        XZ       2.0634     YZ      -5.8544     ZZ     -65.3876
    Octapole Moments (Debye-Ang^2)
       XXX      29.1867    XXY     -37.4414    XYY      13.6874
       YYY     -81.6586    XXZ     -72.7488    XYZ       2.9582
       YYZ     -63.3898    XZZ      11.1244    YZZ     -38.6129
       ZZZ    -184.1080
    Hexadecapole Moments (Debye-Ang^3)
      XXXX   -1079.9770   XXXY      25.7408   XXYY    -290.3945
      XYYY      28.5693   YYYY    -589.0960   XXXZ      31.3367
      XXYZ     -36.5885   XYYZ      14.6120   YYYZ     -79.9537
      XXZZ    -345.8935   XYZZ      16.6574   YYZZ    -261.6171
      XZZZ      31.7728   YZZZ    -102.7125   ZZZZ    -883.3304
 -----------------------------------------------------------------
 Total job time:  418.67s(wall), 416.65s(cpu) 
 Tue Mar 18 15:18:56 2014

        *************************************************************
        *                                                           *
        *  Thank you very much for using Q-Chem.  Have a nice day.  *
        *                                                           *
        *************************************************************


0 sent ACK to 0 
now end server 0 ... 
 
**********************************************************************
Job 2 of 3 
**********************************************************************
 
Process 0 of 1 is on cl133 - thread support 1
initial socket setup ...start
initial socket setup ...done 
now start server 0 ... 

cmd = /usr/bin/ssh clhead /usr/local/qchem/bin/get_hostid 1334839053 > /tmp/1591945.1.medium.q/qchem29618/lic.dat

cmd = /usr/bin/ssh clhead /usr/local/qchem/bin/get_hostid 1334839053 > /tmp/1591945.1.medium.q/qchem29618/lic.dat

cmd = /usr/bin/ssh clhead /usr/local/qchem/bin/get_hostid 1334839053 > /tmp/1591945.1.medium.q/qchem29618/lic.dat

cmd = /usr/bin/ssh clhead /usr/local/qchem/bin/get_hostid 1334839053 > /tmp/1591945.1.medium.q/qchem29618/lic.dat

cmd = /usr/bin/ssh clhead /usr/local/qchem/bin/get_hostid 1334839053 > /tmp/1591945.1.medium.q/qchem29618/lic.dat
                  Welcome to Q-Chem
     A Quantum Leap Into The Future Of Chemistry

 Y. Shao, L. Fusti-Molnar, Y. Jung, J. Kussmann, C. Ochsenfeld,
 S. T. Brown, A. T. B. Gilbert, L. V. Slipchenko,S. V. Levchenko,
 D. P. O'Neill, R. A. DiStasio Jr., R. C. Lochan, T. Wang,
 G. J. O. Beran, N. A. Besley, J. M. Herbert, C. Y. Lin,
 T. Van Voorhis, S. H. Chien, A. Sodt, R. P. Steele, 
 V. A. Rassolov, P. E. Maslen, P. P. Korambath, R. D. Adamson,
 B. Austin, J. Baker, E. F. C. Byrd, H. Dachsel, R. J. Doerksen,
 A. Dreuw, B. D. Dunietz, A. D. Dutoi, T. R. Furlani,
 S. R. Gwaltney, A. Heyden, S. Hirata, C.-P. Hsu, G. Kedziora,
 R. Z. Khaliullin, P. Klunzinger, A. M. Lee, M. S. Lee, W. Liang,
 I. Lotan, N. Nair, B. Peters, E. I. Proynov, P. A. Pieniazek, 
 Y. M. Rhee, J. Ritchie, E. Rosta, C. D. Sherrill, 
 A. C. Simmonett, J. E. Subotnik, H. L. Woodcock III,
 W. Zhang, A. T. Bell, A. K. Chakraborty, D. M. Chipman,
 F. J. Keil, A. Warshel, W. J. Hehre, H. F. Schaefer III,
 J. Kong, A. I. Krylov, P. M. W. Gill, M. Head-Gordon,
 Q-Chem, Version 3.1, Q-Chem, Inc., Pittsburgh, PA (2007).

 Additional authors for Version 3.1: 
 Z. Gan, Y. Zhao, N. E. Schultz, D. Truhlar, E. Epifanovsky and M. Oana.

 Additional authors for Version 3.2: 
 R. Baer, B. R. Brooks, D. Casanova, J.-D. Chai, C.-L. Cheng, 
 C. Cramer, D. Crittenden, A. Ghysels, G. Hawkins, E. G. Hohenstein, 
 C. Kelley, W. Kurlancheek, D. Liotard, E. Livshits, P. Manohar, 
 A. Marenich, D. Neuhauser, R. Olson, M. A. Rohrdanz, K. S. Thanthiriwatte, 
 A. J. W. Thom, V. Vanovschi, C. F. Williams, Q. Wu and Z.-Q. You. 


 Intel X86 Linux Version

 Q-chem begins on Tue Mar 18 15:19:00 2014  

 Parallel job on  1  processors
Processing $rem in /usr/local/qchem/config/preferences.

theFileMan(): MAXOPENFILES=974 MAX_SUB_FILE_NUM=16
Maximum size of a physical file is 2.0 GB, maximum size of a tmp-file is 32.0 GB


--------------------------------------------------------------
User input:
--------------------------------------------------------------

$molecule
0,1
C         -0.00006        0.00015        0.99980
C          1.26532        0.76004        0.98857
C          1.26516       -0.76001        0.98799
C         -1.27231       -0.00021        0.25137
C         -1.25820        0.00027        1.77153
H          1.57504        1.26150        1.90176
H          1.55860        1.26345        0.07108
H          1.57486       -1.26190        1.90095
H          1.55826       -1.26313        0.07027
H         -1.57794       -0.91602       -0.24774
H         -1.57802        0.91521       -0.24839
H         -1.55535       -0.91513        2.27650
H         -1.55537        0.91578        2.27629
$end

$comment
neutral
$end

$xc_functional
C PBE   1.00
X wPBE  1.00
$end


$rem
SYMMETRY_DECOMPOSITION	0
LRC_DFT                 true
exchange 		general
BASIS                   g3large
omega			500
mem_static              760
max_scf_cycles          200
scf_final_print         1
sym_ignore              true
$end

--------------------------------------------------------------
 Writing REM_CC_EA           13
 ----------------------------------------------------
       Standard Nuclear Orientation (Angstroms)
    I     Atom         X            Y            Z
 ----------------------------------------------------
    1      C      -0.000060     0.000150     0.999800
    2      C       1.265320     0.760040     0.988570
    3      C       1.265160    -0.760010     0.987990
    4      C      -1.272310    -0.000210     0.251370
    5      C      -1.258200     0.000270     1.771530
    6      H       1.575040     1.261500     1.901760
    7      H       1.558600     1.263450     0.071080
    8      H       1.574860    -1.261900     1.900950
    9      H       1.558260    -1.263130     0.070270
   10      H      -1.577940    -0.916020    -0.247740
   11      H      -1.578020     0.915210    -0.248390
   12      H      -1.555350    -0.915130     2.276500
   13      H      -1.555370     0.915780     2.276290
 ----------------------------------------------------
 Nuclear Repulsion Energy =   170.9200549349 hartrees
 There are       19 alpha and       19 beta electrons
 Requested basis set is G3large
 There are 98 shells and 290 basis functions

Total QAlloc Memory Limit   2000 MB
Mega-Array Size       743 MB
MEM_STATIC part       760 MB

                       Distance Matrix (Angstroms)
             C (  1)   C (  2)   C (  3)   C (  4)   C (  5)   H (  6)
   C (  2)  1.476057
   C (  3)  1.476064  1.520050
   C (  4)  1.476065  2.749729  2.749302
   C (  5)  1.475969  2.749260  2.749419  1.520226
   H (  6)  2.210311  1.086878  2.239979  3.524642  3.104015
   H (  7)  2.210852  1.086841  2.240808  3.105381  3.524417  1.830755
   H (  8)  2.210252  2.239753  1.086878  3.524110  3.104199  2.523400
   H (  9)  2.210942  2.241050  1.086852  3.104817  3.524615  3.119037
   H ( 10)  2.210301  3.524453  3.103963  1.086843  2.240373  4.393544
   H ( 11)  2.210265  3.104630  3.524013  1.086836  2.240419  3.832082
   H ( 12)  2.210572  3.524363  3.104770  2.240166  1.086853  3.831121
   H ( 13)  2.210609  3.104637  3.524681  2.240416  1.086854  3.171634
             H (  7)   H (  8)   H (  9)   H ( 10)   H ( 11)   H ( 12)
   H (  8)  3.118667
   H (  9)  2.526580  1.830756
   H ( 10)  3.832704  3.831012  3.171335
   H ( 11)  3.172021  4.393190  3.831835  1.831230
   H ( 12)  4.393947  3.171672  3.831856  2.524341  3.118610
   H ( 13)  3.831532  3.831646  4.394185  3.118770  2.524782  1.830910

 
 A cutoff of  1.0D-08 yielded   4435 shell pairs
 There are  39245 function pairs ( 48051 Cartesian)
Evaluating contribution to one-electron hamiltonian from nuclear
 Smallest overlap matrix eigenvalue = 2.59E-05

 Q-Chem warning in module mkSTV.C, line 194:

 Overlap eigenvalue is smaller than square root of threshold

 Multipole matrices computed through 2nd order

  Scale SEOQF with 1.000000e-01/1.000000e-01/1.000000e-01

 Standard Electronic Orientation quadrupole field applied
 Nucleus-field energy     =    -0.0000000026 hartrees
 Guess from superposition of atomic densities
 Warning:  Energy on first SCF cycle will be non-variational
 Long-range K will be added via erf
 Coulomb attenuation parameter = 0.5 bohr**(-1)
 A restricted Kohn-Sham SCF calculation will be
 performed using Pulay DIIS extrapolation
 Exchange:  wPBE + LR-HF      Correlation:  PBE
 Using SG-1 standard quadrature grid
 SCF converges when DIIS error is below 1.0E-05
 Requested basis set is G3large
 There are 98 shells and 290 basis functions
 A cutoff of  1.0D-08 yielded   4435 shell pairs
 There are  39245 function pairs ( 48051 Cartesian)
 ---------------------------------------
  Cycle       Energy         DIIS Error
 ---------------------------------------
    1    -197.3828449753      2.93E-02
    2    -195.1243949565      2.52E-03
    3    -195.1935593394      1.47E-03
    4    -195.2144729353      2.93E-04
    5    -195.2159796538      8.92E-05
    6    -195.2160948365      2.97E-05
    7    -195.2161102399      7.77E-06 Convergence criterion met
 ---------------------------------------
 One-Electron    Energy =  -599.7234728026
 Total Coulomb   Energy =   263.6579769272
 Alpha Exchange  Energy =    -4.4634198512
 Beta  Exchange  Energy =    -4.4634198512
 DFT   Exchange  Energy =   -19.8963918042
 DFT Correlation Energy =    -1.2474377903
 Nuclear Repu.   Energy =   170.9200549324
 Nuclear Attr.   Energy =  -793.8350465935
 Kinetic         Energy =   194.1115737909
 SCF time:  CPU 254.64 s  wall 256.21 s
 Final Alpha MO Eigenvalues
            1           2           3           4           5           6
    1 -10.1701125 -10.1563736 -10.1562513 -10.1560099 -10.1558765  -1.0781894
            7           8           9          10          11          12
    1  -0.9839120  -0.7736577  -0.7736205  -0.7026901  -0.6339973  -0.6233899
           13          14          15          16          17          18
    1  -0.6233373  -0.5071636  -0.4916072  -0.4898203  -0.4162137  -0.4160976
           19          20          21          22          23          24
    1  -0.4017470   0.0431285   0.0544666   0.0544725   0.0594082   0.0779286
 Analysis of SCF Wavefunction
 
 --------------------------------------------------------------
                    Orbital Energies (a.u.)
 --------------------------------------------------------------
 
 Alpha MOs
 -- Occupied --
-10.170 -10.156 -10.156 -10.156 -10.156  -1.078  -0.984  -0.774
 -0.774  -0.703  -0.634  -0.623  -0.623  -0.507  -0.492  -0.490
 -0.416  -0.416  -0.402
 -- Virtual --
  0.043   0.054   0.054   0.059   0.078   0.078   0.082   0.098
  0.103   0.126   0.153   0.153   0.162   0.168   0.169   0.169
  0.190   0.191   0.191   0.204   0.215   0.215   0.223   0.239
  0.240   0.244   0.244   0.256   0.256   0.270   0.316   0.323
  0.323   0.348   0.370   0.371   0.381   0.416   0.443   0.443
  0.455   0.458   0.509   0.561   0.579   0.579   0.579   0.610
  0.610   0.648   0.672   0.672   0.688   0.706   0.712   0.720
  0.721   0.741   0.742   0.752   0.767   0.774   0.774   0.776
  0.795   0.832   0.888   0.923   0.923   0.931   0.947   0.977
  1.002   1.030   1.034   1.034   1.109   1.161   1.162   1.189
  1.219   1.234   1.234   1.251   1.268   1.268   1.295   1.316
  1.316   1.378   1.378   1.429   1.438   1.438   1.469   1.489
  1.489   1.507   1.517   1.537   1.545   1.554   1.588   1.588
  1.609   1.610   1.637   1.685   1.700   1.700   1.712   1.727
  1.727   1.734   1.790   1.907   1.938   1.939   1.963   2.617
  2.617   2.701   2.736   2.769   2.769   2.795   2.802   2.837
  2.838   2.839   2.896   2.928   2.928   2.979   3.036   3.047
  3.047   3.053   3.084   3.140   3.140   3.155   3.165   3.218
  3.218   3.233   3.233   3.250   3.277   3.281   3.324   3.344
  3.378   3.378   3.400   3.428   3.495   3.495   3.503   3.538
  3.538   3.591   3.591   3.602   3.623   3.653   3.654   3.697
  3.697   3.712   3.754   3.754   3.766   3.842   3.938   3.970
  4.018   4.035   4.035   4.094   4.094   4.122   4.209   4.258
  4.258   4.260   4.262   4.293   4.294   4.383   4.408   4.418
  4.418   4.495   4.501   4.504   4.514   4.514   4.557   4.557
  4.648   4.648   4.678   4.681   4.681   4.717   4.757   4.865
  4.880   5.056   5.056   5.128   5.128   5.247   5.416   5.541
  5.605   5.605   5.645   5.759   5.759   5.763   5.797   5.909
  5.909   5.943  24.213  24.235  24.488  24.489  24.560  27.582
 27.642  27.695  27.695  28.080  28.171  28.199  28.199  28.216
 28.241  28.241  28.255  28.644  28.644  29.082  40.973  40.991
 41.011  41.075  41.082  41.082  41.085  41.125  41.128  41.128
 41.233  41.239  41.239  41.245  41.245  41.257  41.279  41.293
 41.342  41.342  41.351  41.352  41.373  41.444  41.444
 --------------------------------------------------------------
 
          Ground-State Mulliken Net Atomic Charges

     Atom                 Charge (a.u.)
  ----------------------------------------
      1 C                     0.515039
      2 C                    -0.304689
      3 C                    -0.305381
      4 C                    -0.304536
      5 C                    -0.305023
      6 H                     0.088065
      7 H                     0.088008
      8 H                     0.088052
      9 H                     0.088068
     10 H                     0.088062
     11 H                     0.088126
     12 H                     0.088088
     13 H                     0.088121
  ----------------------------------------
  Sum of atomic charges =     0.000000

 -----------------------------------------------------------------
                    Cartesian Multipole Moments
 -----------------------------------------------------------------
    Charge (ESU x 10^10)
                 0.0000
    Dipole Moment (Debye)
         X       0.0002      Y      -0.0006      Z       0.0001
       Tot       0.0006
    Quadrupole Moments (Debye-Ang)
        XX     -32.5455     XY       0.0035     YY     -30.3801
        XZ       0.0196     YZ       0.0007     ZZ     -30.3840
    Octapole Moments (Debye-Ang^2)
       XXX       0.0037    XXY       0.0022    XYY      -0.6098
       YYY       0.0004    XXZ     -32.5266    XYZ       0.0039
       YYZ     -30.3796    XZZ       0.6503    YZZ       0.0042
       ZZZ     -91.1574
    Hexadecapole Moments (Debye-Ang^3)
      XXXX    -345.2924   XXXY       0.0164   XXYY     -65.9017
      XYYY       0.0088   YYYY    -112.6392   XXXZ       1.3383
      XXYZ       0.0001   XYYZ      -0.3089   YYYZ      -0.0140
      XXZZ     -98.4270   XYZZ       0.0121   YYZZ     -62.0685
      XZZZ       2.6705   YZZZ      -0.0055   ZZZZ    -294.9884
 -----------------------------------------------------------------
 Total job time:  256.65s(wall), 255.03s(cpu) 
 Tue Mar 18 15:23:17 2014

        *************************************************************
        *                                                           *
        *  Thank you very much for using Q-Chem.  Have a nice day.  *
        *                                                           *
        *************************************************************


0 sent ACK to 0 
now end server 0 ... 
 
**********************************************************************
Job 3 of 3 
**********************************************************************
 
Process 0 of 1 is on cl133 - thread support 1
initial socket setup ...start
initial socket setup ...done 
now start server 0 ... 

cmd = /usr/bin/ssh clhead /usr/local/qchem/bin/get_hostid 353315197 > /tmp/1591945.1.medium.q/qchem29618/lic.dat

cmd = /usr/bin/ssh clhead /usr/local/qchem/bin/get_hostid 353315197 > /tmp/1591945.1.medium.q/qchem29618/lic.dat

cmd = /usr/bin/ssh clhead /usr/local/qchem/bin/get_hostid 353315197 > /tmp/1591945.1.medium.q/qchem29618/lic.dat

cmd = /usr/bin/ssh clhead /usr/local/qchem/bin/get_hostid 353315197 > /tmp/1591945.1.medium.q/qchem29618/lic.dat

cmd = /usr/bin/ssh clhead /usr/local/qchem/bin/get_hostid 353315197 > /tmp/1591945.1.medium.q/qchem29618/lic.dat
                  Welcome to Q-Chem
     A Quantum Leap Into The Future Of Chemistry

 Y. Shao, L. Fusti-Molnar, Y. Jung, J. Kussmann, C. Ochsenfeld,
 S. T. Brown, A. T. B. Gilbert, L. V. Slipchenko,S. V. Levchenko,
 D. P. O'Neill, R. A. DiStasio Jr., R. C. Lochan, T. Wang,
 G. J. O. Beran, N. A. Besley, J. M. Herbert, C. Y. Lin,
 T. Van Voorhis, S. H. Chien, A. Sodt, R. P. Steele, 
 V. A. Rassolov, P. E. Maslen, P. P. Korambath, R. D. Adamson,
 B. Austin, J. Baker, E. F. C. Byrd, H. Dachsel, R. J. Doerksen,
 A. Dreuw, B. D. Dunietz, A. D. Dutoi, T. R. Furlani,
 S. R. Gwaltney, A. Heyden, S. Hirata, C.-P. Hsu, G. Kedziora,
 R. Z. Khaliullin, P. Klunzinger, A. M. Lee, M. S. Lee, W. Liang,
 I. Lotan, N. Nair, B. Peters, E. I. Proynov, P. A. Pieniazek, 
 Y. M. Rhee, J. Ritchie, E. Rosta, C. D. Sherrill, 
 A. C. Simmonett, J. E. Subotnik, H. L. Woodcock III,
 W. Zhang, A. T. Bell, A. K. Chakraborty, D. M. Chipman,
 F. J. Keil, A. Warshel, W. J. Hehre, H. F. Schaefer III,
 J. Kong, A. I. Krylov, P. M. W. Gill, M. Head-Gordon,
 Q-Chem, Version 3.1, Q-Chem, Inc., Pittsburgh, PA (2007).

 Additional authors for Version 3.1: 
 Z. Gan, Y. Zhao, N. E. Schultz, D. Truhlar, E. Epifanovsky and M. Oana.

 Additional authors for Version 3.2: 
 R. Baer, B. R. Brooks, D. Casanova, J.-D. Chai, C.-L. Cheng, 
 C. Cramer, D. Crittenden, A. Ghysels, G. Hawkins, E. G. Hohenstein, 
 C. Kelley, W. Kurlancheek, D. Liotard, E. Livshits, P. Manohar, 
 A. Marenich, D. Neuhauser, R. Olson, M. A. Rohrdanz, K. S. Thanthiriwatte, 
 A. J. W. Thom, V. Vanovschi, C. F. Williams, Q. Wu and Z.-Q. You. 


 Intel X86 Linux Version

 Q-chem begins on Tue Mar 18 15:23:22 2014  

 Parallel job on  1  processors
Processing $rem in /usr/local/qchem/config/preferences.

theFileMan(): MAXOPENFILES=974 MAX_SUB_FILE_NUM=16
Maximum size of a physical file is 2.0 GB, maximum size of a tmp-file is 32.0 GB


--------------------------------------------------------------
User input:
--------------------------------------------------------------

$molecule
1,2
C         -0.00006        0.00015        0.99980
C          1.26532        0.76004        0.98857
C          1.26516       -0.76001        0.98799
C         -1.27231       -0.00021        0.25137
C         -1.25820        0.00027        1.77153
H          1.57504        1.26150        1.90176
H          1.55860        1.26345        0.07108
H          1.57486       -1.26190        1.90095
H          1.55826       -1.26313        0.07027
H         -1.57794       -0.91602       -0.24774
H         -1.57802        0.91521       -0.24839
H         -1.55535       -0.91513        2.27650
H         -1.55537        0.91578        2.27629
$end

$comment
positive
$end

$xc_functional
C PBE   1.00
X wPBE  1.00
$end

$rem
SYMMETRY_DECOMPOSITION	0
LRC_DFT                 true
exchange 		general
BASIS                   g3large
omega			500
mem_static              760
max_scf_cycles          200
scf_final_print         1
sym_ignore              true
$end

--------------------------------------------------------------
 Writing REM_CC_EA           13
 ----------------------------------------------------
       Standard Nuclear Orientation (Angstroms)
    I     Atom         X            Y            Z
 ----------------------------------------------------
    1      C      -0.000060     0.000150     0.999800
    2      C       1.265320     0.760040     0.988570
    3      C       1.265160    -0.760010     0.987990
    4      C      -1.272310    -0.000210     0.251370
    5      C      -1.258200     0.000270     1.771530
    6      H       1.575040     1.261500     1.901760
    7      H       1.558600     1.263450     0.071080
    8      H       1.574860    -1.261900     1.900950
    9      H       1.558260    -1.263130     0.070270
   10      H      -1.577940    -0.916020    -0.247740
   11      H      -1.578020     0.915210    -0.248390
   12      H      -1.555350    -0.915130     2.276500
   13      H      -1.555370     0.915780     2.276290
 ----------------------------------------------------
 Nuclear Repulsion Energy =   170.9200549349 hartrees
 There are       19 alpha and       18 beta electrons
 Requested basis set is G3large
 There are 98 shells and 290 basis functions

Total QAlloc Memory Limit   2000 MB
Mega-Array Size       743 MB
MEM_STATIC part       760 MB

                       Distance Matrix (Angstroms)
             C (  1)   C (  2)   C (  3)   C (  4)   C (  5)   H (  6)
   C (  2)  1.476057
   C (  3)  1.476064  1.520050
   C (  4)  1.476065  2.749729  2.749302
   C (  5)  1.475969  2.749260  2.749419  1.520226
   H (  6)  2.210311  1.086878  2.239979  3.524642  3.104015
   H (  7)  2.210852  1.086841  2.240808  3.105381  3.524417  1.830755
   H (  8)  2.210252  2.239753  1.086878  3.524110  3.104199  2.523400
   H (  9)  2.210942  2.241050  1.086852  3.104817  3.524615  3.119037
   H ( 10)  2.210301  3.524453  3.103963  1.086843  2.240373  4.393544
   H ( 11)  2.210265  3.104630  3.524013  1.086836  2.240419  3.832082
   H ( 12)  2.210572  3.524363  3.104770  2.240166  1.086853  3.831121
   H ( 13)  2.210609  3.104637  3.524681  2.240416  1.086854  3.171634
             H (  7)   H (  8)   H (  9)   H ( 10)   H ( 11)   H ( 12)
   H (  8)  3.118667
   H (  9)  2.526580  1.830756
   H ( 10)  3.832704  3.831012  3.171335
   H ( 11)  3.172021  4.393190  3.831835  1.831230
   H ( 12)  4.393947  3.171672  3.831856  2.524341  3.118610
   H ( 13)  3.831532  3.831646  4.394185  3.118770  2.524782  1.830910

 
 A cutoff of  1.0D-08 yielded   4435 shell pairs
 There are  39245 function pairs ( 48051 Cartesian)
Evaluating contribution to one-electron hamiltonian from nuclear
 Smallest overlap matrix eigenvalue = 2.59E-05

 Q-Chem warning in module mkSTV.C, line 194:

 Overlap eigenvalue is smaller than square root of threshold

 Multipole matrices computed through 2nd order

  Scale SEOQF with 1.000000e-01/1.000000e-01/1.000000e-01

 Standard Electronic Orientation quadrupole field applied
 Nucleus-field energy     =    -0.0000000026 hartrees
 Guess from superposition of atomic densities
 Warning:  Energy on first SCF cycle will be non-variational
 Long-range K will be added via erf
 Coulomb attenuation parameter = 0.5 bohr**(-1)
 An unrestricted Kohn-Sham SCF calculation will be
 performed using Pulay DIIS extrapolation
 Exchange:  wPBE + LR-HF      Correlation:  PBE
 Using SG-1 standard quadrature grid
 SCF converges when DIIS error is below 1.0E-05
 Requested basis set is G3large
 There are 98 shells and 290 basis functions
 A cutoff of  1.0D-08 yielded   4435 shell pairs
 There are  39245 function pairs ( 48051 Cartesian)
 Warning!  Inaccurate integrated density:
   Number of electrons =    37
   Numerical integral  =    37.999764099938
   Relative error      =     2.7020651350 %
 ---------------------------------------
  Cycle       Energy         DIIS Error
 ---------------------------------------
    1    -197.3828449753      2.93E-02
    2    -194.7139676940      2.52E-03
    3    -194.7907136792      1.66E-03
    4    -194.8213220460      3.86E-04
    5    -194.8264887101      1.18E-04
    6    -194.8279338647      7.10E-05
    7    -194.8287304731      4.34E-05
    8    -194.8292000656      2.49E-05
    9    -194.8294277235      2.10E-05
   10    -194.8295858955      1.77E-05
   11    -194.8297258699      1.79E-05
   12    -194.8297432128      1.79E-05
   13    -194.8296794250      1.77E-05
   14    -194.8292973062      1.84E-05
   15    -194.8291216091      1.72E-05
   16    -194.8284983682      5.20E-05
   17    -194.8284853587      6.16E-05
   18    -194.8285182215      2.04E-05
   19    -194.8285212426      1.63E-05
   20    -194.8285276195      3.25E-06 Convergence criterion met
 ---------------------------------------
 One-Electron    Energy =  -590.4459325140
 Total Coulomb   Energy =   254.4328292774
 Alpha Exchange  Energy =    -4.4888731918
 Beta  Exchange  Energy =    -4.2373349228
 DFT   Exchange  Energy =   -19.8008351923
 DFT Correlation Energy =    -1.2084360084
 Nuclear Repu.   Energy =   170.9200549324
 Nuclear Attr.   Energy =  -784.3779904706
 Kinetic         Energy =   193.9320579566
 <S^2> = 0.7548
 SCF time:  CPU 934.99 s  wall 942.11 s
 Final Alpha MO Eigenvalues
            1           2           3           4           5           6
    1 -10.4738616 -10.4305669 -10.4301185 -10.3735453 -10.3732942  -1.3550167
            7           8           9          10          11          12
    1  -1.2328375  -1.0394911  -0.9932606  -0.9531982  -0.8727108  -0.8708922
           13          14          15          16          17          18
    1  -0.8534257  -0.7473676  -0.7334530  -0.7081329  -0.7044047  -0.6611350
           19          20          21          22          23          24
    1  -0.6385851  -0.0880404  -0.0782533  -0.0767777  -0.0680723  -0.0505736
 Final Beta MO Eigenvalues
            1           2           3           4           5           6
    1 -10.4661229 -10.4270140 -10.4265411 -10.3737392 -10.3734963  -1.3279429
            7           8           9          10          11          12
    1  -1.2274991  -1.0037119  -0.9899809  -0.9193867  -0.8671003  -0.8594241
           13          14          15          16          17          18
    1  -0.8253757  -0.7407779  -0.7244481  -0.6974967  -0.6548856  -0.6308820
           19          20          21          22          23
    1  -0.3585470  -0.0874590  -0.0761655  -0.0751761  -0.0675347
 Analysis of SCF Wavefunction
 
 --------------------------------------------------------------
                    Orbital Energies (a.u.)
 --------------------------------------------------------------
 
 Alpha MOs
 -- Occupied --
-10.474 -10.431 -10.430 -10.374 -10.373  -1.355  -1.233  -1.039
 -0.993  -0.953  -0.873  -0.871  -0.853  -0.747  -0.733  -0.708
 -0.704  -0.661  -0.639
 -- Virtual --
 -0.088  -0.078  -0.077  -0.068  -0.051  -0.045  -0.040  -0.034
 -0.025  -0.011  -0.004   0.002   0.018   0.021   0.024   0.027
  0.037   0.040   0.046   0.058   0.060   0.068   0.076   0.085
  0.089   0.090   0.097   0.098   0.099   0.106   0.127   0.135
  0.139   0.165   0.177   0.195   0.196   0.219   0.246   0.247
  0.263   0.290   0.314   0.376   0.378   0.388   0.391   0.411
  0.420   0.446   0.473   0.474   0.479   0.500   0.508   0.514
  0.516   0.522   0.535   0.554   0.562   0.579   0.579   0.590
  0.599   0.645   0.660   0.707   0.719   0.726   0.752   0.762
  0.791   0.822   0.824   0.826   0.906   0.955   0.961   0.981
  0.984   1.023   1.026   1.032   1.051   1.063   1.099   1.105
  1.112   1.161   1.166   1.215   1.216   1.237   1.237   1.263
  1.292   1.293   1.303   1.322   1.323   1.350   1.376   1.383
  1.388   1.407   1.434   1.470   1.484   1.498   1.499   1.506
  1.527   1.527   1.575   1.665   1.692   1.705   1.733   2.363
  2.396   2.447   2.509   2.536   2.543   2.549   2.558   2.577
  2.588   2.615   2.653   2.681   2.688   2.724   2.789   2.795
  2.812   2.815   2.828   2.894   2.896   2.924   2.930   2.946
  2.980   2.985   2.992   3.001   3.034   3.058   3.072   3.096
  3.141   3.144   3.155   3.186   3.259   3.264   3.271   3.287
  3.309   3.340   3.351   3.367   3.385   3.406   3.411   3.452
  3.460   3.485   3.507   3.514   3.515   3.597   3.698   3.731
  3.779   3.793   3.803   3.843   3.865   3.880   3.964   4.011
  4.023   4.027   4.028   4.047   4.073   4.155   4.175   4.180
  4.203   4.249   4.260   4.262   4.284   4.291   4.315   4.319
  4.406   4.408   4.437   4.445   4.452   4.465   4.507   4.603
  4.637   4.781   4.822   4.882   4.882   5.013   5.170   5.298
  5.336   5.375   5.412   5.512   5.526   5.547   5.577   5.648
  5.680   5.685  23.926  23.989  24.215  24.270  24.301  27.325
 27.393  27.407  27.423  27.812  27.928  27.930  27.935  27.958
 27.992  28.005  28.024  28.369  28.426  28.800  40.672  40.717
 40.773  40.805  40.806  40.835  40.854  40.862  40.864  40.911
 40.932  40.953  40.968  40.990  40.993  41.025  41.034  41.046
 41.068  41.077  41.119  41.133  41.134  41.150  41.179
 
 Beta MOs
 -- Occupied --
-10.466 -10.427 -10.427 -10.374 -10.373  -1.328  -1.227  -1.004
 -0.990  -0.919  -0.867  -0.859  -0.825  -0.741  -0.724  -0.697
 -0.655  -0.631
 -- Virtual --
 -0.359  -0.087  -0.076  -0.075  -0.068  -0.045  -0.044  -0.038
 -0.033  -0.025  -0.004   0.003   0.004   0.019   0.025   0.028
  0.029   0.041   0.044   0.047   0.059   0.063   0.069   0.077
  0.089   0.090   0.094   0.097   0.100   0.101   0.107   0.135
  0.137   0.143   0.172   0.187   0.197   0.208   0.221   0.257
  0.260   0.265   0.292   0.317   0.379   0.384   0.392   0.400
  0.413   0.425   0.454   0.474   0.478   0.488   0.508   0.518
  0.519   0.526   0.533   0.535   0.558   0.566   0.582   0.584
  0.594   0.601   0.647   0.668   0.715   0.720   0.728   0.754
  0.765   0.794   0.825   0.827   0.830   0.911   0.960   0.962
  0.987   0.999   1.028   1.034   1.035   1.054   1.070   1.101
  1.109   1.115   1.165   1.173   1.221   1.224   1.238   1.246
  1.271   1.294   1.297   1.309   1.328   1.329   1.353   1.378
  1.387   1.396   1.411   1.436   1.474   1.489   1.499   1.500
  1.513   1.529   1.531   1.577   1.673   1.708   1.708   1.742
  2.374   2.399   2.459   2.515   2.543   2.552   2.563   2.580
  2.581   2.591   2.621   2.659   2.689   2.698   2.738   2.799
  2.804   2.821   2.821   2.840   2.904   2.908   2.928   2.932
  2.967   2.984   2.995   3.000   3.005   3.042   3.063   3.082
  3.107   3.147   3.152   3.166   3.195   3.266   3.267   3.277
  3.300   3.314   3.356   3.361   3.369   3.393   3.416   3.418
  3.465   3.467   3.488   3.517   3.519   3.532   3.610   3.706
  3.739   3.785   3.800   3.811   3.854   3.869   3.890   3.974
  4.020   4.030   4.032   4.035   4.058   4.078   4.160   4.184
  4.185   4.208   4.258   4.266   4.274   4.287   4.295   4.323
  4.331   4.410   4.420   4.444   4.452   4.469   4.472   4.519
  4.612   4.645   4.800   4.824   4.888   4.897   5.018   5.178
  5.307   5.353   5.378   5.417   5.520   5.533   5.551   5.581
  5.662   5.684   5.692  23.933  23.992  24.219  24.270  24.305
 27.329  27.407  27.412  27.427  27.817  27.930  27.936  27.940
 27.960  27.993  28.006  28.025  28.375  28.425  28.804  40.688
 40.726  40.773  40.809  40.812  40.840  40.858  40.862  40.864
 40.910  40.947  40.963  40.972  40.994  40.994  41.025  41.040
 41.047  41.072  41.081  41.121  41.133  41.135  41.161  41.180
 --------------------------------------------------------------
 
          Ground-State Mulliken Net Atomic Charges

     Atom                 Charge (a.u.)    Spin (a.u.)
  --------------------------------------------------------
      1 C                     0.637073       0.422395
      2 C                    -0.200398       0.204325
      3 C                    -0.200867       0.201447
      4 C                    -0.261808       0.002485
      5 C                    -0.262530       0.002441
      6 H                     0.169775       0.021000
      7 H                     0.168080       0.016987
      8 H                     0.168055       0.017378
      9 H                     0.169636       0.021090
     10 H                     0.153818       0.024315
     11 H                     0.152554       0.020916
     12 H                     0.152575       0.020728
     13 H                     0.154038       0.024493
  --------------------------------------------------------
  Sum of atomic charges =     1.000000
  Sum of spin   charges =     1.000000

 -----------------------------------------------------------------
                    Cartesian Multipole Moments
 -----------------------------------------------------------------
    Charge (ESU x 10^10)
                 4.8032
    Dipole Moment (Debye)
         X       1.3461      Y       0.0038      Z       4.7908
       Tot       4.9763
    Quadrupole Moments (Debye-Ang)
        XX     -18.8629     XY       0.0066     YY     -22.6902
        XZ       1.2967     YZ       0.0734     ZZ     -19.6016
    Octapole Moments (Debye-Ang^2)
       XXX       4.6649    XXY       0.0039    XYY       4.2413
       YYY      -0.0036    XXZ     -18.9131    XYZ       0.0124
       YYZ     -22.7359    XZZ       0.3316    YZZ       0.1461
       ZZZ     -68.3362
    Hexadecapole Moments (Debye-Ang^3)
      XXXX    -273.3816   XXXY       0.0336   XXYY     -43.2398
      XYYY      -0.0017   YYYY     -88.9174   XXXZ       5.8772
      XXYZ       0.2098   XYYZ       4.4229   YYYZ       0.0860
      XXZZ     -65.5310   XYZZ       0.0141   YYZZ     -44.5821
      XZZZ      -1.1213   YZZZ       0.3084   ZZZZ    -234.8188
 -----------------------------------------------------------------
 Total job time:  942.53s(wall), 935.38s(cpu) 
 Tue Mar 18 15:39:04 2014

        *************************************************************
        *                                                           *
        *  Thank you very much for using Q-Chem.  Have a nice day.  *
        *                                                           *
        *************************************************************


0 sent ACK to 0 
now end server 0 ... 
