Process 0 of 1 is on cl183 - thread support 1
initial socket setup ...start
initial socket setup ...done 
now start server 0 ... 

cmd = /usr/bin/ssh clhead /usr/local/qchem/bin/get_hostid 520738964 > /tmp/1591265.1.medium.q/qchem23213/lic.dat

cmd = /usr/bin/ssh clhead /usr/local/qchem/bin/get_hostid 520738964 > /tmp/1591265.1.medium.q/qchem23213/lic.dat

cmd = /usr/bin/ssh clhead /usr/local/qchem/bin/get_hostid 520738964 > /tmp/1591265.1.medium.q/qchem23213/lic.dat

cmd = /usr/bin/ssh clhead /usr/local/qchem/bin/get_hostid 520738964 > /tmp/1591265.1.medium.q/qchem23213/lic.dat

cmd = /usr/bin/ssh clhead /usr/local/qchem/bin/get_hostid 520738964 > /tmp/1591265.1.medium.q/qchem23213/lic.dat
                  Welcome to Q-Chem
     A Quantum Leap Into The Future Of Chemistry

 Y. Shao, L. Fusti-Molnar, Y. Jung, J. Kussmann, C. Ochsenfeld,
 S. T. Brown, A. T. B. Gilbert, L. V. Slipchenko,S. V. Levchenko,
 D. P. O'Neill, R. A. DiStasio Jr., R. C. Lochan, T. Wang,
 G. J. O. Beran, N. A. Besley, J. M. Herbert, C. Y. Lin,
 T. Van Voorhis, S. H. Chien, A. Sodt, R. P. Steele, 
 V. A. Rassolov, P. E. Maslen, P. P. Korambath, R. D. Adamson,
 B. Austin, J. Baker, E. F. C. Byrd, H. Dachsel, R. J. Doerksen,
 A. Dreuw, B. D. Dunietz, A. D. Dutoi, T. R. Furlani,
 S. R. Gwaltney, A. Heyden, S. Hirata, C.-P. Hsu, G. Kedziora,
 R. Z. Khaliullin, P. Klunzinger, A. M. Lee, M. S. Lee, W. Liang,
 I. Lotan, N. Nair, B. Peters, E. I. Proynov, P. A. Pieniazek, 
 Y. M. Rhee, J. Ritchie, E. Rosta, C. D. Sherrill, 
 A. C. Simmonett, J. E. Subotnik, H. L. Woodcock III,
 W. Zhang, A. T. Bell, A. K. Chakraborty, D. M. Chipman,
 F. J. Keil, A. Warshel, W. J. Hehre, H. F. Schaefer III,
 J. Kong, A. I. Krylov, P. M. W. Gill, M. Head-Gordon,
 Q-Chem, Version 3.1, Q-Chem, Inc., Pittsburgh, PA (2007).

 Additional authors for Version 3.1: 
 Z. Gan, Y. Zhao, N. E. Schultz, D. Truhlar, E. Epifanovsky and M. Oana.

 Additional authors for Version 3.2: 
 R. Baer, B. R. Brooks, D. Casanova, J.-D. Chai, C.-L. Cheng, 
 C. Cramer, D. Crittenden, A. Ghysels, G. Hawkins, E. G. Hohenstein, 
 C. Kelley, W. Kurlancheek, D. Liotard, E. Livshits, P. Manohar, 
 A. Marenich, D. Neuhauser, R. Olson, M. A. Rohrdanz, K. S. Thanthiriwatte, 
 A. J. W. Thom, V. Vanovschi, C. F. Williams, Q. Wu and Z.-Q. You. 


 Intel X86 Linux Version

 Q-chem begins on Sat Mar  8 00:02:03 2014  

 Parallel job on  1  processors
Processing $rem in /usr/local/qchem/config/preferences.

theFileMan(): MAXOPENFILES=974 MAX_SUB_FILE_NUM=16
Maximum size of a physical file is 2.0 GB, maximum size of a tmp-file is 32.0 GB


--------------------------------------------------------------
User input:
--------------------------------------------------------------

$molecule
-1,2
C         -0.00006        0.00015        0.99980
C          1.26532        0.76004        0.98857
C          1.26516       -0.76001        0.98799
C         -1.27231       -0.00021        0.25137
C         -1.25820        0.00027        1.77153
H          1.57504        1.26150        1.90176
H          1.55860        1.26345        0.07108
H          1.57486       -1.26190        1.90095
H          1.55826       -1.26313        0.07027
H         -1.57794       -0.91602       -0.24774
H         -1.57802        0.91521       -0.24839
H         -1.55535       -0.91513        2.27650
H         -1.55537        0.91578        2.27629
$end

$comment
negative
$end

$xc_functional
C PBE   1.00
X wPBE  1.00
$end

$rem
SYMMETRY_DECOMPOSITION	0
exchange 		general
LRC_DFT                 true
BASIS                   g3large
omega			310
mem_static              760
max_scf_cycles          200
scf_final_print         1
sym_ignore              true
$end

--------------------------------------------------------------
 Writing REM_CC_EA           13
 ----------------------------------------------------
       Standard Nuclear Orientation (Angstroms)
    I     Atom         X            Y            Z
 ----------------------------------------------------
    1      C      -0.000060     0.000150     0.999800
    2      C       1.265320     0.760040     0.988570
    3      C       1.265160    -0.760010     0.987990
    4      C      -1.272310    -0.000210     0.251370
    5      C      -1.258200     0.000270     1.771530
    6      H       1.575040     1.261500     1.901760
    7      H       1.558600     1.263450     0.071080
    8      H       1.574860    -1.261900     1.900950
    9      H       1.558260    -1.263130     0.070270
   10      H      -1.577940    -0.916020    -0.247740
   11      H      -1.578020     0.915210    -0.248390
   12      H      -1.555350    -0.915130     2.276500
   13      H      -1.555370     0.915780     2.276290
 ----------------------------------------------------
 Nuclear Repulsion Energy =   170.9200549349 hartrees
 There are       20 alpha and       19 beta electrons
 Requested basis set is G3large
 There are 98 shells and 290 basis functions

Total QAlloc Memory Limit   2000 MB
Mega-Array Size       743 MB
MEM_STATIC part       760 MB

                       Distance Matrix (Angstroms)
             C (  1)   C (  2)   C (  3)   C (  4)   C (  5)   H (  6)
   C (  2)  1.476057
   C (  3)  1.476064  1.520050
   C (  4)  1.476065  2.749729  2.749302
   C (  5)  1.475969  2.749260  2.749419  1.520226
   H (  6)  2.210311  1.086878  2.239979  3.524642  3.104015
   H (  7)  2.210852  1.086841  2.240808  3.105381  3.524417  1.830755
   H (  8)  2.210252  2.239753  1.086878  3.524110  3.104199  2.523400
   H (  9)  2.210942  2.241050  1.086852  3.104817  3.524615  3.119037
   H ( 10)  2.210301  3.524453  3.103963  1.086843  2.240373  4.393544
   H ( 11)  2.210265  3.104630  3.524013  1.086836  2.240419  3.832082
   H ( 12)  2.210572  3.524363  3.104770  2.240166  1.086853  3.831121
   H ( 13)  2.210609  3.104637  3.524681  2.240416  1.086854  3.171634
             H (  7)   H (  8)   H (  9)   H ( 10)   H ( 11)   H ( 12)
   H (  8)  3.118667
   H (  9)  2.526580  1.830756
   H ( 10)  3.832704  3.831012  3.171335
   H ( 11)  3.172021  4.393190  3.831835  1.831230
   H ( 12)  4.393947  3.171672  3.831856  2.524341  3.118610
   H ( 13)  3.831532  3.831646  4.394185  3.118770  2.524782  1.830910

 
 A cutoff of  1.0D-08 yielded   4435 shell pairs
 There are  39245 function pairs ( 48051 Cartesian)
Evaluating contribution to one-electron hamiltonian from nuclear
 Smallest overlap matrix eigenvalue = 2.59E-05

 Q-Chem warning in module mkSTV.C, line 194:

 Overlap eigenvalue is smaller than square root of threshold

 Multipole matrices computed through 2nd order

  Scale SEOQF with 1.000000e-01/1.000000e-01/1.000000e-01

 Standard Electronic Orientation quadrupole field applied
 Nucleus-field energy     =    -0.0000000026 hartrees
 Guess from superposition of atomic densities
 Warning:  Energy on first SCF cycle will be non-variational
 Long-range K will be added via erf
 Coulomb attenuation parameter = 0.31 bohr**(-1)
 An unrestricted Kohn-Sham SCF calculation will be
 performed using Pulay DIIS extrapolation
 Exchange:  wPBE + LR-HF      Correlation:  PBE
 Using SG-1 standard quadrature grid
 SCF converges when DIIS error is below 1.0E-05
 Requested basis set is G3large
 There are 98 shells and 290 basis functions
 A cutoff of  1.0D-08 yielded   4435 shell pairs
 There are  39245 function pairs ( 48051 Cartesian)
 Warning!  Inaccurate integrated density:
   Number of electrons =    39
   Numerical integral  =    37.999764099938
   Relative error      =    -2.5647074361 %
 ---------------------------------------
  Cycle       Energy         DIIS Error
 ---------------------------------------
    1    -197.0136658127      2.89E-02
    2    -194.9508743100      3.21E-03
    3    -195.0318878482      2.98E-03
    4    -195.1269480487      3.37E-04
    5    -195.1318324145      1.98E-04
    6    -195.1334387105      6.27E-05
    7    -195.1340146004      2.77E-05
    8    -195.1342592824      1.82E-05
    9    -195.1344197278      1.47E-05
   10    -195.1345653578      1.06E-05
   11    -195.1346766701      7.79E-06 Convergence criterion met
 ---------------------------------------
 One-Electron    Energy =  -604.2549483765
 Total Coulomb   Energy =   268.2877942902
 Alpha Exchange  Energy =    -3.0976628378
 Beta  Exchange  Energy =    -3.0387134170
 DFT   Exchange  Energy =   -22.6986348902
 DFT Correlation Energy =    -1.2525663712
 Nuclear Repu.   Energy =   170.9200549324
 Nuclear Attr.   Energy =  -798.5166607367
 Kinetic         Energy =   194.2617123602
 <S^2> = 0.7501
 SCF time:  CPU 504.14 s  wall 509.08 s
 Final Alpha MO Eigenvalues
            1           2           3           4           5           6
    1  -9.9443837  -9.9357689  -9.9287141  -9.9285500  -9.9280368  -0.8662430
            7           8           9          10          11          12
    1  -0.7824761  -0.5873587  -0.5835950  -0.5230041  -0.4645956  -0.4545094
           13          14          15          16          17          18
    1  -0.4505426  -0.3439055  -0.3298808  -0.3282230  -0.2607087  -0.2594546
           19          20          21          22          23          24
    1  -0.2486558   0.0332874   0.1281552   0.1283071   0.1297479   0.1581078
           25
    1   0.1582338
 Final Beta MO Eigenvalues
            1           2           3           4           5           6
    1  -9.9443922  -9.9356801  -9.9284494  -9.9283228  -9.9277925  -0.8661376
            7           8           9          10          11          12
    1  -0.7822830  -0.5867176  -0.5827934  -0.5222353  -0.4639867  -0.4542355
           13          14          15          16          17          18
    1  -0.4499875  -0.3435790  -0.3293132  -0.3278976  -0.2604348  -0.2592226
           19          20          21          22          23          24
    1  -0.2481330   0.1258249   0.1391024   0.1409672   0.1446675   0.1596294
 Analysis of SCF Wavefunction
 
 --------------------------------------------------------------
                    Orbital Energies (a.u.)
 --------------------------------------------------------------
 
 Alpha MOs
 -- Occupied --
 -9.944  -9.936  -9.929  -9.929  -9.928  -0.866  -0.782  -0.587
 -0.584  -0.523  -0.465  -0.455  -0.451  -0.344  -0.330  -0.328
 -0.261  -0.259  -0.249   0.033
 -- Virtual --
  0.128   0.128   0.130   0.158   0.158   0.163   0.180   0.190
  0.219   0.245   0.247   0.254   0.262   0.265   0.265   0.281
  0.285   0.289   0.299   0.311   0.311   0.322   0.334   0.336
  0.340   0.341   0.354   0.355   0.370   0.413   0.417   0.419
  0.447   0.464   0.470   0.478   0.502   0.532   0.533   0.544
  0.551   0.606   0.655   0.671   0.673   0.677   0.700   0.704
  0.735   0.757   0.759   0.778   0.787   0.794   0.805   0.806
  0.822   0.823   0.838   0.849   0.858   0.861   0.865   0.882
  0.914   0.967   1.009   1.009   1.016   1.034   1.061   1.089
  1.115   1.122   1.123   1.193   1.244   1.246   1.271   1.298
  1.318   1.319   1.327   1.344   1.347   1.382   1.393   1.394
  1.451   1.453   1.508   1.513   1.516   1.538   1.561   1.564
  1.584   1.588   1.612   1.619   1.623   1.659   1.661   1.679
  1.684   1.708   1.757   1.771   1.774   1.787   1.798   1.802
  1.805   1.863   1.970   2.003   2.004   2.031   2.669   2.672
  2.752   2.792   2.821   2.822   2.843   2.854   2.886   2.887
  2.893   2.943   2.980   2.981   3.027   3.083   3.096   3.098
  3.103   3.133   3.188   3.190   3.207   3.212   3.263   3.265
  3.281   3.282   3.294   3.327   3.331   3.371   3.396   3.427
  3.428   3.448   3.478   3.543   3.543   3.553   3.585   3.587
  3.639   3.640   3.649   3.667   3.698   3.699   3.744   3.745
  3.759   3.799   3.799   3.813   3.887   3.984   4.013   4.063
  4.079   4.081   4.138   4.139   4.166   4.253   4.300   4.302
  4.305   4.308   4.338   4.341   4.430   4.455   4.461   4.464
  4.542   4.546   4.549   4.558   4.560   4.601   4.602   4.692
  4.693   4.721   4.725   4.729   4.762   4.802   4.906   4.924
  5.098   5.100   5.169   5.171   5.290   5.457   5.584   5.643
  5.646   5.687   5.794   5.801   5.805   5.838   5.946   5.949
  5.980  24.229  24.251  24.503  24.506  24.576  27.604  27.665
 27.717  27.719  28.103  28.194  28.221  28.223  28.239  28.264
 28.264  28.278  28.665  28.669  29.105  40.985  41.002  41.022
 41.085  41.092  41.096  41.097  41.136  41.138  41.142  41.256
 41.262  41.263  41.268  41.270  41.281  41.303  41.317  41.363
 41.368  41.375  41.377  41.397  41.468  41.469
 
 Beta MOs
 -- Occupied --
 -9.944  -9.936  -9.928  -9.928  -9.928  -0.866  -0.782  -0.587
 -0.583  -0.522  -0.464  -0.454  -0.450  -0.344  -0.329  -0.328
 -0.260  -0.259  -0.248
 -- Virtual --
  0.126   0.139   0.141   0.145   0.160   0.165   0.168   0.183
  0.189   0.217   0.241   0.242   0.248   0.257   0.260   0.260
  0.281   0.281   0.289   0.298   0.309   0.310   0.319   0.329
  0.332   0.334   0.335   0.350   0.352   0.369   0.410   0.416
  0.418   0.446   0.462   0.468   0.473   0.500   0.530   0.530
  0.541   0.550   0.605   0.653   0.669   0.670   0.675   0.699
  0.702   0.733   0.756   0.757   0.776   0.786   0.792   0.804
  0.806   0.821   0.821   0.836   0.848   0.856   0.858   0.863
  0.882   0.913   0.967   1.009   1.010   1.016   1.034   1.061
  1.088   1.115   1.122   1.123   1.193   1.245   1.246   1.271
  1.298   1.318   1.319   1.327   1.344   1.347   1.382   1.393
  1.394   1.451   1.453   1.507   1.513   1.516   1.538   1.560
  1.563   1.584   1.588   1.612   1.619   1.622   1.659   1.661
  1.679   1.684   1.708   1.757   1.771   1.774   1.787   1.798
  1.802   1.805   1.863   1.970   2.003   2.004   2.032   2.669
  2.672   2.752   2.791   2.821   2.822   2.843   2.854   2.886
  2.887   2.893   2.943   2.980   2.981   3.028   3.083   3.097
  3.098   3.104   3.133   3.189   3.190   3.207   3.213   3.264
  3.265   3.282   3.283   3.294   3.327   3.332   3.372   3.396
  3.427   3.428   3.448   3.478   3.544   3.544   3.553   3.585
  3.587   3.639   3.641   3.650   3.668   3.698   3.699   3.745
  3.745   3.759   3.799   3.799   3.813   3.888   3.984   4.013
  4.063   4.080   4.081   4.138   4.140   4.166   4.253   4.300
  4.302   4.305   4.308   4.338   4.341   4.430   4.455   4.461
  4.464   4.543   4.547   4.550   4.558   4.561   4.601   4.603
  4.692   4.693   4.721   4.725   4.729   4.762   4.802   4.906
  4.924   5.098   5.100   5.169   5.171   5.290   5.457   5.584
  5.644   5.646   5.688   5.794   5.801   5.805   5.838   5.947
  5.950   5.980  24.229  24.251  24.503  24.507  24.576  27.605
 27.665  27.717  27.719  28.103  28.194  28.221  28.223  28.239
 28.264  28.264  28.278  28.665  28.669  29.105  40.985  41.002
 41.023  41.085  41.092  41.096  41.098  41.136  41.139  41.142
 41.256  41.262  41.263  41.268  41.270  41.281  41.303  41.317
 41.363  41.369  41.375  41.378  41.397  41.468  41.469
 --------------------------------------------------------------
 
          Ground-State Mulliken Net Atomic Charges

     Atom                 Charge (a.u.)    Spin (a.u.)
  --------------------------------------------------------
      1 C                    -3.673595       4.251035
      2 C                     3.122144      -3.475808
      3 C                    -0.255731      -0.044370
      4 C                     1.625111      -1.947983
      5 C                     1.378531      -1.700253
      6 H                    -0.573149       0.675021
      7 H                    -0.617848       0.721679
      8 H                    -0.041140       0.113829
      9 H                    -0.055889       0.130242
     10 H                    -0.136339       0.210138
     11 H                    -0.864459       0.976622
     12 H                    -0.113057       0.184945
     13 H                    -0.794580       0.904902
  --------------------------------------------------------
  Sum of atomic charges =    -1.000000
  Sum of spin   charges =     1.000000

 -----------------------------------------------------------------
                    Cartesian Multipole Moments
 -----------------------------------------------------------------
    Charge (ESU x 10^10)
                -4.8032
    Dipole Moment (Debye)
         X       1.9692      Y      -6.9925      Z      -4.4046
       Tot       8.4955
    Quadrupole Moments (Debye-Ang)
        XX     -73.2858     XY       1.8583     YY     -65.8247
        XZ       1.8518     YZ      -6.5472     ZZ     -64.7633
    Octapole Moments (Debye-Ang^2)
       XXX      30.0669    XXY     -43.1362    XYY      12.8099
       YYY     -95.4074    XXZ     -70.7634    XYZ       1.7514
       YYZ     -63.5400    XZZ      11.2015    YZZ     -44.2970
       ZZZ    -180.4401
    Hexadecapole Moments (Debye-Ang^3)
      XXXX   -1053.2138   XXXY       9.6387   XXYY    -290.8223
      XYYY      16.2826   YYYY    -607.5734   XXXZ      28.7050
      XXYZ     -40.8282   XYYZ      12.5390   YYYZ     -90.6573
      XXZZ    -336.5116   XYZZ      10.0891   YYZZ    -262.7063
      XZZZ      29.6880   YZZZ    -115.5133   ZZZZ    -861.4516
 -----------------------------------------------------------------
 Total job time:  509.59s(wall), 504.55s(cpu) 
 Sat Mar  8 00:10:33 2014

        *************************************************************
        *                                                           *
        *  Thank you very much for using Q-Chem.  Have a nice day.  *
        *                                                           *
        *************************************************************


0 sent ACK to 0 
now end server 0 ... 
 
**********************************************************************
Job 2 of 3 
**********************************************************************
 
Process 0 of 1 is on cl183 - thread support 1
initial socket setup ...start
initial socket setup ...done 
now start server 0 ... 

cmd = /usr/bin/ssh clhead /usr/local/qchem/bin/get_hostid 2048859883 > /tmp/1591265.1.medium.q/qchem23213/lic.dat

cmd = /usr/bin/ssh clhead /usr/local/qchem/bin/get_hostid 2048859883 > /tmp/1591265.1.medium.q/qchem23213/lic.dat

cmd = /usr/bin/ssh clhead /usr/local/qchem/bin/get_hostid 2048859883 > /tmp/1591265.1.medium.q/qchem23213/lic.dat

cmd = /usr/bin/ssh clhead /usr/local/qchem/bin/get_hostid 2048859883 > /tmp/1591265.1.medium.q/qchem23213/lic.dat

cmd = /usr/bin/ssh clhead /usr/local/qchem/bin/get_hostid 2048859883 > /tmp/1591265.1.medium.q/qchem23213/lic.dat
                  Welcome to Q-Chem
     A Quantum Leap Into The Future Of Chemistry

 Y. Shao, L. Fusti-Molnar, Y. Jung, J. Kussmann, C. Ochsenfeld,
 S. T. Brown, A. T. B. Gilbert, L. V. Slipchenko,S. V. Levchenko,
 D. P. O'Neill, R. A. DiStasio Jr., R. C. Lochan, T. Wang,
 G. J. O. Beran, N. A. Besley, J. M. Herbert, C. Y. Lin,
 T. Van Voorhis, S. H. Chien, A. Sodt, R. P. Steele, 
 V. A. Rassolov, P. E. Maslen, P. P. Korambath, R. D. Adamson,
 B. Austin, J. Baker, E. F. C. Byrd, H. Dachsel, R. J. Doerksen,
 A. Dreuw, B. D. Dunietz, A. D. Dutoi, T. R. Furlani,
 S. R. Gwaltney, A. Heyden, S. Hirata, C.-P. Hsu, G. Kedziora,
 R. Z. Khaliullin, P. Klunzinger, A. M. Lee, M. S. Lee, W. Liang,
 I. Lotan, N. Nair, B. Peters, E. I. Proynov, P. A. Pieniazek, 
 Y. M. Rhee, J. Ritchie, E. Rosta, C. D. Sherrill, 
 A. C. Simmonett, J. E. Subotnik, H. L. Woodcock III,
 W. Zhang, A. T. Bell, A. K. Chakraborty, D. M. Chipman,
 F. J. Keil, A. Warshel, W. J. Hehre, H. F. Schaefer III,
 J. Kong, A. I. Krylov, P. M. W. Gill, M. Head-Gordon,
 Q-Chem, Version 3.1, Q-Chem, Inc., Pittsburgh, PA (2007).

 Additional authors for Version 3.1: 
 Z. Gan, Y. Zhao, N. E. Schultz, D. Truhlar, E. Epifanovsky and M. Oana.

 Additional authors for Version 3.2: 
 R. Baer, B. R. Brooks, D. Casanova, J.-D. Chai, C.-L. Cheng, 
 C. Cramer, D. Crittenden, A. Ghysels, G. Hawkins, E. G. Hohenstein, 
 C. Kelley, W. Kurlancheek, D. Liotard, E. Livshits, P. Manohar, 
 A. Marenich, D. Neuhauser, R. Olson, M. A. Rohrdanz, K. S. Thanthiriwatte, 
 A. J. W. Thom, V. Vanovschi, C. F. Williams, Q. Wu and Z.-Q. You. 


 Intel X86 Linux Version

 Q-chem begins on Sat Mar  8 00:10:37 2014  

 Parallel job on  1  processors
Processing $rem in /usr/local/qchem/config/preferences.

theFileMan(): MAXOPENFILES=974 MAX_SUB_FILE_NUM=16
Maximum size of a physical file is 2.0 GB, maximum size of a tmp-file is 32.0 GB


--------------------------------------------------------------
User input:
--------------------------------------------------------------

$molecule
0,1
C         -0.00006        0.00015        0.99980
C          1.26532        0.76004        0.98857
C          1.26516       -0.76001        0.98799
C         -1.27231       -0.00021        0.25137
C         -1.25820        0.00027        1.77153
H          1.57504        1.26150        1.90176
H          1.55860        1.26345        0.07108
H          1.57486       -1.26190        1.90095
H          1.55826       -1.26313        0.07027
H         -1.57794       -0.91602       -0.24774
H         -1.57802        0.91521       -0.24839
H         -1.55535       -0.91513        2.27650
H         -1.55537        0.91578        2.27629
$end

$comment
neutral
$end

$xc_functional
C PBE   1.00
X wPBE  1.00
$end


$rem
SYMMETRY_DECOMPOSITION	0
LRC_DFT                 true
exchange 		general
BASIS                   g3large
omega			310
mem_static              760
max_scf_cycles          200
scf_final_print         1
sym_ignore              true
$end

--------------------------------------------------------------
 Writing REM_CC_EA           13
 ----------------------------------------------------
       Standard Nuclear Orientation (Angstroms)
    I     Atom         X            Y            Z
 ----------------------------------------------------
    1      C      -0.000060     0.000150     0.999800
    2      C       1.265320     0.760040     0.988570
    3      C       1.265160    -0.760010     0.987990
    4      C      -1.272310    -0.000210     0.251370
    5      C      -1.258200     0.000270     1.771530
    6      H       1.575040     1.261500     1.901760
    7      H       1.558600     1.263450     0.071080
    8      H       1.574860    -1.261900     1.900950
    9      H       1.558260    -1.263130     0.070270
   10      H      -1.577940    -0.916020    -0.247740
   11      H      -1.578020     0.915210    -0.248390
   12      H      -1.555350    -0.915130     2.276500
   13      H      -1.555370     0.915780     2.276290
 ----------------------------------------------------
 Nuclear Repulsion Energy =   170.9200549349 hartrees
 There are       19 alpha and       19 beta electrons
 Requested basis set is G3large
 There are 98 shells and 290 basis functions

Total QAlloc Memory Limit   2000 MB
Mega-Array Size       743 MB
MEM_STATIC part       760 MB

                       Distance Matrix (Angstroms)
             C (  1)   C (  2)   C (  3)   C (  4)   C (  5)   H (  6)
   C (  2)  1.476057
   C (  3)  1.476064  1.520050
   C (  4)  1.476065  2.749729  2.749302
   C (  5)  1.475969  2.749260  2.749419  1.520226
   H (  6)  2.210311  1.086878  2.239979  3.524642  3.104015
   H (  7)  2.210852  1.086841  2.240808  3.105381  3.524417  1.830755
   H (  8)  2.210252  2.239753  1.086878  3.524110  3.104199  2.523400
   H (  9)  2.210942  2.241050  1.086852  3.104817  3.524615  3.119037
   H ( 10)  2.210301  3.524453  3.103963  1.086843  2.240373  4.393544
   H ( 11)  2.210265  3.104630  3.524013  1.086836  2.240419  3.832082
   H ( 12)  2.210572  3.524363  3.104770  2.240166  1.086853  3.831121
   H ( 13)  2.210609  3.104637  3.524681  2.240416  1.086854  3.171634
             H (  7)   H (  8)   H (  9)   H ( 10)   H ( 11)   H ( 12)
   H (  8)  3.118667
   H (  9)  2.526580  1.830756
   H ( 10)  3.832704  3.831012  3.171335
   H ( 11)  3.172021  4.393190  3.831835  1.831230
   H ( 12)  4.393947  3.171672  3.831856  2.524341  3.118610
   H ( 13)  3.831532  3.831646  4.394185  3.118770  2.524782  1.830910

 
 A cutoff of  1.0D-08 yielded   4435 shell pairs
 There are  39245 function pairs ( 48051 Cartesian)
Evaluating contribution to one-electron hamiltonian from nuclear
 Smallest overlap matrix eigenvalue = 2.59E-05

 Q-Chem warning in module mkSTV.C, line 194:

 Overlap eigenvalue is smaller than square root of threshold

 Multipole matrices computed through 2nd order

  Scale SEOQF with 1.000000e-01/1.000000e-01/1.000000e-01

 Standard Electronic Orientation quadrupole field applied
 Nucleus-field energy     =    -0.0000000026 hartrees
 Guess from superposition of atomic densities
 Warning:  Energy on first SCF cycle will be non-variational
 Long-range K will be added via erf
 Coulomb attenuation parameter = 0.31 bohr**(-1)
 A restricted Kohn-Sham SCF calculation will be
 performed using Pulay DIIS extrapolation
 Exchange:  wPBE + LR-HF      Correlation:  PBE
 Using SG-1 standard quadrature grid
 SCF converges when DIIS error is below 1.0E-05
 Requested basis set is G3large
 There are 98 shells and 290 basis functions
 A cutoff of  1.0D-08 yielded   4435 shell pairs
 There are  39245 function pairs ( 48051 Cartesian)
 ---------------------------------------
  Cycle       Energy         DIIS Error
 ---------------------------------------
    1    -197.0136658127      2.89E-02
    2    -195.0845398729      2.67E-03
    3    -195.1314212213      2.01E-03
    4    -195.1709069742      2.50E-04
    5    -195.1716994964      1.21E-04
    6    -195.1718530949      2.89E-05
    7    -195.1718664562      7.21E-06 Convergence criterion met
 ---------------------------------------
 One-Electron    Energy =  -599.6651235516
 Total Coulomb   Energy =   263.5889380991
 Alpha Exchange  Energy =    -3.0396960569
 Beta  Exchange  Energy =    -3.0396960569
 DFT   Exchange  Energy =   -22.6907431517
 DFT Correlation Energy =    -1.2456006705
 Nuclear Repu.   Energy =   170.9200549324
 Nuclear Attr.   Energy =  -793.8592654703
 Kinetic         Energy =   194.1941419187
 SCF time:  CPU 239.87 s  wall 242.91 s
 Final Alpha MO Eigenvalues
            1           2           3           4           5           6
    1 -10.0660594 -10.0528401 -10.0526589 -10.0525471 -10.0523290  -0.9879674
            7           8           9          10          11          12
    1  -0.9041049  -0.7068632  -0.7068288  -0.6441145  -0.5854898  -0.5743390
           13          14          15          16          17          18
    1  -0.5742868  -0.4652432  -0.4512310  -0.4503752  -0.3817617  -0.3816505
           19          20          21          22          23          24
    1  -0.3701470   0.0413125   0.0529256   0.0529349   0.0575511   0.0762393
 Analysis of SCF Wavefunction
 
 --------------------------------------------------------------
                    Orbital Energies (a.u.)
 --------------------------------------------------------------
 
 Alpha MOs
 -- Occupied --
-10.066 -10.053 -10.053 -10.053 -10.052  -0.988  -0.904  -0.707
 -0.707  -0.644  -0.585  -0.574  -0.574  -0.465  -0.451  -0.450
 -0.382  -0.382  -0.370
 -- Virtual --
  0.041   0.053   0.053   0.058   0.076   0.076   0.081   0.098
  0.100   0.122   0.148   0.148   0.159   0.164   0.166   0.166
  0.183   0.184   0.184   0.196   0.207   0.207   0.218   0.234
  0.235   0.237   0.237   0.245   0.245   0.258   0.302   0.302
  0.303   0.332   0.352   0.352   0.369   0.387   0.421   0.421
  0.435   0.435   0.491   0.541   0.558   0.558   0.559   0.586
  0.586   0.619   0.641   0.641   0.662   0.671   0.677   0.688
  0.688   0.704   0.704   0.722   0.731   0.743   0.743   0.748
  0.762   0.797   0.847   0.889   0.890   0.896   0.912   0.940
  0.969   0.994   1.002   1.002   1.073   1.125   1.125   1.151
  1.178   1.198   1.198   1.207   1.226   1.226   1.262   1.274
  1.274   1.332   1.332   1.388   1.395   1.395   1.418   1.442
  1.442   1.465   1.469   1.492   1.498   1.504   1.541   1.541
  1.561   1.563   1.589   1.637   1.652   1.653   1.666   1.680
  1.680   1.684   1.741   1.849   1.882   1.883   1.910   2.549
  2.549   2.630   2.671   2.700   2.700   2.722   2.732   2.765
  2.765   2.772   2.821   2.859   2.859   2.906   2.961   2.976
  2.976   2.982   3.011   3.068   3.068   3.085   3.091   3.143
  3.143   3.160   3.160   3.172   3.205   3.209   3.250   3.274
  3.306   3.306   3.327   3.356   3.422   3.422   3.432   3.464
  3.464   3.518   3.518   3.528   3.546   3.576   3.577   3.623
  3.624   3.638   3.677   3.678   3.692   3.766   3.862   3.891
  3.941   3.959   3.959   4.017   4.017   4.044   4.132   4.180
  4.180   4.183   4.186   4.218   4.218   4.308   4.333   4.339
  4.342   4.421   4.426   4.427   4.437   4.438   4.480   4.480
  4.571   4.571   4.600   4.605   4.605   4.640   4.680   4.784
  4.802   4.977   4.978   5.048   5.048   5.168   5.335   5.462
  5.523   5.523   5.566   5.677   5.677   5.681   5.716   5.826
  5.826   5.858  24.107  24.129  24.382  24.382  24.454  27.482
 27.542  27.596  27.596  27.981  28.072  28.100  28.100  28.117
 28.142  28.142  28.156  28.545  28.545  28.983  40.863  40.880
 40.900  40.964  40.972  40.972  40.974  41.015  41.018  41.018
 41.135  41.141  41.141  41.147  41.147  41.159  41.181  41.194
 41.244  41.244  41.253  41.254  41.275  41.346  41.346
 --------------------------------------------------------------
 
          Ground-State Mulliken Net Atomic Charges

     Atom                 Charge (a.u.)
  ----------------------------------------
      1 C                     0.516434
      2 C                    -0.307810
      3 C                    -0.308217
      4 C                    -0.308049
      5 C                    -0.308052
      6 H                     0.089526
      7 H                     0.089447
      8 H                     0.089442
      9 H                     0.089501
     10 H                     0.089409
     11 H                     0.089459
     12 H                     0.089450
     13 H                     0.089461
  ----------------------------------------
  Sum of atomic charges =     0.000000

 -----------------------------------------------------------------
                    Cartesian Multipole Moments
 -----------------------------------------------------------------
    Charge (ESU x 10^10)
                 0.0000
    Dipole Moment (Debye)
         X       0.0002      Y      -0.0013      Z       0.0001
       Tot       0.0013
    Quadrupole Moments (Debye-Ang)
        XX     -32.8647     XY       0.0025     YY     -30.7373
        XZ       0.0192     YZ       0.0000     ZZ     -30.7411
    Octapole Moments (Debye-Ang^2)
       XXX       0.0034    XXY       0.0010    XYY      -0.6484
       YYY      -0.0006    XXZ     -32.8450    XYZ       0.0028
       YYZ     -30.7362    XZZ       0.6878    YZZ       0.0032
       ZZZ     -92.2297
    Hexadecapole Moments (Debye-Ang^3)
      XXXX    -349.5053   XXXY       0.0150   XXYY     -67.4765
      XYYY       0.0080   YYYY    -115.2891   XXXZ       1.3335
      XXYZ      -0.0011   XYYZ      -0.3437   YYYZ      -0.0151
      XXZZ    -100.3187   XYZZ       0.0116   YYZZ     -63.6298
      XZZZ       2.8025   YZZZ      -0.0074   ZZZZ    -299.7846
 -----------------------------------------------------------------
 Total job time:  243.38s(wall), 240.26s(cpu) 
 Sat Mar  8 00:14:41 2014

        *************************************************************
        *                                                           *
        *  Thank you very much for using Q-Chem.  Have a nice day.  *
        *                                                           *
        *************************************************************


0 sent ACK to 0 
now end server 0 ... 
 
**********************************************************************
Job 3 of 3 
**********************************************************************
 
Process 0 of 1 is on cl183 - thread support 1
initial socket setup ...start
initial socket setup ...done 
now start server 0 ... 

cmd = /usr/bin/ssh clhead /usr/local/qchem/bin/get_hostid 704482939 > /tmp/1591265.1.medium.q/qchem23213/lic.dat

cmd = /usr/bin/ssh clhead /usr/local/qchem/bin/get_hostid 704482939 > /tmp/1591265.1.medium.q/qchem23213/lic.dat

cmd = /usr/bin/ssh clhead /usr/local/qchem/bin/get_hostid 704482939 > /tmp/1591265.1.medium.q/qchem23213/lic.dat

cmd = /usr/bin/ssh clhead /usr/local/qchem/bin/get_hostid 704482939 > /tmp/1591265.1.medium.q/qchem23213/lic.dat

cmd = /usr/bin/ssh clhead /usr/local/qchem/bin/get_hostid 704482939 > /tmp/1591265.1.medium.q/qchem23213/lic.dat
                  Welcome to Q-Chem
     A Quantum Leap Into The Future Of Chemistry

 Y. Shao, L. Fusti-Molnar, Y. Jung, J. Kussmann, C. Ochsenfeld,
 S. T. Brown, A. T. B. Gilbert, L. V. Slipchenko,S. V. Levchenko,
 D. P. O'Neill, R. A. DiStasio Jr., R. C. Lochan, T. Wang,
 G. J. O. Beran, N. A. Besley, J. M. Herbert, C. Y. Lin,
 T. Van Voorhis, S. H. Chien, A. Sodt, R. P. Steele, 
 V. A. Rassolov, P. E. Maslen, P. P. Korambath, R. D. Adamson,
 B. Austin, J. Baker, E. F. C. Byrd, H. Dachsel, R. J. Doerksen,
 A. Dreuw, B. D. Dunietz, A. D. Dutoi, T. R. Furlani,
 S. R. Gwaltney, A. Heyden, S. Hirata, C.-P. Hsu, G. Kedziora,
 R. Z. Khaliullin, P. Klunzinger, A. M. Lee, M. S. Lee, W. Liang,
 I. Lotan, N. Nair, B. Peters, E. I. Proynov, P. A. Pieniazek, 
 Y. M. Rhee, J. Ritchie, E. Rosta, C. D. Sherrill, 
 A. C. Simmonett, J. E. Subotnik, H. L. Woodcock III,
 W. Zhang, A. T. Bell, A. K. Chakraborty, D. M. Chipman,
 F. J. Keil, A. Warshel, W. J. Hehre, H. F. Schaefer III,
 J. Kong, A. I. Krylov, P. M. W. Gill, M. Head-Gordon,
 Q-Chem, Version 3.1, Q-Chem, Inc., Pittsburgh, PA (2007).

 Additional authors for Version 3.1: 
 Z. Gan, Y. Zhao, N. E. Schultz, D. Truhlar, E. Epifanovsky and M. Oana.

 Additional authors for Version 3.2: 
 R. Baer, B. R. Brooks, D. Casanova, J.-D. Chai, C.-L. Cheng, 
 C. Cramer, D. Crittenden, A. Ghysels, G. Hawkins, E. G. Hohenstein, 
 C. Kelley, W. Kurlancheek, D. Liotard, E. Livshits, P. Manohar, 
 A. Marenich, D. Neuhauser, R. Olson, M. A. Rohrdanz, K. S. Thanthiriwatte, 
 A. J. W. Thom, V. Vanovschi, C. F. Williams, Q. Wu and Z.-Q. You. 


 Intel X86 Linux Version

 Q-chem begins on Sat Mar  8 00:14:45 2014  

 Parallel job on  1  processors
Processing $rem in /usr/local/qchem/config/preferences.

theFileMan(): MAXOPENFILES=974 MAX_SUB_FILE_NUM=16
Maximum size of a physical file is 2.0 GB, maximum size of a tmp-file is 32.0 GB


--------------------------------------------------------------
User input:
--------------------------------------------------------------

$molecule
1,2
C         -0.00006        0.00015        0.99980
C          1.26532        0.76004        0.98857
C          1.26516       -0.76001        0.98799
C         -1.27231       -0.00021        0.25137
C         -1.25820        0.00027        1.77153
H          1.57504        1.26150        1.90176
H          1.55860        1.26345        0.07108
H          1.57486       -1.26190        1.90095
H          1.55826       -1.26313        0.07027
H         -1.57794       -0.91602       -0.24774
H         -1.57802        0.91521       -0.24839
H         -1.55535       -0.91513        2.27650
H         -1.55537        0.91578        2.27629
$end

$comment
positive
$end

$xc_functional
C PBE   1.00
X wPBE  1.00
$end

$rem
SYMMETRY_DECOMPOSITION	0
LRC_DFT                 true
exchange 		general
BASIS                   g3large
omega			310
mem_static              760
max_scf_cycles          200
scf_final_print         1
sym_ignore              true
$end

--------------------------------------------------------------
 Writing REM_CC_EA           13
 ----------------------------------------------------
       Standard Nuclear Orientation (Angstroms)
    I     Atom         X            Y            Z
 ----------------------------------------------------
    1      C      -0.000060     0.000150     0.999800
    2      C       1.265320     0.760040     0.988570
    3      C       1.265160    -0.760010     0.987990
    4      C      -1.272310    -0.000210     0.251370
    5      C      -1.258200     0.000270     1.771530
    6      H       1.575040     1.261500     1.901760
    7      H       1.558600     1.263450     0.071080
    8      H       1.574860    -1.261900     1.900950
    9      H       1.558260    -1.263130     0.070270
   10      H      -1.577940    -0.916020    -0.247740
   11      H      -1.578020     0.915210    -0.248390
   12      H      -1.555350    -0.915130     2.276500
   13      H      -1.555370     0.915780     2.276290
 ----------------------------------------------------
 Nuclear Repulsion Energy =   170.9200549349 hartrees
 There are       19 alpha and       18 beta electrons
 Requested basis set is G3large
 There are 98 shells and 290 basis functions

Total QAlloc Memory Limit   2000 MB
Mega-Array Size       743 MB
MEM_STATIC part       760 MB

                       Distance Matrix (Angstroms)
             C (  1)   C (  2)   C (  3)   C (  4)   C (  5)   H (  6)
   C (  2)  1.476057
   C (  3)  1.476064  1.520050
   C (  4)  1.476065  2.749729  2.749302
   C (  5)  1.475969  2.749260  2.749419  1.520226
   H (  6)  2.210311  1.086878  2.239979  3.524642  3.104015
   H (  7)  2.210852  1.086841  2.240808  3.105381  3.524417  1.830755
   H (  8)  2.210252  2.239753  1.086878  3.524110  3.104199  2.523400
   H (  9)  2.210942  2.241050  1.086852  3.104817  3.524615  3.119037
   H ( 10)  2.210301  3.524453  3.103963  1.086843  2.240373  4.393544
   H ( 11)  2.210265  3.104630  3.524013  1.086836  2.240419  3.832082
   H ( 12)  2.210572  3.524363  3.104770  2.240166  1.086853  3.831121
   H ( 13)  2.210609  3.104637  3.524681  2.240416  1.086854  3.171634
             H (  7)   H (  8)   H (  9)   H ( 10)   H ( 11)   H ( 12)
   H (  8)  3.118667
   H (  9)  2.526580  1.830756
   H ( 10)  3.832704  3.831012  3.171335
   H ( 11)  3.172021  4.393190  3.831835  1.831230
   H ( 12)  4.393947  3.171672  3.831856  2.524341  3.118610
   H ( 13)  3.831532  3.831646  4.394185  3.118770  2.524782  1.830910

 
 A cutoff of  1.0D-08 yielded   4435 shell pairs
 There are  39245 function pairs ( 48051 Cartesian)
Evaluating contribution to one-electron hamiltonian from nuclear
 Smallest overlap matrix eigenvalue = 2.59E-05

 Q-Chem warning in module mkSTV.C, line 194:

 Overlap eigenvalue is smaller than square root of threshold

 Multipole matrices computed through 2nd order

  Scale SEOQF with 1.000000e-01/1.000000e-01/1.000000e-01

 Standard Electronic Orientation quadrupole field applied
 Nucleus-field energy     =    -0.0000000026 hartrees
 Guess from superposition of atomic densities
 Warning:  Energy on first SCF cycle will be non-variational
 Long-range K will be added via erf
 Coulomb attenuation parameter = 0.31 bohr**(-1)
 An unrestricted Kohn-Sham SCF calculation will be
 performed using Pulay DIIS extrapolation
 Exchange:  wPBE + LR-HF      Correlation:  PBE
 Using SG-1 standard quadrature grid
 SCF converges when DIIS error is below 1.0E-05
 Requested basis set is G3large
 There are 98 shells and 290 basis functions
 A cutoff of  1.0D-08 yielded   4435 shell pairs
 There are  39245 function pairs ( 48051 Cartesian)
 Warning!  Inaccurate integrated density:
   Number of electrons =    37
   Numerical integral  =    37.999764099938
   Relative error      =     2.7020651350 %
 ---------------------------------------
  Cycle       Energy         DIIS Error
 ---------------------------------------
    1    -197.0136658127      2.89E-02
    2    -194.7060066234      2.43E-03
    3    -194.7471260867      2.11E-03
    4    -194.7913375822      2.92E-04
    5    -194.7938834424      1.32E-04
    6    -194.7947190732      5.79E-05
    7    -194.7952176548      5.06E-05
    8    -194.7957809614      4.10E-05
    9    -194.7962942324      4.05E-05
   10    -194.7966337689      3.75E-05
   11    -194.7970773928      3.57E-05
   12    -194.7976238969      3.36E-05
   13    -194.7981046067      3.18E-05
   14    -194.8004515487      1.13E-04
   15    -194.8002020969      5.36E-05
   16    -194.8009967019      1.13E-04
   17    -194.8000986739      3.77E-04
   18    -194.8000491779      3.83E-04
   19    -194.7999996515      3.93E-04
   20    -194.8002469611      3.72E-04
   21    -194.8005212589      3.49E-04
   22    -194.8010721173      2.89E-04
   23    -194.8013493880      2.51E-04
   24    -194.8016879945      2.03E-04
   25    -194.8019707157      1.48E-04
   26    -194.8021719798      4.27E-05
   27    -194.8022026620      1.19E-05
   28    -194.8022058664      8.41E-06 Convergence criterion met
 ---------------------------------------
 One-Electron    Energy =  -590.5608601488
 Total Coulomb   Energy =   254.5287147680
 Alpha Exchange  Energy =    -3.0507753604
 Beta  Exchange  Energy =    -2.8753662161
 DFT   Exchange  Energy =   -22.5568900439
 DFT Correlation Energy =    -1.2070837976
 Nuclear Repu.   Energy =   170.9200549324
 Nuclear Attr.   Energy =  -784.6187434333
 Kinetic         Energy =   194.0578832845
 <S^2> = 0.7576
 SCF time:  CPU 1261.58 s  wall 1274.26 s
 Final Alpha MO Eigenvalues
            1           2           3           4           5           6
    1 -10.3149415 -10.3069492 -10.3068660 -10.3067959 -10.3064318  -1.2401484
            7           8           9          10          11          12
    1  -1.1591045  -0.9423404  -0.9421644  -0.8813498  -0.8200358  -0.8064813
           13          14          15          16          17          18
    1  -0.8064247  -0.7080120  -0.6903961  -0.6757805  -0.6330664  -0.6221287
           19          20          21          22          23          24
    1  -0.6219316  -0.0907205  -0.0827619  -0.0827385  -0.0740807  -0.0519081
 Final Beta MO Eigenvalues
            1           2           3           4           5           6
    1 -10.3147557 -10.3029412 -10.3028578 -10.3028146 -10.3024813  -1.2305621
            7           8           9          10          11          12
    1  -1.1431459  -0.9290781  -0.9289867  -0.8675814  -0.8134963  -0.8031210
           13          14          15          16          17          18
    1  -0.8030165  -0.6878642  -0.6731304  -0.6488501  -0.6143217  -0.6134381
           19          20          21          22          23
    1  -0.3707677  -0.0894469  -0.0794878  -0.0794737  -0.0725792
 Analysis of SCF Wavefunction
 
 --------------------------------------------------------------
                    Orbital Energies (a.u.)
 --------------------------------------------------------------
 
 Alpha MOs
 -- Occupied --
-10.315 -10.307 -10.307 -10.307 -10.306  -1.240  -1.159  -0.942
 -0.942  -0.881  -0.820  -0.806  -0.806  -0.708  -0.690  -0.676
 -0.633  -0.622  -0.622
 -- Virtual --
 -0.091  -0.083  -0.083  -0.074  -0.052  -0.052  -0.044  -0.034
 -0.029  -0.014  -0.014  -0.006   0.012   0.017   0.019   0.019
  0.035   0.035   0.043   0.048   0.057   0.058   0.073   0.074
  0.074   0.083   0.092   0.092   0.093   0.098   0.114   0.114
  0.122   0.152   0.168   0.169   0.179   0.206   0.228   0.235
  0.236   0.271   0.300   0.356   0.367   0.375   0.375   0.389
  0.389   0.423   0.444   0.444   0.453   0.467   0.485   0.487
  0.487   0.501   0.501   0.524   0.539   0.550   0.558   0.560
  0.560   0.613   0.630   0.682   0.682   0.696   0.715   0.721
  0.759   0.783   0.796   0.796   0.875   0.924   0.924   0.947
  0.964   0.985   0.995   0.995   1.022   1.022   1.066   1.066
  1.067   1.119   1.119   1.178   1.185   1.185   1.193   1.228
  1.228   1.254   1.255   1.281   1.283   1.305   1.336   1.336
  1.353   1.360   1.387   1.427   1.448   1.448   1.459   1.475
  1.475   1.477   1.526   1.614   1.656   1.656   1.692   2.313
  2.314   2.377   2.452   2.462   2.477   2.477   2.508   2.521
  2.521   2.550   2.574   2.627   2.627   2.671   2.710   2.735
  2.735   2.737   2.765   2.835   2.835   2.844   2.850   2.899
  2.899   2.918   2.919   2.919   2.973   2.985   3.009   3.039
  3.073   3.073   3.094   3.118   3.186   3.186   3.203   3.221
  3.221   3.281   3.281   3.287   3.299   3.331   3.341   3.388
  3.388   3.408   3.438   3.438   3.463   3.529   3.631   3.651
  3.695   3.729   3.729   3.777   3.777   3.807   3.898   3.949
  3.949   3.951   3.955   3.990   3.990   4.083   4.107   4.118
  4.120   4.184   4.186   4.186   4.208   4.208   4.246   4.247
  4.335   4.335   4.370   4.375   4.375   4.398   4.442   4.540
  4.565   4.735   4.735   4.812   4.812   4.939   5.096   5.231
  5.275   5.275   5.336   5.451   5.451   5.455   5.490   5.591
  5.592   5.614  23.859  23.876  24.129  24.129  24.202  27.222
 27.282  27.344  27.344  27.728  27.819  27.847  27.848  27.865
 27.888  27.888  27.904  28.293  28.293  28.733  40.611  40.622
 40.646  40.709  40.716  40.716  40.719  40.761  40.761  40.763
 40.884  40.884  40.885  40.890  40.890  40.901  40.927  40.938
 40.993  40.993  41.001  41.002  41.018  41.094  41.094
 
 Beta MOs
 -- Occupied --
-10.315 -10.303 -10.303 -10.303 -10.302  -1.231  -1.143  -0.929
 -0.929  -0.868  -0.813  -0.803  -0.803  -0.688  -0.673  -0.649
 -0.614  -0.613
 -- Virtual --
 -0.371  -0.089  -0.079  -0.079  -0.073  -0.050  -0.050  -0.043
 -0.034  -0.028  -0.005  -0.004  -0.004   0.014   0.020   0.020
  0.020   0.036   0.036   0.045   0.050   0.058   0.059   0.073
  0.081   0.081   0.086   0.093   0.093   0.094   0.099   0.121
  0.121   0.129   0.153   0.169   0.170   0.189   0.211   0.236
  0.239   0.240   0.272   0.303   0.360   0.368   0.378   0.378
  0.395   0.395   0.431   0.450   0.450   0.466   0.478   0.487
  0.493   0.493   0.503   0.503   0.530   0.543   0.556   0.562
  0.563   0.563   0.615   0.635   0.686   0.687   0.698   0.715
  0.733   0.767   0.792   0.800   0.800   0.875   0.927   0.927
  0.950   0.964   0.994   0.998   0.998   1.024   1.024   1.069
  1.073   1.073   1.126   1.126   1.183   1.190   1.190   1.203
  1.239   1.239   1.260   1.263   1.286   1.287   1.308   1.339
  1.339   1.357   1.362   1.391   1.431   1.451   1.451   1.460
  1.476   1.477   1.481   1.532   1.625   1.662   1.662   1.694
  2.323   2.324   2.396   2.454   2.480   2.480   2.490   2.515
  2.528   2.529   2.554   2.591   2.632   2.632   2.676   2.728
  2.745   2.745   2.753   2.777   2.841   2.842   2.857   2.860
  2.910   2.910   2.934   2.934   2.938   2.978   2.988   3.017
  3.044   3.081   3.081   3.097   3.126   3.197   3.197   3.208
  3.236   3.236   3.293   3.293   3.297   3.321   3.341   3.347
  3.396   3.396   3.415   3.448   3.448   3.464   3.538   3.635
  3.661   3.708   3.733   3.733   3.787   3.788   3.816   3.902
  3.953   3.953   3.957   3.960   3.995   3.996   4.089   4.114
  4.119   4.124   4.193   4.197   4.200   4.213   4.213   4.253
  4.254   4.342   4.342   4.377   4.383   4.383   4.405   4.449
  4.549   4.573   4.741   4.741   4.818   4.818   4.942   5.105
  5.232   5.289   5.289   5.341   5.454   5.454   5.458   5.493
  5.595   5.596   5.621  23.860  23.881  24.134  24.134  24.206
 27.235  27.295  27.347  27.348  27.731  27.822  27.852  27.852
 27.868  27.894  27.894  27.907  28.296  28.296  28.736  40.613
 40.630  40.651  40.715  40.723  40.723  40.725  40.766  40.768
 40.768  40.886  40.892  40.892  40.898  40.898  40.910  40.932
 40.945  40.994  40.994  41.003  41.004  41.025  41.097  41.098
 --------------------------------------------------------------
 
          Ground-State Mulliken Net Atomic Charges

     Atom                 Charge (a.u.)    Spin (a.u.)
  --------------------------------------------------------
      1 C                     0.437525      -0.073482
      2 C                    -0.171356       0.279993
      3 C                    -0.171003       0.281102
      4 C                    -0.171687       0.279005
      5 C                    -0.170282       0.282421
      6 H                     0.155944      -0.006014
      7 H                     0.155696      -0.006256
      8 H                     0.155944      -0.006062
      9 H                     0.155824      -0.006266
     10 H                     0.155717      -0.005993
     11 H                     0.155958      -0.005967
     12 H                     0.155935      -0.006297
     13 H                     0.155784      -0.006185
  --------------------------------------------------------
  Sum of atomic charges =     1.000000
  Sum of spin   charges =     1.000000

 -----------------------------------------------------------------
                    Cartesian Multipole Moments
 -----------------------------------------------------------------
    Charge (ESU x 10^10)
                 4.8032
    Dipole Moment (Debye)
         X      -0.0042      Y      -0.0009      Z       4.8067
       Tot       4.8067
    Quadrupole Moments (Debye-Ang)
        XX     -18.1801     XY      -0.0006     YY     -23.8442
        XZ      -0.0618     YZ       0.0017     ZZ     -19.0352
    Octapole Moments (Debye-Ang^2)
       XXX      -0.0037    XXY      -0.0006    XYY       2.3207
       YYY      -0.0038    XXZ     -18.2127    XYZ      -0.0001
       YYZ     -23.8679    XZZ      -2.4357    YZZ       0.0031
       ZZZ     -66.6468
    Hexadecapole Moments (Debye-Ang^3)
      XXXX    -274.1965   XXXY      -0.0051   XXYY     -48.4069
      XYYY      -0.0004   YYYY     -91.3435   XXXZ       1.1314
      XXYZ      -0.0004   XYYZ       2.5402   YYYZ      -0.0151
      XXZZ     -66.6675   XYZZ      -0.0016   YYZZ     -46.6700
      XZZZ      -6.6290   YZZZ      -0.0086   ZZZZ    -229.3169
 -----------------------------------------------------------------
 Total job time:  1274.74s(wall), 1261.97s(cpu) 
 Sat Mar  8 00:36:00 2014

        *************************************************************
        *                                                           *
        *  Thank you very much for using Q-Chem.  Have a nice day.  *
        *                                                           *
        *************************************************************


0 sent ACK to 0 
now end server 0 ... 
