Process 0 of 1 is on cl010.stfx.acenet.ca - thread support 1
initial socket setup ...start
initial socket setup ...done 
now start server 0 ... 

cmd = /usr/bin/ssh clhead /usr/local/qchem/bin/get_hostid 798295525 > /scratch/tmp/6027726.1.short.q/qchem20445/lic.dat
                  Welcome to Q-Chem
     A Quantum Leap Into The Future Of Chemistry

 Y. Shao, L. Fusti-Molnar, Y. Jung, J. Kussmann, C. Ochsenfeld,
 S. T. Brown, A. T. B. Gilbert, L. V. Slipchenko,S. V. Levchenko,
 D. P. O'Neill, R. A. DiStasio Jr., R. C. Lochan, T. Wang,
 G. J. O. Beran, N. A. Besley, J. M. Herbert, C. Y. Lin,
 T. Van Voorhis, S. H. Chien, A. Sodt, R. P. Steele, 
 V. A. Rassolov, P. E. Maslen, P. P. Korambath, R. D. Adamson,
 B. Austin, J. Baker, E. F. C. Byrd, H. Dachsel, R. J. Doerksen,
 A. Dreuw, B. D. Dunietz, A. D. Dutoi, T. R. Furlani,
 S. R. Gwaltney, A. Heyden, S. Hirata, C.-P. Hsu, G. Kedziora,
 R. Z. Khaliullin, P. Klunzinger, A. M. Lee, M. S. Lee, W. Liang,
 I. Lotan, N. Nair, B. Peters, E. I. Proynov, P. A. Pieniazek, 
 Y. M. Rhee, J. Ritchie, E. Rosta, C. D. Sherrill, 
 A. C. Simmonett, J. E. Subotnik, H. L. Woodcock III,
 W. Zhang, A. T. Bell, A. K. Chakraborty, D. M. Chipman,
 F. J. Keil, A. Warshel, W. J. Hehre, H. F. Schaefer III,
 J. Kong, A. I. Krylov, P. M. W. Gill, M. Head-Gordon,
 Q-Chem, Version 3.1, Q-Chem, Inc., Pittsburgh, PA (2007).

 Additional authors for Version 3.1: 
 Z. Gan, Y. Zhao, N. E. Schultz, D. Truhlar, E. Epifanovsky and M. Oana.

 Additional authors for Version 3.2: 
 R. Baer, B. R. Brooks, D. Casanova, J.-D. Chai, C.-L. Cheng, 
 C. Cramer, D. Crittenden, A. Ghysels, G. Hawkins, E. G. Hohenstein, 
 C. Kelley, W. Kurlancheek, D. Liotard, E. Livshits, P. Manohar, 
 A. Marenich, D. Neuhauser, R. Olson, M. A. Rohrdanz, K. S. Thanthiriwatte, 
 A. J. W. Thom, V. Vanovschi, C. F. Williams, Q. Wu and Z.-Q. You. 


 Intel X86 Linux Version

 Q-chem begins on Mon Jun  3 17:03:51 2013  

 Parallel job on  1  processors
Processing $rem in /usr/local/qchem/config/preferences.

theFileMan(): MAXOPENFILES=974 MAX_SUB_FILE_NUM=16
Maximum size of a physical file is 2.0 GB, maximum size of a tmp-file is 32.0 GB


--------------------------------------------------------------
User input:
--------------------------------------------------------------

$molecule
-1,2
O
C1,O,r1
H1,C1,r2,O,a1
H,O,roh,C1,aoh,H1,toh,0
C2,C1,r3a,O,a2a,H1,t1a,0
C3,C1,r3b,O,a2b,H1,-t1b,0
H,C2,r4a,C1,a4a,H1,t2a,0
H,C3,r5a,C1,a5a,H1,-t2b,0
H,C2,r4b,C1,a4b,H1,t3a,0
H,C3,r5b,C1,a5b,H1,-t3b,0
H,C2,r4c,C1,a4c,H1,-t4a,0
H,C3,r5c,C1,a5c,H1,t4b,0

r1=1.43111827
r2=1.9557364
roh=2.07916264
r3a=1.52393712
r3b=1.53017411
r4a=1.09587708
r5a=1.09583825
r4b=1.09448657
r5b=1.09801539
r4c=1.0954512
r5c=1.0964078
a1=28.22171182
aoh=30.02045037
a2a=106.21524706
a2b=111.13113306
a4a=110.2041443
a5a=110.24366741
a4b=110.29321839
a5b=111.03931704
a4c=110.82961388
a5c=111.23833611
toh=-62.32359188
t1a=179.44473237
t1b=57.80032287
t2a=63.0172795
t2b=83.272013
t3a=-56.37337218
t3b=-36.4963859
t4a=176.72748761
t4b=156.21533884

$end

$comment
negative
$end

$xc_functional
C PBE   1.00
X wPBE  1.00
$end

$rem
SYMMETRY_DECOMPOSITION	0
exchange 		general
LRC_DFT                 true
BASIS                   g3large
omega			1020
mem_static              760
max_scf_cycles          200
scf_final_print         1
sym_ignore              true
$end

--------------------------------------------------------------
 Writing REM_CC_EA           12
 ----------------------------------------------------
       Standard Nuclear Orientation (Angstroms)
    I     Atom         X            Y            Z
 ----------------------------------------------------
    1      O       0.000000     0.000000     0.000000
    2      C       0.000000     0.000000     1.431118
    3      H       0.924838     0.000000    -0.292129
    4      H       0.483161     0.921207     1.800236
    5      C      -1.463245     0.014181     1.856673
    6      C       0.760558    -1.207760     1.982752
    7      H      -1.967442    -0.894454     1.508657
    8      H       0.298586    -2.138301     1.634130
    9      H      -1.976608     0.877600     1.422084
   10      H       1.806714    -1.200668     1.649367
   11      H      -1.551233     0.066921     2.947310
   12      H       0.763328    -1.208441     3.079156
 ----------------------------------------------------
 Nuclear Repulsion Energy =   134.3979926221 hartrees
 There are       18 alpha and       17 beta electrons
 Requested basis set is G3large
 There are 88 shells and 248 basis functions

Total QAlloc Memory Limit   2000 MB
Mega-Array Size       743 MB
MEM_STATIC part       760 MB

                       Distance Matrix (Angstroms)
             O (  1)   C (  2)   H (  3)   H (  4)   C (  5)   C (  6)
   C (  2)  1.431118
   H (  3)  0.969878  1.955736
   H (  4)  2.079163  1.103773  2.328453
   C (  5)  2.364005  1.523937  3.212552  2.148110
   C (  6)  2.443039  1.530174  2.580844  2.154707  2.540539
   H (  7)  2.635701  2.162611  3.522521  3.063836  1.095877  2.786558
   H (  8)  2.707742  2.168571  2.945335  3.069568  2.790476  1.095838
   H (  9)  2.588336  2.162693  3.482398  2.489048  1.094487  3.486424
   H ( 10)  2.725111  2.180241  2.447185  2.505376  3.494491  1.098015
   H ( 11)  3.331282  2.170171  4.077912  2.486833  1.095451  2.810617
   H ( 12)  3.394731  2.181519  3.584965  2.499906  2.819024  1.096408
             H (  7)   H (  8)   H (  9)   H ( 10)   H ( 11)
   H (  8)  2.588007
   H (  9)  1.774192  3.783799
   H ( 10)  3.789170  1.775904  4.322543
   H ( 11)  1.779661  3.163745  1.778892  3.816706
   H ( 12)  3.165779  1.780091  3.821610  1.770031  2.645964
 
 A cutoff of  1.0D-08 yielded   3639 shell pairs
 There are  28920 function pairs ( 34904 Cartesian)
Evaluating contribution to one-electron hamiltonian from nuclear
 Smallest overlap matrix eigenvalue = 4.89E-05

 Q-Chem warning in module mkSTV.C, line 194:

 Overlap eigenvalue is smaller than square root of threshold

 Multipole matrices computed through 2nd order

  Scale SEOQF with 1.000000e-01/1.000000e-01/1.000000e-01

 Standard Electronic Orientation quadrupole field applied
 Nucleus-field energy     =    -0.0000000069 hartrees
 Guess from superposition of atomic densities
 Warning:  Energy on first SCF cycle will be non-variational
 Long-range K will be added via erf
 Coulomb attenuation parameter = 1.02 bohr**(-1)
 An unrestricted Kohn-Sham SCF calculation will be
 performed using Pulay DIIS extrapolation
 Exchange:  wPBE + LR-HF      Correlation:  PBE
 Using SG-1 standard quadrature grid
 SCF converges when DIIS error is below 1.0E-05
 Requested basis set is G3large
 There are 88 shells and 248 basis functions
 A cutoff of  1.0D-08 yielded   3639 shell pairs
 There are  28920 function pairs ( 34904 Cartesian)
 Warning!  Inaccurate integrated density:
   Number of electrons =    35
   Numerical integral  =    34.000227111547
   Relative error      =    -2.8564939670 %
 ---------------------------------------
  Cycle       Energy         DIIS Error
 ---------------------------------------
    1    -195.3635563275      2.85E-02
    2    -194.1309485690      3.67E-03
    3    -194.2391444468      2.19E-03
    4    -194.2688613398      5.13E-04
    5    -194.2733519675      1.72E-04
    6    -194.2742879982      5.73E-05
    7    -194.2746358083      2.82E-05
    8    -194.2748563685      2.01E-05
    9    -194.2750248758      1.40E-05
   10    -194.2751452063      6.62E-06 Convergence criterion met
 ---------------------------------------
 One-Electron    Energy =  -533.4915312210
 Total Coulomb   Energy =   232.6999010043
 Alpha Exchange  Energy =    -6.4825470569
 Beta  Exchange  Energy =    -6.4053719059
 DFT   Exchange  Energy =   -13.8760045688
 DFT Correlation Energy =    -1.1175840731
 Nuclear Repu.   Energy =   134.3979926152
 Nuclear Attr.   Energy =  -726.7222635677
 Kinetic         Energy =   193.2307323467
 <S^2> = 0.7501
 SCF time:  CPU 315.30 s  wall 321.98 s
 Final Alpha MO Eigenvalues
            1           2           3           4           5           6
    1 -19.1309942 -10.3523898 -10.2943696 -10.2792137  -1.1972209  -0.9217555
            7           8           9          10          11          12
    1  -0.8249715  -0.6880600  -0.5873122  -0.5214479  -0.4975634  -0.4409205
           13          14          15          16          17          18
    1  -0.4383468  -0.4235506  -0.4036573  -0.3672679  -0.3254114   0.0269621
           19          20          21          22          23
    1   0.1314978   0.1402716   0.1439967   0.1690083   0.1757579
 Final Beta MO Eigenvalues
            1           2           3           4           5           6
    1 -19.1307933 -10.3521622 -10.2943163 -10.2787814  -1.1962855  -0.9207808
            7           8           9          10          11          12
    1  -0.8236100  -0.6866076  -0.5858109  -0.5199424  -0.4972272  -0.4406104
           13          14          15          16          17          18
    1  -0.4381639  -0.4232332  -0.4031438  -0.3666800  -0.3245766   0.1321938
           19          20          21          22
    1   0.1498866   0.1539352   0.1579017   0.1736918
 Analysis of SCF Wavefunction
 
 --------------------------------------------------------------
                    Orbital Energies (a.u.)
 --------------------------------------------------------------
 
 Alpha MOs
 -- Occupied --
-19.131 -10.352 -10.294 -10.279  -1.197  -0.922  -0.825  -0.688
 -0.587  -0.521  -0.498  -0.441  -0.438  -0.424  -0.404  -0.367
 -0.325   0.027
 -- Virtual --
  0.131   0.140   0.144   0.169   0.176   0.179   0.188   0.238
  0.244   0.267   0.277   0.278   0.283   0.284   0.298   0.304
  0.308   0.328   0.345   0.379   0.396   0.413   0.421   0.436
  0.441   0.468   0.482   0.486   0.497   0.504   0.521   0.552
  0.570   0.590   0.646   0.665   0.699   0.723   0.737   0.744
  0.789   0.812   0.818   0.830   0.831   0.841   0.853   0.883
  0.892   0.908   0.914   0.937   0.949   0.976   1.016   1.065
  1.080   1.132   1.137   1.180   1.209   1.231   1.251   1.276
  1.315   1.348   1.361   1.391   1.412   1.428   1.449   1.468
  1.481   1.508   1.521   1.561   1.586   1.599   1.613   1.626
  1.635   1.652   1.676   1.705   1.751   1.764   1.778   1.796
  1.808   1.850   1.858   1.892   1.911   1.920   1.963   1.966
  2.109   2.217   2.394   2.428   2.637   2.688   2.756   2.878
  2.904   2.944   2.947   3.017   3.063   3.086   3.180   3.203
  3.221   3.248   3.296   3.318   3.324   3.363   3.396   3.487
  3.507   3.540   3.546   3.580   3.609   3.670   3.703   3.714
  3.724   3.747   3.798   3.827   3.910   3.931   3.938   3.963
  3.983   4.034   4.076   4.091   4.132   4.158   4.198   4.219
  4.257   4.293   4.372   4.374   4.389   4.402   4.436   4.504
  4.538   4.583   4.591   4.608   4.617   4.637   4.681   4.709
  4.723   4.731   4.817   4.839   4.876   4.945   4.969   5.002
  5.009   5.052   5.114   5.236   5.513   5.599   5.650   5.705
  5.789   5.814   5.908   5.953   5.994   6.048   6.069   6.093
  6.112   6.269   6.353   6.875   7.452   7.599   7.688   7.734
  8.021   8.138  24.579  24.687  24.789  28.018  28.190  28.493
 28.533  28.563  28.584  28.599  28.782  28.891  41.382  41.433
 41.446  41.452  41.484  41.487  41.576  41.606  41.620  41.636
 41.638  41.664  41.667  41.705  41.737  44.309  44.338  44.381
 44.423  44.491  46.174  46.488  46.861  50.393
 
 Beta MOs
 -- Occupied --
-19.131 -10.352 -10.294 -10.279  -1.196  -0.921  -0.824  -0.687
 -0.586  -0.520  -0.497  -0.441  -0.438  -0.423  -0.403  -0.367
 -0.325
 -- Virtual --
  0.132   0.150   0.154   0.158   0.174   0.183   0.186   0.194
  0.238   0.244   0.264   0.276   0.277   0.281   0.286   0.298
  0.306   0.309   0.327   0.344   0.379   0.396   0.413   0.421
  0.435   0.441   0.466   0.481   0.485   0.495   0.503   0.518
  0.550   0.567   0.588   0.645   0.664   0.698   0.722   0.736
  0.743   0.788   0.811   0.818   0.828   0.830   0.838   0.854
  0.881   0.891   0.906   0.914   0.937   0.947   0.976   1.015
  1.065   1.080   1.132   1.136   1.180   1.209   1.231   1.251
  1.275   1.315   1.348   1.361   1.391   1.412   1.428   1.449
  1.468   1.481   1.508   1.521   1.561   1.586   1.599   1.613
  1.626   1.635   1.651   1.675   1.705   1.751   1.764   1.777
  1.795   1.808   1.849   1.858   1.892   1.911   1.920   1.962
  1.965   2.109   2.217   2.394   2.428   2.637   2.688   2.756
  2.878   2.904   2.944   2.947   3.017   3.063   3.086   3.180
  3.203   3.221   3.248   3.296   3.318   3.325   3.364   3.396
  3.488   3.507   3.540   3.546   3.580   3.609   3.670   3.703
  3.715   3.724   3.748   3.798   3.827   3.910   3.932   3.938
  3.964   3.983   4.035   4.077   4.092   4.133   4.158   4.198
  4.219   4.257   4.294   4.372   4.374   4.389   4.402   4.436
  4.504   4.538   4.583   4.591   4.608   4.617   4.637   4.682
  4.709   4.723   4.731   4.817   4.839   4.876   4.945   4.969
  5.002   5.009   5.052   5.114   5.237   5.514   5.599   5.650
  5.705   5.789   5.815   5.909   5.953   5.995   6.048   6.069
  6.093   6.113   6.269   6.354   6.875   7.452   7.600   7.688
  7.735   8.021   8.138  24.579  24.687  24.789  28.018  28.190
 28.493  28.533  28.563  28.584  28.599  28.783  28.891  41.383
 41.433  41.446  41.452  41.484  41.487  41.576  41.606  41.620
 41.636  41.639  41.664  41.667  41.705  41.737  44.309  44.339
 44.381  44.424  44.491  46.175  46.489  46.862  50.393
 --------------------------------------------------------------
 
          Ground-State Mulliken Net Atomic Charges

     Atom                 Charge (a.u.)    Spin (a.u.)
  --------------------------------------------------------
      1 O                    -0.414130       0.068547
      2 C                     0.111124      -0.049274
      3 H                    -0.177111       0.457217
      4 H                    -0.873896       0.952716
      5 C                     0.479614      -0.748565
      6 C                     2.161158      -2.415448
      7 H                     0.067013       0.007443
      8 H                    -0.211400       0.288604
      9 H                    -0.086032       0.168423
     10 H                    -1.607308       1.696136
     11 H                    -0.076330       0.140366
     12 H                    -0.372703       0.433835
  --------------------------------------------------------
  Sum of atomic charges =    -1.000000
  Sum of spin   charges =     1.000000

 -----------------------------------------------------------------
                    Cartesian Multipole Moments
 -----------------------------------------------------------------
    Charge (ESU x 10^10)
                -4.8032
    Dipole Moment (Debye)
         X      -7.9814      Y       0.7642      Z      -6.3540
       Tot      10.2304
    Quadrupole Moments (Debye-Ang)
        XX     -65.8214     XY       4.6572     YY     -49.7423
        XZ     -12.2217     YZ       0.4641     ZZ     -62.7146
    Octapole Moments (Debye-Ang^2)
       XXX    -122.3861    XXY      27.2067    XYY     -33.9569
       YYY      40.8236    XXZ     -95.5489    XYZ       5.5532
       YYZ     -76.0857    XZZ     -48.2226    YZZ      15.8359
       ZZZ    -252.5553
    Hexadecapole Moments (Debye-Ang^3)
      XXXX    -854.4708   XXXY     121.5496   XXYY    -208.4902
      XYYY      77.8212   YYYY    -408.6946   XXXZ    -151.3467
      XXYZ      41.7815   XYYZ     -43.5784   YYYZ      72.9554
      XXZZ    -347.5824   XYZZ      33.2388   YYZZ    -267.1806
      XZZZ    -144.1699   YZZZ      85.3543   ZZZZ   -1216.2068
 -----------------------------------------------------------------
 Total job time:  322.47s(wall), 315.69s(cpu) 
 Mon Jun  3 17:09:13 2013

        *************************************************************
        *                                                           *
        *  Thank you very much for using Q-Chem.  Have a nice day.  *
        *                                                           *
        *************************************************************


0 sent ACK to 0 
now end server 0 ... 
 
**********************************************************************
Job 2 of 3 
**********************************************************************
 
Process 0 of 1 is on cl010.stfx.acenet.ca - thread support 1
initial socket setup ...start
initial socket setup ...done 
now start server 0 ... 

cmd = /usr/bin/ssh clhead /usr/local/qchem/bin/get_hostid 1804553851 > /scratch/tmp/6027726.1.short.q/qchem20445/lic.dat
                  Welcome to Q-Chem
     A Quantum Leap Into The Future Of Chemistry

 Y. Shao, L. Fusti-Molnar, Y. Jung, J. Kussmann, C. Ochsenfeld,
 S. T. Brown, A. T. B. Gilbert, L. V. Slipchenko,S. V. Levchenko,
 D. P. O'Neill, R. A. DiStasio Jr., R. C. Lochan, T. Wang,
 G. J. O. Beran, N. A. Besley, J. M. Herbert, C. Y. Lin,
 T. Van Voorhis, S. H. Chien, A. Sodt, R. P. Steele, 
 V. A. Rassolov, P. E. Maslen, P. P. Korambath, R. D. Adamson,
 B. Austin, J. Baker, E. F. C. Byrd, H. Dachsel, R. J. Doerksen,
 A. Dreuw, B. D. Dunietz, A. D. Dutoi, T. R. Furlani,
 S. R. Gwaltney, A. Heyden, S. Hirata, C.-P. Hsu, G. Kedziora,
 R. Z. Khaliullin, P. Klunzinger, A. M. Lee, M. S. Lee, W. Liang,
 I. Lotan, N. Nair, B. Peters, E. I. Proynov, P. A. Pieniazek, 
 Y. M. Rhee, J. Ritchie, E. Rosta, C. D. Sherrill, 
 A. C. Simmonett, J. E. Subotnik, H. L. Woodcock III,
 W. Zhang, A. T. Bell, A. K. Chakraborty, D. M. Chipman,
 F. J. Keil, A. Warshel, W. J. Hehre, H. F. Schaefer III,
 J. Kong, A. I. Krylov, P. M. W. Gill, M. Head-Gordon,
 Q-Chem, Version 3.1, Q-Chem, Inc., Pittsburgh, PA (2007).

 Additional authors for Version 3.1: 
 Z. Gan, Y. Zhao, N. E. Schultz, D. Truhlar, E. Epifanovsky and M. Oana.

 Additional authors for Version 3.2: 
 R. Baer, B. R. Brooks, D. Casanova, J.-D. Chai, C.-L. Cheng, 
 C. Cramer, D. Crittenden, A. Ghysels, G. Hawkins, E. G. Hohenstein, 
 C. Kelley, W. Kurlancheek, D. Liotard, E. Livshits, P. Manohar, 
 A. Marenich, D. Neuhauser, R. Olson, M. A. Rohrdanz, K. S. Thanthiriwatte, 
 A. J. W. Thom, V. Vanovschi, C. F. Williams, Q. Wu and Z.-Q. You. 


 Intel X86 Linux Version

 Q-chem begins on Mon Jun  3 17:09:16 2013  

 Parallel job on  1  processors
Processing $rem in /usr/local/qchem/config/preferences.

theFileMan(): MAXOPENFILES=974 MAX_SUB_FILE_NUM=16
Maximum size of a physical file is 2.0 GB, maximum size of a tmp-file is 32.0 GB


--------------------------------------------------------------
User input:
--------------------------------------------------------------

$molecule
0,1
O
C1,O,r1
H1,C1,r2,O,a1
H,O,roh,C1,aoh,H1,toh,0
C2,C1,r3a,O,a2a,H1,t1a,0
C3,C1,r3b,O,a2b,H1,-t1b,0
H,C2,r4a,C1,a4a,H1,t2a,0
H,C3,r5a,C1,a5a,H1,-t2b,0
H,C2,r4b,C1,a4b,H1,t3a,0
H,C3,r5b,C1,a5b,H1,-t3b,0
H,C2,r4c,C1,a4c,H1,-t4a,0
H,C3,r5c,C1,a5c,H1,t4b,0

r1=1.43111827
r2=1.9557364
roh=2.07916264
r3a=1.52393712
r3b=1.53017411
r4a=1.09587708
r5a=1.09583825
r4b=1.09448657
r5b=1.09801539
r4c=1.0954512
r5c=1.0964078
a1=28.22171182
aoh=30.02045037
a2a=106.21524706
a2b=111.13113306
a4a=110.2041443
a5a=110.24366741
a4b=110.29321839
a5b=111.03931704
a4c=110.82961388
a5c=111.23833611
toh=-62.32359188
t1a=179.44473237
t1b=57.80032287
t2a=63.0172795
t2b=83.272013
t3a=-56.37337218
t3b=-36.4963859
t4a=176.72748761
t4b=156.21533884

$end

$comment
neutral
$end

$xc_functional
C PBE   1.00
X wPBE  1.00
$end


$rem
SYMMETRY_DECOMPOSITION	0
LRC_DFT                 true
exchange 		general
BASIS                   g3large
omega			1020
mem_static              760
max_scf_cycles          200
scf_final_print         1
sym_ignore              true
$end

--------------------------------------------------------------
 Writing REM_CC_EA           12
 ----------------------------------------------------
       Standard Nuclear Orientation (Angstroms)
    I     Atom         X            Y            Z
 ----------------------------------------------------
    1      O       0.000000     0.000000     0.000000
    2      C       0.000000     0.000000     1.431118
    3      H       0.924838     0.000000    -0.292129
    4      H       0.483161     0.921207     1.800236
    5      C      -1.463245     0.014181     1.856673
    6      C       0.760558    -1.207760     1.982752
    7      H      -1.967442    -0.894454     1.508657
    8      H       0.298586    -2.138301     1.634130
    9      H      -1.976608     0.877600     1.422084
   10      H       1.806714    -1.200668     1.649367
   11      H      -1.551233     0.066921     2.947310
   12      H       0.763328    -1.208441     3.079156
 ----------------------------------------------------
 Nuclear Repulsion Energy =   134.3979926221 hartrees
 There are       17 alpha and       17 beta electrons
 Requested basis set is G3large
 There are 88 shells and 248 basis functions

Total QAlloc Memory Limit   2000 MB
Mega-Array Size       743 MB
MEM_STATIC part       760 MB

                       Distance Matrix (Angstroms)
             O (  1)   C (  2)   H (  3)   H (  4)   C (  5)   C (  6)
   C (  2)  1.431118
   H (  3)  0.969878  1.955736
   H (  4)  2.079163  1.103773  2.328453
   C (  5)  2.364005  1.523937  3.212552  2.148110
   C (  6)  2.443039  1.530174  2.580844  2.154707  2.540539
   H (  7)  2.635701  2.162611  3.522521  3.063836  1.095877  2.786558
   H (  8)  2.707742  2.168571  2.945335  3.069568  2.790476  1.095838
   H (  9)  2.588336  2.162693  3.482398  2.489048  1.094487  3.486424
   H ( 10)  2.725111  2.180241  2.447185  2.505376  3.494491  1.098015
   H ( 11)  3.331282  2.170171  4.077912  2.486833  1.095451  2.810617
   H ( 12)  3.394731  2.181519  3.584965  2.499906  2.819024  1.096408
             H (  7)   H (  8)   H (  9)   H ( 10)   H ( 11)
   H (  8)  2.588007
   H (  9)  1.774192  3.783799
   H ( 10)  3.789170  1.775904  4.322543
   H ( 11)  1.779661  3.163745  1.778892  3.816706
   H ( 12)  3.165779  1.780091  3.821610  1.770031  2.645964
 
 A cutoff of  1.0D-08 yielded   3639 shell pairs
 There are  28920 function pairs ( 34904 Cartesian)
Evaluating contribution to one-electron hamiltonian from nuclear
 Smallest overlap matrix eigenvalue = 4.89E-05

 Q-Chem warning in module mkSTV.C, line 194:

 Overlap eigenvalue is smaller than square root of threshold

 Multipole matrices computed through 2nd order

  Scale SEOQF with 1.000000e-01/1.000000e-01/1.000000e-01

 Standard Electronic Orientation quadrupole field applied
 Nucleus-field energy     =    -0.0000000069 hartrees
 Guess from superposition of atomic densities
 Warning:  Energy on first SCF cycle will be non-variational
 Long-range K will be added via erf
 Coulomb attenuation parameter = 1.02 bohr**(-1)
 A restricted Kohn-Sham SCF calculation will be
 performed using Pulay DIIS extrapolation
 Exchange:  wPBE + LR-HF      Correlation:  PBE
 Using SG-1 standard quadrature grid
 SCF converges when DIIS error is below 1.0E-05
 Requested basis set is G3large
 There are 88 shells and 248 basis functions
 A cutoff of  1.0D-08 yielded   3639 shell pairs
 There are  28920 function pairs ( 34904 Cartesian)
 ---------------------------------------
  Cycle       Energy         DIIS Error
 ---------------------------------------
    1    -195.3635563275      2.85E-02
    2    -194.1969554184      3.53E-03
    3    -194.2849389329      1.88E-03
    4    -194.3042188667      5.21E-04
    5    -194.3064997957      1.36E-04
    6    -194.3067133382      3.73E-05
    7    -194.3067287235      9.35E-06 Convergence criterion met
 ---------------------------------------
 One-Electron    Energy =  -529.1136683391
 Total Coulomb   Energy =   228.2115451992
 Alpha Exchange  Energy =    -6.4091915509
 Beta  Exchange  Energy =    -6.4091915509
 DFT   Exchange  Energy =   -13.8740027301
 DFT Correlation Energy =    -1.1102123668
 Nuclear Repu.   Energy =   134.3979926152
 Nuclear Attr.   Energy =  -722.2852665250
 Kinetic         Energy =   193.1715981859
 SCF time:  CPU 170.61 s  wall 175.54 s
 Final Alpha MO Eigenvalues
            1           2           3           4           5           6
    1 -19.2645600 -10.4849991 -10.4187257 -10.4110903  -1.3300590  -1.0503454
            7           8           9          10          11          12
    1  -0.9529762  -0.8167376  -0.7184285  -0.6506632  -0.6293946  -0.5710975
           13          14          15          16          17          18
    1  -0.5583548  -0.5523038  -0.5343086  -0.4973227  -0.4577419   0.0383077
           19          20          21          22
    1   0.0553935   0.0580052   0.0630825   0.0834167
 Analysis of SCF Wavefunction
 
 --------------------------------------------------------------
                    Orbital Energies (a.u.)
 --------------------------------------------------------------
 
 Alpha MOs
 -- Occupied --
-19.265 -10.485 -10.419 -10.411  -1.330  -1.050  -0.953  -0.817
 -0.718  -0.651  -0.629  -0.571  -0.558  -0.552  -0.534  -0.497
 -0.458
 -- Virtual --
  0.038   0.055   0.058   0.063   0.083   0.086   0.093   0.098
  0.136   0.145   0.163   0.171   0.175   0.178   0.183   0.191
  0.199   0.203   0.227   0.235   0.265   0.278   0.293   0.301
  0.318   0.322   0.346   0.363   0.367   0.380   0.387   0.407
  0.430   0.450   0.471   0.526   0.545   0.575   0.595   0.615
  0.624   0.667   0.688   0.699   0.704   0.709   0.711   0.727
  0.753   0.767   0.778   0.788   0.818   0.824   0.846   0.890
  0.936   0.952   1.004   1.007   1.052   1.081   1.104   1.124
  1.146   1.188   1.223   1.234   1.262   1.284   1.304   1.320
  1.339   1.356   1.379   1.395   1.438   1.456   1.471   1.485
  1.501   1.507   1.525   1.545   1.574   1.623   1.639   1.648
  1.666   1.685   1.721   1.732   1.765   1.785   1.792   1.831
  1.838   1.981   2.085   2.263   2.297   2.506   2.556   2.630
  2.747   2.772   2.816   2.822   2.884   2.938   2.956   3.050
  3.073   3.091   3.117   3.171   3.188   3.195   3.234   3.268
  3.361   3.374   3.416   3.418   3.450   3.479   3.544   3.574
  3.582   3.599   3.617   3.670   3.697   3.782   3.798   3.815
  3.838   3.851   3.904   3.946   3.960   4.001   4.024   4.067
  4.093   4.127   4.164   4.237   4.245   4.261   4.276   4.310
  4.374   4.406   4.452   4.460   4.482   4.491   4.508   4.549
  4.577   4.595   4.600   4.693   4.706   4.749   4.815   4.845
  4.865   4.885   4.921   4.985   5.107   5.382   5.468   5.518
  5.573   5.662   5.683   5.776   5.821   5.862   5.916   5.947
  5.964   5.984   6.137   6.222   6.742   7.319   7.464   7.556
  7.602   7.889   8.006  24.448  24.559  24.659  27.887  28.060
 28.360  28.408  28.432  28.458  28.468  28.653  28.760  41.253
 41.302  41.313  41.328  41.346  41.364  41.443  41.475  41.496
 41.499  41.509  41.528  41.546  41.586  41.601  44.175  44.205
 44.248  44.290  44.358  46.041  46.355  46.728  50.260
 --------------------------------------------------------------
 
          Ground-State Mulliken Net Atomic Charges

     Atom                 Charge (a.u.)
  ----------------------------------------
      1 O                    -0.321223
      2 C                     0.046553
      3 H                     0.257303
      4 H                     0.064066
      5 C                    -0.255524
      6 C                    -0.267149
      7 H                     0.089220
      8 H                     0.102393
      9 H                     0.093385
     10 H                     0.060357
     11 H                     0.064399
     12 H                     0.066221
  ----------------------------------------
  Sum of atomic charges =     0.000000

 -----------------------------------------------------------------
                    Cartesian Multipole Moments
 -----------------------------------------------------------------
    Charge (ESU x 10^10)
                 0.0000
    Dipole Moment (Debye)
         X       1.3838      Y      -0.0636      Z       1.2082
       Tot       1.8381
    Quadrupole Moments (Debye-Ang)
        XX     -24.2301     XY       0.1298     YY     -26.2027
        XZ      -0.9644     YZ      -0.0377     ZZ     -24.1179
    Octapole Moments (Debye-Ang^2)
       XXX      16.1218    XXY       8.9881    XYY       3.5563
       YYY      26.0028    XXZ     -37.6868    XYZ       0.2210
       YYZ     -36.5233    XZZ       4.8302    YZZ       8.8225
       ZZZ    -105.0063
    Hexadecapole Moments (Debye-Ang^3)
      XXXX    -173.8396   XXXY      21.3979   XXYY     -47.3711
      XYYY      24.4865   YYYY    -112.9793   XXXZ      27.4892
      XXYZ      18.3008   XYYZ       8.2952   YYYZ      54.2224
      XXZZ    -107.0857   XYZZ       7.4959   YYZZ     -96.6009
      XZZZ      25.7675   YZZZ      52.2006   ZZZZ    -427.3324
 -----------------------------------------------------------------
 Total job time:  176.05s(wall), 170.97s(cpu) 
 Mon Jun  3 17:12:12 2013

        *************************************************************
        *                                                           *
        *  Thank you very much for using Q-Chem.  Have a nice day.  *
        *                                                           *
        *************************************************************


0 sent ACK to 0 
now end server 0 ... 
 
**********************************************************************
Job 3 of 3 
**********************************************************************
 
Process 0 of 1 is on cl010.stfx.acenet.ca - thread support 1
initial socket setup ...start
initial socket setup ...done 
now start server 0 ... 

cmd = /usr/bin/ssh clhead /usr/local/qchem/bin/get_hostid 2131731951 > /scratch/tmp/6027726.1.short.q/qchem20445/lic.dat
                  Welcome to Q-Chem
     A Quantum Leap Into The Future Of Chemistry

 Y. Shao, L. Fusti-Molnar, Y. Jung, J. Kussmann, C. Ochsenfeld,
 S. T. Brown, A. T. B. Gilbert, L. V. Slipchenko,S. V. Levchenko,
 D. P. O'Neill, R. A. DiStasio Jr., R. C. Lochan, T. Wang,
 G. J. O. Beran, N. A. Besley, J. M. Herbert, C. Y. Lin,
 T. Van Voorhis, S. H. Chien, A. Sodt, R. P. Steele, 
 V. A. Rassolov, P. E. Maslen, P. P. Korambath, R. D. Adamson,
 B. Austin, J. Baker, E. F. C. Byrd, H. Dachsel, R. J. Doerksen,
 A. Dreuw, B. D. Dunietz, A. D. Dutoi, T. R. Furlani,
 S. R. Gwaltney, A. Heyden, S. Hirata, C.-P. Hsu, G. Kedziora,
 R. Z. Khaliullin, P. Klunzinger, A. M. Lee, M. S. Lee, W. Liang,
 I. Lotan, N. Nair, B. Peters, E. I. Proynov, P. A. Pieniazek, 
 Y. M. Rhee, J. Ritchie, E. Rosta, C. D. Sherrill, 
 A. C. Simmonett, J. E. Subotnik, H. L. Woodcock III,
 W. Zhang, A. T. Bell, A. K. Chakraborty, D. M. Chipman,
 F. J. Keil, A. Warshel, W. J. Hehre, H. F. Schaefer III,
 J. Kong, A. I. Krylov, P. M. W. Gill, M. Head-Gordon,
 Q-Chem, Version 3.1, Q-Chem, Inc., Pittsburgh, PA (2007).

 Additional authors for Version 3.1: 
 Z. Gan, Y. Zhao, N. E. Schultz, D. Truhlar, E. Epifanovsky and M. Oana.

 Additional authors for Version 3.2: 
 R. Baer, B. R. Brooks, D. Casanova, J.-D. Chai, C.-L. Cheng, 
 C. Cramer, D. Crittenden, A. Ghysels, G. Hawkins, E. G. Hohenstein, 
 C. Kelley, W. Kurlancheek, D. Liotard, E. Livshits, P. Manohar, 
 A. Marenich, D. Neuhauser, R. Olson, M. A. Rohrdanz, K. S. Thanthiriwatte, 
 A. J. W. Thom, V. Vanovschi, C. F. Williams, Q. Wu and Z.-Q. You. 


 Intel X86 Linux Version

 Q-chem begins on Mon Jun  3 17:12:16 2013  

 Parallel job on  1  processors
Processing $rem in /usr/local/qchem/config/preferences.

theFileMan(): MAXOPENFILES=974 MAX_SUB_FILE_NUM=16
Maximum size of a physical file is 2.0 GB, maximum size of a tmp-file is 32.0 GB


--------------------------------------------------------------
User input:
--------------------------------------------------------------

$molecule
1,2
O
C1,O,r1
H1,C1,r2,O,a1
H,O,roh,C1,aoh,H1,toh,0
C2,C1,r3a,O,a2a,H1,t1a,0
C3,C1,r3b,O,a2b,H1,-t1b,0
H,C2,r4a,C1,a4a,H1,t2a,0
H,C3,r5a,C1,a5a,H1,-t2b,0
H,C2,r4b,C1,a4b,H1,t3a,0
H,C3,r5b,C1,a5b,H1,-t3b,0
H,C2,r4c,C1,a4c,H1,-t4a,0
H,C3,r5c,C1,a5c,H1,t4b,0

r1=1.43111827
r2=1.9557364
roh=2.07916264
r3a=1.52393712
r3b=1.53017411
r4a=1.09587708
r5a=1.09583825
r4b=1.09448657
r5b=1.09801539
r4c=1.0954512
r5c=1.0964078
a1=28.22171182
aoh=30.02045037
a2a=106.21524706
a2b=111.13113306
a4a=110.2041443
a5a=110.24366741
a4b=110.29321839
a5b=111.03931704
a4c=110.82961388
a5c=111.23833611
toh=-62.32359188
t1a=179.44473237
t1b=57.80032287
t2a=63.0172795
t2b=83.272013
t3a=-56.37337218
t3b=-36.4963859
t4a=176.72748761
t4b=156.21533884

$end

$comment
positive
$end

$xc_functional
C PBE   1.00
X wPBE  1.00
$end

$rem
SYMMETRY_DECOMPOSITION	0
LRC_DFT                 true
exchange 		general
BASIS                   g3large
omega			1020
mem_static              760
max_scf_cycles          200
scf_final_print         1
sym_ignore              true
$end

--------------------------------------------------------------
 Writing REM_CC_EA           12
 ----------------------------------------------------
       Standard Nuclear Orientation (Angstroms)
    I     Atom         X            Y            Z
 ----------------------------------------------------
    1      O       0.000000     0.000000     0.000000
    2      C       0.000000     0.000000     1.431118
    3      H       0.924838     0.000000    -0.292129
    4      H       0.483161     0.921207     1.800236
    5      C      -1.463245     0.014181     1.856673
    6      C       0.760558    -1.207760     1.982752
    7      H      -1.967442    -0.894454     1.508657
    8      H       0.298586    -2.138301     1.634130
    9      H      -1.976608     0.877600     1.422084
   10      H       1.806714    -1.200668     1.649367
   11      H      -1.551233     0.066921     2.947310
   12      H       0.763328    -1.208441     3.079156
 ----------------------------------------------------
 Nuclear Repulsion Energy =   134.3979926221 hartrees
 There are       17 alpha and       16 beta electrons
 Requested basis set is G3large
 There are 88 shells and 248 basis functions

Total QAlloc Memory Limit   2000 MB
Mega-Array Size       743 MB
MEM_STATIC part       760 MB

                       Distance Matrix (Angstroms)
             O (  1)   C (  2)   H (  3)   H (  4)   C (  5)   C (  6)
   C (  2)  1.431118
   H (  3)  0.969878  1.955736
   H (  4)  2.079163  1.103773  2.328453
   C (  5)  2.364005  1.523937  3.212552  2.148110
   C (  6)  2.443039  1.530174  2.580844  2.154707  2.540539
   H (  7)  2.635701  2.162611  3.522521  3.063836  1.095877  2.786558
   H (  8)  2.707742  2.168571  2.945335  3.069568  2.790476  1.095838
   H (  9)  2.588336  2.162693  3.482398  2.489048  1.094487  3.486424
   H ( 10)  2.725111  2.180241  2.447185  2.505376  3.494491  1.098015
   H ( 11)  3.331282  2.170171  4.077912  2.486833  1.095451  2.810617
   H ( 12)  3.394731  2.181519  3.584965  2.499906  2.819024  1.096408
             H (  7)   H (  8)   H (  9)   H ( 10)   H ( 11)
   H (  8)  2.588007
   H (  9)  1.774192  3.783799
   H ( 10)  3.789170  1.775904  4.322543
   H ( 11)  1.779661  3.163745  1.778892  3.816706
   H ( 12)  3.165779  1.780091  3.821610  1.770031  2.645964
 
 A cutoff of  1.0D-08 yielded   3639 shell pairs
 There are  28920 function pairs ( 34904 Cartesian)
Evaluating contribution to one-electron hamiltonian from nuclear
 Smallest overlap matrix eigenvalue = 4.89E-05

 Q-Chem warning in module mkSTV.C, line 194:

 Overlap eigenvalue is smaller than square root of threshold

 Multipole matrices computed through 2nd order

  Scale SEOQF with 1.000000e-01/1.000000e-01/1.000000e-01

 Standard Electronic Orientation quadrupole field applied
 Nucleus-field energy     =    -0.0000000069 hartrees
 Guess from superposition of atomic densities
 Warning:  Energy on first SCF cycle will be non-variational
 Long-range K will be added via erf
 Coulomb attenuation parameter = 1.02 bohr**(-1)
 An unrestricted Kohn-Sham SCF calculation will be
 performed using Pulay DIIS extrapolation
 Exchange:  wPBE + LR-HF      Correlation:  PBE
 Using SG-1 standard quadrature grid
 SCF converges when DIIS error is below 1.0E-05
 Requested basis set is G3large
 There are 88 shells and 248 basis functions
 A cutoff of  1.0D-08 yielded   3639 shell pairs
 There are  28920 function pairs ( 34904 Cartesian)
 Warning!  Inaccurate integrated density:
   Number of electrons =    33
   Numerical integral  =    34.000227111547
   Relative error      =     3.0309912471 %
 ---------------------------------------
  Cycle       Energy         DIIS Error
 ---------------------------------------
    1    -195.3635563275      2.85E-02
    2    -193.7615017076      3.17E-03
    3    -193.8424924244      2.15E-03
    4    -193.8695163799      5.74E-04
    5    -193.8767511704      2.93E-04
    6    -193.8806931514      2.45E-04
    7    -193.8853542045      2.62E-04
    8    -193.8872133114      2.66E-04
    9    -193.8820647419      2.55E-04
   10    -193.8605787294      7.31E-04
   11    -193.8722084737      4.12E-04
   12    -193.8743692853      4.17E-04
   13    -193.8743834377      4.07E-04
   14    -193.8728220231      3.96E-04
   15    -193.8738295771      3.86E-04
   16    -193.8739537691      3.85E-04
   17    -193.8735816876      3.88E-04
   18    -193.8728323199      4.16E-04
   19    -193.8710902419      4.44E-04
   20    -193.8745401248      2.94E-04
   21    -193.8771651024      2.30E-04
   22    -193.8817708253      2.55E-04
   23    -193.8759240105      2.48E-04
   24    -193.8340246449      1.56E-03
   25    -193.8618012010      6.38E-04
   26    -193.8569821226      7.69E-04
   27    -193.8618240865      6.23E-04
   28    -193.8624926855      6.06E-04
   29    -193.8601760740      6.66E-04
   30    -193.8601646568      6.31E-04
   31    -193.8584902972      6.88E-04
   32    -193.8596632211      6.21E-04
   33    -193.8594476229      6.22E-04
   34    -193.8590438289      6.37E-04
   35    -193.8607465234      5.71E-04
   36    -193.8611049699      5.59E-04
   37    -193.8611441282      5.49E-04
   38    -193.8646575302      4.08E-04
   39    -193.8672426928      1.79E-04
   40    -193.8710347899      2.09E-04
   41    -193.8727192401      2.18E-04
   42    -193.8554905577      5.93E-04
   43    -193.8641845459      4.30E-04
   44    -193.8646022140      4.49E-04
   45    -193.8621142917      4.79E-04
   46    -193.8588188551      5.44E-04
   47    -193.8580918408      5.75E-04
   48    -193.8575394489      5.74E-04
   49    -193.8569055885      6.04E-04
   50    -193.8566545376      6.10E-04
   51    -193.8555997240      6.32E-04
   52    -193.8518524005      7.53E-04
   53    -193.8562651641      6.25E-04
   54    -193.8572058904      5.01E-04
   55    -193.8505176760      6.83E-04
   56    -193.8534792742      4.65E-04
   57    -193.8567114899      3.29E-04
   58    -193.8582354763      1.16E-04
   59    -193.8597113981      1.12E-04
   60    -193.8608608906      1.19E-04
   61    -193.8586216676      1.22E-04
   62    -193.8549976593      1.84E-04
   63    -193.8567221157      2.23E-04
   64    -193.8564152380      2.13E-04
   65    -193.8511024101      4.40E-04
   66    -193.8530246306      3.45E-04
   67    -193.8540848490      7.21E-05
   68    -193.8548197130      6.83E-05
   69    -193.8554899225      6.93E-05
   70    -193.8560388762      7.17E-05
   71    -193.8549779670      7.62E-05
   72    -193.8540889097      7.69E-05
   73    -193.8532642609      4.39E-05
   74    -193.8531301859      4.81E-05
   75    -193.8532151970      3.04E-05
   76    -193.8533313830      2.21E-05
   77    -193.8533801207      1.18E-05
   78    -193.8533805654      2.15E-05
   79    -193.8533861844      2.09E-05
   80    -193.8533949350      5.47E-06 Convergence criterion met
 ---------------------------------------
 One-Electron    Energy =  -520.2862081156
 Total Coulomb   Energy =   219.4552738442
 Alpha Exchange  Energy =    -6.4722516255
 Beta  Exchange  Energy =    -6.0500516767
 DFT   Exchange  Energy =   -13.8253406023
 DFT Correlation Energy =    -1.0728093743
 Nuclear Repu.   Energy =   134.3979926152
 Nuclear Attr.   Energy =  -713.1899831601
 Kinetic         Energy =   192.9037750444
 <S^2> = 0.7606
 SCF time:  CPU 2491.30 s  wall 2552.51 s
 Final Alpha MO Eigenvalues
            1           2           3           4           5           6
    1 -19.5228901 -10.7934990 -10.7085487 -10.6582928  -1.5912144  -1.3405432
            7           8           9          10          11          12
    1  -1.2177482  -1.0827168  -0.9876778  -0.9157130  -0.8960542  -0.8271403
           13          14          15          16          17          18
    1  -0.8180901  -0.8044045  -0.7883275  -0.7708077  -0.7140047  -0.1029923
           19          20          21          22
    1  -0.0781856  -0.0729331  -0.0653579  -0.0473030
 Final Beta MO Eigenvalues
            1           2           3           4           5           6
    1 -19.5196214 -10.7880518 -10.7021693 -10.6565498  -1.5761225  -1.2927149
            7           8           9          10          11          12
    1  -1.1784642  -1.0483534  -0.9621281  -0.8898645  -0.8446057  -0.8114435
           13          14          15          16          17          18
    1  -0.7981823  -0.7852525  -0.7555568  -0.7023778  -0.4062359  -0.1013413
           19          20          21
    1  -0.0764943  -0.0715466  -0.0644290
 Analysis of SCF Wavefunction
 
 --------------------------------------------------------------
                    Orbital Energies (a.u.)
 --------------------------------------------------------------
 
 Alpha MOs
 -- Occupied --
-19.523 -10.793 -10.709 -10.658  -1.591  -1.341  -1.218  -1.083
 -0.988  -0.916  -0.896  -0.827  -0.818  -0.804  -0.788  -0.771
 -0.714
 -- Virtual --
 -0.103  -0.078  -0.073  -0.065  -0.047  -0.043  -0.034  -0.025
 -0.017  -0.007   0.008   0.019   0.027   0.031   0.036   0.040
  0.049   0.057   0.068   0.079   0.082   0.094   0.116   0.123
  0.124   0.130   0.148   0.167   0.173   0.182   0.211   0.234
  0.244   0.253   0.288   0.326   0.346   0.365   0.383   0.410
  0.419   0.456   0.459   0.482   0.493   0.494   0.505   0.511
  0.531   0.543   0.557   0.568   0.610   0.623   0.629   0.667
  0.714   0.737   0.785   0.787   0.827   0.867   0.881   0.904
  0.921   0.964   0.997   1.009   1.038   1.061   1.078   1.104
  1.120   1.131   1.156   1.174   1.200   1.228   1.238   1.244
  1.270   1.282   1.295   1.319   1.353   1.399   1.411   1.419
  1.444   1.460   1.494   1.504   1.534   1.557   1.560   1.602
  1.607   1.744   1.843   2.016   2.048   2.257   2.317   2.387
  2.492   2.523   2.567   2.572   2.633   2.670   2.699   2.772
  2.797   2.821   2.846   2.913   2.923   2.953   2.972   2.997
  3.108   3.124   3.152   3.163   3.189   3.236   3.288   3.307
  3.330   3.336   3.364   3.406   3.442   3.518   3.548   3.552
  3.574   3.603   3.641   3.665   3.684   3.737   3.778   3.805
  3.824   3.870   3.902   3.984   3.994   4.002   4.014   4.054
  4.117   4.151   4.185   4.214   4.233   4.246   4.261   4.289
  4.317   4.334   4.346   4.437   4.463   4.497   4.569   4.584
  4.611   4.622   4.669   4.716   4.842   5.135   5.210   5.268
  5.319   5.389   5.422   5.511   5.551   5.614   5.675   5.689
  5.719   5.736   5.882   5.961   6.479   7.063   7.214   7.296
  7.350   7.633   7.747  24.160  24.289  24.374  27.592  27.765
 28.064  28.132  28.159  28.199  28.208  28.365  28.473  40.941
 41.001  41.030  41.056  41.077  41.103  41.138  41.165  41.200
 41.211  41.243  41.257  41.287  41.293  41.348  43.916  43.946
 43.991  44.031  44.096  45.785  46.093  46.471  50.002
 
 Beta MOs
 -- Occupied --
-19.520 -10.788 -10.702 -10.657  -1.576  -1.293  -1.178  -1.048
 -0.962  -0.890  -0.845  -0.811  -0.798  -0.785  -0.756  -0.702
 -- Virtual --
 -0.406  -0.101  -0.076  -0.072  -0.064  -0.046  -0.042  -0.033
 -0.024  -0.016  -0.003   0.010   0.021   0.029   0.033   0.036
  0.042   0.051   0.061   0.072   0.083   0.086   0.100   0.121
  0.125   0.131   0.143   0.160   0.171   0.187   0.187   0.215
  0.237   0.250   0.260   0.290   0.331   0.356   0.372   0.396
  0.414   0.425   0.464   0.472   0.487   0.499   0.504   0.509
  0.516   0.544   0.560   0.562   0.576   0.617   0.628   0.634
  0.673   0.720   0.739   0.789   0.791   0.833   0.869   0.884
  0.908   0.926   0.967   1.001   1.015   1.043   1.066   1.082
  1.108   1.124   1.135   1.161   1.180   1.212   1.237   1.246
  1.257   1.276   1.288   1.301   1.324   1.356   1.404   1.415
  1.425   1.447   1.462   1.498   1.508   1.540   1.562   1.565
  1.607   1.611   1.748   1.850   2.024   2.056   2.262   2.325
  2.393   2.504   2.532   2.575   2.579   2.645   2.686   2.706
  2.790   2.817   2.835   2.860   2.925   2.931   2.958   2.983
  3.009   3.117   3.131   3.163   3.169   3.197   3.242   3.295
  3.321   3.340   3.341   3.372   3.419   3.449   3.525   3.557
  3.561   3.583   3.609   3.647   3.678   3.696   3.746   3.785
  3.815   3.833   3.879   3.910   3.993   3.999   4.010   4.023
  4.061   4.124   4.160   4.194   4.221   4.239   4.251   4.268
  4.299   4.326   4.342   4.354   4.442   4.468   4.502   4.574
  4.592   4.620   4.630   4.675   4.725   4.854   5.139   5.217
  5.275   5.327   5.401   5.430   5.520   5.562   5.618   5.680
  5.695   5.724   5.742   5.885   5.968   6.484   7.074   7.220
  7.311   7.355   7.640   7.758  24.165  24.293  24.379  27.603
 27.771  28.067  28.135  28.162  28.201  28.209  28.372  28.482
 40.953  41.004  41.037  41.062  41.082  41.105  41.141  41.174
 41.206  41.217  41.253  41.258  41.289  41.298  41.352  43.923
 43.952  43.993  44.035  44.104  45.787  46.101  46.473  50.005
 --------------------------------------------------------------
 
          Ground-State Mulliken Net Atomic Charges

     Atom                 Charge (a.u.)    Spin (a.u.)
  --------------------------------------------------------
      1 O                    -0.173302       0.120676
      2 C                     0.053609       0.256128
      3 H                     0.319921       0.025532
      4 H                     0.188209       0.074515
      5 C                    -0.117165       0.327153
      6 C                    -0.173873       0.085715
      7 H                     0.170488       0.015866
      8 H                     0.153273       0.011767
      9 H                     0.177989       0.028459
     10 H                     0.144227       0.065594
     11 H                     0.138798      -0.009433
     12 H                     0.117827      -0.001973
  --------------------------------------------------------
  Sum of atomic charges =     1.000000
  Sum of spin   charges =     1.000000

 -----------------------------------------------------------------
                    Cartesian Multipole Moments
 -----------------------------------------------------------------
    Charge (ESU x 10^10)
                 4.8032
    Dipole Moment (Debye)
         X      -0.1443      Y      -1.1988      Z       8.4332
       Tot       8.5192
    Quadrupole Moments (Debye-Ang)
        XX     -12.4535     XY      -1.6500     YY     -19.7636
        XZ      -4.1164     YZ      -2.4778     ZZ      -6.3037
    Octapole Moments (Debye-Ang^2)
       XXX       4.4035    XXY       5.8551    XYY       4.5635
       YYY      18.9762    XXZ     -17.2565    XYZ      -3.3737
       YYZ     -25.3008    XZZ      -2.1682    YZZ       2.4468
       ZZZ     -60.1552
    Hexadecapole Moments (Debye-Ang^3)
      XXXX    -111.6975   XXXY      13.3021   XXYY     -32.7368
      XYYY      18.1854   YYYY     -86.1776   XXXZ       5.2801
      XXYZ      12.1181   XYYZ      11.1463   YYYZ      40.5550
      XXZZ     -60.5904   XYZZ      -1.2030   YYZZ     -70.7048
      XZZZ       7.0323   YZZZ      33.4312   ZZZZ    -295.2228
 -----------------------------------------------------------------
 Total job time:  2552.98s(wall), 2491.67s(cpu) 
 Mon Jun  3 17:54:49 2013

        *************************************************************
        *                                                           *
        *  Thank you very much for using Q-Chem.  Have a nice day.  *
        *                                                           *
        *************************************************************


0 sent ACK to 0 
now end server 0 ... 
