Process 0 of 1 is on cl135 - thread support 1
initial socket setup ...start
initial socket setup ...done 
now start server 0 ... 

cmd = /usr/bin/ssh clhead /usr/local/qchem/bin/get_hostid 787894852 > /tmp/1602339.1.medium.q/qchem13781/lic.dat

cmd = /usr/bin/ssh clhead /usr/local/qchem/bin/get_hostid 787894852 > /tmp/1602339.1.medium.q/qchem13781/lic.dat

cmd = /usr/bin/ssh clhead /usr/local/qchem/bin/get_hostid 787894852 > /tmp/1602339.1.medium.q/qchem13781/lic.dat

cmd = /usr/bin/ssh clhead /usr/local/qchem/bin/get_hostid 787894852 > /tmp/1602339.1.medium.q/qchem13781/lic.dat

cmd = /usr/bin/ssh clhead /usr/local/qchem/bin/get_hostid 787894852 > /tmp/1602339.1.medium.q/qchem13781/lic.dat
                  Welcome to Q-Chem
     A Quantum Leap Into The Future Of Chemistry

 Y. Shao, L. Fusti-Molnar, Y. Jung, J. Kussmann, C. Ochsenfeld,
 S. T. Brown, A. T. B. Gilbert, L. V. Slipchenko,S. V. Levchenko,
 D. P. O'Neill, R. A. DiStasio Jr., R. C. Lochan, T. Wang,
 G. J. O. Beran, N. A. Besley, J. M. Herbert, C. Y. Lin,
 T. Van Voorhis, S. H. Chien, A. Sodt, R. P. Steele, 
 V. A. Rassolov, P. E. Maslen, P. P. Korambath, R. D. Adamson,
 B. Austin, J. Baker, E. F. C. Byrd, H. Dachsel, R. J. Doerksen,
 A. Dreuw, B. D. Dunietz, A. D. Dutoi, T. R. Furlani,
 S. R. Gwaltney, A. Heyden, S. Hirata, C.-P. Hsu, G. Kedziora,
 R. Z. Khaliullin, P. Klunzinger, A. M. Lee, M. S. Lee, W. Liang,
 I. Lotan, N. Nair, B. Peters, E. I. Proynov, P. A. Pieniazek, 
 Y. M. Rhee, J. Ritchie, E. Rosta, C. D. Sherrill, 
 A. C. Simmonett, J. E. Subotnik, H. L. Woodcock III,
 W. Zhang, A. T. Bell, A. K. Chakraborty, D. M. Chipman,
 F. J. Keil, A. Warshel, W. J. Hehre, H. F. Schaefer III,
 J. Kong, A. I. Krylov, P. M. W. Gill, M. Head-Gordon,
 Q-Chem, Version 3.1, Q-Chem, Inc., Pittsburgh, PA (2007).

 Additional authors for Version 3.1: 
 Z. Gan, Y. Zhao, N. E. Schultz, D. Truhlar, E. Epifanovsky and M. Oana.

 Additional authors for Version 3.2: 
 R. Baer, B. R. Brooks, D. Casanova, J.-D. Chai, C.-L. Cheng, 
 C. Cramer, D. Crittenden, A. Ghysels, G. Hawkins, E. G. Hohenstein, 
 C. Kelley, W. Kurlancheek, D. Liotard, E. Livshits, P. Manohar, 
 A. Marenich, D. Neuhauser, R. Olson, M. A. Rohrdanz, K. S. Thanthiriwatte, 
 A. J. W. Thom, V. Vanovschi, C. F. Williams, Q. Wu and Z.-Q. You. 


 Intel X86 Linux Version

 Q-chem begins on Sun Mar 23 14:45:13 2014  

 Parallel job on  1  processors
Processing $rem in /usr/local/qchem/config/preferences.

theFileMan(): MAXOPENFILES=974 MAX_SUB_FILE_NUM=16
Maximum size of a physical file is 2.0 GB, maximum size of a tmp-file is 32.0 GB


--------------------------------------------------------------
User input:
--------------------------------------------------------------

$molecule
-1,2
Si         0.00042        0.00000        0.00861
Si        -0.00042        0.00000        2.34162
H          1.39615        0.00000       -0.50798
H         -0.69759       -1.20904       -0.50646
H         -0.69759        1.20904       -0.50646
H         -1.39615        0.00000        2.85821
H          0.69759       -1.20904        2.85669
H          0.69759        1.20904        2.85669
$end

$comment
negative
$end

$xc_functional
C PBE   1.00
X wPBE  1.00
$end

$rem
SYMMETRY_DECOMPOSITION	0
exchange 		general
LRC_DFT                 true
BASIS                   g3large
omega			290
mem_static              760
max_scf_cycles          200
scf_final_print         1
sym_ignore              true
$end

--------------------------------------------------------------
 Writing REM_CC_EA            8
 ----------------------------------------------------
       Standard Nuclear Orientation (Angstroms)
    I     Atom         X            Y            Z
 ----------------------------------------------------
    1      Si      0.000420     0.000000     0.008610
    2      Si     -0.000420     0.000000     2.341620
    3      H       1.396150     0.000000    -0.507980
    4      H      -0.697590    -1.209040    -0.506460
    5      H      -0.697590     1.209040    -0.506460
    6      H      -1.396150     0.000000     2.858210
    7      H       0.697590    -1.209040     2.856690
    8      H       0.697590     1.209040     2.856690
 ----------------------------------------------------
 Nuclear Repulsion Energy =    90.8879884197 hartrees
 There are       18 alpha and       17 beta electrons
 Requested basis set is G3large
 There are 74 shells and 192 basis functions

Total QAlloc Memory Limit   2000 MB
Mega-Array Size       743 MB
MEM_STATIC part       760 MB

                       Distance Matrix (Angstroms)
             Si(  1)   Si(  2)   H (  3)   H (  4)   H (  5)   H (  6)
   Si(  2)  2.333010
   H (  3)  1.488263  3.173425
   H (  4)  1.488050  3.171653  2.417753
   H (  5)  1.488050  3.171653  2.417753  2.418080
   H (  6)  3.173425  1.488263  4.373577  3.642907  3.642907
   H (  7)  3.171653  1.488050  3.642907  3.641058  4.370860  2.417753
   H (  8)  3.171653  1.488050  3.642907  4.370860  3.641058  2.417753
             H (  7)
   H (  8)  2.418080
 
 A cutoff of  1.0D-08 yielded   2535 shell pairs
 There are  17276 function pairs ( 22407 Cartesian)
Evaluating contribution to one-electron hamiltonian from nuclear
 Smallest overlap matrix eigenvalue = 1.96E-04
 Multipole matrices computed through 2nd order

  Scale SEOQF with 1.000000e-01/1.000000e-01/1.000000e-01

 Standard Electronic Orientation quadrupole field applied
 Nucleus-field energy     =    -0.0000000103 hartrees
 Guess from superposition of atomic densities
 Warning:  Energy on first SCF cycle will be non-variational
 Long-range K will be added via erf
 Coulomb attenuation parameter = 0.29 bohr**(-1)
 An unrestricted Kohn-Sham SCF calculation will be
 performed using Pulay DIIS extrapolation
 Exchange:  wPBE + LR-HF      Correlation:  PBE
 Using SG-1 standard quadrature grid
 SCF converges when DIIS error is below 1.0E-05
 Requested basis set is G3large
 There are 74 shells and 192 basis functions
 A cutoff of  1.0D-08 yielded   2535 shell pairs
 There are  17276 function pairs ( 22407 Cartesian)
 Warning!  Inaccurate integrated density:
   Number of electrons =    35
   Numerical integral  =    34.000072301361
   Relative error      =    -2.8569362818 %
 ---------------------------------------
  Cycle       Energy         DIIS Error
 ---------------------------------------
    1    -582.2649284909      2.14E-02
    2    -582.2464760738      1.57E-03
    3    -582.2744918125      7.02E-04
    4    -582.2775973795      1.83E-04
    5    -582.2781636025      6.56E-05
    6    -582.2783474424      2.66E-05
    7    -582.2784088610      1.23E-05
    8    -582.2784410710      7.59E-06 Convergence criterion met
 ---------------------------------------
 One-Electron    Energy =  -993.5119287107
 Total Coulomb   Energy =   364.3031568614
 Alpha Exchange  Energy =    -2.7045689069
 Beta  Exchange  Energy =    -2.5958207889
 DFT   Exchange  Energy =   -37.4375783315
 DFT Correlation Energy =    -1.2196896038
 Nuclear Repu.   Energy =    90.8879884094
 Nuclear Attr.   Energy = -1574.8798928383
 Kinetic         Energy =   581.3679641275
 <S^2> = 0.7545
 SCF time:  CPU 112.12 s  wall 113.40 s
 Final Alpha MO Eigenvalues
            1           2           3           4           5           6
    1 -65.3612895 -65.3612850  -5.0196384  -5.0195391  -3.4268244  -3.4267936
            7           8           9          10          11          12
    1  -3.4260762  -3.4257341  -3.4253962  -3.4252315  -0.4877148  -0.4233094
           13          14          15          16          17          18
    1  -0.2766635  -0.2750576  -0.2503924  -0.2473763  -0.1962470   0.0633881
           19          20          21          22          23
    1   0.1610831   0.1635074   0.1936375   0.1958893   0.1988239
 Final Beta MO Eigenvalues
            1           2           3           4           5           6
    1 -65.3612495 -65.3612451  -5.0194442  -5.0193523  -3.4267873  -3.4267767
            7           8           9          10          11          12
    1  -3.4260186  -3.4255686  -3.4247781  -3.4247715  -0.4797250  -0.4195989
           13          14          15          16          17          18
    1  -0.2726396  -0.2616844  -0.2462630  -0.2365940  -0.1837058   0.1631824
           19          20          21          22
    1   0.1654362   0.1949931   0.1981228   0.2021290
 Analysis of SCF Wavefunction
 
 --------------------------------------------------------------
                    Orbital Energies (a.u.)
 --------------------------------------------------------------
 
 Alpha MOs
 -- Occupied --
-65.361 -65.361  -5.020  -5.020  -3.427  -3.427  -3.426  -3.426
 -3.425  -3.425  -0.488  -0.423  -0.277  -0.275  -0.250  -0.247
 -0.196   0.063
 -- Virtual --
  0.161   0.164   0.194   0.196   0.199   0.201   0.204   0.210
  0.211   0.220   0.222   0.260   0.288   0.289   0.296   0.296
  0.323   0.332   0.356   0.367   0.389   0.392   0.441   0.468
  0.483   0.484   0.488   0.489   0.534   0.536   0.537   0.539
  0.577   0.579   0.579   0.657   0.658   0.666   0.692   0.694
  0.709   0.722   0.745   0.746   0.748   0.870   0.872   0.877
  0.881   0.894   0.897   0.905   0.940   0.943   0.948   0.949
  0.985   1.077   1.077   1.090   1.090   1.148   1.149   1.151
  1.192   1.193   1.196   1.208   1.326   1.366   1.374   1.377
  1.378   1.381   1.451   1.453   1.475   1.518   1.520   1.549
  1.566   1.611   1.612   1.640   1.645   1.646   1.759   1.760
  1.761   1.763   1.852   1.954   2.284   2.348   2.350   2.367
  2.375   2.448   2.448   2.491   2.509   2.510   2.591   2.597
  2.598   2.752   3.059   3.064   3.096   3.101   3.307   3.332
  3.793   3.794   3.818   3.820   3.832   4.019   4.022   4.022
  4.026   4.268   4.296   4.301   4.303   4.309   4.321   4.327
  4.348   4.354   4.386   4.392   4.423   4.425   4.565   4.671
  4.702   4.705   4.769   4.773   6.157   6.348  11.597  11.598
 11.627  11.628  11.700  11.846  17.660  17.707  17.708  17.768
 17.782  17.919  17.920  17.960  18.001  18.028  22.324  22.331
 22.335  22.335  22.341  22.348  22.350  22.351  22.362  22.363
 22.364  22.365  22.378  22.389 141.026 141.247
 
 Beta MOs
 -- Occupied --
-65.361 -65.361  -5.019  -5.019  -3.427  -3.427  -3.426  -3.426
 -3.425  -3.425  -0.480  -0.420  -0.273  -0.262  -0.246  -0.237
 -0.184
 -- Virtual --
  0.163   0.165   0.195   0.198   0.202   0.206   0.207   0.212
  0.214   0.221   0.225   0.228   0.292   0.294   0.299   0.301
  0.306   0.337   0.341   0.360   0.372   0.394   0.395   0.448
  0.472   0.486   0.491   0.492   0.496   0.541   0.546   0.546
  0.549   0.581   0.582   0.587   0.660   0.669   0.677   0.703
  0.706   0.717   0.728   0.750   0.754   0.756   0.878   0.880
  0.884   0.886   0.902   0.905   0.912   0.942   0.947   0.950
  0.954   0.996   1.080   1.081   1.092   1.097   1.155   1.155
  1.164   1.196   1.201   1.206   1.210   1.330   1.372   1.381
  1.382   1.384   1.390   1.457   1.459   1.483   1.523   1.527
  1.555   1.573   1.614   1.622   1.646   1.648   1.657   1.763
  1.764   1.770   1.772   1.860   1.959   2.285   2.349   2.357
  2.372   2.380   2.452   2.456   2.494   2.514   2.516   2.596
  2.599   2.605   2.755   3.063   3.074   3.099   3.110   3.313
  3.338   3.794   3.796   3.820   3.822   3.833   4.021   4.024
  4.028   4.032   4.273   4.299   4.308   4.309   4.318   4.325
  4.330   4.352   4.364   4.388   4.401   4.430   4.432   4.571
  4.675   4.704   4.713   4.772   4.781   6.158   6.350  11.598
 11.600  11.627  11.630  11.701  11.847  17.659  17.707  17.708
 17.768  17.782  17.919  17.920  17.961  18.002  18.028  22.324
 22.332  22.335  22.336  22.341  22.348  22.350  22.351  22.362
 22.363  22.364  22.365  22.378  22.390 141.026 141.247
 --------------------------------------------------------------
 
          Ground-State Mulliken Net Atomic Charges

     Atom                 Charge (a.u.)    Spin (a.u.)
  --------------------------------------------------------
      1 Si                   -0.163416       0.552687
      2 Si                   -0.163480       0.552689
      3 H                    -0.111208      -0.017988
      4 H                    -0.139538      -0.014375
      5 H                    -0.085812      -0.020323
      6 H                    -0.111270      -0.017921
      7 H                    -0.085718      -0.020414
      8 H                    -0.139558      -0.014355
  --------------------------------------------------------
  Sum of atomic charges =    -1.000000
  Sum of spin   charges =     1.000000

 -----------------------------------------------------------------
                    Cartesian Multipole Moments
 -----------------------------------------------------------------
    Charge (ESU x 10^10)
                -4.8032
    Dipole Moment (Debye)
         X      -0.0001      Y       0.0001      Z      -5.6443
       Tot       5.6443
    Quadrupole Moments (Debye-Ang)
        XX     -43.9678     XY       2.3545     YY     -43.9853
        XZ       0.0703     YZ       2.4241     ZZ     -57.8919
    Octapole Moments (Debye-Ang^2)
       XXX      -0.0012    XXY       0.0002    XYY      -0.0005
       YYY       0.0008    XXZ     -51.6685    XYZ       2.7655
       YYZ     -51.6867    XZZ       0.1663    YZZ       5.6962
       ZZZ    -188.5005
    Hexadecapole Moments (Debye-Ang^3)
      XXXX    -178.8166   XXXY       1.1498   XXYY     -59.7293
      XYYY      19.3251   YYYY    -178.6103   XXXZ      10.7695
      XXYZ       5.3836   XYYZ      -9.7777   YYYZ      16.0763
      XXZZ    -196.9483   XYZZ      10.0401   YYZZ    -196.4087
      XZZZ       0.8637   YZZZ      45.8429   ZZZZ    -963.5834
 -----------------------------------------------------------------
 Total job time:  113.68s(wall), 112.34s(cpu) 
 Sun Mar 23 14:47:06 2014

        *************************************************************
        *                                                           *
        *  Thank you very much for using Q-Chem.  Have a nice day.  *
        *                                                           *
        *************************************************************


0 sent ACK to 0 
now end server 0 ... 
 
**********************************************************************
Job 2 of 3 
**********************************************************************
 
Process 0 of 1 is on cl135 - thread support 1
initial socket setup ...start
initial socket setup ...done 
now start server 0 ... 

cmd = /usr/bin/ssh clhead /usr/local/qchem/bin/get_hostid 1111278209 > /tmp/1602339.1.medium.q/qchem13781/lic.dat

cmd = /usr/bin/ssh clhead /usr/local/qchem/bin/get_hostid 1111278209 > /tmp/1602339.1.medium.q/qchem13781/lic.dat

cmd = /usr/bin/ssh clhead /usr/local/qchem/bin/get_hostid 1111278209 > /tmp/1602339.1.medium.q/qchem13781/lic.dat

cmd = /usr/bin/ssh clhead /usr/local/qchem/bin/get_hostid 1111278209 > /tmp/1602339.1.medium.q/qchem13781/lic.dat

cmd = /usr/bin/ssh clhead /usr/local/qchem/bin/get_hostid 1111278209 > /tmp/1602339.1.medium.q/qchem13781/lic.dat
                  Welcome to Q-Chem
     A Quantum Leap Into The Future Of Chemistry

 Y. Shao, L. Fusti-Molnar, Y. Jung, J. Kussmann, C. Ochsenfeld,
 S. T. Brown, A. T. B. Gilbert, L. V. Slipchenko,S. V. Levchenko,
 D. P. O'Neill, R. A. DiStasio Jr., R. C. Lochan, T. Wang,
 G. J. O. Beran, N. A. Besley, J. M. Herbert, C. Y. Lin,
 T. Van Voorhis, S. H. Chien, A. Sodt, R. P. Steele, 
 V. A. Rassolov, P. E. Maslen, P. P. Korambath, R. D. Adamson,
 B. Austin, J. Baker, E. F. C. Byrd, H. Dachsel, R. J. Doerksen,
 A. Dreuw, B. D. Dunietz, A. D. Dutoi, T. R. Furlani,
 S. R. Gwaltney, A. Heyden, S. Hirata, C.-P. Hsu, G. Kedziora,
 R. Z. Khaliullin, P. Klunzinger, A. M. Lee, M. S. Lee, W. Liang,
 I. Lotan, N. Nair, B. Peters, E. I. Proynov, P. A. Pieniazek, 
 Y. M. Rhee, J. Ritchie, E. Rosta, C. D. Sherrill, 
 A. C. Simmonett, J. E. Subotnik, H. L. Woodcock III,
 W. Zhang, A. T. Bell, A. K. Chakraborty, D. M. Chipman,
 F. J. Keil, A. Warshel, W. J. Hehre, H. F. Schaefer III,
 J. Kong, A. I. Krylov, P. M. W. Gill, M. Head-Gordon,
 Q-Chem, Version 3.1, Q-Chem, Inc., Pittsburgh, PA (2007).

 Additional authors for Version 3.1: 
 Z. Gan, Y. Zhao, N. E. Schultz, D. Truhlar, E. Epifanovsky and M. Oana.

 Additional authors for Version 3.2: 
 R. Baer, B. R. Brooks, D. Casanova, J.-D. Chai, C.-L. Cheng, 
 C. Cramer, D. Crittenden, A. Ghysels, G. Hawkins, E. G. Hohenstein, 
 C. Kelley, W. Kurlancheek, D. Liotard, E. Livshits, P. Manohar, 
 A. Marenich, D. Neuhauser, R. Olson, M. A. Rohrdanz, K. S. Thanthiriwatte, 
 A. J. W. Thom, V. Vanovschi, C. F. Williams, Q. Wu and Z.-Q. You. 


 Intel X86 Linux Version

 Q-chem begins on Sun Mar 23 14:47:11 2014  

 Parallel job on  1  processors
Processing $rem in /usr/local/qchem/config/preferences.

theFileMan(): MAXOPENFILES=974 MAX_SUB_FILE_NUM=16
Maximum size of a physical file is 2.0 GB, maximum size of a tmp-file is 32.0 GB


--------------------------------------------------------------
User input:
--------------------------------------------------------------

$molecule
0,1
Si         0.00042        0.00000        0.00861
Si        -0.00042        0.00000        2.34162
H          1.39615        0.00000       -0.50798
H         -0.69759       -1.20904       -0.50646
H         -0.69759        1.20904       -0.50646
H         -1.39615        0.00000        2.85821
H          0.69759       -1.20904        2.85669
H          0.69759        1.20904        2.85669
$end

$comment
neutral
$end

$xc_functional
C PBE   1.00
X wPBE  1.00
$end


$rem
SYMMETRY_DECOMPOSITION	0
LRC_DFT                 true
exchange 		general
BASIS                   g3large
omega			290
mem_static              760
max_scf_cycles          200
scf_final_print         1
sym_ignore              true
$end

--------------------------------------------------------------
 Writing REM_CC_EA            8
 ----------------------------------------------------
       Standard Nuclear Orientation (Angstroms)
    I     Atom         X            Y            Z
 ----------------------------------------------------
    1      Si      0.000420     0.000000     0.008610
    2      Si     -0.000420     0.000000     2.341620
    3      H       1.396150     0.000000    -0.507980
    4      H      -0.697590    -1.209040    -0.506460
    5      H      -0.697590     1.209040    -0.506460
    6      H      -1.396150     0.000000     2.858210
    7      H       0.697590    -1.209040     2.856690
    8      H       0.697590     1.209040     2.856690
 ----------------------------------------------------
 Nuclear Repulsion Energy =    90.8879884197 hartrees
 There are       17 alpha and       17 beta electrons
 Requested basis set is G3large
 There are 74 shells and 192 basis functions

Total QAlloc Memory Limit   2000 MB
Mega-Array Size       743 MB
MEM_STATIC part       760 MB

                       Distance Matrix (Angstroms)
             Si(  1)   Si(  2)   H (  3)   H (  4)   H (  5)   H (  6)
   Si(  2)  2.333010
   H (  3)  1.488263  3.173425
   H (  4)  1.488050  3.171653  2.417753
   H (  5)  1.488050  3.171653  2.417753  2.418080
   H (  6)  3.173425  1.488263  4.373577  3.642907  3.642907
   H (  7)  3.171653  1.488050  3.642907  3.641058  4.370860  2.417753
   H (  8)  3.171653  1.488050  3.642907  4.370860  3.641058  2.417753
             H (  7)
   H (  8)  2.418080
 
 A cutoff of  1.0D-08 yielded   2535 shell pairs
 There are  17276 function pairs ( 22407 Cartesian)
Evaluating contribution to one-electron hamiltonian from nuclear
 Smallest overlap matrix eigenvalue = 1.96E-04
 Multipole matrices computed through 2nd order

  Scale SEOQF with 1.000000e-01/1.000000e-01/1.000000e-01

 Standard Electronic Orientation quadrupole field applied
 Nucleus-field energy     =    -0.0000000103 hartrees
 Guess from superposition of atomic densities
 Warning:  Energy on first SCF cycle will be non-variational
 Long-range K will be added via erf
 Coulomb attenuation parameter = 0.29 bohr**(-1)
 A restricted Kohn-Sham SCF calculation will be
 performed using Pulay DIIS extrapolation
 Exchange:  wPBE + LR-HF      Correlation:  PBE
 Using SG-1 standard quadrature grid
 SCF converges when DIIS error is below 1.0E-05
 Requested basis set is G3large
 There are 74 shells and 192 basis functions
 A cutoff of  1.0D-08 yielded   2535 shell pairs
 There are  17276 function pairs ( 22407 Cartesian)
 ---------------------------------------
  Cycle       Energy         DIIS Error
 ---------------------------------------
    1    -582.2649284909      2.14E-02
    2    -582.3244740696      1.48E-03
    3    -582.3442198037      4.01E-04
    4    -582.3453674151      1.32E-04
    5    -582.3455016345      4.35E-05
    6    -582.3455162258      7.71E-06 Convergence criterion met
 ---------------------------------------
 One-Electron    Energy =  -987.1174091853
 Total Coulomb   Energy =   357.6608725199
 Alpha Exchange  Energy =    -2.6006966344
 Beta  Exchange  Energy =    -2.6006966344
 DFT   Exchange  Energy =   -37.3794694446
 DFT Correlation Energy =    -1.1961052564
 Nuclear Repu.   Energy =    90.8879884094
 Nuclear Attr.   Energy = -1568.3837543414
 Kinetic         Energy =   581.2663451560
 SCF time:  CPU 66.94 s  wall 67.97 s
 Final Alpha MO Eigenvalues
            1           2           3           4           5           6
    1 -65.5515726 -65.5515683  -5.2129163  -5.2128206  -3.6193978  -3.6190708
            7           8           9          10          11          12
    1  -3.6190565  -3.6190095  -3.6189960  -3.6188165  -0.6788012  -0.6096965
           13          14          15          16          17          18
    1  -0.4586419  -0.4585770  -0.4297068  -0.4296902  -0.3856646   0.0405858
           19          20          21          22
    1   0.0471448   0.0714483   0.0716116   0.0746063
 Analysis of SCF Wavefunction
 
 --------------------------------------------------------------
                    Orbital Energies (a.u.)
 --------------------------------------------------------------
 
 Alpha MOs
 -- Occupied --
-65.552 -65.552  -5.213  -5.213  -3.619  -3.619  -3.619  -3.619
 -3.619  -3.619  -0.679  -0.610  -0.459  -0.459  -0.430  -0.430
 -0.386
 -- Virtual --
  0.041   0.047   0.071   0.072   0.075   0.075   0.075   0.075
  0.080   0.097   0.097   0.100   0.136   0.148   0.148   0.155
  0.168   0.176   0.176   0.214   0.216   0.221   0.222   0.292
  0.320   0.328   0.328   0.334   0.334   0.374   0.374   0.388
  0.388   0.424   0.432   0.432   0.487   0.499   0.504   0.530
  0.530   0.543   0.554   0.574   0.578   0.579   0.702   0.703
  0.703   0.716   0.725   0.725   0.734   0.773   0.773   0.776
  0.776   0.820   0.898   0.899   0.917   0.917   0.972   0.972
  0.979   1.019   1.019   1.023   1.024   1.156   1.194   1.202
  1.203   1.203   1.203   1.279   1.279   1.305   1.344   1.344
  1.377   1.394   1.430   1.430   1.463   1.463   1.465   1.584
  1.585   1.587   1.587   1.662   1.774   2.090   2.156   2.157
  2.174   2.182   2.257   2.258   2.299   2.319   2.319   2.403
  2.404   2.404   2.561   2.879   2.879   2.916   2.916   3.124
  3.150   3.600   3.600   3.624   3.626   3.640   3.833   3.834
  3.836   3.838   4.084   4.116   4.116   4.123   4.124   4.136
  4.138   4.167   4.167   4.206   4.206   4.240   4.241   4.381
  4.484   4.516   4.517   4.583   4.584   5.964   6.156  11.406
 11.406  11.436  11.436  11.508  11.655  17.466  17.514  17.515
 17.575  17.589  17.726  17.727  17.767  17.808  17.835  22.131
 22.138  22.142  22.142  22.147  22.155  22.157  22.158  22.169
 22.170  22.170  22.171  22.185  22.196 140.835 141.057
 --------------------------------------------------------------
 
          Ground-State Mulliken Net Atomic Charges

     Atom                 Charge (a.u.)
  ----------------------------------------
      1 Si                    0.231786
      2 Si                    0.231819
      3 H                    -0.077208
      4 H                    -0.077369
      5 H                    -0.077217
      6 H                    -0.077211
      7 H                    -0.077221
      8 H                    -0.077378
  ----------------------------------------
  Sum of atomic charges =     0.000000

 -----------------------------------------------------------------
                    Cartesian Multipole Moments
 -----------------------------------------------------------------
    Charge (ESU x 10^10)
                 0.0000
    Dipole Moment (Debye)
         X       0.0000      Y       0.0000      Z       0.0000
       Tot       0.0000
    Quadrupole Moments (Debye-Ang)
        XX     -31.0974     XY      -0.0003     YY     -31.0997
        XZ      -0.0038     YZ      -0.0005     ZZ     -31.8965
    Octapole Moments (Debye-Ang^2)
       XXX       0.0000    XXY       0.0000    XYY       0.0000
       YYY       0.0000    XXZ     -36.5430    XYZ      -0.0003
       YYZ     -36.5458    XZZ      -0.0089    YZZ      -0.0013
       ZZZ    -112.4463
    Hexadecapole Moments (Debye-Ang^3)
      XXXX     -83.0268   XXXY      -0.0018   XXYY     -27.6771
      XYYY      -0.0026   YYYY     -83.0425   XXXZ       1.0548
      XXYZ      -0.0015   XYYZ      -0.9885   YYYZ      -0.0041
      XXZZ    -118.6255   XYZZ      -0.0063   YYZZ    -118.6440
      XZZZ       0.0288   YZZZ      -0.0059   ZZZZ    -617.0176
 -----------------------------------------------------------------
 Total job time:  68.22s(wall), 67.15s(cpu) 
 Sun Mar 23 14:48:20 2014

        *************************************************************
        *                                                           *
        *  Thank you very much for using Q-Chem.  Have a nice day.  *
        *                                                           *
        *************************************************************


0 sent ACK to 0 
now end server 0 ... 
 
**********************************************************************
Job 3 of 3 
**********************************************************************
 
Process 0 of 1 is on cl135 - thread support 1
initial socket setup ...start
initial socket setup ...done 
now start server 0 ... 

cmd = /usr/bin/ssh clhead /usr/local/qchem/bin/get_hostid 1446997142 > /tmp/1602339.1.medium.q/qchem13781/lic.dat

cmd = /usr/bin/ssh clhead /usr/local/qchem/bin/get_hostid 1446997142 > /tmp/1602339.1.medium.q/qchem13781/lic.dat

cmd = /usr/bin/ssh clhead /usr/local/qchem/bin/get_hostid 1446997142 > /tmp/1602339.1.medium.q/qchem13781/lic.dat

cmd = /usr/bin/ssh clhead /usr/local/qchem/bin/get_hostid 1446997142 > /tmp/1602339.1.medium.q/qchem13781/lic.dat

cmd = /usr/bin/ssh clhead /usr/local/qchem/bin/get_hostid 1446997142 > /tmp/1602339.1.medium.q/qchem13781/lic.dat
                  Welcome to Q-Chem
     A Quantum Leap Into The Future Of Chemistry

 Y. Shao, L. Fusti-Molnar, Y. Jung, J. Kussmann, C. Ochsenfeld,
 S. T. Brown, A. T. B. Gilbert, L. V. Slipchenko,S. V. Levchenko,
 D. P. O'Neill, R. A. DiStasio Jr., R. C. Lochan, T. Wang,
 G. J. O. Beran, N. A. Besley, J. M. Herbert, C. Y. Lin,
 T. Van Voorhis, S. H. Chien, A. Sodt, R. P. Steele, 
 V. A. Rassolov, P. E. Maslen, P. P. Korambath, R. D. Adamson,
 B. Austin, J. Baker, E. F. C. Byrd, H. Dachsel, R. J. Doerksen,
 A. Dreuw, B. D. Dunietz, A. D. Dutoi, T. R. Furlani,
 S. R. Gwaltney, A. Heyden, S. Hirata, C.-P. Hsu, G. Kedziora,
 R. Z. Khaliullin, P. Klunzinger, A. M. Lee, M. S. Lee, W. Liang,
 I. Lotan, N. Nair, B. Peters, E. I. Proynov, P. A. Pieniazek, 
 Y. M. Rhee, J. Ritchie, E. Rosta, C. D. Sherrill, 
 A. C. Simmonett, J. E. Subotnik, H. L. Woodcock III,
 W. Zhang, A. T. Bell, A. K. Chakraborty, D. M. Chipman,
 F. J. Keil, A. Warshel, W. J. Hehre, H. F. Schaefer III,
 J. Kong, A. I. Krylov, P. M. W. Gill, M. Head-Gordon,
 Q-Chem, Version 3.1, Q-Chem, Inc., Pittsburgh, PA (2007).

 Additional authors for Version 3.1: 
 Z. Gan, Y. Zhao, N. E. Schultz, D. Truhlar, E. Epifanovsky and M. Oana.

 Additional authors for Version 3.2: 
 R. Baer, B. R. Brooks, D. Casanova, J.-D. Chai, C.-L. Cheng, 
 C. Cramer, D. Crittenden, A. Ghysels, G. Hawkins, E. G. Hohenstein, 
 C. Kelley, W. Kurlancheek, D. Liotard, E. Livshits, P. Manohar, 
 A. Marenich, D. Neuhauser, R. Olson, M. A. Rohrdanz, K. S. Thanthiriwatte, 
 A. J. W. Thom, V. Vanovschi, C. F. Williams, Q. Wu and Z.-Q. You. 


 Intel X86 Linux Version

 Q-chem begins on Sun Mar 23 14:48:24 2014  

 Parallel job on  1  processors
Processing $rem in /usr/local/qchem/config/preferences.

theFileMan(): MAXOPENFILES=974 MAX_SUB_FILE_NUM=16
Maximum size of a physical file is 2.0 GB, maximum size of a tmp-file is 32.0 GB


--------------------------------------------------------------
User input:
--------------------------------------------------------------

$molecule
1,2
Si         0.00042        0.00000        0.00861
Si        -0.00042        0.00000        2.34162
H          1.39615        0.00000       -0.50798
H         -0.69759       -1.20904       -0.50646
H         -0.69759        1.20904       -0.50646
H         -1.39615        0.00000        2.85821
H          0.69759       -1.20904        2.85669
H          0.69759        1.20904        2.85669
$end

$comment
positive
$end

$xc_functional
C PBE   1.00
X wPBE  1.00
$end

$rem
SYMMETRY_DECOMPOSITION	0
LRC_DFT                 true
exchange 		general
BASIS                   g3large
omega			290
mem_static              760
max_scf_cycles          200
scf_final_print         1
sym_ignore              true
$end

--------------------------------------------------------------
 Writing REM_CC_EA            8
 ----------------------------------------------------
       Standard Nuclear Orientation (Angstroms)
    I     Atom         X            Y            Z
 ----------------------------------------------------
    1      Si      0.000420     0.000000     0.008610
    2      Si     -0.000420     0.000000     2.341620
    3      H       1.396150     0.000000    -0.507980
    4      H      -0.697590    -1.209040    -0.506460
    5      H      -0.697590     1.209040    -0.506460
    6      H      -1.396150     0.000000     2.858210
    7      H       0.697590    -1.209040     2.856690
    8      H       0.697590     1.209040     2.856690
 ----------------------------------------------------
 Nuclear Repulsion Energy =    90.8879884197 hartrees
 There are       17 alpha and       16 beta electrons
 Requested basis set is G3large
 There are 74 shells and 192 basis functions

Total QAlloc Memory Limit   2000 MB
Mega-Array Size       743 MB
MEM_STATIC part       760 MB

                       Distance Matrix (Angstroms)
             Si(  1)   Si(  2)   H (  3)   H (  4)   H (  5)   H (  6)
   Si(  2)  2.333010
   H (  3)  1.488263  3.173425
   H (  4)  1.488050  3.171653  2.417753
   H (  5)  1.488050  3.171653  2.417753  2.418080
   H (  6)  3.173425  1.488263  4.373577  3.642907  3.642907
   H (  7)  3.171653  1.488050  3.642907  3.641058  4.370860  2.417753
   H (  8)  3.171653  1.488050  3.642907  4.370860  3.641058  2.417753
             H (  7)
   H (  8)  2.418080
 
 A cutoff of  1.0D-08 yielded   2535 shell pairs
 There are  17276 function pairs ( 22407 Cartesian)
Evaluating contribution to one-electron hamiltonian from nuclear
 Smallest overlap matrix eigenvalue = 1.96E-04
 Multipole matrices computed through 2nd order

  Scale SEOQF with 1.000000e-01/1.000000e-01/1.000000e-01

 Standard Electronic Orientation quadrupole field applied
 Nucleus-field energy     =    -0.0000000103 hartrees
 Guess from superposition of atomic densities
 Warning:  Energy on first SCF cycle will be non-variational
 Long-range K will be added via erf
 Coulomb attenuation parameter = 0.29 bohr**(-1)
 An unrestricted Kohn-Sham SCF calculation will be
 performed using Pulay DIIS extrapolation
 Exchange:  wPBE + LR-HF      Correlation:  PBE
 Using SG-1 standard quadrature grid
 SCF converges when DIIS error is below 1.0E-05
 Requested basis set is G3large
 There are 74 shells and 192 basis functions
 A cutoff of  1.0D-08 yielded   2535 shell pairs
 There are  17276 function pairs ( 22407 Cartesian)
 Warning!  Inaccurate integrated density:
   Number of electrons =    33
   Numerical integral  =    34.000072301361
   Relative error      =     3.0305221253 %
 ---------------------------------------
  Cycle       Energy         DIIS Error
 ---------------------------------------
    1    -582.2649284909      2.14E-02
    2    -581.8897235133      2.64E-03
    3    -581.9462456271      1.47E-03
    4    -581.9561517448      2.52E-04
    5    -581.9566039275      5.75E-05
    6    -581.9566975744      1.61E-05
    7    -581.9567196548      8.38E-06 Convergence criterion met
 ---------------------------------------
 One-Electron    Energy =  -978.6168666864
 Total Coulomb   Energy =   349.2551083106
 Alpha Exchange  Energy =    -2.6080436822
 Beta  Exchange  Energy =    -2.4591767164
 DFT   Exchange  Energy =   -37.2561815876
 DFT Correlation Energy =    -1.1595477021
 Nuclear Repu.   Energy =    90.8879884094
 Nuclear Attr.   Energy = -1559.6783398616
 Kinetic         Energy =   581.0614731751
 <S^2> = 0.7542
 SCF time:  CPU 97.08 s  wall 98.11 s
 Final Alpha MO Eigenvalues
            1           2           3           4           5           6
    1 -65.8131216 -65.8131163  -5.4736111  -5.4735043  -3.8868256  -3.8861917
            7           8           9          10          11          12
    1  -3.8768856  -3.8768765  -3.8768266  -3.8768177  -0.9401432  -0.8433132
           13          14          15          16          17          18
    1  -0.6878343  -0.6870248  -0.6627628  -0.6541620  -0.6530820  -0.1528996
           19          20          21          22
    1  -0.1527246  -0.1290298  -0.1166266  -0.0920273
 Final Beta MO Eigenvalues
            1           2           3           4           5           6
    1 -65.8116174 -65.8116125  -5.4719269  -5.4718287  -3.8813763  -3.8807563
            7           8           9          10          11          12
    1  -3.8762606  -3.8762279  -3.8762056  -3.8761731  -0.9049304  -0.8210247
           13          14          15          16          17          18
    1  -0.6794774  -0.6791908  -0.6457535  -0.6455673  -0.3896494  -0.1323214
           19          20          21
    1  -0.1319753  -0.1099142  -0.1087753
 Analysis of SCF Wavefunction
 
 --------------------------------------------------------------
                    Orbital Energies (a.u.)
 --------------------------------------------------------------
 
 Alpha MOs
 -- Occupied --
-65.813 -65.813  -5.474  -5.474  -3.887  -3.886  -3.877  -3.877
 -3.877  -3.877  -0.940  -0.843  -0.688  -0.687  -0.663  -0.654
 -0.653
 -- Virtual --
 -0.153  -0.153  -0.129  -0.117  -0.092  -0.092  -0.065  -0.063
 -0.059  -0.059  -0.029  -0.029  -0.017   0.005   0.005   0.005
  0.015   0.015   0.033   0.033   0.034   0.056   0.057   0.104
  0.140   0.140   0.152   0.152   0.153   0.190   0.191   0.213
  0.214   0.247   0.266   0.266   0.286   0.308   0.313   0.336
  0.337   0.353   0.358   0.372   0.372   0.377   0.492   0.496
  0.496   0.508   0.522   0.522   0.538   0.561   0.561   0.581
  0.581   0.623   0.679   0.679   0.711   0.712   0.751   0.751
  0.772   0.777   0.810   0.810   0.819   0.950   0.981   0.988
  0.988   1.001   1.002   1.077   1.078   1.106   1.134   1.135
  1.168   1.189   1.206   1.206   1.236   1.236   1.249   1.370
  1.371   1.373   1.373   1.403   1.543   1.830   1.895   1.895
  1.936   1.944   2.007   2.008   2.055   2.070   2.070   2.143
  2.143   2.169   2.302   2.655   2.656   2.694   2.696   2.901
  2.927   3.342   3.343   3.368   3.370   3.377   3.595   3.596
  3.599   3.600   3.861   3.878   3.893   3.894   3.902   3.903
  3.915   3.942   3.943   3.982   3.983   4.017   4.018   4.154
  4.248   4.281   4.282   4.346   4.346   5.707   5.904  11.150
 11.150  11.180  11.180  11.240  11.389  17.201  17.255  17.255
 17.314  17.329  17.461  17.466  17.506  17.550  17.576  21.868
 21.877  21.879  21.885  21.890  21.893  21.895  21.898  21.908
 21.909  21.910  21.910  21.928  21.936 140.574 140.796
 
 Beta MOs
 -- Occupied --
-65.812 -65.812  -5.472  -5.472  -3.881  -3.881  -3.876  -3.876
 -3.876  -3.876  -0.905  -0.821  -0.679  -0.679  -0.646  -0.646
 -- Virtual --
 -0.390  -0.132  -0.132  -0.110  -0.109  -0.090  -0.090  -0.058
 -0.058  -0.056  -0.055  -0.028  -0.028  -0.010   0.010   0.012
  0.012   0.016   0.016   0.035   0.036   0.036   0.059   0.060
  0.121   0.146   0.146   0.155   0.155   0.160   0.193   0.194
  0.217   0.217   0.253   0.270   0.270   0.287   0.317   0.323
  0.341   0.341   0.356   0.364   0.377   0.384   0.384   0.502
  0.505   0.505   0.518   0.527   0.527   0.544   0.568   0.568
  0.586   0.586   0.629   0.684   0.685   0.714   0.714   0.758
  0.758   0.779   0.801   0.817   0.817   0.824   0.958   0.993
  0.997   0.997   1.004   1.005   1.081   1.082   1.109   1.141
  1.141   1.175   1.196   1.210   1.210   1.240   1.240   1.259
  1.376   1.376   1.379   1.379   1.427   1.553   1.855   1.923
  1.923   1.935   1.943   2.023   2.024   2.061   2.084   2.084
  2.168   2.168   2.172   2.327   2.664   2.664   2.702   2.702
  2.909   2.934   3.348   3.348   3.373   3.374   3.389   3.600
  3.601   3.603   3.605   3.869   3.893   3.901   3.902   3.910
  3.911   3.923   3.951   3.951   3.991   3.991   4.025   4.026
  4.162   4.258   4.289   4.290   4.355   4.355   5.713   5.909
 11.151  11.151  11.181  11.181  11.251  11.400  17.206  17.257
 17.257  17.316  17.331  17.466  17.468  17.509  17.552  17.578
 21.870  21.879  21.881  21.886  21.890  21.895  21.897  21.899
 21.910  21.910  21.911  21.912  21.929  21.937 140.576 140.798
 --------------------------------------------------------------
 
          Ground-State Mulliken Net Atomic Charges

     Atom                 Charge (a.u.)    Spin (a.u.)
  --------------------------------------------------------
      1 Si                    0.405926       0.378380
      2 Si                    0.405917       0.378351
      3 H                     0.030783       0.035916
      4 H                     0.031710       0.043291
      5 H                     0.031582       0.042428
      6 H                     0.030788       0.035920
      7 H                     0.031583       0.042427
      8 H                     0.031710       0.043287
  --------------------------------------------------------
  Sum of atomic charges =     1.000000
  Sum of spin   charges =     1.000000

 -----------------------------------------------------------------
                    Cartesian Multipole Moments
 -----------------------------------------------------------------
    Charge (ESU x 10^10)
                 4.8032
    Dipole Moment (Debye)
         X       0.0000      Y       0.0000      Z       5.6443
       Tot       5.6443
    Quadrupole Moments (Debye-Ang)
        XX     -25.2206     XY       0.0027     YY     -25.1763
        XZ       0.0705     YZ       0.0092     ZZ      -8.2467
    Octapole Moments (Debye-Ang^2)
       XXX       0.0000    XXY       0.0000    XYY       0.0000
       YYY       0.0000    XXZ     -29.6370    XYZ       0.0032
       YYZ     -29.5851    XZZ       0.1656    YZZ       0.0215
       ZZZ     -44.6611
    Hexadecapole Moments (Debye-Ang^3)
      XXXX     -62.2384   XXXY       0.0047   XXYY     -20.7182
      XYYY       0.0055   YYYY     -62.0858   XXXZ      -3.3950
      XXYZ       0.0061   XYYZ       3.6415   YYYZ       0.0183
      XXZZ     -87.6426   XYZZ       0.0142   YYZZ     -87.4332
      XZZZ       0.6890   YZZZ       0.0832   ZZZZ    -361.1456
 -----------------------------------------------------------------
 Total job time:  98.38s(wall), 97.29s(cpu) 
 Sun Mar 23 14:50:02 2014

        *************************************************************
        *                                                           *
        *  Thank you very much for using Q-Chem.  Have a nice day.  *
        *                                                           *
        *************************************************************


0 sent ACK to 0 
now end server 0 ... 
