Process 0 of 1 is on cl122 - thread support 1
initial socket setup ...start
initial socket setup ...done 
now start server 0 ... 

cmd = /usr/bin/ssh clhead /usr/local/qchem/bin/get_hostid 1010741832 > /tmp/1601976.1.medium.q/qchem4873/lic.dat

cmd = /usr/bin/ssh clhead /usr/local/qchem/bin/get_hostid 1010741832 > /tmp/1601976.1.medium.q/qchem4873/lic.dat

cmd = /usr/bin/ssh clhead /usr/local/qchem/bin/get_hostid 1010741832 > /tmp/1601976.1.medium.q/qchem4873/lic.dat

cmd = /usr/bin/ssh clhead /usr/local/qchem/bin/get_hostid 1010741832 > /tmp/1601976.1.medium.q/qchem4873/lic.dat

cmd = /usr/bin/ssh clhead /usr/local/qchem/bin/get_hostid 1010741832 > /tmp/1601976.1.medium.q/qchem4873/lic.dat
                  Welcome to Q-Chem
     A Quantum Leap Into The Future Of Chemistry

 Y. Shao, L. Fusti-Molnar, Y. Jung, J. Kussmann, C. Ochsenfeld,
 S. T. Brown, A. T. B. Gilbert, L. V. Slipchenko,S. V. Levchenko,
 D. P. O'Neill, R. A. DiStasio Jr., R. C. Lochan, T. Wang,
 G. J. O. Beran, N. A. Besley, J. M. Herbert, C. Y. Lin,
 T. Van Voorhis, S. H. Chien, A. Sodt, R. P. Steele, 
 V. A. Rassolov, P. E. Maslen, P. P. Korambath, R. D. Adamson,
 B. Austin, J. Baker, E. F. C. Byrd, H. Dachsel, R. J. Doerksen,
 A. Dreuw, B. D. Dunietz, A. D. Dutoi, T. R. Furlani,
 S. R. Gwaltney, A. Heyden, S. Hirata, C.-P. Hsu, G. Kedziora,
 R. Z. Khaliullin, P. Klunzinger, A. M. Lee, M. S. Lee, W. Liang,
 I. Lotan, N. Nair, B. Peters, E. I. Proynov, P. A. Pieniazek, 
 Y. M. Rhee, J. Ritchie, E. Rosta, C. D. Sherrill, 
 A. C. Simmonett, J. E. Subotnik, H. L. Woodcock III,
 W. Zhang, A. T. Bell, A. K. Chakraborty, D. M. Chipman,
 F. J. Keil, A. Warshel, W. J. Hehre, H. F. Schaefer III,
 J. Kong, A. I. Krylov, P. M. W. Gill, M. Head-Gordon,
 Q-Chem, Version 3.1, Q-Chem, Inc., Pittsburgh, PA (2007).

 Additional authors for Version 3.1: 
 Z. Gan, Y. Zhao, N. E. Schultz, D. Truhlar, E. Epifanovsky and M. Oana.

 Additional authors for Version 3.2: 
 R. Baer, B. R. Brooks, D. Casanova, J.-D. Chai, C.-L. Cheng, 
 C. Cramer, D. Crittenden, A. Ghysels, G. Hawkins, E. G. Hohenstein, 
 C. Kelley, W. Kurlancheek, D. Liotard, E. Livshits, P. Manohar, 
 A. Marenich, D. Neuhauser, R. Olson, M. A. Rohrdanz, K. S. Thanthiriwatte, 
 A. J. W. Thom, V. Vanovschi, C. F. Williams, Q. Wu and Z.-Q. You. 


 Intel X86 Linux Version

 Q-chem begins on Thu Mar 20 03:35:58 2014  

 Parallel job on  1  processors
Processing $rem in /usr/local/qchem/config/preferences.

theFileMan(): MAXOPENFILES=974 MAX_SUB_FILE_NUM=16
Maximum size of a physical file is 2.0 GB, maximum size of a tmp-file is 32.0 GB


--------------------------------------------------------------
User input:
--------------------------------------------------------------

$molecule
-1,2
C         -0.00010        0.00000        0.01845
Si        -0.00040        0.00000        1.87168
H          1.01354        0.00000       -0.36644
H         -0.50645       -0.87766       -0.36740
H         -0.50645        0.87766       -0.36740
H         -1.38115        0.00000        2.39343
H          0.69049       -1.19616        2.39178
H          0.69049        1.19616        2.39178
$end

$comment
negative
$end

$xc_functional
C PBE   1.00
X wPBE  1.00
$end

$rem
SYMMETRY_DECOMPOSITION	0
exchange 		general
LRC_DFT                 true
BASIS                   g3large
omega			400
mem_static              760
max_scf_cycles          200
scf_final_print         1
sym_ignore              true
$end

--------------------------------------------------------------
 Writing REM_CC_EA            8
 ----------------------------------------------------
       Standard Nuclear Orientation (Angstroms)
    I     Atom         X            Y            Z
 ----------------------------------------------------
    1      C      -0.000100     0.000000     0.018450
    2      Si     -0.000400     0.000000     1.871680
    3      H       1.013540     0.000000    -0.366440
    4      H      -0.506450    -0.877660    -0.367400
    5      H      -0.506450     0.877660    -0.367400
    6      H      -1.381150     0.000000     2.393430
    7      H       0.690490    -1.196160     2.391780
    8      H       0.690490     1.196160     2.391780
 ----------------------------------------------------
 Nuclear Repulsion Energy =    63.3930539500 hartrees
 There are       14 alpha and       13 beta electrons
 Requested basis set is G3large
 There are 65 shells and 168 basis functions

Total QAlloc Memory Limit   2000 MB
Mega-Array Size       743 MB
MEM_STATIC part       760 MB

                       Distance Matrix (Angstroms)
             C (  1)   Si(  2)   H (  3)   H (  4)   H (  5)   H (  6)
   Si(  2)  1.853230
   H (  3)  1.084254  2.457083
   H (  4)  1.084231  2.457611  1.755180
   H (  5)  1.084231  2.457611  1.755180  1.755320
   H (  6)  2.747331  1.476040  3.653960  3.026148  3.026148
   H (  7)  2.745980  1.476019  3.023729  3.024431  3.653282  2.392173
   H (  8)  2.745980  1.476019  3.023729  3.653282  3.024431  2.392173
             H (  7)
   H (  8)  2.392320
 
 A cutoff of  1.0D-08 yielded   2044 shell pairs
 There are  13820 function pairs ( 17231 Cartesian)
Evaluating contribution to one-electron hamiltonian from nuclear
 Smallest overlap matrix eigenvalue = 1.32E-04
 Multipole matrices computed through 2nd order

  Scale SEOQF with 1.000000e-01/1.000000e-01/1.000000e-01

 Standard Electronic Orientation quadrupole field applied
 Nucleus-field energy     =    -0.0000000067 hartrees
 Guess from superposition of atomic densities
 Warning:  Energy on first SCF cycle will be non-variational
 Long-range K will be added via erf
 Coulomb attenuation parameter = 0.4 bohr**(-1)
 An unrestricted Kohn-Sham SCF calculation will be
 performed using Pulay DIIS extrapolation
 Exchange:  wPBE + LR-HF      Correlation:  PBE
 Using SG-1 standard quadrature grid
 SCF converges when DIIS error is below 1.0E-05
 Requested basis set is G3large
 There are 65 shells and 168 basis functions
 A cutoff of  1.0D-08 yielded   2044 shell pairs
 There are  13820 function pairs ( 17231 Cartesian)
 Warning!  Inaccurate integrated density:
   Number of electrons =    27
   Numerical integral  =    25.999988627882
   Relative error      =    -3.7037458227 %
 ---------------------------------------
  Cycle       Energy         DIIS Error
 ---------------------------------------
    1    -331.2856226267      2.80E-02
    2    -330.9866288853      3.36E-03
    3    -331.0339017602      2.48E-03
    4    -331.0588763467      3.50E-04
    5    -331.0638088669      1.68E-04
    6    -331.0659613289      9.19E-05
    7    -331.0669153884      3.81E-05
    8    -331.0671696498      1.63E-05
    9    -331.0672259785      7.13E-06 Convergence criterion met
 ---------------------------------------
 One-Electron    Energy =  -585.4298118766
 Total Coulomb   Energy =   219.5183816844
 Alpha Exchange  Energy =    -2.6735452728
 Beta  Exchange  Energy =    -2.6068308058
 DFT   Exchange  Energy =   -22.3808770102
 DFT Correlation Energy =    -0.8875966408
 Nuclear Repu.   Energy =    63.3930539434
 Nuclear Attr.   Energy =  -915.8665924059
 Kinetic         Energy =   330.4367805293
 <S^2> = 0.7502
 SCF time:  CPU 92.63 s  wall 94.19 s
 Final Alpha MO Eigenvalues
            1           2           3           4           5           6
    1 -65.4730183  -9.9395431  -5.1355560  -3.5374200  -3.5374057  -3.5360499
            7           8           9          10          11          12
    1  -0.7129539  -0.5342621  -0.3974624  -0.3973825  -0.3220196  -0.3219722
           13          14          15          16          17          18
    1  -0.3080833   0.0280669   0.1482917   0.1508158   0.1509025   0.1762512
           19
    1   0.1886141
 Final Beta MO Eigenvalues
            1           2           3           4           5           6
    1 -65.4729333  -9.9389560  -5.1354587  -3.5373609  -3.5373465  -3.5358060
            7           8           9          10          11          12
    1  -0.7113490  -0.5325596  -0.3966250  -0.3965441  -0.3219379  -0.3218872
           13          14          15          16          17          18
    1  -0.3067979   0.1388630   0.1549362   0.1654097   0.1656438   0.1828269
 Analysis of SCF Wavefunction
 
 --------------------------------------------------------------
                    Orbital Energies (a.u.)
 --------------------------------------------------------------
 
 Alpha MOs
 -- Occupied --
-65.473  -9.940  -5.136  -3.537  -3.537  -3.536  -0.713  -0.534
 -0.397  -0.397  -0.322  -0.322  -0.308   0.028
 -- Virtual --
  0.148   0.151   0.151   0.176   0.189   0.189   0.200   0.200
  0.256   0.269   0.269   0.270   0.302   0.303   0.304   0.315
  0.352   0.367   0.367   0.431   0.431   0.480   0.480   0.482
  0.489   0.529   0.529   0.616   0.633   0.633   0.645   0.671
  0.716   0.716   0.729   0.770   0.770   0.775   0.818   0.818
  0.885   0.911   0.921   0.921   0.966   0.966   1.036   1.047
  1.047   1.082   1.097   1.139   1.216   1.216   1.273   1.273
  1.315   1.355   1.355   1.421   1.421   1.477   1.517   1.542
  1.542   1.549   1.559   1.559   1.649   1.649   1.716   1.716
  1.725   1.775   1.776   1.816   1.867   2.356   2.397   2.405
  2.406   2.467   2.467   2.579   2.752   2.752   2.855   3.067
  3.067   3.192   3.216   3.348   3.359   3.359   3.472   3.473
  3.574   3.574   3.623   3.784   3.784   3.905   3.907   3.927
  4.033   4.034   4.154   4.179   4.180   4.302   4.302   4.305
  4.347   4.373   4.373   4.486   4.489   4.489   4.615   4.631
  4.631   4.693   4.742   4.891   4.892   5.302   5.930   5.930
  6.481  11.608  11.608  11.949  17.729  17.812  17.909  17.993
 18.049  22.340  22.355  22.363  22.363  22.370  22.371  22.397
 24.313  27.998  28.254  28.254  41.122  41.138  41.356  41.400
 41.448 141.281
 
 Beta MOs
 -- Occupied --
-65.473  -9.939  -5.135  -3.537  -3.537  -3.536  -0.711  -0.533
 -0.397  -0.397  -0.322  -0.322  -0.307
 -- Virtual --
  0.139   0.155   0.165   0.166   0.183   0.190   0.190   0.202
  0.202   0.255   0.265   0.265   0.273   0.299   0.304   0.304
  0.318   0.353   0.368   0.368   0.431   0.431   0.478   0.480
  0.480   0.487   0.528   0.528   0.616   0.631   0.631   0.644
  0.671   0.716   0.716   0.729   0.770   0.770   0.774   0.816
  0.816   0.882   0.910   0.921   0.921   0.966   0.966   1.037
  1.047   1.047   1.082   1.098   1.139   1.215   1.216   1.273
  1.273   1.315   1.356   1.356   1.421   1.421   1.478   1.518
  1.542   1.542   1.548   1.559   1.559   1.650   1.650   1.716
  1.716   1.725   1.775   1.776   1.816   1.866   2.356   2.398
  2.406   2.407   2.467   2.468   2.580   2.752   2.752   2.855
  3.067   3.067   3.192   3.216   3.348   3.360   3.360   3.473
  3.473   3.574   3.574   3.624   3.785   3.785   3.905   3.907
  3.929   4.033   4.034   4.154   4.180   4.180   4.301   4.301
  4.304   4.347   4.372   4.372   4.486   4.489   4.489   4.615
  4.631   4.631   4.693   4.742   4.892   4.892   5.303   5.931
  5.931   6.482  11.608  11.608  11.949  17.729  17.812  17.909
 17.993  18.049  22.340  22.355  22.363  22.363  22.370  22.371
 22.397  24.314  27.999  28.254  28.254  41.122  41.138  41.357
 41.400  41.448 141.281
 --------------------------------------------------------------
 
          Ground-State Mulliken Net Atomic Charges

     Atom                 Charge (a.u.)    Spin (a.u.)
  --------------------------------------------------------
      1 C                     2.729317      -2.966886
      2 Si                    0.736421      -0.515815
      3 H                    -1.211748       1.313052
      4 H                    -1.225369       1.327206
      5 H                    -1.194787       1.295558
      6 H                    -0.277851       0.182346
      7 H                    -0.278396       0.183138
      8 H                    -0.277586       0.181401
  --------------------------------------------------------
  Sum of atomic charges =    -1.000000
  Sum of spin   charges =     1.000000

 -----------------------------------------------------------------
                    Cartesian Multipole Moments
 -----------------------------------------------------------------
    Charge (ESU x 10^10)
                -4.8032
    Dipole Moment (Debye)
         X      -0.0042      Y       0.1219      Z       2.0176
       Tot       2.0212
    Quadrupole Moments (Debye-Ang)
        XX     -49.5260     XY      -0.0826     YY     -49.5164
        XZ      -0.0025     YZ      -0.0517     ZZ     -48.1004
    Octapole Moments (Debye-Ang^2)
       XXX      -1.3940    XXY       0.4801    XYY       1.3364
       YYY       1.4404    XXZ     -19.9586    XYZ       0.0406
       YYZ     -19.9566    XZZ      -0.0025    YZZ       0.4468
       ZZZ     -71.4534
    Hexadecapole Moments (Debye-Ang^3)
      XXXX    -374.5558   XXXY      -0.6492   XXYY    -124.8183
      XYYY      -0.7267   YYYY    -374.3931   XXXZ       7.4217
      XXYZ      -0.0743   XYYZ      -7.3950   YYYZ      -0.2230
      XXZZ    -180.5636   XYZZ      -0.2115   YYZZ    -180.5348
      XZZZ       0.0315   YZZZ      -0.2122   ZZZZ    -669.8154
 -----------------------------------------------------------------
 Total job time:  94.43s(wall), 92.80s(cpu) 
 Thu Mar 20 03:37:32 2014

        *************************************************************
        *                                                           *
        *  Thank you very much for using Q-Chem.  Have a nice day.  *
        *                                                           *
        *************************************************************


0 sent ACK to 0 
now end server 0 ... 
 
**********************************************************************
Job 2 of 3 
**********************************************************************
 
Process 0 of 1 is on cl122 - thread support 1
initial socket setup ...start
initial socket setup ...done 
now start server 0 ... 

cmd = /usr/bin/ssh clhead /usr/local/qchem/bin/get_hostid 2033721356 > /tmp/1601976.1.medium.q/qchem4873/lic.dat

cmd = /usr/bin/ssh clhead /usr/local/qchem/bin/get_hostid 2033721356 > /tmp/1601976.1.medium.q/qchem4873/lic.dat

cmd = /usr/bin/ssh clhead /usr/local/qchem/bin/get_hostid 2033721356 > /tmp/1601976.1.medium.q/qchem4873/lic.dat

cmd = /usr/bin/ssh clhead /usr/local/qchem/bin/get_hostid 2033721356 > /tmp/1601976.1.medium.q/qchem4873/lic.dat

cmd = /usr/bin/ssh clhead /usr/local/qchem/bin/get_hostid 2033721356 > /tmp/1601976.1.medium.q/qchem4873/lic.dat
                  Welcome to Q-Chem
     A Quantum Leap Into The Future Of Chemistry

 Y. Shao, L. Fusti-Molnar, Y. Jung, J. Kussmann, C. Ochsenfeld,
 S. T. Brown, A. T. B. Gilbert, L. V. Slipchenko,S. V. Levchenko,
 D. P. O'Neill, R. A. DiStasio Jr., R. C. Lochan, T. Wang,
 G. J. O. Beran, N. A. Besley, J. M. Herbert, C. Y. Lin,
 T. Van Voorhis, S. H. Chien, A. Sodt, R. P. Steele, 
 V. A. Rassolov, P. E. Maslen, P. P. Korambath, R. D. Adamson,
 B. Austin, J. Baker, E. F. C. Byrd, H. Dachsel, R. J. Doerksen,
 A. Dreuw, B. D. Dunietz, A. D. Dutoi, T. R. Furlani,
 S. R. Gwaltney, A. Heyden, S. Hirata, C.-P. Hsu, G. Kedziora,
 R. Z. Khaliullin, P. Klunzinger, A. M. Lee, M. S. Lee, W. Liang,
 I. Lotan, N. Nair, B. Peters, E. I. Proynov, P. A. Pieniazek, 
 Y. M. Rhee, J. Ritchie, E. Rosta, C. D. Sherrill, 
 A. C. Simmonett, J. E. Subotnik, H. L. Woodcock III,
 W. Zhang, A. T. Bell, A. K. Chakraborty, D. M. Chipman,
 F. J. Keil, A. Warshel, W. J. Hehre, H. F. Schaefer III,
 J. Kong, A. I. Krylov, P. M. W. Gill, M. Head-Gordon,
 Q-Chem, Version 3.1, Q-Chem, Inc., Pittsburgh, PA (2007).

 Additional authors for Version 3.1: 
 Z. Gan, Y. Zhao, N. E. Schultz, D. Truhlar, E. Epifanovsky and M. Oana.

 Additional authors for Version 3.2: 
 R. Baer, B. R. Brooks, D. Casanova, J.-D. Chai, C.-L. Cheng, 
 C. Cramer, D. Crittenden, A. Ghysels, G. Hawkins, E. G. Hohenstein, 
 C. Kelley, W. Kurlancheek, D. Liotard, E. Livshits, P. Manohar, 
 A. Marenich, D. Neuhauser, R. Olson, M. A. Rohrdanz, K. S. Thanthiriwatte, 
 A. J. W. Thom, V. Vanovschi, C. F. Williams, Q. Wu and Z.-Q. You. 


 Intel X86 Linux Version

 Q-chem begins on Thu Mar 20 03:37:36 2014  

 Parallel job on  1  processors
Processing $rem in /usr/local/qchem/config/preferences.

theFileMan(): MAXOPENFILES=974 MAX_SUB_FILE_NUM=16
Maximum size of a physical file is 2.0 GB, maximum size of a tmp-file is 32.0 GB


--------------------------------------------------------------
User input:
--------------------------------------------------------------

$molecule
0,1
C         -0.00010        0.00000        0.01845
Si        -0.00040        0.00000        1.87168
H          1.01354        0.00000       -0.36644
H         -0.50645       -0.87766       -0.36740
H         -0.50645        0.87766       -0.36740
H         -1.38115        0.00000        2.39343
H          0.69049       -1.19616        2.39178
H          0.69049        1.19616        2.39178
$end

$comment
neutral
$end

$xc_functional
C PBE   1.00
X wPBE  1.00
$end


$rem
SYMMETRY_DECOMPOSITION	0
LRC_DFT                 true
exchange 		general
BASIS                   g3large
omega			400
mem_static              760
max_scf_cycles          200
scf_final_print         1
sym_ignore              true
$end

--------------------------------------------------------------
 Writing REM_CC_EA            8
 ----------------------------------------------------
       Standard Nuclear Orientation (Angstroms)
    I     Atom         X            Y            Z
 ----------------------------------------------------
    1      C      -0.000100     0.000000     0.018450
    2      Si     -0.000400     0.000000     1.871680
    3      H       1.013540     0.000000    -0.366440
    4      H      -0.506450    -0.877660    -0.367400
    5      H      -0.506450     0.877660    -0.367400
    6      H      -1.381150     0.000000     2.393430
    7      H       0.690490    -1.196160     2.391780
    8      H       0.690490     1.196160     2.391780
 ----------------------------------------------------
 Nuclear Repulsion Energy =    63.3930539500 hartrees
 There are       13 alpha and       13 beta electrons
 Requested basis set is G3large
 There are 65 shells and 168 basis functions

Total QAlloc Memory Limit   2000 MB
Mega-Array Size       743 MB
MEM_STATIC part       760 MB

                       Distance Matrix (Angstroms)
             C (  1)   Si(  2)   H (  3)   H (  4)   H (  5)   H (  6)
   Si(  2)  1.853230
   H (  3)  1.084254  2.457083
   H (  4)  1.084231  2.457611  1.755180
   H (  5)  1.084231  2.457611  1.755180  1.755320
   H (  6)  2.747331  1.476040  3.653960  3.026148  3.026148
   H (  7)  2.745980  1.476019  3.023729  3.024431  3.653282  2.392173
   H (  8)  2.745980  1.476019  3.023729  3.653282  3.024431  2.392173
             H (  7)
   H (  8)  2.392320
 
 A cutoff of  1.0D-08 yielded   2044 shell pairs
 There are  13820 function pairs ( 17231 Cartesian)
Evaluating contribution to one-electron hamiltonian from nuclear
 Smallest overlap matrix eigenvalue = 1.32E-04
 Multipole matrices computed through 2nd order

  Scale SEOQF with 1.000000e-01/1.000000e-01/1.000000e-01

 Standard Electronic Orientation quadrupole field applied
 Nucleus-field energy     =    -0.0000000067 hartrees
 Guess from superposition of atomic densities
 Warning:  Energy on first SCF cycle will be non-variational
 Long-range K will be added via erf
 Coulomb attenuation parameter = 0.4 bohr**(-1)
 A restricted Kohn-Sham SCF calculation will be
 performed using Pulay DIIS extrapolation
 Exchange:  wPBE + LR-HF      Correlation:  PBE
 Using SG-1 standard quadrature grid
 SCF converges when DIIS error is below 1.0E-05
 Requested basis set is G3large
 There are 65 shells and 168 basis functions
 A cutoff of  1.0D-08 yielded   2044 shell pairs
 There are  13820 function pairs ( 17231 Cartesian)
 ---------------------------------------
  Cycle       Energy         DIIS Error
 ---------------------------------------
    1    -331.2856226267      2.80E-02
    2    -331.0660069822      2.79E-03
    3    -331.0906499615      1.59E-03
    4    -331.0991599031      2.66E-04
    5    -331.0995265332      5.30E-05
    6    -331.0995454238      1.38E-05
    7    -331.0995462849      2.83E-06 Convergence criterion met
 ---------------------------------------
 One-Electron    Energy =  -581.9895572708
 Total Coulomb   Energy =   215.9705318080
 Alpha Exchange  Energy =    -2.6085113565
 Beta  Exchange  Energy =    -2.6085113565
 DFT   Exchange  Energy =   -22.3768856419
 DFT Correlation Energy =    -0.8796664106
 Nuclear Repu.   Energy =    63.3930539434
 Nuclear Attr.   Energy =  -912.3672039333
 Kinetic         Energy =   330.3776466625
 SCF time:  CPU 56.75 s  wall 58.02 s
 Final Alpha MO Eigenvalues
            1           2           3           4           5           6
    1 -65.6011326 -10.0852016  -5.2637655  -3.6653638  -3.6653530  -3.6647298
            7           8           9          10          11          12
    1  -0.8556821  -0.6621282  -0.5402929  -0.5402649  -0.4490296  -0.4490151
           13          14          15          16          17          18
    1  -0.4445806   0.0386044   0.0615896   0.0677994   0.0678130   0.0863531
 Analysis of SCF Wavefunction
 
 --------------------------------------------------------------
                    Orbital Energies (a.u.)
 --------------------------------------------------------------
 
 Alpha MOs
 -- Occupied --
-65.601 -10.085  -5.264  -3.665  -3.665  -3.665  -0.856  -0.662
 -0.540  -0.540  -0.449  -0.449  -0.445
 -- Virtual --
  0.039   0.062   0.068   0.068   0.086   0.095   0.095   0.103
  0.103   0.157   0.157   0.157   0.161   0.187   0.187   0.191
  0.205   0.238   0.239   0.239   0.304   0.304   0.359   0.363
  0.363   0.367   0.413   0.413   0.498   0.503   0.503   0.519
  0.545   0.588   0.588   0.607   0.640   0.640   0.647   0.683
  0.683   0.750   0.782   0.794   0.794   0.841   0.841   0.910
  0.924   0.924   0.949   0.955   1.010   1.081   1.081   1.144
  1.144   1.185   1.212   1.212   1.298   1.298   1.339   1.383
  1.407   1.407   1.425   1.429   1.429   1.509   1.510   1.578
  1.578   1.590   1.651   1.651   1.684   1.728   2.229   2.269
  2.274   2.274   2.338   2.338   2.453   2.609   2.609   2.712
  2.942   2.942   3.046   3.073   3.218   3.218   3.223   3.328
  3.328   3.432   3.432   3.486   3.641   3.642   3.771   3.773
  3.784   3.906   3.907   4.009   4.040   4.040   4.178   4.178
  4.180   4.222   4.243   4.243   4.346   4.346   4.359   4.470
  4.486   4.487   4.547   4.613   4.763   4.763   5.157   5.784
  5.784   6.353  11.480  11.480  11.820  17.601  17.684  17.781
 17.865  17.921  22.212  22.227  22.234  22.235  22.242  22.243
 22.269  24.167  27.854  28.108  28.108  40.976  40.993  41.211
 41.255  41.302 141.153
 --------------------------------------------------------------
 
          Ground-State Mulliken Net Atomic Charges

     Atom                 Charge (a.u.)
  ----------------------------------------
      1 C                    -0.288067
      2 Si                    0.209900
      3 H                     0.099393
      4 H                     0.099348
      5 H                     0.099304
      6 H                    -0.073186
      7 H                    -0.073320
      8 H                    -0.073373
  ----------------------------------------
  Sum of atomic charges =     0.000000

 -----------------------------------------------------------------
                    Cartesian Multipole Moments
 -----------------------------------------------------------------
    Charge (ESU x 10^10)
                 0.0000
    Dipole Moment (Debye)
         X      -0.0011      Y       0.0000      Z      -0.8167
       Tot       0.8167
    Quadrupole Moments (Debye-Ang)
        XX     -22.8147     XY       0.0000     YY     -22.8156
        XZ      -0.0024     YZ      -0.0001     ZZ     -25.0517
    Octapole Moments (Debye-Ang^2)
       XXX       1.6378    XXY      -0.0001    XYY      -1.6213
       YYY      -0.0002    XXZ     -31.4578    XYZ      -0.0003
       YYZ     -31.4614    XZZ      -0.0005    YZZ      -0.0003
       ZZZ     -92.4936
    Hexadecapole Moments (Debye-Ang^3)
      XXXX     -55.5706   XXXY       0.0000   XXYY     -18.5245
      XYYY      -0.0002   YYYY     -55.5782   XXXZ       1.2349
      XXYZ      -0.0003   XYYZ      -1.1988   YYYZ      -0.0006
      XXZZ     -80.1847   XYZZ      -0.0009   YYZZ     -80.1911
      XZZZ       0.0252   YZZZ      -0.0010   ZZZZ    -404.6538
 -----------------------------------------------------------------
 Total job time:  58.21s(wall), 56.91s(cpu) 
 Thu Mar 20 03:38:35 2014

        *************************************************************
        *                                                           *
        *  Thank you very much for using Q-Chem.  Have a nice day.  *
        *                                                           *
        *************************************************************


0 sent ACK to 0 
now end server 0 ... 
 
**********************************************************************
Job 3 of 3 
**********************************************************************
 
Process 0 of 1 is on cl122 - thread support 1
initial socket setup ...start
initial socket setup ...done 
now start server 0 ... 

cmd = /usr/bin/ssh clhead /usr/local/qchem/bin/get_hostid 1437425955 > /tmp/1601976.1.medium.q/qchem4873/lic.dat

cmd = /usr/bin/ssh clhead /usr/local/qchem/bin/get_hostid 1437425955 > /tmp/1601976.1.medium.q/qchem4873/lic.dat

cmd = /usr/bin/ssh clhead /usr/local/qchem/bin/get_hostid 1437425955 > /tmp/1601976.1.medium.q/qchem4873/lic.dat

cmd = /usr/bin/ssh clhead /usr/local/qchem/bin/get_hostid 1437425955 > /tmp/1601976.1.medium.q/qchem4873/lic.dat

cmd = /usr/bin/ssh clhead /usr/local/qchem/bin/get_hostid 1437425955 > /tmp/1601976.1.medium.q/qchem4873/lic.dat
                  Welcome to Q-Chem
     A Quantum Leap Into The Future Of Chemistry

 Y. Shao, L. Fusti-Molnar, Y. Jung, J. Kussmann, C. Ochsenfeld,
 S. T. Brown, A. T. B. Gilbert, L. V. Slipchenko,S. V. Levchenko,
 D. P. O'Neill, R. A. DiStasio Jr., R. C. Lochan, T. Wang,
 G. J. O. Beran, N. A. Besley, J. M. Herbert, C. Y. Lin,
 T. Van Voorhis, S. H. Chien, A. Sodt, R. P. Steele, 
 V. A. Rassolov, P. E. Maslen, P. P. Korambath, R. D. Adamson,
 B. Austin, J. Baker, E. F. C. Byrd, H. Dachsel, R. J. Doerksen,
 A. Dreuw, B. D. Dunietz, A. D. Dutoi, T. R. Furlani,
 S. R. Gwaltney, A. Heyden, S. Hirata, C.-P. Hsu, G. Kedziora,
 R. Z. Khaliullin, P. Klunzinger, A. M. Lee, M. S. Lee, W. Liang,
 I. Lotan, N. Nair, B. Peters, E. I. Proynov, P. A. Pieniazek, 
 Y. M. Rhee, J. Ritchie, E. Rosta, C. D. Sherrill, 
 A. C. Simmonett, J. E. Subotnik, H. L. Woodcock III,
 W. Zhang, A. T. Bell, A. K. Chakraborty, D. M. Chipman,
 F. J. Keil, A. Warshel, W. J. Hehre, H. F. Schaefer III,
 J. Kong, A. I. Krylov, P. M. W. Gill, M. Head-Gordon,
 Q-Chem, Version 3.1, Q-Chem, Inc., Pittsburgh, PA (2007).

 Additional authors for Version 3.1: 
 Z. Gan, Y. Zhao, N. E. Schultz, D. Truhlar, E. Epifanovsky and M. Oana.

 Additional authors for Version 3.2: 
 R. Baer, B. R. Brooks, D. Casanova, J.-D. Chai, C.-L. Cheng, 
 C. Cramer, D. Crittenden, A. Ghysels, G. Hawkins, E. G. Hohenstein, 
 C. Kelley, W. Kurlancheek, D. Liotard, E. Livshits, P. Manohar, 
 A. Marenich, D. Neuhauser, R. Olson, M. A. Rohrdanz, K. S. Thanthiriwatte, 
 A. J. W. Thom, V. Vanovschi, C. F. Williams, Q. Wu and Z.-Q. You. 


 Intel X86 Linux Version

 Q-chem begins on Thu Mar 20 03:38:39 2014  

 Parallel job on  1  processors
Processing $rem in /usr/local/qchem/config/preferences.

theFileMan(): MAXOPENFILES=974 MAX_SUB_FILE_NUM=16
Maximum size of a physical file is 2.0 GB, maximum size of a tmp-file is 32.0 GB


--------------------------------------------------------------
User input:
--------------------------------------------------------------

$molecule
1,2
C         -0.00010        0.00000        0.01845
Si        -0.00040        0.00000        1.87168
H          1.01354        0.00000       -0.36644
H         -0.50645       -0.87766       -0.36740
H         -0.50645        0.87766       -0.36740
H         -1.38115        0.00000        2.39343
H          0.69049       -1.19616        2.39178
H          0.69049        1.19616        2.39178
$end

$comment
positive
$end

$xc_functional
C PBE   1.00
X wPBE  1.00
$end

$rem
SYMMETRY_DECOMPOSITION	0
LRC_DFT                 true
exchange 		general
BASIS                   g3large
omega			400
mem_static              760
max_scf_cycles          200
scf_final_print         1
sym_ignore              true
$end

--------------------------------------------------------------
 Writing REM_CC_EA            8
 ----------------------------------------------------
       Standard Nuclear Orientation (Angstroms)
    I     Atom         X            Y            Z
 ----------------------------------------------------
    1      C      -0.000100     0.000000     0.018450
    2      Si     -0.000400     0.000000     1.871680
    3      H       1.013540     0.000000    -0.366440
    4      H      -0.506450    -0.877660    -0.367400
    5      H      -0.506450     0.877660    -0.367400
    6      H      -1.381150     0.000000     2.393430
    7      H       0.690490    -1.196160     2.391780
    8      H       0.690490     1.196160     2.391780
 ----------------------------------------------------
 Nuclear Repulsion Energy =    63.3930539500 hartrees
 There are       13 alpha and       12 beta electrons
 Requested basis set is G3large
 There are 65 shells and 168 basis functions

Total QAlloc Memory Limit   2000 MB
Mega-Array Size       743 MB
MEM_STATIC part       760 MB

                       Distance Matrix (Angstroms)
             C (  1)   Si(  2)   H (  3)   H (  4)   H (  5)   H (  6)
   Si(  2)  1.853230
   H (  3)  1.084254  2.457083
   H (  4)  1.084231  2.457611  1.755180
   H (  5)  1.084231  2.457611  1.755180  1.755320
   H (  6)  2.747331  1.476040  3.653960  3.026148  3.026148
   H (  7)  2.745980  1.476019  3.023729  3.024431  3.653282  2.392173
   H (  8)  2.745980  1.476019  3.023729  3.653282  3.024431  2.392173
             H (  7)
   H (  8)  2.392320
 
 A cutoff of  1.0D-08 yielded   2044 shell pairs
 There are  13820 function pairs ( 17231 Cartesian)
Evaluating contribution to one-electron hamiltonian from nuclear
 Smallest overlap matrix eigenvalue = 1.32E-04
 Multipole matrices computed through 2nd order

  Scale SEOQF with 1.000000e-01/1.000000e-01/1.000000e-01

 Standard Electronic Orientation quadrupole field applied
 Nucleus-field energy     =    -0.0000000067 hartrees
 Guess from superposition of atomic densities
 Warning:  Energy on first SCF cycle will be non-variational
 Long-range K will be added via erf
 Coulomb attenuation parameter = 0.4 bohr**(-1)
 An unrestricted Kohn-Sham SCF calculation will be
 performed using Pulay DIIS extrapolation
 Exchange:  wPBE + LR-HF      Correlation:  PBE
 Using SG-1 standard quadrature grid
 SCF converges when DIIS error is below 1.0E-05
 Requested basis set is G3large
 There are 65 shells and 168 basis functions
 A cutoff of  1.0D-08 yielded   2044 shell pairs
 There are  13820 function pairs ( 17231 Cartesian)
 Warning!  Inaccurate integrated density:
   Number of electrons =    25
   Numerical integral  =    25.999988627882
   Relative error      =     3.9999545115 %
 ---------------------------------------
  Cycle       Energy         DIIS Error
 ---------------------------------------
    1    -331.2856226267      2.80E-02
    2    -330.5888158151      3.23E-03
    3    -330.6366807095      1.94E-03
    4    -330.6503753541      3.82E-04
    5    -330.6512722473      7.24E-05
    6    -330.6513823352      2.69E-05
    7    -330.6514100679      1.20E-05
    8    -330.6514236431      8.09E-06 Convergence criterion met
 ---------------------------------------
 One-Electron    Energy =  -575.1454625181
 Total Coulomb   Energy =   209.2379134100
 Alpha Exchange  Energy =    -2.6228465319
 Beta  Exchange  Energy =    -2.4090421597
 DFT   Exchange  Energy =   -22.2594305956
 DFT Correlation Energy =    -0.8456091911
 Nuclear Repu.   Energy =    63.3930539434
 Nuclear Attr.   Energy =  -905.2484221210
 Kinetic         Energy =   330.1029596029
 <S^2> = 0.7671
 SCF time:  CPU 79.10 s  wall 80.39 s
 Final Alpha MO Eigenvalues
            1           2           3           4           5           6
    1 -65.8926497 -10.3032054  -5.5548354  -3.9632798  -3.9537801  -3.9522449
            7           8           9          10          11          12
    1  -1.0798882  -0.9614859  -0.8142495  -0.7598379  -0.7390619  -0.7073930
           13          14          15          16          17          18
    1  -0.6778823  -0.1251745  -0.1070819  -0.1050356  -0.0996715  -0.0708297
 Final Beta MO Eigenvalues
            1           2           3           4           5           6
    1 -65.8918911 -10.3026883  -5.5539510  -3.9597581  -3.9537381  -3.9519833
            7           8           9          10          11          12
    1  -1.0719839  -0.9003207  -0.7523597  -0.7373120  -0.6835200  -0.6738792
           13          14          15          16          17
    1  -0.4435553  -0.1196621  -0.0988665  -0.0943369  -0.0826006
 Analysis of SCF Wavefunction
 
 --------------------------------------------------------------
                    Orbital Energies (a.u.)
 --------------------------------------------------------------
 
 Alpha MOs
 -- Occupied --
-65.893 -10.303  -5.555  -3.963  -3.954  -3.952  -1.080  -0.961
 -0.814  -0.760  -0.739  -0.707  -0.678
 -- Virtual --
 -0.125  -0.107  -0.105  -0.100  -0.071  -0.064  -0.061  -0.035
 -0.028  -0.026  -0.019  -0.011   0.012   0.018   0.019   0.026
  0.049   0.057   0.060   0.062   0.107   0.110   0.154   0.172
  0.176   0.194   0.223   0.228   0.276   0.305   0.309   0.314
  0.320   0.361   0.374   0.393   0.414   0.425   0.448   0.490
  0.492   0.551   0.558   0.568   0.579   0.600   0.605   0.656
  0.678   0.687   0.727   0.745   0.776   0.859   0.866   0.895
  0.920   0.948   1.009   1.014   1.034   1.060   1.117   1.161
  1.170   1.174   1.176   1.199   1.209   1.287   1.299   1.342
  1.361   1.373   1.395   1.418   1.448   1.527   1.935   1.993
  2.002   2.019   2.059   2.066   2.173   2.391   2.398   2.494
  2.590   2.670   2.836   2.856   2.927   2.984   2.994   3.112
  3.119   3.207   3.211   3.242   3.417   3.418   3.509   3.513
  3.568   3.587   3.634   3.760   3.785   3.794   3.819   3.836
  3.890   3.914   3.979   3.990   4.063   4.122   4.125   4.248
  4.261   4.272   4.326   4.334   4.454   4.500   4.945   5.570
  5.578   6.067  11.182  11.194  11.536  17.308  17.392  17.492
 17.574  17.629  21.919  21.935  21.941  21.947  21.952  21.953
 21.979  23.950  27.635  27.890  27.891  40.758  40.774  40.993
 41.036  41.084 140.862
 
 Beta MOs
 -- Occupied --
-65.892 -10.303  -5.554  -3.960  -3.954  -3.952  -1.072  -0.900
 -0.752  -0.737  -0.684  -0.674
 -- Virtual --
 -0.444  -0.120  -0.099  -0.094  -0.083  -0.067  -0.063  -0.057
 -0.026  -0.025  -0.021  -0.017  -0.009   0.014   0.021   0.024
  0.041   0.049   0.062   0.062   0.063   0.111   0.115   0.170
  0.174   0.178   0.196   0.227   0.231   0.294   0.316   0.318
  0.321   0.323   0.375   0.378   0.397   0.428   0.430   0.452
  0.493   0.494   0.555   0.567   0.571   0.583   0.609   0.612
  0.683   0.689   0.694   0.730   0.754   0.787   0.868   0.871
  0.916   0.926   0.965   1.013   1.016   1.057   1.070   1.131
  1.169   1.178   1.182   1.193   1.207   1.210   1.296   1.300
  1.360   1.367   1.374   1.409   1.424   1.449   1.530   1.953
  2.001   2.015   2.019   2.072   2.075   2.187   2.398   2.400
  2.503   2.670   2.697   2.840   2.858   2.967   2.991   2.995
  3.118   3.121   3.211   3.212   3.245   3.420   3.421   3.515
  3.517   3.570   3.629   3.646   3.798   3.814   3.815   3.896
  3.906   3.927   3.960   3.997   4.001   4.097   4.131   4.132
  4.261   4.271   4.276   4.340   4.351   4.492   4.511   4.950
  5.577   5.580   6.074  11.189  11.195  11.536  17.310  17.393
 17.493  17.576  17.631  21.920  21.936  21.943  21.947  21.953
 21.953  21.980  23.950  27.635  27.892  27.892  40.758  40.776
 40.994  41.037  41.085 140.863
 --------------------------------------------------------------
 
          Ground-State Mulliken Net Atomic Charges

     Atom                 Charge (a.u.)    Spin (a.u.)
  --------------------------------------------------------
      1 C                    -0.199271       0.027256
      2 Si                    0.392296       0.117818
      3 H                     0.152278       0.017864
      4 H                     0.161664       0.040482
      5 H                     0.145497       0.002648
      6 H                     0.107790       0.255954
      7 H                     0.052452       0.025127
      8 H                     0.187294       0.512850
  --------------------------------------------------------
  Sum of atomic charges =     1.000000
  Sum of spin   charges =     1.000000

 -----------------------------------------------------------------
                    Cartesian Multipole Moments
 -----------------------------------------------------------------
    Charge (ESU x 10^10)
                 4.8032
    Dipole Moment (Debye)
         X       0.0552      Y       1.1524      Z       7.7247
       Tot       7.8104
    Quadrupole Moments (Debye-Ang)
        XX     -16.1982     XY       1.7282     YY     -16.0635
        XZ       0.2042     YZ       3.2530     ZZ      -1.0734
    Octapole Moments (Debye-Ang^2)
       XXX      -0.6506    XXY       0.8234    XYY       0.8134
       YYY       2.4765    XXZ     -18.6924    XYZ       3.7594
       YYZ     -18.3911    XZZ       0.5074    YZZ       7.8447
       ZZZ     -31.6793
    Hexadecapole Moments (Debye-Ang^3)
      XXXX     -35.3279   XXXY       2.3008   XXYY     -11.6842
      XYYY       2.7505   YYYY     -34.9560   XXXZ      -4.8318
      XXYZ       2.1765   XYYZ       5.3297   YYYZ       6.5428
      XXZZ     -45.7168   XYZZ       9.3535   YYZZ     -44.9295
      XZZZ       1.4024   YZZZ      20.5262   ZZZZ    -229.6479
 -----------------------------------------------------------------
 Total job time:  80.60s(wall), 79.27s(cpu) 
 Thu Mar 20 03:40:00 2014

        *************************************************************
        *                                                           *
        *  Thank you very much for using Q-Chem.  Have a nice day.  *
        *                                                           *
        *************************************************************


0 sent ACK to 0 
now end server 0 ... 
