Process 0 of 1 is on cl135 - thread support 1
initial socket setup ...start
initial socket setup ...done 
now start server 0 ... 

cmd = /usr/bin/ssh clhead /usr/local/qchem/bin/get_hostid 1556094192 > /tmp/1602255.1.medium.q/qchem23167/lic.dat

cmd = /usr/bin/ssh clhead /usr/local/qchem/bin/get_hostid 1556094192 > /tmp/1602255.1.medium.q/qchem23167/lic.dat

cmd = /usr/bin/ssh clhead /usr/local/qchem/bin/get_hostid 1556094192 > /tmp/1602255.1.medium.q/qchem23167/lic.dat

cmd = /usr/bin/ssh clhead /usr/local/qchem/bin/get_hostid 1556094192 > /tmp/1602255.1.medium.q/qchem23167/lic.dat

cmd = /usr/bin/ssh clhead /usr/local/qchem/bin/get_hostid 1556094192 > /tmp/1602255.1.medium.q/qchem23167/lic.dat
                  Welcome to Q-Chem
     A Quantum Leap Into The Future Of Chemistry

 Y. Shao, L. Fusti-Molnar, Y. Jung, J. Kussmann, C. Ochsenfeld,
 S. T. Brown, A. T. B. Gilbert, L. V. Slipchenko,S. V. Levchenko,
 D. P. O'Neill, R. A. DiStasio Jr., R. C. Lochan, T. Wang,
 G. J. O. Beran, N. A. Besley, J. M. Herbert, C. Y. Lin,
 T. Van Voorhis, S. H. Chien, A. Sodt, R. P. Steele, 
 V. A. Rassolov, P. E. Maslen, P. P. Korambath, R. D. Adamson,
 B. Austin, J. Baker, E. F. C. Byrd, H. Dachsel, R. J. Doerksen,
 A. Dreuw, B. D. Dunietz, A. D. Dutoi, T. R. Furlani,
 S. R. Gwaltney, A. Heyden, S. Hirata, C.-P. Hsu, G. Kedziora,
 R. Z. Khaliullin, P. Klunzinger, A. M. Lee, M. S. Lee, W. Liang,
 I. Lotan, N. Nair, B. Peters, E. I. Proynov, P. A. Pieniazek, 
 Y. M. Rhee, J. Ritchie, E. Rosta, C. D. Sherrill, 
 A. C. Simmonett, J. E. Subotnik, H. L. Woodcock III,
 W. Zhang, A. T. Bell, A. K. Chakraborty, D. M. Chipman,
 F. J. Keil, A. Warshel, W. J. Hehre, H. F. Schaefer III,
 J. Kong, A. I. Krylov, P. M. W. Gill, M. Head-Gordon,
 Q-Chem, Version 3.1, Q-Chem, Inc., Pittsburgh, PA (2007).

 Additional authors for Version 3.1: 
 Z. Gan, Y. Zhao, N. E. Schultz, D. Truhlar, E. Epifanovsky and M. Oana.

 Additional authors for Version 3.2: 
 R. Baer, B. R. Brooks, D. Casanova, J.-D. Chai, C.-L. Cheng, 
 C. Cramer, D. Crittenden, A. Ghysels, G. Hawkins, E. G. Hohenstein, 
 C. Kelley, W. Kurlancheek, D. Liotard, E. Livshits, P. Manohar, 
 A. Marenich, D. Neuhauser, R. Olson, M. A. Rohrdanz, K. S. Thanthiriwatte, 
 A. J. W. Thom, V. Vanovschi, C. F. Williams, Q. Wu and Z.-Q. You. 


 Intel X86 Linux Version

 Q-chem begins on Fri Mar 21 22:38:01 2014  

 Parallel job on  1  processors
Processing $rem in /usr/local/qchem/config/preferences.

theFileMan(): MAXOPENFILES=974 MAX_SUB_FILE_NUM=16
Maximum size of a physical file is 2.0 GB, maximum size of a tmp-file is 32.0 GB


--------------------------------------------------------------
User input:
--------------------------------------------------------------

$molecule
-1,2
C         -0.00013        0.00000        0.01487
Si        -0.00043        0.00000        1.87462
H          1.01782        0.00000       -0.37208
H         -0.50853       -0.88134       -0.37324
H         -0.50853        0.88134       -0.37324
H         -1.38712        0.00000        2.39962
H          0.69345       -1.20137        2.39767
H          0.69345        1.20137        2.39767
$end

$comment
negative
$end

$xc_functional
C PBE   1.00
X wPBE  1.00
$end

$rem
SYMMETRY_DECOMPOSITION	0
exchange 		general
LRC_DFT                 true
BASIS                   g3large
omega			500
mem_static              760
max_scf_cycles          200
scf_final_print         1
sym_ignore              true
$end

--------------------------------------------------------------
 Writing REM_CC_EA            8
 ----------------------------------------------------
       Standard Nuclear Orientation (Angstroms)
    I     Atom         X            Y            Z
 ----------------------------------------------------
    1      C      -0.000130     0.000000     0.014870
    2      Si     -0.000430     0.000000     1.874620
    3      H       1.017820     0.000000    -0.372080
    4      H      -0.508530    -0.881340    -0.373240
    5      H      -0.508530     0.881340    -0.373240
    6      H      -1.387120     0.000000     2.399620
    7      H       0.693450    -1.201370     2.397670
    8      H       0.693450     1.201370     2.397670
 ----------------------------------------------------
 Nuclear Repulsion Energy =    63.1402175305 hartrees
 There are       14 alpha and       13 beta electrons
 Requested basis set is G3large
 There are 65 shells and 168 basis functions

Total QAlloc Memory Limit   2000 MB
Mega-Array Size       743 MB
MEM_STATIC part       760 MB

                       Distance Matrix (Angstroms)
             C (  1)   Si(  2)   H (  3)   H (  4)   H (  5)   H (  6)
   Si(  2)  1.859750
   H (  3)  1.089014  2.466677
   H (  4)  1.088972  2.467347  1.762528
   H (  5)  1.088972  2.467347  1.762528  1.762680
   H (  6)  2.758763  1.482745  3.669613  3.039315  3.039315
   H (  7)  2.757187  1.482680  3.036449  3.037288  3.668839  2.402512
   H (  8)  2.757187  1.482680  3.036449  3.668839  3.037288  2.402512
             H (  7)
   H (  8)  2.402740
 
 A cutoff of  1.0D-08 yielded   2044 shell pairs
 There are  13820 function pairs ( 17231 Cartesian)
Evaluating contribution to one-electron hamiltonian from nuclear
 Smallest overlap matrix eigenvalue = 1.35E-04
 Multipole matrices computed through 2nd order

  Scale SEOQF with 1.000000e-01/1.000000e-01/1.000000e-01

 Standard Electronic Orientation quadrupole field applied
 Nucleus-field energy     =    -0.0000000067 hartrees
 Guess from superposition of atomic densities
 Warning:  Energy on first SCF cycle will be non-variational
 Long-range K will be added via erf
 Coulomb attenuation parameter = 0.5 bohr**(-1)
 An unrestricted Kohn-Sham SCF calculation will be
 performed using Pulay DIIS extrapolation
 Exchange:  wPBE + LR-HF      Correlation:  PBE
 Using SG-1 standard quadrature grid
 SCF converges when DIIS error is below 1.0E-05
 Requested basis set is G3large
 There are 65 shells and 168 basis functions
 A cutoff of  1.0D-08 yielded   2044 shell pairs
 There are  13820 function pairs ( 17231 Cartesian)
 Warning!  Inaccurate integrated density:
   Number of electrons =    27
   Numerical integral  =    25.999985127030
   Relative error      =    -3.7037587888 %
 ---------------------------------------
  Cycle       Energy         DIIS Error
 ---------------------------------------
    1    -331.3019518198      2.79E-02
    2    -331.0135824444      3.09E-03
    3    -331.0624397696      2.03E-03
    4    -331.0808326960      3.61E-04
    5    -331.0859441047      1.59E-04
    6    -331.0878963078      8.50E-05
    7    -331.0887304326      3.52E-05
    8    -331.0889510591      1.50E-05
    9    -331.0889996687      6.72E-06 Convergence criterion met
 ---------------------------------------
 One-Electron    Energy =  -584.9063263164
 Total Coulomb   Energy =   219.2410682513
 Alpha Exchange  Energy =    -3.1871862973
 Beta  Exchange  Energy =    -3.1188976810
 DFT   Exchange  Energy =   -21.3706502989
 DFT Correlation Energy =    -0.8872248502
 Nuclear Repu.   Energy =    63.1402175238
 Nuclear Attr.   Energy =  -915.2732403080
 Kinetic         Energy =   330.3669139916
 <S^2> = 0.7502
 SCF time:  CPU 92.48 s  wall 93.76 s
 Final Alpha MO Eigenvalues
            1           2           3           4           5           6
    1 -65.5333982  -9.9953228  -5.1962380  -3.5916326  -3.5916179  -3.5902535
            7           8           9          10          11          12
    1  -0.7476554  -0.5575345  -0.4152061  -0.4151220  -0.3380226  -0.3379729
           13          14          15          16          17          18
    1  -0.3233820   0.0285481   0.1482900   0.1509425   0.1510227   0.1765446
           19
    1   0.1887219
 Final Beta MO Eigenvalues
            1           2           3           4           5           6
    1 -65.5333144  -9.9947496  -5.1961414  -3.5915721  -3.5915573  -3.5900159
            7           8           9          10          11          12
    1  -0.7457212  -0.5556760  -0.4144912  -0.4144080  -0.3380514  -0.3379987
           13          14          15          16          17          18
    1  -0.3220587   0.1392693   0.1552847   0.1656908   0.1659363   0.1831406
 Analysis of SCF Wavefunction
 
 --------------------------------------------------------------
                    Orbital Energies (a.u.)
 --------------------------------------------------------------
 
 Alpha MOs
 -- Occupied --
-65.533  -9.995  -5.196  -3.592  -3.592  -3.590  -0.748  -0.558
 -0.415  -0.415  -0.338  -0.338  -0.323   0.029
 -- Virtual --
  0.148   0.151   0.151   0.177   0.189   0.189   0.200   0.201
  0.257   0.270   0.270   0.273   0.303   0.307   0.308   0.318
  0.356   0.372   0.372   0.435   0.435   0.485   0.485   0.487
  0.494   0.533   0.533   0.624   0.640   0.640   0.652   0.678
  0.725   0.725   0.738   0.780   0.780   0.785   0.829   0.830
  0.897   0.923   0.934   0.934   0.981   0.981   1.048   1.062
  1.063   1.096   1.110   1.155   1.230   1.230   1.287   1.287
  1.328   1.370   1.370   1.436   1.436   1.490   1.533   1.561
  1.561   1.568   1.579   1.579   1.665   1.665   1.736   1.736
  1.745   1.794   1.795   1.836   1.887   2.382   2.425   2.433
  2.434   2.495   2.495   2.607   2.785   2.786   2.888   3.103
  3.103   3.225   3.251   3.382   3.389   3.389   3.506   3.506
  3.605   3.605   3.652   3.821   3.822   3.938   3.939   3.962
  4.066   4.067   4.179   4.210   4.210   4.336   4.338   4.338
  4.384   4.405   4.405   4.517   4.518   4.522   4.646   4.660
  4.660   4.722   4.772   4.917   4.918   5.334   5.952   5.952
  6.505  11.647  11.647  11.985  17.775  17.856  17.957  18.037
 18.092  22.387  22.402  22.410  22.410  22.417  22.418  22.444
 24.345  28.040  28.298  28.298  41.176  41.192  41.406  41.447
 41.493 141.315
 
 Beta MOs
 -- Occupied --
-65.533  -9.995  -5.196  -3.592  -3.592  -3.590  -0.746  -0.556
 -0.414  -0.414  -0.338  -0.338  -0.322
 -- Virtual --
  0.139   0.155   0.166   0.166   0.183   0.190   0.190   0.202
  0.203   0.256   0.266   0.266   0.276   0.300   0.308   0.308
  0.320   0.357   0.373   0.373   0.436   0.436   0.481   0.485
  0.485   0.493   0.532   0.532   0.624   0.638   0.638   0.650
  0.678   0.724   0.725   0.738   0.780   0.780   0.784   0.827
  0.827   0.894   0.922   0.934   0.934   0.981   0.981   1.048
  1.062   1.062   1.097   1.111   1.155   1.229   1.229   1.287
  1.287   1.328   1.370   1.370   1.436   1.436   1.491   1.534
  1.560   1.560   1.568   1.578   1.579   1.665   1.665   1.736
  1.736   1.745   1.794   1.794   1.837   1.886   2.382   2.426
  2.434   2.434   2.495   2.496   2.607   2.785   2.785   2.888
  3.103   3.103   3.225   3.251   3.381   3.390   3.390   3.506
  3.507   3.605   3.605   3.652   3.822   3.822   3.938   3.940
  3.964   4.066   4.067   4.179   4.210   4.210   4.336   4.337
  4.337   4.383   4.405   4.405   4.518   4.518   4.522   4.646
  4.660   4.660   4.721   4.772   4.917   4.918   5.334   5.952
  5.952   6.506  11.647  11.647  11.985  17.775  17.856  17.957
 18.037  18.092  22.387  22.402  22.410  22.410  22.417  22.418
 22.444  24.345  28.041  28.298  28.299  41.177  41.192  41.406
 41.448  41.493 141.315
 --------------------------------------------------------------
 
          Ground-State Mulliken Net Atomic Charges

     Atom                 Charge (a.u.)    Spin (a.u.)
  --------------------------------------------------------
      1 C                     2.711967      -2.952853
      2 Si                    0.737178      -0.515689
      3 H                    -1.206902       1.306688
      4 H                    -1.222316       1.322684
      5 H                    -1.190335       1.289592
      6 H                    -0.276479       0.183248
      7 H                    -0.276971       0.184077
      8 H                    -0.276141       0.182252
  --------------------------------------------------------
  Sum of atomic charges =    -1.000000
  Sum of spin   charges =     1.000000

 -----------------------------------------------------------------
                    Cartesian Multipole Moments
 -----------------------------------------------------------------
    Charge (ESU x 10^10)
                -4.8032
    Dipole Moment (Debye)
         X      -0.0006      Y       0.1299      Z       2.0481
       Tot       2.0522
    Quadrupole Moments (Debye-Ang)
        XX     -49.5948     XY      -0.0875     YY     -49.5929
        XZ      -0.0049     YZ      -0.0525     ZZ     -48.1469
    Octapole Moments (Debye-Ang^2)
       XXX      -1.3519    XXY       0.5124    XYY       1.3495
       YYY       1.5373    XXZ     -19.9727    XYZ       0.0426
       YYZ     -19.9658    XZZ       0.0151    YZZ       0.4800
       ZZZ     -71.2994
    Hexadecapole Moments (Debye-Ang^3)
      XXXX    -376.3196   XXXY      -0.6876   XXYY    -125.4295
      XYYY      -0.7703   YYYY    -376.2887   XXXZ       7.4860
      XXYZ      -0.0705   XYYZ      -7.4796   YYYZ      -0.2115
      XXZZ    -181.6382   XYZZ      -0.2252   YYZZ    -181.6289
      XZZZ       0.0257   YZZZ      -0.1967   ZZZZ    -672.9004
 -----------------------------------------------------------------
 Total job time:  93.99s(wall), 92.65s(cpu) 
 Fri Mar 21 22:39:35 2014

        *************************************************************
        *                                                           *
        *  Thank you very much for using Q-Chem.  Have a nice day.  *
        *                                                           *
        *************************************************************


0 sent ACK to 0 
now end server 0 ... 
 
**********************************************************************
Job 2 of 3 
**********************************************************************
 
Process 0 of 1 is on cl135 - thread support 1
initial socket setup ...start
initial socket setup ...done 
now start server 0 ... 

cmd = /usr/bin/ssh clhead /usr/local/qchem/bin/get_hostid 747603786 > /tmp/1602255.1.medium.q/qchem23167/lic.dat

cmd = /usr/bin/ssh clhead /usr/local/qchem/bin/get_hostid 747603786 > /tmp/1602255.1.medium.q/qchem23167/lic.dat

cmd = /usr/bin/ssh clhead /usr/local/qchem/bin/get_hostid 747603786 > /tmp/1602255.1.medium.q/qchem23167/lic.dat

cmd = /usr/bin/ssh clhead /usr/local/qchem/bin/get_hostid 747603786 > /tmp/1602255.1.medium.q/qchem23167/lic.dat

cmd = /usr/bin/ssh clhead /usr/local/qchem/bin/get_hostid 747603786 > /tmp/1602255.1.medium.q/qchem23167/lic.dat
                  Welcome to Q-Chem
     A Quantum Leap Into The Future Of Chemistry

 Y. Shao, L. Fusti-Molnar, Y. Jung, J. Kussmann, C. Ochsenfeld,
 S. T. Brown, A. T. B. Gilbert, L. V. Slipchenko,S. V. Levchenko,
 D. P. O'Neill, R. A. DiStasio Jr., R. C. Lochan, T. Wang,
 G. J. O. Beran, N. A. Besley, J. M. Herbert, C. Y. Lin,
 T. Van Voorhis, S. H. Chien, A. Sodt, R. P. Steele, 
 V. A. Rassolov, P. E. Maslen, P. P. Korambath, R. D. Adamson,
 B. Austin, J. Baker, E. F. C. Byrd, H. Dachsel, R. J. Doerksen,
 A. Dreuw, B. D. Dunietz, A. D. Dutoi, T. R. Furlani,
 S. R. Gwaltney, A. Heyden, S. Hirata, C.-P. Hsu, G. Kedziora,
 R. Z. Khaliullin, P. Klunzinger, A. M. Lee, M. S. Lee, W. Liang,
 I. Lotan, N. Nair, B. Peters, E. I. Proynov, P. A. Pieniazek, 
 Y. M. Rhee, J. Ritchie, E. Rosta, C. D. Sherrill, 
 A. C. Simmonett, J. E. Subotnik, H. L. Woodcock III,
 W. Zhang, A. T. Bell, A. K. Chakraborty, D. M. Chipman,
 F. J. Keil, A. Warshel, W. J. Hehre, H. F. Schaefer III,
 J. Kong, A. I. Krylov, P. M. W. Gill, M. Head-Gordon,
 Q-Chem, Version 3.1, Q-Chem, Inc., Pittsburgh, PA (2007).

 Additional authors for Version 3.1: 
 Z. Gan, Y. Zhao, N. E. Schultz, D. Truhlar, E. Epifanovsky and M. Oana.

 Additional authors for Version 3.2: 
 R. Baer, B. R. Brooks, D. Casanova, J.-D. Chai, C.-L. Cheng, 
 C. Cramer, D. Crittenden, A. Ghysels, G. Hawkins, E. G. Hohenstein, 
 C. Kelley, W. Kurlancheek, D. Liotard, E. Livshits, P. Manohar, 
 A. Marenich, D. Neuhauser, R. Olson, M. A. Rohrdanz, K. S. Thanthiriwatte, 
 A. J. W. Thom, V. Vanovschi, C. F. Williams, Q. Wu and Z.-Q. You. 


 Intel X86 Linux Version

 Q-chem begins on Fri Mar 21 22:39:39 2014  

 Parallel job on  1  processors
Processing $rem in /usr/local/qchem/config/preferences.

theFileMan(): MAXOPENFILES=974 MAX_SUB_FILE_NUM=16
Maximum size of a physical file is 2.0 GB, maximum size of a tmp-file is 32.0 GB


--------------------------------------------------------------
User input:
--------------------------------------------------------------

$molecule
0,1
C         -0.00013        0.00000        0.01487
Si        -0.00043        0.00000        1.87462
H          1.01782        0.00000       -0.37208
H         -0.50853       -0.88134       -0.37324
H         -0.50853        0.88134       -0.37324
H         -1.38712        0.00000        2.39962
H          0.69345       -1.20137        2.39767
H          0.69345        1.20137        2.39767
$end

$comment
neutral
$end

$xc_functional
C PBE   1.00
X wPBE  1.00
$end


$rem
SYMMETRY_DECOMPOSITION	0
LRC_DFT                 true
exchange 		general
BASIS                   g3large
omega			500
mem_static              760
max_scf_cycles          200
scf_final_print         1
sym_ignore              true
$end

--------------------------------------------------------------
 Writing REM_CC_EA            8
 ----------------------------------------------------
       Standard Nuclear Orientation (Angstroms)
    I     Atom         X            Y            Z
 ----------------------------------------------------
    1      C      -0.000130     0.000000     0.014870
    2      Si     -0.000430     0.000000     1.874620
    3      H       1.017820     0.000000    -0.372080
    4      H      -0.508530    -0.881340    -0.373240
    5      H      -0.508530     0.881340    -0.373240
    6      H      -1.387120     0.000000     2.399620
    7      H       0.693450    -1.201370     2.397670
    8      H       0.693450     1.201370     2.397670
 ----------------------------------------------------
 Nuclear Repulsion Energy =    63.1402175305 hartrees
 There are       13 alpha and       13 beta electrons
 Requested basis set is G3large
 There are 65 shells and 168 basis functions

Total QAlloc Memory Limit   2000 MB
Mega-Array Size       743 MB
MEM_STATIC part       760 MB

                       Distance Matrix (Angstroms)
             C (  1)   Si(  2)   H (  3)   H (  4)   H (  5)   H (  6)
   Si(  2)  1.859750
   H (  3)  1.089014  2.466677
   H (  4)  1.088972  2.467347  1.762528
   H (  5)  1.088972  2.467347  1.762528  1.762680
   H (  6)  2.758763  1.482745  3.669613  3.039315  3.039315
   H (  7)  2.757187  1.482680  3.036449  3.037288  3.668839  2.402512
   H (  8)  2.757187  1.482680  3.036449  3.668839  3.037288  2.402512
             H (  7)
   H (  8)  2.402740
 
 A cutoff of  1.0D-08 yielded   2044 shell pairs
 There are  13820 function pairs ( 17231 Cartesian)
Evaluating contribution to one-electron hamiltonian from nuclear
 Smallest overlap matrix eigenvalue = 1.35E-04
 Multipole matrices computed through 2nd order

  Scale SEOQF with 1.000000e-01/1.000000e-01/1.000000e-01

 Standard Electronic Orientation quadrupole field applied
 Nucleus-field energy     =    -0.0000000067 hartrees
 Guess from superposition of atomic densities
 Warning:  Energy on first SCF cycle will be non-variational
 Long-range K will be added via erf
 Coulomb attenuation parameter = 0.5 bohr**(-1)
 A restricted Kohn-Sham SCF calculation will be
 performed using Pulay DIIS extrapolation
 Exchange:  wPBE + LR-HF      Correlation:  PBE
 Using SG-1 standard quadrature grid
 SCF converges when DIIS error is below 1.0E-05
 Requested basis set is G3large
 There are 65 shells and 168 basis functions
 A cutoff of  1.0D-08 yielded   2044 shell pairs
 There are  13820 function pairs ( 17231 Cartesian)
 ---------------------------------------
  Cycle       Energy         DIIS Error
 ---------------------------------------
    1    -331.3019518198      2.79E-02
    2    -331.0885019515      2.62E-03
    3    -331.1159994012      1.24E-03
    4    -331.1214019544      2.97E-04
    5    -331.1218622530      5.37E-05
    6    -331.1218830652      1.40E-05
    7    -331.1218848752      2.89E-06 Convergence criterion met
 ---------------------------------------
 One-Electron    Energy =  -581.4780735969
 Total Coulomb   Energy =   215.7056096543
 Alpha Exchange  Energy =    -3.1210666649
 Beta  Exchange  Energy =    -3.1210666649
 DFT   Exchange  Energy =   -21.3680968925
 DFT Correlation Energy =    -0.8794082343
 Nuclear Repu.   Energy =    63.1402175238
 Nuclear Attr.   Energy =  -911.7865253289
 Kinetic         Energy =   330.3084517320
 SCF time:  CPU 56.90 s  wall 57.83 s
 Final Alpha MO Eigenvalues
            1           2           3           4           5           6
    1 -65.6610524 -10.1405717  -5.3239739  -3.7191056  -3.7190948  -3.7184585
            7           8           9          10          11          12
    1  -0.8897887  -0.6848003  -0.5579188  -0.5578813  -0.4645841  -0.4645789
           13          14          15          16          17          18
    1  -0.4595983   0.0393239   0.0621529   0.0681956   0.0682082   0.0870449
 Analysis of SCF Wavefunction
 
 --------------------------------------------------------------
                    Orbital Energies (a.u.)
 --------------------------------------------------------------
 
 Alpha MOs
 -- Occupied --
-65.661 -10.141  -5.324  -3.719  -3.719  -3.718  -0.890  -0.685
 -0.558  -0.558  -0.465  -0.465  -0.460
 -- Virtual --
  0.039   0.062   0.068   0.068   0.087   0.096   0.096   0.104
  0.104   0.158   0.158   0.159   0.163   0.191   0.191   0.192
  0.208   0.243   0.244   0.244   0.308   0.308   0.363   0.369
  0.369   0.373   0.417   0.417   0.506   0.510   0.510   0.525
  0.552   0.597   0.597   0.616   0.650   0.650   0.657   0.694
  0.695   0.762   0.794   0.807   0.807   0.856   0.856   0.922
  0.940   0.940   0.963   0.968   1.027   1.095   1.095   1.158
  1.158   1.198   1.226   1.226   1.314   1.314   1.352   1.400
  1.425   1.425   1.444   1.450   1.450   1.525   1.525   1.598
  1.598   1.610   1.670   1.670   1.705   1.748   2.256   2.297
  2.302   2.302   2.366   2.366   2.481   2.642   2.643   2.745
  2.978   2.978   3.079   3.109   3.249   3.249   3.257   3.362
  3.362   3.463   3.463   3.515   3.680   3.680   3.805   3.806
  3.819   3.940   3.941   4.034   4.070   4.070   4.212   4.214
  4.214   4.259   4.276   4.276   4.376   4.376   4.395   4.501
  4.516   4.517   4.576   4.644   4.789   4.790   5.189   5.806
  5.806   6.377  11.520  11.520  11.857  17.648  17.729  17.829
 17.909  17.964  22.260  22.274  22.282  22.282  22.289  22.290
 22.316  24.199  27.896  28.153  28.153  41.032  41.047  41.260
 41.302  41.348 141.187
 --------------------------------------------------------------
 
          Ground-State Mulliken Net Atomic Charges

     Atom                 Charge (a.u.)
  ----------------------------------------
      1 C                    -0.291863
      2 Si                    0.211508
      3 H                     0.098135
      4 H                     0.098116
      5 H                     0.098048
      6 H                    -0.071235
      7 H                    -0.071336
      8 H                    -0.071373
  ----------------------------------------
  Sum of atomic charges =     0.000000

 -----------------------------------------------------------------
                    Cartesian Multipole Moments
 -----------------------------------------------------------------
    Charge (ESU x 10^10)
                 0.0000
    Dipole Moment (Debye)
         X      -0.0011      Y       0.0000      Z      -0.8023
       Tot       0.8023
    Quadrupole Moments (Debye-Ang)
        XX     -22.7657     XY       0.0000     YY     -22.7663
        XZ      -0.0022     YZ      -0.0001     ZZ     -24.9820
    Octapole Moments (Debye-Ang^2)
       XXX       1.6700    XXY      -0.0001    XYY      -1.6514
       YYY      -0.0003    XXZ     -31.4431    XYZ      -0.0003
       YYZ     -31.4466    XZZ       0.0006    YZZ      -0.0003
       ZZZ     -92.3505
    Hexadecapole Moments (Debye-Ang^3)
      XXXX     -55.2594   XXXY       0.0000   XXYY     -18.4209
      XYYY      -0.0001   YYYY     -55.2672   XXXZ       1.2173
      XXYZ      -0.0002   XYYZ      -1.1758   YYYZ      -0.0005
      XXZZ     -80.1712   XYZZ      -0.0008   YYZZ     -80.1765
      XZZZ       0.0319   YZZZ      -0.0010   ZZZZ    -404.7475
 -----------------------------------------------------------------
 Total job time:  58.02s(wall), 57.07s(cpu) 
 Fri Mar 21 22:40:37 2014

        *************************************************************
        *                                                           *
        *  Thank you very much for using Q-Chem.  Have a nice day.  *
        *                                                           *
        *************************************************************


0 sent ACK to 0 
now end server 0 ... 
 
**********************************************************************
Job 3 of 3 
**********************************************************************
 
Process 0 of 1 is on cl135 - thread support 1
initial socket setup ...start
initial socket setup ...done 
now start server 0 ... 

cmd = /usr/bin/ssh clhead /usr/local/qchem/bin/get_hostid 141055412 > /tmp/1602255.1.medium.q/qchem23167/lic.dat

cmd = /usr/bin/ssh clhead /usr/local/qchem/bin/get_hostid 141055412 > /tmp/1602255.1.medium.q/qchem23167/lic.dat

cmd = /usr/bin/ssh clhead /usr/local/qchem/bin/get_hostid 141055412 > /tmp/1602255.1.medium.q/qchem23167/lic.dat

cmd = /usr/bin/ssh clhead /usr/local/qchem/bin/get_hostid 141055412 > /tmp/1602255.1.medium.q/qchem23167/lic.dat

cmd = /usr/bin/ssh clhead /usr/local/qchem/bin/get_hostid 141055412 > /tmp/1602255.1.medium.q/qchem23167/lic.dat
                  Welcome to Q-Chem
     A Quantum Leap Into The Future Of Chemistry

 Y. Shao, L. Fusti-Molnar, Y. Jung, J. Kussmann, C. Ochsenfeld,
 S. T. Brown, A. T. B. Gilbert, L. V. Slipchenko,S. V. Levchenko,
 D. P. O'Neill, R. A. DiStasio Jr., R. C. Lochan, T. Wang,
 G. J. O. Beran, N. A. Besley, J. M. Herbert, C. Y. Lin,
 T. Van Voorhis, S. H. Chien, A. Sodt, R. P. Steele, 
 V. A. Rassolov, P. E. Maslen, P. P. Korambath, R. D. Adamson,
 B. Austin, J. Baker, E. F. C. Byrd, H. Dachsel, R. J. Doerksen,
 A. Dreuw, B. D. Dunietz, A. D. Dutoi, T. R. Furlani,
 S. R. Gwaltney, A. Heyden, S. Hirata, C.-P. Hsu, G. Kedziora,
 R. Z. Khaliullin, P. Klunzinger, A. M. Lee, M. S. Lee, W. Liang,
 I. Lotan, N. Nair, B. Peters, E. I. Proynov, P. A. Pieniazek, 
 Y. M. Rhee, J. Ritchie, E. Rosta, C. D. Sherrill, 
 A. C. Simmonett, J. E. Subotnik, H. L. Woodcock III,
 W. Zhang, A. T. Bell, A. K. Chakraborty, D. M. Chipman,
 F. J. Keil, A. Warshel, W. J. Hehre, H. F. Schaefer III,
 J. Kong, A. I. Krylov, P. M. W. Gill, M. Head-Gordon,
 Q-Chem, Version 3.1, Q-Chem, Inc., Pittsburgh, PA (2007).

 Additional authors for Version 3.1: 
 Z. Gan, Y. Zhao, N. E. Schultz, D. Truhlar, E. Epifanovsky and M. Oana.

 Additional authors for Version 3.2: 
 R. Baer, B. R. Brooks, D. Casanova, J.-D. Chai, C.-L. Cheng, 
 C. Cramer, D. Crittenden, A. Ghysels, G. Hawkins, E. G. Hohenstein, 
 C. Kelley, W. Kurlancheek, D. Liotard, E. Livshits, P. Manohar, 
 A. Marenich, D. Neuhauser, R. Olson, M. A. Rohrdanz, K. S. Thanthiriwatte, 
 A. J. W. Thom, V. Vanovschi, C. F. Williams, Q. Wu and Z.-Q. You. 


 Intel X86 Linux Version

 Q-chem begins on Fri Mar 21 22:40:44 2014  

 Parallel job on  1  processors
Processing $rem in /usr/local/qchem/config/preferences.

theFileMan(): MAXOPENFILES=974 MAX_SUB_FILE_NUM=16
Maximum size of a physical file is 2.0 GB, maximum size of a tmp-file is 32.0 GB


--------------------------------------------------------------
User input:
--------------------------------------------------------------

$molecule
1,2
C         -0.00013        0.00000        0.01487
Si        -0.00043        0.00000        1.87462
H          1.01782        0.00000       -0.37208
H         -0.50853       -0.88134       -0.37324
H         -0.50853        0.88134       -0.37324
H         -1.38712        0.00000        2.39962
H          0.69345       -1.20137        2.39767
H          0.69345        1.20137        2.39767
$end

$comment
positive
$end

$xc_functional
C PBE   1.00
X wPBE  1.00
$end

$rem
SYMMETRY_DECOMPOSITION	0
LRC_DFT                 true
exchange 		general
BASIS                   g3large
omega			500
mem_static              760
max_scf_cycles          200
scf_final_print         1
sym_ignore              true
$end

--------------------------------------------------------------
 Writing REM_CC_EA            8
 ----------------------------------------------------
       Standard Nuclear Orientation (Angstroms)
    I     Atom         X            Y            Z
 ----------------------------------------------------
    1      C      -0.000130     0.000000     0.014870
    2      Si     -0.000430     0.000000     1.874620
    3      H       1.017820     0.000000    -0.372080
    4      H      -0.508530    -0.881340    -0.373240
    5      H      -0.508530     0.881340    -0.373240
    6      H      -1.387120     0.000000     2.399620
    7      H       0.693450    -1.201370     2.397670
    8      H       0.693450     1.201370     2.397670
 ----------------------------------------------------
 Nuclear Repulsion Energy =    63.1402175305 hartrees
 There are       13 alpha and       12 beta electrons
 Requested basis set is G3large
 There are 65 shells and 168 basis functions

Total QAlloc Memory Limit   2000 MB
Mega-Array Size       743 MB
MEM_STATIC part       760 MB

                       Distance Matrix (Angstroms)
             C (  1)   Si(  2)   H (  3)   H (  4)   H (  5)   H (  6)
   Si(  2)  1.859750
   H (  3)  1.089014  2.466677
   H (  4)  1.088972  2.467347  1.762528
   H (  5)  1.088972  2.467347  1.762528  1.762680
   H (  6)  2.758763  1.482745  3.669613  3.039315  3.039315
   H (  7)  2.757187  1.482680  3.036449  3.037288  3.668839  2.402512
   H (  8)  2.757187  1.482680  3.036449  3.668839  3.037288  2.402512
             H (  7)
   H (  8)  2.402740
 
 A cutoff of  1.0D-08 yielded   2044 shell pairs
 There are  13820 function pairs ( 17231 Cartesian)
Evaluating contribution to one-electron hamiltonian from nuclear
 Smallest overlap matrix eigenvalue = 1.35E-04
 Multipole matrices computed through 2nd order

  Scale SEOQF with 1.000000e-01/1.000000e-01/1.000000e-01

 Standard Electronic Orientation quadrupole field applied
 Nucleus-field energy     =    -0.0000000067 hartrees
 Guess from superposition of atomic densities
 Warning:  Energy on first SCF cycle will be non-variational
 Long-range K will be added via erf
 Coulomb attenuation parameter = 0.5 bohr**(-1)
 An unrestricted Kohn-Sham SCF calculation will be
 performed using Pulay DIIS extrapolation
 Exchange:  wPBE + LR-HF      Correlation:  PBE
 Using SG-1 standard quadrature grid
 SCF converges when DIIS error is below 1.0E-05
 Requested basis set is G3large
 There are 65 shells and 168 basis functions
 A cutoff of  1.0D-08 yielded   2044 shell pairs
 There are  13820 function pairs ( 17231 Cartesian)
 Warning!  Inaccurate integrated density:
   Number of electrons =    25
   Numerical integral  =    25.999985127030
   Relative error      =     3.9999405081 %
 ---------------------------------------
  Cycle       Energy         DIIS Error
 ---------------------------------------
    1    -331.3019518198      2.79E-02
    2    -330.6050208516      3.11E-03
    3    -330.6591888976      1.52E-03
    4    -330.6681865412      4.10E-04
    5    -330.6693137281      8.00E-05
    6    -330.6694953949      3.69E-05
    7    -330.6695669374      2.57E-05
    8    -330.6696306847      2.11E-05
    9    -330.6697048027      2.01E-05
   10    -330.6697441758      2.05E-05
   11    -330.6695385110      1.91E-05
   12    -330.6693036783      2.86E-05
   13    -330.6693022260      2.78E-05
   14    -330.6693222362      2.17E-05
   15    -330.6693310782      1.27E-05
   16    -330.6693437142      1.28E-05
   17    -330.6693380496      1.27E-05
   18    -330.6692703152      1.09E-05
   19    -330.6691791212      1.09E-05
   20    -330.6691275039      1.86E-05
   21    -330.6691310272      7.27E-06 Convergence criterion met
 ---------------------------------------
 One-Electron    Energy =  -574.6347981414
 Total Coulomb   Energy =   208.9722591922
 Alpha Exchange  Energy =    -3.1417249414
 Beta  Exchange  Energy =    -2.8881063893
 DFT   Exchange  Energy =   -21.2716416582
 DFT Correlation Energy =    -0.8453366129
 Nuclear Repu.   Energy =    63.1402175238
 Nuclear Attr.   Energy =  -904.6698426996
 Kinetic         Energy =   330.0350445583
 <S^2> = 0.7754
 SCF time:  CPU 202.92 s  wall 206.69 s
 Final Alpha MO Eigenvalues
            1           2           3           4           5           6
    1 -65.9534088 -10.3559245  -5.6159909  -4.0179786  -4.0084728  -4.0069030
            7           8           9          10          11          12
    1  -1.1115948  -0.9838012  -0.8363129  -0.7776124  -0.7520149  -0.7269358
           13          14          15          16          17          18
    1  -0.6928535  -0.1212844  -0.1029851  -0.1007513  -0.0978368  -0.0703616
 Final Beta MO Eigenvalues
            1           2           3           4           5           6
    1 -65.9527261 -10.3555135  -5.6151733  -4.0142750  -4.0086734  -4.0066856
            7           8           9          10          11          12
    1  -1.1032634  -0.9177298  -0.7681828  -0.7520320  -0.6957704  -0.6852841
           13          14          15          16          17
    1  -0.4384391  -0.1166044  -0.0974137  -0.0897164  -0.0799336
 Analysis of SCF Wavefunction
 
 --------------------------------------------------------------
                    Orbital Energies (a.u.)
 --------------------------------------------------------------
 
 Alpha MOs
 -- Occupied --
-65.953 -10.356  -5.616  -4.018  -4.008  -4.007  -1.112  -0.984
 -0.836  -0.778  -0.752  -0.727  -0.693
 -- Virtual --
 -0.121  -0.103  -0.101  -0.098  -0.070  -0.062  -0.058  -0.031
 -0.027  -0.025  -0.016  -0.009   0.014   0.020   0.021   0.029
  0.051   0.060   0.063   0.066   0.113   0.116   0.160   0.176
  0.182   0.199   0.227   0.232   0.283   0.312   0.315   0.320
  0.327   0.371   0.381   0.402   0.424   0.435   0.457   0.503
  0.504   0.562   0.572   0.582   0.592   0.611   0.619   0.671
  0.689   0.699   0.742   0.759   0.791   0.874   0.881   0.908
  0.933   0.961   1.026   1.030   1.047   1.073   1.130   1.178
  1.189   1.193   1.196   1.217   1.227   1.303   1.314   1.362
  1.379   1.393   1.415   1.436   1.468   1.549   1.960   2.020
  2.029   2.047   2.087   2.093   2.198   2.429   2.433   2.530
  2.628   2.697   2.873   2.893   2.959   3.017   3.026   3.150
  3.154   3.240   3.244   3.271   3.456   3.458   3.543   3.548
  3.605   3.623   3.663   3.806   3.819   3.825   3.850   3.870
  3.911   3.935   4.009   4.023   4.097   4.153   4.158   4.286
  4.291   4.303   4.354   4.367   4.479   4.524   4.980   5.597
  5.601   6.091  11.221  11.233  11.571  17.355  17.436  17.539
 17.617  17.672  21.966  21.982  21.988  21.993  21.998  22.000
 22.025  23.985  27.680  27.937  27.939  40.816  40.832  41.045
 41.086  41.133 140.895
 
 Beta MOs
 -- Occupied --
-65.953 -10.356  -5.615  -4.014  -4.009  -4.007  -1.103  -0.918
 -0.768  -0.752  -0.696  -0.685
 -- Virtual --
 -0.438  -0.117  -0.097  -0.090  -0.080  -0.066  -0.061  -0.055
 -0.025  -0.024  -0.017  -0.013  -0.006   0.015   0.023   0.026
  0.046   0.052   0.065   0.066   0.068   0.117   0.120   0.176
  0.178   0.184   0.201   0.231   0.235   0.302   0.322   0.325
  0.327   0.330   0.383   0.386   0.405   0.438   0.440   0.461
  0.506   0.506   0.565   0.581   0.585   0.596   0.621   0.625
  0.697   0.700   0.707   0.745   0.768   0.802   0.883   0.884
  0.927   0.939   0.976   1.029   1.032   1.068   1.083   1.142
  1.186   1.197   1.201   1.210   1.224   1.228   1.311   1.316
  1.379   1.386   1.395   1.427   1.442   1.469   1.551   1.977
  2.027   2.042   2.047   2.098   2.101   2.212   2.434   2.435
  2.538   2.702   2.729   2.875   2.895   2.998   3.023   3.027
  3.153   3.156   3.244   3.245   3.274   3.458   3.459   3.549
  3.551   3.607   3.659   3.677   3.826   3.845   3.845   3.924
  3.936   3.955   3.989   4.026   4.033   4.130   4.162   4.163
  4.295   4.302   4.307   4.371   4.378   4.515   4.536   4.984
  5.601   5.604   6.097  11.227  11.234  11.571  17.356  17.437
 17.540  17.618  17.674  21.967  21.983  21.989  21.994  21.999
 21.999  22.026  23.985  27.680  27.939  27.939  40.816  40.832
 41.046  41.087  41.133 140.896
 --------------------------------------------------------------
 
          Ground-State Mulliken Net Atomic Charges

     Atom                 Charge (a.u.)    Spin (a.u.)
  --------------------------------------------------------
      1 C                    -0.205504       0.023469
      2 Si                    0.394885       0.099884
      3 H                     0.151801       0.021925
      4 H                     0.153058       0.020795
      5 H                     0.144081       0.004233
      6 H                     0.133151       0.333290
      7 H                     0.056720       0.028286
      8 H                     0.171807       0.468119
  --------------------------------------------------------
  Sum of atomic charges =     1.000000
  Sum of spin   charges =     1.000000

 -----------------------------------------------------------------
                    Cartesian Multipole Moments
 -----------------------------------------------------------------
    Charge (ESU x 10^10)
                 4.8032
    Dipole Moment (Debye)
         X      -0.2014      Y       1.0550      Z       7.8922
       Tot       7.9650
    Quadrupole Moments (Debye-Ang)
        XX     -15.8149     XY       1.6404     YY     -16.2995
        XZ      -0.6856     YZ       2.7445     ZZ      -0.7146
    Octapole Moments (Debye-Ang^2)
       XXX      -1.2866    XXY       0.7490    XYY       0.6907
       YYY       2.2423    XXZ     -17.7638    XYZ       3.6140
       YYZ     -18.8432    XZZ      -1.7538    YZZ       6.5202
       ZZZ     -30.8631
    Hexadecapole Moments (Debye-Ang^3)
      XXXX     -34.0804   XXXY       2.1817   XXYY     -11.6599
      XYYY       2.5860   YYYY     -35.5848   XXXZ      -6.7347
      XXYZ       1.8830   XYYZ       4.9815   YYYZ       5.6413
      XXZZ     -43.4815   XYZZ       8.8920   YYZZ     -46.2546
      XZZZ      -4.9201   YZZZ      16.6007   ZZZZ    -228.5240
 -----------------------------------------------------------------
 Total job time:  206.90s(wall), 203.09s(cpu) 
 Fri Mar 21 22:44:11 2014

        *************************************************************
        *                                                           *
        *  Thank you very much for using Q-Chem.  Have a nice day.  *
        *                                                           *
        *************************************************************


0 sent ACK to 0 
now end server 0 ... 
