Process 0 of 1 is on cl134 - thread support 1
initial socket setup ...start
initial socket setup ...done 
now start server 0 ... 

cmd = /usr/bin/ssh clhead /usr/local/qchem/bin/get_hostid 918282732 > /tmp/1591944.1.medium.q/qchem3647/lic.dat

cmd = /usr/bin/ssh clhead /usr/local/qchem/bin/get_hostid 918282732 > /tmp/1591944.1.medium.q/qchem3647/lic.dat

cmd = /usr/bin/ssh clhead /usr/local/qchem/bin/get_hostid 918282732 > /tmp/1591944.1.medium.q/qchem3647/lic.dat

cmd = /usr/bin/ssh clhead /usr/local/qchem/bin/get_hostid 918282732 > /tmp/1591944.1.medium.q/qchem3647/lic.dat

cmd = /usr/bin/ssh clhead /usr/local/qchem/bin/get_hostid 918282732 > /tmp/1591944.1.medium.q/qchem3647/lic.dat
                  Welcome to Q-Chem
     A Quantum Leap Into The Future Of Chemistry

 Y. Shao, L. Fusti-Molnar, Y. Jung, J. Kussmann, C. Ochsenfeld,
 S. T. Brown, A. T. B. Gilbert, L. V. Slipchenko,S. V. Levchenko,
 D. P. O'Neill, R. A. DiStasio Jr., R. C. Lochan, T. Wang,
 G. J. O. Beran, N. A. Besley, J. M. Herbert, C. Y. Lin,
 T. Van Voorhis, S. H. Chien, A. Sodt, R. P. Steele, 
 V. A. Rassolov, P. E. Maslen, P. P. Korambath, R. D. Adamson,
 B. Austin, J. Baker, E. F. C. Byrd, H. Dachsel, R. J. Doerksen,
 A. Dreuw, B. D. Dunietz, A. D. Dutoi, T. R. Furlani,
 S. R. Gwaltney, A. Heyden, S. Hirata, C.-P. Hsu, G. Kedziora,
 R. Z. Khaliullin, P. Klunzinger, A. M. Lee, M. S. Lee, W. Liang,
 I. Lotan, N. Nair, B. Peters, E. I. Proynov, P. A. Pieniazek, 
 Y. M. Rhee, J. Ritchie, E. Rosta, C. D. Sherrill, 
 A. C. Simmonett, J. E. Subotnik, H. L. Woodcock III,
 W. Zhang, A. T. Bell, A. K. Chakraborty, D. M. Chipman,
 F. J. Keil, A. Warshel, W. J. Hehre, H. F. Schaefer III,
 J. Kong, A. I. Krylov, P. M. W. Gill, M. Head-Gordon,
 Q-Chem, Version 3.1, Q-Chem, Inc., Pittsburgh, PA (2007).

 Additional authors for Version 3.1: 
 Z. Gan, Y. Zhao, N. E. Schultz, D. Truhlar, E. Epifanovsky and M. Oana.

 Additional authors for Version 3.2: 
 R. Baer, B. R. Brooks, D. Casanova, J.-D. Chai, C.-L. Cheng, 
 C. Cramer, D. Crittenden, A. Ghysels, G. Hawkins, E. G. Hohenstein, 
 C. Kelley, W. Kurlancheek, D. Liotard, E. Livshits, P. Manohar, 
 A. Marenich, D. Neuhauser, R. Olson, M. A. Rohrdanz, K. S. Thanthiriwatte, 
 A. J. W. Thom, V. Vanovschi, C. F. Williams, Q. Wu and Z.-Q. You. 


 Intel X86 Linux Version

 Q-chem begins on Tue Mar 18 15:07:40 2014  

 Parallel job on  1  processors
Processing $rem in /usr/local/qchem/config/preferences.

theFileMan(): MAXOPENFILES=974 MAX_SUB_FILE_NUM=16
Maximum size of a physical file is 2.0 GB, maximum size of a tmp-file is 32.0 GB


--------------------------------------------------------------
User input:
--------------------------------------------------------------

$molecule
-1,2
C         -0.00006        0.00015        0.99980
C          1.26532        0.76004        0.98857
C          1.26516       -0.76001        0.98799
C         -1.27231       -0.00021        0.25137
C         -1.25820        0.00027        1.77153
H          1.57504        1.26150        1.90176
H          1.55860        1.26345        0.07108
H          1.57486       -1.26190        1.90095
H          1.55826       -1.26313        0.07027
H         -1.57794       -0.91602       -0.24774
H         -1.57802        0.91521       -0.24839
H         -1.55535       -0.91513        2.27650
H         -1.55537        0.91578        2.27629
$end

$comment
negative
$end

$xc_functional
C PBE   1.00
X wPBE  1.00
$end

$rem
SYMMETRY_DECOMPOSITION	0
exchange 		general
LRC_DFT                 true
BASIS                   g3large
omega			400
mem_static              760
max_scf_cycles          200
scf_final_print         1
sym_ignore              true
$end

--------------------------------------------------------------
 Writing REM_CC_EA           13
 ----------------------------------------------------
       Standard Nuclear Orientation (Angstroms)
    I     Atom         X            Y            Z
 ----------------------------------------------------
    1      C      -0.000060     0.000150     0.999800
    2      C       1.265320     0.760040     0.988570
    3      C       1.265160    -0.760010     0.987990
    4      C      -1.272310    -0.000210     0.251370
    5      C      -1.258200     0.000270     1.771530
    6      H       1.575040     1.261500     1.901760
    7      H       1.558600     1.263450     0.071080
    8      H       1.574860    -1.261900     1.900950
    9      H       1.558260    -1.263130     0.070270
   10      H      -1.577940    -0.916020    -0.247740
   11      H      -1.578020     0.915210    -0.248390
   12      H      -1.555350    -0.915130     2.276500
   13      H      -1.555370     0.915780     2.276290
 ----------------------------------------------------
 Nuclear Repulsion Energy =   170.9200549349 hartrees
 There are       20 alpha and       19 beta electrons
 Requested basis set is G3large
 There are 98 shells and 290 basis functions

Total QAlloc Memory Limit   2000 MB
Mega-Array Size       743 MB
MEM_STATIC part       760 MB

                       Distance Matrix (Angstroms)
             C (  1)   C (  2)   C (  3)   C (  4)   C (  5)   H (  6)
   C (  2)  1.476057
   C (  3)  1.476064  1.520050
   C (  4)  1.476065  2.749729  2.749302
   C (  5)  1.475969  2.749260  2.749419  1.520226
   H (  6)  2.210311  1.086878  2.239979  3.524642  3.104015
   H (  7)  2.210852  1.086841  2.240808  3.105381  3.524417  1.830755
   H (  8)  2.210252  2.239753  1.086878  3.524110  3.104199  2.523400
   H (  9)  2.210942  2.241050  1.086852  3.104817  3.524615  3.119037
   H ( 10)  2.210301  3.524453  3.103963  1.086843  2.240373  4.393544
   H ( 11)  2.210265  3.104630  3.524013  1.086836  2.240419  3.832082
   H ( 12)  2.210572  3.524363  3.104770  2.240166  1.086853  3.831121
   H ( 13)  2.210609  3.104637  3.524681  2.240416  1.086854  3.171634
             H (  7)   H (  8)   H (  9)   H ( 10)   H ( 11)   H ( 12)
   H (  8)  3.118667
   H (  9)  2.526580  1.830756
   H ( 10)  3.832704  3.831012  3.171335
   H ( 11)  3.172021  4.393190  3.831835  1.831230
   H ( 12)  4.393947  3.171672  3.831856  2.524341  3.118610
   H ( 13)  3.831532  3.831646  4.394185  3.118770  2.524782  1.830910

 
 A cutoff of  1.0D-08 yielded   4435 shell pairs
 There are  39245 function pairs ( 48051 Cartesian)
Evaluating contribution to one-electron hamiltonian from nuclear
 Smallest overlap matrix eigenvalue = 2.59E-05

 Q-Chem warning in module mkSTV.C, line 194:

 Overlap eigenvalue is smaller than square root of threshold

 Multipole matrices computed through 2nd order

  Scale SEOQF with 1.000000e-01/1.000000e-01/1.000000e-01

 Standard Electronic Orientation quadrupole field applied
 Nucleus-field energy     =    -0.0000000026 hartrees
 Guess from superposition of atomic densities
 Warning:  Energy on first SCF cycle will be non-variational
 Long-range K will be added via erf
 Coulomb attenuation parameter = 0.4 bohr**(-1)
 An unrestricted Kohn-Sham SCF calculation will be
 performed using Pulay DIIS extrapolation
 Exchange:  wPBE + LR-HF      Correlation:  PBE
 Using SG-1 standard quadrature grid
 SCF converges when DIIS error is below 1.0E-05
 Requested basis set is G3large
 There are 98 shells and 290 basis functions
 A cutoff of  1.0D-08 yielded   4435 shell pairs
 There are  39245 function pairs ( 48051 Cartesian)
 Warning!  Inaccurate integrated density:
   Number of electrons =    39
   Numerical integral  =    37.999764099938
   Relative error      =    -2.5647074361 %
 ---------------------------------------
  Cycle       Energy         DIIS Error
 ---------------------------------------
    1    -197.2233230024      2.91E-02
    2    -195.0160018176      2.86E-03
    3    -195.1054469414      2.20E-03
    4    -195.1563807008      2.97E-04
    5    -195.1601115062      1.50E-04
    6    -195.1609580889      4.99E-05
    7    -195.1612228396      2.00E-05
    8    -195.1613295733      1.26E-05
    9    -195.1613977033      9.51E-06 Convergence criterion met
 ---------------------------------------
 One-Electron    Energy =  -604.2674039003
 Total Coulomb   Energy =   268.3032841499
 Alpha Exchange  Energy =    -3.8148715316
 Beta  Exchange  Energy =    -3.7546631059
 DFT   Exchange  Energy =   -21.2945718329
 DFT Correlation Energy =    -1.2532264149
 Nuclear Repu.   Energy =   170.9200549324
 Nuclear Attr.   Energy =  -798.4827395532
 Kinetic         Energy =   194.2153356529
 <S^2> = 0.7501
 SCF time:  CPU 416.47 s  wall 418.64 s
 Final Alpha MO Eigenvalues
            1           2           3           4           5           6
    1  -9.9943330  -9.9853614  -9.9790174  -9.9780484  -9.9776844  -0.9134175
            7           8           9          10          11          12
    1  -0.8246930  -0.6238859  -0.6197962  -0.5552419  -0.4916963  -0.4821872
           13          14          15          16          17          18
    1  -0.4779937  -0.3674540  -0.3521389  -0.3512555  -0.2805514  -0.2791729
           19          20          21          22          23          24
    1  -0.2671724   0.0342939   0.1282916   0.1285010   0.1303837   0.1586826
           25
    1   0.1588853
 Final Beta MO Eigenvalues
            1           2           3           4           5           6
    1  -9.9943487  -9.9852659  -9.9787791  -9.9778243  -9.9774517  -0.9133059
            7           8           9          10          11          12
    1  -0.8244740  -0.6231630  -0.6188901  -0.5544306  -0.4910326  -0.4819502
           13          14          15          16          17          18
    1  -0.4774467  -0.3672010  -0.3515476  -0.3510138  -0.2803116  -0.2789769
           19          20          21          22          23          24
    1  -0.2666446   0.1261002   0.1393825   0.1413458   0.1453243   0.1600555
 Analysis of SCF Wavefunction
 
 --------------------------------------------------------------
                    Orbital Energies (a.u.)
 --------------------------------------------------------------
 
 Alpha MOs
 -- Occupied --
 -9.994  -9.985  -9.979  -9.978  -9.978  -0.913  -0.825  -0.624
 -0.620  -0.555  -0.492  -0.482  -0.478  -0.367  -0.352  -0.351
 -0.281  -0.279  -0.267   0.034
 -- Virtual --
  0.128   0.129   0.130   0.159   0.159   0.163   0.180   0.191
  0.220   0.246   0.249   0.255   0.264   0.267   0.267   0.285
  0.288   0.293   0.304   0.315   0.316   0.325   0.337   0.339
  0.344   0.345   0.361   0.362   0.377   0.422   0.429   0.430
  0.456   0.474   0.481   0.486   0.518   0.545   0.546   0.556
  0.564   0.617   0.667   0.683   0.685   0.689   0.714   0.718
  0.751   0.774   0.775   0.793   0.806   0.813   0.823   0.824
  0.842   0.842   0.855   0.869   0.875   0.878   0.880   0.900
  0.933   0.989   1.028   1.028   1.036   1.053   1.081   1.107
  1.135   1.140   1.141   1.213   1.265   1.267   1.293   1.320
  1.338   1.339   1.351   1.367   1.370   1.401   1.416   1.417
  1.475   1.478   1.530   1.536   1.539   1.565   1.585   1.588
  1.607   1.614   1.636   1.644   1.649   1.685   1.687   1.705
  1.710   1.733   1.782   1.796   1.799   1.812   1.823   1.827
  1.831   1.888   2.000   2.032   2.033   2.059   2.703   2.706
  2.788   2.825   2.855   2.857   2.880   2.889   2.922   2.923
  2.927   2.980   3.015   3.016   3.064   3.120   3.132   3.134
  3.139   3.169   3.225   3.226   3.242   3.249   3.301   3.303
  3.318   3.319   3.332   3.363   3.368   3.408   3.431   3.463
  3.464   3.485   3.514   3.580   3.580   3.589   3.622   3.624
  3.675   3.677   3.686   3.706   3.736   3.737   3.781   3.781
  3.796   3.837   3.837   3.851   3.925   4.022   4.052   4.101
  4.117   4.119   4.176   4.178   4.205   4.291   4.339   4.341
  4.343   4.346   4.375   4.379   4.467   4.492   4.500   4.502
  4.579   4.584   4.588   4.596   4.598   4.639   4.641   4.730
  4.731   4.760   4.763   4.767   4.800   4.840   4.946   4.963
  5.136   5.139   5.208   5.210   5.329   5.496   5.623   5.683
  5.686   5.726   5.835   5.842   5.845   5.878   5.987   5.990
  6.021  24.279  24.301  24.553  24.557  24.627  27.652  27.712
 27.764  27.766  28.150  28.241  28.268  28.270  28.286  28.311
 28.311  28.325  28.712  28.716  29.152  41.037  41.054  41.075
 41.137  41.145  41.149  41.150  41.189  41.191  41.195  41.303
 41.309  41.309  41.315  41.317  41.328  41.350  41.364  41.410
 41.415  41.421  41.424  41.444  41.514  41.515
 
 Beta MOs
 -- Occupied --
 -9.994  -9.985  -9.979  -9.978  -9.977  -0.913  -0.824  -0.623
 -0.619  -0.554  -0.491  -0.482  -0.477  -0.367  -0.352  -0.351
 -0.280  -0.279  -0.267
 -- Virtual --
  0.126   0.139   0.141   0.145   0.160   0.166   0.168   0.183
  0.189   0.219   0.242   0.244   0.249   0.258   0.261   0.262
  0.284   0.285   0.292   0.301   0.313   0.314   0.321   0.332
  0.335   0.338   0.339   0.357   0.360   0.375   0.418   0.428
  0.429   0.455   0.472   0.479   0.481   0.515   0.542   0.543
  0.553   0.563   0.616   0.665   0.681   0.682   0.686   0.712
  0.716   0.748   0.772   0.774   0.790   0.804   0.811   0.822
  0.824   0.841   0.841   0.853   0.868   0.872   0.875   0.878
  0.900   0.932   0.989   1.028   1.028   1.036   1.054   1.081
  1.106   1.135   1.139   1.141   1.213   1.265   1.267   1.293
  1.320   1.338   1.339   1.351   1.366   1.370   1.400   1.416
  1.417   1.475   1.477   1.530   1.536   1.539   1.565   1.585
  1.588   1.607   1.613   1.636   1.644   1.648   1.684   1.686
  1.705   1.710   1.733   1.782   1.796   1.799   1.812   1.822
  1.827   1.831   1.889   2.000   2.032   2.033   2.059   2.703
  2.706   2.788   2.824   2.855   2.857   2.880   2.889   2.922
  2.923   2.927   2.980   3.015   3.016   3.064   3.120   3.132
  3.134   3.139   3.169   3.225   3.226   3.242   3.250   3.301
  3.303   3.318   3.319   3.332   3.363   3.368   3.408   3.431
  3.464   3.464   3.485   3.514   3.580   3.581   3.589   3.622
  3.624   3.675   3.677   3.687   3.706   3.736   3.737   3.781
  3.782   3.796   3.837   3.837   3.851   3.925   4.022   4.052
  4.101   4.117   4.119   4.176   4.178   4.205   4.291   4.339
  4.341   4.343   4.346   4.376   4.379   4.467   4.492   4.500
  4.502   4.580   4.584   4.588   4.596   4.599   4.639   4.641
  4.730   4.731   4.760   4.763   4.767   4.800   4.840   4.946
  4.963   5.137   5.139   5.208   5.210   5.329   5.496   5.623
  5.684   5.686   5.726   5.835   5.842   5.845   5.878   5.987
  5.991   6.022  24.279  24.301  24.553  24.557  24.627  27.652
 27.712  27.764  27.766  28.150  28.242  28.268  28.270  28.287
 28.311  28.312  28.326  28.712  28.717  29.152  41.037  41.055
 41.075  41.138  41.145  41.149  41.150  41.189  41.191  41.195
 41.303  41.309  41.309  41.315  41.317  41.328  41.350  41.364
 41.410  41.415  41.421  41.424  41.444  41.514  41.515
 --------------------------------------------------------------
 
          Ground-State Mulliken Net Atomic Charges

     Atom                 Charge (a.u.)    Spin (a.u.)
  --------------------------------------------------------
      1 C                    -3.724989       4.286439
      2 C                     3.020697      -3.364761
      3 C                    -0.143542      -0.153669
      4 C                     1.618217      -1.934045
      5 C                     1.449713      -1.764676
      6 H                    -0.540712       0.639912
      7 H                    -0.579526       0.680309
      8 H                    -0.065922       0.139144
      9 H                    -0.080920       0.155648
     10 H                    -0.127394       0.200065
     11 H                    -0.878345       0.988207
     12 H                    -0.109970       0.181369
     13 H                    -0.837306       0.946056
  --------------------------------------------------------
  Sum of atomic charges =    -1.000000
  Sum of spin   charges =     1.000000

 -----------------------------------------------------------------
                    Cartesian Multipole Moments
 -----------------------------------------------------------------
    Charge (ESU x 10^10)
                -4.8032
    Dipole Moment (Debye)
         X       2.1776      Y      -6.8418      Z      -4.5169
       Tot       8.4826
    Quadrupole Moments (Debye-Ang)
        XX     -73.5672     XY       2.9418     YY     -65.5366
        XZ       2.2311     YZ      -6.5685     ZZ     -65.0425
    Octapole Moments (Debye-Ang^2)
       XXX      32.9485    XXY     -42.4960    XYY      14.8059
       YYY     -93.0552    XXZ     -71.7639    XYZ       2.9498
       YYZ     -63.9247    XZZ      12.8107    YZZ     -43.7172
       ZZZ    -182.4803
    Hexadecapole Moments (Debye-Ang^3)
      XXXX   -1062.5894   XXXY      24.0327   XXYY    -291.3223
      XYYY      28.5916   YYYY    -603.7673   XXXZ      33.9793
      XXYZ     -41.0507   XYYZ      15.3636   YYYZ     -90.1375
      XXZZ    -340.4310   XYZZ      16.6859   YYZZ    -263.7458
      XZZZ      35.6127   YZZZ    -115.4766   ZZZZ    -872.2080
 -----------------------------------------------------------------
 Total job time:  419.08s(wall), 416.87s(cpu) 
 Tue Mar 18 15:14:39 2014

        *************************************************************
        *                                                           *
        *  Thank you very much for using Q-Chem.  Have a nice day.  *
        *                                                           *
        *************************************************************


0 sent ACK to 0 
now end server 0 ... 
 
**********************************************************************
Job 2 of 3 
**********************************************************************
 
Process 0 of 1 is on cl134 - thread support 1
initial socket setup ...start
initial socket setup ...done 
now start server 0 ... 

cmd = /usr/bin/ssh clhead /usr/local/qchem/bin/get_hostid 1124022326 > /tmp/1591944.1.medium.q/qchem3647/lic.dat

cmd = /usr/bin/ssh clhead /usr/local/qchem/bin/get_hostid 1124022326 > /tmp/1591944.1.medium.q/qchem3647/lic.dat

cmd = /usr/bin/ssh clhead /usr/local/qchem/bin/get_hostid 1124022326 > /tmp/1591944.1.medium.q/qchem3647/lic.dat

cmd = /usr/bin/ssh clhead /usr/local/qchem/bin/get_hostid 1124022326 > /tmp/1591944.1.medium.q/qchem3647/lic.dat

cmd = /usr/bin/ssh clhead /usr/local/qchem/bin/get_hostid 1124022326 > /tmp/1591944.1.medium.q/qchem3647/lic.dat
                  Welcome to Q-Chem
     A Quantum Leap Into The Future Of Chemistry

 Y. Shao, L. Fusti-Molnar, Y. Jung, J. Kussmann, C. Ochsenfeld,
 S. T. Brown, A. T. B. Gilbert, L. V. Slipchenko,S. V. Levchenko,
 D. P. O'Neill, R. A. DiStasio Jr., R. C. Lochan, T. Wang,
 G. J. O. Beran, N. A. Besley, J. M. Herbert, C. Y. Lin,
 T. Van Voorhis, S. H. Chien, A. Sodt, R. P. Steele, 
 V. A. Rassolov, P. E. Maslen, P. P. Korambath, R. D. Adamson,
 B. Austin, J. Baker, E. F. C. Byrd, H. Dachsel, R. J. Doerksen,
 A. Dreuw, B. D. Dunietz, A. D. Dutoi, T. R. Furlani,
 S. R. Gwaltney, A. Heyden, S. Hirata, C.-P. Hsu, G. Kedziora,
 R. Z. Khaliullin, P. Klunzinger, A. M. Lee, M. S. Lee, W. Liang,
 I. Lotan, N. Nair, B. Peters, E. I. Proynov, P. A. Pieniazek, 
 Y. M. Rhee, J. Ritchie, E. Rosta, C. D. Sherrill, 
 A. C. Simmonett, J. E. Subotnik, H. L. Woodcock III,
 W. Zhang, A. T. Bell, A. K. Chakraborty, D. M. Chipman,
 F. J. Keil, A. Warshel, W. J. Hehre, H. F. Schaefer III,
 J. Kong, A. I. Krylov, P. M. W. Gill, M. Head-Gordon,
 Q-Chem, Version 3.1, Q-Chem, Inc., Pittsburgh, PA (2007).

 Additional authors for Version 3.1: 
 Z. Gan, Y. Zhao, N. E. Schultz, D. Truhlar, E. Epifanovsky and M. Oana.

 Additional authors for Version 3.2: 
 R. Baer, B. R. Brooks, D. Casanova, J.-D. Chai, C.-L. Cheng, 
 C. Cramer, D. Crittenden, A. Ghysels, G. Hawkins, E. G. Hohenstein, 
 C. Kelley, W. Kurlancheek, D. Liotard, E. Livshits, P. Manohar, 
 A. Marenich, D. Neuhauser, R. Olson, M. A. Rohrdanz, K. S. Thanthiriwatte, 
 A. J. W. Thom, V. Vanovschi, C. F. Williams, Q. Wu and Z.-Q. You. 


 Intel X86 Linux Version

 Q-chem begins on Tue Mar 18 15:14:44 2014  

 Parallel job on  1  processors
Processing $rem in /usr/local/qchem/config/preferences.

theFileMan(): MAXOPENFILES=974 MAX_SUB_FILE_NUM=16
Maximum size of a physical file is 2.0 GB, maximum size of a tmp-file is 32.0 GB


--------------------------------------------------------------
User input:
--------------------------------------------------------------

$molecule
0,1
C         -0.00006        0.00015        0.99980
C          1.26532        0.76004        0.98857
C          1.26516       -0.76001        0.98799
C         -1.27231       -0.00021        0.25137
C         -1.25820        0.00027        1.77153
H          1.57504        1.26150        1.90176
H          1.55860        1.26345        0.07108
H          1.57486       -1.26190        1.90095
H          1.55826       -1.26313        0.07027
H         -1.57794       -0.91602       -0.24774
H         -1.57802        0.91521       -0.24839
H         -1.55535       -0.91513        2.27650
H         -1.55537        0.91578        2.27629
$end

$comment
neutral
$end

$xc_functional
C PBE   1.00
X wPBE  1.00
$end


$rem
SYMMETRY_DECOMPOSITION	0
LRC_DFT                 true
exchange 		general
BASIS                   g3large
omega			400
mem_static              760
max_scf_cycles          200
scf_final_print         1
sym_ignore              true
$end

--------------------------------------------------------------
 Writing REM_CC_EA           13
 ----------------------------------------------------
       Standard Nuclear Orientation (Angstroms)
    I     Atom         X            Y            Z
 ----------------------------------------------------
    1      C      -0.000060     0.000150     0.999800
    2      C       1.265320     0.760040     0.988570
    3      C       1.265160    -0.760010     0.987990
    4      C      -1.272310    -0.000210     0.251370
    5      C      -1.258200     0.000270     1.771530
    6      H       1.575040     1.261500     1.901760
    7      H       1.558600     1.263450     0.071080
    8      H       1.574860    -1.261900     1.900950
    9      H       1.558260    -1.263130     0.070270
   10      H      -1.577940    -0.916020    -0.247740
   11      H      -1.578020     0.915210    -0.248390
   12      H      -1.555350    -0.915130     2.276500
   13      H      -1.555370     0.915780     2.276290
 ----------------------------------------------------
 Nuclear Repulsion Energy =   170.9200549349 hartrees
 There are       19 alpha and       19 beta electrons
 Requested basis set is G3large
 There are 98 shells and 290 basis functions

Total QAlloc Memory Limit   2000 MB
Mega-Array Size       743 MB
MEM_STATIC part       760 MB

                       Distance Matrix (Angstroms)
             C (  1)   C (  2)   C (  3)   C (  4)   C (  5)   H (  6)
   C (  2)  1.476057
   C (  3)  1.476064  1.520050
   C (  4)  1.476065  2.749729  2.749302
   C (  5)  1.475969  2.749260  2.749419  1.520226
   H (  6)  2.210311  1.086878  2.239979  3.524642  3.104015
   H (  7)  2.210852  1.086841  2.240808  3.105381  3.524417  1.830755
   H (  8)  2.210252  2.239753  1.086878  3.524110  3.104199  2.523400
   H (  9)  2.210942  2.241050  1.086852  3.104817  3.524615  3.119037
   H ( 10)  2.210301  3.524453  3.103963  1.086843  2.240373  4.393544
   H ( 11)  2.210265  3.104630  3.524013  1.086836  2.240419  3.832082
   H ( 12)  2.210572  3.524363  3.104770  2.240166  1.086853  3.831121
   H ( 13)  2.210609  3.104637  3.524681  2.240416  1.086854  3.171634
             H (  7)   H (  8)   H (  9)   H ( 10)   H ( 11)   H ( 12)
   H (  8)  3.118667
   H (  9)  2.526580  1.830756
   H ( 10)  3.832704  3.831012  3.171335
   H ( 11)  3.172021  4.393190  3.831835  1.831230
   H ( 12)  4.393947  3.171672  3.831856  2.524341  3.118610
   H ( 13)  3.831532  3.831646  4.394185  3.118770  2.524782  1.830910

 
 A cutoff of  1.0D-08 yielded   4435 shell pairs
 There are  39245 function pairs ( 48051 Cartesian)
Evaluating contribution to one-electron hamiltonian from nuclear
 Smallest overlap matrix eigenvalue = 2.59E-05

 Q-Chem warning in module mkSTV.C, line 194:

 Overlap eigenvalue is smaller than square root of threshold

 Multipole matrices computed through 2nd order

  Scale SEOQF with 1.000000e-01/1.000000e-01/1.000000e-01

 Standard Electronic Orientation quadrupole field applied
 Nucleus-field energy     =    -0.0000000026 hartrees
 Guess from superposition of atomic densities
 Warning:  Energy on first SCF cycle will be non-variational
 Long-range K will be added via erf
 Coulomb attenuation parameter = 0.4 bohr**(-1)
 A restricted Kohn-Sham SCF calculation will be
 performed using Pulay DIIS extrapolation
 Exchange:  wPBE + LR-HF      Correlation:  PBE
 Using SG-1 standard quadrature grid
 SCF converges when DIIS error is below 1.0E-05
 Requested basis set is G3large
 There are 98 shells and 290 basis functions
 A cutoff of  1.0D-08 yielded   4435 shell pairs
 There are  39245 function pairs ( 48051 Cartesian)
 ---------------------------------------
  Cycle       Energy         DIIS Error
 ---------------------------------------
    1    -197.2233230024      2.91E-02
    2    -195.1131001680      2.54E-03
    3    -195.1711729114      1.68E-03
    4    -195.1982662271      2.64E-04
    5    -195.1994247224      1.02E-04
    6    -195.1995574555      2.97E-05
    7    -195.1995724174      7.43E-06 Convergence criterion met
 ---------------------------------------
 One-Electron    Energy =  -599.6964520835
 Total Coulomb   Energy =   263.6249340157
 Alpha Exchange  Energy =    -3.7560374177
 Beta  Exchange  Energy =    -3.7560374177
 DFT   Exchange  Energy =   -21.2895602678
 DFT Correlation Energy =    -1.2464741786
 Nuclear Repu.   Energy =   170.9200549324
 Nuclear Attr.   Energy =  -793.8472551601
 Kinetic         Energy =   194.1508030766
 SCF time:  CPU 237.13 s  wall 238.38 s
 Final Alpha MO Eigenvalues
            1           2           3           4           5           6
    1 -10.1155731 -10.1020546 -10.1018972 -10.1017432 -10.1015574  -1.0346365
            7           8           9          10          11          12
    1  -0.9458084  -0.7426604  -0.7426246  -0.6757887  -0.6120793  -0.6014451
           13          14          15          16          17          18
    1  -0.6013922  -0.4883146  -0.4730556  -0.4729684  -0.4011041  -0.4009907
           19          20          21          22          23          24
    1  -0.3881678   0.0425467   0.0539439   0.0539842   0.0588132   0.0773303
 Analysis of SCF Wavefunction
 
 --------------------------------------------------------------
                    Orbital Energies (a.u.)
 --------------------------------------------------------------
 
 Alpha MOs
 -- Occupied --
-10.116 -10.102 -10.102 -10.102 -10.102  -1.035  -0.946  -0.743
 -0.743  -0.676  -0.612  -0.601  -0.601  -0.488  -0.473  -0.473
 -0.401  -0.401  -0.388
 -- Virtual --
  0.043   0.054   0.054   0.059   0.077   0.077   0.082   0.098
  0.102   0.125   0.151   0.151   0.161   0.167   0.168   0.168
  0.188   0.188   0.188   0.201   0.212   0.212   0.222   0.237
  0.238   0.242   0.242   0.251   0.251   0.266   0.311   0.314
  0.314   0.342   0.363   0.363   0.376   0.403   0.434   0.434
  0.447   0.449   0.502   0.553   0.571   0.571   0.571   0.600
  0.600   0.635   0.658   0.658   0.677   0.690   0.696   0.706
  0.707   0.724   0.725   0.739   0.751   0.760   0.760   0.764
  0.781   0.816   0.870   0.909   0.909   0.916   0.932   0.961
  0.987   1.014   1.020   1.020   1.093   1.145   1.146   1.172
  1.200   1.218   1.218   1.231   1.250   1.250   1.281   1.297
  1.297   1.357   1.357   1.410   1.418   1.418   1.445   1.468
  1.468   1.488   1.495   1.517   1.524   1.531   1.566   1.566
  1.587   1.588   1.615   1.663   1.678   1.678   1.691   1.705
  1.706   1.710   1.767   1.880   1.912   1.912   1.938   2.584
  2.584   2.667   2.705   2.735   2.736   2.759   2.768   2.802
  2.802   2.807   2.859   2.894   2.894   2.943   2.999   3.012
  3.012   3.018   3.048   3.104   3.104   3.121   3.128   3.181
  3.181   3.197   3.197   3.211   3.242   3.246   3.287   3.310
  3.343   3.343   3.364   3.393   3.459   3.459   3.468   3.502
  3.502   3.555   3.555   3.565   3.585   3.615   3.616   3.660
  3.661   3.676   3.716   3.716   3.729   3.804   3.900   3.931
  3.980   3.997   3.997   4.056   4.056   4.084   4.170   4.219
  4.219   4.221   4.224   4.256   4.256   4.346   4.371   4.379
  4.380   4.458   4.464   4.466   4.476   4.476   4.519   4.519
  4.609   4.610   4.639   4.643   4.643   4.679   4.719   4.825
  4.841   5.017   5.017   5.088   5.088   5.208   5.375   5.502
  5.564   5.564   5.605   5.718   5.718   5.722   5.757   5.867
  5.868   5.900  24.158  24.179  24.433  24.433  24.505  27.530
 27.590  27.644  27.644  28.029  28.120  28.148  28.148  28.165
 28.190  28.190  28.203  28.592  28.593  29.031  40.916  40.933
 40.953  41.017  41.025  41.025  41.027  41.067  41.071  41.071
 41.182  41.188  41.188  41.194  41.194  41.206  41.228  41.242
 41.291  41.291  41.300  41.301  41.322  41.393  41.393
 --------------------------------------------------------------
 
          Ground-State Mulliken Net Atomic Charges

     Atom                 Charge (a.u.)
  ----------------------------------------
      1 C                     0.503488
      2 C                    -0.302156
      3 C                    -0.302811
      4 C                    -0.302341
      5 C                    -0.302610
      6 H                     0.088325
      7 H                     0.088295
      8 H                     0.088307
      9 H                     0.088313
     10 H                     0.088292
     11 H                     0.088262
     12 H                     0.088235
     13 H                     0.088401
  ----------------------------------------
  Sum of atomic charges =     0.000000

 -----------------------------------------------------------------
                    Cartesian Multipole Moments
 -----------------------------------------------------------------
    Charge (ESU x 10^10)
                 0.0000
    Dipole Moment (Debye)
         X       0.0002      Y      -0.0009      Z       0.0001
       Tot       0.0010
    Quadrupole Moments (Debye-Ang)
        XX     -32.7055     XY       0.0030     YY     -30.5587
        XZ       0.0194     YZ       0.0004     ZZ     -30.5625
    Octapole Moments (Debye-Ang^2)
       XXX       0.0035    XXY       0.0016    XYY      -0.6283
       YYY      -0.0001    XXZ     -32.6862    XYZ       0.0034
       YYZ     -30.5578    XZZ       0.6683    YZZ       0.0037
       ZZZ     -91.6933
    Hexadecapole Moments (Debye-Ang^3)
      XXXX    -347.3816   XXXY       0.0158   XXYY     -66.6822
      XYYY       0.0084   YYYY    -113.9472   XXXZ       1.3360
      XXYZ      -0.0005   XYYZ      -0.3255   YYYZ      -0.0146
      XXZZ     -99.3662   XYZZ       0.0119   YYZZ     -62.8400
      XZZZ       2.7342   YZZZ      -0.0065   ZZZZ    -297.3689
 -----------------------------------------------------------------
 Total job time:  238.81s(wall), 237.50s(cpu) 
 Tue Mar 18 15:18:43 2014

        *************************************************************
        *                                                           *
        *  Thank you very much for using Q-Chem.  Have a nice day.  *
        *                                                           *
        *************************************************************


0 sent ACK to 0 
now end server 0 ... 
 
**********************************************************************
Job 3 of 3 
**********************************************************************
 
Process 0 of 1 is on cl134 - thread support 1
initial socket setup ...start
initial socket setup ...done 
now start server 0 ... 

cmd = /usr/bin/ssh clhead /usr/local/qchem/bin/get_hostid 998356002 > /tmp/1591944.1.medium.q/qchem3647/lic.dat

cmd = /usr/bin/ssh clhead /usr/local/qchem/bin/get_hostid 998356002 > /tmp/1591944.1.medium.q/qchem3647/lic.dat

cmd = /usr/bin/ssh clhead /usr/local/qchem/bin/get_hostid 998356002 > /tmp/1591944.1.medium.q/qchem3647/lic.dat

cmd = /usr/bin/ssh clhead /usr/local/qchem/bin/get_hostid 998356002 > /tmp/1591944.1.medium.q/qchem3647/lic.dat

cmd = /usr/bin/ssh clhead /usr/local/qchem/bin/get_hostid 998356002 > /tmp/1591944.1.medium.q/qchem3647/lic.dat
                  Welcome to Q-Chem
     A Quantum Leap Into The Future Of Chemistry

 Y. Shao, L. Fusti-Molnar, Y. Jung, J. Kussmann, C. Ochsenfeld,
 S. T. Brown, A. T. B. Gilbert, L. V. Slipchenko,S. V. Levchenko,
 D. P. O'Neill, R. A. DiStasio Jr., R. C. Lochan, T. Wang,
 G. J. O. Beran, N. A. Besley, J. M. Herbert, C. Y. Lin,
 T. Van Voorhis, S. H. Chien, A. Sodt, R. P. Steele, 
 V. A. Rassolov, P. E. Maslen, P. P. Korambath, R. D. Adamson,
 B. Austin, J. Baker, E. F. C. Byrd, H. Dachsel, R. J. Doerksen,
 A. Dreuw, B. D. Dunietz, A. D. Dutoi, T. R. Furlani,
 S. R. Gwaltney, A. Heyden, S. Hirata, C.-P. Hsu, G. Kedziora,
 R. Z. Khaliullin, P. Klunzinger, A. M. Lee, M. S. Lee, W. Liang,
 I. Lotan, N. Nair, B. Peters, E. I. Proynov, P. A. Pieniazek, 
 Y. M. Rhee, J. Ritchie, E. Rosta, C. D. Sherrill, 
 A. C. Simmonett, J. E. Subotnik, H. L. Woodcock III,
 W. Zhang, A. T. Bell, A. K. Chakraborty, D. M. Chipman,
 F. J. Keil, A. Warshel, W. J. Hehre, H. F. Schaefer III,
 J. Kong, A. I. Krylov, P. M. W. Gill, M. Head-Gordon,
 Q-Chem, Version 3.1, Q-Chem, Inc., Pittsburgh, PA (2007).

 Additional authors for Version 3.1: 
 Z. Gan, Y. Zhao, N. E. Schultz, D. Truhlar, E. Epifanovsky and M. Oana.

 Additional authors for Version 3.2: 
 R. Baer, B. R. Brooks, D. Casanova, J.-D. Chai, C.-L. Cheng, 
 C. Cramer, D. Crittenden, A. Ghysels, G. Hawkins, E. G. Hohenstein, 
 C. Kelley, W. Kurlancheek, D. Liotard, E. Livshits, P. Manohar, 
 A. Marenich, D. Neuhauser, R. Olson, M. A. Rohrdanz, K. S. Thanthiriwatte, 
 A. J. W. Thom, V. Vanovschi, C. F. Williams, Q. Wu and Z.-Q. You. 


 Intel X86 Linux Version

 Q-chem begins on Tue Mar 18 15:18:48 2014  

 Parallel job on  1  processors
Processing $rem in /usr/local/qchem/config/preferences.

theFileMan(): MAXOPENFILES=974 MAX_SUB_FILE_NUM=16
Maximum size of a physical file is 2.0 GB, maximum size of a tmp-file is 32.0 GB


--------------------------------------------------------------
User input:
--------------------------------------------------------------

$molecule
1,2
C         -0.00006        0.00015        0.99980
C          1.26532        0.76004        0.98857
C          1.26516       -0.76001        0.98799
C         -1.27231       -0.00021        0.25137
C         -1.25820        0.00027        1.77153
H          1.57504        1.26150        1.90176
H          1.55860        1.26345        0.07108
H          1.57486       -1.26190        1.90095
H          1.55826       -1.26313        0.07027
H         -1.57794       -0.91602       -0.24774
H         -1.57802        0.91521       -0.24839
H         -1.55535       -0.91513        2.27650
H         -1.55537        0.91578        2.27629
$end

$comment
positive
$end

$xc_functional
C PBE   1.00
X wPBE  1.00
$end

$rem
SYMMETRY_DECOMPOSITION	0
LRC_DFT                 true
exchange 		general
BASIS                   g3large
omega			400
mem_static              760
max_scf_cycles          200
scf_final_print         1
sym_ignore              true
$end

--------------------------------------------------------------
 Writing REM_CC_EA           13
 ----------------------------------------------------
       Standard Nuclear Orientation (Angstroms)
    I     Atom         X            Y            Z
 ----------------------------------------------------
    1      C      -0.000060     0.000150     0.999800
    2      C       1.265320     0.760040     0.988570
    3      C       1.265160    -0.760010     0.987990
    4      C      -1.272310    -0.000210     0.251370
    5      C      -1.258200     0.000270     1.771530
    6      H       1.575040     1.261500     1.901760
    7      H       1.558600     1.263450     0.071080
    8      H       1.574860    -1.261900     1.900950
    9      H       1.558260    -1.263130     0.070270
   10      H      -1.577940    -0.916020    -0.247740
   11      H      -1.578020     0.915210    -0.248390
   12      H      -1.555350    -0.915130     2.276500
   13      H      -1.555370     0.915780     2.276290
 ----------------------------------------------------
 Nuclear Repulsion Energy =   170.9200549349 hartrees
 There are       19 alpha and       18 beta electrons
 Requested basis set is G3large
 There are 98 shells and 290 basis functions

Total QAlloc Memory Limit   2000 MB
Mega-Array Size       743 MB
MEM_STATIC part       760 MB

                       Distance Matrix (Angstroms)
             C (  1)   C (  2)   C (  3)   C (  4)   C (  5)   H (  6)
   C (  2)  1.476057
   C (  3)  1.476064  1.520050
   C (  4)  1.476065  2.749729  2.749302
   C (  5)  1.475969  2.749260  2.749419  1.520226
   H (  6)  2.210311  1.086878  2.239979  3.524642  3.104015
   H (  7)  2.210852  1.086841  2.240808  3.105381  3.524417  1.830755
   H (  8)  2.210252  2.239753  1.086878  3.524110  3.104199  2.523400
   H (  9)  2.210942  2.241050  1.086852  3.104817  3.524615  3.119037
   H ( 10)  2.210301  3.524453  3.103963  1.086843  2.240373  4.393544
   H ( 11)  2.210265  3.104630  3.524013  1.086836  2.240419  3.832082
   H ( 12)  2.210572  3.524363  3.104770  2.240166  1.086853  3.831121
   H ( 13)  2.210609  3.104637  3.524681  2.240416  1.086854  3.171634
             H (  7)   H (  8)   H (  9)   H ( 10)   H ( 11)   H ( 12)
   H (  8)  3.118667
   H (  9)  2.526580  1.830756
   H ( 10)  3.832704  3.831012  3.171335
   H ( 11)  3.172021  4.393190  3.831835  1.831230
   H ( 12)  4.393947  3.171672  3.831856  2.524341  3.118610
   H ( 13)  3.831532  3.831646  4.394185  3.118770  2.524782  1.830910

 
 A cutoff of  1.0D-08 yielded   4435 shell pairs
 There are  39245 function pairs ( 48051 Cartesian)
Evaluating contribution to one-electron hamiltonian from nuclear
 Smallest overlap matrix eigenvalue = 2.59E-05

 Q-Chem warning in module mkSTV.C, line 194:

 Overlap eigenvalue is smaller than square root of threshold

 Multipole matrices computed through 2nd order

  Scale SEOQF with 1.000000e-01/1.000000e-01/1.000000e-01

 Standard Electronic Orientation quadrupole field applied
 Nucleus-field energy     =    -0.0000000026 hartrees
 Guess from superposition of atomic densities
 Warning:  Energy on first SCF cycle will be non-variational
 Long-range K will be added via erf
 Coulomb attenuation parameter = 0.4 bohr**(-1)
 An unrestricted Kohn-Sham SCF calculation will be
 performed using Pulay DIIS extrapolation
 Exchange:  wPBE + LR-HF      Correlation:  PBE
 Using SG-1 standard quadrature grid
 SCF converges when DIIS error is below 1.0E-05
 Requested basis set is G3large
 There are 98 shells and 290 basis functions
 A cutoff of  1.0D-08 yielded   4435 shell pairs
 There are  39245 function pairs ( 48051 Cartesian)
 Warning!  Inaccurate integrated density:
   Number of electrons =    37
   Numerical integral  =    37.999764099938
   Relative error      =     2.7020651350 %
 ---------------------------------------
  Cycle       Energy         DIIS Error
 ---------------------------------------
    1    -197.2233230024      2.91E-02
    2    -194.7149602307      2.47E-03
    3    -194.7749348988      1.85E-03
    4    -194.8108467433      3.35E-04
    5    -194.8146475270      1.09E-04
    6    -194.8157434155      6.48E-05
    7    -194.8163493604      4.34E-05
    8    -194.8168253583      2.92E-05
    9    -194.8171694053      2.75E-05
   10    -194.8173925939      2.51E-05
   11    -194.8176482066      2.57E-05
   12    -194.8176531519      2.57E-05
   13    -194.8176559209      2.57E-05
   14    -194.8176617375      2.57E-05
   15    -194.8176771507      2.57E-05
   16    -194.8176678315      2.58E-05
   17    -194.8178287767      2.68E-05
   18    -194.8179538327      2.14E-05
   19    -194.8180852501      2.59E-05
   20    -194.8180486502      2.62E-05
   21    -194.8176354025      2.68E-05
   22    -194.8173594662      2.80E-05
   23    -194.8173677930      2.77E-05
   24    -194.8164964691      4.96E-05
   25    -194.8163776192      6.67E-05
   26    -194.8164951991      5.43E-05
   27    -194.8165759040      2.05E-05
   28    -194.8166726424      2.00E-05
   29    -194.8167444192      2.02E-05
   30    -194.8164866437      2.08E-05
   31    -194.8161735338      2.24E-05
   32    -194.8155676138      1.88E-05
   33    -194.8151537481      5.56E-05
   34    -194.8151780117      5.63E-05
   35    -194.8151802666      5.48E-05
   36    -194.8152165636      4.43E-05
   37    -194.8152410776      7.72E-06 Convergence criterion met
 ---------------------------------------
 One-Electron    Energy =  -590.4575425972
 Total Coulomb   Energy =   254.4376014134
 Alpha Exchange  Energy =    -3.7734696057
 Beta  Exchange  Energy =    -3.5622938373
 DFT   Exchange  Energy =   -21.1716747930
 DFT Correlation Energy =    -1.2079165901
 Nuclear Repu.   Energy =   170.9200549324
 Nuclear Attr.   Energy =  -784.4254565152
 Kinetic         Energy =   193.9679139180
 <S^2> = 0.7540
 SCF time:  CPU 1560.09 s  wall 1569.88 s
 Final Alpha MO Eigenvalues
            1           2           3           4           5           6
    1 -10.4172699 -10.3784405 -10.3696851 -10.3195344 -10.3192208  -1.3088589
            7           8           9          10          11          12
    1  -1.1936272  -1.0055247  -0.9620992  -0.9244095  -0.8485503  -0.8476016
           13          14          15          16          17          18
    1  -0.8306781  -0.7266231  -0.7154143  -0.6896799  -0.6855335  -0.6443973
           19          20          21          22          23          24
    1  -0.6242548  -0.0893232  -0.0805036  -0.0788116  -0.0696369  -0.0534539
 Final Beta MO Eigenvalues
            1           2           3           4           5           6
    1 -10.4096962 -10.3743512 -10.3667417 -10.3196448 -10.3193594  -1.2857125
            7           8           9          10          11          12
    1  -1.1883937  -0.9752824  -0.9588829  -0.8948538  -0.8432318  -0.8376183
           13          14          15          16          17          18
    1  -0.8049745  -0.7204832  -0.7071443  -0.6796631  -0.6386623  -0.6181799
           19          20          21          22          23
    1  -0.3668840  -0.0886627  -0.0780471  -0.0769511  -0.0689790
 Analysis of SCF Wavefunction
 
 --------------------------------------------------------------
                    Orbital Energies (a.u.)
 --------------------------------------------------------------
 
 Alpha MOs
 -- Occupied --
-10.417 -10.378 -10.370 -10.320 -10.319  -1.309  -1.194  -1.006
 -0.962  -0.924  -0.849  -0.848  -0.831  -0.727  -0.715  -0.690
 -0.686  -0.644  -0.624
 -- Virtual --
 -0.089  -0.081  -0.079  -0.070  -0.053  -0.047  -0.042  -0.034
 -0.026  -0.015  -0.004  -0.003   0.016   0.018   0.022   0.024
  0.035   0.039   0.044   0.055   0.057   0.065   0.075   0.081
  0.084   0.086   0.095   0.096   0.098   0.103   0.120   0.128
  0.133   0.159   0.168   0.186   0.186   0.214   0.236   0.237
  0.253   0.282   0.308   0.370   0.370   0.380   0.383   0.402
  0.410   0.435   0.461   0.461   0.468   0.488   0.494   0.500
  0.504   0.508   0.520   0.539   0.551   0.566   0.567   0.576
  0.585   0.631   0.643   0.694   0.705   0.712   0.737   0.746
  0.778   0.809   0.811   0.811   0.891   0.940   0.945   0.965
  0.967   1.007   1.008   1.016   1.034   1.045   1.085   1.087
  1.094   1.141   1.146   1.197   1.198   1.215   1.218   1.243
  1.272   1.274   1.282   1.302   1.303   1.329   1.356   1.362
  1.368   1.387   1.413   1.449   1.464   1.477   1.478   1.486
  1.505   1.505   1.554   1.639   1.668   1.680   1.710   2.332
  2.363   2.414   2.478   2.503   2.511   2.515   2.523   2.544
  2.553   2.583   2.617   2.649   2.655   2.690   2.755   2.762
  2.778   2.781   2.794   2.859   2.862   2.890   2.894   2.911
  2.944   2.951   2.955   2.966   3.000   3.023   3.037   3.063
  3.107   3.109   3.121   3.152   3.224   3.229   3.237   3.252
  3.273   3.305   3.316   3.331   3.348   3.369   3.375   3.417
  3.425   3.449   3.470   3.477   3.479   3.560   3.662   3.693
  3.740   3.757   3.766   3.806   3.827   3.842   3.927   3.973
  3.986   3.989   3.990   4.012   4.036   4.119   4.137   4.144
  4.165   4.212   4.224   4.225   4.246   4.254   4.278   4.282
  4.369   4.370   4.401   4.407   4.415   4.428   4.470   4.564
  4.599   4.743   4.783   4.843   4.843   4.975   5.131   5.260
  5.297   5.335   5.373   5.473   5.487   5.505   5.536   5.608
  5.639   5.643  23.873  23.935  24.161  24.215  24.247  27.275
 27.344  27.355  27.373  27.762  27.877  27.881  27.884  27.909
 27.942  27.953  27.973  28.320  28.374  28.750  40.617  40.661
 40.715  40.746  40.754  40.779  40.798  40.804  40.806  40.853
 40.883  40.903  40.918  40.941  40.943  40.974  40.984  40.995
 41.017  41.029  41.068  41.082  41.083  41.100  41.128
 
 Beta MOs
 -- Occupied --
-10.410 -10.374 -10.367 -10.320 -10.319  -1.286  -1.188  -0.975
 -0.959  -0.895  -0.843  -0.838  -0.805  -0.720  -0.707  -0.680
 -0.639  -0.618
 -- Virtual --
 -0.367  -0.089  -0.078  -0.077  -0.069  -0.047  -0.046  -0.040
 -0.034  -0.026  -0.004  -0.002  -0.001   0.017   0.023   0.025
  0.026   0.039   0.040   0.045   0.056   0.060   0.066   0.075
  0.085   0.087   0.090   0.095   0.097   0.099   0.104   0.127
  0.129   0.137   0.165   0.178   0.188   0.197   0.216   0.246
  0.249   0.255   0.284   0.310   0.372   0.376   0.384   0.391
  0.404   0.415   0.442   0.462   0.466   0.477   0.495   0.504
  0.507   0.512   0.516   0.521   0.543   0.555   0.569   0.570
  0.580   0.587   0.633   0.651   0.701   0.706   0.714   0.740
  0.749   0.781   0.811   0.812   0.817   0.896   0.945   0.947
  0.970   0.981   1.013   1.015   1.019   1.037   1.052   1.087
  1.091   1.097   1.146   1.153   1.203   1.206   1.219   1.224
  1.251   1.272   1.279   1.288   1.308   1.309   1.331   1.358
  1.367   1.376   1.391   1.415   1.454   1.469   1.479   1.480
  1.493   1.508   1.509   1.556   1.647   1.683   1.684   1.718
  2.343   2.367   2.426   2.484   2.511   2.519   2.528   2.548
  2.548   2.556   2.589   2.623   2.658   2.666   2.704   2.764
  2.771   2.787   2.788   2.806   2.870   2.873   2.895   2.897
  2.932   2.948   2.961   2.963   2.970   3.008   3.028   3.047
  3.075   3.112   3.118   3.131   3.161   3.232   3.232   3.243
  3.265   3.279   3.321   3.327   3.334   3.356   3.378   3.382
  3.430   3.433   3.453   3.480   3.483   3.497   3.574   3.669
  3.701   3.747   3.763   3.774   3.817   3.832   3.852   3.937
  3.983   3.994   3.994   3.997   4.023   4.041   4.124   4.147
  4.149   4.172   4.222   4.230   4.238   4.249   4.258   4.286
  4.294   4.373   4.383   4.408   4.414   4.432   4.435   4.483
  4.573   4.608   4.763   4.785   4.850   4.859   4.980   5.139
  5.269   5.314   5.337   5.379   5.480   5.494   5.510   5.541
  5.622   5.643   5.651  23.880  23.937  24.166  24.215  24.251
 27.279  27.356  27.363  27.376  27.767  27.879  27.886  27.891
 27.911  27.943  27.955  27.974  28.326  28.374  28.754  40.633
 40.670  40.716  40.751  40.759  40.784  40.803  40.804  40.806
 40.853  40.898  40.914  40.922  40.944  40.946  40.974  40.990
 40.996  41.022  41.033  41.070  41.082  41.084  41.112  41.130
 --------------------------------------------------------------
 
          Ground-State Mulliken Net Atomic Charges

     Atom                 Charge (a.u.)    Spin (a.u.)
  --------------------------------------------------------
      1 C                     0.605304       0.410252
      2 C                    -0.183819       0.239645
      3 C                    -0.204621       0.165164
      4 C                    -0.252957       0.008673
      5 C                    -0.253594       0.006659
      6 H                     0.169510       0.017145
      7 H                     0.168126       0.013813
      8 H                     0.167340       0.019944
      9 H                     0.168731       0.023457
     10 H                     0.153915       0.024039
     11 H                     0.154047       0.023475
     12 H                     0.152644       0.020942
     13 H                     0.155374       0.026792
  --------------------------------------------------------
  Sum of atomic charges =     1.000000
  Sum of spin   charges =     1.000000

 -----------------------------------------------------------------
                    Cartesian Multipole Moments
 -----------------------------------------------------------------
    Charge (ESU x 10^10)
                 4.8032
    Dipole Moment (Debye)
         X       1.2788      Y       0.0767      Z       4.7892
       Tot       4.9576
    Quadrupole Moments (Debye-Ang)
        XX     -18.8830     XY       0.1080     YY     -22.8189
        XZ       1.2321     YZ       0.1394     ZZ     -19.6800
    Octapole Moments (Debye-Ang^2)
       XXX       4.4871    XXY       0.0575    XYY       4.1269
       YYY      -0.0158    XXZ     -18.9361    XYZ       0.1129
       YYZ     -22.8669    XZZ       0.1865    YZZ       0.2663
       ZZZ     -68.5658
    Hexadecapole Moments (Debye-Ang^3)
      XXXX    -274.3461   XXXY       0.5364   XXYY     -43.7132
      XYYY      -0.0518   YYYY     -89.6861   XXXZ       5.7128
      XXYZ       0.2421   XYYZ       4.3092   YYYZ       0.0670
      XXZZ     -65.9753   XYZZ       0.1356   YYZZ     -45.0616
      XZZZ      -1.4241   YZZZ       0.5363   ZZZZ    -235.9401
 -----------------------------------------------------------------
 Total job time:  1570.29s(wall), 1560.48s(cpu) 
 Tue Mar 18 15:44:58 2014

        *************************************************************
        *                                                           *
        *  Thank you very much for using Q-Chem.  Have a nice day.  *
        *                                                           *
        *************************************************************


0 sent ACK to 0 
now end server 0 ... 
