Process 0 of 1 is on cl233.stfx.acenet.ca - thread support 1
initial socket setup ...start
initial socket setup ...done 
now start server 0 ... 

cmd = /usr/bin/ssh clhead /usr/local/qchem/bin/get_hostid 488254311 > /globalscratch/itamblyn/bnl/g297_b3lyp_neut_g03Large/g2g71127/omega1000/qchem13740/lic.dat
                  Welcome to Q-Chem
     A Quantum Leap Into The Future Of Chemistry

 Y. Shao, L. Fusti-Molnar, Y. Jung, J. Kussmann, C. Ochsenfeld,
 S. T. Brown, A. T. B. Gilbert, L. V. Slipchenko,S. V. Levchenko,
 D. P. O'Neill, R. A. DiStasio Jr., R. C. Lochan, T. Wang,
 G. J. O. Beran, N. A. Besley, J. M. Herbert, C. Y. Lin,
 T. Van Voorhis, S. H. Chien, A. Sodt, R. P. Steele, 
 V. A. Rassolov, P. E. Maslen, P. P. Korambath, R. D. Adamson,
 B. Austin, J. Baker, E. F. C. Byrd, H. Dachsel, R. J. Doerksen,
 A. Dreuw, B. D. Dunietz, A. D. Dutoi, T. R. Furlani,
 S. R. Gwaltney, A. Heyden, S. Hirata, C.-P. Hsu, G. Kedziora,
 R. Z. Khaliullin, P. Klunzinger, A. M. Lee, M. S. Lee, W. Liang,
 I. Lotan, N. Nair, B. Peters, E. I. Proynov, P. A. Pieniazek, 
 Y. M. Rhee, J. Ritchie, E. Rosta, C. D. Sherrill, 
 A. C. Simmonett, J. E. Subotnik, H. L. Woodcock III,
 W. Zhang, A. T. Bell, A. K. Chakraborty, D. M. Chipman,
 F. J. Keil, A. Warshel, W. J. Hehre, H. F. Schaefer III,
 J. Kong, A. I. Krylov, P. M. W. Gill, M. Head-Gordon,
 Q-Chem, Version 3.1, Q-Chem, Inc., Pittsburgh, PA (2007).

 Additional authors for Version 3.1: 
 Z. Gan, Y. Zhao, N. E. Schultz, D. Truhlar, E. Epifanovsky and M. Oana.

 Additional authors for Version 3.2: 
 R. Baer, B. R. Brooks, D. Casanova, J.-D. Chai, C.-L. Cheng, 
 C. Cramer, D. Crittenden, A. Ghysels, G. Hawkins, E. G. Hohenstein, 
 C. Kelley, W. Kurlancheek, D. Liotard, E. Livshits, P. Manohar, 
 A. Marenich, D. Neuhauser, R. Olson, M. A. Rohrdanz, K. S. Thanthiriwatte, 
 A. J. W. Thom, V. Vanovschi, C. F. Williams, Q. Wu and Z.-Q. You. 


 Intel X86 Linux Version

 Q-chem begins on Mon Apr 11 18:36:57 2011  

 Parallel job on  1  processors
Processing $rem in /usr/local/qchem/config/preferences.

theFileMan(): MAXOPENFILES=974 MAX_SUB_FILE_NUM=16
Maximum size of a physical file is 2.0 GB, maximum size of a tmp-file is 32.0 GB


--------------------------------------------------------------
User input:
--------------------------------------------------------------

$molecule
-1,2
O
C1,O,r1
H1,C1,r2,O,a1
H,O,roh,C1,aoh,H1,toh,0
C2,C1,r3a,O,a2a,H1,t1a,0
C3,C1,r3b,O,a2b,H1,-t1b,0
H,C2,r4a,C1,a4a,H1,t2a,0
H,C3,r5a,C1,a5a,H1,-t2b,0
H,C2,r4b,C1,a4b,H1,t3a,0
H,C3,r5b,C1,a5b,H1,-t3b,0
H,C2,r4c,C1,a4c,H1,-t4a,0
H,C3,r5c,C1,a5c,H1,t4b,0

r1=1.43111827
r2=1.9557364
roh=2.07916264
r3a=1.52393712
r3b=1.53017411
r4a=1.09587708
r5a=1.09583825
r4b=1.09448657
r5b=1.09801539
r4c=1.0954512
r5c=1.0964078
a1=28.22171182
aoh=30.02045037
a2a=106.21524706
a2b=111.13113306
a4a=110.2041443
a5a=110.24366741
a4b=110.29321839
a5b=111.03931704
a4c=110.82961388
a5c=111.23833611
toh=-62.32359188
t1a=179.44473237
t1b=57.80032287
t2a=63.0172795
t2b=83.272013
t3a=-56.37337218
t3b=-36.4963859
t4a=176.72748761
t4b=156.21533884

$end

$comment
negative
$end

$xc_functional
   X HF 1.0
   X BNL 1.0
   C LYP 1.0
$end

$rem
SYMMETRY_DECOMPOSITION	0
exchange 		general
BASIS                   g3large
omega			1000
separate_jk		true
mem_static              760
max_scf_cycles          200
scf_final_print         1
sym_ignore              true
$end

--------------------------------------------------------------
 Writing REM_CC_EA           12
 ----------------------------------------------------
       Standard Nuclear Orientation (Angstroms)
    I     Atom         X            Y            Z
 ----------------------------------------------------
    1      O       0.000000     0.000000     0.000000
    2      C       0.000000     0.000000     1.431118
    3      H       0.924838     0.000000    -0.292129
    4      H       0.483161     0.921207     1.800236
    5      C      -1.463245     0.014181     1.856673
    6      C       0.760558    -1.207760     1.982752
    7      H      -1.967442    -0.894454     1.508657
    8      H       0.298586    -2.138301     1.634130
    9      H      -1.976608     0.877600     1.422084
   10      H       1.806714    -1.200668     1.649367
   11      H      -1.551233     0.066921     2.947310
   12      H       0.763328    -1.208441     3.079156
 ----------------------------------------------------
 Nuclear Repulsion Energy =   134.3979926221 hartrees
 There are       18 alpha and       17 beta electrons
 Requested basis set is G3large
 There are 88 shells and 248 basis functions

Total QAlloc Memory Limit   2000 MB
Mega-Array Size       743 MB
MEM_STATIC part       760 MB

                       Distance Matrix (Angstroms)
             O (  1)   C (  2)   H (  3)   H (  4)   C (  5)   C (  6)
   C (  2)  1.431118
   H (  3)  0.969878  1.955736
   H (  4)  2.079163  1.103773  2.328453
   C (  5)  2.364005  1.523937  3.212552  2.148110
   C (  6)  2.443039  1.530174  2.580844  2.154707  2.540539
   H (  7)  2.635701  2.162611  3.522521  3.063836  1.095877  2.786558
   H (  8)  2.707742  2.168571  2.945335  3.069568  2.790476  1.095838
   H (  9)  2.588336  2.162693  3.482398  2.489048  1.094487  3.486424
   H ( 10)  2.725111  2.180241  2.447185  2.505376  3.494491  1.098015
   H ( 11)  3.331282  2.170171  4.077912  2.486833  1.095451  2.810617
   H ( 12)  3.394731  2.181519  3.584965  2.499906  2.819024  1.096408
             H (  7)   H (  8)   H (  9)   H ( 10)   H ( 11)
   H (  8)  2.588007
   H (  9)  1.774192  3.783799
   H ( 10)  3.789170  1.775904  4.322543
   H ( 11)  1.779661  3.163745  1.778892  3.816706
   H ( 12)  3.165779  1.780091  3.821610  1.770031  2.645964
 
 A cutoff of  1.0D-08 yielded   3639 shell pairs
 There are  28920 function pairs ( 34904 Cartesian)
Evaluating contribution to one-electron hamiltonian from nuclear
 Smallest overlap matrix eigenvalue = 4.89E-05

 Q-Chem warning in module mkSTV.C, line 194:

 Overlap eigenvalue is smaller than square root of threshold

 Multipole matrices computed through 2nd order

  Scale SEOQF with 1.000000e-01/1.000000e-01/1.000000e-01

 Standard Electronic Orientation quadrupole field applied
 Nucleus-field energy     =    -0.0000000069 hartrees
 Guess from superposition of atomic densities
 Warning:  Energy on first SCF cycle will be non-variational
 An unrestricted hybrid HF-DFT SCF calculation will be
 performed using Pulay DIIS extrapolation
 Exchange:     1.0000 Hartree-Fock + 1.0000 BNL
 Correlation:  1.0000 LYP
 Using SG-1 standard quadrature grid
 SCF converges when DIIS error is below 1.0E-05
 Warning!  Inaccurate integrated density:
   Number of electrons =    35
   Numerical integral  =    34.000227111547
   Relative error      =    -2.8564939670 %
 ---------------------------------------
  Cycle       Energy         DIIS Error
 ---------------------------------------
    1    -193.8861726271      2.91E-02
    2    -192.6785031407      3.78E-03
    3    -192.7823151587      2.39E-03
    4    -192.8150979923      5.32E-04
    5    -192.8187792301      1.84E-04
    6    -192.8194662602      5.41E-05
    7    -192.8196639994      2.19E-05
    8    -192.8197713591      1.43E-05
    9    -192.8198376916      9.82E-06 Convergence criterion met
 ---------------------------------------
 One-Electron    Energy =  -533.4259902062
 Total Coulomb   Energy =   232.5325249136
 Alpha Exchange  Energy =    -6.4022636116
 Beta  Exchange  Energy =    -6.3244597993
 DFT   Exchange  Energy =   -12.4765634034
 DFT Correlation Energy =    -1.1210781999
 Nuclear Repu.   Energy =   134.3979926152
 Nuclear Attr.   Energy =  -724.7884560923
 Kinetic         Energy =   191.3624658860
 <S^2> = 0.7502
 SCF time:  CPU 241.91 s  wall 277.04 s
 Final Alpha MO Eigenvalues
            1           2           3           4           5           6
    1 -18.9493184 -10.2318205 -10.1707853 -10.1606931  -1.1762641  -0.9034852
            7           8           9          10          11          12
    1  -0.8088360  -0.6752902  -0.5803315  -0.5140491  -0.4904754  -0.4339170
           13          14          15          16          17          18
    1  -0.4297171  -0.4178119  -0.3984932  -0.3628416  -0.3214778   0.0328175
           19          20          21          22          23
    1   0.1331670   0.1432588   0.1474648   0.1733975   0.1797737
 Final Beta MO Eigenvalues
            1           2           3           4           5           6
    1 -18.9489344 -10.2314941 -10.1705652 -10.1600422  -1.1749657  -0.9020881
            7           8           9          10          11          12
    1  -0.8069014  -0.6732773  -0.5785829  -0.5122714  -0.4899203  -0.4333279
           13          14          15          16          17          18
    1  -0.4294173  -0.4171858  -0.3978356  -0.3621197  -0.3202946   0.1237875
           19          20          21          22
    1   0.1412031   0.1450197   0.1493981   0.1643291
 Analysis of SCF Wavefunction
 
 --------------------------------------------------------------
                    Orbital Energies (a.u.)
 --------------------------------------------------------------
 
 Alpha MOs
 -- Occupied --
-18.949 -10.232 -10.171 -10.161  -1.176  -0.903  -0.809  -0.675
 -0.580  -0.514  -0.490  -0.434  -0.430  -0.418  -0.398  -0.363
 -0.321   0.033
 -- Virtual --
  0.133   0.143   0.147   0.173   0.180   0.183   0.192   0.238
  0.245   0.268   0.276   0.280   0.281   0.285   0.296   0.303
  0.305   0.327   0.343   0.376   0.395   0.409   0.416   0.432
  0.438   0.464   0.479   0.486   0.498   0.500   0.520   0.551
  0.571   0.588   0.649   0.666   0.699   0.722   0.739   0.746
  0.789   0.809   0.816   0.826   0.829   0.839   0.850   0.882
  0.887   0.908   0.917   0.942   0.951   0.976   1.015   1.066
  1.082   1.133   1.137   1.180   1.211   1.234   1.252   1.278
  1.318   1.352   1.364   1.390   1.415   1.430   1.449   1.468
  1.483   1.509   1.523   1.566   1.588   1.600   1.615   1.628
  1.637   1.654   1.676   1.704   1.752   1.762   1.778   1.793
  1.808   1.852   1.860   1.892   1.915   1.924   1.964   1.969
  2.115   2.224   2.402   2.436   2.640   2.690   2.761   2.880
  2.907   2.948   2.950   3.017   3.067   3.090   3.186   3.209
  3.218   3.253   3.308   3.319   3.331   3.363   3.400   3.488
  3.511   3.545   3.550   3.579   3.614   3.667   3.700   3.711
  3.721   3.751   3.796   3.829   3.902   3.932   3.937   3.966
  3.984   4.027   4.068   4.090   4.129   4.160   4.199   4.221
  4.255   4.291   4.376   4.378   4.392   4.405   4.441   4.507
  4.540   4.587   4.597   4.616   4.624   4.643   4.682   4.708
  4.731   4.740   4.827   4.847   4.882   4.956   4.981   5.010
  5.020   5.059   5.122   5.237   5.493   5.603   5.646   5.710
  5.786   5.809   5.912   5.952   6.003   6.047   6.070   6.093
  6.109   6.275   6.361   6.866   7.451   7.593   7.687   7.733
  8.019   8.134  24.714  24.822  24.925  28.086  28.257  28.558
 28.601  28.630  28.650  28.664  28.848  28.956  41.359  41.409
 41.426  41.427  41.458  41.465  41.617  41.646  41.664  41.675
 41.679  41.704  41.705  41.748  41.776  44.266  44.280  44.340
 44.369  44.438  46.271  46.583  46.955  50.641
 
 Beta MOs
 -- Occupied --
-18.949 -10.231 -10.171 -10.160  -1.175  -0.902  -0.807  -0.673
 -0.579  -0.512  -0.490  -0.433  -0.429  -0.417  -0.398  -0.362
 -0.320
 -- Virtual --
  0.124   0.141   0.145   0.149   0.164   0.174   0.176   0.182
  0.229   0.235   0.255   0.266   0.268   0.273   0.274   0.287
  0.294   0.295   0.315   0.333   0.371   0.389   0.400   0.409
  0.425   0.430   0.455   0.472   0.481   0.489   0.494   0.510
  0.546   0.565   0.582   0.644   0.661   0.695   0.719   0.735
  0.742   0.784   0.806   0.812   0.821   0.825   0.833   0.848
  0.878   0.883   0.903   0.915   0.938   0.946   0.974   1.013
  1.064   1.081   1.132   1.134   1.179   1.210   1.232   1.250
  1.277   1.316   1.351   1.363   1.389   1.413   1.429   1.447
  1.466   1.482   1.507   1.522   1.565   1.587   1.599   1.614
  1.627   1.635   1.652   1.674   1.702   1.751   1.759   1.775
  1.791   1.806   1.850   1.859   1.891   1.914   1.923   1.963
  1.968   2.115   2.223   2.402   2.436   2.640   2.689   2.761
  2.879   2.906   2.948   2.950   3.017   3.067   3.090   3.186
  3.208   3.217   3.253   3.308   3.319   3.331   3.363   3.400
  3.488   3.511   3.545   3.550   3.579   3.614   3.667   3.700
  3.711   3.721   3.751   3.796   3.829   3.902   3.932   3.937
  3.966   3.984   4.026   4.068   4.090   4.129   4.160   4.198
  4.221   4.254   4.291   4.376   4.378   4.392   4.405   4.440
  4.507   4.540   4.587   4.597   4.616   4.624   4.643   4.682
  4.708   4.731   4.740   4.827   4.847   4.882   4.956   4.981
  5.010   5.020   5.059   5.122   5.237   5.493   5.603   5.646
  5.710   5.786   5.809   5.912   5.952   6.003   6.048   6.071
  6.094   6.109   6.275   6.361   6.866   7.451   7.594   7.687
  7.734   8.020   8.134  24.714  24.823  24.925  28.086  28.258
 28.558  28.601  28.630  28.650  28.664  28.849  28.956  41.359
 41.409  41.426  41.427  41.459  41.465  41.617  41.646  41.664
 41.675  41.679  41.704  41.705  41.748  41.777  44.266  44.280
 44.340  44.369  44.438  46.271  46.584  46.955  50.641
 --------------------------------------------------------------
 
          Ground-State Mulliken Net Atomic Charges

     Atom                 Charge (a.u.)    Spin (a.u.)
  --------------------------------------------------------
      1 O                    -0.440292       0.064890
      2 C                    -0.103369       0.184951
      3 H                    -0.192959       0.476161
      4 H                    -0.772671       0.855910
      5 C                     0.884578      -1.184580
      6 C                     2.078563      -2.377348
      7 H                    -0.009894       0.097983
      8 H                    -0.273772       0.365846
      9 H                    -0.219990       0.314838
     10 H                    -1.361665       1.457198
     11 H                    -0.189950       0.269672
     12 H                    -0.398578       0.474480
  --------------------------------------------------------
  Sum of atomic charges =    -1.000000
  Sum of spin   charges =     1.000000

 -----------------------------------------------------------------
                    Cartesian Multipole Moments
 -----------------------------------------------------------------
    Charge (ESU x 10^10)
                -4.8032
    Dipole Moment (Debye)
         X      -5.4433      Y       0.9141      Z      -6.7600
       Tot       8.7272
    Quadrupole Moments (Debye-Ang)
        XX     -62.2983     XY       4.3309     YY     -51.1898
        XZ      -8.0179     YZ       1.0849     ZZ     -65.9097
    Octapole Moments (Debye-Ang^2)
       XXX     -81.5291    XXY      23.7645    XYY     -22.7073
       YYY      44.5986    XXZ     -92.7880    XYZ       5.5603
       YYZ     -79.6118    XZZ     -30.8593    YZZ      18.1886
       ZZZ    -270.6326
    Hexadecapole Moments (Debye-Ang^3)
      XXXX    -776.9668   XXXY     109.2826   XXYY    -201.0142
      XYYY      72.9356   YYYY    -433.9374   XXXZ     -85.7000
      XXYZ      38.5441   XYYZ     -25.2924   YYYZ      82.3601
      XXZZ    -342.5338   XYZZ      32.2567   YYZZ    -282.1166
      XZZZ     -78.5031   YZZZ      96.6107   ZZZZ   -1318.4323
 -----------------------------------------------------------------
 Total job time:  278.99s(wall), 242.24s(cpu) 
 Mon Apr 11 18:41:36 2011

        *************************************************************
        *                                                           *
        *  Thank you very much for using Q-Chem.  Have a nice day.  *
        *                                                           *
        *************************************************************


0 sent ACK to 0 
now end server 0 ... 
 
**********************************************************************
Job 2 of 3 
**********************************************************************
 
Process 0 of 1 is on cl233.stfx.acenet.ca - thread support 1
initial socket setup ...start
initial socket setup ...done 
now start server 0 ... 

cmd = /usr/bin/ssh clhead /usr/local/qchem/bin/get_hostid 1701772544 > /globalscratch/itamblyn/bnl/g297_b3lyp_neut_g03Large/g2g71127/omega1000/qchem13740/lic.dat
                  Welcome to Q-Chem
     A Quantum Leap Into The Future Of Chemistry

 Y. Shao, L. Fusti-Molnar, Y. Jung, J. Kussmann, C. Ochsenfeld,
 S. T. Brown, A. T. B. Gilbert, L. V. Slipchenko,S. V. Levchenko,
 D. P. O'Neill, R. A. DiStasio Jr., R. C. Lochan, T. Wang,
 G. J. O. Beran, N. A. Besley, J. M. Herbert, C. Y. Lin,
 T. Van Voorhis, S. H. Chien, A. Sodt, R. P. Steele, 
 V. A. Rassolov, P. E. Maslen, P. P. Korambath, R. D. Adamson,
 B. Austin, J. Baker, E. F. C. Byrd, H. Dachsel, R. J. Doerksen,
 A. Dreuw, B. D. Dunietz, A. D. Dutoi, T. R. Furlani,
 S. R. Gwaltney, A. Heyden, S. Hirata, C.-P. Hsu, G. Kedziora,
 R. Z. Khaliullin, P. Klunzinger, A. M. Lee, M. S. Lee, W. Liang,
 I. Lotan, N. Nair, B. Peters, E. I. Proynov, P. A. Pieniazek, 
 Y. M. Rhee, J. Ritchie, E. Rosta, C. D. Sherrill, 
 A. C. Simmonett, J. E. Subotnik, H. L. Woodcock III,
 W. Zhang, A. T. Bell, A. K. Chakraborty, D. M. Chipman,
 F. J. Keil, A. Warshel, W. J. Hehre, H. F. Schaefer III,
 J. Kong, A. I. Krylov, P. M. W. Gill, M. Head-Gordon,
 Q-Chem, Version 3.1, Q-Chem, Inc., Pittsburgh, PA (2007).

 Additional authors for Version 3.1: 
 Z. Gan, Y. Zhao, N. E. Schultz, D. Truhlar, E. Epifanovsky and M. Oana.

 Additional authors for Version 3.2: 
 R. Baer, B. R. Brooks, D. Casanova, J.-D. Chai, C.-L. Cheng, 
 C. Cramer, D. Crittenden, A. Ghysels, G. Hawkins, E. G. Hohenstein, 
 C. Kelley, W. Kurlancheek, D. Liotard, E. Livshits, P. Manohar, 
 A. Marenich, D. Neuhauser, R. Olson, M. A. Rohrdanz, K. S. Thanthiriwatte, 
 A. J. W. Thom, V. Vanovschi, C. F. Williams, Q. Wu and Z.-Q. You. 


 Intel X86 Linux Version

 Q-chem begins on Mon Apr 11 18:41:39 2011  

 Parallel job on  1  processors
Processing $rem in /usr/local/qchem/config/preferences.

theFileMan(): MAXOPENFILES=974 MAX_SUB_FILE_NUM=16
Maximum size of a physical file is 2.0 GB, maximum size of a tmp-file is 32.0 GB


--------------------------------------------------------------
User input:
--------------------------------------------------------------

$molecule
0,1
O
C1,O,r1
H1,C1,r2,O,a1
H,O,roh,C1,aoh,H1,toh,0
C2,C1,r3a,O,a2a,H1,t1a,0
C3,C1,r3b,O,a2b,H1,-t1b,0
H,C2,r4a,C1,a4a,H1,t2a,0
H,C3,r5a,C1,a5a,H1,-t2b,0
H,C2,r4b,C1,a4b,H1,t3a,0
H,C3,r5b,C1,a5b,H1,-t3b,0
H,C2,r4c,C1,a4c,H1,-t4a,0
H,C3,r5c,C1,a5c,H1,t4b,0

r1=1.43111827
r2=1.9557364
roh=2.07916264
r3a=1.52393712
r3b=1.53017411
r4a=1.09587708
r5a=1.09583825
r4b=1.09448657
r5b=1.09801539
r4c=1.0954512
r5c=1.0964078
a1=28.22171182
aoh=30.02045037
a2a=106.21524706
a2b=111.13113306
a4a=110.2041443
a5a=110.24366741
a4b=110.29321839
a5b=111.03931704
a4c=110.82961388
a5c=111.23833611
toh=-62.32359188
t1a=179.44473237
t1b=57.80032287
t2a=63.0172795
t2b=83.272013
t3a=-56.37337218
t3b=-36.4963859
t4a=176.72748761
t4b=156.21533884

$end

$comment
neutral
$end

$xc_functional
   X HF 1.0
   X BNL 1.0
   C LYP 1.0
$end

$rem
SYMMETRY_DECOMPOSITION	0
exchange 		general
BASIS                   g3large
omega			1000
separate_jk		true
mem_static              760
max_scf_cycles          200
scf_final_print         1
sym_ignore              true
$end

--------------------------------------------------------------
 Writing REM_CC_EA           12
 ----------------------------------------------------
       Standard Nuclear Orientation (Angstroms)
    I     Atom         X            Y            Z
 ----------------------------------------------------
    1      O       0.000000     0.000000     0.000000
    2      C       0.000000     0.000000     1.431118
    3      H       0.924838     0.000000    -0.292129
    4      H       0.483161     0.921207     1.800236
    5      C      -1.463245     0.014181     1.856673
    6      C       0.760558    -1.207760     1.982752
    7      H      -1.967442    -0.894454     1.508657
    8      H       0.298586    -2.138301     1.634130
    9      H      -1.976608     0.877600     1.422084
   10      H       1.806714    -1.200668     1.649367
   11      H      -1.551233     0.066921     2.947310
   12      H       0.763328    -1.208441     3.079156
 ----------------------------------------------------
 Nuclear Repulsion Energy =   134.3979926221 hartrees
 There are       17 alpha and       17 beta electrons
 Requested basis set is G3large
 There are 88 shells and 248 basis functions

Total QAlloc Memory Limit   2000 MB
Mega-Array Size       743 MB
MEM_STATIC part       760 MB

                       Distance Matrix (Angstroms)
             O (  1)   C (  2)   H (  3)   H (  4)   C (  5)   C (  6)
   C (  2)  1.431118
   H (  3)  0.969878  1.955736
   H (  4)  2.079163  1.103773  2.328453
   C (  5)  2.364005  1.523937  3.212552  2.148110
   C (  6)  2.443039  1.530174  2.580844  2.154707  2.540539
   H (  7)  2.635701  2.162611  3.522521  3.063836  1.095877  2.786558
   H (  8)  2.707742  2.168571  2.945335  3.069568  2.790476  1.095838
   H (  9)  2.588336  2.162693  3.482398  2.489048  1.094487  3.486424
   H ( 10)  2.725111  2.180241  2.447185  2.505376  3.494491  1.098015
   H ( 11)  3.331282  2.170171  4.077912  2.486833  1.095451  2.810617
   H ( 12)  3.394731  2.181519  3.584965  2.499906  2.819024  1.096408
             H (  7)   H (  8)   H (  9)   H ( 10)   H ( 11)
   H (  8)  2.588007
   H (  9)  1.774192  3.783799
   H ( 10)  3.789170  1.775904  4.322543
   H ( 11)  1.779661  3.163745  1.778892  3.816706
   H ( 12)  3.165779  1.780091  3.821610  1.770031  2.645964
 
 A cutoff of  1.0D-08 yielded   3639 shell pairs
 There are  28920 function pairs ( 34904 Cartesian)
Evaluating contribution to one-electron hamiltonian from nuclear
 Smallest overlap matrix eigenvalue = 4.89E-05

 Q-Chem warning in module mkSTV.C, line 194:

 Overlap eigenvalue is smaller than square root of threshold

 Multipole matrices computed through 2nd order

  Scale SEOQF with 1.000000e-01/1.000000e-01/1.000000e-01

 Standard Electronic Orientation quadrupole field applied
 Nucleus-field energy     =    -0.0000000069 hartrees
 Guess from superposition of atomic densities
 Warning:  Energy on first SCF cycle will be non-variational
 A restricted hybrid HF-DFT SCF calculation will be
 performed using Pulay DIIS extrapolation
 Exchange:     1.0000 Hartree-Fock + 1.0000 BNL
 Correlation:  1.0000 LYP
 Using SG-1 standard quadrature grid
 SCF converges when DIIS error is below 1.0E-05
 ---------------------------------------
  Cycle       Energy         DIIS Error
 ---------------------------------------
    1    -193.8861726271      2.91E-02
    2    -192.7390751310      3.64E-03
    3    -192.8271927664      2.09E-03
    4    -192.8503921219      5.48E-04
    5    -192.8528167405      1.54E-04
    6    -192.8530714117      4.22E-05
    7    -192.8530901685      9.71E-06 Convergence criterion met
 ---------------------------------------
 One-Electron    Energy =  -528.9670492743
 Total Coulomb   Energy =   227.9659779878
 Alpha Exchange  Energy =    -6.3304961074
 Beta  Exchange  Energy =    -6.3304961074
 DFT   Exchange  Energy =   -12.4740893612
 DFT Correlation Energy =    -1.1149299211
 Nuclear Repu.   Energy =   134.3979926152
 Nuclear Attr.   Energy =  -720.2642262840
 Kinetic         Energy =   191.2971770097
 SCF time:  CPU 146.93 s  wall 168.10 s
 Final Alpha MO Eigenvalues
            1           2           3           4           5           6
    1 -19.0839514 -10.3664458 -10.3005428 -10.2924845  -1.3101678  -1.0343611
            7           8           9          10          11          12
    1  -0.9388337  -0.8058058  -0.7130084  -0.6452728  -0.6239573  -0.5665177
           13          14          15          16          17          18
    1  -0.5534840  -0.5489053  -0.5303524  -0.4946737  -0.4549633   0.0314498
           19          20          21          22
    1   0.0495433   0.0524872   0.0575546   0.0781171
 Analysis of SCF Wavefunction
 
 --------------------------------------------------------------
                    Orbital Energies (a.u.)
 --------------------------------------------------------------
 
 Alpha MOs
 -- Occupied --
-19.084 -10.366 -10.301 -10.292  -1.310  -1.034  -0.939  -0.806
 -0.713  -0.645  -0.624  -0.567  -0.553  -0.549  -0.530  -0.495
 -0.455
 -- Virtual --
  0.031   0.050   0.052   0.058   0.078   0.081   0.087   0.093
  0.125   0.137   0.152   0.161   0.165   0.168   0.173   0.181
  0.188   0.193   0.218   0.225   0.257   0.271   0.280   0.292
  0.308   0.313   0.336   0.355   0.362   0.373   0.378   0.398
  0.423   0.445   0.464   0.523   0.540   0.571   0.592   0.612
  0.621   0.661   0.681   0.691   0.696   0.701   0.705   0.721
  0.748   0.758   0.773   0.786   0.816   0.822   0.843   0.886
  0.934   0.951   1.003   1.004   1.049   1.081   1.103   1.121
  1.147   1.188   1.223   1.235   1.259   1.284   1.303   1.317
  1.336   1.355   1.377   1.394   1.439   1.455   1.470   1.484
  1.500   1.506   1.523   1.543   1.570   1.620   1.633   1.646
  1.660   1.681   1.720   1.731   1.762   1.785   1.793   1.830
  1.838   1.985   2.090   2.269   2.304   2.507   2.556   2.631
  2.746   2.772   2.818   2.822   2.884   2.939   2.958   3.054
  3.076   3.085   3.120   3.179   3.188   3.201   3.231   3.270
  3.358   3.376   3.417   3.420   3.446   3.482   3.539   3.568
  3.577   3.594   3.619   3.665   3.697   3.772   3.797   3.810
  3.838   3.851   3.894   3.936   3.956   3.996   4.024   4.065
  4.092   4.122   4.160   4.240   4.246   4.261   4.276   4.312
  4.375   4.406   4.453   4.465   4.486   4.495   4.513   4.548
  4.575   4.599   4.607   4.700   4.713   4.752   4.824   4.853
  4.873   4.893   4.926   4.990   5.106   5.360   5.471   5.513
  5.577   5.657   5.675   5.778   5.818   5.869   5.913   5.944
  5.961   5.980   6.141   6.228   6.732   7.317   7.457   7.553
  7.600   7.886   8.001  24.581  24.691  24.793  27.953  28.125
 28.423  28.472  28.496  28.522  28.532  28.716  28.823  41.226
 41.276  41.288  41.303  41.319  41.340  41.482  41.512  41.534
 41.538  41.548  41.565  41.582  41.624  41.640  44.131  44.145
 44.205  44.234  44.303  46.136  46.449  46.820  50.506
 --------------------------------------------------------------
 
          Ground-State Mulliken Net Atomic Charges

     Atom                 Charge (a.u.)
  ----------------------------------------
      1 O                    -0.354508
      2 C                     0.040099
      3 H                     0.265204
      4 H                     0.081435
      5 C                    -0.292386
      6 C                    -0.313903
      7 H                     0.104827
      8 H                     0.118637
      9 H                     0.108797
     10 H                     0.074431
     11 H                     0.082050
     12 H                     0.085317
  ----------------------------------------
  Sum of atomic charges =     0.000000

 -----------------------------------------------------------------
                    Cartesian Multipole Moments
 -----------------------------------------------------------------
    Charge (ESU x 10^10)
                 0.0000
    Dipole Moment (Debye)
         X       1.4197      Y      -0.0628      Z       1.2593
       Tot       1.8987
    Quadrupole Moments (Debye-Ang)
        XX     -24.6505     XY       0.1329     YY     -26.6135
        XZ      -0.9553     YZ      -0.0396     ZZ     -24.5180
    Octapole Moments (Debye-Ang^2)
       XXX      16.3540    XXY       9.1508    XYY       3.6923
       YYY      26.4781    XXZ     -38.2852    XYZ       0.2205
       YYZ     -37.0781    XZZ       4.9789    YZZ       8.9684
       ZZZ    -106.8987
    Hexadecapole Moments (Debye-Ang^3)
      XXXX    -178.1865   XXXY      21.8694   XXYY     -48.7097
      XYYY      24.7314   YYYY    -116.2912   XXXZ      27.8987
      XXYZ      18.5904   XYYZ       8.4887   YYYZ      55.0655
      XXZZ    -109.2681   XYZZ       7.6324   YYZZ     -98.4570
      XZZZ      26.4815   YZZZ      53.1735   ZZZZ    -437.0030
 -----------------------------------------------------------------
 Total job time:  170.51s(wall), 147.26s(cpu) 
 Mon Apr 11 18:44:30 2011

        *************************************************************
        *                                                           *
        *  Thank you very much for using Q-Chem.  Have a nice day.  *
        *                                                           *
        *************************************************************


0 sent ACK to 0 
now end server 0 ... 
 
**********************************************************************
Job 3 of 3 
**********************************************************************
 
Process 0 of 1 is on cl233.stfx.acenet.ca - thread support 1
initial socket setup ...start
initial socket setup ...done 
now start server 0 ... 

cmd = /usr/bin/ssh clhead /usr/local/qchem/bin/get_hostid 634414535 > /globalscratch/itamblyn/bnl/g297_b3lyp_neut_g03Large/g2g71127/omega1000/qchem13740/lic.dat
                  Welcome to Q-Chem
     A Quantum Leap Into The Future Of Chemistry

 Y. Shao, L. Fusti-Molnar, Y. Jung, J. Kussmann, C. Ochsenfeld,
 S. T. Brown, A. T. B. Gilbert, L. V. Slipchenko,S. V. Levchenko,
 D. P. O'Neill, R. A. DiStasio Jr., R. C. Lochan, T. Wang,
 G. J. O. Beran, N. A. Besley, J. M. Herbert, C. Y. Lin,
 T. Van Voorhis, S. H. Chien, A. Sodt, R. P. Steele, 
 V. A. Rassolov, P. E. Maslen, P. P. Korambath, R. D. Adamson,
 B. Austin, J. Baker, E. F. C. Byrd, H. Dachsel, R. J. Doerksen,
 A. Dreuw, B. D. Dunietz, A. D. Dutoi, T. R. Furlani,
 S. R. Gwaltney, A. Heyden, S. Hirata, C.-P. Hsu, G. Kedziora,
 R. Z. Khaliullin, P. Klunzinger, A. M. Lee, M. S. Lee, W. Liang,
 I. Lotan, N. Nair, B. Peters, E. I. Proynov, P. A. Pieniazek, 
 Y. M. Rhee, J. Ritchie, E. Rosta, C. D. Sherrill, 
 A. C. Simmonett, J. E. Subotnik, H. L. Woodcock III,
 W. Zhang, A. T. Bell, A. K. Chakraborty, D. M. Chipman,
 F. J. Keil, A. Warshel, W. J. Hehre, H. F. Schaefer III,
 J. Kong, A. I. Krylov, P. M. W. Gill, M. Head-Gordon,
 Q-Chem, Version 3.1, Q-Chem, Inc., Pittsburgh, PA (2007).

 Additional authors for Version 3.1: 
 Z. Gan, Y. Zhao, N. E. Schultz, D. Truhlar, E. Epifanovsky and M. Oana.

 Additional authors for Version 3.2: 
 R. Baer, B. R. Brooks, D. Casanova, J.-D. Chai, C.-L. Cheng, 
 C. Cramer, D. Crittenden, A. Ghysels, G. Hawkins, E. G. Hohenstein, 
 C. Kelley, W. Kurlancheek, D. Liotard, E. Livshits, P. Manohar, 
 A. Marenich, D. Neuhauser, R. Olson, M. A. Rohrdanz, K. S. Thanthiriwatte, 
 A. J. W. Thom, V. Vanovschi, C. F. Williams, Q. Wu and Z.-Q. You. 


 Intel X86 Linux Version

 Q-chem begins on Mon Apr 11 18:44:33 2011  

 Parallel job on  1  processors
Processing $rem in /usr/local/qchem/config/preferences.

theFileMan(): MAXOPENFILES=974 MAX_SUB_FILE_NUM=16
Maximum size of a physical file is 2.0 GB, maximum size of a tmp-file is 32.0 GB


--------------------------------------------------------------
User input:
--------------------------------------------------------------

$molecule
1,2
O
C1,O,r1
H1,C1,r2,O,a1
H,O,roh,C1,aoh,H1,toh,0
C2,C1,r3a,O,a2a,H1,t1a,0
C3,C1,r3b,O,a2b,H1,-t1b,0
H,C2,r4a,C1,a4a,H1,t2a,0
H,C3,r5a,C1,a5a,H1,-t2b,0
H,C2,r4b,C1,a4b,H1,t3a,0
H,C3,r5b,C1,a5b,H1,-t3b,0
H,C2,r4c,C1,a4c,H1,-t4a,0
H,C3,r5c,C1,a5c,H1,t4b,0

r1=1.43111827
r2=1.9557364
roh=2.07916264
r3a=1.52393712
r3b=1.53017411
r4a=1.09587708
r5a=1.09583825
r4b=1.09448657
r5b=1.09801539
r4c=1.0954512
r5c=1.0964078
a1=28.22171182
aoh=30.02045037
a2a=106.21524706
a2b=111.13113306
a4a=110.2041443
a5a=110.24366741
a4b=110.29321839
a5b=111.03931704
a4c=110.82961388
a5c=111.23833611
toh=-62.32359188
t1a=179.44473237
t1b=57.80032287
t2a=63.0172795
t2b=83.272013
t3a=-56.37337218
t3b=-36.4963859
t4a=176.72748761
t4b=156.21533884

$end

$comment
positive
$end

$xc_functional
   X HF 1.0
   X BNL 1.0
   C LYP 1.0
$end

$rem
SYMMETRY_DECOMPOSITION	0
exchange 		general
BASIS                   g3large
omega			1000
separate_jk		true
mem_static              760
max_scf_cycles          200
scf_final_print         1
sym_ignore              true
$end

--------------------------------------------------------------
 Writing REM_CC_EA           12
 ----------------------------------------------------
       Standard Nuclear Orientation (Angstroms)
    I     Atom         X            Y            Z
 ----------------------------------------------------
    1      O       0.000000     0.000000     0.000000
    2      C       0.000000     0.000000     1.431118
    3      H       0.924838     0.000000    -0.292129
    4      H       0.483161     0.921207     1.800236
    5      C      -1.463245     0.014181     1.856673
    6      C       0.760558    -1.207760     1.982752
    7      H      -1.967442    -0.894454     1.508657
    8      H       0.298586    -2.138301     1.634130
    9      H      -1.976608     0.877600     1.422084
   10      H       1.806714    -1.200668     1.649367
   11      H      -1.551233     0.066921     2.947310
   12      H       0.763328    -1.208441     3.079156
 ----------------------------------------------------
 Nuclear Repulsion Energy =   134.3979926221 hartrees
 There are       17 alpha and       16 beta electrons
 Requested basis set is G3large
 There are 88 shells and 248 basis functions

Total QAlloc Memory Limit   2000 MB
Mega-Array Size       743 MB
MEM_STATIC part       760 MB

                       Distance Matrix (Angstroms)
             O (  1)   C (  2)   H (  3)   H (  4)   C (  5)   C (  6)
   C (  2)  1.431118
   H (  3)  0.969878  1.955736
   H (  4)  2.079163  1.103773  2.328453
   C (  5)  2.364005  1.523937  3.212552  2.148110
   C (  6)  2.443039  1.530174  2.580844  2.154707  2.540539
   H (  7)  2.635701  2.162611  3.522521  3.063836  1.095877  2.786558
   H (  8)  2.707742  2.168571  2.945335  3.069568  2.790476  1.095838
   H (  9)  2.588336  2.162693  3.482398  2.489048  1.094487  3.486424
   H ( 10)  2.725111  2.180241  2.447185  2.505376  3.494491  1.098015
   H ( 11)  3.331282  2.170171  4.077912  2.486833  1.095451  2.810617
   H ( 12)  3.394731  2.181519  3.584965  2.499906  2.819024  1.096408
             H (  7)   H (  8)   H (  9)   H ( 10)   H ( 11)
   H (  8)  2.588007
   H (  9)  1.774192  3.783799
   H ( 10)  3.789170  1.775904  4.322543
   H ( 11)  1.779661  3.163745  1.778892  3.816706
   H ( 12)  3.165779  1.780091  3.821610  1.770031  2.645964
 
 A cutoff of  1.0D-08 yielded   3639 shell pairs
 There are  28920 function pairs ( 34904 Cartesian)
Evaluating contribution to one-electron hamiltonian from nuclear
 Smallest overlap matrix eigenvalue = 4.89E-05

 Q-Chem warning in module mkSTV.C, line 194:

 Overlap eigenvalue is smaller than square root of threshold

 Multipole matrices computed through 2nd order

  Scale SEOQF with 1.000000e-01/1.000000e-01/1.000000e-01

 Standard Electronic Orientation quadrupole field applied
 Nucleus-field energy     =    -0.0000000069 hartrees
 Guess from superposition of atomic densities
 Warning:  Energy on first SCF cycle will be non-variational
 An unrestricted hybrid HF-DFT SCF calculation will be
 performed using Pulay DIIS extrapolation
 Exchange:     1.0000 Hartree-Fock + 1.0000 BNL
 Correlation:  1.0000 LYP
 Using SG-1 standard quadrature grid
 SCF converges when DIIS error is below 1.0E-05
 Warning!  Inaccurate integrated density:
   Number of electrons =    33
   Numerical integral  =    34.000227111547
   Relative error      =     3.0309912471 %
 ---------------------------------------
  Cycle       Energy         DIIS Error
 ---------------------------------------
    1    -193.8861726271      2.91E-02
    2    -192.3128463446      3.18E-03
    3    -192.3871754199      2.29E-03
    4    -192.4163785911      5.77E-04
    5    -192.4233773851      2.97E-04
    6    -192.4272335292      2.44E-04
    7    -192.4317505569      2.59E-04
    8    -192.4345827112      2.63E-04
    9    -192.4332958205      2.61E-04
   10    -192.4182238872      3.96E-04
   11    -192.4240622688      3.21E-04
   12    -192.4294491622      3.37E-04
   13    -192.4244761718      3.84E-04
   14    -192.4251843392      3.93E-04
   15    -192.4251929473      3.92E-04
   16    -192.4287047707      2.50E-04
   17    -192.4313842665      2.55E-04
   18    -192.4344243822      2.61E-04
   19    -192.4348486753      2.61E-04
   20    -192.4384228911      1.73E-04
   21    -192.4417512907      2.55E-04
   22    -192.4516283326      1.49E-04
   23    -192.4374157331      3.14E-04
   24    -192.4376132233      3.68E-04
   25    -192.4505259579      4.85E-04
   26    -192.4519855599      5.88E-04
   27    -192.4486010108      6.75E-04
   28    -192.4486941957      6.74E-04
   29    -192.4493513674      6.81E-04
   30    -192.4496940114      6.81E-04
   31    -192.4490173560      6.86E-04
   32    -192.4495152206      6.85E-04
   33    -192.4501053184      6.85E-04
   34    -192.4502626749      6.83E-04
   35    -192.4535901640      5.20E-04
   36    -192.4559645308      1.26E-04
   37    -192.4571101710      8.79E-05
   38    -192.4578938831      5.07E-05
   39    -192.4582377356      2.00E-05
   40    -192.4583003992      1.70E-05
   41    -192.4583355554      9.42E-06 Convergence criterion met
 ---------------------------------------
 One-Electron    Energy =  -519.8081833750
 Total Coulomb   Energy =   218.8439096723
 Alpha Exchange  Energy =    -6.4172629798
 Beta  Exchange  Energy =    -5.9728958843
 DFT   Exchange  Energy =   -12.4244045549
 DFT Correlation Energy =    -1.0774910489
 Nuclear Repu.   Energy =   134.3979926152
 Nuclear Attr.   Energy =  -710.8407677800
 Kinetic         Energy =   191.0325844051
 <S^2> = 0.7587
 SCF time:  CPU 1092.01 s  wall 1189.23 s
 Final Alpha MO Eigenvalues
            1           2           3           4           5           6
    1 -19.5403905 -10.6281796 -10.5235907 -10.4918928  -1.7246949  -1.2936535
            7           8           9          10          11          12
    1  -1.1642504  -1.0931826  -1.0481387  -1.0083194  -0.9267276  -0.8431407
           13          14          15          16          17          18
    1  -0.7923350  -0.7819716  -0.7573044  -0.7282990  -0.7228442  -0.1354461
           19          20          21          22
    1  -0.0863111  -0.0797795  -0.0729913  -0.0498391
 Final Beta MO Eigenvalues
            1           2           3           4           5           6
    1 -19.5135980 -10.6284247 -10.5216656 -10.4919222  -1.6424954  -1.2772185
            7           8           9          10          11          12
    1  -1.1547490  -1.0805157  -1.0084630  -0.9148437  -0.8547050  -0.7921652
           13          14          15          16          17          18
    1  -0.7780593  -0.7562827  -0.7274445  -0.7212793  -0.3311956  -0.1325049
           19          20          21
    1  -0.0856438  -0.0777938  -0.0721908
 Analysis of SCF Wavefunction
 
 --------------------------------------------------------------
                    Orbital Energies (a.u.)
 --------------------------------------------------------------
 
 Alpha MOs
 -- Occupied --
-19.540 -10.628 -10.524 -10.492  -1.725  -1.294  -1.164  -1.093
 -1.048  -1.008  -0.927  -0.843  -0.792  -0.782  -0.757  -0.728
 -0.723
 -- Virtual --
 -0.135  -0.086  -0.080  -0.073  -0.050  -0.043  -0.039  -0.034
 -0.023  -0.015   0.003   0.006   0.015   0.025   0.032   0.035
  0.048   0.061   0.068   0.072   0.083   0.090   0.098   0.119
  0.130   0.138   0.143   0.150   0.159   0.175   0.210   0.216
  0.233   0.242   0.253   0.333   0.353   0.358   0.384   0.409
  0.434   0.449   0.467   0.484   0.501   0.508   0.512   0.527
  0.539   0.544   0.556   0.578   0.615   0.629   0.648   0.667
  0.719   0.744   0.774   0.785   0.825   0.863   0.889   0.902
  0.913   0.965   0.987   1.010   1.020   1.037   1.066   1.098
  1.117   1.138   1.151   1.180   1.213   1.234   1.251   1.264
  1.276   1.297   1.312   1.318   1.328   1.391   1.426   1.437
  1.458   1.473   1.498   1.511   1.549   1.561   1.566   1.609
  1.624   1.684   1.747   1.960   1.989   2.169   2.239   2.424
  2.514   2.524   2.588   2.606   2.661   2.714   2.722   2.803
  2.822   2.853   2.876   2.951   2.972   2.986   3.011   3.038
  3.142   3.145   3.172   3.200   3.208   3.266   3.328   3.338
  3.355   3.378   3.394   3.439   3.464   3.519   3.566   3.601
  3.612   3.617   3.644   3.677   3.704   3.714   3.764   3.831
  3.862   3.901   3.927   3.973   4.018   4.039   4.055   4.094
  4.121   4.150   4.208   4.232   4.262   4.286   4.301   4.314
  4.325   4.362   4.375   4.485   4.488   4.534   4.599   4.635
  4.644   4.672   4.698   4.758   4.880   4.912   5.084   5.120
  5.240   5.333   5.420   5.444   5.470   5.521   5.651   5.708
  5.748   5.771   5.814   5.894   6.363   6.852   7.060   7.112
  7.146   7.477   7.602  24.341  24.478  24.561  27.713  27.883
 28.168  28.259  28.277  28.315  28.322  28.483  28.591  40.973
 41.017  41.063  41.094  41.101  41.132  41.220  41.254  41.286
 41.312  41.340  41.347  41.380  41.403  41.430  43.649  43.660
 43.727  43.790  43.861  45.657  46.006  46.377  50.052
 
 Beta MOs
 -- Occupied --
-19.514 -10.628 -10.522 -10.492  -1.642  -1.277  -1.155  -1.081
 -1.008  -0.915  -0.855  -0.792  -0.778  -0.756  -0.727  -0.721
 -- Virtual --
 -0.331  -0.133  -0.086  -0.078  -0.072  -0.049  -0.043  -0.038
 -0.031  -0.022  -0.014   0.004   0.008   0.016   0.025   0.034
  0.035   0.050   0.061   0.073   0.075   0.085   0.092   0.099
  0.120   0.131   0.141   0.151   0.153   0.160   0.177   0.215
  0.218   0.235   0.244   0.257   0.336   0.355   0.362   0.392
  0.411   0.438   0.452   0.469   0.489   0.504   0.511   0.515
  0.529   0.541   0.549   0.559   0.580   0.620   0.630   0.649
  0.669   0.720   0.747   0.779   0.788   0.827   0.866   0.892
  0.907   0.922   0.968   1.005   1.017   1.037   1.045   1.070
  1.100   1.119   1.140   1.153   1.182   1.216   1.240   1.254
  1.269   1.284   1.298   1.315   1.324   1.332   1.393   1.429
  1.439   1.460   1.476   1.502   1.518   1.554   1.565   1.570
  1.614   1.627   1.702   1.782   1.982   2.007   2.202   2.245
  2.425   2.519   2.526   2.590   2.608   2.664   2.718   2.725
  2.807   2.826   2.856   2.883   2.953   2.972   2.988   3.012
  3.041   3.144   3.147   3.177   3.201   3.210   3.268   3.330
  3.341   3.356   3.379   3.395   3.440   3.467   3.523   3.569
  3.602   3.615   3.618   3.647   3.679   3.706   3.718   3.767
  3.833   3.866   3.902   3.930   3.976   4.020   4.041   4.056
  4.096   4.128   4.153   4.213   4.234   4.265   4.288   4.302
  4.315   4.330   4.367   4.378   4.486   4.493   4.536   4.603
  4.639   4.647   4.675   4.702   4.761   4.883   4.987   5.129
  5.157   5.275   5.349   5.440   5.448   5.507   5.535   5.668
  5.711   5.750   5.774   5.832   5.903   6.385   6.933   7.088
  7.172   7.221   7.513   7.627  24.341  24.479  24.561  27.714
 27.884  28.167  28.260  28.278  28.315  28.322  28.484  28.591
 40.973  41.017  41.065  41.096  41.101  41.132  41.220  41.253
 41.286  41.314  41.341  41.348  41.380  41.405  41.430  43.713
 43.728  43.788  43.817  43.886  45.705  46.024  46.395  50.082
 --------------------------------------------------------------
 
          Ground-State Mulliken Net Atomic Charges

     Atom                 Charge (a.u.)    Spin (a.u.)
  --------------------------------------------------------
      1 O                     0.249823       0.904460
      2 C                    -0.188125      -0.033448
      3 H                     0.356648      -0.025301
      4 H                     0.212406       0.082063
      5 C                    -0.242374      -0.002896
      6 C                    -0.235796       0.071918
      7 H                     0.144600       0.002434
      8 H                     0.157017      -0.003089
      9 H                     0.137050       0.001734
     10 H                     0.119111      -0.003484
     11 H                     0.135511      -0.001385
     12 H                     0.154129       0.006995
  --------------------------------------------------------
  Sum of atomic charges =     1.000000
  Sum of spin   charges =     1.000000

 -----------------------------------------------------------------
                    Cartesian Multipole Moments
 -----------------------------------------------------------------
    Charge (ESU x 10^10)
                 4.8032
    Dipole Moment (Debye)
         X       1.6949      Y      -0.7888      Z       5.0205
       Tot       5.3572
    Quadrupole Moments (Debye-Ang)
        XX     -18.6323     XY      -0.7849     YY     -20.6680
        XZ      -1.2180     YZ      -2.0330     ZZ     -11.8144
    Octapole Moments (Debye-Ang^2)
       XXX      12.8835    XXY       7.2330    XYY       5.1632
       YYY      21.0117    XXZ     -28.5624    XYZ      -2.0820
       YYZ     -28.5469    XZZ       4.5460    YZZ       2.8996
       ZZZ     -72.1809
    Hexadecapole Moments (Debye-Ang^3)
      XXXX    -147.6215   XXXY      17.9123   XXYY     -40.1713
      XYYY      20.4799   YYYY     -93.3450   XXXZ      19.2831
      XXYZ      14.3677   XYYZ      12.1617   YYYZ      43.2288
      XXZZ     -82.8614   XYZZ       0.9835   YYZZ     -75.3323
      XZZZ      24.4990   YZZZ      33.2286   ZZZZ    -324.5088
 -----------------------------------------------------------------
 Total job time:  1194.87s(wall), 1092.35s(cpu) 
 Mon Apr 11 19:04:28 2011

        *************************************************************
        *                                                           *
        *  Thank you very much for using Q-Chem.  Have a nice day.  *
        *                                                           *
        *************************************************************


0 sent ACK to 0 
now end server 0 ... 
