Process 0 of 1 is on cl122 - thread support 1
initial socket setup ...start
initial socket setup ...done 
now start server 0 ... 

cmd = /usr/bin/ssh clhead /usr/local/qchem/bin/get_hostid 210259329 > /tmp/1601961.1.medium.q/qchem31385/lic.dat

cmd = /usr/bin/ssh clhead /usr/local/qchem/bin/get_hostid 210259329 > /tmp/1601961.1.medium.q/qchem31385/lic.dat

cmd = /usr/bin/ssh clhead /usr/local/qchem/bin/get_hostid 210259329 > /tmp/1601961.1.medium.q/qchem31385/lic.dat

cmd = /usr/bin/ssh clhead /usr/local/qchem/bin/get_hostid 210259329 > /tmp/1601961.1.medium.q/qchem31385/lic.dat

cmd = /usr/bin/ssh clhead /usr/local/qchem/bin/get_hostid 210259329 > /tmp/1601961.1.medium.q/qchem31385/lic.dat
                  Welcome to Q-Chem
     A Quantum Leap Into The Future Of Chemistry

 Y. Shao, L. Fusti-Molnar, Y. Jung, J. Kussmann, C. Ochsenfeld,
 S. T. Brown, A. T. B. Gilbert, L. V. Slipchenko,S. V. Levchenko,
 D. P. O'Neill, R. A. DiStasio Jr., R. C. Lochan, T. Wang,
 G. J. O. Beran, N. A. Besley, J. M. Herbert, C. Y. Lin,
 T. Van Voorhis, S. H. Chien, A. Sodt, R. P. Steele, 
 V. A. Rassolov, P. E. Maslen, P. P. Korambath, R. D. Adamson,
 B. Austin, J. Baker, E. F. C. Byrd, H. Dachsel, R. J. Doerksen,
 A. Dreuw, B. D. Dunietz, A. D. Dutoi, T. R. Furlani,
 S. R. Gwaltney, A. Heyden, S. Hirata, C.-P. Hsu, G. Kedziora,
 R. Z. Khaliullin, P. Klunzinger, A. M. Lee, M. S. Lee, W. Liang,
 I. Lotan, N. Nair, B. Peters, E. I. Proynov, P. A. Pieniazek, 
 Y. M. Rhee, J. Ritchie, E. Rosta, C. D. Sherrill, 
 A. C. Simmonett, J. E. Subotnik, H. L. Woodcock III,
 W. Zhang, A. T. Bell, A. K. Chakraborty, D. M. Chipman,
 F. J. Keil, A. Warshel, W. J. Hehre, H. F. Schaefer III,
 J. Kong, A. I. Krylov, P. M. W. Gill, M. Head-Gordon,
 Q-Chem, Version 3.1, Q-Chem, Inc., Pittsburgh, PA (2007).

 Additional authors for Version 3.1: 
 Z. Gan, Y. Zhao, N. E. Schultz, D. Truhlar, E. Epifanovsky and M. Oana.

 Additional authors for Version 3.2: 
 R. Baer, B. R. Brooks, D. Casanova, J.-D. Chai, C.-L. Cheng, 
 C. Cramer, D. Crittenden, A. Ghysels, G. Hawkins, E. G. Hohenstein, 
 C. Kelley, W. Kurlancheek, D. Liotard, E. Livshits, P. Manohar, 
 A. Marenich, D. Neuhauser, R. Olson, M. A. Rohrdanz, K. S. Thanthiriwatte, 
 A. J. W. Thom, V. Vanovschi, C. F. Williams, Q. Wu and Z.-Q. You. 


 Intel X86 Linux Version

 Q-chem begins on Thu Mar 20 02:45:43 2014  

 Parallel job on  1  processors
Processing $rem in /usr/local/qchem/config/preferences.

theFileMan(): MAXOPENFILES=974 MAX_SUB_FILE_NUM=16
Maximum size of a physical file is 2.0 GB, maximum size of a tmp-file is 32.0 GB


--------------------------------------------------------------
User input:
--------------------------------------------------------------

$molecule
-1,2
C          0.00000        0.00000        0.00383
C          0.00000        0.00000        1.34300
Cl         1.44281        0.00000       -0.90583
Cl        -1.44281        0.00000       -0.90583
Cl        -1.44281        0.00000        2.25266
Cl         1.44281        0.00000        2.25266
$end

$comment
negative
$end

$xc_functional
C PBE   1.00
X wPBE  1.00
$end

$rem
SYMMETRY_DECOMPOSITION	0
exchange 		general
LRC_DFT                 true
BASIS                   g3large
omega			320
mem_static              760
max_scf_cycles          200
scf_final_print         1
sym_ignore              true
$end

--------------------------------------------------------------
 Writing REM_CC_EA            6
 ----------------------------------------------------
       Standard Nuclear Orientation (Angstroms)
    I     Atom         X            Y            Z
 ----------------------------------------------------
    1      C       0.000000     0.000000     0.003830
    2      C       0.000000     0.000000     1.343000
    3      Cl      1.442810     0.000000    -0.905830
    4      Cl     -1.442810     0.000000    -0.905830
    5      Cl     -1.442810     0.000000     2.252660
    6      Cl      1.442810     0.000000     2.252660
 ----------------------------------------------------
 Nuclear Repulsion Energy =   495.9436981448 hartrees
 There are       41 alpha and       40 beta electrons
 Requested basis set is G3large
 There are 96 shells and 348 basis functions

Total QAlloc Memory Limit   2000 MB
Mega-Array Size       743 MB
MEM_STATIC part       760 MB

                       Distance Matrix (Angstroms)
             C (  1)   C (  2)   Cl(  3)   Cl(  4)   Cl(  5)
   C (  2)  1.339170
   Cl(  3)  1.705632  2.671879
   Cl(  4)  1.705632  2.671879  2.885620
   Cl(  5)  2.671879  1.705632  4.278184  3.158490
   Cl(  6)  2.671879  1.705632  3.158490  4.278184  2.885620
 
 A cutoff of  1.0D-08 yielded   3466 shell pairs
 There are  47748 function pairs ( 66451 Cartesian)
Evaluating contribution to one-electron hamiltonian from nuclear
 Smallest overlap matrix eigenvalue = 9.71E-06

 Q-Chem warning in module mkSTV.C, line 194:

 Overlap eigenvalue is smaller than square root of threshold

 Multipole matrices computed through 2nd order

  Scale SEOQF with 1.000000e-01/1.000000e-01/1.000000e-01

 Standard Electronic Orientation quadrupole field applied
 Nucleus-field energy     =    -0.0000000176 hartrees
 Guess from superposition of atomic densities
 Warning:  Energy on first SCF cycle will be non-variational
 Long-range K will be added via erf
 Coulomb attenuation parameter = 0.32 bohr**(-1)
 An unrestricted Kohn-Sham SCF calculation will be
 performed using Pulay DIIS extrapolation
 Exchange:  wPBE + LR-HF      Correlation:  PBE
 Using SG-1 standard quadrature grid
 SCF converges when DIIS error is below 1.0E-05
 Requested basis set is G3large
 There are 96 shells and 348 basis functions
 A cutoff of  1.0D-08 yielded   3466 shell pairs
 There are  47748 function pairs ( 66451 Cartesian)
 Warning!  Inaccurate integrated density:
   Number of electrons =    81
   Numerical integral  =    80.000163028812
   Relative error      =    -1.2343666311 %
 ---------------------------------------
  Cycle       Energy         DIIS Error
 ---------------------------------------
    1   -1917.7420952064      2.02E-02
    2   -1916.2918903239      1.54E-03
    3   -1916.3388185784      7.29E-04
    4   -1916.3444233940      1.53E-04
    5   -1916.3453513100      8.83E-05
    6   -1916.3455220993      4.63E-05
    7   -1916.3455971143      1.16E-05
    8   -1916.3456107306      4.35E-06 Convergence criterion met
 ---------------------------------------
 One-Electron    Energy = -3647.9408327434
 Total Coulomb   Energy =  1359.1411684012
 Alpha Exchange  Energy =    -6.9486721082
 Beta  Exchange  Energy =    -6.7854495731
 DFT   Exchange  Energy =  -106.6349247195
 DFT Correlation Energy =    -3.1205981147
 Nuclear Repu.   Energy =   495.9436981272
 Nuclear Attr.   Energy = -5562.0094839270
 Kinetic         Energy =  1914.0686511836
 <S^2> = 0.7552
 SCF time:  CPU 542.23 s  wall 545.26 s
 Final Alpha MO Eigenvalues
            1           2           3           4           5           6
    1-100.6753647-100.6753637-100.6752892-100.6752889  -9.9437085  -9.9432150
            7           8           9          10          11          12
    1  -9.1960621  -9.1960455  -9.1959922  -9.1959775  -7.0165422  -7.0165412
           13          14          15          16          17          18
    1  -7.0164860  -7.0164840  -7.0069160  -7.0069158  -7.0068607  -7.0068602
           19          20          21          22          23          24
    1  -7.0067753  -7.0067746  -7.0067204  -7.0067196  -0.8706833  -0.8228915
           25          26          27          28          29          30
    1  -0.7828213  -0.7582765  -0.6283594  -0.4820073  -0.4181569  -0.4181248
           31          32          33          34          35          36
    1  -0.3726942  -0.3425292  -0.3094433  -0.2745941  -0.2716542  -0.2706170
           37          38          39          40          41          42
    1  -0.2622939  -0.2585384  -0.2222023  -0.1639956   0.0055622   0.1841181
           43          44          45          46
    1   0.1923998   0.1927880   0.2032696   0.2444489
 Final Beta MO Eigenvalues
            1           2           3           4           5           6
    1-100.6753576-100.6753571-100.6752823-100.6752819  -9.9367035  -9.9361180
            7           8           9          10          11          12
    1  -9.1959858  -9.1959693  -9.1959160  -9.1959015  -7.0167169  -7.0167152
           13          14          15          16          17          18
    1  -7.0166606  -7.0166584  -7.0067908  -7.0067901  -7.0067359  -7.0067352
           19          20          21          22          23          24
    1  -7.0065073  -7.0065060  -7.0064518  -7.0064505  -0.8636086  -0.8175537
           25          26          27          28          29          30
    1  -0.7814179  -0.7569527  -0.6212641  -0.4675994  -0.4141583  -0.4124107
           31          32          33          34          35          36
    1  -0.3521844  -0.3392413  -0.2945742  -0.2738055  -0.2700845  -0.2664349
           37          38          39          40          41          42
    1  -0.2620548  -0.2514091  -0.2219384  -0.1251247   0.1852320   0.1935700
           43          44          45
    1   0.1938659   0.2038634   0.2449709
 Analysis of SCF Wavefunction
 
 --------------------------------------------------------------
                    Orbital Energies (a.u.)
 --------------------------------------------------------------
 
 Alpha MOs
 -- Occupied --
*******-100.675-100.675-100.675  -9.944  -9.943  -9.196  -9.196
 -9.196  -9.196  -7.017  -7.017  -7.016  -7.016  -7.007  -7.007
 -7.007  -7.007  -7.007  -7.007  -7.007  -7.007  -0.871  -0.823
 -0.783  -0.758  -0.628  -0.482  -0.418  -0.418  -0.373  -0.343
 -0.309  -0.275  -0.272  -0.271  -0.262  -0.259  -0.222  -0.164
  0.006
 -- Virtual --
  0.184   0.192   0.193   0.203   0.244   0.248   0.255   0.257
  0.264   0.266   0.268   0.293   0.296   0.299   0.309   0.321
  0.326   0.326   0.348   0.349   0.358   0.360   0.391   0.398
  0.407   0.410   0.420   0.447   0.458   0.468   0.500   0.517
  0.525   0.542   0.550   0.581   0.581   0.600   0.601   0.611
  0.612   0.648   0.653   0.668   0.682   0.693   0.703   0.704
  0.715   0.720   0.739   0.744   0.769   0.788   0.789   0.804
  0.824   0.856   0.857   0.866   0.907   0.922   0.976   1.011
  1.013   1.018   1.041   1.058   1.083   1.105   1.146   1.178
  1.190   1.225   1.225   1.255   1.259   1.269   1.277   1.288
  1.299   1.309   1.327   1.334   1.335   1.347   1.359   1.360
  1.364   1.380   1.382   1.387   1.394   1.395   1.399   1.425
  1.441   1.446   1.471   1.494   1.506   1.516   1.536   1.542
  1.574   1.639   1.644   1.659   1.671   1.677   1.710   1.733
  1.766   1.805   1.831   1.836   1.859   1.875   1.918   1.918
  1.925   1.932   1.937   2.015   2.029   2.037   2.080   2.092
  2.110   2.286   2.376   2.391   2.404   2.456   2.471   2.540
  2.560   2.566   2.646   2.704   2.762   2.836   2.847   2.991
  3.096   3.104   3.125   3.261   3.262   3.360   3.367   3.417
  3.537   3.539   3.543   3.607   3.679   3.692   3.719   3.750
  3.751   3.834   3.858   3.879   3.907   4.002   4.158   4.224
  4.224   4.524   4.528   4.555   4.560   4.563   4.575   4.585
  4.588   4.590   4.640   4.649   4.650   4.652   4.679   4.682
  4.703   4.706   4.709   4.716   4.735   4.765   4.804   4.810
  4.824   4.824   4.868   4.873   4.876   4.954   4.990   5.164
  5.226   5.251   5.269   5.286   5.293   5.310   5.323   5.375
  5.389   5.409   5.433   5.474   5.509   5.537   5.550   5.689
  5.769   5.908   6.061   6.333   6.344   9.971  10.101  10.147
 10.281  20.697  20.705  20.719  20.746  20.751  20.779  20.787
 20.836  20.946  21.031  21.079  21.108  23.785  24.650  27.233
 27.236  27.272  27.277  27.283  27.287  27.293  27.303  27.307
 27.320  27.326  27.336  27.338  27.360  27.364  27.371  27.372
 27.449  27.457  27.489  27.507  27.634  28.339  28.348  28.441
 28.559  36.934  36.935  36.936  36.937  36.938  36.938  36.938
 36.941  36.946  36.947  36.947  36.948  36.950  36.950  36.950
 36.951  36.951  36.955  36.956  36.958  36.961  36.967  36.969
 36.969  36.973  36.974  36.979  36.988  40.947  41.003  41.043
 41.235  41.237  41.284  41.318  41.332  41.363  41.405 215.852
215.992 216.029 216.204
 
 Beta MOs
 -- Occupied --
*******-100.675-100.675-100.675  -9.937  -9.936  -9.196  -9.196
 -9.196  -9.196  -7.017  -7.017  -7.017  -7.017  -7.007  -7.007
 -7.007  -7.007  -7.007  -7.007  -7.006  -7.006  -0.864  -0.818
 -0.781  -0.757  -0.621  -0.468  -0.414  -0.412  -0.352  -0.339
 -0.295  -0.274  -0.270  -0.266  -0.262  -0.251  -0.222  -0.125
 -- Virtual --
  0.185   0.194   0.194   0.204   0.245   0.249   0.250   0.258
  0.259   0.265   0.269   0.283   0.294   0.297   0.300   0.315
  0.323   0.326   0.335   0.349   0.349   0.362   0.368   0.391
  0.400   0.407   0.412   0.422   0.451   0.461   0.472   0.504
  0.518   0.526   0.543   0.553   0.587   0.591   0.601   0.602
  0.615   0.621   0.649   0.653   0.671   0.697   0.701   0.705
  0.707   0.715   0.720   0.741   0.749   0.782   0.789   0.793
  0.806   0.828   0.857   0.861   0.880   0.915   0.929   0.976
  1.015   1.017   1.032   1.057   1.076   1.090   1.113   1.151
  1.184   1.192   1.226   1.233   1.261   1.264   1.273   1.280
  1.290   1.302   1.310   1.329   1.335   1.336   1.349   1.360
  1.362   1.365   1.383   1.383   1.392   1.394   1.398   1.401
  1.427   1.442   1.451   1.472   1.496   1.509   1.523   1.537
  1.545   1.577   1.642   1.644   1.662   1.673   1.682   1.711
  1.742   1.767   1.808   1.838   1.840   1.869   1.884   1.923
  1.929   1.930   1.933   1.950   2.024   2.032   2.040   2.083
  2.094   2.111   2.296   2.380   2.395   2.407   2.461   2.472
  2.545   2.561   2.568   2.650   2.708   2.765   2.840   2.849
  3.029   3.119   3.135   3.143   3.278   3.287   3.381   3.384
  3.440   3.539   3.552   3.559   3.631   3.696   3.711   3.752
  3.755   3.775   3.858   3.875   3.894   3.941   4.030   4.164
  4.233   4.246   4.527   4.532   4.557   4.561   4.565   4.577
  4.586   4.590   4.592   4.641   4.652   4.653   4.654   4.680
  4.683   4.704   4.708   4.710   4.718   4.739   4.767   4.807
  4.811   4.824   4.824   4.867   4.876   4.896   4.956   4.992
  5.165   5.226   5.251   5.270   5.287   5.294   5.311   5.327
  5.376   5.391   5.410   5.436   5.476   5.512   5.538   5.550
  5.692   5.770   5.909   6.062   6.335   6.346   9.972  10.101
 10.148  10.282  20.698  20.706  20.720  20.746  20.752  20.779
 20.787  20.836  20.945  21.031  21.079  21.107  23.793  24.658
 27.233  27.236  27.276  27.277  27.283  27.290  27.293  27.303
 27.307  27.320  27.326  27.337  27.339  27.360  27.364  27.371
 27.372  27.449  27.472  27.490  27.508  27.654  28.344  28.352
 28.445  28.564  36.934  36.935  36.936  36.937  36.938  36.938
 36.938  36.941  36.946  36.947  36.948  36.948  36.950  36.950
 36.950  36.951  36.951  36.955  36.956  36.958  36.961  36.967
 36.969  36.969  36.973  36.974  36.979  36.988  40.961  41.010
 41.059  41.249  41.251  41.298  41.320  41.346  41.368  41.408
215.852 215.992 216.030 216.204
 --------------------------------------------------------------
 
          Ground-State Mulliken Net Atomic Charges

     Atom                 Charge (a.u.)    Spin (a.u.)
  --------------------------------------------------------
      1 C                     0.527272       0.407735
      2 C                     0.527626       0.407757
      3 Cl                   -0.513834       0.046132
      4 Cl                   -0.513527       0.046129
      5 Cl                   -0.513884       0.046134
      6 Cl                   -0.513654       0.046113
  --------------------------------------------------------
  Sum of atomic charges =    -1.000000
  Sum of spin   charges =     1.000000

 -----------------------------------------------------------------
                    Cartesian Multipole Moments
 -----------------------------------------------------------------
    Charge (ESU x 10^10)
                -4.8032
    Dipole Moment (Debye)
         X       0.0000      Y       0.0000      Z      -3.2346
       Tot       3.2346
    Quadrupole Moments (Debye-Ang)
        XX     -74.2520     XY       0.0171     YY     -66.8534
        XZ       0.0004     YZ      -0.0050     ZZ     -80.4346
    Octapole Moments (Debye-Ang^2)
       XXX       0.0000    XXY       0.0000    XYY       0.0000
       YYY       0.0000    XXZ     -50.0024    XYZ       0.0115
       YYZ     -45.0201    XZZ       0.0006    YZZ      -0.0067
       ZZZ    -159.5640
    Hexadecapole Moments (Debye-Ang^3)
      XXXX    -749.6696   XXXY       0.1667   XXYY    -147.7423
      XYYY       0.0684   YYYY     -84.6220   XXXZ       0.0004
      XXYZ      -0.0578   XYYZ      -0.0008   YYYZ      -0.0187
      XXZZ    -322.6744   XYZZ       0.1448   YYZZ    -205.7997
      XZZZ       0.0006   YZZZ      -0.0459   ZZZZ   -1172.3914
 -----------------------------------------------------------------
 Total job time:  545.92s(wall), 542.84s(cpu) 
 Thu Mar 20 02:54:49 2014

        *************************************************************
        *                                                           *
        *  Thank you very much for using Q-Chem.  Have a nice day.  *
        *                                                           *
        *************************************************************


0 sent ACK to 0 
now end server 0 ... 
 
**********************************************************************
Job 2 of 3 
**********************************************************************
 
Process 0 of 1 is on cl122 - thread support 1
initial socket setup ...start
initial socket setup ...done 
now start server 0 ... 

cmd = /usr/bin/ssh clhead /usr/local/qchem/bin/get_hostid 1209053864 > /tmp/1601961.1.medium.q/qchem31385/lic.dat

cmd = /usr/bin/ssh clhead /usr/local/qchem/bin/get_hostid 1209053864 > /tmp/1601961.1.medium.q/qchem31385/lic.dat

cmd = /usr/bin/ssh clhead /usr/local/qchem/bin/get_hostid 1209053864 > /tmp/1601961.1.medium.q/qchem31385/lic.dat

cmd = /usr/bin/ssh clhead /usr/local/qchem/bin/get_hostid 1209053864 > /tmp/1601961.1.medium.q/qchem31385/lic.dat

cmd = /usr/bin/ssh clhead /usr/local/qchem/bin/get_hostid 1209053864 > /tmp/1601961.1.medium.q/qchem31385/lic.dat
                  Welcome to Q-Chem
     A Quantum Leap Into The Future Of Chemistry

 Y. Shao, L. Fusti-Molnar, Y. Jung, J. Kussmann, C. Ochsenfeld,
 S. T. Brown, A. T. B. Gilbert, L. V. Slipchenko,S. V. Levchenko,
 D. P. O'Neill, R. A. DiStasio Jr., R. C. Lochan, T. Wang,
 G. J. O. Beran, N. A. Besley, J. M. Herbert, C. Y. Lin,
 T. Van Voorhis, S. H. Chien, A. Sodt, R. P. Steele, 
 V. A. Rassolov, P. E. Maslen, P. P. Korambath, R. D. Adamson,
 B. Austin, J. Baker, E. F. C. Byrd, H. Dachsel, R. J. Doerksen,
 A. Dreuw, B. D. Dunietz, A. D. Dutoi, T. R. Furlani,
 S. R. Gwaltney, A. Heyden, S. Hirata, C.-P. Hsu, G. Kedziora,
 R. Z. Khaliullin, P. Klunzinger, A. M. Lee, M. S. Lee, W. Liang,
 I. Lotan, N. Nair, B. Peters, E. I. Proynov, P. A. Pieniazek, 
 Y. M. Rhee, J. Ritchie, E. Rosta, C. D. Sherrill, 
 A. C. Simmonett, J. E. Subotnik, H. L. Woodcock III,
 W. Zhang, A. T. Bell, A. K. Chakraborty, D. M. Chipman,
 F. J. Keil, A. Warshel, W. J. Hehre, H. F. Schaefer III,
 J. Kong, A. I. Krylov, P. M. W. Gill, M. Head-Gordon,
 Q-Chem, Version 3.1, Q-Chem, Inc., Pittsburgh, PA (2007).

 Additional authors for Version 3.1: 
 Z. Gan, Y. Zhao, N. E. Schultz, D. Truhlar, E. Epifanovsky and M. Oana.

 Additional authors for Version 3.2: 
 R. Baer, B. R. Brooks, D. Casanova, J.-D. Chai, C.-L. Cheng, 
 C. Cramer, D. Crittenden, A. Ghysels, G. Hawkins, E. G. Hohenstein, 
 C. Kelley, W. Kurlancheek, D. Liotard, E. Livshits, P. Manohar, 
 A. Marenich, D. Neuhauser, R. Olson, M. A. Rohrdanz, K. S. Thanthiriwatte, 
 A. J. W. Thom, V. Vanovschi, C. F. Williams, Q. Wu and Z.-Q. You. 


 Intel X86 Linux Version

 Q-chem begins on Thu Mar 20 02:54:53 2014  

 Parallel job on  1  processors
Processing $rem in /usr/local/qchem/config/preferences.

theFileMan(): MAXOPENFILES=974 MAX_SUB_FILE_NUM=16
Maximum size of a physical file is 2.0 GB, maximum size of a tmp-file is 32.0 GB


--------------------------------------------------------------
User input:
--------------------------------------------------------------

$molecule
0,1
C          0.00000        0.00000        0.00383
C          0.00000        0.00000        1.34300
Cl         1.44281        0.00000       -0.90583
Cl        -1.44281        0.00000       -0.90583
Cl        -1.44281        0.00000        2.25266
Cl         1.44281        0.00000        2.25266
$end

$comment
neutral
$end

$xc_functional
C PBE   1.00
X wPBE  1.00
$end


$rem
SYMMETRY_DECOMPOSITION	0
LRC_DFT                 true
exchange 		general
BASIS                   g3large
omega			320
mem_static              760
max_scf_cycles          200
scf_final_print         1
sym_ignore              true
$end

--------------------------------------------------------------
 Writing REM_CC_EA            6
 ----------------------------------------------------
       Standard Nuclear Orientation (Angstroms)
    I     Atom         X            Y            Z
 ----------------------------------------------------
    1      C       0.000000     0.000000     0.003830
    2      C       0.000000     0.000000     1.343000
    3      Cl      1.442810     0.000000    -0.905830
    4      Cl     -1.442810     0.000000    -0.905830
    5      Cl     -1.442810     0.000000     2.252660
    6      Cl      1.442810     0.000000     2.252660
 ----------------------------------------------------
 Nuclear Repulsion Energy =   495.9436981448 hartrees
 There are       40 alpha and       40 beta electrons
 Requested basis set is G3large
 There are 96 shells and 348 basis functions

Total QAlloc Memory Limit   2000 MB
Mega-Array Size       743 MB
MEM_STATIC part       760 MB

                       Distance Matrix (Angstroms)
             C (  1)   C (  2)   Cl(  3)   Cl(  4)   Cl(  5)
   C (  2)  1.339170
   Cl(  3)  1.705632  2.671879
   Cl(  4)  1.705632  2.671879  2.885620
   Cl(  5)  2.671879  1.705632  4.278184  3.158490
   Cl(  6)  2.671879  1.705632  3.158490  4.278184  2.885620
 
 A cutoff of  1.0D-08 yielded   3466 shell pairs
 There are  47748 function pairs ( 66451 Cartesian)
Evaluating contribution to one-electron hamiltonian from nuclear
 Smallest overlap matrix eigenvalue = 9.71E-06

 Q-Chem warning in module mkSTV.C, line 194:

 Overlap eigenvalue is smaller than square root of threshold

 Multipole matrices computed through 2nd order

  Scale SEOQF with 1.000000e-01/1.000000e-01/1.000000e-01

 Standard Electronic Orientation quadrupole field applied
 Nucleus-field energy     =    -0.0000000176 hartrees
 Guess from superposition of atomic densities
 Warning:  Energy on first SCF cycle will be non-variational
 Long-range K will be added via erf
 Coulomb attenuation parameter = 0.32 bohr**(-1)
 A restricted Kohn-Sham SCF calculation will be
 performed using Pulay DIIS extrapolation
 Exchange:  wPBE + LR-HF      Correlation:  PBE
 Using SG-1 standard quadrature grid
 SCF converges when DIIS error is below 1.0E-05
 Requested basis set is G3large
 There are 96 shells and 348 basis functions
 A cutoff of  1.0D-08 yielded   3466 shell pairs
 There are  47748 function pairs ( 66451 Cartesian)
 ---------------------------------------
  Cycle       Energy         DIIS Error
 ---------------------------------------
    1   -1917.7420952064      2.02E-02
    2   -1916.2851732997      2.11E-03
    3   -1916.2881992855      2.41E-03
    4   -1916.3602904938      2.68E-04
    5   -1916.3618465049      1.04E-04
    6   -1916.3621406190      2.59E-05
    7   -1916.3621700794      7.25E-06 Convergence criterion met
 ---------------------------------------
 One-Electron    Energy = -3631.8613669270
 Total Coulomb   Energy =  1342.7216431974
 Alpha Exchange  Energy =    -6.7945970179
 Beta  Exchange  Energy =    -6.7945970179
 DFT   Exchange  Energy =  -106.4885081154
 DFT Correlation Energy =    -3.0884423257
 Nuclear Repu.   Energy =   495.9436981272
 Nuclear Attr.   Energy = -5545.5964096445
 Kinetic         Energy =  1913.7350427175
 SCF time:  CPU 385.29 s  wall 387.99 s
 Final Alpha MO Eigenvalues
            1           2           3           4           5           6
    1-100.8720940-100.8720933-100.8719594-100.8719589 -10.2034250 -10.2028380
            7           8           9          10          11          12
    1  -9.3933398  -9.3933279  -9.3932355  -9.3932263  -7.2149102  -7.2149083
           13          14          15          16          17          18
    1  -7.2148147  -7.2148126  -7.2039529  -7.2039515  -7.2038561  -7.2038550
           19          20          21          22          23          24
    1  -7.2030643  -7.2030632  -7.2029673  -7.2029666  -1.0822267  -1.0261921
           25          26          27          28          29          30
    1  -0.9832233  -0.9564204  -0.8448809  -0.6794269  -0.6254245  -0.6225161
           31          32          33          34          35          36
    1  -0.5757522  -0.5431915  -0.4972048  -0.4701421  -0.4615159  -0.4599617
           37          38          39          40          41          42
    1  -0.4528208  -0.4443629  -0.4123415  -0.3510255   0.0280121   0.0509786
           43          44          45
    1   0.0513993   0.0597475   0.0770186
 Analysis of SCF Wavefunction
 
 --------------------------------------------------------------
                    Orbital Energies (a.u.)
 --------------------------------------------------------------
 
 Alpha MOs
 -- Occupied --
*******-100.872-100.872-100.872 -10.203 -10.203  -9.393  -9.393
 -9.393  -9.393  -7.215  -7.215  -7.215  -7.215  -7.204  -7.204
 -7.204  -7.204  -7.203  -7.203  -7.203  -7.203  -1.082  -1.026
 -0.983  -0.956  -0.845  -0.679  -0.625  -0.623  -0.576  -0.543
 -0.497  -0.470  -0.462  -0.460  -0.453  -0.444  -0.412  -0.351
 -- Virtual --
  0.028   0.051   0.051   0.060   0.077   0.090   0.093   0.095
  0.109   0.123   0.137   0.137   0.148   0.164   0.165   0.169
  0.181   0.182   0.197   0.199   0.205   0.209   0.227   0.242
  0.250   0.268   0.268   0.268   0.269   0.285   0.299   0.323
  0.340   0.352   0.362   0.375   0.406   0.409   0.428   0.432
  0.433   0.434   0.472   0.480   0.508   0.513   0.523   0.534
  0.538   0.552   0.554   0.570   0.572   0.593   0.622   0.635
  0.636   0.652   0.671   0.673   0.681   0.710   0.727   0.802
  0.815   0.822   0.834   0.858   0.867   0.885   0.918   0.966
  0.988   1.000   1.038   1.040   1.068   1.072   1.083   1.090
  1.104   1.115   1.125   1.142   1.150   1.152   1.159   1.177
  1.177   1.181   1.195   1.197   1.205   1.208   1.211   1.218
  1.241   1.254   1.258   1.278   1.306   1.319   1.322   1.354
  1.356   1.385   1.450   1.462   1.472   1.488   1.490   1.527
  1.542   1.588   1.615   1.635   1.647   1.669   1.685   1.721
  1.727   1.737   1.749   1.751   1.827   1.830   1.843   1.891
  1.906   1.917   2.089   2.184   2.203   2.214   2.268   2.284
  2.351   2.361   2.377   2.449   2.514   2.558   2.643   2.655
  2.767   2.872   2.881   2.898   3.042   3.044   3.143   3.149
  3.197   3.318   3.319   3.321   3.390   3.455   3.474   3.503
  3.533   3.535   3.614   3.634   3.660   3.683   3.782   3.935
  4.004   4.007   4.313   4.319   4.361   4.366   4.366   4.380
  4.390   4.395   4.397   4.443   4.447   4.453   4.457   4.483
  4.485   4.504   4.511   4.515   4.519   4.535   4.567   4.605
  4.613   4.625   4.628   4.652   4.670   4.677   4.747   4.786
  4.958   5.031   5.056   5.075   5.092   5.099   5.110   5.116
  5.176   5.190   5.213   5.231   5.275   5.309   5.338   5.352
  5.485   5.567   5.706   5.857   6.130   6.139   9.776   9.905
  9.952  10.086  20.501  20.509  20.523  20.551  20.555  20.584
 20.591  20.640  20.748  20.833  20.881  20.910  23.530  24.395
 27.036  27.040  27.055  27.080  27.086  27.088  27.096  27.097
 27.111  27.124  27.129  27.137  27.139  27.163  27.164  27.173
 27.173  27.225  27.247  27.283  27.299  27.382  28.085  28.104
 28.196  28.311  36.737  36.738  36.739  36.740  36.741  36.741
 36.741  36.744  36.750  36.750  36.750  36.751  36.752  36.752
 36.753  36.753  36.755  36.757  36.758  36.760  36.764  36.770
 36.771  36.771  36.775  36.776  36.781  36.790  40.689  40.744
 40.785  40.977  40.979  41.026  41.058  41.074  41.104  41.146
215.655 215.796 215.833 216.007
 --------------------------------------------------------------
 
          Ground-State Mulliken Net Atomic Charges

     Atom                 Charge (a.u.)
  ----------------------------------------
      1 C                     0.639624
      2 C                     0.639977
      3 Cl                   -0.319589
      4 Cl                   -0.320178
      5 Cl                   -0.319415
      6 Cl                   -0.320418
  ----------------------------------------
  Sum of atomic charges =     0.000000

 -----------------------------------------------------------------
                    Cartesian Multipole Moments
 -----------------------------------------------------------------
    Charge (ESU x 10^10)
                 0.0000
    Dipole Moment (Debye)
         X       0.0000      Y       0.0000      Z       0.0000
       Tot       0.0000
    Quadrupole Moments (Debye-Ang)
        XX     -58.2892     XY       0.0017     YY     -61.1506
        XZ      -0.0015     YZ      -0.0008     ZZ     -60.2464
    Octapole Moments (Debye-Ang^2)
       XXX       0.0000    XXY       0.0000    XYY       0.0000
       YYY       0.0000    XXZ     -39.2528    XYZ       0.0012
       YYZ     -41.1797    XZZ      -0.0020    YZZ      -0.0011
       ZZZ    -121.7125
    Hexadecapole Moments (Debye-Ang^3)
      XXXX    -643.8508   XXXY       0.0023   XXYY    -128.3001
      XYYY       0.0029   YYYY     -68.3623   XXXZ      -0.0055
      XXYZ      -0.0063   XYYZ       0.0002   YYYZ      -0.0013
      XXZZ    -248.1148   XYZZ       0.0135   YYZZ    -181.7382
      XZZZ      -0.0042   YZZZ      -0.0076   ZZZZ    -996.8546
 -----------------------------------------------------------------
 Total job time:  388.61s(wall), 385.88s(cpu) 
 Thu Mar 20 03:01:21 2014

        *************************************************************
        *                                                           *
        *  Thank you very much for using Q-Chem.  Have a nice day.  *
        *                                                           *
        *************************************************************


0 sent ACK to 0 
now end server 0 ... 
 
**********************************************************************
Job 3 of 3 
**********************************************************************
 
Process 0 of 1 is on cl122 - thread support 1
initial socket setup ...start
initial socket setup ...done 
now start server 0 ... 

cmd = /usr/bin/ssh clhead /usr/local/qchem/bin/get_hostid 871614348 > /tmp/1601961.1.medium.q/qchem31385/lic.dat

cmd = /usr/bin/ssh clhead /usr/local/qchem/bin/get_hostid 871614348 > /tmp/1601961.1.medium.q/qchem31385/lic.dat

cmd = /usr/bin/ssh clhead /usr/local/qchem/bin/get_hostid 871614348 > /tmp/1601961.1.medium.q/qchem31385/lic.dat

cmd = /usr/bin/ssh clhead /usr/local/qchem/bin/get_hostid 871614348 > /tmp/1601961.1.medium.q/qchem31385/lic.dat

cmd = /usr/bin/ssh clhead /usr/local/qchem/bin/get_hostid 871614348 > /tmp/1601961.1.medium.q/qchem31385/lic.dat
                  Welcome to Q-Chem
     A Quantum Leap Into The Future Of Chemistry

 Y. Shao, L. Fusti-Molnar, Y. Jung, J. Kussmann, C. Ochsenfeld,
 S. T. Brown, A. T. B. Gilbert, L. V. Slipchenko,S. V. Levchenko,
 D. P. O'Neill, R. A. DiStasio Jr., R. C. Lochan, T. Wang,
 G. J. O. Beran, N. A. Besley, J. M. Herbert, C. Y. Lin,
 T. Van Voorhis, S. H. Chien, A. Sodt, R. P. Steele, 
 V. A. Rassolov, P. E. Maslen, P. P. Korambath, R. D. Adamson,
 B. Austin, J. Baker, E. F. C. Byrd, H. Dachsel, R. J. Doerksen,
 A. Dreuw, B. D. Dunietz, A. D. Dutoi, T. R. Furlani,
 S. R. Gwaltney, A. Heyden, S. Hirata, C.-P. Hsu, G. Kedziora,
 R. Z. Khaliullin, P. Klunzinger, A. M. Lee, M. S. Lee, W. Liang,
 I. Lotan, N. Nair, B. Peters, E. I. Proynov, P. A. Pieniazek, 
 Y. M. Rhee, J. Ritchie, E. Rosta, C. D. Sherrill, 
 A. C. Simmonett, J. E. Subotnik, H. L. Woodcock III,
 W. Zhang, A. T. Bell, A. K. Chakraborty, D. M. Chipman,
 F. J. Keil, A. Warshel, W. J. Hehre, H. F. Schaefer III,
 J. Kong, A. I. Krylov, P. M. W. Gill, M. Head-Gordon,
 Q-Chem, Version 3.1, Q-Chem, Inc., Pittsburgh, PA (2007).

 Additional authors for Version 3.1: 
 Z. Gan, Y. Zhao, N. E. Schultz, D. Truhlar, E. Epifanovsky and M. Oana.

 Additional authors for Version 3.2: 
 R. Baer, B. R. Brooks, D. Casanova, J.-D. Chai, C.-L. Cheng, 
 C. Cramer, D. Crittenden, A. Ghysels, G. Hawkins, E. G. Hohenstein, 
 C. Kelley, W. Kurlancheek, D. Liotard, E. Livshits, P. Manohar, 
 A. Marenich, D. Neuhauser, R. Olson, M. A. Rohrdanz, K. S. Thanthiriwatte, 
 A. J. W. Thom, V. Vanovschi, C. F. Williams, Q. Wu and Z.-Q. You. 


 Intel X86 Linux Version

 Q-chem begins on Thu Mar 20 03:01:36 2014  

 Parallel job on  1  processors
Processing $rem in /usr/local/qchem/config/preferences.

theFileMan(): MAXOPENFILES=974 MAX_SUB_FILE_NUM=16
Maximum size of a physical file is 2.0 GB, maximum size of a tmp-file is 32.0 GB


--------------------------------------------------------------
User input:
--------------------------------------------------------------

$molecule
1,2
C          0.00000        0.00000        0.00383
C          0.00000        0.00000        1.34300
Cl         1.44281        0.00000       -0.90583
Cl        -1.44281        0.00000       -0.90583
Cl        -1.44281        0.00000        2.25266
Cl         1.44281        0.00000        2.25266
$end

$comment
positive
$end

$xc_functional
C PBE   1.00
X wPBE  1.00
$end

$rem
SYMMETRY_DECOMPOSITION	0
LRC_DFT                 true
exchange 		general
BASIS                   g3large
omega			320
mem_static              760
max_scf_cycles          200
scf_final_print         1
sym_ignore              true
$end

--------------------------------------------------------------
 Writing REM_CC_EA            6
 ----------------------------------------------------
       Standard Nuclear Orientation (Angstroms)
    I     Atom         X            Y            Z
 ----------------------------------------------------
    1      C       0.000000     0.000000     0.003830
    2      C       0.000000     0.000000     1.343000
    3      Cl      1.442810     0.000000    -0.905830
    4      Cl     -1.442810     0.000000    -0.905830
    5      Cl     -1.442810     0.000000     2.252660
    6      Cl      1.442810     0.000000     2.252660
 ----------------------------------------------------
 Nuclear Repulsion Energy =   495.9436981448 hartrees
 There are       40 alpha and       39 beta electrons
 Requested basis set is G3large
 There are 96 shells and 348 basis functions

Total QAlloc Memory Limit   2000 MB
Mega-Array Size       743 MB
MEM_STATIC part       760 MB

                       Distance Matrix (Angstroms)
             C (  1)   C (  2)   Cl(  3)   Cl(  4)   Cl(  5)
   C (  2)  1.339170
   Cl(  3)  1.705632  2.671879
   Cl(  4)  1.705632  2.671879  2.885620
   Cl(  5)  2.671879  1.705632  4.278184  3.158490
   Cl(  6)  2.671879  1.705632  3.158490  4.278184  2.885620
 
 A cutoff of  1.0D-08 yielded   3466 shell pairs
 There are  47748 function pairs ( 66451 Cartesian)
Evaluating contribution to one-electron hamiltonian from nuclear
 Smallest overlap matrix eigenvalue = 9.71E-06

 Q-Chem warning in module mkSTV.C, line 194:

 Overlap eigenvalue is smaller than square root of threshold

 Multipole matrices computed through 2nd order

  Scale SEOQF with 1.000000e-01/1.000000e-01/1.000000e-01

 Standard Electronic Orientation quadrupole field applied
 Nucleus-field energy     =    -0.0000000176 hartrees
 Guess from superposition of atomic densities
 Warning:  Energy on first SCF cycle will be non-variational
 Long-range K will be added via erf
 Coulomb attenuation parameter = 0.32 bohr**(-1)
 An unrestricted Kohn-Sham SCF calculation will be
 performed using Pulay DIIS extrapolation
 Exchange:  wPBE + LR-HF      Correlation:  PBE
 Using SG-1 standard quadrature grid
 SCF converges when DIIS error is below 1.0E-05
 Requested basis set is G3large
 There are 96 shells and 348 basis functions
 A cutoff of  1.0D-08 yielded   3466 shell pairs
 There are  47748 function pairs ( 66451 Cartesian)
 Warning!  Inaccurate integrated density:
   Number of electrons =    79
   Numerical integral  =    80.000163028812
   Relative error      =     1.2660291504 %
 ---------------------------------------
  Cycle       Energy         DIIS Error
 ---------------------------------------
    1   -1917.7420952064      2.02E-02
    2   -1915.8276098690      3.17E-03
    3   -1915.7056873800      4.81E-03
    4   -1916.0125958509      3.79E-04
    5   -1916.0152621182      1.52E-04
    6   -1916.0159693359      4.01E-05
    7   -1916.0161567525      1.44E-05
    8   -1916.0162304962      7.09E-06 Convergence criterion met
 ---------------------------------------
 One-Electron    Energy = -3614.7315874452
 Total Coulomb   Energy =  1325.5745842438
 Alpha Exchange  Energy =    -6.8039825558
 Beta  Exchange  Energy =    -6.6274475593
 DFT   Exchange  Energy =  -106.3215095731
 DFT Correlation Energy =    -3.0499857338
 Nuclear Repu.   Energy =   495.9436981272
 Nuclear Attr.   Energy = -5528.0289385327
 Kinetic         Energy =  1913.2973510875
 <S^2> = 0.7545
 SCF time:  CPU 546.18 s  wall 548.46 s
 Final Alpha MO Eigenvalues
            1           2           3           4           5           6
    1-101.0889380-101.0889360-101.0886608-101.0886606 -10.4544312 -10.4538341
            7           8           9          10          11          12
    1  -9.6082818  -9.6082749  -9.6080679  -9.6080644  -7.4299013  -7.4298993
           13          14          15          16          17          18
    1  -7.4296881  -7.4296859  -7.4212749  -7.4212737  -7.4210559  -7.4210547
           19          20          21          22          23          24
    1  -7.4167395  -7.4167387  -7.4165286  -7.4165278  -1.3081194  -1.2390528
           25          26          27          28          29          30
    1  -1.1950391  -1.1665513  -1.0814977  -0.8918220  -0.8403019  -0.8381685
           31          32          33          34          35          36
    1  -0.8083967  -0.7525705  -0.7103573  -0.6761259  -0.6683241  -0.6632871
           37          38          39          40          41          42
    1  -0.6538442  -0.6528183  -0.6141269  -0.5800514  -0.2038907  -0.1511389
           43          44          45
    1  -0.1311827  -0.1299222  -0.0856363
 Final Beta MO Eigenvalues
            1           2           3           4           5           6
    1-101.0880782-101.0880763-101.0878040-101.0878036 -10.4500015 -10.4494710
            7           8           9          10          11          12
    1  -9.6075326  -9.6075259  -9.6073217  -9.6073151  -7.4295867  -7.4295847
           13          14          15          16          17          18
    1  -7.4293761  -7.4293740  -7.4187803  -7.4187794  -7.4185689  -7.4185678
           19          20          21          22          23          24
    1  -7.4163142  -7.4163135  -7.4161054  -7.4161047  -1.2989479  -1.2347726
           25          26          27          28          29          30
    1  -1.1906283  -1.1618012  -1.0640041  -0.8841014  -0.8361211  -0.8329913
           31          32          33          34          35          36
    1  -0.7736626  -0.7498830  -0.6904897  -0.6734226  -0.6612795  -0.6520120
           37          38          39          40          41          42
    1  -0.6411786  -0.6312917  -0.6119508  -0.3403436  -0.1617533  -0.1463979
           43          44
    1  -0.1241872  -0.1236943
 Analysis of SCF Wavefunction
 
 --------------------------------------------------------------
                    Orbital Energies (a.u.)
 --------------------------------------------------------------
 
 Alpha MOs
 -- Occupied --
*******-101.089-101.089-101.089 -10.454 -10.454  -9.608  -9.608
 -9.608  -9.608  -7.430  -7.430  -7.430  -7.430  -7.421  -7.421
 -7.421  -7.421  -7.417  -7.417  -7.417  -7.417  -1.308  -1.239
 -1.195  -1.167  -1.081  -0.892  -0.840  -0.838  -0.808  -0.753
 -0.710  -0.676  -0.668  -0.663  -0.654  -0.653  -0.614  -0.580
 -- Virtual --
 -0.204  -0.151  -0.131  -0.130  -0.086  -0.045  -0.042  -0.036
 -0.036  -0.019   0.001   0.001   0.002   0.023   0.027   0.029
  0.039   0.039   0.041   0.045   0.054   0.074   0.079   0.079
  0.088   0.088   0.093   0.112   0.113   0.131   0.164   0.164
  0.166   0.170   0.187   0.191   0.218   0.219   0.237   0.244
  0.249   0.257   0.288   0.302   0.321   0.338   0.339   0.357
  0.360   0.379   0.394   0.398   0.398   0.410   0.443   0.460
  0.460   0.470   0.486   0.503   0.503   0.506   0.529   0.611
  0.623   0.623   0.637   0.658   0.663   0.674   0.720   0.778
  0.789   0.804   0.845   0.847   0.871   0.871   0.888   0.889
  0.910   0.918   0.931   0.946   0.953   0.963   0.964   0.983
  0.985   0.985   1.000   1.003   1.011   1.016   1.017   1.025
  1.048   1.058   1.060   1.076   1.109   1.112   1.130   1.159
  1.164   1.184   1.252   1.272   1.275   1.290   1.299   1.338
  1.339   1.402   1.413   1.426   1.448   1.467   1.480   1.518
  1.523   1.549   1.553   1.557   1.621   1.627   1.642   1.696
  1.711   1.718   1.881   1.983   1.998   2.009   2.064   2.087
  2.146   2.155   2.178   2.245   2.314   2.347   2.442   2.455
  2.520   2.626   2.638   2.646   2.804   2.815   2.909   2.917
  2.964   3.090   3.093   3.094   3.157   3.206   3.253   3.271
  3.304   3.315   3.380   3.396   3.431   3.441   3.538   3.709
  3.766   3.785   4.092   4.099   4.148   4.151   4.154   4.168
  4.178   4.183   4.185   4.226   4.235   4.236   4.247   4.273
  4.273   4.293   4.298   4.306   4.306   4.317   4.359   4.391
  4.399   4.415   4.415   4.421   4.462   4.469   4.532   4.572
  4.743   4.819   4.844   4.864   4.880   4.883   4.887   4.904
  4.961   4.976   5.002   5.016   5.061   5.093   5.128   5.142
  5.271   5.353   5.492   5.642   5.917   5.923   9.565   9.693
  9.740   9.874  20.284  20.292  20.306  20.338  20.339  20.371
 20.378  20.428  20.534  20.619  20.667  20.696  23.282  24.144
 26.818  26.821  26.824  26.865  26.870  26.872  26.875  26.881
 26.895  26.908  26.915  26.922  26.922  26.946  26.949  26.957
 26.959  26.990  27.030  27.063  27.079  27.128  27.838  27.864
 27.955  28.069  36.522  36.523  36.525  36.525  36.526  36.526
 36.526  36.529  36.535  36.536  36.536  36.536  36.537  36.538
 36.538  36.539  36.540  36.541  36.545  36.545  36.548  36.556
 36.556  36.558  36.561  36.561  36.567  36.575  40.434  40.494
 40.530  40.722  40.724  40.772  40.811  40.819  40.855  40.898
215.439 215.580 215.617 215.791
 
 Beta MOs
 -- Occupied --
*******-101.088-101.088-101.088 -10.450 -10.449  -9.608  -9.608
 -9.607  -9.607  -7.430  -7.430  -7.429  -7.429  -7.419  -7.419
 -7.419  -7.419  -7.416  -7.416  -7.416  -7.416  -1.299  -1.235
 -1.191  -1.162  -1.064  -0.884  -0.836  -0.833  -0.774  -0.750
 -0.690  -0.673  -0.661  -0.652  -0.641  -0.631  -0.612
 -- Virtual --
 -0.340  -0.162  -0.146  -0.124  -0.124  -0.085  -0.045  -0.041
 -0.034  -0.034  -0.018   0.002   0.002   0.002   0.026   0.028
  0.030   0.040   0.043   0.043   0.046   0.055   0.077   0.079
  0.083   0.091   0.094   0.095   0.113   0.115   0.131   0.165
  0.165   0.171   0.172   0.189   0.196   0.224   0.225   0.249
  0.250   0.252   0.261   0.292   0.302   0.333   0.344   0.345
  0.362   0.362   0.380   0.395   0.399   0.402   0.415   0.446
  0.463   0.464   0.486   0.488   0.504   0.504   0.518   0.531
  0.619   0.624   0.627   0.641   0.667   0.670   0.687   0.723
  0.781   0.791   0.806   0.850   0.850   0.874   0.876   0.892
  0.894   0.914   0.924   0.934   0.951   0.957   0.966   0.968
  0.987   0.990   0.991   1.003   1.008   1.017   1.018   1.022
  1.030   1.051   1.061   1.062   1.081   1.114   1.119   1.133
  1.164   1.166   1.189   1.257   1.275   1.279   1.293   1.304
  1.340   1.348   1.403   1.422   1.433   1.452   1.475   1.489
  1.524   1.527   1.552   1.559   1.559   1.624   1.636   1.645
  1.698   1.714   1.721   1.888   1.985   2.006   2.017   2.072
  2.089   2.154   2.156   2.180   2.247   2.316   2.350   2.443
  2.457   2.547   2.653   2.658   2.667   2.823   2.826   2.926
  2.929   2.979   3.094   3.100   3.104   3.173   3.231   3.256
  3.286   3.315   3.318   3.397   3.410   3.442   3.463   3.559
  3.713   3.783   3.791   4.094   4.103   4.157   4.160   4.162
  4.174   4.185   4.191   4.192   4.232   4.243   4.246   4.252
  4.278   4.279   4.298   4.306   4.310   4.313   4.326   4.361
  4.398   4.407   4.418   4.423   4.432   4.464   4.470   4.535
  4.575   4.745   4.822   4.847   4.866   4.882   4.887   4.890
  4.907   4.964   4.978   5.004   5.019   5.064   5.096   5.129
  5.142   5.272   5.354   5.494   5.644   5.918   5.925   9.567
  9.695   9.742   9.876  20.288  20.296  20.310  20.339  20.343
 20.372  20.379  20.428  20.534  20.619  20.667  20.696  23.287
 24.149  26.823  26.826  26.826  26.867  26.873  26.874  26.876
 26.883  26.897  26.910  26.915  26.922  26.924  26.948  26.949
 26.958  26.959  26.997  27.031  27.064  27.080  27.141  27.841
 27.866  27.957  28.071  36.523  36.523  36.525  36.526  36.526
 36.526  36.527  36.530  36.536  36.536  36.536  36.537  36.538
 36.538  36.538  36.539  36.541  36.541  36.545  36.546  36.549
 36.556  36.557  36.558  36.561  36.562  36.567  36.575  40.444
 40.498  40.541  40.731  40.734  40.781  40.812  40.828  40.857
 40.900 215.440 215.580 215.618 215.792
 --------------------------------------------------------------
 
          Ground-State Mulliken Net Atomic Charges

     Atom                 Charge (a.u.)    Spin (a.u.)
  --------------------------------------------------------
      1 C                     0.704707       0.252236
      2 C                     0.704855       0.252255
      3 Cl                   -0.102197       0.124002
      4 Cl                   -0.102572       0.123765
      5 Cl                   -0.102171       0.123973
      6 Cl                   -0.102622       0.123770
  --------------------------------------------------------
  Sum of atomic charges =     1.000000
  Sum of spin   charges =     1.000000

 -----------------------------------------------------------------
                    Cartesian Multipole Moments
 -----------------------------------------------------------------
    Charge (ESU x 10^10)
                 4.8032
    Dipole Moment (Debye)
         X       0.0000      Y       0.0000      Z       3.2346
       Tot       3.2346
    Quadrupole Moments (Debye-Ang)
        XX     -43.5963     XY      -0.0079     YY     -56.3606
        XZ       0.0014     YZ      -0.0034     ZZ     -41.2481
    Octapole Moments (Debye-Ang^2)
       XXX      -0.0001    XXY       0.0000    XYY       0.0000
       YYY       0.0000    XXZ     -29.3579    XYZ      -0.0053
       YYZ     -37.9540    XZZ       0.0018    YZZ      -0.0046
       ZZZ     -86.2647
    Hexadecapole Moments (Debye-Ang^3)
      XXXX    -563.0570   XXXY      -0.0664   XXYY    -114.5508
      XYYY      -0.0081   YYYY     -57.9265   XXXZ       0.0019
      XXYZ      -0.0014   XYYZ      -0.0028   YYYZ      -0.0033
      XXZZ    -186.7758   XYZZ       0.0069   YYZZ    -163.9241
      XZZZ       0.0017   YZZZ      -0.0359   ZZZZ    -845.5185
 -----------------------------------------------------------------
 Total job time:  549.12s(wall), 546.77s(cpu) 
 Thu Mar 20 03:10:45 2014

        *************************************************************
        *                                                           *
        *  Thank you very much for using Q-Chem.  Have a nice day.  *
        *                                                           *
        *************************************************************


0 sent ACK to 0 
now end server 0 ... 
