Process 0 of 1 is on cl122 - thread support 1
initial socket setup ...start
initial socket setup ...done 
now start server 0 ... 

cmd = /usr/bin/ssh clhead /usr/local/qchem/bin/get_hostid 1666411042 > /tmp/1601971.1.medium.q/qchem2294/lic.dat

cmd = /usr/bin/ssh clhead /usr/local/qchem/bin/get_hostid 1666411042 > /tmp/1601971.1.medium.q/qchem2294/lic.dat

cmd = /usr/bin/ssh clhead /usr/local/qchem/bin/get_hostid 1666411042 > /tmp/1601971.1.medium.q/qchem2294/lic.dat

cmd = /usr/bin/ssh clhead /usr/local/qchem/bin/get_hostid 1666411042 > /tmp/1601971.1.medium.q/qchem2294/lic.dat

cmd = /usr/bin/ssh clhead /usr/local/qchem/bin/get_hostid 1666411042 > /tmp/1601971.1.medium.q/qchem2294/lic.dat
                  Welcome to Q-Chem
     A Quantum Leap Into The Future Of Chemistry

 Y. Shao, L. Fusti-Molnar, Y. Jung, J. Kussmann, C. Ochsenfeld,
 S. T. Brown, A. T. B. Gilbert, L. V. Slipchenko,S. V. Levchenko,
 D. P. O'Neill, R. A. DiStasio Jr., R. C. Lochan, T. Wang,
 G. J. O. Beran, N. A. Besley, J. M. Herbert, C. Y. Lin,
 T. Van Voorhis, S. H. Chien, A. Sodt, R. P. Steele, 
 V. A. Rassolov, P. E. Maslen, P. P. Korambath, R. D. Adamson,
 B. Austin, J. Baker, E. F. C. Byrd, H. Dachsel, R. J. Doerksen,
 A. Dreuw, B. D. Dunietz, A. D. Dutoi, T. R. Furlani,
 S. R. Gwaltney, A. Heyden, S. Hirata, C.-P. Hsu, G. Kedziora,
 R. Z. Khaliullin, P. Klunzinger, A. M. Lee, M. S. Lee, W. Liang,
 I. Lotan, N. Nair, B. Peters, E. I. Proynov, P. A. Pieniazek, 
 Y. M. Rhee, J. Ritchie, E. Rosta, C. D. Sherrill, 
 A. C. Simmonett, J. E. Subotnik, H. L. Woodcock III,
 W. Zhang, A. T. Bell, A. K. Chakraborty, D. M. Chipman,
 F. J. Keil, A. Warshel, W. J. Hehre, H. F. Schaefer III,
 J. Kong, A. I. Krylov, P. M. W. Gill, M. Head-Gordon,
 Q-Chem, Version 3.1, Q-Chem, Inc., Pittsburgh, PA (2007).

 Additional authors for Version 3.1: 
 Z. Gan, Y. Zhao, N. E. Schultz, D. Truhlar, E. Epifanovsky and M. Oana.

 Additional authors for Version 3.2: 
 R. Baer, B. R. Brooks, D. Casanova, J.-D. Chai, C.-L. Cheng, 
 C. Cramer, D. Crittenden, A. Ghysels, G. Hawkins, E. G. Hohenstein, 
 C. Kelley, W. Kurlancheek, D. Liotard, E. Livshits, P. Manohar, 
 A. Marenich, D. Neuhauser, R. Olson, M. A. Rohrdanz, K. S. Thanthiriwatte, 
 A. J. W. Thom, V. Vanovschi, C. F. Williams, Q. Wu and Z.-Q. You. 


 Intel X86 Linux Version

 Q-chem begins on Thu Mar 20 03:11:13 2014  

 Parallel job on  1  processors
Processing $rem in /usr/local/qchem/config/preferences.

theFileMan(): MAXOPENFILES=974 MAX_SUB_FILE_NUM=16
Maximum size of a physical file is 2.0 GB, maximum size of a tmp-file is 32.0 GB


--------------------------------------------------------------
User input:
--------------------------------------------------------------

$molecule
-1,2
C         -0.00006        0.00015        0.99980
C          1.26532        0.76004        0.98857
C          1.26516       -0.76001        0.98799
C         -1.27231       -0.00021        0.25137
C         -1.25820        0.00027        1.77153
H          1.57504        1.26150        1.90176
H          1.55860        1.26345        0.07108
H          1.57486       -1.26190        1.90095
H          1.55826       -1.26313        0.07027
H         -1.57794       -0.91602       -0.24774
H         -1.57802        0.91521       -0.24839
H         -1.55535       -0.91513        2.27650
H         -1.55537        0.91578        2.27629
$end

$comment
negative
$end

$xc_functional
C PBE   1.00
X wPBE  1.00
$end

$rem
SYMMETRY_DECOMPOSITION	0
exchange 		general
LRC_DFT                 true
BASIS                   g3large
omega			340
mem_static              760
max_scf_cycles          200
scf_final_print         1
sym_ignore              true
$end

--------------------------------------------------------------
 Writing REM_CC_EA           13
 ----------------------------------------------------
       Standard Nuclear Orientation (Angstroms)
    I     Atom         X            Y            Z
 ----------------------------------------------------
    1      C      -0.000060     0.000150     0.999800
    2      C       1.265320     0.760040     0.988570
    3      C       1.265160    -0.760010     0.987990
    4      C      -1.272310    -0.000210     0.251370
    5      C      -1.258200     0.000270     1.771530
    6      H       1.575040     1.261500     1.901760
    7      H       1.558600     1.263450     0.071080
    8      H       1.574860    -1.261900     1.900950
    9      H       1.558260    -1.263130     0.070270
   10      H      -1.577940    -0.916020    -0.247740
   11      H      -1.578020     0.915210    -0.248390
   12      H      -1.555350    -0.915130     2.276500
   13      H      -1.555370     0.915780     2.276290
 ----------------------------------------------------
 Nuclear Repulsion Energy =   170.9200549349 hartrees
 There are       20 alpha and       19 beta electrons
 Requested basis set is G3large
 There are 98 shells and 290 basis functions

Total QAlloc Memory Limit   2000 MB
Mega-Array Size       743 MB
MEM_STATIC part       760 MB

                       Distance Matrix (Angstroms)
             C (  1)   C (  2)   C (  3)   C (  4)   C (  5)   H (  6)
   C (  2)  1.476057
   C (  3)  1.476064  1.520050
   C (  4)  1.476065  2.749729  2.749302
   C (  5)  1.475969  2.749260  2.749419  1.520226
   H (  6)  2.210311  1.086878  2.239979  3.524642  3.104015
   H (  7)  2.210852  1.086841  2.240808  3.105381  3.524417  1.830755
   H (  8)  2.210252  2.239753  1.086878  3.524110  3.104199  2.523400
   H (  9)  2.210942  2.241050  1.086852  3.104817  3.524615  3.119037
   H ( 10)  2.210301  3.524453  3.103963  1.086843  2.240373  4.393544
   H ( 11)  2.210265  3.104630  3.524013  1.086836  2.240419  3.832082
   H ( 12)  2.210572  3.524363  3.104770  2.240166  1.086853  3.831121
   H ( 13)  2.210609  3.104637  3.524681  2.240416  1.086854  3.171634
             H (  7)   H (  8)   H (  9)   H ( 10)   H ( 11)   H ( 12)
   H (  8)  3.118667
   H (  9)  2.526580  1.830756
   H ( 10)  3.832704  3.831012  3.171335
   H ( 11)  3.172021  4.393190  3.831835  1.831230
   H ( 12)  4.393947  3.171672  3.831856  2.524341  3.118610
   H ( 13)  3.831532  3.831646  4.394185  3.118770  2.524782  1.830910

 
 A cutoff of  1.0D-08 yielded   4435 shell pairs
 There are  39245 function pairs ( 48051 Cartesian)
Evaluating contribution to one-electron hamiltonian from nuclear
 Smallest overlap matrix eigenvalue = 2.59E-05

 Q-Chem warning in module mkSTV.C, line 194:

 Overlap eigenvalue is smaller than square root of threshold

 Multipole matrices computed through 2nd order

  Scale SEOQF with 1.000000e-01/1.000000e-01/1.000000e-01

 Standard Electronic Orientation quadrupole field applied
 Nucleus-field energy     =    -0.0000000026 hartrees
 Guess from superposition of atomic densities
 Warning:  Energy on first SCF cycle will be non-variational
 Long-range K will be added via erf
 Coulomb attenuation parameter = 0.34 bohr**(-1)
 An unrestricted Kohn-Sham SCF calculation will be
 performed using Pulay DIIS extrapolation
 Exchange:  wPBE + LR-HF      Correlation:  PBE
 Using SG-1 standard quadrature grid
 SCF converges when DIIS error is below 1.0E-05
 Requested basis set is G3large
 There are 98 shells and 290 basis functions
 A cutoff of  1.0D-08 yielded   4435 shell pairs
 There are  39245 function pairs ( 48051 Cartesian)
 Warning!  Inaccurate integrated density:
   Number of electrons =    39
   Numerical integral  =    37.999764099938
   Relative error      =    -2.5647074361 %
 ---------------------------------------
  Cycle       Energy         DIIS Error
 ---------------------------------------
    1    -197.0912109902      2.90E-02
    2    -194.9788126287      3.06E-03
    3    -195.0638773219      2.65E-03
    4    -195.1383404528      3.13E-04
    5    -195.1426503647      1.77E-04
    6    -195.1439416077      5.77E-05
    7    -195.1443683327      2.45E-05
    8    -195.1445459896      1.59E-05
    9    -195.1446600716      1.25E-05
   10    -195.1447598241      8.97E-06 Convergence criterion met
 ---------------------------------------
 One-Electron    Energy =  -604.2612692736
 Total Coulomb   Energy =   268.2957850826
 Alpha Exchange  Energy =    -3.3462063880
 Beta  Exchange  Energy =    -3.2861891789
 DFT   Exchange  Energy =   -22.2141034857
 DFT Correlation Energy =    -1.2528315129
 Nuclear Repu.   Energy =   170.9200549324
 Nuclear Attr.   Energy =  -798.5073843763
 Kinetic         Energy =   194.2461151027
 <S^2> = 0.7501
 SCF time:  CPU 454.20 s  wall 457.52 s
 Final Alpha MO Eigenvalues
            1           2           3           4           5           6
    1  -9.9611032  -9.9527613  -9.9455318  -9.9448799  -9.9444113  -0.8826861
            7           8           9          10          11          12
    1  -0.7973244  -0.6006629  -0.5963633  -0.5346543  -0.4744896  -0.4648664
           13          14          15          16          17          18
    1  -0.4603838  -0.3526138  -0.3381547  -0.3365743  -0.2681476  -0.2667109
           19          20          21          22          23          24
    1  -0.2555856   0.0335832   0.1286305   0.1287181   0.1303433   0.1584579
           25
    1   0.1586197
 Final Beta MO Eigenvalues
            1           2           3           4           5           6
    1  -9.9611153  -9.9526737  -9.9452798  -9.9446499  -9.9441665  -0.8825732
            7           8           9          10          11          12
    1  -0.7971140  -0.6000168  -0.5955290  -0.5338782  -0.4738756  -0.4646081
           13          14          15          16          17          18
    1  -0.4598097  -0.3523149  -0.3375759  -0.3362723  -0.2678809  -0.2664891
           19          20          21          22          23          24
    1  -0.2550662   0.1260985   0.1395589   0.1414044   0.1454089   0.1600306
 Analysis of SCF Wavefunction
 
 --------------------------------------------------------------
                    Orbital Energies (a.u.)
 --------------------------------------------------------------
 
 Alpha MOs
 -- Occupied --
 -9.961  -9.953  -9.946  -9.945  -9.944  -0.883  -0.797  -0.601
 -0.596  -0.535  -0.474  -0.465  -0.460  -0.353  -0.338  -0.337
 -0.268  -0.267  -0.256   0.034
 -- Virtual --
  0.129   0.129   0.130   0.158   0.159   0.163   0.180   0.190
  0.220   0.245   0.248   0.255   0.263   0.266   0.266   0.283
  0.286   0.291   0.301   0.313   0.313   0.323   0.335   0.338
  0.342   0.343   0.356   0.358   0.373   0.416   0.421   0.423
  0.451   0.468   0.474   0.481   0.508   0.537   0.538   0.549
  0.556   0.611   0.660   0.676   0.677   0.682   0.705   0.709
  0.741   0.763   0.765   0.783   0.794   0.801   0.811   0.813
  0.829   0.830   0.844   0.856   0.864   0.867   0.871   0.889
  0.921   0.975   1.016   1.016   1.023   1.041   1.069   1.095
  1.122   1.128   1.130   1.200   1.252   1.254   1.279   1.306
  1.325   1.326   1.336   1.352   1.356   1.389   1.402   1.403
  1.460   1.462   1.516   1.521   1.525   1.548   1.569   1.573
  1.593   1.598   1.620   1.628   1.632   1.668   1.670   1.688
  1.693   1.717   1.766   1.780   1.783   1.796   1.806   1.811
  1.814   1.872   1.980   2.013   2.014   2.041   2.680   2.684
  2.764   2.803   2.832   2.834   2.856   2.866   2.899   2.899
  2.905   2.955   2.992   2.993   3.040   3.096   3.109   3.111
  3.116   3.145   3.201   3.202   3.219   3.225   3.276   3.278
  3.294   3.295   3.307   3.339   3.344   3.384   3.408   3.439
  3.440   3.461   3.490   3.556   3.556   3.565   3.598   3.600
  3.651   3.653   3.662   3.680   3.711   3.712   3.757   3.757
  3.772   3.812   3.812   3.826   3.900   3.997   4.026   4.076
  4.092   4.094   4.151   4.153   4.179   4.266   4.314   4.316
  4.318   4.321   4.351   4.354   4.442   4.467   4.475   4.477
  4.555   4.559   4.563   4.571   4.574   4.614   4.616   4.705
  4.706   4.734   4.738   4.742   4.775   4.815   4.920   4.937
  5.111   5.114   5.182   5.184   5.303   5.470   5.597   5.657
  5.660   5.701   5.808   5.815   5.818   5.851   5.960   5.964
  5.994  24.246  24.268  24.519  24.524  24.593  27.620  27.681
 27.733  27.735  28.119  28.210  28.237  28.239  28.255  28.280
 28.280  28.294  28.681  28.685  29.121  41.002  41.019  41.040
 41.102  41.110  41.114  41.115  41.154  41.156  41.160  41.272
 41.278  41.278  41.284  41.286  41.297  41.319  41.332  41.379
 41.384  41.390  41.393  41.413  41.483  41.484
 
 Beta MOs
 -- Occupied --
 -9.961  -9.953  -9.945  -9.945  -9.944  -0.883  -0.797  -0.600
 -0.596  -0.534  -0.474  -0.465  -0.460  -0.352  -0.338  -0.336
 -0.268  -0.266  -0.255
 -- Virtual --
  0.126   0.140   0.141   0.145   0.160   0.166   0.168   0.183
  0.189   0.218   0.242   0.244   0.249   0.258   0.261   0.261
  0.282   0.283   0.291   0.299   0.311   0.312   0.320   0.331
  0.333   0.336   0.337   0.353   0.355   0.371   0.414   0.421
  0.422   0.449   0.466   0.473   0.477   0.506   0.534   0.535
  0.546   0.555   0.610   0.658   0.673   0.675   0.679   0.704
  0.708   0.738   0.762   0.764   0.781   0.792   0.799   0.811
  0.813   0.828   0.829   0.843   0.855   0.862   0.865   0.869
  0.888   0.920   0.975   1.016   1.017   1.024   1.042   1.069
  1.095   1.122   1.128   1.130   1.200   1.252   1.254   1.279
  1.306   1.325   1.327   1.336   1.352   1.356   1.389   1.401
  1.403   1.459   1.462   1.515   1.521   1.524   1.548   1.569
  1.572   1.592   1.597   1.620   1.628   1.632   1.668   1.670
  1.688   1.694   1.717   1.766   1.780   1.783   1.796   1.806
  1.811   1.814   1.872   1.980   2.013   2.014   2.042   2.680
  2.684   2.764   2.803   2.832   2.834   2.856   2.866   2.899
  2.899   2.905   2.956   2.992   2.993   3.040   3.096   3.109
  3.111   3.116   3.145   3.201   3.203   3.219   3.226   3.277
  3.278   3.294   3.296   3.307   3.340   3.345   3.384   3.408
  3.440   3.441   3.461   3.490   3.556   3.557   3.566   3.598
  3.600   3.652   3.653   3.662   3.681   3.711   3.712   3.757
  3.758   3.772   3.812   3.812   3.826   3.901   3.997   4.026
  4.076   4.092   4.094   4.151   4.153   4.179   4.266   4.314
  4.316   4.318   4.321   4.351   4.355   4.442   4.467   4.475
  4.477   4.555   4.559   4.563   4.571   4.574   4.614   4.616
  4.705   4.706   4.735   4.738   4.742   4.775   4.815   4.920
  4.937   5.111   5.114   5.182   5.184   5.304   5.470   5.598
  5.657   5.660   5.701   5.808   5.815   5.819   5.852   5.960
  5.964   5.994  24.246  24.268  24.519  24.524  24.593  27.621
 27.681  27.733  27.735  28.119  28.210  28.237  28.239  28.255
 28.280  28.280  28.294  28.681  28.685  29.121  41.002  41.020
 41.040  41.102  41.110  41.114  41.115  41.154  41.156  41.160
 41.272  41.278  41.278  41.284  41.286  41.297  41.319  41.333
 41.379  41.384  41.390  41.393  41.413  41.483  41.484
 --------------------------------------------------------------
 
          Ground-State Mulliken Net Atomic Charges

     Atom                 Charge (a.u.)    Spin (a.u.)
  --------------------------------------------------------
      1 C                    -3.648504       4.216291
      2 C                     3.115986      -3.464881
      3 C                    -0.282482      -0.014382
      4 C                     1.613463      -1.930960
      5 C                     1.397675      -1.714791
      6 H                    -0.553887       0.654497
      7 H                    -0.599048       0.701491
      8 H                    -0.035110       0.106845
      9 H                    -0.048990       0.122325
     10 H                    -0.115099       0.186937
     11 H                    -0.903794       1.015777
     12 H                    -0.095175       0.165418
     13 H                    -0.845034       0.955432
  --------------------------------------------------------
  Sum of atomic charges =    -1.000000
  Sum of spin   charges =     1.000000

 -----------------------------------------------------------------
                    Cartesian Multipole Moments
 -----------------------------------------------------------------
    Charge (ESU x 10^10)
                -4.8032
    Dipole Moment (Debye)
         X       2.2812      Y      -7.2772      Z      -4.4486
       Tot       8.8290
    Quadrupole Moments (Debye-Ang)
        XX     -73.1204     XY       2.7634     YY     -66.0879
        XZ       2.2373     YZ      -6.8734     ZZ     -64.7181
    Octapole Moments (Debye-Ang^2)
       XXX      34.5941    XXY     -45.0219    XYY      15.0139
       YYY     -99.0593    XXZ     -70.8743    XYZ       2.7062
       YYZ     -64.0550    XZZ      13.4416    YZZ     -46.2288
       ZZZ    -180.7960
    Hexadecapole Moments (Debye-Ang^3)
      XXXX   -1049.9764   XXXY      20.6208   XXYY    -291.6349
      XYYY      26.4370   YYYY    -612.8417   XXXZ      34.2692
      XXYZ     -42.9043   XYYZ      15.1121   YYYZ     -94.7520
      XXZZ    -336.0179   XYZZ      15.4254   YYZZ    -264.4407
      XZZZ      36.4270   YZZZ    -121.1010   ZZZZ    -862.0296
 -----------------------------------------------------------------
 Total job time:  457.97s(wall), 454.59s(cpu) 
 Thu Mar 20 03:18:51 2014

        *************************************************************
        *                                                           *
        *  Thank you very much for using Q-Chem.  Have a nice day.  *
        *                                                           *
        *************************************************************


0 sent ACK to 0 
now end server 0 ... 
 
**********************************************************************
Job 2 of 3 
**********************************************************************
 
Process 0 of 1 is on cl122 - thread support 1
initial socket setup ...start
initial socket setup ...done 
now start server 0 ... 

cmd = /usr/bin/ssh clhead /usr/local/qchem/bin/get_hostid 1825759703 > /tmp/1601971.1.medium.q/qchem2294/lic.dat

cmd = /usr/bin/ssh clhead /usr/local/qchem/bin/get_hostid 1825759703 > /tmp/1601971.1.medium.q/qchem2294/lic.dat

cmd = /usr/bin/ssh clhead /usr/local/qchem/bin/get_hostid 1825759703 > /tmp/1601971.1.medium.q/qchem2294/lic.dat

cmd = /usr/bin/ssh clhead /usr/local/qchem/bin/get_hostid 1825759703 > /tmp/1601971.1.medium.q/qchem2294/lic.dat

cmd = /usr/bin/ssh clhead /usr/local/qchem/bin/get_hostid 1825759703 > /tmp/1601971.1.medium.q/qchem2294/lic.dat
                  Welcome to Q-Chem
     A Quantum Leap Into The Future Of Chemistry

 Y. Shao, L. Fusti-Molnar, Y. Jung, J. Kussmann, C. Ochsenfeld,
 S. T. Brown, A. T. B. Gilbert, L. V. Slipchenko,S. V. Levchenko,
 D. P. O'Neill, R. A. DiStasio Jr., R. C. Lochan, T. Wang,
 G. J. O. Beran, N. A. Besley, J. M. Herbert, C. Y. Lin,
 T. Van Voorhis, S. H. Chien, A. Sodt, R. P. Steele, 
 V. A. Rassolov, P. E. Maslen, P. P. Korambath, R. D. Adamson,
 B. Austin, J. Baker, E. F. C. Byrd, H. Dachsel, R. J. Doerksen,
 A. Dreuw, B. D. Dunietz, A. D. Dutoi, T. R. Furlani,
 S. R. Gwaltney, A. Heyden, S. Hirata, C.-P. Hsu, G. Kedziora,
 R. Z. Khaliullin, P. Klunzinger, A. M. Lee, M. S. Lee, W. Liang,
 I. Lotan, N. Nair, B. Peters, E. I. Proynov, P. A. Pieniazek, 
 Y. M. Rhee, J. Ritchie, E. Rosta, C. D. Sherrill, 
 A. C. Simmonett, J. E. Subotnik, H. L. Woodcock III,
 W. Zhang, A. T. Bell, A. K. Chakraborty, D. M. Chipman,
 F. J. Keil, A. Warshel, W. J. Hehre, H. F. Schaefer III,
 J. Kong, A. I. Krylov, P. M. W. Gill, M. Head-Gordon,
 Q-Chem, Version 3.1, Q-Chem, Inc., Pittsburgh, PA (2007).

 Additional authors for Version 3.1: 
 Z. Gan, Y. Zhao, N. E. Schultz, D. Truhlar, E. Epifanovsky and M. Oana.

 Additional authors for Version 3.2: 
 R. Baer, B. R. Brooks, D. Casanova, J.-D. Chai, C.-L. Cheng, 
 C. Cramer, D. Crittenden, A. Ghysels, G. Hawkins, E. G. Hohenstein, 
 C. Kelley, W. Kurlancheek, D. Liotard, E. Livshits, P. Manohar, 
 A. Marenich, D. Neuhauser, R. Olson, M. A. Rohrdanz, K. S. Thanthiriwatte, 
 A. J. W. Thom, V. Vanovschi, C. F. Williams, Q. Wu and Z.-Q. You. 


 Intel X86 Linux Version

 Q-chem begins on Thu Mar 20 03:18:58 2014  

 Parallel job on  1  processors
Processing $rem in /usr/local/qchem/config/preferences.

theFileMan(): MAXOPENFILES=974 MAX_SUB_FILE_NUM=16
Maximum size of a physical file is 2.0 GB, maximum size of a tmp-file is 32.0 GB


--------------------------------------------------------------
User input:
--------------------------------------------------------------

$molecule
0,1
C         -0.00006        0.00015        0.99980
C          1.26532        0.76004        0.98857
C          1.26516       -0.76001        0.98799
C         -1.27231       -0.00021        0.25137
C         -1.25820        0.00027        1.77153
H          1.57504        1.26150        1.90176
H          1.55860        1.26345        0.07108
H          1.57486       -1.26190        1.90095
H          1.55826       -1.26313        0.07027
H         -1.57794       -0.91602       -0.24774
H         -1.57802        0.91521       -0.24839
H         -1.55535       -0.91513        2.27650
H         -1.55537        0.91578        2.27629
$end

$comment
neutral
$end

$xc_functional
C PBE   1.00
X wPBE  1.00
$end


$rem
SYMMETRY_DECOMPOSITION	0
LRC_DFT                 true
exchange 		general
BASIS                   g3large
omega			340
mem_static              760
max_scf_cycles          200
scf_final_print         1
sym_ignore              true
$end

--------------------------------------------------------------
 Writing REM_CC_EA           13
 ----------------------------------------------------
       Standard Nuclear Orientation (Angstroms)
    I     Atom         X            Y            Z
 ----------------------------------------------------
    1      C      -0.000060     0.000150     0.999800
    2      C       1.265320     0.760040     0.988570
    3      C       1.265160    -0.760010     0.987990
    4      C      -1.272310    -0.000210     0.251370
    5      C      -1.258200     0.000270     1.771530
    6      H       1.575040     1.261500     1.901760
    7      H       1.558600     1.263450     0.071080
    8      H       1.574860    -1.261900     1.900950
    9      H       1.558260    -1.263130     0.070270
   10      H      -1.577940    -0.916020    -0.247740
   11      H      -1.578020     0.915210    -0.248390
   12      H      -1.555350    -0.915130     2.276500
   13      H      -1.555370     0.915780     2.276290
 ----------------------------------------------------
 Nuclear Repulsion Energy =   170.9200549349 hartrees
 There are       19 alpha and       19 beta electrons
 Requested basis set is G3large
 There are 98 shells and 290 basis functions

Total QAlloc Memory Limit   2000 MB
Mega-Array Size       743 MB
MEM_STATIC part       760 MB

                       Distance Matrix (Angstroms)
             C (  1)   C (  2)   C (  3)   C (  4)   C (  5)   H (  6)
   C (  2)  1.476057
   C (  3)  1.476064  1.520050
   C (  4)  1.476065  2.749729  2.749302
   C (  5)  1.475969  2.749260  2.749419  1.520226
   H (  6)  2.210311  1.086878  2.239979  3.524642  3.104015
   H (  7)  2.210852  1.086841  2.240808  3.105381  3.524417  1.830755
   H (  8)  2.210252  2.239753  1.086878  3.524110  3.104199  2.523400
   H (  9)  2.210942  2.241050  1.086852  3.104817  3.524615  3.119037
   H ( 10)  2.210301  3.524453  3.103963  1.086843  2.240373  4.393544
   H ( 11)  2.210265  3.104630  3.524013  1.086836  2.240419  3.832082
   H ( 12)  2.210572  3.524363  3.104770  2.240166  1.086853  3.831121
   H ( 13)  2.210609  3.104637  3.524681  2.240416  1.086854  3.171634
             H (  7)   H (  8)   H (  9)   H ( 10)   H ( 11)   H ( 12)
   H (  8)  3.118667
   H (  9)  2.526580  1.830756
   H ( 10)  3.832704  3.831012  3.171335
   H ( 11)  3.172021  4.393190  3.831835  1.831230
   H ( 12)  4.393947  3.171672  3.831856  2.524341  3.118610
   H ( 13)  3.831532  3.831646  4.394185  3.118770  2.524782  1.830910

 
 A cutoff of  1.0D-08 yielded   4435 shell pairs
 There are  39245 function pairs ( 48051 Cartesian)
Evaluating contribution to one-electron hamiltonian from nuclear
 Smallest overlap matrix eigenvalue = 2.59E-05

 Q-Chem warning in module mkSTV.C, line 194:

 Overlap eigenvalue is smaller than square root of threshold

 Multipole matrices computed through 2nd order

  Scale SEOQF with 1.000000e-01/1.000000e-01/1.000000e-01

 Standard Electronic Orientation quadrupole field applied
 Nucleus-field energy     =    -0.0000000026 hartrees
 Guess from superposition of atomic densities
 Warning:  Energy on first SCF cycle will be non-variational
 Long-range K will be added via erf
 Coulomb attenuation parameter = 0.34 bohr**(-1)
 A restricted Kohn-Sham SCF calculation will be
 performed using Pulay DIIS extrapolation
 Exchange:  wPBE + LR-HF      Correlation:  PBE
 Using SG-1 standard quadrature grid
 SCF converges when DIIS error is below 1.0E-05
 Requested basis set is G3large
 There are 98 shells and 290 basis functions
 A cutoff of  1.0D-08 yielded   4435 shell pairs
 There are  39245 function pairs ( 48051 Cartesian)
 ---------------------------------------
  Cycle       Energy         DIIS Error
 ---------------------------------------
    1    -197.0912109902      2.90E-02
    2    -195.0963623511      2.61E-03
    3    -195.1472118738      1.88E-03
    4    -195.1814142655      2.52E-04
    5    -195.1823014142      1.14E-04
    6    -195.1824459650      2.93E-05
    7    -195.1824610887      7.24E-06 Convergence criterion met
 ---------------------------------------
 One-Electron    Energy =  -599.6761664109
 Total Coulomb   Energy =   263.6013975153
 Alpha Exchange  Energy =    -3.2873062382
 Beta  Exchange  Energy =    -3.2873062382
 DFT   Exchange  Energy =   -22.2072416347
 DFT Correlation Energy =    -1.2458930143
 Nuclear Repu.   Energy =   170.9200549324
 Nuclear Attr.   Energy =  -793.8547927871
 Kinetic         Energy =   194.1786263762
 SCF time:  CPU 236.62 s  wall 238.26 s
 Final Alpha MO Eigenvalues
            1           2           3           4           5           6
    1 -10.0826044 -10.0692732 -10.0691037 -10.0689823 -10.0687676  -1.0041968
            7           8           9          10          11          12
    1  -0.9187463  -0.7196624  -0.7196275  -0.6555222  -0.5951531  -0.5842501
           13          14          15          16          17          18
    1  -0.5841970  -0.4736675  -0.4592882  -0.4586564  -0.3889200  -0.3888080
           19          20          21          22          23          24
    1  -0.3768864   0.0418351   0.0533633   0.0533720   0.0580936   0.0767139
 Analysis of SCF Wavefunction
 
 --------------------------------------------------------------
                    Orbital Energies (a.u.)
 --------------------------------------------------------------
 
 Alpha MOs
 -- Occupied --
-10.083 -10.069 -10.069 -10.069 -10.069  -1.004  -0.919  -0.720
 -0.720  -0.656  -0.595  -0.584  -0.584  -0.474  -0.459  -0.459
 -0.389  -0.389  -0.377
 -- Virtual --
  0.042   0.053   0.053   0.058   0.077   0.077   0.081   0.098
  0.101   0.123   0.149   0.150   0.160   0.166   0.167   0.167
  0.185   0.186   0.186   0.198   0.209   0.209   0.220   0.234
  0.236   0.239   0.239   0.247   0.247   0.261   0.306   0.306
  0.307   0.336   0.356   0.357   0.372   0.393   0.426   0.426
  0.439   0.440   0.495   0.546   0.563   0.563   0.564   0.591
  0.591   0.625   0.648   0.648   0.668   0.678   0.684   0.695
  0.695   0.712   0.712   0.728   0.739   0.749   0.749   0.754
  0.769   0.804   0.855   0.897   0.897   0.903   0.919   0.948
  0.976   1.002   1.009   1.009   1.080   1.132   1.133   1.159
  1.186   1.205   1.205   1.215   1.235   1.235   1.269   1.283
  1.283   1.341   1.341   1.396   1.403   1.403   1.428   1.451
  1.451   1.473   1.478   1.501   1.507   1.514   1.550   1.550
  1.570   1.572   1.598   1.646   1.662   1.662   1.675   1.689
  1.689   1.693   1.751   1.860   1.893   1.893   1.920   2.561
  2.561   2.643   2.683   2.712   2.713   2.735   2.745   2.778
  2.778   2.784   2.834   2.871   2.872   2.919   2.975   2.988
  2.988   2.995   3.024   3.080   3.080   3.098   3.104   3.156
  3.156   3.173   3.173   3.186   3.218   3.222   3.263   3.287
  3.318   3.319   3.340   3.369   3.435   3.435   3.444   3.477
  3.477   3.531   3.531   3.541   3.559   3.590   3.591   3.636
  3.636   3.651   3.691   3.691   3.705   3.779   3.875   3.905
  3.955   3.972   3.972   4.030   4.031   4.058   4.145   4.194
  4.194   4.196   4.199   4.231   4.231   4.321   4.346   4.353
  4.355   4.434   4.440   4.440   4.451   4.451   4.493   4.493
  4.584   4.584   4.614   4.618   4.618   4.653   4.693   4.798
  4.816   4.991   4.991   5.062   5.062   5.182   5.349   5.476
  5.537   5.537   5.580   5.691   5.691   5.695   5.730   5.840
  5.841   5.872  24.124  24.146  24.399  24.399  24.471  27.498
 27.558  27.612  27.612  27.997  28.088  28.116  28.116  28.133
 28.158  28.158  28.172  28.561  28.561  28.999  40.881  40.898
 40.918  40.982  40.990  40.990  40.992  41.032  41.036  41.036
 41.150  41.157  41.157  41.162  41.162  41.174  41.197  41.210
 41.260  41.260  41.268  41.269  41.291  41.362  41.362
 --------------------------------------------------------------
 
          Ground-State Mulliken Net Atomic Charges

     Atom                 Charge (a.u.)
  ----------------------------------------
      1 C                     0.509698
      2 C                    -0.304860
      3 C                    -0.305238
      4 C                    -0.304889
      5 C                    -0.305158
      6 H                     0.088846
      7 H                     0.088802
      8 H                     0.088798
      9 H                     0.088804
     10 H                     0.088716
     11 H                     0.088834
     12 H                     0.088789
     13 H                     0.088859
  ----------------------------------------
  Sum of atomic charges =     0.000000

 -----------------------------------------------------------------
                    Cartesian Multipole Moments
 -----------------------------------------------------------------
    Charge (ESU x 10^10)
                 0.0000
    Dipole Moment (Debye)
         X       0.0002      Y      -0.0012      Z       0.0001
       Tot       0.0012
    Quadrupole Moments (Debye-Ang)
        XX     -32.8105     XY       0.0026     YY     -30.6765
        XZ       0.0193     YZ       0.0001     ZZ     -30.6804
    Octapole Moments (Debye-Ang^2)
       XXX       0.0039    XXY       0.0012    XYY      -0.6410
       YYY      -0.0004    XXZ     -32.7910    XYZ       0.0030
       YYZ     -30.6755    XZZ       0.6807    YZZ       0.0033
       ZZZ     -92.0474
    Hexadecapole Moments (Debye-Ang^3)
      XXXX    -348.7789   XXXY       0.0153   XXYY     -67.2047
      XYYY       0.0082   YYYY    -114.8292   XXXZ       1.3348
      XXYZ      -0.0009   XYYZ      -0.3369   YYYZ      -0.0150
      XXZZ     -99.9933   XYZZ       0.0117   YYZZ     -63.3597
      XZZZ       2.7780   YZZZ      -0.0072   ZZZZ    -298.9602
 -----------------------------------------------------------------
 Total job time:  238.69s(wall), 237.00s(cpu) 
 Thu Mar 20 03:22:56 2014

        *************************************************************
        *                                                           *
        *  Thank you very much for using Q-Chem.  Have a nice day.  *
        *                                                           *
        *************************************************************


0 sent ACK to 0 
now end server 0 ... 
 
**********************************************************************
Job 3 of 3 
**********************************************************************
 
Process 0 of 1 is on cl122 - thread support 1
initial socket setup ...start
initial socket setup ...done 
now start server 0 ... 

cmd = /usr/bin/ssh clhead /usr/local/qchem/bin/get_hostid 20409713 > /tmp/1601971.1.medium.q/qchem2294/lic.dat

cmd = /usr/bin/ssh clhead /usr/local/qchem/bin/get_hostid 20409713 > /tmp/1601971.1.medium.q/qchem2294/lic.dat

cmd = /usr/bin/ssh clhead /usr/local/qchem/bin/get_hostid 20409713 > /tmp/1601971.1.medium.q/qchem2294/lic.dat

cmd = /usr/bin/ssh clhead /usr/local/qchem/bin/get_hostid 20409713 > /tmp/1601971.1.medium.q/qchem2294/lic.dat

cmd = /usr/bin/ssh clhead /usr/local/qchem/bin/get_hostid 20409713 > /tmp/1601971.1.medium.q/qchem2294/lic.dat
                  Welcome to Q-Chem
     A Quantum Leap Into The Future Of Chemistry

 Y. Shao, L. Fusti-Molnar, Y. Jung, J. Kussmann, C. Ochsenfeld,
 S. T. Brown, A. T. B. Gilbert, L. V. Slipchenko,S. V. Levchenko,
 D. P. O'Neill, R. A. DiStasio Jr., R. C. Lochan, T. Wang,
 G. J. O. Beran, N. A. Besley, J. M. Herbert, C. Y. Lin,
 T. Van Voorhis, S. H. Chien, A. Sodt, R. P. Steele, 
 V. A. Rassolov, P. E. Maslen, P. P. Korambath, R. D. Adamson,
 B. Austin, J. Baker, E. F. C. Byrd, H. Dachsel, R. J. Doerksen,
 A. Dreuw, B. D. Dunietz, A. D. Dutoi, T. R. Furlani,
 S. R. Gwaltney, A. Heyden, S. Hirata, C.-P. Hsu, G. Kedziora,
 R. Z. Khaliullin, P. Klunzinger, A. M. Lee, M. S. Lee, W. Liang,
 I. Lotan, N. Nair, B. Peters, E. I. Proynov, P. A. Pieniazek, 
 Y. M. Rhee, J. Ritchie, E. Rosta, C. D. Sherrill, 
 A. C. Simmonett, J. E. Subotnik, H. L. Woodcock III,
 W. Zhang, A. T. Bell, A. K. Chakraborty, D. M. Chipman,
 F. J. Keil, A. Warshel, W. J. Hehre, H. F. Schaefer III,
 J. Kong, A. I. Krylov, P. M. W. Gill, M. Head-Gordon,
 Q-Chem, Version 3.1, Q-Chem, Inc., Pittsburgh, PA (2007).

 Additional authors for Version 3.1: 
 Z. Gan, Y. Zhao, N. E. Schultz, D. Truhlar, E. Epifanovsky and M. Oana.

 Additional authors for Version 3.2: 
 R. Baer, B. R. Brooks, D. Casanova, J.-D. Chai, C.-L. Cheng, 
 C. Cramer, D. Crittenden, A. Ghysels, G. Hawkins, E. G. Hohenstein, 
 C. Kelley, W. Kurlancheek, D. Liotard, E. Livshits, P. Manohar, 
 A. Marenich, D. Neuhauser, R. Olson, M. A. Rohrdanz, K. S. Thanthiriwatte, 
 A. J. W. Thom, V. Vanovschi, C. F. Williams, Q. Wu and Z.-Q. You. 


 Intel X86 Linux Version

 Q-chem begins on Thu Mar 20 03:23:00 2014  

 Parallel job on  1  processors
Processing $rem in /usr/local/qchem/config/preferences.

theFileMan(): MAXOPENFILES=974 MAX_SUB_FILE_NUM=16
Maximum size of a physical file is 2.0 GB, maximum size of a tmp-file is 32.0 GB


--------------------------------------------------------------
User input:
--------------------------------------------------------------

$molecule
1,2
C         -0.00006        0.00015        0.99980
C          1.26532        0.76004        0.98857
C          1.26516       -0.76001        0.98799
C         -1.27231       -0.00021        0.25137
C         -1.25820        0.00027        1.77153
H          1.57504        1.26150        1.90176
H          1.55860        1.26345        0.07108
H          1.57486       -1.26190        1.90095
H          1.55826       -1.26313        0.07027
H         -1.57794       -0.91602       -0.24774
H         -1.57802        0.91521       -0.24839
H         -1.55535       -0.91513        2.27650
H         -1.55537        0.91578        2.27629
$end

$comment
positive
$end

$xc_functional
C PBE   1.00
X wPBE  1.00
$end

$rem
SYMMETRY_DECOMPOSITION	0
LRC_DFT                 true
exchange 		general
BASIS                   g3large
omega			340
mem_static              760
max_scf_cycles          200
scf_final_print         1
sym_ignore              true
$end

--------------------------------------------------------------
 Writing REM_CC_EA           13
 ----------------------------------------------------
       Standard Nuclear Orientation (Angstroms)
    I     Atom         X            Y            Z
 ----------------------------------------------------
    1      C      -0.000060     0.000150     0.999800
    2      C       1.265320     0.760040     0.988570
    3      C       1.265160    -0.760010     0.987990
    4      C      -1.272310    -0.000210     0.251370
    5      C      -1.258200     0.000270     1.771530
    6      H       1.575040     1.261500     1.901760
    7      H       1.558600     1.263450     0.071080
    8      H       1.574860    -1.261900     1.900950
    9      H       1.558260    -1.263130     0.070270
   10      H      -1.577940    -0.916020    -0.247740
   11      H      -1.578020     0.915210    -0.248390
   12      H      -1.555350    -0.915130     2.276500
   13      H      -1.555370     0.915780     2.276290
 ----------------------------------------------------
 Nuclear Repulsion Energy =   170.9200549349 hartrees
 There are       19 alpha and       18 beta electrons
 Requested basis set is G3large
 There are 98 shells and 290 basis functions

Total QAlloc Memory Limit   2000 MB
Mega-Array Size       743 MB
MEM_STATIC part       760 MB

                       Distance Matrix (Angstroms)
             C (  1)   C (  2)   C (  3)   C (  4)   C (  5)   H (  6)
   C (  2)  1.476057
   C (  3)  1.476064  1.520050
   C (  4)  1.476065  2.749729  2.749302
   C (  5)  1.475969  2.749260  2.749419  1.520226
   H (  6)  2.210311  1.086878  2.239979  3.524642  3.104015
   H (  7)  2.210852  1.086841  2.240808  3.105381  3.524417  1.830755
   H (  8)  2.210252  2.239753  1.086878  3.524110  3.104199  2.523400
   H (  9)  2.210942  2.241050  1.086852  3.104817  3.524615  3.119037
   H ( 10)  2.210301  3.524453  3.103963  1.086843  2.240373  4.393544
   H ( 11)  2.210265  3.104630  3.524013  1.086836  2.240419  3.832082
   H ( 12)  2.210572  3.524363  3.104770  2.240166  1.086853  3.831121
   H ( 13)  2.210609  3.104637  3.524681  2.240416  1.086854  3.171634
             H (  7)   H (  8)   H (  9)   H ( 10)   H ( 11)   H ( 12)
   H (  8)  3.118667
   H (  9)  2.526580  1.830756
   H ( 10)  3.832704  3.831012  3.171335
   H ( 11)  3.172021  4.393190  3.831835  1.831230
   H ( 12)  4.393947  3.171672  3.831856  2.524341  3.118610
   H ( 13)  3.831532  3.831646  4.394185  3.118770  2.524782  1.830910

 
 A cutoff of  1.0D-08 yielded   4435 shell pairs
 There are  39245 function pairs ( 48051 Cartesian)
Evaluating contribution to one-electron hamiltonian from nuclear
 Smallest overlap matrix eigenvalue = 2.59E-05

 Q-Chem warning in module mkSTV.C, line 194:

 Overlap eigenvalue is smaller than square root of threshold

 Multipole matrices computed through 2nd order

  Scale SEOQF with 1.000000e-01/1.000000e-01/1.000000e-01

 Standard Electronic Orientation quadrupole field applied
 Nucleus-field energy     =    -0.0000000026 hartrees
 Guess from superposition of atomic densities
 Warning:  Energy on first SCF cycle will be non-variational
 Long-range K will be added via erf
 Coulomb attenuation parameter = 0.34 bohr**(-1)
 An unrestricted Kohn-Sham SCF calculation will be
 performed using Pulay DIIS extrapolation
 Exchange:  wPBE + LR-HF      Correlation:  PBE
 Using SG-1 standard quadrature grid
 SCF converges when DIIS error is below 1.0E-05
 Requested basis set is G3large
 There are 98 shells and 290 basis functions
 A cutoff of  1.0D-08 yielded   4435 shell pairs
 There are  39245 function pairs ( 48051 Cartesian)
 Warning!  Inaccurate integrated density:
   Number of electrons =    37
   Numerical integral  =    37.999764099938
   Relative error      =     2.7020651350 %
 ---------------------------------------
  Cycle       Energy         DIIS Error
 ---------------------------------------
    1    -197.0912109902      2.90E-02
    2    -194.7100556797      2.44E-03
    3    -194.7579205654      2.01E-03
    4    -194.7988762168      3.03E-04
    5    -194.8018027052      1.17E-04
    6    -194.8026791688      6.07E-05
    7    -194.8032353564      4.67E-05
    8    -194.8037150157      3.60E-05
    9    -194.8041915017      3.58E-05
   10    -194.8044522448      3.33E-05
   11    -194.8048684765      3.29E-05
   12    -194.8051717378      3.22E-05
   13    -194.8051964082      3.21E-05
   14    -194.8053131082      3.21E-05
   15    -194.8054894558      2.47E-05
   16    -194.8056809462      3.18E-05
   17    -194.8062043051      3.07E-05
   18    -194.8063957149      3.02E-05
   19    -194.8083194051      8.00E-05
   20    -194.8073171501      4.16E-05
   21    -194.8085534563      3.02E-04
   22    -194.8084071738      3.14E-04
   23    -194.8085596904      2.95E-04
   24    -194.8086045940      3.49E-04
   25    -194.8090687284      3.02E-04
   26    -194.8091870963      2.85E-04
   27    -194.8095364939      2.45E-04
   28    -194.8098009767      2.12E-04
   29    -194.8102457453      1.42E-04
   30    -194.8104900962      8.68E-05
   31    -194.8105729660      3.16E-05
   32    -194.8106108577      6.43E-06 Convergence criterion met
 ---------------------------------------
 One-Electron    Energy =  -590.5640465300
 Total Coulomb   Energy =   254.5328771089
 Alpha Exchange  Energy =    -3.3005788270
 Beta  Exchange  Energy =    -3.1099583217
 DFT   Exchange  Energy =   -22.0816898666
 DFT Correlation Energy =    -1.2072693538
 Nuclear Repu.   Energy =   170.9200549324
 Nuclear Attr.   Energy =  -784.6069297025
 Kinetic         Energy =   194.0428831725
 <S^2> = 0.7585
 SCF time:  CPU 1424.28 s  wall 1433.09 s
 Final Alpha MO Eigenvalues
            1           2           3           4           5           6
    1 -10.3314190 -10.3237549 -10.3235511 -10.3235051 -10.3233115  -1.2565826
            7           8           9          10          11          12
    1  -1.1740943  -0.9555208  -0.9553757  -0.8932000  -0.8301004  -0.8168218
           13          14          15          16          17          18
    1  -0.8166395  -0.7166175  -0.6991585  -0.6844073  -0.6406293  -0.6295372
           19          20          21          22          23          24
    1  -0.6294207  -0.0895660  -0.0810763  -0.0810661  -0.0728247  -0.0503005
 Final Beta MO Eigenvalues
            1           2           3           4           5           6
    1 -10.3312858 -10.3197176 -10.3195156 -10.3195061 -10.3193539  -1.2468434
            7           8           9          10          11          12
    1  -1.1572095  -0.9415938  -0.9414955  -0.8785620  -0.8232792  -0.8134689
           13          14          15          16          17          18
    1  -0.8133435  -0.6966268  -0.6817247  -0.6525437  -0.6215710  -0.6210141
           19          20          21          22          23
    1  -0.3678416  -0.0883110  -0.0780269  -0.0780029  -0.0713491
 Analysis of SCF Wavefunction
 
 --------------------------------------------------------------
                    Orbital Energies (a.u.)
 --------------------------------------------------------------
 
 Alpha MOs
 -- Occupied --
-10.331 -10.324 -10.324 -10.324 -10.323  -1.257  -1.174  -0.956
 -0.955  -0.893  -0.830  -0.817  -0.817  -0.717  -0.699  -0.684
 -0.641  -0.630  -0.629
 -- Virtual --
 -0.090  -0.081  -0.081  -0.073  -0.050  -0.050  -0.042  -0.034
 -0.027  -0.012  -0.011  -0.005   0.014   0.018   0.021   0.021
  0.036   0.036   0.044   0.049   0.059   0.059   0.074   0.076
  0.076   0.087   0.093   0.093   0.094   0.101   0.117   0.117
  0.126   0.157   0.172   0.173   0.185   0.209   0.234   0.239
  0.240   0.275   0.304   0.361   0.371   0.380   0.380   0.394
  0.394   0.428   0.449   0.449   0.459   0.473   0.492   0.494
  0.494   0.508   0.508   0.530   0.544   0.556   0.563   0.564
  0.567   0.620   0.638   0.689   0.689   0.703   0.722   0.729
  0.766   0.790   0.802   0.803   0.883   0.932   0.932   0.954
  0.972   0.993   1.002   1.002   1.031   1.031   1.074   1.074
  1.074   1.127   1.127   1.186   1.193   1.193   1.203   1.236
  1.236   1.262   1.264   1.290   1.292   1.314   1.345   1.345
  1.361   1.369   1.396   1.436   1.456   1.457   1.467   1.484
  1.484   1.486   1.536   1.625   1.666   1.667   1.702   2.325
  2.325   2.389   2.463   2.475   2.489   2.489   2.520   2.533
  2.534   2.562   2.587   2.639   2.639   2.684   2.723   2.748
  2.748   2.750   2.777   2.847   2.847   2.857   2.862   2.912
  2.912   2.931   2.932   2.932   2.986   2.998   3.021   3.051
  3.085   3.085   3.107   3.131   3.198   3.198   3.215   3.234
  3.234   3.293   3.293   3.300   3.312   3.345   3.354   3.400
  3.401   3.420   3.451   3.451   3.476   3.542   3.644   3.664
  3.708   3.742   3.742   3.790   3.790   3.820   3.911   3.962
  3.963   3.964   3.968   4.003   4.003   4.096   4.121   4.130
  4.133   4.196   4.199   4.200   4.221   4.221   4.259   4.260
  4.348   4.348   4.383   4.388   4.388   4.411   4.455   4.554
  4.578   4.748   4.748   4.826   4.826   4.952   5.109   5.244
  5.289   5.289   5.349   5.465   5.465   5.469   5.504   5.605
  5.606   5.628  23.875  23.892  24.145  24.146  24.219  27.238
 27.298  27.360  27.360  27.744  27.835  27.863  27.863  27.881
 27.904  27.904  27.920  28.309  28.309  28.749  40.629  40.640
 40.664  40.727  40.734  40.734  40.737  40.778  40.779  40.781
 40.900  40.900  40.900  40.905  40.905  40.917  40.942  40.953
 41.008  41.009  41.017  41.018  41.033  41.109  41.110
 
 Beta MOs
 -- Occupied --
-10.331 -10.320 -10.320 -10.320 -10.319  -1.247  -1.157  -0.942
 -0.941  -0.879  -0.823  -0.813  -0.813  -0.697  -0.682  -0.653
 -0.622  -0.621
 -- Virtual --
 -0.368  -0.088  -0.078  -0.078  -0.071  -0.049  -0.049  -0.041
 -0.034  -0.026  -0.005  -0.001  -0.001   0.016   0.021   0.022
  0.022   0.038   0.038   0.047   0.052   0.060   0.060   0.074
  0.083   0.083   0.089   0.094   0.095   0.095   0.101   0.125
  0.125   0.133   0.157   0.174   0.174   0.196   0.213   0.241
  0.243   0.243   0.277   0.307   0.364   0.371   0.382   0.382
  0.400   0.400   0.436   0.456   0.456   0.472   0.484   0.494
  0.500   0.500   0.509   0.509   0.536   0.548   0.562   0.567
  0.568   0.570   0.622   0.643   0.693   0.694   0.705   0.723
  0.740   0.773   0.800   0.806   0.806   0.883   0.934   0.934
  0.958   0.972   1.003   1.005   1.005   1.032   1.032   1.076
  1.081   1.081   1.135   1.135   1.191   1.198   1.198   1.213
  1.247   1.247   1.268   1.272   1.295   1.296   1.317   1.348
  1.348   1.366   1.371   1.400   1.440   1.459   1.459   1.469
  1.485   1.485   1.490   1.541   1.635   1.672   1.672   1.703
  2.335   2.335   2.408   2.465   2.492   2.492   2.502   2.527
  2.541   2.541   2.566   2.603   2.644   2.644   2.689   2.740
  2.758   2.758   2.766   2.790   2.854   2.854   2.869   2.872
  2.923   2.923   2.946   2.946   2.951   2.990   3.000   3.030
  3.056   3.094   3.094   3.109   3.139   3.209   3.210   3.220
  3.248   3.248   3.305   3.306   3.310   3.334   3.354   3.360
  3.409   3.409   3.428   3.461   3.461   3.477   3.551   3.648
  3.675   3.721   3.746   3.746   3.800   3.801   3.829   3.915
  3.966   3.966   3.970   3.973   4.008   4.008   4.102   4.127
  4.131   4.137   4.205   4.210   4.213   4.226   4.227   4.266
  4.266   4.355   4.355   4.390   4.395   4.395   4.418   4.462
  4.562   4.586   4.754   4.755   4.831   4.831   4.955   5.118
  5.246   5.303   5.303   5.355   5.468   5.468   5.472   5.506
  5.609   5.610   5.635  23.877  23.897  24.150  24.150  24.223
 27.250  27.310  27.363  27.364  27.747  27.838  27.868  27.868
 27.884  27.910  27.910  27.922  28.312  28.312  28.752  40.631
 40.648  40.668  40.732  40.740  40.740  40.743  40.784  40.786
 40.786  40.901  40.907  40.907  40.913  40.913  40.925  40.947
 40.960  41.010  41.010  41.018  41.019  41.041  41.113  41.113
 --------------------------------------------------------------
 
          Ground-State Mulliken Net Atomic Charges

     Atom                 Charge (a.u.)    Spin (a.u.)
  --------------------------------------------------------
      1 C                     0.428460      -0.083270
      2 C                    -0.167580       0.284561
      3 C                    -0.168074       0.280973
      4 C                    -0.167271       0.283313
      5 C                    -0.166745       0.285072
      6 H                     0.155146      -0.006568
      7 H                     0.155098      -0.006671
      8 H                     0.155117      -0.005996
      9 H                     0.155054      -0.006072
     10 H                     0.155182      -0.006357
     11 H                     0.155181      -0.006176
     12 H                     0.155140      -0.006476
     13 H                     0.155292      -0.006333
  --------------------------------------------------------
  Sum of atomic charges =     1.000000
  Sum of spin   charges =     1.000000

 -----------------------------------------------------------------
                    Cartesian Multipole Moments
 -----------------------------------------------------------------
    Charge (ESU x 10^10)
                 4.8032
    Dipole Moment (Debye)
         X      -0.0097      Y       0.0014      Z       4.8051
       Tot       4.8051
    Quadrupole Moments (Debye-Ang)
        XX     -18.1376     XY       0.0028     YY     -23.8148
        XZ      -0.0650     YZ       0.0038     ZZ     -19.0028
    Octapole Moments (Debye-Ang^2)
       XXX      -0.0226    XXY       0.0016    XYY       2.3116
       YYY      -0.0044    XXZ     -18.1718    XYZ       0.0032
       YYZ     -23.8404    XZZ      -2.4471    YZZ       0.0081
       ZZZ     -66.5445
    Hexadecapole Moments (Debye-Ang^3)
      XXXX    -273.7683   XXXY       0.0139   XXYY     -48.2562
      XYYY      -0.0025   YYYY     -91.1351   XXXZ       1.1256
      XXYZ       0.0016   XYYZ       2.5308   YYYZ      -0.0159
      XXZZ     -66.4730   XYZZ       0.0014   YYZZ     -46.5208
      XZZZ      -6.6620   YZZZ       0.0020   ZZZZ    -228.8670
 -----------------------------------------------------------------
 Total job time:  1433.50s(wall), 1424.66s(cpu) 
 Thu Mar 20 03:46:54 2014

        *************************************************************
        *                                                           *
        *  Thank you very much for using Q-Chem.  Have a nice day.  *
        *                                                           *
        *************************************************************


0 sent ACK to 0 
now end server 0 ... 
