Process 0 of 1 is on cl135 - thread support 1
initial socket setup ...start
initial socket setup ...done 
now start server 0 ... 

cmd = /usr/bin/ssh clhead /usr/local/qchem/bin/get_hostid 1532239174 > /tmp/1602254.1.medium.q/qchem22782/lic.dat

cmd = /usr/bin/ssh clhead /usr/local/qchem/bin/get_hostid 1532239174 > /tmp/1602254.1.medium.q/qchem22782/lic.dat

cmd = /usr/bin/ssh clhead /usr/local/qchem/bin/get_hostid 1532239174 > /tmp/1602254.1.medium.q/qchem22782/lic.dat

cmd = /usr/bin/ssh clhead /usr/local/qchem/bin/get_hostid 1532239174 > /tmp/1602254.1.medium.q/qchem22782/lic.dat

cmd = /usr/bin/ssh clhead /usr/local/qchem/bin/get_hostid 1532239174 > /tmp/1602254.1.medium.q/qchem22782/lic.dat
                  Welcome to Q-Chem
     A Quantum Leap Into The Future Of Chemistry

 Y. Shao, L. Fusti-Molnar, Y. Jung, J. Kussmann, C. Ochsenfeld,
 S. T. Brown, A. T. B. Gilbert, L. V. Slipchenko,S. V. Levchenko,
 D. P. O'Neill, R. A. DiStasio Jr., R. C. Lochan, T. Wang,
 G. J. O. Beran, N. A. Besley, J. M. Herbert, C. Y. Lin,
 T. Van Voorhis, S. H. Chien, A. Sodt, R. P. Steele, 
 V. A. Rassolov, P. E. Maslen, P. P. Korambath, R. D. Adamson,
 B. Austin, J. Baker, E. F. C. Byrd, H. Dachsel, R. J. Doerksen,
 A. Dreuw, B. D. Dunietz, A. D. Dutoi, T. R. Furlani,
 S. R. Gwaltney, A. Heyden, S. Hirata, C.-P. Hsu, G. Kedziora,
 R. Z. Khaliullin, P. Klunzinger, A. M. Lee, M. S. Lee, W. Liang,
 I. Lotan, N. Nair, B. Peters, E. I. Proynov, P. A. Pieniazek, 
 Y. M. Rhee, J. Ritchie, E. Rosta, C. D. Sherrill, 
 A. C. Simmonett, J. E. Subotnik, H. L. Woodcock III,
 W. Zhang, A. T. Bell, A. K. Chakraborty, D. M. Chipman,
 F. J. Keil, A. Warshel, W. J. Hehre, H. F. Schaefer III,
 J. Kong, A. I. Krylov, P. M. W. Gill, M. Head-Gordon,
 Q-Chem, Version 3.1, Q-Chem, Inc., Pittsburgh, PA (2007).

 Additional authors for Version 3.1: 
 Z. Gan, Y. Zhao, N. E. Schultz, D. Truhlar, E. Epifanovsky and M. Oana.

 Additional authors for Version 3.2: 
 R. Baer, B. R. Brooks, D. Casanova, J.-D. Chai, C.-L. Cheng, 
 C. Cramer, D. Crittenden, A. Ghysels, G. Hawkins, E. G. Hohenstein, 
 C. Kelley, W. Kurlancheek, D. Liotard, E. Livshits, P. Manohar, 
 A. Marenich, D. Neuhauser, R. Olson, M. A. Rohrdanz, K. S. Thanthiriwatte, 
 A. J. W. Thom, V. Vanovschi, C. F. Williams, Q. Wu and Z.-Q. You. 


 Intel X86 Linux Version

 Q-chem begins on Fri Mar 21 22:34:01 2014  

 Parallel job on  1  processors
Processing $rem in /usr/local/qchem/config/preferences.

theFileMan(): MAXOPENFILES=974 MAX_SUB_FILE_NUM=16
Maximum size of a physical file is 2.0 GB, maximum size of a tmp-file is 32.0 GB


--------------------------------------------------------------
User input:
--------------------------------------------------------------

$molecule
-1,2
C         -0.00013        0.00000        0.01487
Si        -0.00043        0.00000        1.87462
H          1.01782        0.00000       -0.37208
H         -0.50853       -0.88134       -0.37324
H         -0.50853        0.88134       -0.37324
H         -1.38712        0.00000        2.39962
H          0.69345       -1.20137        2.39767
H          0.69345        1.20137        2.39767
$end

$comment
negative
$end

$xc_functional
C PBE   1.00
X wPBE  1.00
$end

$rem
SYMMETRY_DECOMPOSITION	0
exchange 		general
LRC_DFT                 true
BASIS                   g3large
omega			400
mem_static              760
max_scf_cycles          200
scf_final_print         1
sym_ignore              true
$end

--------------------------------------------------------------
 Writing REM_CC_EA            8
 ----------------------------------------------------
       Standard Nuclear Orientation (Angstroms)
    I     Atom         X            Y            Z
 ----------------------------------------------------
    1      C      -0.000130     0.000000     0.014870
    2      Si     -0.000430     0.000000     1.874620
    3      H       1.017820     0.000000    -0.372080
    4      H      -0.508530    -0.881340    -0.373240
    5      H      -0.508530     0.881340    -0.373240
    6      H      -1.387120     0.000000     2.399620
    7      H       0.693450    -1.201370     2.397670
    8      H       0.693450     1.201370     2.397670
 ----------------------------------------------------
 Nuclear Repulsion Energy =    63.1402175305 hartrees
 There are       14 alpha and       13 beta electrons
 Requested basis set is G3large
 There are 65 shells and 168 basis functions

Total QAlloc Memory Limit   2000 MB
Mega-Array Size       743 MB
MEM_STATIC part       760 MB

                       Distance Matrix (Angstroms)
             C (  1)   Si(  2)   H (  3)   H (  4)   H (  5)   H (  6)
   Si(  2)  1.859750
   H (  3)  1.089014  2.466677
   H (  4)  1.088972  2.467347  1.762528
   H (  5)  1.088972  2.467347  1.762528  1.762680
   H (  6)  2.758763  1.482745  3.669613  3.039315  3.039315
   H (  7)  2.757187  1.482680  3.036449  3.037288  3.668839  2.402512
   H (  8)  2.757187  1.482680  3.036449  3.668839  3.037288  2.402512
             H (  7)
   H (  8)  2.402740
 
 A cutoff of  1.0D-08 yielded   2044 shell pairs
 There are  13820 function pairs ( 17231 Cartesian)
Evaluating contribution to one-electron hamiltonian from nuclear
 Smallest overlap matrix eigenvalue = 1.35E-04
 Multipole matrices computed through 2nd order

  Scale SEOQF with 1.000000e-01/1.000000e-01/1.000000e-01

 Standard Electronic Orientation quadrupole field applied
 Nucleus-field energy     =    -0.0000000067 hartrees
 Guess from superposition of atomic densities
 Warning:  Energy on first SCF cycle will be non-variational
 Long-range K will be added via erf
 Coulomb attenuation parameter = 0.4 bohr**(-1)
 An unrestricted Kohn-Sham SCF calculation will be
 performed using Pulay DIIS extrapolation
 Exchange:  wPBE + LR-HF      Correlation:  PBE
 Using SG-1 standard quadrature grid
 SCF converges when DIIS error is below 1.0E-05
 Requested basis set is G3large
 There are 65 shells and 168 basis functions
 A cutoff of  1.0D-08 yielded   2044 shell pairs
 There are  13820 function pairs ( 17231 Cartesian)
 Warning!  Inaccurate integrated density:
   Number of electrons =    27
   Numerical integral  =    25.999985127030
   Relative error      =    -3.7037587888 %
 ---------------------------------------
  Cycle       Energy         DIIS Error
 ---------------------------------------
    1    -331.2619959363      2.77E-02
    2    -330.9875372498      3.33E-03
    3    -331.0342750171      2.46E-03
    4    -331.0590698400      3.49E-04
    5    -331.0639910020      1.68E-04
    6    -331.0661468620      9.22E-05
    7    -331.0671114456      3.83E-05
    8    -331.0673687950      1.64E-05
    9    -331.0674254400      7.21E-06 Convergence criterion met
 ---------------------------------------
 One-Electron    Energy =  -584.9215056747
 Total Coulomb   Energy =   219.2504103026
 Alpha Exchange  Energy =    -2.6726056846
 Beta  Exchange  Energy =    -2.6058137744
 DFT   Exchange  Energy =   -22.3710755832
 DFT Correlation Energy =    -0.8870525495
 Nuclear Repu.   Energy =    63.1402175238
 Nuclear Attr.   Energy =  -915.3101449086
 Kinetic         Energy =   330.3886392339
 <S^2> = 0.7502
 SCF time:  CPU 91.82 s  wall 93.12 s
 Final Alpha MO Eigenvalues
            1           2           3           4           5           6
    1 -65.4752479  -9.9415686  -5.1372430  -3.5391401  -3.5391255  -3.5377686
            7           8           9          10          11          12
    1  -0.7113432  -0.5334324  -0.3961757  -0.3960921  -0.3215349  -0.3214914
           13          14          15          16          17          18
    1  -0.3076548   0.0279901   0.1482114   0.1508720   0.1509535   0.1761395
           19
    1   0.1884142
 Final Beta MO Eigenvalues
            1           2           3           4           5           6
    1 -65.4751615  -9.9409719  -5.1371442  -3.5390799  -3.5390652  -3.5375207
            7           8           9          10          11          12
    1  -0.7097136  -0.5317060  -0.3953263  -0.3952418  -0.3214568  -0.3214099
           13          14          15          16          17          18
    1  -0.3063561   0.1388708   0.1548683   0.1654849   0.1657163   0.1827574
 Analysis of SCF Wavefunction
 
 --------------------------------------------------------------
                    Orbital Energies (a.u.)
 --------------------------------------------------------------
 
 Alpha MOs
 -- Occupied --
-65.475  -9.942  -5.137  -3.539  -3.539  -3.538  -0.711  -0.533
 -0.396  -0.396  -0.322  -0.321  -0.308   0.028
 -- Virtual --
  0.148   0.151   0.151   0.176   0.188   0.188   0.200   0.200
  0.257   0.269   0.269   0.269   0.302   0.303   0.303   0.315
  0.350   0.367   0.367   0.430   0.430   0.480   0.480   0.482
  0.487   0.529   0.529   0.614   0.633   0.633   0.645   0.671
  0.715   0.715   0.729   0.768   0.768   0.775   0.817   0.817
  0.882   0.910   0.922   0.922   0.966   0.966   1.037   1.045
  1.045   1.080   1.095   1.137   1.213   1.213   1.271   1.271
  1.313   1.353   1.353   1.419   1.419   1.473   1.515   1.542
  1.542   1.548   1.557   1.558   1.644   1.644   1.713   1.713
  1.722   1.770   1.770   1.814   1.862   2.354   2.396   2.404
  2.405   2.466   2.467   2.578   2.752   2.752   2.856   3.066
  3.066   3.190   3.215   3.345   3.354   3.354   3.469   3.469
  3.569   3.569   3.613   3.784   3.785   3.900   3.902   3.924
  4.029   4.030   4.139   4.171   4.172   4.299   4.301   4.301
  4.347   4.368   4.368   4.479   4.480   4.485   4.609   4.622
  4.623   4.684   4.734   4.879   4.879   5.295   5.910   5.911
  6.463  11.600  11.600  11.938  17.725  17.808  17.905  17.987
 18.043  22.338  22.353  22.360  22.361  22.368  22.369  22.394
 24.289  27.988  28.246  28.246  41.118  41.134  41.354  41.396
 41.441 141.261
 
 Beta MOs
 -- Occupied --
-65.475  -9.941  -5.137  -3.539  -3.539  -3.538  -0.710  -0.532
 -0.395  -0.395  -0.321  -0.321  -0.306
 -- Virtual --
  0.139   0.155   0.165   0.166   0.183   0.190   0.190   0.202
  0.202   0.256   0.265   0.265   0.273   0.299   0.303   0.303
  0.318   0.351   0.367   0.367   0.431   0.431   0.477   0.480
  0.480   0.486   0.528   0.528   0.614   0.630   0.631   0.643
  0.671   0.715   0.715   0.729   0.768   0.768   0.774   0.815
  0.815   0.879   0.910   0.922   0.922   0.966   0.966   1.037
  1.044   1.045   1.080   1.096   1.136   1.213   1.213   1.271
  1.271   1.313   1.353   1.353   1.419   1.419   1.473   1.516
  1.542   1.542   1.548   1.557   1.558   1.645   1.645   1.713
  1.713   1.722   1.770   1.770   1.814   1.862   2.354   2.397
  2.406   2.406   2.467   2.467   2.578   2.752   2.752   2.856
  3.066   3.066   3.190   3.215   3.344   3.354   3.355   3.470
  3.470   3.569   3.569   3.614   3.785   3.786   3.901   3.902
  3.926   4.029   4.030   4.140   4.172   4.172   4.299   4.300
  4.300   4.347   4.368   4.368   4.480   4.480   4.485   4.609
  4.622   4.622   4.684   4.734   4.879   4.880   5.295   5.911
  5.911   6.463  11.600  11.600  11.938  17.725  17.808  17.905
 17.988  18.044  22.338  22.353  22.361  22.361  22.368  22.369
 22.394  24.289  27.989  28.247  28.247  41.119  41.134  41.354
 41.396  41.441 141.261
 --------------------------------------------------------------
 
          Ground-State Mulliken Net Atomic Charges

     Atom                 Charge (a.u.)    Spin (a.u.)
  --------------------------------------------------------
      1 C                     2.705576      -2.941461
      2 Si                    0.724061      -0.499819
      3 H                    -1.202139       1.302598
      4 H                    -1.215813       1.316812
      5 H                    -1.185319       1.285233
      6 H                    -0.275325       0.178862
      7 H                    -0.275901       0.179740
      8 H                    -0.275140       0.178036
  --------------------------------------------------------
  Sum of atomic charges =    -1.000000
  Sum of spin   charges =     1.000000

 -----------------------------------------------------------------
                    Cartesian Multipole Moments
 -----------------------------------------------------------------
    Charge (ESU x 10^10)
                -4.8032
    Dipole Moment (Debye)
         X      -0.0034      Y       0.1225      Z       2.0137
       Tot       2.0174
    Quadrupole Moments (Debye-Ang)
        XX     -49.5401     XY      -0.0832     YY     -49.5329
        XZ      -0.0024     YZ      -0.0525     ZZ     -48.1308
    Octapole Moments (Debye-Ang^2)
       XXX      -1.4082    XXY       0.4826    XYY       1.3609
       YYY       1.4479    XXZ     -19.9915    XYZ       0.0407
       YYZ     -19.9902    XZZ       0.0033    YZZ       0.4485
       ZZZ     -71.6822
    Hexadecapole Moments (Debye-Ang^3)
      XXXX    -374.4245   XXXY      -0.6534   XXYY    -124.7819
      XYYY      -0.7323   YYYY    -374.3071   XXXZ       7.4188
      XXYZ      -0.0762   XYYZ      -7.3867   YYYZ      -0.2287
      XXZZ    -180.8211   XYZZ      -0.2138   YYZZ    -180.8012
      XZZZ       0.0404   YZZZ      -0.2194   ZZZZ    -671.8230
 -----------------------------------------------------------------
 Total job time:  93.35s(wall), 92.00s(cpu) 
 Fri Mar 21 22:35:34 2014

        *************************************************************
        *                                                           *
        *  Thank you very much for using Q-Chem.  Have a nice day.  *
        *                                                           *
        *************************************************************


0 sent ACK to 0 
now end server 0 ... 
 
**********************************************************************
Job 2 of 3 
**********************************************************************
 
Process 0 of 1 is on cl135 - thread support 1
initial socket setup ...start
initial socket setup ...done 
now start server 0 ... 

cmd = /usr/bin/ssh clhead /usr/local/qchem/bin/get_hostid 1031216441 > /tmp/1602254.1.medium.q/qchem22782/lic.dat

cmd = /usr/bin/ssh clhead /usr/local/qchem/bin/get_hostid 1031216441 > /tmp/1602254.1.medium.q/qchem22782/lic.dat

cmd = /usr/bin/ssh clhead /usr/local/qchem/bin/get_hostid 1031216441 > /tmp/1602254.1.medium.q/qchem22782/lic.dat

cmd = /usr/bin/ssh clhead /usr/local/qchem/bin/get_hostid 1031216441 > /tmp/1602254.1.medium.q/qchem22782/lic.dat

cmd = /usr/bin/ssh clhead /usr/local/qchem/bin/get_hostid 1031216441 > /tmp/1602254.1.medium.q/qchem22782/lic.dat
                  Welcome to Q-Chem
     A Quantum Leap Into The Future Of Chemistry

 Y. Shao, L. Fusti-Molnar, Y. Jung, J. Kussmann, C. Ochsenfeld,
 S. T. Brown, A. T. B. Gilbert, L. V. Slipchenko,S. V. Levchenko,
 D. P. O'Neill, R. A. DiStasio Jr., R. C. Lochan, T. Wang,
 G. J. O. Beran, N. A. Besley, J. M. Herbert, C. Y. Lin,
 T. Van Voorhis, S. H. Chien, A. Sodt, R. P. Steele, 
 V. A. Rassolov, P. E. Maslen, P. P. Korambath, R. D. Adamson,
 B. Austin, J. Baker, E. F. C. Byrd, H. Dachsel, R. J. Doerksen,
 A. Dreuw, B. D. Dunietz, A. D. Dutoi, T. R. Furlani,
 S. R. Gwaltney, A. Heyden, S. Hirata, C.-P. Hsu, G. Kedziora,
 R. Z. Khaliullin, P. Klunzinger, A. M. Lee, M. S. Lee, W. Liang,
 I. Lotan, N. Nair, B. Peters, E. I. Proynov, P. A. Pieniazek, 
 Y. M. Rhee, J. Ritchie, E. Rosta, C. D. Sherrill, 
 A. C. Simmonett, J. E. Subotnik, H. L. Woodcock III,
 W. Zhang, A. T. Bell, A. K. Chakraborty, D. M. Chipman,
 F. J. Keil, A. Warshel, W. J. Hehre, H. F. Schaefer III,
 J. Kong, A. I. Krylov, P. M. W. Gill, M. Head-Gordon,
 Q-Chem, Version 3.1, Q-Chem, Inc., Pittsburgh, PA (2007).

 Additional authors for Version 3.1: 
 Z. Gan, Y. Zhao, N. E. Schultz, D. Truhlar, E. Epifanovsky and M. Oana.

 Additional authors for Version 3.2: 
 R. Baer, B. R. Brooks, D. Casanova, J.-D. Chai, C.-L. Cheng, 
 C. Cramer, D. Crittenden, A. Ghysels, G. Hawkins, E. G. Hohenstein, 
 C. Kelley, W. Kurlancheek, D. Liotard, E. Livshits, P. Manohar, 
 A. Marenich, D. Neuhauser, R. Olson, M. A. Rohrdanz, K. S. Thanthiriwatte, 
 A. J. W. Thom, V. Vanovschi, C. F. Williams, Q. Wu and Z.-Q. You. 


 Intel X86 Linux Version

 Q-chem begins on Fri Mar 21 22:35:41 2014  

 Parallel job on  1  processors
Processing $rem in /usr/local/qchem/config/preferences.

theFileMan(): MAXOPENFILES=974 MAX_SUB_FILE_NUM=16
Maximum size of a physical file is 2.0 GB, maximum size of a tmp-file is 32.0 GB


--------------------------------------------------------------
User input:
--------------------------------------------------------------

$molecule
0,1
C         -0.00013        0.00000        0.01487
Si        -0.00043        0.00000        1.87462
H          1.01782        0.00000       -0.37208
H         -0.50853       -0.88134       -0.37324
H         -0.50853        0.88134       -0.37324
H         -1.38712        0.00000        2.39962
H          0.69345       -1.20137        2.39767
H          0.69345        1.20137        2.39767
$end

$comment
neutral
$end

$xc_functional
C PBE   1.00
X wPBE  1.00
$end


$rem
SYMMETRY_DECOMPOSITION	0
LRC_DFT                 true
exchange 		general
BASIS                   g3large
omega			400
mem_static              760
max_scf_cycles          200
scf_final_print         1
sym_ignore              true
$end

--------------------------------------------------------------
 Writing REM_CC_EA            8
 ----------------------------------------------------
       Standard Nuclear Orientation (Angstroms)
    I     Atom         X            Y            Z
 ----------------------------------------------------
    1      C      -0.000130     0.000000     0.014870
    2      Si     -0.000430     0.000000     1.874620
    3      H       1.017820     0.000000    -0.372080
    4      H      -0.508530    -0.881340    -0.373240
    5      H      -0.508530     0.881340    -0.373240
    6      H      -1.387120     0.000000     2.399620
    7      H       0.693450    -1.201370     2.397670
    8      H       0.693450     1.201370     2.397670
 ----------------------------------------------------
 Nuclear Repulsion Energy =    63.1402175305 hartrees
 There are       13 alpha and       13 beta electrons
 Requested basis set is G3large
 There are 65 shells and 168 basis functions

Total QAlloc Memory Limit   2000 MB
Mega-Array Size       743 MB
MEM_STATIC part       760 MB

                       Distance Matrix (Angstroms)
             C (  1)   Si(  2)   H (  3)   H (  4)   H (  5)   H (  6)
   Si(  2)  1.859750
   H (  3)  1.089014  2.466677
   H (  4)  1.088972  2.467347  1.762528
   H (  5)  1.088972  2.467347  1.762528  1.762680
   H (  6)  2.758763  1.482745  3.669613  3.039315  3.039315
   H (  7)  2.757187  1.482680  3.036449  3.037288  3.668839  2.402512
   H (  8)  2.757187  1.482680  3.036449  3.668839  3.037288  2.402512
             H (  7)
   H (  8)  2.402740
 
 A cutoff of  1.0D-08 yielded   2044 shell pairs
 There are  13820 function pairs ( 17231 Cartesian)
Evaluating contribution to one-electron hamiltonian from nuclear
 Smallest overlap matrix eigenvalue = 1.35E-04
 Multipole matrices computed through 2nd order

  Scale SEOQF with 1.000000e-01/1.000000e-01/1.000000e-01

 Standard Electronic Orientation quadrupole field applied
 Nucleus-field energy     =    -0.0000000067 hartrees
 Guess from superposition of atomic densities
 Warning:  Energy on first SCF cycle will be non-variational
 Long-range K will be added via erf
 Coulomb attenuation parameter = 0.4 bohr**(-1)
 A restricted Kohn-Sham SCF calculation will be
 performed using Pulay DIIS extrapolation
 Exchange:  wPBE + LR-HF      Correlation:  PBE
 Using SG-1 standard quadrature grid
 SCF converges when DIIS error is below 1.0E-05
 Requested basis set is G3large
 There are 65 shells and 168 basis functions
 A cutoff of  1.0D-08 yielded   2044 shell pairs
 There are  13820 function pairs ( 17231 Cartesian)
 ---------------------------------------
  Cycle       Energy         DIIS Error
 ---------------------------------------
    1    -331.2619959363      2.77E-02
    2    -331.0664924535      2.76E-03
    3    -331.0909772173      1.57E-03
    4    -331.0993054417      2.69E-04
    5    -331.0996784330      5.34E-05
    6    -331.0996979008      1.39E-05
    7    -331.0996984952      2.88E-06 Convergence criterion met
 ---------------------------------------
 One-Electron    Energy =  -581.4799748662
 Total Coulomb   Energy =   215.7012021613
 Alpha Exchange  Energy =    -2.6075084479
 Beta  Exchange  Energy =    -2.6075084479
 DFT   Exchange  Energy =   -22.3670266419
 DFT Correlation Energy =    -0.8790997765
 Nuclear Repu.   Energy =    63.1402175238
 Nuclear Attr.   Energy =  -911.8089466841
 Kinetic         Energy =   330.3289718179
 SCF time:  CPU 56.26 s  wall 57.38 s
 Final Alpha MO Eigenvalues
            1           2           3           4           5           6
    1 -65.6034003 -10.0873160  -5.2654874  -3.6671171  -3.6671061  -3.6664866
            7           8           9          10          11          12
    1  -0.8541216  -0.6613178  -0.5390706  -0.5390352  -0.4485615  -0.4485558
           13          14          15          16          17          18
    1  -0.4441891   0.0385506   0.0613959   0.0678173   0.0678318   0.0861935
 Analysis of SCF Wavefunction
 
 --------------------------------------------------------------
                    Orbital Energies (a.u.)
 --------------------------------------------------------------
 
 Alpha MOs
 -- Occupied --
-65.603 -10.087  -5.265  -3.667  -3.667  -3.666  -0.854  -0.661
 -0.539  -0.539  -0.449  -0.449  -0.444
 -- Virtual --
  0.039   0.061   0.068   0.068   0.086   0.094   0.095   0.103
  0.103   0.157   0.157   0.157   0.161   0.186   0.186   0.191
  0.204   0.236   0.238   0.238   0.303   0.303   0.358   0.363
  0.364   0.367   0.413   0.413   0.497   0.503   0.503   0.518
  0.545   0.587   0.587   0.606   0.638   0.638   0.648   0.682
  0.682   0.747   0.782   0.794   0.794   0.841   0.841   0.910
  0.922   0.922   0.947   0.953   1.007   1.078   1.078   1.142
  1.142   1.183   1.209   1.209   1.296   1.296   1.335   1.381
  1.406   1.406   1.424   1.428   1.428   1.504   1.504   1.574
  1.575   1.587   1.645   1.645   1.682   1.723   2.227   2.268
  2.273   2.273   2.337   2.338   2.452   2.609   2.609   2.713
  2.941   2.941   3.044   3.072   3.213   3.213   3.219   3.325
  3.325   3.426   3.426   3.476   3.642   3.642   3.766   3.768
  3.781   3.902   3.903   3.995   4.031   4.032   4.175   4.177
  4.177   4.223   4.239   4.239   4.337   4.337   4.358   4.464
  4.478   4.478   4.538   4.605   4.750   4.751   5.149   5.764
  5.764   6.334  11.472  11.472  11.809  17.597  17.680  17.777
 17.859  17.915  22.210  22.224  22.232  22.232  22.239  22.240
 22.266  24.143  27.843  28.101  28.101  40.973  40.988  41.208
 41.250  41.295 141.133
 --------------------------------------------------------------
 
          Ground-State Mulliken Net Atomic Charges

     Atom                 Charge (a.u.)
  ----------------------------------------
      1 C                    -0.286405
      2 Si                    0.211971
      3 H                     0.098545
      4 H                     0.098505
      5 H                     0.098451
      6 H                    -0.073599
      7 H                    -0.073714
      8 H                    -0.073754
  ----------------------------------------
  Sum of atomic charges =     0.000000

 -----------------------------------------------------------------
                    Cartesian Multipole Moments
 -----------------------------------------------------------------
    Charge (ESU x 10^10)
                 0.0000
    Dipole Moment (Debye)
         X      -0.0011      Y       0.0000      Z      -0.8158
       Tot       0.8158
    Quadrupole Moments (Debye-Ang)
        XX     -22.8524     XY       0.0000     YY     -22.8531
        XZ      -0.0021     YZ      -0.0001     ZZ     -25.0848
    Octapole Moments (Debye-Ang^2)
       XXX       1.6397    XXY      -0.0001    XYY      -1.6209
       YYY      -0.0003    XXZ     -31.5302    XYZ      -0.0003
       YYZ     -31.5336    XZZ       0.0006    YZZ      -0.0003
       ZZZ     -92.7176
    Hexadecapole Moments (Debye-Ang^3)
      XXXX     -55.9499   XXXY       0.0000   XXYY     -18.6511
      XYYY      -0.0002   YYYY     -55.9578   XXXZ       1.1983
      XXYZ      -0.0003   XYYZ      -1.1567   YYYZ      -0.0007
      XXZZ     -80.5829   XYZZ      -0.0010   YYZZ     -80.5883
      XZZZ       0.0317   YZZZ      -0.0010   ZZZZ    -406.9252
 -----------------------------------------------------------------
 Total job time:  57.58s(wall), 56.43s(cpu) 
 Fri Mar 21 22:36:39 2014

        *************************************************************
        *                                                           *
        *  Thank you very much for using Q-Chem.  Have a nice day.  *
        *                                                           *
        *************************************************************


0 sent ACK to 0 
now end server 0 ... 
 
**********************************************************************
Job 3 of 3 
**********************************************************************
 
Process 0 of 1 is on cl135 - thread support 1
initial socket setup ...start
initial socket setup ...done 
now start server 0 ... 

cmd = /usr/bin/ssh clhead /usr/local/qchem/bin/get_hostid 1659392873 > /tmp/1602254.1.medium.q/qchem22782/lic.dat

cmd = /usr/bin/ssh clhead /usr/local/qchem/bin/get_hostid 1659392873 > /tmp/1602254.1.medium.q/qchem22782/lic.dat

cmd = /usr/bin/ssh clhead /usr/local/qchem/bin/get_hostid 1659392873 > /tmp/1602254.1.medium.q/qchem22782/lic.dat

cmd = /usr/bin/ssh clhead /usr/local/qchem/bin/get_hostid 1659392873 > /tmp/1602254.1.medium.q/qchem22782/lic.dat

cmd = /usr/bin/ssh clhead /usr/local/qchem/bin/get_hostid 1659392873 > /tmp/1602254.1.medium.q/qchem22782/lic.dat
                  Welcome to Q-Chem
     A Quantum Leap Into The Future Of Chemistry

 Y. Shao, L. Fusti-Molnar, Y. Jung, J. Kussmann, C. Ochsenfeld,
 S. T. Brown, A. T. B. Gilbert, L. V. Slipchenko,S. V. Levchenko,
 D. P. O'Neill, R. A. DiStasio Jr., R. C. Lochan, T. Wang,
 G. J. O. Beran, N. A. Besley, J. M. Herbert, C. Y. Lin,
 T. Van Voorhis, S. H. Chien, A. Sodt, R. P. Steele, 
 V. A. Rassolov, P. E. Maslen, P. P. Korambath, R. D. Adamson,
 B. Austin, J. Baker, E. F. C. Byrd, H. Dachsel, R. J. Doerksen,
 A. Dreuw, B. D. Dunietz, A. D. Dutoi, T. R. Furlani,
 S. R. Gwaltney, A. Heyden, S. Hirata, C.-P. Hsu, G. Kedziora,
 R. Z. Khaliullin, P. Klunzinger, A. M. Lee, M. S. Lee, W. Liang,
 I. Lotan, N. Nair, B. Peters, E. I. Proynov, P. A. Pieniazek, 
 Y. M. Rhee, J. Ritchie, E. Rosta, C. D. Sherrill, 
 A. C. Simmonett, J. E. Subotnik, H. L. Woodcock III,
 W. Zhang, A. T. Bell, A. K. Chakraborty, D. M. Chipman,
 F. J. Keil, A. Warshel, W. J. Hehre, H. F. Schaefer III,
 J. Kong, A. I. Krylov, P. M. W. Gill, M. Head-Gordon,
 Q-Chem, Version 3.1, Q-Chem, Inc., Pittsburgh, PA (2007).

 Additional authors for Version 3.1: 
 Z. Gan, Y. Zhao, N. E. Schultz, D. Truhlar, E. Epifanovsky and M. Oana.

 Additional authors for Version 3.2: 
 R. Baer, B. R. Brooks, D. Casanova, J.-D. Chai, C.-L. Cheng, 
 C. Cramer, D. Crittenden, A. Ghysels, G. Hawkins, E. G. Hohenstein, 
 C. Kelley, W. Kurlancheek, D. Liotard, E. Livshits, P. Manohar, 
 A. Marenich, D. Neuhauser, R. Olson, M. A. Rohrdanz, K. S. Thanthiriwatte, 
 A. J. W. Thom, V. Vanovschi, C. F. Williams, Q. Wu and Z.-Q. You. 


 Intel X86 Linux Version

 Q-chem begins on Fri Mar 21 22:36:43 2014  

 Parallel job on  1  processors
Processing $rem in /usr/local/qchem/config/preferences.

theFileMan(): MAXOPENFILES=974 MAX_SUB_FILE_NUM=16
Maximum size of a physical file is 2.0 GB, maximum size of a tmp-file is 32.0 GB


--------------------------------------------------------------
User input:
--------------------------------------------------------------

$molecule
1,2
C         -0.00013        0.00000        0.01487
Si        -0.00043        0.00000        1.87462
H          1.01782        0.00000       -0.37208
H         -0.50853       -0.88134       -0.37324
H         -0.50853        0.88134       -0.37324
H         -1.38712        0.00000        2.39962
H          0.69345       -1.20137        2.39767
H          0.69345        1.20137        2.39767
$end

$comment
positive
$end

$xc_functional
C PBE   1.00
X wPBE  1.00
$end

$rem
SYMMETRY_DECOMPOSITION	0
LRC_DFT                 true
exchange 		general
BASIS                   g3large
omega			400
mem_static              760
max_scf_cycles          200
scf_final_print         1
sym_ignore              true
$end

--------------------------------------------------------------
 Writing REM_CC_EA            8
 ----------------------------------------------------
       Standard Nuclear Orientation (Angstroms)
    I     Atom         X            Y            Z
 ----------------------------------------------------
    1      C      -0.000130     0.000000     0.014870
    2      Si     -0.000430     0.000000     1.874620
    3      H       1.017820     0.000000    -0.372080
    4      H      -0.508530    -0.881340    -0.373240
    5      H      -0.508530     0.881340    -0.373240
    6      H      -1.387120     0.000000     2.399620
    7      H       0.693450    -1.201370     2.397670
    8      H       0.693450     1.201370     2.397670
 ----------------------------------------------------
 Nuclear Repulsion Energy =    63.1402175305 hartrees
 There are       13 alpha and       12 beta electrons
 Requested basis set is G3large
 There are 65 shells and 168 basis functions

Total QAlloc Memory Limit   2000 MB
Mega-Array Size       743 MB
MEM_STATIC part       760 MB

                       Distance Matrix (Angstroms)
             C (  1)   Si(  2)   H (  3)   H (  4)   H (  5)   H (  6)
   Si(  2)  1.859750
   H (  3)  1.089014  2.466677
   H (  4)  1.088972  2.467347  1.762528
   H (  5)  1.088972  2.467347  1.762528  1.762680
   H (  6)  2.758763  1.482745  3.669613  3.039315  3.039315
   H (  7)  2.757187  1.482680  3.036449  3.037288  3.668839  2.402512
   H (  8)  2.757187  1.482680  3.036449  3.668839  3.037288  2.402512
             H (  7)
   H (  8)  2.402740
 
 A cutoff of  1.0D-08 yielded   2044 shell pairs
 There are  13820 function pairs ( 17231 Cartesian)
Evaluating contribution to one-electron hamiltonian from nuclear
 Smallest overlap matrix eigenvalue = 1.35E-04
 Multipole matrices computed through 2nd order

  Scale SEOQF with 1.000000e-01/1.000000e-01/1.000000e-01

 Standard Electronic Orientation quadrupole field applied
 Nucleus-field energy     =    -0.0000000067 hartrees
 Guess from superposition of atomic densities
 Warning:  Energy on first SCF cycle will be non-variational
 Long-range K will be added via erf
 Coulomb attenuation parameter = 0.4 bohr**(-1)
 An unrestricted Kohn-Sham SCF calculation will be
 performed using Pulay DIIS extrapolation
 Exchange:  wPBE + LR-HF      Correlation:  PBE
 Using SG-1 standard quadrature grid
 SCF converges when DIIS error is below 1.0E-05
 Requested basis set is G3large
 There are 65 shells and 168 basis functions
 A cutoff of  1.0D-08 yielded   2044 shell pairs
 There are  13820 function pairs ( 17231 Cartesian)
 Warning!  Inaccurate integrated density:
   Number of electrons =    25
   Numerical integral  =    25.999985127030
   Relative error      =     3.9999405081 %
 ---------------------------------------
  Cycle       Energy         DIIS Error
 ---------------------------------------
    1    -331.2619959363      2.77E-02
    2    -330.5898557938      3.21E-03
    3    -330.6376908658      1.92E-03
    4    -330.6511611187      3.85E-04
    5    -330.6520701916      7.36E-05
    6    -330.6521827888      2.75E-05
    7    -330.6522114696      1.23E-05
    8    -330.6522261094      8.39E-06 Convergence criterion met
 ---------------------------------------
 One-Electron    Energy =  -574.6555276524
 Total Coulomb   Energy =   208.9884401822
 Alpha Exchange  Energy =    -2.6218282107
 Beta  Exchange  Energy =    -2.4082674005
 DFT   Exchange  Energy =   -22.2502129503
 DFT Correlation Energy =    -0.8450476016
 Nuclear Repu.   Energy =    63.1402175238
 Nuclear Attr.   Energy =  -904.7118882432
 Kinetic         Energy =   330.0563605908
 <S^2> = 0.7673
 SCF time:  CPU 78.40 s  wall 79.67 s
 Final Alpha MO Eigenvalues
            1           2           3           4           5           6
    1 -65.8940082 -10.3045654  -5.5556836  -3.9641369  -3.9546609  -3.9531356
            7           8           9          10          11          12
    1  -1.0775845  -0.9599677  -0.8127958  -0.7579699  -0.7373860  -0.7061735
           13          14          15          16          17          18
    1  -0.6767837  -0.1254522  -0.1075981  -0.1056587  -0.0999481  -0.0708009
 Final Beta MO Eigenvalues
            1           2           3           4           5           6
    1 -65.8932638 -10.3040646  -5.5548164  -3.9606537  -3.9546372  -3.9528840
            7           8           9          10          11          12
    1  -1.0697355  -0.8989126  -0.7504511  -0.7354613  -0.6823794  -0.6728034
           13          14          15          16          17
    1  -0.4426684  -0.1198443  -0.0992024  -0.0946239  -0.0828915
 Analysis of SCF Wavefunction
 
 --------------------------------------------------------------
                    Orbital Energies (a.u.)
 --------------------------------------------------------------
 
 Alpha MOs
 -- Occupied --
-65.894 -10.305  -5.556  -3.964  -3.955  -3.953  -1.078  -0.960
 -0.813  -0.758  -0.737  -0.706  -0.677
 -- Virtual --
 -0.125  -0.108  -0.106  -0.100  -0.071  -0.064  -0.061  -0.035
 -0.028  -0.026  -0.019  -0.011   0.012   0.018   0.018   0.025
  0.049   0.057   0.060   0.062   0.107   0.110   0.154   0.172
  0.176   0.193   0.223   0.228   0.275   0.305   0.309   0.313
  0.320   0.360   0.373   0.393   0.413   0.424   0.448   0.490
  0.491   0.550   0.560   0.569   0.577   0.599   0.605   0.655
  0.676   0.687   0.725   0.744   0.774   0.857   0.864   0.894
  0.918   0.946   1.007   1.012   1.032   1.058   1.112   1.158
  1.170   1.175   1.177   1.198   1.208   1.282   1.294   1.338
  1.358   1.371   1.392   1.414   1.447   1.523   1.933   1.992
  2.001   2.019   2.059   2.066   2.172   2.392   2.399   2.495
  2.589   2.670   2.835   2.856   2.926   2.979   2.990   3.109
  3.116   3.202   3.206   3.232   3.417   3.419   3.506   3.510
  3.566   3.584   3.631   3.757   3.777   3.782   3.817   3.830
  3.887   3.912   3.975   3.988   4.062   4.113   4.117   4.243
  4.254   4.264   4.316   4.326   4.442   4.488   4.938   5.551
  5.559   6.049  11.175  11.187  11.526  17.305  17.389  17.489
 17.570  17.624  21.918  21.934  21.940  21.946  21.950  21.951
 21.977  23.926  27.626  27.883  27.885  40.755  40.771  40.991
 41.032  41.078 140.842
 
 Beta MOs
 -- Occupied --
-65.893 -10.304  -5.555  -3.961  -3.955  -3.953  -1.070  -0.899
 -0.750  -0.735  -0.682  -0.673
 -- Virtual --
 -0.443  -0.120  -0.099  -0.095  -0.083  -0.067  -0.063  -0.057
 -0.026  -0.025  -0.021  -0.017  -0.010   0.013   0.021   0.024
  0.039   0.049   0.062   0.062   0.063   0.111   0.114   0.170
  0.174   0.178   0.195   0.227   0.231   0.293   0.316   0.318
  0.321   0.323   0.374   0.377   0.397   0.427   0.428   0.452
  0.493   0.493   0.553   0.568   0.572   0.581   0.609   0.612
  0.681   0.689   0.692   0.728   0.753   0.785   0.866   0.869
  0.914   0.924   0.962   1.011   1.014   1.055   1.069   1.126
  1.168   1.178   1.182   1.193   1.206   1.210   1.291   1.295
  1.356   1.364   1.373   1.405   1.420   1.447   1.525   1.952
  2.000   2.015   2.019   2.072   2.075   2.186   2.398   2.401
  2.505   2.670   2.696   2.839   2.858   2.964   2.986   2.990
  3.115   3.118   3.206   3.208   3.235   3.420   3.421   3.512
  3.514   3.567   3.625   3.643   3.785   3.807   3.808   3.893
  3.906   3.924   3.960   3.993   3.998   4.097   4.123   4.124
  4.256   4.263   4.268   4.332   4.343   4.480   4.500   4.942
  5.558   5.561   6.056  11.182  11.188  11.526  17.307  17.390
 17.490  17.571  17.626  21.919  21.935  21.941  21.946  21.951
 21.951  21.977  23.927  27.626  27.885  27.885  40.755  40.772
 40.992  41.033  41.079 140.843
 --------------------------------------------------------------
 
          Ground-State Mulliken Net Atomic Charges

     Atom                 Charge (a.u.)    Spin (a.u.)
  --------------------------------------------------------
      1 C                    -0.197921       0.026487
      2 Si                    0.393064       0.116996
      3 H                     0.151438       0.017570
      4 H                     0.160865       0.040224
      5 H                     0.144730       0.002594
      6 H                     0.107770       0.256456
      7 H                     0.052415       0.024725
      8 H                     0.187638       0.514947
  --------------------------------------------------------
  Sum of atomic charges =     1.000000
  Sum of spin   charges =     1.000000

 -----------------------------------------------------------------
                    Cartesian Multipole Moments
 -----------------------------------------------------------------
    Charge (ESU x 10^10)
                 4.8032
    Dipole Moment (Debye)
         X       0.0575      Y       1.1587      Z       7.7432
       Tot       7.8296
    Quadrupole Moments (Debye-Ang)
        XX     -16.2017     XY       1.7389     YY     -16.0644
        XZ       0.2133     YZ       3.2780     ZZ      -1.0005
    Octapole Moments (Debye-Ang^2)
       XXX      -0.6698    XXY       0.8318    XYY       0.8411
       YYY       2.5019    XXZ     -18.6717    XYZ       3.7911
       YYZ     -18.3648    XZZ       0.5314    YZZ       7.9212
       ZZZ     -31.5434
    Hexadecapole Moments (Debye-Ang^3)
      XXXX     -35.5175   XXXY       2.3249   XXYY     -11.7456
      XYYY       2.7814   YYYY     -35.1360   XXXZ      -4.9379
      XXYZ       2.2032   XYYZ       5.4619   YYYZ       6.6237
      XXZZ     -45.7868   XYZZ       9.4504   YYZZ     -44.9824
      XZZZ       1.4769   YZZZ      20.7756   ZZZZ    -230.5534
 -----------------------------------------------------------------
 Total job time:  79.88s(wall), 78.57s(cpu) 
 Fri Mar 21 22:38:03 2014

        *************************************************************
        *                                                           *
        *  Thank you very much for using Q-Chem.  Have a nice day.  *
        *                                                           *
        *************************************************************


0 sent ACK to 0 
now end server 0 ... 
