Process 0 of 1 is on cl122 - thread support 1
initial socket setup ...start
initial socket setup ...done 
now start server 0 ... 

cmd = /usr/bin/ssh clhead /usr/local/qchem/bin/get_hostid 457085290 > /tmp/1603283.1.medium.q/qchem14873/lic.dat

cmd = /usr/bin/ssh clhead /usr/local/qchem/bin/get_hostid 457085290 > /tmp/1603283.1.medium.q/qchem14873/lic.dat

cmd = /usr/bin/ssh clhead /usr/local/qchem/bin/get_hostid 457085290 > /tmp/1603283.1.medium.q/qchem14873/lic.dat

cmd = /usr/bin/ssh clhead /usr/local/qchem/bin/get_hostid 457085290 > /tmp/1603283.1.medium.q/qchem14873/lic.dat

cmd = /usr/bin/ssh clhead /usr/local/qchem/bin/get_hostid 457085290 > /tmp/1603283.1.medium.q/qchem14873/lic.dat
                  Welcome to Q-Chem
     A Quantum Leap Into The Future Of Chemistry

 Y. Shao, L. Fusti-Molnar, Y. Jung, J. Kussmann, C. Ochsenfeld,
 S. T. Brown, A. T. B. Gilbert, L. V. Slipchenko,S. V. Levchenko,
 D. P. O'Neill, R. A. DiStasio Jr., R. C. Lochan, T. Wang,
 G. J. O. Beran, N. A. Besley, J. M. Herbert, C. Y. Lin,
 T. Van Voorhis, S. H. Chien, A. Sodt, R. P. Steele, 
 V. A. Rassolov, P. E. Maslen, P. P. Korambath, R. D. Adamson,
 B. Austin, J. Baker, E. F. C. Byrd, H. Dachsel, R. J. Doerksen,
 A. Dreuw, B. D. Dunietz, A. D. Dutoi, T. R. Furlani,
 S. R. Gwaltney, A. Heyden, S. Hirata, C.-P. Hsu, G. Kedziora,
 R. Z. Khaliullin, P. Klunzinger, A. M. Lee, M. S. Lee, W. Liang,
 I. Lotan, N. Nair, B. Peters, E. I. Proynov, P. A. Pieniazek, 
 Y. M. Rhee, J. Ritchie, E. Rosta, C. D. Sherrill, 
 A. C. Simmonett, J. E. Subotnik, H. L. Woodcock III,
 W. Zhang, A. T. Bell, A. K. Chakraborty, D. M. Chipman,
 F. J. Keil, A. Warshel, W. J. Hehre, H. F. Schaefer III,
 J. Kong, A. I. Krylov, P. M. W. Gill, M. Head-Gordon,
 Q-Chem, Version 3.1, Q-Chem, Inc., Pittsburgh, PA (2007).

 Additional authors for Version 3.1: 
 Z. Gan, Y. Zhao, N. E. Schultz, D. Truhlar, E. Epifanovsky and M. Oana.

 Additional authors for Version 3.2: 
 R. Baer, B. R. Brooks, D. Casanova, J.-D. Chai, C.-L. Cheng, 
 C. Cramer, D. Crittenden, A. Ghysels, G. Hawkins, E. G. Hohenstein, 
 C. Kelley, W. Kurlancheek, D. Liotard, E. Livshits, P. Manohar, 
 A. Marenich, D. Neuhauser, R. Olson, M. A. Rohrdanz, K. S. Thanthiriwatte, 
 A. J. W. Thom, V. Vanovschi, C. F. Williams, Q. Wu and Z.-Q. You. 


 Intel X86 Linux Version

 Q-chem begins on Wed Mar 26 10:33:33 2014  

 Parallel job on  1  processors
Processing $rem in /usr/local/qchem/config/preferences.

theFileMan(): MAXOPENFILES=974 MAX_SUB_FILE_NUM=16
Maximum size of a physical file is 2.0 GB, maximum size of a tmp-file is 32.0 GB


--------------------------------------------------------------
User input:
--------------------------------------------------------------

$molecule
-1,2
C          0.00000        0.00000        0.00427
C          0.00000        0.00000        1.34256
Cl         1.44225        0.00000       -0.90517
Cl        -1.44225        0.00000       -0.90517
Cl        -1.44225        0.00000        2.25200
Cl         1.44225        0.00000        2.25200
$end

$comment
negative
$end

$xc_functional
C PBE   1.00
X wPBE  1.00
$end

$rem
SYMMETRY_DECOMPOSITION	0
exchange 		general
LRC_DFT                 true
BASIS                   g3large
omega			320
mem_static              760
max_scf_cycles          200
scf_final_print         1
sym_ignore              true
$end

--------------------------------------------------------------
 Writing REM_CC_EA            6
 ----------------------------------------------------
       Standard Nuclear Orientation (Angstroms)
    I     Atom         X            Y            Z
 ----------------------------------------------------
    1      C       0.000000     0.000000     0.004270
    2      C       0.000000     0.000000     1.342560
    3      Cl      1.442250     0.000000    -0.905170
    4      Cl     -1.442250     0.000000    -0.905170
    5      Cl     -1.442250     0.000000     2.252000
    6      Cl      1.442250     0.000000     2.252000
 ----------------------------------------------------
 Nuclear Repulsion Energy =   496.1446596895 hartrees
 There are       41 alpha and       40 beta electrons
 Requested basis set is G3large
 There are 96 shells and 348 basis functions

Total QAlloc Memory Limit   2000 MB
Mega-Array Size       743 MB
MEM_STATIC part       760 MB

                       Distance Matrix (Angstroms)
             C (  1)   C (  2)   Cl(  3)   Cl(  4)   Cl(  5)
   C (  2)  1.338290
   Cl(  3)  1.705041  2.670651
   Cl(  4)  1.705041  2.670651  2.884500
   Cl(  5)  2.670651  1.705041  4.276454  3.157170
   Cl(  6)  2.670651  1.705041  3.157170  4.276454  2.884500
 
 A cutoff of  1.0D-08 yielded   3466 shell pairs
 There are  47748 function pairs ( 66451 Cartesian)
Evaluating contribution to one-electron hamiltonian from nuclear
 Smallest overlap matrix eigenvalue = 9.65E-06

 Q-Chem warning in module mkSTV.C, line 194:

 Overlap eigenvalue is smaller than square root of threshold

 Multipole matrices computed through 2nd order

  Scale SEOQF with 1.000000e-01/1.000000e-01/1.000000e-01

 Standard Electronic Orientation quadrupole field applied
 Nucleus-field energy     =    -0.0000000176 hartrees
 Guess from superposition of atomic densities
 Warning:  Energy on first SCF cycle will be non-variational
 Long-range K will be added via erf
 Coulomb attenuation parameter = 0.32 bohr**(-1)
 An unrestricted Kohn-Sham SCF calculation will be
 performed using Pulay DIIS extrapolation
 Exchange:  wPBE + LR-HF      Correlation:  PBE
 Using SG-1 standard quadrature grid
 SCF converges when DIIS error is below 1.0E-05
 Requested basis set is G3large
 There are 96 shells and 348 basis functions
 A cutoff of  1.0D-08 yielded   3466 shell pairs
 There are  47748 function pairs ( 66451 Cartesian)
 Warning!  Inaccurate integrated density:
   Number of electrons =    81
   Numerical integral  =    80.000162316382
   Relative error      =    -1.2343675106 %
 ---------------------------------------
  Cycle       Energy         DIIS Error
 ---------------------------------------
    1   -1917.7471954237      2.03E-02
    2   -1916.2916584633      1.54E-03
    3   -1916.3386090959      7.29E-04
    4   -1916.3442220677      1.54E-04
    5   -1916.3451475673      9.14E-05
    6   -1916.3453239628      4.62E-05
    7   -1916.3453983160      1.15E-05
    8   -1916.3454105761      4.33E-06 Convergence criterion met
 ---------------------------------------
 One-Electron    Energy = -3648.3427896228
 Total Coulomb   Energy =  1359.3440029943
 Alpha Exchange  Energy =    -6.9487069116
 Beta  Exchange  Energy =    -6.7855241848
 DFT   Exchange  Energy =  -106.6362970747
 DFT Correlation Energy =    -3.1207554485
 Nuclear Repu.   Energy =   496.1446596719
 Nuclear Attr.   Energy = -5562.4185371288
 Kinetic         Energy =  1914.0757475060
 <S^2> = 0.7552
 SCF time:  CPU 543.17 s  wall 544.99 s
 Final Alpha MO Eigenvalues
            1           2           3           4           5           6
    1-100.6753054-100.6753046-100.6752303-100.6752299  -9.9434825  -9.9429843
            7           8           9          10          11          12
    1  -9.1960144  -9.1959979  -9.1959448  -9.1959300  -7.0164914  -7.0164903
           13          14          15          16          17          18
    1  -7.0164354  -7.0164334  -7.0068685  -7.0068684  -7.0068136  -7.0068130
           19          20          21          22          23          24
    1  -7.0067267  -7.0067259  -7.0066720  -7.0066711  -0.8709211  -0.8230153
           25          26          27          28          29          30
    1  -0.7829007  -0.7582702  -0.6284619  -0.4820026  -0.4182910  -0.4182758
           31          32          33          34          35          36
    1  -0.3728731  -0.3425388  -0.3094818  -0.2746264  -0.2716476  -0.2705935
           37          38          39          40          41          42
    1  -0.2622689  -0.2584980  -0.2220972  -0.1639684   0.0057851   0.1841312
           43          44          45          46
    1   0.1924285   0.1928024   0.2032802   0.2444579
 Final Beta MO Eigenvalues
            1           2           3           4           5           6
    1-100.6752984-100.6752980-100.6752235-100.6752229  -9.9364838  -9.9358936
            7           8           9          10          11          12
    1  -9.1959380  -9.1959215  -9.1958684  -9.1958538  -7.0166655  -7.0166638
           13          14          15          16          17          18
    1  -7.0166093  -7.0166072  -7.0067421  -7.0067414  -7.0066875  -7.0066867
           19          20          21          22          23          24
    1  -7.0064601  -7.0064587  -7.0064046  -7.0064033  -0.8638430  -0.8176719
           25          26          27          28          29          30
    1  -0.7814945  -0.7569434  -0.6213838  -0.4676046  -0.4142894  -0.4125562
           31          32          33          34          35          36
    1  -0.3523579  -0.3392448  -0.2946064  -0.2738368  -0.2700604  -0.2664246
           37          38          39          40          41          42
    1  -0.2620282  -0.2513619  -0.2218321  -0.1251441   0.1852439   0.1935845
           43          44          45
    1   0.1938882   0.2038754   0.2449823
 Analysis of SCF Wavefunction
 
 --------------------------------------------------------------
                    Orbital Energies (a.u.)
 --------------------------------------------------------------
 
 Alpha MOs
 -- Occupied --
*******-100.675-100.675-100.675  -9.943  -9.943  -9.196  -9.196
 -9.196  -9.196  -7.016  -7.016  -7.016  -7.016  -7.007  -7.007
 -7.007  -7.007  -7.007  -7.007  -7.007  -7.007  -0.871  -0.823
 -0.783  -0.758  -0.628  -0.482  -0.418  -0.418  -0.373  -0.343
 -0.309  -0.275  -0.272  -0.271  -0.262  -0.258  -0.222  -0.164
  0.006
 -- Virtual --
  0.184   0.192   0.193   0.203   0.244   0.248   0.255   0.257
  0.264   0.266   0.268   0.293   0.296   0.299   0.309   0.321
  0.326   0.327   0.348   0.349   0.358   0.360   0.391   0.398
  0.407   0.410   0.420   0.447   0.458   0.468   0.501   0.517
  0.525   0.542   0.550   0.581   0.582   0.600   0.602   0.611
  0.612   0.648   0.653   0.668   0.682   0.693   0.703   0.704
  0.715   0.720   0.739   0.744   0.769   0.788   0.789   0.804
  0.824   0.857   0.858   0.866   0.907   0.923   0.976   1.011
  1.013   1.018   1.041   1.058   1.083   1.106   1.146   1.178
  1.190   1.225   1.225   1.255   1.259   1.270   1.277   1.288
  1.299   1.309   1.327   1.334   1.335   1.347   1.359   1.360
  1.364   1.380   1.382   1.387   1.394   1.395   1.399   1.425
  1.441   1.446   1.471   1.494   1.506   1.516   1.536   1.542
  1.574   1.639   1.644   1.659   1.671   1.677   1.710   1.733
  1.766   1.805   1.831   1.836   1.859   1.875   1.918   1.919
  1.926   1.932   1.937   2.016   2.030   2.037   2.080   2.092
  2.111   2.287   2.376   2.392   2.405   2.456   2.472   2.540
  2.560   2.566   2.647   2.704   2.762   2.836   2.847   2.991
  3.096   3.104   3.125   3.262   3.262   3.360   3.368   3.417
  3.538   3.539   3.544   3.608   3.679   3.692   3.718   3.750
  3.751   3.834   3.858   3.880   3.908   4.003   4.158   4.223
  4.225   4.525   4.529   4.555   4.560   4.563   4.575   4.585
  4.588   4.590   4.640   4.650   4.651   4.652   4.679   4.682
  4.703   4.707   4.710   4.716   4.736   4.765   4.804   4.810
  4.824   4.824   4.868   4.875   4.877   4.955   4.991   5.165
  5.226   5.251   5.270   5.286   5.293   5.310   5.324   5.375
  5.389   5.410   5.433   5.475   5.510   5.538   5.550   5.691
  5.771   5.909   6.062   6.335   6.345   9.972  10.101  10.148
 10.282  20.697  20.705  20.719  20.746  20.751  20.779  20.787
 20.836  20.946  21.032  21.079  21.108  23.785  24.654  27.233
 27.236  27.272  27.277  27.283  27.287  27.293  27.303  27.307
 27.320  27.327  27.336  27.339  27.360  27.364  27.371  27.372
 27.449  27.458  27.489  27.508  27.635  28.342  28.349  28.443
 28.560  36.934  36.935  36.936  36.937  36.938  36.938  36.938
 36.941  36.946  36.947  36.947  36.948  36.950  36.950  36.950
 36.951  36.951  36.955  36.956  36.958  36.961  36.967  36.969
 36.969  36.973  36.974  36.979  36.988  40.947  41.003  41.043
 41.235  41.237  41.284  41.318  41.333  41.365  41.406 215.852
215.993 216.030 216.204
 
 Beta MOs
 -- Occupied --
*******-100.675-100.675-100.675  -9.936  -9.936  -9.196  -9.196
 -9.196  -9.196  -7.017  -7.017  -7.017  -7.017  -7.007  -7.007
 -7.007  -7.007  -7.006  -7.006  -7.006  -7.006  -0.864  -0.818
 -0.781  -0.757  -0.621  -0.468  -0.414  -0.413  -0.352  -0.339
 -0.295  -0.274  -0.270  -0.266  -0.262  -0.251  -0.222  -0.125
 -- Virtual --
  0.185   0.194   0.194   0.204   0.245   0.249   0.250   0.258
  0.259   0.265   0.269   0.284   0.294   0.297   0.300   0.315
  0.323   0.326   0.335   0.349   0.349   0.362   0.368   0.391
  0.400   0.407   0.412   0.422   0.451   0.461   0.472   0.504
  0.518   0.526   0.543   0.553   0.587   0.592   0.601   0.602
  0.615   0.622   0.649   0.653   0.671   0.697   0.701   0.705
  0.707   0.716   0.720   0.741   0.749   0.782   0.789   0.793
  0.807   0.828   0.857   0.862   0.880   0.915   0.930   0.976
  1.015   1.017   1.032   1.057   1.076   1.090   1.113   1.151
  1.185   1.192   1.226   1.233   1.261   1.264   1.273   1.280
  1.290   1.302   1.311   1.329   1.335   1.336   1.349   1.360
  1.362   1.365   1.383   1.383   1.392   1.394   1.398   1.401
  1.427   1.442   1.451   1.472   1.496   1.509   1.523   1.537
  1.545   1.578   1.643   1.644   1.662   1.673   1.682   1.712
  1.743   1.767   1.808   1.838   1.841   1.870   1.885   1.923
  1.930   1.930   1.933   1.950   2.024   2.033   2.041   2.084
  2.095   2.111   2.296   2.380   2.395   2.407   2.461   2.472
  2.545   2.561   2.569   2.651   2.709   2.766   2.839   2.849
  3.029   3.119   3.135   3.143   3.279   3.287   3.381   3.385
  3.439   3.540   3.552   3.559   3.631   3.697   3.711   3.751
  3.755   3.775   3.859   3.875   3.894   3.941   4.031   4.163
  4.232   4.248   4.528   4.532   4.557   4.561   4.565   4.577
  4.586   4.590   4.592   4.641   4.653   4.653   4.654   4.680
  4.684   4.704   4.709   4.710   4.718   4.739   4.767   4.808
  4.812   4.824   4.825   4.868   4.877   4.898   4.956   4.993
  5.167   5.227   5.251   5.270   5.287   5.294   5.311   5.328
  5.377   5.391   5.410   5.436   5.477   5.513   5.538   5.550
  5.693   5.772   5.910   6.063   6.337   6.348   9.972  10.102
 10.149  10.283  20.698  20.706  20.720  20.746  20.752  20.779
 20.787  20.836  20.946  21.032  21.079  21.108  23.793  24.662
 27.233  27.237  27.276  27.277  27.283  27.290  27.293  27.303
 27.308  27.320  27.327  27.337  27.339  27.360  27.365  27.371
 27.372  27.449  27.473  27.490  27.509  27.655  28.347  28.353
 28.447  28.564  36.934  36.935  36.936  36.937  36.938  36.938
 36.938  36.941  36.946  36.947  36.948  36.948  36.950  36.950
 36.950  36.951  36.952  36.955  36.956  36.958  36.961  36.967
 36.969  36.969  36.973  36.974  36.979  36.988  40.961  41.011
 41.059  41.249  41.251  41.298  41.321  41.347  41.370  41.409
215.852 215.993 216.030 216.204
 --------------------------------------------------------------
 
          Ground-State Mulliken Net Atomic Charges

     Atom                 Charge (a.u.)    Spin (a.u.)
  --------------------------------------------------------
      1 C                     0.527798       0.407355
      2 C                     0.527880       0.407393
      3 Cl                   -0.513671       0.046366
      4 Cl                   -0.514154       0.046268
      5 Cl                   -0.513618       0.046362
      6 Cl                   -0.514235       0.046255
  --------------------------------------------------------
  Sum of atomic charges =    -1.000000
  Sum of spin   charges =     1.000000

 -----------------------------------------------------------------
                    Cartesian Multipole Moments
 -----------------------------------------------------------------
    Charge (ESU x 10^10)
                -4.8032
    Dipole Moment (Debye)
         X       0.0000      Y       0.0000      Z      -3.2345
       Tot       3.2345
    Quadrupole Moments (Debye-Ang)
        XX     -74.2529     XY       0.0172     YY     -66.8496
        XZ       0.0004     YZ      -0.0049     ZZ     -80.4309
    Octapole Moments (Debye-Ang^2)
       XXX       0.0000    XXY       0.0000    XYY       0.0000
       YYY       0.0000    XXZ     -50.0030    XYZ       0.0115
       YYZ     -45.0175    XZZ       0.0006    YZZ      -0.0066
       ZZZ    -159.5565
    Hexadecapole Moments (Debye-Ang^3)
      XXXX    -749.2244   XXXY       0.1674   XXYY    -147.6751
      XYYY       0.0688   YYYY     -84.6246   XXXZ       0.0004
      XXYZ      -0.0576   XYYZ      -0.0008   YYYZ      -0.0186
      XXZZ    -322.4931   XYZZ       0.1454   YYZZ    -205.6958
      XZZZ       0.0006   YZZZ      -0.0456   ZZZZ   -1171.6821
 -----------------------------------------------------------------
 Total job time:  545.64s(wall), 543.76s(cpu) 
 Wed Mar 26 10:42:39 2014

        *************************************************************
        *                                                           *
        *  Thank you very much for using Q-Chem.  Have a nice day.  *
        *                                                           *
        *************************************************************


0 sent ACK to 0 
now end server 0 ... 
 
**********************************************************************
Job 2 of 3 
**********************************************************************
 
Process 0 of 1 is on cl122 - thread support 1
initial socket setup ...start
initial socket setup ...done 
now start server 0 ... 

cmd = /usr/bin/ssh clhead /usr/local/qchem/bin/get_hostid 1761255825 > /tmp/1603283.1.medium.q/qchem14873/lic.dat

cmd = /usr/bin/ssh clhead /usr/local/qchem/bin/get_hostid 1761255825 > /tmp/1603283.1.medium.q/qchem14873/lic.dat

cmd = /usr/bin/ssh clhead /usr/local/qchem/bin/get_hostid 1761255825 > /tmp/1603283.1.medium.q/qchem14873/lic.dat

cmd = /usr/bin/ssh clhead /usr/local/qchem/bin/get_hostid 1761255825 > /tmp/1603283.1.medium.q/qchem14873/lic.dat

cmd = /usr/bin/ssh clhead /usr/local/qchem/bin/get_hostid 1761255825 > /tmp/1603283.1.medium.q/qchem14873/lic.dat
                  Welcome to Q-Chem
     A Quantum Leap Into The Future Of Chemistry

 Y. Shao, L. Fusti-Molnar, Y. Jung, J. Kussmann, C. Ochsenfeld,
 S. T. Brown, A. T. B. Gilbert, L. V. Slipchenko,S. V. Levchenko,
 D. P. O'Neill, R. A. DiStasio Jr., R. C. Lochan, T. Wang,
 G. J. O. Beran, N. A. Besley, J. M. Herbert, C. Y. Lin,
 T. Van Voorhis, S. H. Chien, A. Sodt, R. P. Steele, 
 V. A. Rassolov, P. E. Maslen, P. P. Korambath, R. D. Adamson,
 B. Austin, J. Baker, E. F. C. Byrd, H. Dachsel, R. J. Doerksen,
 A. Dreuw, B. D. Dunietz, A. D. Dutoi, T. R. Furlani,
 S. R. Gwaltney, A. Heyden, S. Hirata, C.-P. Hsu, G. Kedziora,
 R. Z. Khaliullin, P. Klunzinger, A. M. Lee, M. S. Lee, W. Liang,
 I. Lotan, N. Nair, B. Peters, E. I. Proynov, P. A. Pieniazek, 
 Y. M. Rhee, J. Ritchie, E. Rosta, C. D. Sherrill, 
 A. C. Simmonett, J. E. Subotnik, H. L. Woodcock III,
 W. Zhang, A. T. Bell, A. K. Chakraborty, D. M. Chipman,
 F. J. Keil, A. Warshel, W. J. Hehre, H. F. Schaefer III,
 J. Kong, A. I. Krylov, P. M. W. Gill, M. Head-Gordon,
 Q-Chem, Version 3.1, Q-Chem, Inc., Pittsburgh, PA (2007).

 Additional authors for Version 3.1: 
 Z. Gan, Y. Zhao, N. E. Schultz, D. Truhlar, E. Epifanovsky and M. Oana.

 Additional authors for Version 3.2: 
 R. Baer, B. R. Brooks, D. Casanova, J.-D. Chai, C.-L. Cheng, 
 C. Cramer, D. Crittenden, A. Ghysels, G. Hawkins, E. G. Hohenstein, 
 C. Kelley, W. Kurlancheek, D. Liotard, E. Livshits, P. Manohar, 
 A. Marenich, D. Neuhauser, R. Olson, M. A. Rohrdanz, K. S. Thanthiriwatte, 
 A. J. W. Thom, V. Vanovschi, C. F. Williams, Q. Wu and Z.-Q. You. 


 Intel X86 Linux Version

 Q-chem begins on Wed Mar 26 10:42:43 2014  

 Parallel job on  1  processors
Processing $rem in /usr/local/qchem/config/preferences.

theFileMan(): MAXOPENFILES=974 MAX_SUB_FILE_NUM=16
Maximum size of a physical file is 2.0 GB, maximum size of a tmp-file is 32.0 GB


--------------------------------------------------------------
User input:
--------------------------------------------------------------

$molecule
0,1
C          0.00000        0.00000        0.00427
C          0.00000        0.00000        1.34256
Cl         1.44225        0.00000       -0.90517
Cl        -1.44225        0.00000       -0.90517
Cl        -1.44225        0.00000        2.25200
Cl         1.44225        0.00000        2.25200
$end

$comment
neutral
$end

$xc_functional
C PBE   1.00
X wPBE  1.00
$end


$rem
SYMMETRY_DECOMPOSITION	0
LRC_DFT                 true
exchange 		general
BASIS                   g3large
omega			320
mem_static              760
max_scf_cycles          200
scf_final_print         1
sym_ignore              true
$end

--------------------------------------------------------------
 Writing REM_CC_EA            6
 ----------------------------------------------------
       Standard Nuclear Orientation (Angstroms)
    I     Atom         X            Y            Z
 ----------------------------------------------------
    1      C       0.000000     0.000000     0.004270
    2      C       0.000000     0.000000     1.342560
    3      Cl      1.442250     0.000000    -0.905170
    4      Cl     -1.442250     0.000000    -0.905170
    5      Cl     -1.442250     0.000000     2.252000
    6      Cl      1.442250     0.000000     2.252000
 ----------------------------------------------------
 Nuclear Repulsion Energy =   496.1446596895 hartrees
 There are       40 alpha and       40 beta electrons
 Requested basis set is G3large
 There are 96 shells and 348 basis functions

Total QAlloc Memory Limit   2000 MB
Mega-Array Size       743 MB
MEM_STATIC part       760 MB

                       Distance Matrix (Angstroms)
             C (  1)   C (  2)   Cl(  3)   Cl(  4)   Cl(  5)
   C (  2)  1.338290
   Cl(  3)  1.705041  2.670651
   Cl(  4)  1.705041  2.670651  2.884500
   Cl(  5)  2.670651  1.705041  4.276454  3.157170
   Cl(  6)  2.670651  1.705041  3.157170  4.276454  2.884500
 
 A cutoff of  1.0D-08 yielded   3466 shell pairs
 There are  47748 function pairs ( 66451 Cartesian)
Evaluating contribution to one-electron hamiltonian from nuclear
 Smallest overlap matrix eigenvalue = 9.65E-06

 Q-Chem warning in module mkSTV.C, line 194:

 Overlap eigenvalue is smaller than square root of threshold

 Multipole matrices computed through 2nd order

  Scale SEOQF with 1.000000e-01/1.000000e-01/1.000000e-01

 Standard Electronic Orientation quadrupole field applied
 Nucleus-field energy     =    -0.0000000176 hartrees
 Guess from superposition of atomic densities
 Warning:  Energy on first SCF cycle will be non-variational
 Long-range K will be added via erf
 Coulomb attenuation parameter = 0.32 bohr**(-1)
 A restricted Kohn-Sham SCF calculation will be
 performed using Pulay DIIS extrapolation
 Exchange:  wPBE + LR-HF      Correlation:  PBE
 Using SG-1 standard quadrature grid
 SCF converges when DIIS error is below 1.0E-05
 Requested basis set is G3large
 There are 96 shells and 348 basis functions
 A cutoff of  1.0D-08 yielded   3466 shell pairs
 There are  47748 function pairs ( 66451 Cartesian)
 ---------------------------------------
  Cycle       Energy         DIIS Error
 ---------------------------------------
    1   -1917.7471954237      2.03E-02
    2   -1916.2853975407      2.11E-03
    3   -1916.2886265826      2.40E-03
    4   -1916.3603049579      2.68E-04
    5   -1916.3618607921      1.04E-04
    6   -1916.3621541686      2.59E-05
    7   -1916.3621821472      7.24E-06 Convergence criterion met
 ---------------------------------------
 One-Electron    Energy = -3632.2626148487
 Total Coulomb   Energy =  1342.9237000532
 Alpha Exchange  Energy =    -6.7946742481
 Beta  Exchange  Energy =    -6.7946742481
 DFT   Exchange  Energy =  -106.4899803991
 DFT Correlation Energy =    -3.0885981283
 Nuclear Repu.   Energy =   496.1446596719
 Nuclear Attr.   Energy = -5546.0051936527
 Kinetic         Energy =  1913.7425788040
 SCF time:  CPU 401.56 s  wall 403.15 s
 Final Alpha MO Eigenvalues
            1           2           3           4           5           6
    1-100.8720393-100.8720390-100.8719057-100.8719050 -10.2031900 -10.2025983
            7           8           9          10          11          12
    1  -9.3933015  -9.3932896  -9.3931975  -9.3931883  -7.2148672  -7.2148653
           13          14          15          16          17          18
    1  -7.2147720  -7.2147700  -7.2039148  -7.2039135  -7.2038185  -7.2038174
           19          20          21          22          23          24
    1  -7.2030248  -7.2030240  -7.2029282  -7.2029276  -1.0824935  -1.0263404
           25          26          27          28          29          30
    1  -0.9833301  -0.9564347  -0.8449949  -0.6794232  -0.6255713  -0.6226566
           31          32          33          34          35          36
    1  -0.5759621  -0.5432119  -0.4972637  -0.4701920  -0.4615107  -0.4599746
           37          38          39          40          41          42
    1  -0.4528148  -0.4443388  -0.4122541  -0.3510156   0.0282047   0.0510769
           43          44          45
    1   0.0514582   0.0599491   0.0771019
 Analysis of SCF Wavefunction
 
 --------------------------------------------------------------
                    Orbital Energies (a.u.)
 --------------------------------------------------------------
 
 Alpha MOs
 -- Occupied --
*******-100.872-100.872-100.872 -10.203 -10.203  -9.393  -9.393
 -9.393  -9.393  -7.215  -7.215  -7.215  -7.215  -7.204  -7.204
 -7.204  -7.204  -7.203  -7.203  -7.203  -7.203  -1.082  -1.026
 -0.983  -0.956  -0.845  -0.679  -0.626  -0.623  -0.576  -0.543
 -0.497  -0.470  -0.462  -0.460  -0.453  -0.444  -0.412  -0.351
 -- Virtual --
  0.028   0.051   0.051   0.060   0.077   0.090   0.093   0.095
  0.109   0.123   0.137   0.137   0.148   0.164   0.165   0.169
  0.181   0.182   0.197   0.200   0.206   0.209   0.227   0.242
  0.250   0.268   0.268   0.268   0.269   0.285   0.299   0.324
  0.340   0.352   0.362   0.375   0.406   0.409   0.428   0.432
  0.433   0.434   0.472   0.480   0.508   0.513   0.523   0.534
  0.538   0.552   0.555   0.570   0.572   0.593   0.622   0.635
  0.637   0.652   0.672   0.673   0.681   0.710   0.727   0.802
  0.815   0.822   0.835   0.858   0.867   0.885   0.918   0.966
  0.989   1.000   1.038   1.040   1.068   1.072   1.083   1.090
  1.104   1.115   1.125   1.142   1.150   1.152   1.159   1.177
  1.177   1.181   1.196   1.197   1.205   1.209   1.211   1.218
  1.241   1.254   1.258   1.278   1.307   1.319   1.322   1.354
  1.357   1.385   1.451   1.462   1.472   1.488   1.490   1.527
  1.542   1.588   1.615   1.635   1.647   1.669   1.685   1.722
  1.728   1.738   1.750   1.751   1.828   1.831   1.844   1.891
  1.906   1.918   2.090   2.184   2.203   2.214   2.268   2.284
  2.351   2.361   2.377   2.450   2.514   2.559   2.642   2.656
  2.768   2.873   2.880   2.898   3.043   3.045   3.143   3.150
  3.197   3.318   3.319   3.321   3.391   3.455   3.475   3.502
  3.533   3.535   3.615   3.634   3.661   3.683   3.783   3.935
  4.005   4.006   4.314   4.320   4.361   4.366   4.366   4.380
  4.390   4.395   4.397   4.444   4.447   4.453   4.457   4.484
  4.485   4.505   4.511   4.515   4.519   4.535   4.567   4.606
  4.613   4.626   4.628   4.655   4.671   4.678   4.748   4.787
  4.959   5.031   5.056   5.075   5.092   5.099   5.110   5.116
  5.176   5.190   5.214   5.231   5.276   5.309   5.339   5.352
  5.487   5.568   5.707   5.858   6.132   6.140   9.777   9.906
  9.952  10.087  20.501  20.509  20.523  20.551  20.555  20.584
 20.591  20.641  20.748  20.833  20.881  20.910  23.530  24.399
 27.036  27.040  27.055  27.080  27.086  27.088  27.096  27.097
 27.111  27.124  27.129  27.137  27.139  27.163  27.164  27.173
 27.174  27.226  27.248  27.283  27.300  27.383  28.088  28.105
 28.197  28.311  36.737  36.738  36.739  36.741  36.741  36.741
 36.741  36.744  36.750  36.750  36.751  36.751  36.752  36.753
 36.753  36.753  36.755  36.757  36.759  36.760  36.764  36.770
 36.771  36.771  36.775  36.776  36.781  36.790  40.689  40.744
 40.785  40.977  40.979  41.026  41.059  41.075  41.106  41.147
215.655 215.797 215.834 216.008
 --------------------------------------------------------------
 
          Ground-State Mulliken Net Atomic Charges

     Atom                 Charge (a.u.)
  ----------------------------------------
      1 C                     0.639986
      2 C                     0.639958
      3 Cl                   -0.319868
      4 Cl                   -0.320228
      5 Cl                   -0.319518
      6 Cl                   -0.320330
  ----------------------------------------
  Sum of atomic charges =     0.000000

 -----------------------------------------------------------------
                    Cartesian Multipole Moments
 -----------------------------------------------------------------
    Charge (ESU x 10^10)
                 0.0000
    Dipole Moment (Debye)
         X       0.0000      Y       0.0000      Z       0.0000
       Tot       0.0000
    Quadrupole Moments (Debye-Ang)
        XX     -58.2909     XY       0.0017     YY     -61.1444
        XZ      -0.0015     YZ      -0.0008     ZZ     -60.2461
    Octapole Moments (Debye-Ang^2)
       XXX       0.0000    XXY       0.0000    XYY       0.0000
       YYY       0.0000    XXZ     -39.2539    XYZ       0.0012
       YYZ     -41.1756    XZZ      -0.0020    YZZ      -0.0010
       ZZZ    -121.7119
    Hexadecapole Moments (Debye-Ang^3)
      XXXX    -643.4262   XXXY       0.0022   XXYY    -128.2161
      XYYY       0.0028   YYYY     -68.3495   XXXZ      -0.0055
      XXYZ      -0.0063   XYYZ       0.0002   YYYZ      -0.0013
      XXZZ    -247.9658   XYZZ       0.0134   YYZZ    -181.6185
      XZZZ      -0.0041   YZZZ      -0.0076   ZZZZ    -996.1955
 -----------------------------------------------------------------
 Total job time:  403.78s(wall), 402.14s(cpu) 
 Wed Mar 26 10:49:27 2014

        *************************************************************
        *                                                           *
        *  Thank you very much for using Q-Chem.  Have a nice day.  *
        *                                                           *
        *************************************************************


0 sent ACK to 0 
now end server 0 ... 
 
**********************************************************************
Job 3 of 3 
**********************************************************************
 
Process 0 of 1 is on cl122 - thread support 1
initial socket setup ...start
initial socket setup ...done 
now start server 0 ... 

cmd = /usr/bin/ssh clhead /usr/local/qchem/bin/get_hostid 1157661327 > /tmp/1603283.1.medium.q/qchem14873/lic.dat

cmd = /usr/bin/ssh clhead /usr/local/qchem/bin/get_hostid 1157661327 > /tmp/1603283.1.medium.q/qchem14873/lic.dat

cmd = /usr/bin/ssh clhead /usr/local/qchem/bin/get_hostid 1157661327 > /tmp/1603283.1.medium.q/qchem14873/lic.dat

cmd = /usr/bin/ssh clhead /usr/local/qchem/bin/get_hostid 1157661327 > /tmp/1603283.1.medium.q/qchem14873/lic.dat

cmd = /usr/bin/ssh clhead /usr/local/qchem/bin/get_hostid 1157661327 > /tmp/1603283.1.medium.q/qchem14873/lic.dat
                  Welcome to Q-Chem
     A Quantum Leap Into The Future Of Chemistry

 Y. Shao, L. Fusti-Molnar, Y. Jung, J. Kussmann, C. Ochsenfeld,
 S. T. Brown, A. T. B. Gilbert, L. V. Slipchenko,S. V. Levchenko,
 D. P. O'Neill, R. A. DiStasio Jr., R. C. Lochan, T. Wang,
 G. J. O. Beran, N. A. Besley, J. M. Herbert, C. Y. Lin,
 T. Van Voorhis, S. H. Chien, A. Sodt, R. P. Steele, 
 V. A. Rassolov, P. E. Maslen, P. P. Korambath, R. D. Adamson,
 B. Austin, J. Baker, E. F. C. Byrd, H. Dachsel, R. J. Doerksen,
 A. Dreuw, B. D. Dunietz, A. D. Dutoi, T. R. Furlani,
 S. R. Gwaltney, A. Heyden, S. Hirata, C.-P. Hsu, G. Kedziora,
 R. Z. Khaliullin, P. Klunzinger, A. M. Lee, M. S. Lee, W. Liang,
 I. Lotan, N. Nair, B. Peters, E. I. Proynov, P. A. Pieniazek, 
 Y. M. Rhee, J. Ritchie, E. Rosta, C. D. Sherrill, 
 A. C. Simmonett, J. E. Subotnik, H. L. Woodcock III,
 W. Zhang, A. T. Bell, A. K. Chakraborty, D. M. Chipman,
 F. J. Keil, A. Warshel, W. J. Hehre, H. F. Schaefer III,
 J. Kong, A. I. Krylov, P. M. W. Gill, M. Head-Gordon,
 Q-Chem, Version 3.1, Q-Chem, Inc., Pittsburgh, PA (2007).

 Additional authors for Version 3.1: 
 Z. Gan, Y. Zhao, N. E. Schultz, D. Truhlar, E. Epifanovsky and M. Oana.

 Additional authors for Version 3.2: 
 R. Baer, B. R. Brooks, D. Casanova, J.-D. Chai, C.-L. Cheng, 
 C. Cramer, D. Crittenden, A. Ghysels, G. Hawkins, E. G. Hohenstein, 
 C. Kelley, W. Kurlancheek, D. Liotard, E. Livshits, P. Manohar, 
 A. Marenich, D. Neuhauser, R. Olson, M. A. Rohrdanz, K. S. Thanthiriwatte, 
 A. J. W. Thom, V. Vanovschi, C. F. Williams, Q. Wu and Z.-Q. You. 


 Intel X86 Linux Version

 Q-chem begins on Wed Mar 26 10:49:31 2014  

 Parallel job on  1  processors
Processing $rem in /usr/local/qchem/config/preferences.

theFileMan(): MAXOPENFILES=974 MAX_SUB_FILE_NUM=16
Maximum size of a physical file is 2.0 GB, maximum size of a tmp-file is 32.0 GB


--------------------------------------------------------------
User input:
--------------------------------------------------------------

$molecule
1,2
C          0.00000        0.00000        0.00427
C          0.00000        0.00000        1.34256
Cl         1.44225        0.00000       -0.90517
Cl        -1.44225        0.00000       -0.90517
Cl        -1.44225        0.00000        2.25200
Cl         1.44225        0.00000        2.25200
$end

$comment
positive
$end

$xc_functional
C PBE   1.00
X wPBE  1.00
$end

$rem
SYMMETRY_DECOMPOSITION	0
LRC_DFT                 true
exchange 		general
BASIS                   g3large
omega			320
mem_static              760
max_scf_cycles          200
scf_final_print         1
sym_ignore              true
$end

--------------------------------------------------------------
 Writing REM_CC_EA            6
 ----------------------------------------------------
       Standard Nuclear Orientation (Angstroms)
    I     Atom         X            Y            Z
 ----------------------------------------------------
    1      C       0.000000     0.000000     0.004270
    2      C       0.000000     0.000000     1.342560
    3      Cl      1.442250     0.000000    -0.905170
    4      Cl     -1.442250     0.000000    -0.905170
    5      Cl     -1.442250     0.000000     2.252000
    6      Cl      1.442250     0.000000     2.252000
 ----------------------------------------------------
 Nuclear Repulsion Energy =   496.1446596895 hartrees
 There are       40 alpha and       39 beta electrons
 Requested basis set is G3large
 There are 96 shells and 348 basis functions

Total QAlloc Memory Limit   2000 MB
Mega-Array Size       743 MB
MEM_STATIC part       760 MB

                       Distance Matrix (Angstroms)
             C (  1)   C (  2)   Cl(  3)   Cl(  4)   Cl(  5)
   C (  2)  1.338290
   Cl(  3)  1.705041  2.670651
   Cl(  4)  1.705041  2.670651  2.884500
   Cl(  5)  2.670651  1.705041  4.276454  3.157170
   Cl(  6)  2.670651  1.705041  3.157170  4.276454  2.884500
 
 A cutoff of  1.0D-08 yielded   3466 shell pairs
 There are  47748 function pairs ( 66451 Cartesian)
Evaluating contribution to one-electron hamiltonian from nuclear
 Smallest overlap matrix eigenvalue = 9.65E-06

 Q-Chem warning in module mkSTV.C, line 194:

 Overlap eigenvalue is smaller than square root of threshold

 Multipole matrices computed through 2nd order

  Scale SEOQF with 1.000000e-01/1.000000e-01/1.000000e-01

 Standard Electronic Orientation quadrupole field applied
 Nucleus-field energy     =    -0.0000000176 hartrees
 Guess from superposition of atomic densities
 Warning:  Energy on first SCF cycle will be non-variational
 Long-range K will be added via erf
 Coulomb attenuation parameter = 0.32 bohr**(-1)
 An unrestricted Kohn-Sham SCF calculation will be
 performed using Pulay DIIS extrapolation
 Exchange:  wPBE + LR-HF      Correlation:  PBE
 Using SG-1 standard quadrature grid
 SCF converges when DIIS error is below 1.0E-05
 Requested basis set is G3large
 There are 96 shells and 348 basis functions
 A cutoff of  1.0D-08 yielded   3466 shell pairs
 There are  47748 function pairs ( 66451 Cartesian)
 Warning!  Inaccurate integrated density:
   Number of electrons =    79
   Numerical integral  =    80.000162316382
   Relative error      =     1.2660282486 %
 ---------------------------------------
  Cycle       Energy         DIIS Error
 ---------------------------------------
    1   -1917.7471954237      2.03E-02
    2   -1915.8280723099      3.17E-03
    3   -1915.7069794709      4.81E-03
    4   -1916.0126143849      3.79E-04
    5   -1916.0152747814      1.52E-04
    6   -1916.0159815860      4.01E-05
    7   -1916.0161925700      1.44E-05
    8   -1916.0162393004      7.09E-06 Convergence criterion met
 ---------------------------------------
 One-Electron    Energy = -3615.1301557912
 Total Coulomb   Energy =  1325.7739424835
 Alpha Exchange  Energy =    -6.8040649662
 Beta  Exchange  Energy =    -6.6275141576
 DFT   Exchange  Energy =  -106.3229643330
 DFT Correlation Energy =    -3.0501422079
 Nuclear Repu.   Energy =   496.1446596719
 Nuclear Attr.   Energy = -5528.4350031165
 Kinetic         Energy =  1913.3048473253
 <S^2> = 0.7545
 SCF time:  CPU 565.93 s  wall 568.37 s
 Final Alpha MO Eigenvalues
            1           2           3           4           5           6
    1-101.0889180-101.0889173-101.0886418-101.0886403 -10.4542206 -10.4536189
            7           8           9          10          11          12
    1  -9.6082790  -9.6082721  -9.6080648  -9.6080613  -7.4298923  -7.4298904
           13          14          15          16          17          18
    1  -7.4296788  -7.4296767  -7.4212743  -7.4212731  -7.4210552  -7.4210537
           19          20          21          22          23          24
    1  -7.4167353  -7.4167347  -7.4165244  -7.4165232  -1.3084300  -1.2392376
           25          26          27          28          29          30
    1  -1.1951897  -1.1666055  -1.0816396  -0.8918360  -0.8404633  -0.8383381
           31          32          33          34          35          36
    1  -0.8086431  -0.7526214  -0.7104536  -0.6762149  -0.6683795  -0.6633177
           37          38          39          40          41          42
    1  -0.6538748  -0.6528384  -0.6140771  -0.5800614  -0.2036776  -0.1510094
           43          44          45
    1  -0.1308391  -0.1297203  -0.0856722
 Final Beta MO Eigenvalues
            1           2           3           4           5           6
    1-101.0880575-101.0880569-101.0877842-101.0877825 -10.4497947 -10.4492597
            7           8           9          10          11          12
    1  -9.6075291  -9.6075225  -9.6073181  -9.6073112  -7.4295771  -7.4295752
           13          14          15          16          17          18
    1  -7.4293664  -7.4293639  -7.4187778  -7.4187769  -7.4185669  -7.4185643
           19          20          21          22          23          24
    1  -7.4163097  -7.4163091  -7.4161012  -7.4160993  -1.2992602  -1.2349587
           25          26          27          28          29          30
    1  -1.1907774  -1.1618518  -1.0641544  -0.8841205  -0.8362816  -0.8331570
           31          32          33          34          35          36
    1  -0.7739289  -0.7499319  -0.6905744  -0.6735089  -0.6613084  -0.6520407
           37          38          39          40          41          42
    1  -0.6412154  -0.6312983  -0.6118983  -0.3403608  -0.1615893  -0.1462714
           43          44
    1  -0.1239930  -0.1233667
 Analysis of SCF Wavefunction
 
 --------------------------------------------------------------
                    Orbital Energies (a.u.)
 --------------------------------------------------------------
 
 Alpha MOs
 -- Occupied --
*******-101.089-101.089-101.089 -10.454 -10.454  -9.608  -9.608
 -9.608  -9.608  -7.430  -7.430  -7.430  -7.430  -7.421  -7.421
 -7.421  -7.421  -7.417  -7.417  -7.417  -7.417  -1.308  -1.239
 -1.195  -1.167  -1.082  -0.892  -0.840  -0.838  -0.809  -0.753
 -0.710  -0.676  -0.668  -0.663  -0.654  -0.653  -0.614  -0.580
 -- Virtual --
 -0.204  -0.151  -0.131  -0.130  -0.086  -0.045  -0.042  -0.036
 -0.036  -0.020   0.001   0.001   0.002   0.023   0.027   0.029
  0.039   0.039   0.041   0.045   0.054   0.074   0.078   0.079
  0.088   0.088   0.093   0.112   0.113   0.131   0.163   0.164
  0.166   0.170   0.187   0.191   0.218   0.219   0.237   0.244
  0.249   0.257   0.288   0.302   0.321   0.339   0.339   0.357
  0.360   0.379   0.394   0.398   0.398   0.410   0.443   0.460
  0.460   0.470   0.486   0.502   0.503   0.506   0.530   0.611
  0.623   0.623   0.638   0.658   0.663   0.674   0.720   0.778
  0.790   0.805   0.845   0.846   0.871   0.871   0.888   0.889
  0.909   0.918   0.931   0.946   0.953   0.963   0.964   0.983
  0.985   0.986   1.001   1.003   1.011   1.016   1.017   1.025
  1.048   1.058   1.060   1.076   1.110   1.112   1.130   1.159
  1.165   1.184   1.253   1.273   1.276   1.290   1.299   1.338
  1.339   1.402   1.413   1.427   1.448   1.468   1.481   1.518
  1.523   1.549   1.553   1.558   1.622   1.627   1.643   1.696
  1.711   1.718   1.882   1.983   1.998   2.009   2.065   2.087
  2.146   2.155   2.178   2.246   2.314   2.347   2.442   2.455
  2.520   2.626   2.638   2.647   2.805   2.815   2.909   2.917
  2.964   3.091   3.094   3.095   3.157   3.206   3.253   3.270
  3.304   3.315   3.381   3.396   3.431   3.442   3.538   3.709
  3.767   3.784   4.093   4.100   4.148   4.151   4.154   4.168
  4.178   4.183   4.185   4.227   4.235   4.236   4.247   4.273
  4.273   4.294   4.298   4.306   4.306   4.318   4.359   4.391
  4.400   4.415   4.416   4.421   4.463   4.470   4.533   4.573
  4.744   4.819   4.844   4.864   4.880   4.884   4.887   4.905
  4.962   4.976   5.002   5.016   5.061   5.093   5.129   5.142
  5.272   5.354   5.493   5.643   5.918   5.924   9.565   9.694
  9.741   9.875  20.284  20.292  20.306  20.338  20.339  20.371
 20.379  20.428  20.534  20.619  20.667  20.696  23.282  24.148
 26.818  26.821  26.824  26.865  26.871  26.872  26.875  26.881
 26.895  26.908  26.915  26.922  26.923  26.946  26.949  26.957
 26.959  26.990  27.031  27.064  27.080  27.129  27.841  27.865
 27.956  28.069  36.522  36.523  36.525  36.525  36.526  36.526
 36.526  36.529  36.535  36.536  36.536  36.536  36.537  36.538
 36.538  36.539  36.540  36.541  36.545  36.545  36.548  36.556
 36.556  36.558  36.561  36.561  36.567  36.575  40.434  40.494
 40.530  40.722  40.725  40.772  40.811  40.820  40.856  40.899
215.439 215.580 215.617 215.792
 
 Beta MOs
 -- Occupied --
*******-101.088-101.088-101.088 -10.450 -10.449  -9.608  -9.608
 -9.607  -9.607  -7.430  -7.430  -7.429  -7.429  -7.419  -7.419
 -7.419  -7.419  -7.416  -7.416  -7.416  -7.416  -1.299  -1.235
 -1.191  -1.162  -1.064  -0.884  -0.836  -0.833  -0.774  -0.750
 -0.691  -0.674  -0.661  -0.652  -0.641  -0.631  -0.612
 -- Virtual --
 -0.340  -0.162  -0.146  -0.124  -0.123  -0.085  -0.045  -0.041
 -0.034  -0.034  -0.018   0.002   0.002   0.002   0.026   0.028
  0.030   0.040   0.043   0.043   0.046   0.055   0.077   0.079
  0.083   0.091   0.094   0.095   0.113   0.115   0.131   0.163
  0.165   0.171   0.172   0.189   0.196   0.225   0.225   0.249
  0.250   0.252   0.261   0.292   0.302   0.333   0.344   0.346
  0.362   0.362   0.380   0.395   0.399   0.402   0.415   0.447
  0.463   0.464   0.486   0.488   0.503   0.504   0.518   0.532
  0.619   0.624   0.627   0.641   0.668   0.670   0.687   0.723
  0.781   0.791   0.806   0.849   0.850   0.874   0.876   0.892
  0.893   0.914   0.924   0.934   0.950   0.957   0.966   0.968
  0.987   0.990   0.991   1.003   1.008   1.017   1.018   1.022
  1.030   1.051   1.062   1.062   1.081   1.114   1.119   1.133
  1.164   1.166   1.189   1.257   1.276   1.279   1.293   1.304
  1.340   1.348   1.403   1.422   1.434   1.452   1.476   1.489
  1.525   1.527   1.552   1.559   1.560   1.625   1.636   1.646
  1.698   1.715   1.721   1.889   1.985   2.006   2.017   2.072
  2.089   2.155   2.156   2.180   2.247   2.316   2.351   2.443
  2.457   2.547   2.653   2.658   2.668   2.823   2.827   2.926
  2.930   2.979   3.095   3.101   3.104   3.173   3.230   3.256
  3.286   3.315   3.318   3.397   3.410   3.442   3.464   3.559
  3.713   3.785   3.789   4.095   4.104   4.157   4.160   4.161
  4.174   4.185   4.191   4.192   4.232   4.243   4.246   4.252
  4.278   4.279   4.298   4.306   4.310   4.314   4.327   4.361
  4.399   4.407   4.419   4.423   4.434   4.464   4.471   4.536
  4.576   4.746   4.822   4.847   4.866   4.883   4.888   4.890
  4.907   4.965   4.979   5.005   5.019   5.064   5.097   5.129
  5.143   5.273   5.355   5.495   5.645   5.920   5.927   9.567
  9.696   9.742   9.877  20.288  20.296  20.310  20.339  20.343
 20.372  20.379  20.428  20.534  20.619  20.668  20.696  23.287
 24.153  26.823  26.826  26.826  26.867  26.873  26.874  26.876
 26.883  26.897  26.910  26.915  26.922  26.924  26.948  26.949
 26.959  26.960  26.997  27.032  27.064  27.080  27.142  27.844
 27.868  27.959  28.071  36.523  36.523  36.525  36.526  36.526
 36.526  36.527  36.530  36.536  36.536  36.536  36.537  36.538
 36.538  36.538  36.539  36.541  36.542  36.545  36.546  36.549
 36.556  36.557  36.558  36.561  36.562  36.567  36.576  40.444
 40.498  40.541  40.731  40.734  40.781  40.812  40.829  40.859
 40.900 215.440 215.581 215.618 215.793
 --------------------------------------------------------------
 
          Ground-State Mulliken Net Atomic Charges

     Atom                 Charge (a.u.)    Spin (a.u.)
  --------------------------------------------------------
      1 C                     0.705416       0.252009
      2 C                     0.705374       0.251981
      3 Cl                   -0.102236       0.124115
      4 Cl                   -0.103236       0.123883
      5 Cl                   -0.102332       0.124121
      6 Cl                   -0.102986       0.123892
  --------------------------------------------------------
  Sum of atomic charges =     1.000000
  Sum of spin   charges =     1.000000

 -----------------------------------------------------------------
                    Cartesian Multipole Moments
 -----------------------------------------------------------------
    Charge (ESU x 10^10)
                 4.8032
    Dipole Moment (Debye)
         X       0.0000      Y       0.0000      Z       3.2345
       Tot       3.2345
    Quadrupole Moments (Debye-Ang)
        XX     -43.6030     XY      -0.0079     YY     -56.3543
        XZ       0.0014     YZ      -0.0034     ZZ     -41.2546
    Octapole Moments (Debye-Ang^2)
       XXX      -0.0001    XXY       0.0000    XYY       0.0000
       YYY       0.0000    XXZ     -29.3629    XYZ      -0.0053
       YYZ     -37.9499    XZZ       0.0018    YZZ      -0.0046
       ZZZ     -86.2781
    Hexadecapole Moments (Debye-Ang^3)
      XXXX    -562.6910   XXXY      -0.0665   XXYY    -114.4692
      XYYY      -0.0081   YYYY     -57.9131   XXXZ       0.0020
      XXYZ      -0.0013   XYYZ      -0.0028   YYYZ      -0.0033
      XXZZ    -186.6861   XYZZ       0.0070   YYZZ    -163.8082
      XZZZ       0.0019   YZZZ      -0.0360   ZZZZ    -844.9635
 -----------------------------------------------------------------
 Total job time:  569.02s(wall), 566.52s(cpu) 
 Wed Mar 26 10:59:00 2014

        *************************************************************
        *                                                           *
        *  Thank you very much for using Q-Chem.  Have a nice day.  *
        *                                                           *
        *************************************************************


0 sent ACK to 0 
now end server 0 ... 
