Process 0 of 1 is on cl134 - thread support 1
initial socket setup ...start
initial socket setup ...done 
now start server 0 ... 

cmd = /usr/bin/ssh clhead /usr/local/qchem/bin/get_hostid 1972051325 > /tmp/1591954.1.medium.q/qchem6165/lic.dat

cmd = /usr/bin/ssh clhead /usr/local/qchem/bin/get_hostid 1972051325 > /tmp/1591954.1.medium.q/qchem6165/lic.dat

cmd = /usr/bin/ssh clhead /usr/local/qchem/bin/get_hostid 1972051325 > /tmp/1591954.1.medium.q/qchem6165/lic.dat

cmd = /usr/bin/ssh clhead /usr/local/qchem/bin/get_hostid 1972051325 > /tmp/1591954.1.medium.q/qchem6165/lic.dat

cmd = /usr/bin/ssh clhead /usr/local/qchem/bin/get_hostid 1972051325 > /tmp/1591954.1.medium.q/qchem6165/lic.dat
                  Welcome to Q-Chem
     A Quantum Leap Into The Future Of Chemistry

 Y. Shao, L. Fusti-Molnar, Y. Jung, J. Kussmann, C. Ochsenfeld,
 S. T. Brown, A. T. B. Gilbert, L. V. Slipchenko,S. V. Levchenko,
 D. P. O'Neill, R. A. DiStasio Jr., R. C. Lochan, T. Wang,
 G. J. O. Beran, N. A. Besley, J. M. Herbert, C. Y. Lin,
 T. Van Voorhis, S. H. Chien, A. Sodt, R. P. Steele, 
 V. A. Rassolov, P. E. Maslen, P. P. Korambath, R. D. Adamson,
 B. Austin, J. Baker, E. F. C. Byrd, H. Dachsel, R. J. Doerksen,
 A. Dreuw, B. D. Dunietz, A. D. Dutoi, T. R. Furlani,
 S. R. Gwaltney, A. Heyden, S. Hirata, C.-P. Hsu, G. Kedziora,
 R. Z. Khaliullin, P. Klunzinger, A. M. Lee, M. S. Lee, W. Liang,
 I. Lotan, N. Nair, B. Peters, E. I. Proynov, P. A. Pieniazek, 
 Y. M. Rhee, J. Ritchie, E. Rosta, C. D. Sherrill, 
 A. C. Simmonett, J. E. Subotnik, H. L. Woodcock III,
 W. Zhang, A. T. Bell, A. K. Chakraborty, D. M. Chipman,
 F. J. Keil, A. Warshel, W. J. Hehre, H. F. Schaefer III,
 J. Kong, A. I. Krylov, P. M. W. Gill, M. Head-Gordon,
 Q-Chem, Version 3.1, Q-Chem, Inc., Pittsburgh, PA (2007).

 Additional authors for Version 3.1: 
 Z. Gan, Y. Zhao, N. E. Schultz, D. Truhlar, E. Epifanovsky and M. Oana.

 Additional authors for Version 3.2: 
 R. Baer, B. R. Brooks, D. Casanova, J.-D. Chai, C.-L. Cheng, 
 C. Cramer, D. Crittenden, A. Ghysels, G. Hawkins, E. G. Hohenstein, 
 C. Kelley, W. Kurlancheek, D. Liotard, E. Livshits, P. Manohar, 
 A. Marenich, D. Neuhauser, R. Olson, M. A. Rohrdanz, K. S. Thanthiriwatte, 
 A. J. W. Thom, V. Vanovschi, C. F. Williams, Q. Wu and Z.-Q. You. 


 Intel X86 Linux Version

 Q-chem begins on Tue Mar 18 15:37:26 2014  

 Parallel job on  1  processors
Processing $rem in /usr/local/qchem/config/preferences.

theFileMan(): MAXOPENFILES=974 MAX_SUB_FILE_NUM=16
Maximum size of a physical file is 2.0 GB, maximum size of a tmp-file is 32.0 GB


--------------------------------------------------------------
User input:
--------------------------------------------------------------

$molecule
-1,2
C         -0.00010        0.00000        0.01845
Si        -0.00040        0.00000        1.87168
H          1.01354        0.00000       -0.36644
H         -0.50645       -0.87766       -0.36740
H         -0.50645        0.87766       -0.36740
H         -1.38115        0.00000        2.39343
H          0.69049       -1.19616        2.39178
H          0.69049        1.19616        2.39178
$end

$comment
negative
$end

$xc_functional
C PBE   1.00
X wPBE  1.00
$end

$rem
SYMMETRY_DECOMPOSITION	0
exchange 		general
LRC_DFT                 true
BASIS                   g3large
omega			300
mem_static              760
max_scf_cycles          200
scf_final_print         1
sym_ignore              true
$end

--------------------------------------------------------------
 Writing REM_CC_EA            8
 ----------------------------------------------------
       Standard Nuclear Orientation (Angstroms)
    I     Atom         X            Y            Z
 ----------------------------------------------------
    1      C      -0.000100     0.000000     0.018450
    2      Si     -0.000400     0.000000     1.871680
    3      H       1.013540     0.000000    -0.366440
    4      H      -0.506450    -0.877660    -0.367400
    5      H      -0.506450     0.877660    -0.367400
    6      H      -1.381150     0.000000     2.393430
    7      H       0.690490    -1.196160     2.391780
    8      H       0.690490     1.196160     2.391780
 ----------------------------------------------------
 Nuclear Repulsion Energy =    63.3930539500 hartrees
 There are       14 alpha and       13 beta electrons
 Requested basis set is G3large
 There are 65 shells and 168 basis functions

Total QAlloc Memory Limit   2000 MB
Mega-Array Size       743 MB
MEM_STATIC part       760 MB

                       Distance Matrix (Angstroms)
             C (  1)   Si(  2)   H (  3)   H (  4)   H (  5)   H (  6)
   Si(  2)  1.853230
   H (  3)  1.084254  2.457083
   H (  4)  1.084231  2.457611  1.755180
   H (  5)  1.084231  2.457611  1.755180  1.755320
   H (  6)  2.747331  1.476040  3.653960  3.026148  3.026148
   H (  7)  2.745980  1.476019  3.023729  3.024431  3.653282  2.392173
   H (  8)  2.745980  1.476019  3.023729  3.653282  3.024431  2.392173
             H (  7)
   H (  8)  2.392320
 
 A cutoff of  1.0D-08 yielded   2044 shell pairs
 There are  13820 function pairs ( 17231 Cartesian)
Evaluating contribution to one-electron hamiltonian from nuclear
 Smallest overlap matrix eigenvalue = 1.32E-04
 Multipole matrices computed through 2nd order

  Scale SEOQF with 1.000000e-01/1.000000e-01/1.000000e-01

 Standard Electronic Orientation quadrupole field applied
 Nucleus-field energy     =    -0.0000000067 hartrees
 Guess from superposition of atomic densities
 Warning:  Energy on first SCF cycle will be non-variational
 Long-range K will be added via erf
 Coulomb attenuation parameter = 0.3 bohr**(-1)
 An unrestricted Kohn-Sham SCF calculation will be
 performed using Pulay DIIS extrapolation
 Exchange:  wPBE + LR-HF      Correlation:  PBE
 Using SG-1 standard quadrature grid
 SCF converges when DIIS error is below 1.0E-05
 Requested basis set is G3large
 There are 65 shells and 168 basis functions
 A cutoff of  1.0D-08 yielded   2044 shell pairs
 There are  13820 function pairs ( 17231 Cartesian)
 Warning!  Inaccurate integrated density:
   Number of electrons =    27
   Numerical integral  =    25.999988627882
   Relative error      =    -3.7037458227 %
 ---------------------------------------
  Cycle       Energy         DIIS Error
 ---------------------------------------
    1    -331.2257534367      2.78E-02
    2    -330.9480460710      3.81E-03
    3    -330.9927914279      3.22E-03
    4    -331.0327631303      3.53E-04
    5    -331.0374405500      1.80E-04
    6    -331.0398443867      1.03E-04
    7    -331.0409937688      4.31E-05
    8    -331.0413107261      1.86E-05
    9    -331.0413847183      8.09E-06 Convergence criterion met
 ---------------------------------------
 One-Electron    Energy =  -585.4575326408
 Total Coulomb   Energy =   219.5412379681
 Alpha Exchange  Energy =    -2.1028487155
 Beta  Exchange  Energy =    -2.0384895551
 DFT   Exchange  Energy =   -23.4893078785
 DFT Correlation Energy =    -0.8874978399
 Nuclear Repu.   Energy =    63.3930539434
 Nuclear Attr.   Energy =  -915.9226797195
 Kinetic         Energy =   330.4651470786
 <S^2> = 0.7502
 SCF time:  CPU 94.99 s  wall 96.74 s
 Final Alpha MO Eigenvalues
            1           2           3           4           5           6
    1 -65.4139144  -9.8849764  -5.0755898  -3.4819466  -3.4819320  -3.4805937
            7           8           9          10          11          12
    1  -0.6662203  -0.4988210  -0.3699588  -0.3698786  -0.2980378  -0.2979956
           13          14          15          16          17          18
    1  -0.2849319   0.0270703   0.1478597   0.1504181   0.1504996   0.1751579
           19
    1   0.1877640
 Final Beta MO Eigenvalues
            1           2           3           4           5           6
    1 -65.4138246  -9.8843495  -5.0754867  -3.4818869  -3.4818725  -3.4803276
            7           8           9          10          11          12
    1  -0.6648892  -0.4972610  -0.3688996  -0.3688154  -0.2977742  -0.2977303
           13          14          15          16          17          18
    1  -0.2836301   0.1379851   0.1538891   0.1649116   0.1651214   0.1819366
 Analysis of SCF Wavefunction
 
 --------------------------------------------------------------
                    Orbital Energies (a.u.)
 --------------------------------------------------------------
 
 Alpha MOs
 -- Occupied --
-65.414  -9.885  -5.076  -3.482  -3.482  -3.481  -0.666  -0.499
 -0.370  -0.370  -0.298  -0.298  -0.285   0.027
 -- Virtual --
  0.148   0.150   0.150   0.175   0.188   0.188   0.199   0.199
  0.255   0.263   0.267   0.267   0.295   0.295   0.300   0.311
  0.342   0.358   0.358   0.422   0.422   0.471   0.471   0.473
  0.478   0.521   0.522   0.601   0.621   0.621   0.633   0.658
  0.700   0.701   0.714   0.752   0.752   0.760   0.800   0.800
  0.865   0.892   0.902   0.903   0.945   0.945   1.020   1.023
  1.023   1.059   1.074   1.114   1.193   1.193   1.250   1.250
  1.293   1.331   1.331   1.397   1.397   1.453   1.491   1.517
  1.517   1.522   1.531   1.531   1.621   1.621   1.686   1.687
  1.696   1.745   1.745   1.787   1.835   2.321   2.363   2.370
  2.371   2.432   2.433   2.545   2.714   2.714   2.817   3.025
  3.025   3.151   3.174   3.306   3.318   3.318   3.430   3.431
  3.532   3.532   3.580   3.742   3.742   3.863   3.864   3.885
  3.991   3.992   4.110   4.136   4.137   4.259   4.260   4.262
  4.306   4.330   4.330   4.444   4.446   4.446   4.573   4.588
  4.588   4.650   4.699   4.848   4.849   5.258   5.884   5.885
  6.436  11.559  11.559  11.900  17.677  17.762  17.857  17.943
 18.000  22.290  22.305  22.313  22.313  22.320  22.321  22.347
 24.256  27.945  28.200  28.201  41.062  41.079  41.304  41.347
 41.395 141.228
 
 Beta MOs
 -- Occupied --
-65.414  -9.884  -5.075  -3.482  -3.482  -3.480  -0.665  -0.497
 -0.369  -0.369  -0.298  -0.298  -0.284
 -- Virtual --
  0.138   0.154   0.165   0.165   0.182   0.189   0.189   0.201
  0.201   0.254   0.264   0.264   0.268   0.295   0.295   0.296
  0.313   0.343   0.358   0.358   0.422   0.422   0.471   0.471
  0.471   0.476   0.521   0.521   0.601   0.619   0.619   0.632
  0.658   0.700   0.700   0.715   0.752   0.753   0.760   0.798
  0.798   0.862   0.893   0.903   0.903   0.945   0.945   1.020
  1.023   1.023   1.059   1.075   1.115   1.192   1.193   1.251
  1.251   1.294   1.332   1.332   1.397   1.397   1.454   1.492
  1.517   1.517   1.522   1.532   1.532   1.622   1.622   1.687
  1.687   1.696   1.745   1.745   1.788   1.836   2.321   2.364
  2.372   2.372   2.433   2.433   2.546   2.714   2.714   2.817
  3.025   3.025   3.152   3.175   3.306   3.319   3.319   3.431
  3.432   3.533   3.533   3.581   3.743   3.743   3.863   3.865
  3.887   3.991   3.992   4.110   4.137   4.137   4.259   4.259
  4.262   4.305   4.330   4.330   4.444   4.446   4.446   4.573
  4.588   4.588   4.650   4.700   4.849   4.849   5.259   5.885
  5.886   6.436  11.559  11.559  11.901  17.677  17.762  17.857
 17.943  18.000  22.290  22.305  22.313  22.313  22.320  22.321
 22.347  24.257  27.946  28.201  28.201  41.063  41.079  41.304
 41.348  41.395 141.228
 --------------------------------------------------------------
 
          Ground-State Mulliken Net Atomic Charges

     Atom                 Charge (a.u.)    Spin (a.u.)
  --------------------------------------------------------
      1 C                     2.715921      -2.954728
      2 Si                    0.724817      -0.494003
      3 H                    -1.205172       1.308384
      4 H                    -1.217181       1.320888
      5 H                    -1.188863       1.291512
      6 H                    -0.276404       0.176028
      7 H                    -0.276855       0.176695
      8 H                    -0.276264       0.175225
  --------------------------------------------------------
  Sum of atomic charges =    -1.000000
  Sum of spin   charges =     1.000000

 -----------------------------------------------------------------
                    Cartesian Multipole Moments
 -----------------------------------------------------------------
    Charge (ESU x 10^10)
                -4.8032
    Dipole Moment (Debye)
         X      -0.0065      Y       0.1124      Z       1.9498
       Tot       1.9530
    Quadrupole Moments (Debye-Ang)
        XX     -49.3671     XY      -0.0769     YY     -49.3543
        XZ      -0.0014     YZ      -0.0507     ZZ     -47.9786
    Octapole Moments (Debye-Ang^2)
       XXX      -1.4406    XXY       0.4421    XYY       1.3457
       YYY       1.3263    XXZ     -19.9888    XYZ       0.0365
       YYZ     -19.9883    XZZ      -0.0112    YZZ       0.4049
       ZZZ     -72.0409
    Hexadecapole Moments (Debye-Ang^3)
      XXXX    -370.7362   XXXY      -0.6037   XXYY    -123.5349
      XYYY      -0.6762   YYYY    -370.5176   XXXZ       7.3123
      XXYZ      -0.0780   XYYZ      -7.2795   YYYZ      -0.2341
      XXZZ    -178.8327   XYZZ      -0.1975   YYZZ    -178.7956
      XZZZ       0.0350   YZZZ      -0.2334   ZZZZ    -666.2583
 -----------------------------------------------------------------
 Total job time:  96.98s(wall), 95.17s(cpu) 
 Tue Mar 18 15:39:03 2014

        *************************************************************
        *                                                           *
        *  Thank you very much for using Q-Chem.  Have a nice day.  *
        *                                                           *
        *************************************************************


0 sent ACK to 0 
now end server 0 ... 
 
**********************************************************************
Job 2 of 3 
**********************************************************************
 
Process 0 of 1 is on cl134 - thread support 1
initial socket setup ...start
initial socket setup ...done 
now start server 0 ... 

cmd = /usr/bin/ssh clhead /usr/local/qchem/bin/get_hostid 1482977438 > /tmp/1591954.1.medium.q/qchem6165/lic.dat

cmd = /usr/bin/ssh clhead /usr/local/qchem/bin/get_hostid 1482977438 > /tmp/1591954.1.medium.q/qchem6165/lic.dat

cmd = /usr/bin/ssh clhead /usr/local/qchem/bin/get_hostid 1482977438 > /tmp/1591954.1.medium.q/qchem6165/lic.dat

cmd = /usr/bin/ssh clhead /usr/local/qchem/bin/get_hostid 1482977438 > /tmp/1591954.1.medium.q/qchem6165/lic.dat

cmd = /usr/bin/ssh clhead /usr/local/qchem/bin/get_hostid 1482977438 > /tmp/1591954.1.medium.q/qchem6165/lic.dat
                  Welcome to Q-Chem
     A Quantum Leap Into The Future Of Chemistry

 Y. Shao, L. Fusti-Molnar, Y. Jung, J. Kussmann, C. Ochsenfeld,
 S. T. Brown, A. T. B. Gilbert, L. V. Slipchenko,S. V. Levchenko,
 D. P. O'Neill, R. A. DiStasio Jr., R. C. Lochan, T. Wang,
 G. J. O. Beran, N. A. Besley, J. M. Herbert, C. Y. Lin,
 T. Van Voorhis, S. H. Chien, A. Sodt, R. P. Steele, 
 V. A. Rassolov, P. E. Maslen, P. P. Korambath, R. D. Adamson,
 B. Austin, J. Baker, E. F. C. Byrd, H. Dachsel, R. J. Doerksen,
 A. Dreuw, B. D. Dunietz, A. D. Dutoi, T. R. Furlani,
 S. R. Gwaltney, A. Heyden, S. Hirata, C.-P. Hsu, G. Kedziora,
 R. Z. Khaliullin, P. Klunzinger, A. M. Lee, M. S. Lee, W. Liang,
 I. Lotan, N. Nair, B. Peters, E. I. Proynov, P. A. Pieniazek, 
 Y. M. Rhee, J. Ritchie, E. Rosta, C. D. Sherrill, 
 A. C. Simmonett, J. E. Subotnik, H. L. Woodcock III,
 W. Zhang, A. T. Bell, A. K. Chakraborty, D. M. Chipman,
 F. J. Keil, A. Warshel, W. J. Hehre, H. F. Schaefer III,
 J. Kong, A. I. Krylov, P. M. W. Gill, M. Head-Gordon,
 Q-Chem, Version 3.1, Q-Chem, Inc., Pittsburgh, PA (2007).

 Additional authors for Version 3.1: 
 Z. Gan, Y. Zhao, N. E. Schultz, D. Truhlar, E. Epifanovsky and M. Oana.

 Additional authors for Version 3.2: 
 R. Baer, B. R. Brooks, D. Casanova, J.-D. Chai, C.-L. Cheng, 
 C. Cramer, D. Crittenden, A. Ghysels, G. Hawkins, E. G. Hohenstein, 
 C. Kelley, W. Kurlancheek, D. Liotard, E. Livshits, P. Manohar, 
 A. Marenich, D. Neuhauser, R. Olson, M. A. Rohrdanz, K. S. Thanthiriwatte, 
 A. J. W. Thom, V. Vanovschi, C. F. Williams, Q. Wu and Z.-Q. You. 


 Intel X86 Linux Version

 Q-chem begins on Tue Mar 18 15:39:07 2014  

 Parallel job on  1  processors
Processing $rem in /usr/local/qchem/config/preferences.

theFileMan(): MAXOPENFILES=974 MAX_SUB_FILE_NUM=16
Maximum size of a physical file is 2.0 GB, maximum size of a tmp-file is 32.0 GB


--------------------------------------------------------------
User input:
--------------------------------------------------------------

$molecule
0,1
C         -0.00010        0.00000        0.01845
Si        -0.00040        0.00000        1.87168
H          1.01354        0.00000       -0.36644
H         -0.50645       -0.87766       -0.36740
H         -0.50645        0.87766       -0.36740
H         -1.38115        0.00000        2.39343
H          0.69049       -1.19616        2.39178
H          0.69049        1.19616        2.39178
$end

$comment
neutral
$end

$xc_functional
C PBE   1.00
X wPBE  1.00
$end


$rem
SYMMETRY_DECOMPOSITION	0
LRC_DFT                 true
exchange 		general
BASIS                   g3large
omega			300
mem_static              760
max_scf_cycles          200
scf_final_print         1
sym_ignore              true
$end

--------------------------------------------------------------
 Writing REM_CC_EA            8
 ----------------------------------------------------
       Standard Nuclear Orientation (Angstroms)
    I     Atom         X            Y            Z
 ----------------------------------------------------
    1      C      -0.000100     0.000000     0.018450
    2      Si     -0.000400     0.000000     1.871680
    3      H       1.013540     0.000000    -0.366440
    4      H      -0.506450    -0.877660    -0.367400
    5      H      -0.506450     0.877660    -0.367400
    6      H      -1.381150     0.000000     2.393430
    7      H       0.690490    -1.196160     2.391780
    8      H       0.690490     1.196160     2.391780
 ----------------------------------------------------
 Nuclear Repulsion Energy =    63.3930539500 hartrees
 There are       13 alpha and       13 beta electrons
 Requested basis set is G3large
 There are 65 shells and 168 basis functions

Total QAlloc Memory Limit   2000 MB
Mega-Array Size       743 MB
MEM_STATIC part       760 MB

                       Distance Matrix (Angstroms)
             C (  1)   Si(  2)   H (  3)   H (  4)   H (  5)   H (  6)
   Si(  2)  1.853230
   H (  3)  1.084254  2.457083
   H (  4)  1.084231  2.457611  1.755180
   H (  5)  1.084231  2.457611  1.755180  1.755320
   H (  6)  2.747331  1.476040  3.653960  3.026148  3.026148
   H (  7)  2.745980  1.476019  3.023729  3.024431  3.653282  2.392173
   H (  8)  2.745980  1.476019  3.023729  3.653282  3.024431  2.392173
             H (  7)
   H (  8)  2.392320
 
 A cutoff of  1.0D-08 yielded   2044 shell pairs
 There are  13820 function pairs ( 17231 Cartesian)
Evaluating contribution to one-electron hamiltonian from nuclear
 Smallest overlap matrix eigenvalue = 1.32E-04
 Multipole matrices computed through 2nd order

  Scale SEOQF with 1.000000e-01/1.000000e-01/1.000000e-01

 Standard Electronic Orientation quadrupole field applied
 Nucleus-field energy     =    -0.0000000067 hartrees
 Guess from superposition of atomic densities
 Warning:  Energy on first SCF cycle will be non-variational
 Long-range K will be added via erf
 Coulomb attenuation parameter = 0.3 bohr**(-1)
 A restricted Kohn-Sham SCF calculation will be
 performed using Pulay DIIS extrapolation
 Exchange:  wPBE + LR-HF      Correlation:  PBE
 Using SG-1 standard quadrature grid
 SCF converges when DIIS error is below 1.0E-05
 Requested basis set is G3large
 There are 65 shells and 168 basis functions
 A cutoff of  1.0D-08 yielded   2044 shell pairs
 There are  13820 function pairs ( 17231 Cartesian)
 ---------------------------------------
  Cycle       Energy         DIIS Error
 ---------------------------------------
    1    -331.2257534367      2.78E-02
    2    -331.0350584524      3.11E-03
    3    -331.0562137892      2.18E-03
    4    -331.0721267689      2.33E-04
    5    -331.0723965297      5.16E-05
    6    -331.0724122069      1.40E-05
    7    -331.0724137922      2.72E-06 Convergence criterion met
 ---------------------------------------
 One-Electron    Energy =  -581.9911407737
 Total Coulomb   Energy =   215.9663531511
 Alpha Exchange  Energy =    -2.0396392345
 Beta  Exchange  Energy =    -2.0396392345
 DFT   Exchange  Energy =   -23.4820483132
 DFT Correlation Energy =    -0.8793533307
 Nuclear Repu.   Energy =    63.3930539434
 Nuclear Attr.   Energy =  -912.3954085655
 Kinetic         Energy =   330.4042677919
 SCF time:  CPU 59.03 s  wall 60.34 s
 Final Alpha MO Eigenvalues
            1           2           3           4           5           6
    1 -65.5430346 -10.0316260  -5.2048236  -3.6109102  -3.6108987  -3.6103005
            7           8           9          10          11          12
    1  -0.8101144  -0.6277472  -0.5133833  -0.5133569  -0.4258564  -0.4258415
           13          14          15          16          17          18
    1  -0.4221368   0.0367867   0.0598187   0.0668218   0.0668318   0.0843531
 Analysis of SCF Wavefunction
 
 --------------------------------------------------------------
                    Orbital Energies (a.u.)
 --------------------------------------------------------------
 
 Alpha MOs
 -- Occupied --
-65.543 -10.032  -5.205  -3.611  -3.611  -3.610  -0.810  -0.628
 -0.513  -0.513  -0.426  -0.426  -0.422
 -- Virtual --
  0.037   0.060   0.067   0.067   0.084   0.092   0.092   0.102
  0.102   0.152   0.153   0.153   0.158   0.178   0.178   0.188
  0.198   0.227   0.229   0.229   0.293   0.293   0.350   0.354
  0.354   0.357   0.405   0.405   0.483   0.491   0.491   0.507
  0.531   0.571   0.571   0.592   0.622   0.622   0.632   0.664
  0.664   0.729   0.764   0.774   0.774   0.820   0.820   0.892
  0.899   0.900   0.926   0.931   0.985   1.057   1.057   1.120
  1.120   1.163   1.187   1.187   1.274   1.274   1.314   1.356
  1.382   1.382   1.398   1.401   1.401   1.481   1.481   1.548
  1.548   1.561   1.619   1.619   1.655   1.697   2.193   2.233
  2.238   2.238   2.302   2.303   2.418   2.570   2.570   2.673
  2.899   2.899   3.005   3.031   3.176   3.176   3.180   3.285
  3.286   3.389   3.390   3.442   3.599   3.599   3.728   3.730
  3.741   3.863   3.864   3.965   3.996   3.996   4.135   4.135
  4.137   4.180   4.200   4.200   4.303   4.303   4.316   4.427
  4.443   4.443   4.504   4.570   4.719   4.720   5.112   5.738
  5.738   6.306  11.430  11.430  11.771  17.548  17.633  17.727
 17.814  17.871  22.161  22.176  22.184  22.184  22.191  22.192
 22.218  24.110  27.799  28.054  28.054  40.916  40.932  41.157
 41.201  41.249 141.098
 --------------------------------------------------------------
 
          Ground-State Mulliken Net Atomic Charges

     Atom                 Charge (a.u.)
  ----------------------------------------
      1 C                    -0.288111
      2 Si                    0.216210
      3 H                     0.100850
      4 H                     0.100806
      5 H                     0.100775
      6 H                    -0.076732
      7 H                    -0.076869
      8 H                    -0.076928
  ----------------------------------------
  Sum of atomic charges =     0.000000

 -----------------------------------------------------------------
                    Cartesian Multipole Moments
 -----------------------------------------------------------------
    Charge (ESU x 10^10)
                 0.0000
    Dipole Moment (Debye)
         X      -0.0011      Y       0.0000      Z      -0.8332
       Tot       0.8332
    Quadrupole Moments (Debye-Ang)
        XX     -22.9104     XY       0.0000     YY     -22.9113
        XZ      -0.0023     YZ      -0.0001     ZZ     -25.1731
    Octapole Moments (Debye-Ang^2)
       XXX       1.6065    XXY      -0.0001    XYY      -1.5899
       YYY      -0.0002    XXZ     -31.5595    XYZ      -0.0002
       YYZ     -31.5630    XZZ      -0.0003    YZZ      -0.0003
       ZZZ     -92.9200
    Hexadecapole Moments (Debye-Ang^3)
      XXXX     -56.3723   XXXY       0.0000   XXYY     -18.7918
      XYYY      -0.0002   YYYY     -56.3800   XXXZ       1.2283
      XXYZ      -0.0003   XYYZ      -1.1917   YYYZ      -0.0007
      XXZZ     -80.6715   XYZZ      -0.0009   YYZZ     -80.6778
      XZZZ       0.0252   YZZZ      -0.0011   ZZZZ    -407.1567
 -----------------------------------------------------------------
 Total job time:  60.54s(wall), 59.20s(cpu) 
 Tue Mar 18 15:40:08 2014

        *************************************************************
        *                                                           *
        *  Thank you very much for using Q-Chem.  Have a nice day.  *
        *                                                           *
        *************************************************************


0 sent ACK to 0 
now end server 0 ... 
 
**********************************************************************
Job 3 of 3 
**********************************************************************
 
Process 0 of 1 is on cl134 - thread support 1
initial socket setup ...start
initial socket setup ...done 
now start server 0 ... 

cmd = /usr/bin/ssh clhead /usr/local/qchem/bin/get_hostid 1042114097 > /tmp/1591954.1.medium.q/qchem6165/lic.dat

cmd = /usr/bin/ssh clhead /usr/local/qchem/bin/get_hostid 1042114097 > /tmp/1591954.1.medium.q/qchem6165/lic.dat

cmd = /usr/bin/ssh clhead /usr/local/qchem/bin/get_hostid 1042114097 > /tmp/1591954.1.medium.q/qchem6165/lic.dat

cmd = /usr/bin/ssh clhead /usr/local/qchem/bin/get_hostid 1042114097 > /tmp/1591954.1.medium.q/qchem6165/lic.dat

cmd = /usr/bin/ssh clhead /usr/local/qchem/bin/get_hostid 1042114097 > /tmp/1591954.1.medium.q/qchem6165/lic.dat
                  Welcome to Q-Chem
     A Quantum Leap Into The Future Of Chemistry

 Y. Shao, L. Fusti-Molnar, Y. Jung, J. Kussmann, C. Ochsenfeld,
 S. T. Brown, A. T. B. Gilbert, L. V. Slipchenko,S. V. Levchenko,
 D. P. O'Neill, R. A. DiStasio Jr., R. C. Lochan, T. Wang,
 G. J. O. Beran, N. A. Besley, J. M. Herbert, C. Y. Lin,
 T. Van Voorhis, S. H. Chien, A. Sodt, R. P. Steele, 
 V. A. Rassolov, P. E. Maslen, P. P. Korambath, R. D. Adamson,
 B. Austin, J. Baker, E. F. C. Byrd, H. Dachsel, R. J. Doerksen,
 A. Dreuw, B. D. Dunietz, A. D. Dutoi, T. R. Furlani,
 S. R. Gwaltney, A. Heyden, S. Hirata, C.-P. Hsu, G. Kedziora,
 R. Z. Khaliullin, P. Klunzinger, A. M. Lee, M. S. Lee, W. Liang,
 I. Lotan, N. Nair, B. Peters, E. I. Proynov, P. A. Pieniazek, 
 Y. M. Rhee, J. Ritchie, E. Rosta, C. D. Sherrill, 
 A. C. Simmonett, J. E. Subotnik, H. L. Woodcock III,
 W. Zhang, A. T. Bell, A. K. Chakraborty, D. M. Chipman,
 F. J. Keil, A. Warshel, W. J. Hehre, H. F. Schaefer III,
 J. Kong, A. I. Krylov, P. M. W. Gill, M. Head-Gordon,
 Q-Chem, Version 3.1, Q-Chem, Inc., Pittsburgh, PA (2007).

 Additional authors for Version 3.1: 
 Z. Gan, Y. Zhao, N. E. Schultz, D. Truhlar, E. Epifanovsky and M. Oana.

 Additional authors for Version 3.2: 
 R. Baer, B. R. Brooks, D. Casanova, J.-D. Chai, C.-L. Cheng, 
 C. Cramer, D. Crittenden, A. Ghysels, G. Hawkins, E. G. Hohenstein, 
 C. Kelley, W. Kurlancheek, D. Liotard, E. Livshits, P. Manohar, 
 A. Marenich, D. Neuhauser, R. Olson, M. A. Rohrdanz, K. S. Thanthiriwatte, 
 A. J. W. Thom, V. Vanovschi, C. F. Williams, Q. Wu and Z.-Q. You. 


 Intel X86 Linux Version

 Q-chem begins on Tue Mar 18 15:40:15 2014  

 Parallel job on  1  processors
Processing $rem in /usr/local/qchem/config/preferences.

theFileMan(): MAXOPENFILES=974 MAX_SUB_FILE_NUM=16
Maximum size of a physical file is 2.0 GB, maximum size of a tmp-file is 32.0 GB


--------------------------------------------------------------
User input:
--------------------------------------------------------------

$molecule
1,2
C         -0.00010        0.00000        0.01845
Si        -0.00040        0.00000        1.87168
H          1.01354        0.00000       -0.36644
H         -0.50645       -0.87766       -0.36740
H         -0.50645        0.87766       -0.36740
H         -1.38115        0.00000        2.39343
H          0.69049       -1.19616        2.39178
H          0.69049        1.19616        2.39178
$end

$comment
positive
$end

$xc_functional
C PBE   1.00
X wPBE  1.00
$end

$rem
SYMMETRY_DECOMPOSITION	0
LRC_DFT                 true
exchange 		general
BASIS                   g3large
omega			300
mem_static              760
max_scf_cycles          200
scf_final_print         1
sym_ignore              true
$end

--------------------------------------------------------------
 Writing REM_CC_EA            8
 ----------------------------------------------------
       Standard Nuclear Orientation (Angstroms)
    I     Atom         X            Y            Z
 ----------------------------------------------------
    1      C      -0.000100     0.000000     0.018450
    2      Si     -0.000400     0.000000     1.871680
    3      H       1.013540     0.000000    -0.366440
    4      H      -0.506450    -0.877660    -0.367400
    5      H      -0.506450     0.877660    -0.367400
    6      H      -1.381150     0.000000     2.393430
    7      H       0.690490    -1.196160     2.391780
    8      H       0.690490     1.196160     2.391780
 ----------------------------------------------------
 Nuclear Repulsion Energy =    63.3930539500 hartrees
 There are       13 alpha and       12 beta electrons
 Requested basis set is G3large
 There are 65 shells and 168 basis functions

Total QAlloc Memory Limit   2000 MB
Mega-Array Size       743 MB
MEM_STATIC part       760 MB

                       Distance Matrix (Angstroms)
             C (  1)   Si(  2)   H (  3)   H (  4)   H (  5)   H (  6)
   Si(  2)  1.853230
   H (  3)  1.084254  2.457083
   H (  4)  1.084231  2.457611  1.755180
   H (  5)  1.084231  2.457611  1.755180  1.755320
   H (  6)  2.747331  1.476040  3.653960  3.026148  3.026148
   H (  7)  2.745980  1.476019  3.023729  3.024431  3.653282  2.392173
   H (  8)  2.745980  1.476019  3.023729  3.653282  3.024431  2.392173
             H (  7)
   H (  8)  2.392320
 
 A cutoff of  1.0D-08 yielded   2044 shell pairs
 There are  13820 function pairs ( 17231 Cartesian)
Evaluating contribution to one-electron hamiltonian from nuclear
 Smallest overlap matrix eigenvalue = 1.32E-04
 Multipole matrices computed through 2nd order

  Scale SEOQF with 1.000000e-01/1.000000e-01/1.000000e-01

 Standard Electronic Orientation quadrupole field applied
 Nucleus-field energy     =    -0.0000000067 hartrees
 Guess from superposition of atomic densities
 Warning:  Energy on first SCF cycle will be non-variational
 Long-range K will be added via erf
 Coulomb attenuation parameter = 0.3 bohr**(-1)
 An unrestricted Kohn-Sham SCF calculation will be
 performed using Pulay DIIS extrapolation
 Exchange:  wPBE + LR-HF      Correlation:  PBE
 Using SG-1 standard quadrature grid
 SCF converges when DIIS error is below 1.0E-05
 Requested basis set is G3large
 There are 65 shells and 168 basis functions
 A cutoff of  1.0D-08 yielded   2044 shell pairs
 There are  13820 function pairs ( 17231 Cartesian)
 Warning!  Inaccurate integrated density:
   Number of electrons =    25
   Numerical integral  =    25.999988627882
   Relative error      =     3.9999545115 %
 ---------------------------------------
  Cycle       Energy         DIIS Error
 ---------------------------------------
    1    -331.2257534367      2.78E-02
    2    -330.5678635778      3.47E-03
    3    -330.6040477120      2.71E-03
    4    -330.6310720826      3.41E-04
    5    -330.6318064770      7.42E-05
    6    -330.6319333777      3.33E-05
    7    -330.6320063436      2.61E-05
    8    -330.6320784989      2.72E-05
    9    -330.6319105570      2.36E-05
   10    -330.6316512603      2.79E-05
   11    -330.6316436136      2.08E-05
   12    -330.6316209060      7.42E-06 Convergence criterion met
 ---------------------------------------
 One-Electron    Energy =  -575.1574342192
 Total Coulomb   Energy =   209.2414343437
 Alpha Exchange  Energy =    -2.0481013670
 Beta  Exchange  Energy =    -1.8796295194
 DFT   Exchange  Energy =   -23.3352977129
 DFT Correlation Energy =    -0.8456463746
 Nuclear Repu.   Energy =    63.3930539434
 Nuclear Attr.   Energy =  -905.2882529115
 Kinetic         Energy =   330.1308186923
 <S^2> = 0.7625
 SCF time:  CPU 122.01 s  wall 124.14 s
 Final Alpha MO Eigenvalues
            1           2           3           4           5           6
    1 -65.8313257 -10.2561986  -5.4925447  -3.9049065  -3.8962894  -3.8947331
            7           8           9          10          11          12
    1  -1.0385514  -0.9208282  -0.7809233  -0.7345433  -0.7189193  -0.6835557
           13          14          15          16          17          18
    1  -0.6563430  -0.1321872  -0.1143124  -0.1117021  -0.1035966  -0.0728850
 Final Beta MO Eigenvalues
            1           2           3           4           5           6
    1 -65.8305397 -10.2553298  -5.4916536  -3.9016019  -3.8961673  -3.8944044
            7           8           9          10          11          12
    1  -1.0311561  -0.8718786  -0.7289784  -0.7179206  -0.6632843  -0.6533621
           13          14          15          16          17
    1  -0.4527866  -0.1260753  -0.1028053  -0.1000058  -0.0908051
 Analysis of SCF Wavefunction
 
 --------------------------------------------------------------
                    Orbital Energies (a.u.)
 --------------------------------------------------------------
 
 Alpha MOs
 -- Occupied --
-65.831 -10.256  -5.493  -3.905  -3.896  -3.895  -1.039  -0.921
 -0.781  -0.735  -0.719  -0.684  -0.656
 -- Virtual --
 -0.132  -0.114  -0.112  -0.104  -0.073  -0.068  -0.065  -0.042
 -0.031  -0.028  -0.026  -0.016   0.009   0.014   0.015   0.019
  0.045   0.050   0.054   0.056   0.095   0.098   0.147   0.163
  0.167   0.184   0.216   0.221   0.266   0.294   0.297   0.302
  0.309   0.345   0.358   0.380   0.397   0.407   0.433   0.469
  0.472   0.533   0.540   0.549   0.556   0.582   0.586   0.637
  0.657   0.671   0.703   0.720   0.753   0.833   0.842   0.875
  0.897   0.927   0.981   0.986   1.014   1.039   1.093   1.133
  1.146   1.149   1.152   1.171   1.181   1.258   1.269   1.313
  1.330   1.343   1.363   1.389   1.421   1.492   1.904   1.960
  1.968   1.984   2.026   2.033   2.141   2.345   2.354   2.452
  2.557   2.633   2.788   2.809   2.890   2.937   2.949   3.062
  3.071   3.160   3.164   3.195   3.369   3.371   3.466   3.470
  3.520   3.550   3.595   3.726   3.742   3.745   3.782   3.795
  3.850   3.874   3.940   3.951   4.025   4.073   4.077   4.200
  4.213   4.225   4.284   4.285   4.413   4.459   4.894   5.515
  5.526   6.023  11.136  11.148  11.489  17.259  17.345  17.442
 17.526  17.583  21.872  21.888  21.894  21.900  21.904  21.905
 21.931  23.886  27.574  27.828  27.831  40.691  40.707  40.933
 40.976  41.023 140.811
 
 Beta MOs
 -- Occupied --
-65.831 -10.255  -5.492  -3.902  -3.896  -3.894  -1.031  -0.872
 -0.729  -0.718  -0.663  -0.653
 -- Virtual --
 -0.453  -0.126  -0.103  -0.100  -0.091  -0.069  -0.065  -0.062
 -0.031  -0.028  -0.027  -0.024  -0.014   0.011   0.018   0.021
  0.031   0.046   0.055   0.055   0.057   0.100   0.103   0.162
  0.166   0.169   0.186   0.220   0.223   0.281   0.305   0.306
  0.310   0.311   0.359   0.363   0.384   0.411   0.412   0.437
  0.474   0.474   0.537   0.548   0.551   0.562   0.592   0.594
  0.662   0.672   0.673   0.707   0.730   0.764   0.844   0.847
  0.896   0.904   0.944   0.986   0.989   1.038   1.049   1.107
  1.143   1.154   1.158   1.171   1.180   1.184   1.267   1.271
  1.331   1.337   1.345   1.381   1.395   1.422   1.495   1.922
  1.968   1.982   1.985   2.040   2.042   2.155   2.354   2.357
  2.461   2.632   2.657   2.794   2.812   2.927   2.946   2.950
  3.070   3.073   3.166   3.167   3.199   3.374   3.375   3.473
  3.474   3.522   3.590   3.606   3.749   3.768   3.769   3.861
  3.871   3.888   3.923   3.957   3.961   4.058   4.084   4.086
  4.214   4.224   4.229   4.292   4.310   4.452   4.470   4.900
  5.525   5.529   6.030  11.143  11.149  11.489  17.261  17.346
 17.443  17.528  17.584  21.873  21.888  21.895  21.900  21.905
 21.905  21.932  23.887  27.575  27.831  27.831  40.692  40.709
 40.934  40.977  41.025 140.812
 --------------------------------------------------------------
 
          Ground-State Mulliken Net Atomic Charges

     Atom                 Charge (a.u.)    Spin (a.u.)
  --------------------------------------------------------
      1 C                    -0.191096       0.049573
      2 Si                    0.394216       0.128083
      3 H                     0.158277       0.023492
      4 H                     0.171535       0.057251
      5 H                     0.148389       0.001094
      6 H                     0.101049       0.248353
      7 H                     0.043802       0.011204
      8 H                     0.173829       0.480950
  --------------------------------------------------------
  Sum of atomic charges =     1.000000
  Sum of spin   charges =     1.000000

 -----------------------------------------------------------------
                    Cartesian Multipole Moments
 -----------------------------------------------------------------
    Charge (ESU x 10^10)
                 4.8032
    Dipole Moment (Debye)
         X      -0.0235      Y       1.0661      Z       7.3822
       Tot       7.4588
    Quadrupole Moments (Debye-Ang)
        XX     -16.2276     XY       1.6564     YY     -16.2957
        XZ       0.0543     YZ       3.1855     ZZ      -1.7172
    Octapole Moments (Debye-Ang^2)
       XXX      -0.6603    XXY       0.7805    XYY       0.6472
       YYY       2.3491    XXZ     -18.9701    XYZ       3.5063
       YYZ     -19.1017    XZZ       0.1505    YZZ       7.6774
       ZZZ     -33.2196
    Hexadecapole Moments (Debye-Ang^3)
      XXXX     -35.6766   XXXY       2.2160   XXYY     -11.8966
      XYYY       2.6532   YYYY     -35.8682   XXXZ      -4.8764
      XXYZ       2.1399   XYYZ       5.0063   YYYZ       6.4318
      XXZZ     -46.2943   XYZZ       8.8174   YYZZ     -46.5409
      XZZZ       0.6048   YZZZ      20.3356   ZZZZ    -233.4170
 -----------------------------------------------------------------
 Total job time:  124.35s(wall), 122.18s(cpu) 
 Tue Mar 18 15:42:20 2014

        *************************************************************
        *                                                           *
        *  Thank you very much for using Q-Chem.  Have a nice day.  *
        *                                                           *
        *************************************************************


0 sent ACK to 0 
now end server 0 ... 
