Process 0 of 1 is on cl135 - thread support 1
initial socket setup ...start
initial socket setup ...done 
now start server 0 ... 

cmd = /usr/bin/ssh clhead /usr/local/qchem/bin/get_hostid 1633625494 > /tmp/1602356.1.medium.q/qchem21724/lic.dat

cmd = /usr/bin/ssh clhead /usr/local/qchem/bin/get_hostid 1633625494 > /tmp/1602356.1.medium.q/qchem21724/lic.dat

cmd = /usr/bin/ssh clhead /usr/local/qchem/bin/get_hostid 1633625494 > /tmp/1602356.1.medium.q/qchem21724/lic.dat

cmd = /usr/bin/ssh clhead /usr/local/qchem/bin/get_hostid 1633625494 > /tmp/1602356.1.medium.q/qchem21724/lic.dat

cmd = /usr/bin/ssh clhead /usr/local/qchem/bin/get_hostid 1633625494 > /tmp/1602356.1.medium.q/qchem21724/lic.dat
                  Welcome to Q-Chem
     A Quantum Leap Into The Future Of Chemistry

 Y. Shao, L. Fusti-Molnar, Y. Jung, J. Kussmann, C. Ochsenfeld,
 S. T. Brown, A. T. B. Gilbert, L. V. Slipchenko,S. V. Levchenko,
 D. P. O'Neill, R. A. DiStasio Jr., R. C. Lochan, T. Wang,
 G. J. O. Beran, N. A. Besley, J. M. Herbert, C. Y. Lin,
 T. Van Voorhis, S. H. Chien, A. Sodt, R. P. Steele, 
 V. A. Rassolov, P. E. Maslen, P. P. Korambath, R. D. Adamson,
 B. Austin, J. Baker, E. F. C. Byrd, H. Dachsel, R. J. Doerksen,
 A. Dreuw, B. D. Dunietz, A. D. Dutoi, T. R. Furlani,
 S. R. Gwaltney, A. Heyden, S. Hirata, C.-P. Hsu, G. Kedziora,
 R. Z. Khaliullin, P. Klunzinger, A. M. Lee, M. S. Lee, W. Liang,
 I. Lotan, N. Nair, B. Peters, E. I. Proynov, P. A. Pieniazek, 
 Y. M. Rhee, J. Ritchie, E. Rosta, C. D. Sherrill, 
 A. C. Simmonett, J. E. Subotnik, H. L. Woodcock III,
 W. Zhang, A. T. Bell, A. K. Chakraborty, D. M. Chipman,
 F. J. Keil, A. Warshel, W. J. Hehre, H. F. Schaefer III,
 J. Kong, A. I. Krylov, P. M. W. Gill, M. Head-Gordon,
 Q-Chem, Version 3.1, Q-Chem, Inc., Pittsburgh, PA (2007).

 Additional authors for Version 3.1: 
 Z. Gan, Y. Zhao, N. E. Schultz, D. Truhlar, E. Epifanovsky and M. Oana.

 Additional authors for Version 3.2: 
 R. Baer, B. R. Brooks, D. Casanova, J.-D. Chai, C.-L. Cheng, 
 C. Cramer, D. Crittenden, A. Ghysels, G. Hawkins, E. G. Hohenstein, 
 C. Kelley, W. Kurlancheek, D. Liotard, E. Livshits, P. Manohar, 
 A. Marenich, D. Neuhauser, R. Olson, M. A. Rohrdanz, K. S. Thanthiriwatte, 
 A. J. W. Thom, V. Vanovschi, C. F. Williams, Q. Wu and Z.-Q. You. 


 Intel X86 Linux Version

 Q-chem begins on Sun Mar 23 17:41:48 2014  

 Parallel job on  1  processors
Processing $rem in /usr/local/qchem/config/preferences.

theFileMan(): MAXOPENFILES=974 MAX_SUB_FILE_NUM=16
Maximum size of a physical file is 2.0 GB, maximum size of a tmp-file is 32.0 GB


--------------------------------------------------------------
User input:
--------------------------------------------------------------

$molecule
-1,2
C          0.00000        0.00000        0.00427
C          0.00000        0.00000        1.34256
Cl         1.44225        0.00000       -0.90517
Cl        -1.44225        0.00000       -0.90517
Cl        -1.44225        0.00000        2.25200
Cl         1.44225        0.00000        2.25200
$end

$comment
negative
$end

$xc_functional
C PBE   1.00
X wPBE  1.00
$end

$rem
SYMMETRY_DECOMPOSITION	0
exchange 		general
LRC_DFT                 true
BASIS                   g3large
omega			260
mem_static              760
max_scf_cycles          200
scf_final_print         1
sym_ignore              true
$end

--------------------------------------------------------------
 Writing REM_CC_EA            6
 ----------------------------------------------------
       Standard Nuclear Orientation (Angstroms)
    I     Atom         X            Y            Z
 ----------------------------------------------------
    1      C       0.000000     0.000000     0.004270
    2      C       0.000000     0.000000     1.342560
    3      Cl      1.442250     0.000000    -0.905170
    4      Cl     -1.442250     0.000000    -0.905170
    5      Cl     -1.442250     0.000000     2.252000
    6      Cl      1.442250     0.000000     2.252000
 ----------------------------------------------------
 Nuclear Repulsion Energy =   496.1446596895 hartrees
 There are       41 alpha and       40 beta electrons
 Requested basis set is G3large
 There are 96 shells and 348 basis functions

Total QAlloc Memory Limit   2000 MB
Mega-Array Size       743 MB
MEM_STATIC part       760 MB

                       Distance Matrix (Angstroms)
             C (  1)   C (  2)   Cl(  3)   Cl(  4)   Cl(  5)
   C (  2)  1.338290
   Cl(  3)  1.705041  2.670651
   Cl(  4)  1.705041  2.670651  2.884500
   Cl(  5)  2.670651  1.705041  4.276454  3.157170
   Cl(  6)  2.670651  1.705041  3.157170  4.276454  2.884500
 
 A cutoff of  1.0D-08 yielded   3466 shell pairs
 There are  47748 function pairs ( 66451 Cartesian)
Evaluating contribution to one-electron hamiltonian from nuclear
 Smallest overlap matrix eigenvalue = 9.65E-06

 Q-Chem warning in module mkSTV.C, line 194:

 Overlap eigenvalue is smaller than square root of threshold

 Multipole matrices computed through 2nd order

  Scale SEOQF with 1.000000e-01/1.000000e-01/1.000000e-01

 Standard Electronic Orientation quadrupole field applied
 Nucleus-field energy     =    -0.0000000176 hartrees
 Guess from superposition of atomic densities
 Warning:  Energy on first SCF cycle will be non-variational
 Long-range K will be added via erf
 Coulomb attenuation parameter = 0.26 bohr**(-1)
 An unrestricted Kohn-Sham SCF calculation will be
 performed using Pulay DIIS extrapolation
 Exchange:  wPBE + LR-HF      Correlation:  PBE
 Using SG-1 standard quadrature grid
 SCF converges when DIIS error is below 1.0E-05
 Requested basis set is G3large
 There are 96 shells and 348 basis functions
 A cutoff of  1.0D-08 yielded   3466 shell pairs
 There are  47748 function pairs ( 66451 Cartesian)
 Warning!  Inaccurate integrated density:
   Number of electrons =    81
   Numerical integral  =    80.000162316382
   Relative error      =    -1.2343675106 %
 ---------------------------------------
  Cycle       Energy         DIIS Error
 ---------------------------------------
    1   -1917.6428207439      2.02E-02
    2   -1916.2576099496      1.58E-03
    3   -1916.3007046431      8.95E-04
    4   -1916.3089067445      3.32E-04
    5   -1916.3104344187      1.65E-04
    6   -1916.3108999692      2.86E-05
    7   -1916.3109483329      9.51E-06 Convergence criterion met
 ---------------------------------------
 One-Electron    Energy = -3648.2268569243
 Total Coulomb   Energy =  1359.2178298340
 Alpha Exchange  Energy =    -5.7452182973
 Beta  Exchange  Energy =    -5.6093623878
 DFT   Exchange  Energy =  -108.9719592354
 DFT Correlation Energy =    -3.1200409939
 Nuclear Repu.   Energy =   496.1446596719
 Nuclear Attr.   Energy = -5562.3366672008
 Kinetic         Energy =  1914.1098102765
 <S^2> = 0.7541
 SCF time:  CPU 490.36 s  wall 493.88 s
 Final Alpha MO Eigenvalues
            1           2           3           4           5           6
    1-100.6436736-100.6436720-100.6434778-100.6434770  -9.9106419  -9.9101418
            7           8           9          10          11          12
    1  -9.1635560  -9.1635488  -9.1634095  -9.1634036  -6.9852293  -6.9852273
           13          14          15          16          17          18
    1  -6.9850846  -6.9850829  -6.9757149  -6.9757131  -6.9755695  -6.9755687
           19          20          21          22          23          24
    1  -6.9755685  -6.9755670  -6.9754234  -6.9754223  -0.8368827  -0.7907353
           25          26          27          28          29          30
    1  -0.7519111  -0.7282913  -0.6012307  -0.4601209  -0.3999702  -0.3982786
           31          32          33          34          35          36
    1  -0.3494060  -0.3266436  -0.2889951  -0.2576928  -0.2533027  -0.2527852
           37          38          39          40          41          42
    1  -0.2448295  -0.2403235  -0.2055014  -0.1475950   0.0179245   0.1815549
           43          44          45          46
    1   0.1899162   0.1900506   0.2018335   0.2416733
 Final Beta MO Eigenvalues
            1           2           3           4           5           6
    1-100.6436495-100.6436480-100.6434534-100.6434523  -9.9038702  -9.9033118
            7           8           9          10          11          12
    1  -9.1634626  -9.1634553  -9.1633160  -9.1633103  -6.9853648  -6.9853627
           13          14          15          16          17          18
    1  -6.9852205  -6.9852185  -6.9755741  -6.9755724  -6.9754288  -6.9754276
           19          20          21          22          23          24
    1  -6.9752874  -6.9752851  -6.9751420  -6.9751403  -0.8301242  -0.7857888
           25          26          27          28          29          30
    1  -0.7504425  -0.7268962  -0.5945242  -0.4472197  -0.3960819  -0.3929332
           31          32          33          34          35          36
    1  -0.3315163  -0.3233156  -0.2766332  -0.2569182  -0.2522337  -0.2486350
           37          38          39          40          41          42
    1  -0.2445374  -0.2337454  -0.2051853  -0.1135831   0.1828498   0.1909886
           43          44          45
    1   0.1916186   0.2025471   0.2424846
 Analysis of SCF Wavefunction
 
 --------------------------------------------------------------
                    Orbital Energies (a.u.)
 --------------------------------------------------------------
 
 Alpha MOs
 -- Occupied --
*******-100.644-100.643-100.643  -9.911  -9.910  -9.164  -9.164
 -9.163  -9.163  -6.985  -6.985  -6.985  -6.985  -6.976  -6.976
 -6.976  -6.976  -6.976  -6.976  -6.975  -6.975  -0.837  -0.791
 -0.752  -0.728  -0.601  -0.460  -0.400  -0.398  -0.349  -0.327
 -0.289  -0.258  -0.253  -0.253  -0.245  -0.240  -0.206  -0.148
  0.018
 -- Virtual --
  0.182   0.190   0.190   0.202   0.242   0.242   0.247   0.253
  0.255   0.264   0.266   0.290   0.292   0.293   0.301   0.318
  0.319   0.323   0.343   0.344   0.354   0.356   0.386   0.394
  0.402   0.405   0.413   0.436   0.445   0.456   0.488   0.504
  0.513   0.528   0.537   0.568   0.568   0.587   0.588   0.596
  0.597   0.632   0.637   0.656   0.667   0.679   0.690   0.691
  0.703   0.707   0.726   0.730   0.754   0.776   0.777   0.790
  0.808   0.838   0.839   0.851   0.890   0.902   0.958   0.992
  0.996   1.001   1.025   1.041   1.065   1.088   1.129   1.160
  1.169   1.205   1.205   1.235   1.236   1.247   1.253   1.265
  1.276   1.288   1.303   1.311   1.313   1.325   1.334   1.337
  1.340   1.357   1.359   1.364   1.370   1.371   1.375   1.402
  1.416   1.423   1.448   1.470   1.484   1.493   1.514   1.519
  1.550   1.616   1.624   1.637   1.650   1.654   1.688   1.711
  1.745   1.783   1.808   1.814   1.837   1.853   1.895   1.897
  1.902   1.909   1.915   1.993   2.005   2.014   2.057   2.070
  2.087   2.262   2.351   2.366   2.379   2.430   2.446   2.514
  2.534   2.540   2.621   2.678   2.736   2.811   2.822   2.964
  3.068   3.078   3.098   3.235   3.235   3.333   3.340   3.390
  3.511   3.513   3.516   3.581   3.652   3.664   3.692   3.722
  3.724   3.807   3.831   3.851   3.880   3.975   4.131   4.196
  4.196   4.495   4.499   4.524   4.529   4.532   4.545   4.554
  4.558   4.559   4.609   4.620   4.620   4.622   4.649   4.652
  4.673   4.676   4.679   4.686   4.705   4.735   4.774   4.780
  4.794   4.794   4.838   4.846   4.846   4.925   4.960   5.135
  5.194   5.219   5.237   5.254   5.261   5.278   5.294   5.343
  5.357   5.378   5.403   5.443   5.478   5.506   5.519   5.660
  5.740   5.878   6.030   6.303   6.314   9.938  10.068  10.114
 10.249  20.662  20.671  20.685  20.712  20.717  20.745  20.752
 20.802  20.912  20.997  21.045  21.074  23.751  24.620  27.198
 27.201  27.238  27.242  27.248  27.253  27.259  27.268  27.273
 27.286  27.292  27.302  27.304  27.325  27.330  27.337  27.337
 27.415  27.425  27.455  27.474  27.603  28.309  28.316  28.410
 28.527  36.900  36.901  36.902  36.903  36.903  36.904  36.904
 36.907  36.912  36.913  36.913  36.914  36.915  36.916  36.916
 36.917  36.917  36.921  36.922  36.924  36.927  36.933  36.935
 36.935  36.939  36.940  36.945  36.954  40.911  40.967  41.007
 41.203  41.205  41.252  41.286  41.301  41.329  41.374 215.816
215.957 215.994 216.168
 
 Beta MOs
 -- Occupied --
*******-100.644-100.643-100.643  -9.904  -9.903  -9.163  -9.163
 -9.163  -9.163  -6.985  -6.985  -6.985  -6.985  -6.976  -6.976
 -6.975  -6.975  -6.975  -6.975  -6.975  -6.975  -0.830  -0.786
 -0.750  -0.727  -0.595  -0.447  -0.396  -0.393  -0.332  -0.323
 -0.277  -0.257  -0.252  -0.249  -0.245  -0.234  -0.205  -0.114
 -- Virtual --
  0.183   0.191   0.192   0.203   0.242   0.243   0.245   0.252
  0.254   0.257   0.267   0.278   0.292   0.294   0.294   0.307
  0.321   0.324   0.326   0.344   0.345   0.355   0.364   0.386
  0.395   0.402   0.407   0.415   0.439   0.448   0.460   0.491
  0.505   0.514   0.529   0.540   0.572   0.577   0.589   0.589
  0.599   0.607   0.634   0.638   0.659   0.680   0.687   0.692
  0.695   0.703   0.707   0.728   0.736   0.766   0.778   0.781
  0.793   0.812   0.840   0.841   0.865   0.898   0.908   0.958
  0.997   0.999   1.015   1.042   1.058   1.072   1.095   1.135
  1.166   1.171   1.206   1.213   1.238   1.244   1.251   1.256
  1.267   1.278   1.289   1.305   1.311   1.313   1.328   1.336
  1.340   1.342   1.360   1.360   1.369   1.370   1.374   1.377
  1.404   1.418   1.429   1.449   1.473   1.487   1.500   1.515
  1.523   1.554   1.620   1.624   1.641   1.652   1.659   1.690
  1.721   1.747   1.787   1.816   1.818   1.848   1.863   1.901
  1.906   1.906   1.910   1.929   2.002   2.008   2.017   2.061
  2.072   2.088   2.271   2.355   2.370   2.381   2.435   2.446
  2.520   2.536   2.543   2.625   2.683   2.740   2.815   2.824
  3.001   3.093   3.108   3.116   3.251   3.260   3.354   3.356
  3.413   3.512   3.526   3.531   3.604   3.668   3.683   3.725
  3.727   3.748   3.831   3.847   3.865   3.914   4.002   4.136
  4.205   4.219   4.498   4.502   4.526   4.531   4.535   4.546
  4.555   4.559   4.561   4.611   4.623   4.623   4.624   4.650
  4.653   4.674   4.678   4.680   4.688   4.709   4.737   4.778
  4.782   4.794   4.794   4.838   4.846   4.869   4.926   4.962
  5.136   5.194   5.219   5.238   5.255   5.262   5.279   5.297
  5.345   5.359   5.379   5.405   5.445   5.481   5.507   5.519
  5.662   5.741   5.879   6.031   6.305   6.317   9.939  10.068
 10.115  10.249  20.663  20.671  20.686  20.712  20.718  20.745
 20.752  20.802  20.911  20.997  21.045  21.074  23.759  24.628
 27.198  27.201  27.242  27.242  27.248  27.256  27.259  27.269
 27.273  27.286  27.291  27.303  27.305  27.325  27.331  27.337
 27.337  27.415  27.439  27.456  27.474  27.622  28.314  28.320
 28.414  28.531  36.900  36.901  36.902  36.903  36.904  36.904
 36.904  36.907  36.912  36.913  36.913  36.914  36.916  36.916
 36.916  36.917  36.917  36.921  36.922  36.924  36.927  36.933
 36.935  36.935  36.939  36.940  36.945  36.954  40.924  40.974
 41.023  41.217  41.219  41.266  41.289  41.315  41.333  41.377
215.816 215.957 215.994 216.168
 --------------------------------------------------------------
 
          Ground-State Mulliken Net Atomic Charges

     Atom                 Charge (a.u.)    Spin (a.u.)
  --------------------------------------------------------
      1 C                     0.535555       0.396380
      2 C                     0.535103       0.396415
      3 Cl                   -0.517682       0.051881
      4 Cl                   -0.517773       0.051732
      5 Cl                   -0.517467       0.051850
      6 Cl                   -0.517737       0.051741
  --------------------------------------------------------
  Sum of atomic charges =    -1.000000
  Sum of spin   charges =     1.000000

 -----------------------------------------------------------------
                    Cartesian Multipole Moments
 -----------------------------------------------------------------
    Charge (ESU x 10^10)
                -4.8032
    Dipole Moment (Debye)
         X       0.0000      Y       0.0000      Z      -3.2345
       Tot       3.2345
    Quadrupole Moments (Debye-Ang)
        XX     -74.5216     XY       0.0333     YY     -67.0849
        XZ      -0.0021     YZ       0.0013     ZZ     -80.7327
    Octapole Moments (Debye-Ang^2)
       XXX       0.0001    XXY       0.0000    XYY       0.0000
       YYY       0.0000    XXZ     -50.1840    XYZ       0.0224
       YYZ     -45.1760    XZZ      -0.0028    YZZ       0.0017
       ZZZ    -160.1663
    Hexadecapole Moments (Debye-Ang^3)
      XXXX    -753.7778   XXXY       0.3222   XXYY    -149.0632
      XYYY       0.1415   YYYY     -86.2176   XXXZ      -0.0066
      XXYZ       0.0149   XYYZ       0.0003   YYYZ       0.0091
      XXZZ    -324.7028   XYZZ       0.2844   YYZZ    -207.2947
      XZZZ      -0.0048   YZZZ       0.0147   ZZZZ   -1177.8337
 -----------------------------------------------------------------
 Total job time:  494.58s(wall), 490.97s(cpu) 
 Sun Mar 23 17:50:02 2014

        *************************************************************
        *                                                           *
        *  Thank you very much for using Q-Chem.  Have a nice day.  *
        *                                                           *
        *************************************************************


0 sent ACK to 0 
now end server 0 ... 
 
**********************************************************************
Job 2 of 3 
**********************************************************************
 
Process 0 of 1 is on cl135 - thread support 1
initial socket setup ...start
initial socket setup ...done 
now start server 0 ... 

cmd = /usr/bin/ssh clhead /usr/local/qchem/bin/get_hostid 1258788281 > /tmp/1602356.1.medium.q/qchem21724/lic.dat

cmd = /usr/bin/ssh clhead /usr/local/qchem/bin/get_hostid 1258788281 > /tmp/1602356.1.medium.q/qchem21724/lic.dat

cmd = /usr/bin/ssh clhead /usr/local/qchem/bin/get_hostid 1258788281 > /tmp/1602356.1.medium.q/qchem21724/lic.dat

cmd = /usr/bin/ssh clhead /usr/local/qchem/bin/get_hostid 1258788281 > /tmp/1602356.1.medium.q/qchem21724/lic.dat

cmd = /usr/bin/ssh clhead /usr/local/qchem/bin/get_hostid 1258788281 > /tmp/1602356.1.medium.q/qchem21724/lic.dat
                  Welcome to Q-Chem
     A Quantum Leap Into The Future Of Chemistry

 Y. Shao, L. Fusti-Molnar, Y. Jung, J. Kussmann, C. Ochsenfeld,
 S. T. Brown, A. T. B. Gilbert, L. V. Slipchenko,S. V. Levchenko,
 D. P. O'Neill, R. A. DiStasio Jr., R. C. Lochan, T. Wang,
 G. J. O. Beran, N. A. Besley, J. M. Herbert, C. Y. Lin,
 T. Van Voorhis, S. H. Chien, A. Sodt, R. P. Steele, 
 V. A. Rassolov, P. E. Maslen, P. P. Korambath, R. D. Adamson,
 B. Austin, J. Baker, E. F. C. Byrd, H. Dachsel, R. J. Doerksen,
 A. Dreuw, B. D. Dunietz, A. D. Dutoi, T. R. Furlani,
 S. R. Gwaltney, A. Heyden, S. Hirata, C.-P. Hsu, G. Kedziora,
 R. Z. Khaliullin, P. Klunzinger, A. M. Lee, M. S. Lee, W. Liang,
 I. Lotan, N. Nair, B. Peters, E. I. Proynov, P. A. Pieniazek, 
 Y. M. Rhee, J. Ritchie, E. Rosta, C. D. Sherrill, 
 A. C. Simmonett, J. E. Subotnik, H. L. Woodcock III,
 W. Zhang, A. T. Bell, A. K. Chakraborty, D. M. Chipman,
 F. J. Keil, A. Warshel, W. J. Hehre, H. F. Schaefer III,
 J. Kong, A. I. Krylov, P. M. W. Gill, M. Head-Gordon,
 Q-Chem, Version 3.1, Q-Chem, Inc., Pittsburgh, PA (2007).

 Additional authors for Version 3.1: 
 Z. Gan, Y. Zhao, N. E. Schultz, D. Truhlar, E. Epifanovsky and M. Oana.

 Additional authors for Version 3.2: 
 R. Baer, B. R. Brooks, D. Casanova, J.-D. Chai, C.-L. Cheng, 
 C. Cramer, D. Crittenden, A. Ghysels, G. Hawkins, E. G. Hohenstein, 
 C. Kelley, W. Kurlancheek, D. Liotard, E. Livshits, P. Manohar, 
 A. Marenich, D. Neuhauser, R. Olson, M. A. Rohrdanz, K. S. Thanthiriwatte, 
 A. J. W. Thom, V. Vanovschi, C. F. Williams, Q. Wu and Z.-Q. You. 


 Intel X86 Linux Version

 Q-chem begins on Sun Mar 23 17:50:06 2014  

 Parallel job on  1  processors
Processing $rem in /usr/local/qchem/config/preferences.

theFileMan(): MAXOPENFILES=974 MAX_SUB_FILE_NUM=16
Maximum size of a physical file is 2.0 GB, maximum size of a tmp-file is 32.0 GB


--------------------------------------------------------------
User input:
--------------------------------------------------------------

$molecule
0,1
C          0.00000        0.00000        0.00427
C          0.00000        0.00000        1.34256
Cl         1.44225        0.00000       -0.90517
Cl        -1.44225        0.00000       -0.90517
Cl        -1.44225        0.00000        2.25200
Cl         1.44225        0.00000        2.25200
$end

$comment
neutral
$end

$xc_functional
C PBE   1.00
X wPBE  1.00
$end


$rem
SYMMETRY_DECOMPOSITION	0
LRC_DFT                 true
exchange 		general
BASIS                   g3large
omega			260
mem_static              760
max_scf_cycles          200
scf_final_print         1
sym_ignore              true
$end

--------------------------------------------------------------
 Writing REM_CC_EA            6
 ----------------------------------------------------
       Standard Nuclear Orientation (Angstroms)
    I     Atom         X            Y            Z
 ----------------------------------------------------
    1      C       0.000000     0.000000     0.004270
    2      C       0.000000     0.000000     1.342560
    3      Cl      1.442250     0.000000    -0.905170
    4      Cl     -1.442250     0.000000    -0.905170
    5      Cl     -1.442250     0.000000     2.252000
    6      Cl      1.442250     0.000000     2.252000
 ----------------------------------------------------
 Nuclear Repulsion Energy =   496.1446596895 hartrees
 There are       40 alpha and       40 beta electrons
 Requested basis set is G3large
 There are 96 shells and 348 basis functions

Total QAlloc Memory Limit   2000 MB
Mega-Array Size       743 MB
MEM_STATIC part       760 MB

                       Distance Matrix (Angstroms)
             C (  1)   C (  2)   Cl(  3)   Cl(  4)   Cl(  5)
   C (  2)  1.338290
   Cl(  3)  1.705041  2.670651
   Cl(  4)  1.705041  2.670651  2.884500
   Cl(  5)  2.670651  1.705041  4.276454  3.157170
   Cl(  6)  2.670651  1.705041  3.157170  4.276454  2.884500
 
 A cutoff of  1.0D-08 yielded   3466 shell pairs
 There are  47748 function pairs ( 66451 Cartesian)
Evaluating contribution to one-electron hamiltonian from nuclear
 Smallest overlap matrix eigenvalue = 9.65E-06

 Q-Chem warning in module mkSTV.C, line 194:

 Overlap eigenvalue is smaller than square root of threshold

 Multipole matrices computed through 2nd order

  Scale SEOQF with 1.000000e-01/1.000000e-01/1.000000e-01

 Standard Electronic Orientation quadrupole field applied
 Nucleus-field energy     =    -0.0000000176 hartrees
 Guess from superposition of atomic densities
 Warning:  Energy on first SCF cycle will be non-variational
 Long-range K will be added via erf
 Coulomb attenuation parameter = 0.26 bohr**(-1)
 A restricted Kohn-Sham SCF calculation will be
 performed using Pulay DIIS extrapolation
 Exchange:  wPBE + LR-HF      Correlation:  PBE
 Using SG-1 standard quadrature grid
 SCF converges when DIIS error is below 1.0E-05
 Requested basis set is G3large
 There are 96 shells and 348 basis functions
 A cutoff of  1.0D-08 yielded   3466 shell pairs
 There are  47748 function pairs ( 66451 Cartesian)
 ---------------------------------------
  Cycle       Energy         DIIS Error
 ---------------------------------------
    1   -1917.6428207439      2.02E-02
    2   -1916.2684364950      1.93E-03
    3   -1916.2663670505      2.25E-03
    4   -1916.3281229836      2.96E-04
    5   -1916.3295532881      1.03E-04
    6   -1916.3297935949      2.27E-05
    7   -1916.3298169149      6.98E-06 Convergence criterion met
 ---------------------------------------
 One-Electron    Energy = -3632.2351292092
 Total Coulomb   Energy =  1342.8905575625
 Alpha Exchange  Energy =    -5.6153327112
 Beta  Exchange  Energy =    -5.6153327112
 DFT   Exchange  Energy =  -108.8110983164
 DFT Correlation Energy =    -3.0881412014
 Nuclear Repu.   Energy =   496.1446596719
 Nuclear Attr.   Energy = -5546.0237155162
 Kinetic         Energy =  1913.7885863069
 SCF time:  CPU 386.85 s  wall 392.39 s
 Final Alpha MO Eigenvalues
            1           2           3           4           5           6
    1-100.8393069-100.8393063-100.8391846-100.8391843 -10.1669454 -10.1663882
            7           8           9          10          11          12
    1  -9.3598614  -9.3598506  -9.3597639  -9.3597552  -7.1825563  -7.1825546
           13          14          15          16          17          18
    1  -7.1824663  -7.1824644  -7.1717846  -7.1717832  -7.1716942  -7.1716931
           19          20          21          22          23          24
    1  -7.1708838  -7.1708830  -7.1707934  -7.1707928  -1.0469492  -0.9930283
           25          26          27          28          29          30
    1  -0.9511942  -0.9254227  -0.8162606  -0.6573498  -0.6043881  -0.6029996
           31          32          33          34          35          36
    1  -0.5528714  -0.5261997  -0.4782449  -0.4518548  -0.4426203  -0.4413539
           37          38          39          40          41          42
    1  -0.4342931  -0.4259135  -0.3946290  -0.3371184   0.0200320   0.0417087
           43          44          45
    1   0.0460015   0.0510730   0.0690893
 Analysis of SCF Wavefunction
 
 --------------------------------------------------------------
                    Orbital Energies (a.u.)
 --------------------------------------------------------------
 
 Alpha MOs
 -- Occupied --
*******-100.839-100.839-100.839 -10.167 -10.166  -9.360  -9.360
 -9.360  -9.360  -7.183  -7.183  -7.182  -7.182  -7.172  -7.172
 -7.172  -7.172  -7.171  -7.171  -7.171  -7.171  -1.047  -0.993
 -0.951  -0.925  -0.816  -0.657  -0.604  -0.603  -0.553  -0.526
 -0.478  -0.452  -0.443  -0.441  -0.434  -0.426  -0.395  -0.337
 -- Virtual --
  0.020   0.042   0.046   0.051   0.069   0.087   0.088   0.091
  0.106   0.120   0.135   0.135   0.143   0.161   0.162   0.167
  0.178   0.179   0.191   0.192   0.203   0.203   0.224   0.239
  0.243   0.257   0.260   0.262   0.264   0.273   0.293   0.315
  0.329   0.341   0.350   0.362   0.392   0.394   0.415   0.419
  0.419   0.420   0.457   0.465   0.496   0.496   0.509   0.522
  0.523   0.540   0.545   0.559   0.559   0.579   0.609   0.622
  0.623   0.640   0.655   0.660   0.665   0.694   0.708   0.785
  0.798   0.805   0.818   0.845   0.850   0.868   0.901   0.950
  0.971   0.981   1.020   1.021   1.049   1.049   1.063   1.066
  1.082   1.092   1.104   1.120   1.126   1.132   1.139   1.154
  1.156   1.158   1.173   1.175   1.183   1.186   1.189   1.195
  1.219   1.231   1.236   1.256   1.284   1.297   1.301   1.333
  1.335   1.362   1.428   1.443   1.451   1.466   1.470   1.507
  1.521   1.568   1.594   1.613   1.625   1.649   1.665   1.700
  1.705   1.717   1.728   1.731   1.807   1.807   1.822   1.870
  1.885   1.896   2.067   2.160   2.178   2.190   2.243   2.260
  2.326   2.337   2.353   2.425   2.490   2.534   2.619   2.632
  2.743   2.848   2.856   2.873   3.018   3.020   3.118   3.124
  3.173   3.294   3.294   3.296   3.366   3.430   3.448   3.478
  3.508   3.509   3.590   3.609   3.634   3.658   3.757   3.910
  3.979   3.981   4.285   4.292   4.331   4.336   4.336   4.350
  4.360   4.365   4.367   4.415   4.417   4.424   4.427   4.454
  4.455   4.476   4.481   4.485   4.490   4.506   4.538   4.577
  4.584   4.596   4.599   4.627   4.641   4.649   4.719   4.758
  4.930   5.000   5.025   5.044   5.060   5.068   5.082   5.085
  5.145   5.159   5.183   5.201   5.245   5.279   5.309   5.322
  5.457   5.538   5.677   5.828   6.102   6.110   9.744   9.873
  9.920  10.054  20.467  20.475  20.490  20.517  20.522  20.550
 20.558  20.607  20.715  20.800  20.848  20.877  23.499  24.368
 27.002  27.006  27.023  27.046  27.052  27.055  27.063  27.063
 27.077  27.090  27.095  27.104  27.105  27.129  27.131  27.140
 27.140  27.194  27.214  27.250  27.267  27.353  28.058  28.075
 28.167  28.281  36.704  36.705  36.706  36.707  36.707  36.707
 36.708  36.711  36.717  36.717  36.717  36.718  36.719  36.719
 36.720  36.720  36.722  36.724  36.725  36.727  36.730  36.736
 36.738  36.738  36.742  36.743  36.748  36.757  40.656  40.711
 40.753  40.948  40.951  40.998  41.030  41.046  41.073  41.118
215.620 215.762 215.799 215.973
 --------------------------------------------------------------
 
          Ground-State Mulliken Net Atomic Charges

     Atom                 Charge (a.u.)
  ----------------------------------------
      1 C                     0.647006
      2 C                     0.646585
      3 Cl                   -0.323031
      4 Cl                   -0.323893
      5 Cl                   -0.322841
      6 Cl                   -0.323825
  ----------------------------------------
  Sum of atomic charges =     0.000000

 -----------------------------------------------------------------
                    Cartesian Multipole Moments
 -----------------------------------------------------------------
    Charge (ESU x 10^10)
                 0.0000
    Dipole Moment (Debye)
         X       0.0000      Y       0.0000      Z       0.0000
       Tot       0.0000
    Quadrupole Moments (Debye-Ang)
        XX     -58.3417     XY       0.0013     YY     -61.2246
        XZ      -0.0016     YZ      -0.0007     ZZ     -60.3026
    Octapole Moments (Debye-Ang^2)
       XXX       0.0001    XXY       0.0000    XYY       0.0000
       YYY       0.0000    XXZ     -39.2881    XYZ       0.0009
       YYZ     -41.2296    XZZ      -0.0021    YZZ      -0.0010
       ZZZ    -121.8259
    Hexadecapole Moments (Debye-Ang^3)
      XXXX    -645.1560   XXXY      -0.0002   XXYY    -128.5511
      XYYY       0.0024   YYYY     -68.8730   XXXZ      -0.0054
      XXYZ      -0.0056   XYYZ       0.0003   YYYZ      -0.0013
      XXZZ    -248.6178   XYZZ       0.0104   YYZZ    -182.0454
      XZZZ      -0.0044   YZZZ      -0.0073   ZZZZ    -998.0781
 -----------------------------------------------------------------
 Total job time:  393.02s(wall), 387.43s(cpu) 
 Sun Mar 23 17:56:39 2014

        *************************************************************
        *                                                           *
        *  Thank you very much for using Q-Chem.  Have a nice day.  *
        *                                                           *
        *************************************************************


0 sent ACK to 0 
now end server 0 ... 
 
**********************************************************************
Job 3 of 3 
**********************************************************************
 
Process 0 of 1 is on cl135 - thread support 1
initial socket setup ...start
initial socket setup ...done 
now start server 0 ... 

cmd = /usr/bin/ssh clhead /usr/local/qchem/bin/get_hostid 787166250 > /tmp/1602356.1.medium.q/qchem21724/lic.dat

cmd = /usr/bin/ssh clhead /usr/local/qchem/bin/get_hostid 787166250 > /tmp/1602356.1.medium.q/qchem21724/lic.dat

cmd = /usr/bin/ssh clhead /usr/local/qchem/bin/get_hostid 787166250 > /tmp/1602356.1.medium.q/qchem21724/lic.dat

cmd = /usr/bin/ssh clhead /usr/local/qchem/bin/get_hostid 787166250 > /tmp/1602356.1.medium.q/qchem21724/lic.dat

cmd = /usr/bin/ssh clhead /usr/local/qchem/bin/get_hostid 787166250 > /tmp/1602356.1.medium.q/qchem21724/lic.dat
                  Welcome to Q-Chem
     A Quantum Leap Into The Future Of Chemistry

 Y. Shao, L. Fusti-Molnar, Y. Jung, J. Kussmann, C. Ochsenfeld,
 S. T. Brown, A. T. B. Gilbert, L. V. Slipchenko,S. V. Levchenko,
 D. P. O'Neill, R. A. DiStasio Jr., R. C. Lochan, T. Wang,
 G. J. O. Beran, N. A. Besley, J. M. Herbert, C. Y. Lin,
 T. Van Voorhis, S. H. Chien, A. Sodt, R. P. Steele, 
 V. A. Rassolov, P. E. Maslen, P. P. Korambath, R. D. Adamson,
 B. Austin, J. Baker, E. F. C. Byrd, H. Dachsel, R. J. Doerksen,
 A. Dreuw, B. D. Dunietz, A. D. Dutoi, T. R. Furlani,
 S. R. Gwaltney, A. Heyden, S. Hirata, C.-P. Hsu, G. Kedziora,
 R. Z. Khaliullin, P. Klunzinger, A. M. Lee, M. S. Lee, W. Liang,
 I. Lotan, N. Nair, B. Peters, E. I. Proynov, P. A. Pieniazek, 
 Y. M. Rhee, J. Ritchie, E. Rosta, C. D. Sherrill, 
 A. C. Simmonett, J. E. Subotnik, H. L. Woodcock III,
 W. Zhang, A. T. Bell, A. K. Chakraborty, D. M. Chipman,
 F. J. Keil, A. Warshel, W. J. Hehre, H. F. Schaefer III,
 J. Kong, A. I. Krylov, P. M. W. Gill, M. Head-Gordon,
 Q-Chem, Version 3.1, Q-Chem, Inc., Pittsburgh, PA (2007).

 Additional authors for Version 3.1: 
 Z. Gan, Y. Zhao, N. E. Schultz, D. Truhlar, E. Epifanovsky and M. Oana.

 Additional authors for Version 3.2: 
 R. Baer, B. R. Brooks, D. Casanova, J.-D. Chai, C.-L. Cheng, 
 C. Cramer, D. Crittenden, A. Ghysels, G. Hawkins, E. G. Hohenstein, 
 C. Kelley, W. Kurlancheek, D. Liotard, E. Livshits, P. Manohar, 
 A. Marenich, D. Neuhauser, R. Olson, M. A. Rohrdanz, K. S. Thanthiriwatte, 
 A. J. W. Thom, V. Vanovschi, C. F. Williams, Q. Wu and Z.-Q. You. 


 Intel X86 Linux Version

 Q-chem begins on Sun Mar 23 17:56:44 2014  

 Parallel job on  1  processors
Processing $rem in /usr/local/qchem/config/preferences.

theFileMan(): MAXOPENFILES=974 MAX_SUB_FILE_NUM=16
Maximum size of a physical file is 2.0 GB, maximum size of a tmp-file is 32.0 GB


--------------------------------------------------------------
User input:
--------------------------------------------------------------

$molecule
1,2
C          0.00000        0.00000        0.00427
C          0.00000        0.00000        1.34256
Cl         1.44225        0.00000       -0.90517
Cl        -1.44225        0.00000       -0.90517
Cl        -1.44225        0.00000        2.25200
Cl         1.44225        0.00000        2.25200
$end

$comment
positive
$end

$xc_functional
C PBE   1.00
X wPBE  1.00
$end

$rem
SYMMETRY_DECOMPOSITION	0
LRC_DFT                 true
exchange 		general
BASIS                   g3large
omega			260
mem_static              760
max_scf_cycles          200
scf_final_print         1
sym_ignore              true
$end

--------------------------------------------------------------
 Writing REM_CC_EA            6
 ----------------------------------------------------
       Standard Nuclear Orientation (Angstroms)
    I     Atom         X            Y            Z
 ----------------------------------------------------
    1      C       0.000000     0.000000     0.004270
    2      C       0.000000     0.000000     1.342560
    3      Cl      1.442250     0.000000    -0.905170
    4      Cl     -1.442250     0.000000    -0.905170
    5      Cl     -1.442250     0.000000     2.252000
    6      Cl      1.442250     0.000000     2.252000
 ----------------------------------------------------
 Nuclear Repulsion Energy =   496.1446596895 hartrees
 There are       40 alpha and       39 beta electrons
 Requested basis set is G3large
 There are 96 shells and 348 basis functions

Total QAlloc Memory Limit   2000 MB
Mega-Array Size       743 MB
MEM_STATIC part       760 MB

                       Distance Matrix (Angstroms)
             C (  1)   C (  2)   Cl(  3)   Cl(  4)   Cl(  5)
   C (  2)  1.338290
   Cl(  3)  1.705041  2.670651
   Cl(  4)  1.705041  2.670651  2.884500
   Cl(  5)  2.670651  1.705041  4.276454  3.157170
   Cl(  6)  2.670651  1.705041  3.157170  4.276454  2.884500
 
 A cutoff of  1.0D-08 yielded   3466 shell pairs
 There are  47748 function pairs ( 66451 Cartesian)
Evaluating contribution to one-electron hamiltonian from nuclear
 Smallest overlap matrix eigenvalue = 9.65E-06

 Q-Chem warning in module mkSTV.C, line 194:

 Overlap eigenvalue is smaller than square root of threshold

 Multipole matrices computed through 2nd order

  Scale SEOQF with 1.000000e-01/1.000000e-01/1.000000e-01

 Standard Electronic Orientation quadrupole field applied
 Nucleus-field energy     =    -0.0000000176 hartrees
 Guess from superposition of atomic densities
 Warning:  Energy on first SCF cycle will be non-variational
 Long-range K will be added via erf
 Coulomb attenuation parameter = 0.26 bohr**(-1)
 An unrestricted Kohn-Sham SCF calculation will be
 performed using Pulay DIIS extrapolation
 Exchange:  wPBE + LR-HF      Correlation:  PBE
 Using SG-1 standard quadrature grid
 SCF converges when DIIS error is below 1.0E-05
 Requested basis set is G3large
 There are 96 shells and 348 basis functions
 A cutoff of  1.0D-08 yielded   3466 shell pairs
 There are  47748 function pairs ( 66451 Cartesian)
 Warning!  Inaccurate integrated density:
   Number of electrons =    79
   Numerical integral  =    80.000162316382
   Relative error      =     1.2660282486 %
 ---------------------------------------
  Cycle       Energy         DIIS Error
 ---------------------------------------
    1   -1917.6428207439      2.02E-02
    2   -1915.8281839391      2.95E-03
    3   -1915.6791868355      4.80E-03
    4   -1915.9857878113      3.78E-04
    5   -1915.9879180636      1.51E-04
    6   -1915.9884768172      3.17E-05
    7   -1915.9885970770      1.25E-05
    8   -1915.9886330704      6.59E-06 Convergence criterion met
 ---------------------------------------
 One-Electron    Energy = -3615.1512395110
 Total Coulomb   Energy =  1325.7905449637
 Alpha Exchange  Energy =    -5.6213869073
 Beta  Exchange  Energy =    -5.4754614300
 DFT   Exchange  Energy =  -108.6258120091
 DFT Correlation Energy =    -3.0499378487
 Nuclear Repu.   Energy =   496.1446596719
 Nuclear Attr.   Energy = -5528.5106217259
 Kinetic         Energy =  1913.3593822149
 <S^2> = 0.7532
 SCF time:  CPU 536.93 s  wall 541.48 s
 Final Alpha MO Eigenvalues
            1           2           3           4           5           6
    1-101.0557783-101.0557777-101.0555156-101.0555148 -10.4152507 -10.4146857
            7           8           9          10          11          12
    1  -9.5744942  -9.5744881  -9.5742903  -9.5742870  -7.3971910  -7.3971892
           13          14          15          16          17          18
    1  -7.3969868  -7.3969849  -7.3888332  -7.3888321  -7.3886252  -7.3886239
           19          20          21          22          23          24
    1  -7.3842504  -7.3842498  -7.3840485  -7.3840479  -1.2712888  -1.2052943
           25          26          27          28          29          30
    1  -1.1624884  -1.1351958  -1.0508666  -0.8689397  -0.8184216  -0.8175118
           31          32          33          34          35          36
    1  -0.7832927  -0.7349982  -0.6908586  -0.6569944  -0.6493902  -0.6439139
           37          38          39          40          41          42
    1  -0.6348750  -0.6340797  -0.5959933  -0.5642423  -0.2101207  -0.1624393
           43          44          45
    1  -0.1439470  -0.1412878  -0.0898077
 Final Beta MO Eigenvalues
            1           2           3           4           5           6
    1-101.0549027-101.0549021-101.0546419-101.0546416 -10.4110067 -10.4104794
            7           8           9          10          11          12
    1  -9.5737370  -9.5737314  -9.5735354  -9.5735290  -7.3968587  -7.3968570
           13          14          15          16          17          18
    1  -7.3966563  -7.3966544  -7.3863072  -7.3863062  -7.3861042  -7.3861034
           19          20          21          22          23          24
    1  -7.3838220  -7.3838214  -7.3836212  -7.3836206  -1.2628833  -1.2010864
           25          26          27          28          29          30
    1  -1.1582784  -1.1307021  -1.0352752  -0.8618172  -0.8143620  -0.8126863
           31          32          33          34          35          36
    1  -0.7549856  -0.7323285  -0.6723262  -0.6543482  -0.6418847  -0.6329952
           37          38          39          40          41          42
    1  -0.6255508  -0.6162940  -0.5937587  -0.3450502  -0.1728819  -0.1578383
           43          44
    1  -0.1366935  -0.1359233
 Analysis of SCF Wavefunction
 
 --------------------------------------------------------------
                    Orbital Energies (a.u.)
 --------------------------------------------------------------
 
 Alpha MOs
 -- Occupied --
*******-101.056-101.056-101.056 -10.415 -10.415  -9.574  -9.574
 -9.574  -9.574  -7.397  -7.397  -7.397  -7.397  -7.389  -7.389
 -7.389  -7.389  -7.384  -7.384  -7.384  -7.384  -1.271  -1.205
 -1.162  -1.135  -1.051  -0.869  -0.818  -0.818  -0.783  -0.735
 -0.691  -0.657  -0.649  -0.644  -0.635  -0.634  -0.596  -0.564
 -- Virtual --
 -0.210  -0.162  -0.144  -0.141  -0.090  -0.048  -0.045  -0.041
 -0.038  -0.023  -0.002  -0.002  -0.002   0.013   0.023   0.025
  0.036   0.037   0.038   0.041   0.048   0.064   0.068   0.076
  0.077   0.084   0.089   0.104   0.107   0.127   0.154   0.158
  0.158   0.162   0.178   0.179   0.204   0.205   0.224   0.228
  0.237   0.246   0.274   0.287   0.305   0.325   0.327   0.345
  0.346   0.368   0.385   0.386   0.388   0.397   0.429   0.443
  0.448   0.459   0.476   0.489   0.491   0.492   0.511   0.595
  0.607   0.608   0.622   0.642   0.650   0.659   0.704   0.763
  0.772   0.786   0.827   0.829   0.849   0.852   0.864   0.870
  0.889   0.897   0.911   0.924   0.929   0.944   0.945   0.961
  0.963   0.964   0.979   0.982   0.990   0.994   0.995   1.003
  1.027   1.036   1.037   1.055   1.088   1.090   1.110   1.138
  1.144   1.162   1.231   1.254   1.255   1.268   1.280   1.319
  1.319   1.382   1.393   1.406   1.427   1.449   1.461   1.498
  1.502   1.529   1.534   1.536   1.599   1.606   1.621   1.675
  1.690   1.696   1.859   1.961   1.974   1.985   2.040   2.063
  2.122   2.131   2.154   2.222   2.290   2.324   2.419   2.432
  2.499   2.604   2.617   2.625   2.783   2.792   2.886   2.893
  2.941   3.067   3.070   3.072   3.134   3.184   3.228   3.248
  3.280   3.290   3.358   3.373   3.407   3.419   3.515   3.685
  3.743   3.760   4.066   4.073   4.118   4.122   4.124   4.138
  4.148   4.153   4.155   4.198   4.206   4.208   4.217   4.244
  4.244   4.265   4.269   4.277   4.277   4.289   4.330   4.362
  4.371   4.386   4.391   4.392   4.434   4.441   4.505   4.544
  4.716   4.788   4.813   4.834   4.849   4.856   4.857   4.874
  4.931   4.945   4.972   4.987   5.031   5.063   5.099   5.112
  5.243   5.324   5.463   5.613   5.889   5.895   9.533   9.662
  9.709   9.843  20.251  20.259  20.273  20.305  20.305  20.338
 20.345  20.395  20.501  20.586  20.634  20.663  23.253  24.120
 26.787  26.789  26.790  26.831  26.837  26.839  26.843  26.848
 26.862  26.875  26.881  26.889  26.890  26.914  26.915  26.924
 26.926  26.960  26.998  27.032  27.047  27.102  27.813  27.837
 27.928  28.041  36.489  36.490  36.492  36.492  36.493  36.493
 36.493  36.496  36.502  36.503  36.503  36.503  36.504  36.505
 36.505  36.506  36.507  36.508  36.512  36.512  36.516  36.523
 36.523  36.525  36.528  36.529  36.534  36.542  40.404  40.464
 40.500  40.696  40.699  40.746  40.785  40.794  40.826  40.873
215.405 215.546 215.583 215.757
 
 Beta MOs
 -- Occupied --
*******-101.055-101.055-101.055 -10.411 -10.410  -9.574  -9.574
 -9.574  -9.574  -7.397  -7.397  -7.397  -7.397  -7.386  -7.386
 -7.386  -7.386  -7.384  -7.384  -7.384  -7.384  -1.263  -1.201
 -1.158  -1.131  -1.035  -0.862  -0.814  -0.813  -0.755  -0.732
 -0.672  -0.654  -0.642  -0.633  -0.626  -0.616  -0.594
 -- Virtual --
 -0.345  -0.173  -0.158  -0.137  -0.136  -0.089  -0.048  -0.044
 -0.039  -0.037  -0.021  -0.001  -0.001  -0.001   0.016   0.024
  0.026   0.037   0.039   0.040   0.042   0.049   0.066   0.072
  0.076   0.083   0.088   0.090   0.105   0.109   0.128   0.158
  0.159   0.160   0.164   0.180   0.184   0.210   0.211   0.234
  0.235   0.240   0.250   0.278   0.287   0.315   0.332   0.332
  0.347   0.351   0.369   0.385   0.390   0.390   0.403   0.433
  0.446   0.452   0.474   0.478   0.490   0.493   0.503   0.513
  0.602   0.608   0.611   0.625   0.651   0.657   0.671   0.707
  0.766   0.774   0.788   0.832   0.832   0.854   0.856   0.870
  0.873   0.893   0.902   0.914   0.928   0.934   0.946   0.948
  0.965   0.969   0.970   0.982   0.987   0.995   0.996   1.001
  1.008   1.030   1.039   1.041   1.060   1.092   1.097   1.113
  1.143   1.145   1.167   1.236   1.257   1.259   1.272   1.285
  1.320   1.328   1.384   1.402   1.413   1.431   1.457   1.470
  1.504   1.506   1.532   1.538   1.540   1.602   1.616   1.624
  1.677   1.694   1.699   1.866   1.962   1.982   1.993   2.048
  2.065   2.131   2.132   2.156   2.223   2.293   2.327   2.420
  2.434   2.525   2.631   2.636   2.645   2.801   2.803   2.903
  2.905   2.956   3.071   3.077   3.082   3.150   3.208   3.230
  3.263   3.292   3.293   3.374   3.387   3.417   3.441   3.535
  3.689   3.760   3.766   4.068   4.077   4.127   4.131   4.132
  4.145   4.156   4.162   4.163   4.204   4.213   4.217   4.223
  4.249   4.250   4.270   4.277   4.281   4.285   4.298   4.332
  4.370   4.379   4.390   4.394   4.408   4.435   4.442   4.508
  4.547   4.718   4.791   4.816   4.836   4.852   4.859   4.861
  4.876   4.934   4.948   4.975   4.989   5.034   5.066   5.099
  5.113   5.244   5.325   5.465   5.615   5.890   5.898   9.535
  9.664   9.710   9.845  20.255  20.263  20.277  20.305  20.310
 20.338  20.346  20.395  20.501  20.587  20.635  20.664  23.258
 24.125  26.789  26.792  26.797  26.833  26.839  26.841  26.844
 26.850  26.864  26.877  26.882  26.890  26.891  26.916  26.916
 26.926  26.926  26.967  26.999  27.032  27.048  27.114  27.816
 27.839  27.930  28.043  36.490  36.490  36.492  36.493  36.493
 36.494  36.494  36.497  36.503  36.503  36.504  36.504  36.505
 36.505  36.505  36.507  36.508  36.509  36.513  36.513  36.516
 36.523  36.524  36.525  36.529  36.529  36.534  36.543  40.414
 40.468  40.511  40.705  40.708  40.755  40.786  40.803  40.829
 40.874 215.406 215.547 215.584 215.758
 --------------------------------------------------------------
 
          Ground-State Mulliken Net Atomic Charges

     Atom                 Charge (a.u.)    Spin (a.u.)
  --------------------------------------------------------
      1 C                     0.709088       0.241944
      2 C                     0.708184       0.241840
      3 Cl                   -0.104454       0.129112
      4 Cl                   -0.104399       0.128965
      5 Cl                   -0.104297       0.129107
      6 Cl                   -0.104121       0.129031
  --------------------------------------------------------
  Sum of atomic charges =     1.000000
  Sum of spin   charges =     1.000000

 -----------------------------------------------------------------
                    Cartesian Multipole Moments
 -----------------------------------------------------------------
    Charge (ESU x 10^10)
                 4.8032
    Dipole Moment (Debye)
         X       0.0000      Y       0.0000      Z       3.2346
       Tot       3.2346
    Quadrupole Moments (Debye-Ang)
        XX     -43.5661     XY      -0.0068     YY     -56.3716
        XZ       0.0027     YZ      -0.0034     ZZ     -41.2042
    Octapole Moments (Debye-Ang^2)
       XXX       0.0001    XXY       0.0000    XYY       0.0000
       YYY       0.0000    XXZ     -29.3380    XYZ      -0.0046
       YYZ     -37.9615    XZZ       0.0037    YZZ      -0.0045
       ZZZ     -86.1762
    Hexadecapole Moments (Debye-Ang^3)
      XXXX    -563.6777   XXXY      -0.0578   XXYY    -114.5218
      XYYY      -0.0072   YYYY     -58.0969   XXXZ       0.0060
      XXYZ      -0.0009   XYYZ      -0.0019   YYYZ      -0.0033
      XXZZ    -187.0984   XYZZ       0.0078   YYZZ    -163.8774
      XZZZ       0.0084   YZZZ      -0.0356   ZZZZ    -845.5456
 -----------------------------------------------------------------
 Total job time:  542.10s(wall), 537.50s(cpu) 
 Sun Mar 23 18:05:46 2014

        *************************************************************
        *                                                           *
        *  Thank you very much for using Q-Chem.  Have a nice day.  *
        *                                                           *
        *************************************************************


0 sent ACK to 0 
now end server 0 ... 
