Process 0 of 1 is on cl135 - thread support 1
initial socket setup ...start
initial socket setup ...done 
now start server 0 ... 

cmd = /usr/bin/ssh clhead /usr/local/qchem/bin/get_hostid 1560653057 > /tmp/1603101.1.medium.q/qchem505/lic.dat

cmd = /usr/bin/ssh clhead /usr/local/qchem/bin/get_hostid 1560653057 > /tmp/1603101.1.medium.q/qchem505/lic.dat

cmd = /usr/bin/ssh clhead /usr/local/qchem/bin/get_hostid 1560653057 > /tmp/1603101.1.medium.q/qchem505/lic.dat

cmd = /usr/bin/ssh clhead /usr/local/qchem/bin/get_hostid 1560653057 > /tmp/1603101.1.medium.q/qchem505/lic.dat

cmd = /usr/bin/ssh clhead /usr/local/qchem/bin/get_hostid 1560653057 > /tmp/1603101.1.medium.q/qchem505/lic.dat
                  Welcome to Q-Chem
     A Quantum Leap Into The Future Of Chemistry

 Y. Shao, L. Fusti-Molnar, Y. Jung, J. Kussmann, C. Ochsenfeld,
 S. T. Brown, A. T. B. Gilbert, L. V. Slipchenko,S. V. Levchenko,
 D. P. O'Neill, R. A. DiStasio Jr., R. C. Lochan, T. Wang,
 G. J. O. Beran, N. A. Besley, J. M. Herbert, C. Y. Lin,
 T. Van Voorhis, S. H. Chien, A. Sodt, R. P. Steele, 
 V. A. Rassolov, P. E. Maslen, P. P. Korambath, R. D. Adamson,
 B. Austin, J. Baker, E. F. C. Byrd, H. Dachsel, R. J. Doerksen,
 A. Dreuw, B. D. Dunietz, A. D. Dutoi, T. R. Furlani,
 S. R. Gwaltney, A. Heyden, S. Hirata, C.-P. Hsu, G. Kedziora,
 R. Z. Khaliullin, P. Klunzinger, A. M. Lee, M. S. Lee, W. Liang,
 I. Lotan, N. Nair, B. Peters, E. I. Proynov, P. A. Pieniazek, 
 Y. M. Rhee, J. Ritchie, E. Rosta, C. D. Sherrill, 
 A. C. Simmonett, J. E. Subotnik, H. L. Woodcock III,
 W. Zhang, A. T. Bell, A. K. Chakraborty, D. M. Chipman,
 F. J. Keil, A. Warshel, W. J. Hehre, H. F. Schaefer III,
 J. Kong, A. I. Krylov, P. M. W. Gill, M. Head-Gordon,
 Q-Chem, Version 3.1, Q-Chem, Inc., Pittsburgh, PA (2007).

 Additional authors for Version 3.1: 
 Z. Gan, Y. Zhao, N. E. Schultz, D. Truhlar, E. Epifanovsky and M. Oana.

 Additional authors for Version 3.2: 
 R. Baer, B. R. Brooks, D. Casanova, J.-D. Chai, C.-L. Cheng, 
 C. Cramer, D. Crittenden, A. Ghysels, G. Hawkins, E. G. Hohenstein, 
 C. Kelley, W. Kurlancheek, D. Liotard, E. Livshits, P. Manohar, 
 A. Marenich, D. Neuhauser, R. Olson, M. A. Rohrdanz, K. S. Thanthiriwatte, 
 A. J. W. Thom, V. Vanovschi, C. F. Williams, Q. Wu and Z.-Q. You. 


 Intel X86 Linux Version

 Q-chem begins on Wed Mar 26 01:57:51 2014  

 Parallel job on  1  processors
Processing $rem in /usr/local/qchem/config/preferences.

theFileMan(): MAXOPENFILES=974 MAX_SUB_FILE_NUM=16
Maximum size of a physical file is 2.0 GB, maximum size of a tmp-file is 32.0 GB


--------------------------------------------------------------
User input:
--------------------------------------------------------------

$molecule
-1,2
C         -0.00003        0.00010        0.99991
C          1.26459        0.75942        0.98847
C          1.26447       -0.75945        0.98840
C         -1.27145        0.00003        0.25190
C         -1.25762        0.00005        1.77082
H          1.57412        1.26097        1.90079
H          1.55767        1.26188        0.07124
H          1.57397       -1.26106        1.90071
H          1.55744       -1.26192        0.07116
H         -1.57709       -0.91495       -0.24713
H         -1.57734        0.91489       -0.24721
H         -1.55434       -0.91483        2.27543
H         -1.55439        0.91487        2.27549
$end

$comment
negative
$end

$xc_functional
C PBE   1.00
X wPBE  1.00
$end

$rem
SYMMETRY_DECOMPOSITION	0
exchange 		general
LRC_DFT                 true
BASIS                   g3large
omega			800
mem_static              760
max_scf_cycles          200
scf_final_print         1
sym_ignore              true
$end

--------------------------------------------------------------
 Writing REM_CC_EA           13
 ----------------------------------------------------
       Standard Nuclear Orientation (Angstroms)
    I     Atom         X            Y            Z
 ----------------------------------------------------
    1      C      -0.000030     0.000100     0.999910
    2      C       1.264590     0.759420     0.988470
    3      C       1.264470    -0.759450     0.988400
    4      C      -1.271450     0.000030     0.251900
    5      C      -1.257620     0.000050     1.770820
    6      H       1.574120     1.260970     1.900790
    7      H       1.557670     1.261880     0.071240
    8      H       1.573970    -1.261060     1.900710
    9      H       1.557440    -1.261920     0.071160
   10      H      -1.577090    -0.914950    -0.247130
   11      H      -1.577340     0.914890    -0.247210
   12      H      -1.554340    -0.914830     2.275430
   13      H      -1.554390     0.914870     2.275490
 ----------------------------------------------------
 Nuclear Repulsion Energy =   171.0336147312 hartrees
 There are       20 alpha and       19 beta electrons
 Requested basis set is G3large
 There are 98 shells and 290 basis functions

Total QAlloc Memory Limit   2000 MB
Mega-Array Size       743 MB
MEM_STATIC part       760 MB

                       Distance Matrix (Angstroms)
             C (  1)   C (  2)   C (  3)   C (  4)   C (  5)   H (  6)
   C (  2)  1.475114
   C (  3)  1.475130  1.518870
   C (  4)  1.475137  2.747855  2.747750
   C (  5)  1.475071  2.747773  2.747719  1.518983
   H (  6)  2.208920  1.086135  2.238400  3.522226  3.102509
   H (  7)  2.209286  1.086127  2.238956  3.103035  3.522307  1.829624
   H (  8)  2.208946  2.238356  1.086146  3.522121  3.102446  2.522030
   H (  9)  2.209295  2.238981  1.086111  3.102870  3.522212  3.116536
   H ( 10)  2.208969  3.522125  3.102447  1.086110  2.238617  4.390708
   H ( 11)  2.209085  3.102844  3.522220  1.086116  2.238660  3.829540
   H ( 12)  2.209056  3.522179  3.102625  2.238676  1.086130  3.829063
   H ( 13)  2.209059  3.102778  3.522204  2.238728  1.086121  3.169820
             H (  7)   H (  8)   H (  9)   H ( 10)   H ( 11)   H ( 12)
   H (  8)  3.116481
   H (  9)  2.523800  1.829625
   H ( 10)  3.829709  3.829124  3.169696
   H ( 11)  3.170189  4.390794  3.829714  1.829840
   H ( 12)  4.391028  3.169639  3.829158  2.522663  3.116427
   H ( 13)  3.829367  3.829069  4.391010  3.116467  2.522804  1.829700

 
 A cutoff of  1.0D-08 yielded   4435 shell pairs
 There are  39245 function pairs ( 48051 Cartesian)
Evaluating contribution to one-electron hamiltonian from nuclear
 Smallest overlap matrix eigenvalue = 2.58E-05

 Q-Chem warning in module mkSTV.C, line 194:

 Overlap eigenvalue is smaller than square root of threshold

 Multipole matrices computed through 2nd order

  Scale SEOQF with 1.000000e-01/1.000000e-01/1.000000e-01

 Standard Electronic Orientation quadrupole field applied
 Nucleus-field energy     =    -0.0000000026 hartrees
 Guess from superposition of atomic densities
 Warning:  Energy on first SCF cycle will be non-variational
 Long-range K will be added via erf
 Coulomb attenuation parameter = 0.8 bohr**(-1)
 An unrestricted Kohn-Sham SCF calculation will be
 performed using Pulay DIIS extrapolation
 Exchange:  wPBE + LR-HF      Correlation:  PBE
 Using SG-1 standard quadrature grid
 SCF converges when DIIS error is below 1.0E-05
 Requested basis set is G3large
 There are 98 shells and 290 basis functions
 A cutoff of  1.0D-08 yielded   4435 shell pairs
 There are  39245 function pairs ( 48051 Cartesian)
 Warning!  Inaccurate integrated density:
   Number of electrons =    39
   Numerical integral  =    37.999765750979
   Relative error      =    -2.5647032026 %
 ---------------------------------------
  Cycle       Energy         DIIS Error
 ---------------------------------------
    1    -197.5945474987      3.00E-02
    2    -195.0235133353      2.73E-03
    3    -195.1391121071      1.45E-03
    4    -195.1637812883      3.68E-04
    5    -195.1677984129      1.03E-04
    6    -195.1681996257      3.72E-05
    7    -195.1683049553      1.38E-05
    8    -195.1683415216      7.76E-06 Convergence criterion met
 ---------------------------------------
 One-Electron    Energy =  -604.5106556584
 Total Coulomb   Energy =   268.4532992546
 Alpha Exchange  Energy =    -6.1984161095
 Beta  Exchange  Energy =    -6.1368737152
 DFT   Exchange  Energy =   -16.5527342183
 DFT Correlation Energy =    -1.2565758033
 Nuclear Repu.   Energy =   171.0336147286
 Nuclear Attr.   Energy =  -798.5878789855
 Kinetic         Energy =   194.0772233271
 <S^2> = 0.7501
 SCF time:  CPU 367.01 s  wall 371.27 s
 Final Alpha MO Eigenvalues
            1           2           3           4           5           6
    1 -10.2083781 -10.1974862 -10.1926754 -10.1924341 -10.1918640  -1.0368529
            7           8           9          10          11          12
    1  -0.9323103  -0.7072256  -0.7045024  -0.6273258  -0.5490536  -0.5376087
           13          14          15          16          17          18
    1  -0.5348638  -0.4158407  -0.3995001  -0.3937112  -0.3174765  -0.3165343
           19          20          21          22          23          24
    1  -0.2995432   0.0354255   0.1271122   0.1273649   0.1295052   0.1589128
           25
    1   0.1591267
 Final Beta MO Eigenvalues
            1           2           3           4           5           6
    1 -10.2083999 -10.1973599 -10.1924580 -10.1922179 -10.1916503  -1.0366874
            7           8           9          10          11          12
    1  -0.9319962  -0.7060065  -0.7030693  -0.6262979  -0.5480308  -0.5374037
           13          14          15          16          17          18
    1  -0.5344514  -0.4156903  -0.3993948  -0.3929572  -0.3173073  -0.3163752
           19          20          21          22          23          24
    1  -0.2989040   0.1256142   0.1384351   0.1405451   0.1436648   0.1597501
 Analysis of SCF Wavefunction
 
 --------------------------------------------------------------
                    Orbital Energies (a.u.)
 --------------------------------------------------------------
 
 Alpha MOs
 -- Occupied --
-10.208 -10.197 -10.193 -10.192 -10.192  -1.037  -0.932  -0.707
 -0.705  -0.627  -0.549  -0.538  -0.535  -0.416  -0.400  -0.394
 -0.317  -0.317  -0.300   0.035
 -- Virtual --
  0.127   0.127   0.130   0.159   0.159   0.163   0.180   0.192
  0.221   0.248   0.250   0.256   0.266   0.268   0.268   0.289
  0.292   0.296   0.309   0.320   0.321   0.328   0.340   0.342
  0.348   0.349   0.376   0.377   0.384   0.433   0.451   0.451
  0.469   0.490   0.497   0.497   0.547   0.567   0.568   0.574
  0.585   0.633   0.685   0.703   0.705   0.707   0.738   0.741
  0.783   0.810   0.812   0.819   0.849   0.856   0.859   0.860
  0.889   0.890   0.892   0.911   0.912   0.915   0.917   0.935
  0.975   1.039   1.063   1.063   1.071   1.087   1.120   1.143
  1.172   1.174   1.175   1.251   1.304   1.305   1.335   1.370
  1.377   1.378   1.404   1.415   1.417   1.435   1.466   1.466
  1.533   1.534   1.579   1.590   1.592   1.632   1.647   1.649
  1.659   1.676   1.689   1.701   1.713   1.745   1.747   1.766
  1.770   1.793   1.845   1.857   1.859   1.869   1.885   1.888
  1.897   1.949   2.080   2.109   2.110   2.127   2.802   2.804
  2.893   2.921   2.959   2.960   2.993   2.994   3.028   3.035
  3.035   3.098   3.119   3.119   3.175   3.234   3.239   3.240
  3.245   3.280   3.335   3.337   3.348   3.364   3.419   3.421
  3.428   3.428   3.455   3.473   3.477   3.526   3.539   3.575
  3.576   3.599   3.623   3.694   3.694   3.697   3.736   3.738
  3.788   3.789   3.802   3.829   3.858   3.863   3.896   3.896
  3.912   3.961   3.961   3.966   4.045   4.143   4.180   4.226
  4.240   4.241   4.301   4.303   4.331   4.416   4.465   4.467
  4.468   4.468   4.497   4.499   4.585   4.609   4.622   4.628
  4.699   4.705   4.713   4.719   4.721   4.763   4.764   4.856
  4.857   4.885   4.886   4.889   4.927   4.966   5.083   5.088
  5.269   5.271   5.341   5.343   5.459   5.631   5.754   5.824
  5.826   5.856   5.975   5.979   5.983   6.016   6.130   6.132
  6.170  24.488  24.514  24.768  24.771  24.840  27.847  27.908
 27.960  27.961  28.348  28.438  28.463  28.464  28.481  28.505
 28.505  28.520  28.905  28.908  29.345  41.256  41.273  41.293
 41.357  41.364  41.367  41.369  41.406  41.411  41.413  41.498
 41.505  41.505  41.510  41.511  41.523  41.545  41.561  41.607
 41.610  41.617  41.619  41.640  41.711  41.712
 
 Beta MOs
 -- Occupied --
-10.208 -10.197 -10.192 -10.192 -10.192  -1.037  -0.932  -0.706
 -0.703  -0.626  -0.548  -0.537  -0.534  -0.416  -0.399  -0.393
 -0.317  -0.316  -0.299
 -- Virtual --
  0.126   0.138   0.141   0.144   0.160   0.164   0.166   0.181
  0.189   0.218   0.243   0.243   0.248   0.258   0.260   0.262
  0.287   0.288   0.294   0.304   0.318   0.318   0.323   0.332
  0.338   0.341   0.342   0.372   0.374   0.382   0.429   0.450
  0.450   0.467   0.486   0.493   0.495   0.544   0.563   0.563
  0.571   0.584   0.632   0.683   0.701   0.702   0.704   0.736
  0.739   0.780   0.808   0.810   0.817   0.847   0.854   0.859
  0.860   0.887   0.889   0.890   0.909   0.911   0.913   0.914
  0.935   0.973   1.039   1.063   1.063   1.071   1.088   1.120
  1.142   1.172   1.174   1.175   1.251   1.304   1.305   1.335
  1.369   1.377   1.378   1.404   1.414   1.416   1.435   1.465
  1.466   1.532   1.534   1.578   1.589   1.592   1.632   1.647
  1.649   1.659   1.675   1.689   1.701   1.712   1.745   1.746
  1.765   1.770   1.793   1.845   1.857   1.858   1.869   1.885
  1.888   1.896   1.949   2.080   2.109   2.109   2.127   2.802
  2.804   2.893   2.921   2.959   2.960   2.993   2.994   3.027
  3.035   3.035   3.098   3.119   3.119   3.175   3.234   3.239
  3.240   3.245   3.280   3.335   3.337   3.348   3.364   3.419
  3.421   3.428   3.429   3.455   3.473   3.477   3.526   3.539
  3.575   3.576   3.599   3.623   3.694   3.694   3.697   3.737
  3.738   3.789   3.790   3.803   3.829   3.858   3.863   3.896
  3.896   3.911   3.961   3.961   3.966   4.045   4.143   4.180
  4.226   4.240   4.241   4.301   4.303   4.331   4.416   4.465
  4.467   4.468   4.468   4.497   4.499   4.585   4.609   4.622
  4.628   4.699   4.706   4.713   4.719   4.721   4.763   4.764
  4.856   4.857   4.885   4.886   4.889   4.927   4.966   5.083
  5.088   5.269   5.271   5.341   5.343   5.459   5.631   5.754
  5.824   5.826   5.856   5.975   5.979   5.983   6.016   6.130
  6.132   6.170  24.488  24.514  24.768  24.771  24.840  27.848
 27.909  27.960  27.961  28.348  28.438  28.463  28.464  28.481
 28.505  28.505  28.520  28.906  28.908  29.345  41.256  41.273
 41.294  41.357  41.364  41.367  41.369  41.406  41.411  41.414
 41.498  41.505  41.505  41.510  41.512  41.523  41.545  41.561
 41.607  41.610  41.617  41.619  41.641  41.711  41.712
 --------------------------------------------------------------
 
          Ground-State Mulliken Net Atomic Charges

     Atom                 Charge (a.u.)    Spin (a.u.)
  --------------------------------------------------------
      1 C                    -3.949922       4.600322
      2 C                     2.729299      -3.076026
      3 C                     0.341883      -0.660507
      4 C                     1.661311      -1.991351
      5 C                     1.558883      -1.887910
      6 H                    -0.531416       0.622489
      7 H                    -0.554566       0.646584
      8 H                    -0.168762       0.242443
      9 H                    -0.183326       0.258060
     10 H                    -0.213740       0.287362
     11 H                    -0.754785       0.853130
     12 H                    -0.201181       0.273998
     13 H                    -0.733679       0.831409
  --------------------------------------------------------
  Sum of atomic charges =    -1.000000
  Sum of spin   charges =     1.000000

 -----------------------------------------------------------------
                    Cartesian Multipole Moments
 -----------------------------------------------------------------
    Charge (ESU x 10^10)
                -4.8032
    Dipole Moment (Debye)
         X       1.4974      Y      -5.0209      Z      -4.6211
       Tot       6.9862
    Quadrupole Moments (Debye-Ang)
        XX     -74.6921     XY       1.8966     YY     -63.6126
        XZ       1.6301     YZ      -4.9215     ZZ     -65.5070
    Octapole Moments (Debye-Ang^2)
       XXX      22.8933    XXY     -31.3271    XYY      10.9193
       YYY     -68.3074    XXZ     -73.5576    XYZ       1.9301
       YYZ     -62.6163    XZZ       8.2242    YZZ     -32.3168
       ZZZ    -184.9599
    Hexadecapole Moments (Debye-Ang^3)
      XXXX   -1096.6139   XXXY      14.7835   XXYY    -288.9544
      XYYY      17.6783   YYYY    -573.9559   XXXZ      25.0786
      XXYZ     -30.7585   XYYZ      11.8123   YYYZ     -67.2273
      XXZZ    -350.3030   XYZZ      10.9727   YYZZ    -258.4641
      XZZZ      23.9661   YZZZ     -86.2230   ZZZZ    -890.4498
 -----------------------------------------------------------------
 Total job time:  371.79s(wall), 367.41s(cpu) 
 Wed Mar 26 02:04:03 2014

        *************************************************************
        *                                                           *
        *  Thank you very much for using Q-Chem.  Have a nice day.  *
        *                                                           *
        *************************************************************


0 sent ACK to 0 
now end server 0 ... 
 
**********************************************************************
Job 2 of 3 
**********************************************************************
 
Process 0 of 1 is on cl135 - thread support 1
initial socket setup ...start
initial socket setup ...done 
now start server 0 ... 

cmd = /usr/bin/ssh clhead /usr/local/qchem/bin/get_hostid 1030747755 > /tmp/1603101.1.medium.q/qchem505/lic.dat

cmd = /usr/bin/ssh clhead /usr/local/qchem/bin/get_hostid 1030747755 > /tmp/1603101.1.medium.q/qchem505/lic.dat

cmd = /usr/bin/ssh clhead /usr/local/qchem/bin/get_hostid 1030747755 > /tmp/1603101.1.medium.q/qchem505/lic.dat

cmd = /usr/bin/ssh clhead /usr/local/qchem/bin/get_hostid 1030747755 > /tmp/1603101.1.medium.q/qchem505/lic.dat

cmd = /usr/bin/ssh clhead /usr/local/qchem/bin/get_hostid 1030747755 > /tmp/1603101.1.medium.q/qchem505/lic.dat
                  Welcome to Q-Chem
     A Quantum Leap Into The Future Of Chemistry

 Y. Shao, L. Fusti-Molnar, Y. Jung, J. Kussmann, C. Ochsenfeld,
 S. T. Brown, A. T. B. Gilbert, L. V. Slipchenko,S. V. Levchenko,
 D. P. O'Neill, R. A. DiStasio Jr., R. C. Lochan, T. Wang,
 G. J. O. Beran, N. A. Besley, J. M. Herbert, C. Y. Lin,
 T. Van Voorhis, S. H. Chien, A. Sodt, R. P. Steele, 
 V. A. Rassolov, P. E. Maslen, P. P. Korambath, R. D. Adamson,
 B. Austin, J. Baker, E. F. C. Byrd, H. Dachsel, R. J. Doerksen,
 A. Dreuw, B. D. Dunietz, A. D. Dutoi, T. R. Furlani,
 S. R. Gwaltney, A. Heyden, S. Hirata, C.-P. Hsu, G. Kedziora,
 R. Z. Khaliullin, P. Klunzinger, A. M. Lee, M. S. Lee, W. Liang,
 I. Lotan, N. Nair, B. Peters, E. I. Proynov, P. A. Pieniazek, 
 Y. M. Rhee, J. Ritchie, E. Rosta, C. D. Sherrill, 
 A. C. Simmonett, J. E. Subotnik, H. L. Woodcock III,
 W. Zhang, A. T. Bell, A. K. Chakraborty, D. M. Chipman,
 F. J. Keil, A. Warshel, W. J. Hehre, H. F. Schaefer III,
 J. Kong, A. I. Krylov, P. M. W. Gill, M. Head-Gordon,
 Q-Chem, Version 3.1, Q-Chem, Inc., Pittsburgh, PA (2007).

 Additional authors for Version 3.1: 
 Z. Gan, Y. Zhao, N. E. Schultz, D. Truhlar, E. Epifanovsky and M. Oana.

 Additional authors for Version 3.2: 
 R. Baer, B. R. Brooks, D. Casanova, J.-D. Chai, C.-L. Cheng, 
 C. Cramer, D. Crittenden, A. Ghysels, G. Hawkins, E. G. Hohenstein, 
 C. Kelley, W. Kurlancheek, D. Liotard, E. Livshits, P. Manohar, 
 A. Marenich, D. Neuhauser, R. Olson, M. A. Rohrdanz, K. S. Thanthiriwatte, 
 A. J. W. Thom, V. Vanovschi, C. F. Williams, Q. Wu and Z.-Q. You. 


 Intel X86 Linux Version

 Q-chem begins on Wed Mar 26 02:04:07 2014  

 Parallel job on  1  processors
Processing $rem in /usr/local/qchem/config/preferences.

theFileMan(): MAXOPENFILES=974 MAX_SUB_FILE_NUM=16
Maximum size of a physical file is 2.0 GB, maximum size of a tmp-file is 32.0 GB


--------------------------------------------------------------
User input:
--------------------------------------------------------------

$molecule
0,1
C         -0.00003        0.00010        0.99991
C          1.26459        0.75942        0.98847
C          1.26447       -0.75945        0.98840
C         -1.27145        0.00003        0.25190
C         -1.25762        0.00005        1.77082
H          1.57412        1.26097        1.90079
H          1.55767        1.26188        0.07124
H          1.57397       -1.26106        1.90071
H          1.55744       -1.26192        0.07116
H         -1.57709       -0.91495       -0.24713
H         -1.57734        0.91489       -0.24721
H         -1.55434       -0.91483        2.27543
H         -1.55439        0.91487        2.27549
$end

$comment
neutral
$end

$xc_functional
C PBE   1.00
X wPBE  1.00
$end


$rem
SYMMETRY_DECOMPOSITION	0
LRC_DFT                 true
exchange 		general
BASIS                   g3large
omega			800
mem_static              760
max_scf_cycles          200
scf_final_print         1
sym_ignore              true
$end

--------------------------------------------------------------
 Writing REM_CC_EA           13
 ----------------------------------------------------
       Standard Nuclear Orientation (Angstroms)
    I     Atom         X            Y            Z
 ----------------------------------------------------
    1      C      -0.000030     0.000100     0.999910
    2      C       1.264590     0.759420     0.988470
    3      C       1.264470    -0.759450     0.988400
    4      C      -1.271450     0.000030     0.251900
    5      C      -1.257620     0.000050     1.770820
    6      H       1.574120     1.260970     1.900790
    7      H       1.557670     1.261880     0.071240
    8      H       1.573970    -1.261060     1.900710
    9      H       1.557440    -1.261920     0.071160
   10      H      -1.577090    -0.914950    -0.247130
   11      H      -1.577340     0.914890    -0.247210
   12      H      -1.554340    -0.914830     2.275430
   13      H      -1.554390     0.914870     2.275490
 ----------------------------------------------------
 Nuclear Repulsion Energy =   171.0336147312 hartrees
 There are       19 alpha and       19 beta electrons
 Requested basis set is G3large
 There are 98 shells and 290 basis functions

Total QAlloc Memory Limit   2000 MB
Mega-Array Size       743 MB
MEM_STATIC part       760 MB

                       Distance Matrix (Angstroms)
             C (  1)   C (  2)   C (  3)   C (  4)   C (  5)   H (  6)
   C (  2)  1.475114
   C (  3)  1.475130  1.518870
   C (  4)  1.475137  2.747855  2.747750
   C (  5)  1.475071  2.747773  2.747719  1.518983
   H (  6)  2.208920  1.086135  2.238400  3.522226  3.102509
   H (  7)  2.209286  1.086127  2.238956  3.103035  3.522307  1.829624
   H (  8)  2.208946  2.238356  1.086146  3.522121  3.102446  2.522030
   H (  9)  2.209295  2.238981  1.086111  3.102870  3.522212  3.116536
   H ( 10)  2.208969  3.522125  3.102447  1.086110  2.238617  4.390708
   H ( 11)  2.209085  3.102844  3.522220  1.086116  2.238660  3.829540
   H ( 12)  2.209056  3.522179  3.102625  2.238676  1.086130  3.829063
   H ( 13)  2.209059  3.102778  3.522204  2.238728  1.086121  3.169820
             H (  7)   H (  8)   H (  9)   H ( 10)   H ( 11)   H ( 12)
   H (  8)  3.116481
   H (  9)  2.523800  1.829625
   H ( 10)  3.829709  3.829124  3.169696
   H ( 11)  3.170189  4.390794  3.829714  1.829840
   H ( 12)  4.391028  3.169639  3.829158  2.522663  3.116427
   H ( 13)  3.829367  3.829069  4.391010  3.116467  2.522804  1.829700

 
 A cutoff of  1.0D-08 yielded   4435 shell pairs
 There are  39245 function pairs ( 48051 Cartesian)
Evaluating contribution to one-electron hamiltonian from nuclear
 Smallest overlap matrix eigenvalue = 2.58E-05

 Q-Chem warning in module mkSTV.C, line 194:

 Overlap eigenvalue is smaller than square root of threshold

 Multipole matrices computed through 2nd order

  Scale SEOQF with 1.000000e-01/1.000000e-01/1.000000e-01

 Standard Electronic Orientation quadrupole field applied
 Nucleus-field energy     =    -0.0000000026 hartrees
 Guess from superposition of atomic densities
 Warning:  Energy on first SCF cycle will be non-variational
 Long-range K will be added via erf
 Coulomb attenuation parameter = 0.8 bohr**(-1)
 A restricted Kohn-Sham SCF calculation will be
 performed using Pulay DIIS extrapolation
 Exchange:  wPBE + LR-HF      Correlation:  PBE
 Using SG-1 standard quadrature grid
 SCF converges when DIIS error is below 1.0E-05
 Requested basis set is G3large
 There are 98 shells and 290 basis functions
 A cutoff of  1.0D-08 yielded   4435 shell pairs
 There are  39245 function pairs ( 48051 Cartesian)
 ---------------------------------------
  Cycle       Energy         DIIS Error
 ---------------------------------------
    1    -197.5945474987      3.00E-02
    2    -195.0975744481      2.60E-03
    3    -195.1888412398      1.23E-03
    4    -195.2046168280      3.51E-04
    5    -195.2068637963      7.62E-05
    6    -195.2069770353      2.93E-05
    7    -195.2069943190      8.25E-06 Convergence criterion met
 ---------------------------------------
 One-Electron    Energy =  -599.9554889427
 Total Coulomb   Energy =   263.7944631260
 Alpha Exchange  Energy =    -6.1394503064
 Beta  Exchange  Energy =    -6.1394503064
 DFT   Exchange  Energy =   -16.5504358375
 DFT Correlation Energy =    -1.2502467805
 Nuclear Repu.   Energy =   171.0336147286
 Nuclear Attr.   Energy =  -793.9678180319
 Kinetic         Energy =   194.0123290892
 SCF time:  CPU 237.67 s  wall 241.32 s
 Final Alpha MO Eigenvalues
            1           2           3           4           5           6
    1 -10.3292653 -10.3154016 -10.3153359 -10.3148121 -10.3147668  -1.1576723
            7           8           9          10          11          12
    1  -1.0529951  -0.8259033  -0.8258971  -0.7473469  -0.6689793  -0.6571881
           13          14          15          16          17          18
    1  -0.6571702  -0.5366326  -0.5207603  -0.5140632  -0.4378716  -0.4378615
           19          20          21          22          23          24
    1  -0.4200698   0.0435177   0.0549485   0.0549641   0.0598493   0.0784076
 Analysis of SCF Wavefunction
 
 --------------------------------------------------------------
                    Orbital Energies (a.u.)
 --------------------------------------------------------------
 
 Alpha MOs
 -- Occupied --
-10.329 -10.315 -10.315 -10.315 -10.315  -1.158  -1.053  -0.826
 -0.826  -0.747  -0.669  -0.657  -0.657  -0.537  -0.521  -0.514
 -0.438  -0.438  -0.420
 -- Virtual --
  0.044   0.055   0.055   0.060   0.078   0.078   0.082   0.098
  0.103   0.126   0.154   0.154   0.162   0.169   0.170   0.170
  0.192   0.194   0.194   0.207   0.218   0.218   0.225   0.240
  0.242   0.246   0.246   0.264   0.264   0.274   0.322   0.336
  0.336   0.355   0.381   0.381   0.386   0.434   0.456   0.456
  0.466   0.470   0.518   0.571   0.589   0.591   0.591   0.623
  0.623   0.667   0.694   0.694   0.704   0.733   0.738   0.743
  0.743   0.772   0.772   0.774   0.795   0.796   0.799   0.799
  0.815   0.858   0.920   0.943   0.943   0.951   0.967   1.000
  1.024   1.052   1.055   1.055   1.131   1.185   1.185   1.215
  1.250   1.257   1.257   1.285   1.297   1.297   1.316   1.347
  1.347   1.414   1.414   1.460   1.472   1.472   1.512   1.529
  1.529   1.540   1.557   1.570   1.581   1.595   1.627   1.627
  1.647   1.650   1.674   1.726   1.738   1.738   1.749   1.768
  1.768   1.777   1.828   1.960   1.989   1.989   2.007   2.683
  2.683   2.772   2.801   2.840   2.840   2.873   2.873   2.908
  2.914   2.914   2.977   2.998   2.999   3.055   3.113   3.119
  3.119   3.125   3.159   3.215   3.215   3.227   3.243   3.299
  3.299   3.307   3.307   3.334   3.352   3.356   3.405   3.419
  3.454   3.454   3.478   3.502   3.573   3.573   3.577   3.616
  3.617   3.668   3.668   3.682   3.708   3.738   3.742   3.776
  3.776   3.791   3.841   3.841   3.846   3.925   4.022   4.059
  4.105   4.120   4.120   4.181   4.181   4.210   4.296   4.345
  4.347   4.347   4.347   4.377   4.377   4.464   4.489   4.501
  4.507   4.578   4.585   4.592   4.599   4.599   4.643   4.643
  4.736   4.736   4.765   4.766   4.766   4.806   4.845   4.962
  4.967   5.149   5.149   5.221   5.221   5.338   5.510   5.633
  5.704   5.704   5.736   5.857   5.857   5.861   5.895   6.010
  6.010   6.049  24.367  24.392  24.648  24.648  24.719  27.726
 27.787  27.840  27.840  28.227  28.317  28.342  28.342  28.360
 28.383  28.383  28.399  28.785  28.785  29.224  41.135  41.152
 41.172  41.236  41.244  41.244  41.246  41.285  41.291  41.291
 41.377  41.384  41.384  41.389  41.389  41.401  41.423  41.439
 41.487  41.487  41.496  41.497  41.519  41.590  41.590
 --------------------------------------------------------------
 
          Ground-State Mulliken Net Atomic Charges

     Atom                 Charge (a.u.)
  ----------------------------------------
      1 C                     0.592874
      2 C                    -0.313898
      3 C                    -0.315048
      4 C                    -0.314506
      5 C                    -0.314028
      6 H                     0.083030
      7 H                     0.083064
      8 H                     0.083049
      9 H                     0.083088
     10 H                     0.083173
     11 H                     0.083039
     12 H                     0.083103
     13 H                     0.083060
  ----------------------------------------
  Sum of atomic charges =     0.000000

 -----------------------------------------------------------------
                    Cartesian Multipole Moments
 -----------------------------------------------------------------
    Charge (ESU x 10^10)
                 0.0000
    Dipole Moment (Debye)
         X       0.0001      Y       0.0001      Z       0.0001
       Tot       0.0002
    Quadrupole Moments (Debye-Ang)
        XX     -32.2266     XY       0.0034     YY     -30.0363
        XZ       0.0202     YZ       0.0003     ZZ     -30.0381
    Octapole Moments (Debye-Ang^2)
       XXX       0.0023    XXY       0.0043    XYY      -0.5705
       YYY       0.0031    XXZ     -32.2135    XYZ       0.0036
       YYZ     -30.0335    XZZ       0.6118    YZZ       0.0028
       ZZZ     -90.1214
    Hexadecapole Moments (Debye-Ang^3)
      XXXX    -340.8509   XXXY       0.0153   XXYY     -64.3516
      XYYY       0.0114   YYYY    -110.0207   XXXZ       1.3384
      XXYZ       0.0033   XYYZ      -0.2708   YYYZ       0.0022
      XXZZ     -96.5651   XYZZ       0.0120   YYZZ     -60.5896
      XZZZ       2.5267   YZZZ       0.0066   ZZZZ    -290.2983
 -----------------------------------------------------------------
 Total job time:  241.79s(wall), 238.04s(cpu) 
 Wed Mar 26 02:08:09 2014

        *************************************************************
        *                                                           *
        *  Thank you very much for using Q-Chem.  Have a nice day.  *
        *                                                           *
        *************************************************************


0 sent ACK to 0 
now end server 0 ... 
 
**********************************************************************
Job 3 of 3 
**********************************************************************
 
Process 0 of 1 is on cl135 - thread support 1
initial socket setup ...start
initial socket setup ...done 
now start server 0 ... 

cmd = /usr/bin/ssh clhead /usr/local/qchem/bin/get_hostid 295504314 > /tmp/1603101.1.medium.q/qchem505/lic.dat

cmd = /usr/bin/ssh clhead /usr/local/qchem/bin/get_hostid 295504314 > /tmp/1603101.1.medium.q/qchem505/lic.dat

cmd = /usr/bin/ssh clhead /usr/local/qchem/bin/get_hostid 295504314 > /tmp/1603101.1.medium.q/qchem505/lic.dat

cmd = /usr/bin/ssh clhead /usr/local/qchem/bin/get_hostid 295504314 > /tmp/1603101.1.medium.q/qchem505/lic.dat

cmd = /usr/bin/ssh clhead /usr/local/qchem/bin/get_hostid 295504314 > /tmp/1603101.1.medium.q/qchem505/lic.dat
                  Welcome to Q-Chem
     A Quantum Leap Into The Future Of Chemistry

 Y. Shao, L. Fusti-Molnar, Y. Jung, J. Kussmann, C. Ochsenfeld,
 S. T. Brown, A. T. B. Gilbert, L. V. Slipchenko,S. V. Levchenko,
 D. P. O'Neill, R. A. DiStasio Jr., R. C. Lochan, T. Wang,
 G. J. O. Beran, N. A. Besley, J. M. Herbert, C. Y. Lin,
 T. Van Voorhis, S. H. Chien, A. Sodt, R. P. Steele, 
 V. A. Rassolov, P. E. Maslen, P. P. Korambath, R. D. Adamson,
 B. Austin, J. Baker, E. F. C. Byrd, H. Dachsel, R. J. Doerksen,
 A. Dreuw, B. D. Dunietz, A. D. Dutoi, T. R. Furlani,
 S. R. Gwaltney, A. Heyden, S. Hirata, C.-P. Hsu, G. Kedziora,
 R. Z. Khaliullin, P. Klunzinger, A. M. Lee, M. S. Lee, W. Liang,
 I. Lotan, N. Nair, B. Peters, E. I. Proynov, P. A. Pieniazek, 
 Y. M. Rhee, J. Ritchie, E. Rosta, C. D. Sherrill, 
 A. C. Simmonett, J. E. Subotnik, H. L. Woodcock III,
 W. Zhang, A. T. Bell, A. K. Chakraborty, D. M. Chipman,
 F. J. Keil, A. Warshel, W. J. Hehre, H. F. Schaefer III,
 J. Kong, A. I. Krylov, P. M. W. Gill, M. Head-Gordon,
 Q-Chem, Version 3.1, Q-Chem, Inc., Pittsburgh, PA (2007).

 Additional authors for Version 3.1: 
 Z. Gan, Y. Zhao, N. E. Schultz, D. Truhlar, E. Epifanovsky and M. Oana.

 Additional authors for Version 3.2: 
 R. Baer, B. R. Brooks, D. Casanova, J.-D. Chai, C.-L. Cheng, 
 C. Cramer, D. Crittenden, A. Ghysels, G. Hawkins, E. G. Hohenstein, 
 C. Kelley, W. Kurlancheek, D. Liotard, E. Livshits, P. Manohar, 
 A. Marenich, D. Neuhauser, R. Olson, M. A. Rohrdanz, K. S. Thanthiriwatte, 
 A. J. W. Thom, V. Vanovschi, C. F. Williams, Q. Wu and Z.-Q. You. 


 Intel X86 Linux Version

 Q-chem begins on Wed Mar 26 02:08:13 2014  

 Parallel job on  1  processors
Processing $rem in /usr/local/qchem/config/preferences.

theFileMan(): MAXOPENFILES=974 MAX_SUB_FILE_NUM=16
Maximum size of a physical file is 2.0 GB, maximum size of a tmp-file is 32.0 GB


--------------------------------------------------------------
User input:
--------------------------------------------------------------

$molecule
1,2
C         -0.00003        0.00010        0.99991
C          1.26459        0.75942        0.98847
C          1.26447       -0.75945        0.98840
C         -1.27145        0.00003        0.25190
C         -1.25762        0.00005        1.77082
H          1.57412        1.26097        1.90079
H          1.55767        1.26188        0.07124
H          1.57397       -1.26106        1.90071
H          1.55744       -1.26192        0.07116
H         -1.57709       -0.91495       -0.24713
H         -1.57734        0.91489       -0.24721
H         -1.55434       -0.91483        2.27543
H         -1.55439        0.91487        2.27549
$end

$comment
positive
$end

$xc_functional
C PBE   1.00
X wPBE  1.00
$end

$rem
SYMMETRY_DECOMPOSITION	0
LRC_DFT                 true
exchange 		general
BASIS                   g3large
omega			800
mem_static              760
max_scf_cycles          200
scf_final_print         1
sym_ignore              true
$end

--------------------------------------------------------------
 Writing REM_CC_EA           13
 ----------------------------------------------------
       Standard Nuclear Orientation (Angstroms)
    I     Atom         X            Y            Z
 ----------------------------------------------------
    1      C      -0.000030     0.000100     0.999910
    2      C       1.264590     0.759420     0.988470
    3      C       1.264470    -0.759450     0.988400
    4      C      -1.271450     0.000030     0.251900
    5      C      -1.257620     0.000050     1.770820
    6      H       1.574120     1.260970     1.900790
    7      H       1.557670     1.261880     0.071240
    8      H       1.573970    -1.261060     1.900710
    9      H       1.557440    -1.261920     0.071160
   10      H      -1.577090    -0.914950    -0.247130
   11      H      -1.577340     0.914890    -0.247210
   12      H      -1.554340    -0.914830     2.275430
   13      H      -1.554390     0.914870     2.275490
 ----------------------------------------------------
 Nuclear Repulsion Energy =   171.0336147312 hartrees
 There are       19 alpha and       18 beta electrons
 Requested basis set is G3large
 There are 98 shells and 290 basis functions

Total QAlloc Memory Limit   2000 MB
Mega-Array Size       743 MB
MEM_STATIC part       760 MB

                       Distance Matrix (Angstroms)
             C (  1)   C (  2)   C (  3)   C (  4)   C (  5)   H (  6)
   C (  2)  1.475114
   C (  3)  1.475130  1.518870
   C (  4)  1.475137  2.747855  2.747750
   C (  5)  1.475071  2.747773  2.747719  1.518983
   H (  6)  2.208920  1.086135  2.238400  3.522226  3.102509
   H (  7)  2.209286  1.086127  2.238956  3.103035  3.522307  1.829624
   H (  8)  2.208946  2.238356  1.086146  3.522121  3.102446  2.522030
   H (  9)  2.209295  2.238981  1.086111  3.102870  3.522212  3.116536
   H ( 10)  2.208969  3.522125  3.102447  1.086110  2.238617  4.390708
   H ( 11)  2.209085  3.102844  3.522220  1.086116  2.238660  3.829540
   H ( 12)  2.209056  3.522179  3.102625  2.238676  1.086130  3.829063
   H ( 13)  2.209059  3.102778  3.522204  2.238728  1.086121  3.169820
             H (  7)   H (  8)   H (  9)   H ( 10)   H ( 11)   H ( 12)
   H (  8)  3.116481
   H (  9)  2.523800  1.829625
   H ( 10)  3.829709  3.829124  3.169696
   H ( 11)  3.170189  4.390794  3.829714  1.829840
   H ( 12)  4.391028  3.169639  3.829158  2.522663  3.116427
   H ( 13)  3.829367  3.829069  4.391010  3.116467  2.522804  1.829700

 
 A cutoff of  1.0D-08 yielded   4435 shell pairs
 There are  39245 function pairs ( 48051 Cartesian)
Evaluating contribution to one-electron hamiltonian from nuclear
 Smallest overlap matrix eigenvalue = 2.58E-05

 Q-Chem warning in module mkSTV.C, line 194:

 Overlap eigenvalue is smaller than square root of threshold

 Multipole matrices computed through 2nd order

  Scale SEOQF with 1.000000e-01/1.000000e-01/1.000000e-01

 Standard Electronic Orientation quadrupole field applied
 Nucleus-field energy     =    -0.0000000026 hartrees
 Guess from superposition of atomic densities
 Warning:  Energy on first SCF cycle will be non-variational
 Long-range K will be added via erf
 Coulomb attenuation parameter = 0.8 bohr**(-1)
 An unrestricted Kohn-Sham SCF calculation will be
 performed using Pulay DIIS extrapolation
 Exchange:  wPBE + LR-HF      Correlation:  PBE
 Using SG-1 standard quadrature grid
 SCF converges when DIIS error is below 1.0E-05
 Requested basis set is G3large
 There are 98 shells and 290 basis functions
 A cutoff of  1.0D-08 yielded   4435 shell pairs
 There are  39245 function pairs ( 48051 Cartesian)
 Warning!  Inaccurate integrated density:
   Number of electrons =    37
   Numerical integral  =    37.999765750979
   Relative error      =     2.7020695972 %
 ---------------------------------------
  Cycle       Energy         DIIS Error
 ---------------------------------------
    1    -197.5945474987      3.00E-02
    2    -194.6741721166      2.63E-03
    3    -194.7802753675      1.37E-03
    4    -194.8052567267      4.65E-04
    5    -194.8127194780      1.45E-04
    6    -194.8149807114      8.79E-05
    7    -194.8163070078      4.55E-05
    8    -194.8167506838      2.29E-05
    9    -194.8169250774      1.55E-05
   10    -194.8169917983      1.10E-05
   11    -194.8170326082      1.09E-05
   12    -194.8170703352      1.11E-05
   13    -194.8170111975      1.02E-05
   14    -194.8168319075      8.92E-06 Convergence criterion met
 ---------------------------------------
 One-Electron    Energy =  -590.6226056732
 Total Coulomb   Energy =   254.5166057380
 Alpha Exchange  Energy =    -6.1876794624
 Beta  Exchange  Energy =    -5.8468572772
 DFT   Exchange  Energy =   -16.4995210507
 DFT Correlation Energy =    -1.2103889107
 Nuclear Repu.   Energy =   171.0336147286
 Nuclear Attr.   Energy =  -784.4675632954
 Kinetic         Energy =   193.8449576223
 <S^2> = 0.7574
 SCF time:  CPU 606.63 s  wall 614.00 s
 Final Alpha MO Eigenvalues
            1           2           3           4           5           6
    1 -10.6348503 -10.5962590 -10.5882544 -10.5324254 -10.5317962  -1.4404384
            7           8           9          10          11          12
    1  -1.3043772  -1.0974078  -1.0457539  -1.0016204  -0.9110199  -0.9085205
           13          14          15          16          17          18
    1  -0.8888809  -0.7802145  -0.7604098  -0.7375520  -0.7331819  -0.6859952
           19          20          21          22          23          24
    1  -0.6580195  -0.0871722  -0.0761096  -0.0747519  -0.0667427  -0.0474199
 Final Beta MO Eigenvalues
            1           2           3           4           5           6
    1 -10.6266682 -10.5918876 -10.5851496 -10.5327983 -10.5321981  -1.4025463
            7           8           9          10          11          12
    1  -1.2980410  -1.0514934  -1.0423406  -0.9599407  -0.9043693  -0.8942415
           13          14          15          16          17          18
    1  -0.8575057  -0.7724307  -0.7493867  -0.7261892  -0.6785791  -0.6503434
           19          20          21          22          23
    1  -0.3400943  -0.0866418  -0.0743431  -0.0735255  -0.0663253
 Analysis of SCF Wavefunction
 
 --------------------------------------------------------------
                    Orbital Energies (a.u.)
 --------------------------------------------------------------
 
 Alpha MOs
 -- Occupied --
-10.635 -10.596 -10.588 -10.532 -10.532  -1.440  -1.304  -1.097
 -1.046  -1.002  -0.911  -0.909  -0.889  -0.780  -0.760  -0.738
 -0.733  -0.686  -0.658
 -- Virtual --
 -0.087  -0.076  -0.075  -0.067  -0.047  -0.043  -0.039  -0.033
 -0.024  -0.005  -0.004   0.008   0.019   0.025   0.026   0.031
  0.040   0.043   0.048   0.062   0.063   0.072   0.078   0.089
  0.094   0.094   0.100   0.101   0.101   0.108   0.137   0.147
  0.147   0.174   0.188   0.208   0.213   0.226   0.260   0.263
  0.277   0.302   0.322   0.385   0.387   0.397   0.402   0.423
  0.433   0.463   0.492   0.493   0.495   0.521   0.528   0.538
  0.540   0.543   0.562   0.579   0.582   0.599   0.601   0.608
  0.623   0.669   0.688   0.726   0.739   0.745   0.772   0.785
  0.811   0.841   0.843   0.848   0.928   0.978   0.983   1.006
  1.012   1.046   1.054   1.059   1.079   1.091   1.118   1.134
  1.140   1.194   1.199   1.246   1.246   1.269   1.278   1.299
  1.321   1.332   1.341   1.356   1.356   1.388   1.413   1.418
  1.422   1.443   1.468   1.508   1.521   1.533   1.535   1.543
  1.567   1.569   1.612   1.716   1.739   1.753   1.775   2.426
  2.461   2.515   2.572   2.605   2.615   2.618   2.635   2.646
  2.664   2.682   2.732   2.748   2.755   2.796   2.863   2.865
  2.882   2.886   2.903   2.969   2.969   2.994   3.006   3.023
  3.058   3.059   3.074   3.075   3.107   3.132   3.151   3.168
  3.216   3.219   3.231   3.258   3.335   3.341   3.344   3.364
  3.387   3.417   3.428   3.443   3.469   3.492   3.493   3.530
  3.538   3.564   3.590   3.594   3.599   3.679   3.778   3.817
  3.867   3.876   3.888   3.928   3.951   3.967   4.049   4.097
  4.104   4.112   4.115   4.129   4.158   4.235   4.261   4.263
  4.284   4.333   4.342   4.344   4.370   4.377   4.399   4.405
  4.493   4.495   4.520   4.531   4.538   4.549   4.593   4.698
  4.723   4.871   4.915   4.973   4.974   5.103   5.263   5.389
  5.432   5.474   5.502   5.607   5.622   5.644   5.674   5.746
  5.781   5.789  24.079  24.146  24.372  24.430  24.458  27.467
 27.536  27.551  27.567  27.956  28.070  28.073  28.075  28.100
 28.134  28.148  28.168  28.508  28.568  28.940  40.832  40.876
 40.934  40.961  40.969  40.995  41.014  41.024  41.026  41.073
 41.074  41.095  41.110  41.132  41.137  41.170  41.177  41.191
 41.209  41.221  41.264  41.279  41.279  41.295  41.325
 
 Beta MOs
 -- Occupied --
-10.627 -10.592 -10.585 -10.533 -10.532  -1.403  -1.298  -1.051
 -1.042  -0.960  -0.904  -0.894  -0.858  -0.772  -0.749  -0.726
 -0.679  -0.650
 -- Virtual --
 -0.340  -0.087  -0.074  -0.074  -0.066  -0.043  -0.042  -0.037
 -0.033  -0.024  -0.004   0.009   0.009   0.020   0.027   0.031
  0.032   0.043   0.049   0.052   0.063   0.066   0.073   0.078
  0.094   0.095   0.098   0.100   0.103   0.104   0.109   0.148
  0.149   0.150   0.181   0.200   0.208   0.226   0.230   0.272
  0.275   0.278   0.304   0.325   0.388   0.393   0.403   0.413
  0.425   0.439   0.471   0.493   0.499   0.504   0.532   0.539
  0.543   0.547   0.563   0.566   0.583   0.587   0.601   0.606
  0.613   0.625   0.671   0.698   0.734   0.740   0.747   0.774
  0.788   0.814   0.844   0.848   0.849   0.932   0.982   0.984
  1.011   1.029   1.050   1.057   1.068   1.082   1.098   1.120
  1.138   1.143   1.199   1.207   1.250   1.256   1.270   1.287
  1.307   1.326   1.332   1.347   1.360   1.363   1.390   1.414
  1.422   1.431   1.446   1.470   1.511   1.526   1.534   1.536
  1.550   1.569   1.572   1.614   1.724   1.755   1.756   1.783
  2.436   2.464   2.527   2.577   2.611   2.621   2.639   2.650
  2.651   2.668   2.687   2.738   2.756   2.766   2.810   2.873
  2.874   2.890   2.891   2.913   2.976   2.982   2.999   3.009
  3.044   3.063   3.067   3.078   3.083   3.114   3.137   3.160
  3.178   3.221   3.226   3.241   3.266   3.342   3.344   3.348
  3.375   3.390   3.431   3.437   3.445   3.475   3.499   3.501
  3.542   3.543   3.567   3.601   3.602   3.610   3.690   3.786
  3.824   3.871   3.881   3.894   3.937   3.955   3.975   4.058
  4.105   4.111   4.117   4.120   4.137   4.162   4.239   4.265
  4.271   4.288   4.340   4.347   4.355   4.372   4.380   4.405
  4.414   4.496   4.504   4.526   4.536   4.552   4.555   4.603
  4.707   4.730   4.888   4.917   4.978   4.987   5.107   5.270
  5.396   5.447   5.476   5.506   5.613   5.628   5.648   5.677
  5.758   5.784   5.796  24.085  24.148  24.376  24.430  24.461
 27.471  27.551  27.553  27.570  27.961  28.075  28.077  28.080
 28.102  28.135  28.149  28.169  28.514  28.567  28.944  40.847
 40.884  40.934  40.966  40.973  40.999  41.017  41.024  41.025
 41.073  41.088  41.104  41.113  41.136  41.138  41.170  41.183
 41.191  41.213  41.224  41.266  41.279  41.280  41.304  41.325
 --------------------------------------------------------------
 
          Ground-State Mulliken Net Atomic Charges

     Atom                 Charge (a.u.)    Spin (a.u.)
  --------------------------------------------------------
      1 C                     0.714322       0.434469
      2 C                    -0.198574       0.245230
      3 C                    -0.215168       0.168960
      4 C                    -0.273518      -0.003883
      5 C                    -0.272931      -0.006164
      6 H                     0.166157       0.019330
      7 H                     0.164230       0.014286
      8 H                     0.163331       0.020375
      9 H                     0.165333       0.025334
     10 H                     0.147125       0.022175
     11 H                     0.146435       0.018968
     12 H                     0.145175       0.017502
     13 H                     0.148083       0.023418
  --------------------------------------------------------
  Sum of atomic charges =     1.000000
  Sum of spin   charges =     1.000000

 -----------------------------------------------------------------
                    Cartesian Multipole Moments
 -----------------------------------------------------------------
    Charge (ESU x 10^10)
                 4.8032
    Dipole Moment (Debye)
         X       1.4283      Y       0.0768      Z       4.7882
       Tot       4.9972
    Quadrupole Moments (Debye-Ang)
        XX     -18.7533     XY       0.1133     YY     -22.4530
        XZ       1.3862     YZ       0.1592     ZZ     -19.4344
    Octapole Moments (Debye-Ang^2)
       XXX       4.8610    XXY       0.0925    XYY       4.3841
       YYY       0.0165    XXZ     -18.8122    XYZ       0.1183
       YYZ     -22.4997    XZZ       0.5277    YZZ       0.2903
       ZZZ     -67.8351
    Hexadecapole Moments (Debye-Ang^3)
      XXXX    -270.8402   XXXY       0.5133   XXYY     -42.3249
      XYYY       0.0175   YYYY     -87.2609   XXXZ       6.1024
      XXYZ       0.3381   XYYZ       4.5728   YYYZ       0.1347
      XXZZ     -64.5364   XYZZ       0.1763   YYZZ     -43.6582
      XZZZ      -0.7309   YZZZ       0.5851   ZZZZ    -232.2789
 -----------------------------------------------------------------
 Total job time:  614.48s(wall), 607.02s(cpu) 
 Wed Mar 26 02:18:27 2014

        *************************************************************
        *                                                           *
        *  Thank you very much for using Q-Chem.  Have a nice day.  *
        *                                                           *
        *************************************************************


0 sent ACK to 0 
now end server 0 ... 
