Process 0 of 1 is on cl134 - thread support 1
initial socket setup ...start
initial socket setup ...done 
now start server 0 ... 

cmd = /usr/bin/ssh clhead /usr/local/qchem/bin/get_hostid 1749584359 > /tmp/1591937.1.medium.q/qchem1714/lic.dat

cmd = /usr/bin/ssh clhead /usr/local/qchem/bin/get_hostid 1749584359 > /tmp/1591937.1.medium.q/qchem1714/lic.dat

cmd = /usr/bin/ssh clhead /usr/local/qchem/bin/get_hostid 1749584359 > /tmp/1591937.1.medium.q/qchem1714/lic.dat

cmd = /usr/bin/ssh clhead /usr/local/qchem/bin/get_hostid 1749584359 > /tmp/1591937.1.medium.q/qchem1714/lic.dat

cmd = /usr/bin/ssh clhead /usr/local/qchem/bin/get_hostid 1749584359 > /tmp/1591937.1.medium.q/qchem1714/lic.dat
                  Welcome to Q-Chem
     A Quantum Leap Into The Future Of Chemistry

 Y. Shao, L. Fusti-Molnar, Y. Jung, J. Kussmann, C. Ochsenfeld,
 S. T. Brown, A. T. B. Gilbert, L. V. Slipchenko,S. V. Levchenko,
 D. P. O'Neill, R. A. DiStasio Jr., R. C. Lochan, T. Wang,
 G. J. O. Beran, N. A. Besley, J. M. Herbert, C. Y. Lin,
 T. Van Voorhis, S. H. Chien, A. Sodt, R. P. Steele, 
 V. A. Rassolov, P. E. Maslen, P. P. Korambath, R. D. Adamson,
 B. Austin, J. Baker, E. F. C. Byrd, H. Dachsel, R. J. Doerksen,
 A. Dreuw, B. D. Dunietz, A. D. Dutoi, T. R. Furlani,
 S. R. Gwaltney, A. Heyden, S. Hirata, C.-P. Hsu, G. Kedziora,
 R. Z. Khaliullin, P. Klunzinger, A. M. Lee, M. S. Lee, W. Liang,
 I. Lotan, N. Nair, B. Peters, E. I. Proynov, P. A. Pieniazek, 
 Y. M. Rhee, J. Ritchie, E. Rosta, C. D. Sherrill, 
 A. C. Simmonett, J. E. Subotnik, H. L. Woodcock III,
 W. Zhang, A. T. Bell, A. K. Chakraborty, D. M. Chipman,
 F. J. Keil, A. Warshel, W. J. Hehre, H. F. Schaefer III,
 J. Kong, A. I. Krylov, P. M. W. Gill, M. Head-Gordon,
 Q-Chem, Version 3.1, Q-Chem, Inc., Pittsburgh, PA (2007).

 Additional authors for Version 3.1: 
 Z. Gan, Y. Zhao, N. E. Schultz, D. Truhlar, E. Epifanovsky and M. Oana.

 Additional authors for Version 3.2: 
 R. Baer, B. R. Brooks, D. Casanova, J.-D. Chai, C.-L. Cheng, 
 C. Cramer, D. Crittenden, A. Ghysels, G. Hawkins, E. G. Hohenstein, 
 C. Kelley, W. Kurlancheek, D. Liotard, E. Livshits, P. Manohar, 
 A. Marenich, D. Neuhauser, R. Olson, M. A. Rohrdanz, K. S. Thanthiriwatte, 
 A. J. W. Thom, V. Vanovschi, C. F. Williams, Q. Wu and Z.-Q. You. 


 Intel X86 Linux Version

 Q-chem begins on Tue Mar 18 14:49:44 2014  

 Parallel job on  1  processors
Processing $rem in /usr/local/qchem/config/preferences.

theFileMan(): MAXOPENFILES=974 MAX_SUB_FILE_NUM=16
Maximum size of a physical file is 2.0 GB, maximum size of a tmp-file is 32.0 GB


--------------------------------------------------------------
User input:
--------------------------------------------------------------

$molecule
-1,2
C          0.00000        0.00000        0.00383
C          0.00000        0.00000        1.34300
Cl         1.44281        0.00000       -0.90583
Cl        -1.44281        0.00000       -0.90583
Cl        -1.44281        0.00000        2.25266
Cl         1.44281        0.00000        2.25266
$end

$comment
negative
$end

$xc_functional
C PBE   1.00
X wPBE  1.00
$end

$rem
SYMMETRY_DECOMPOSITION	0
exchange 		general
LRC_DFT                 true
BASIS                   g3large
omega			800
mem_static              760
max_scf_cycles          200
scf_final_print         1
sym_ignore              true
$end

--------------------------------------------------------------
 Writing REM_CC_EA            6
 ----------------------------------------------------
       Standard Nuclear Orientation (Angstroms)
    I     Atom         X            Y            Z
 ----------------------------------------------------
    1      C       0.000000     0.000000     0.003830
    2      C       0.000000     0.000000     1.343000
    3      Cl      1.442810     0.000000    -0.905830
    4      Cl     -1.442810     0.000000    -0.905830
    5      Cl     -1.442810     0.000000     2.252660
    6      Cl      1.442810     0.000000     2.252660
 ----------------------------------------------------
 Nuclear Repulsion Energy =   495.9436981448 hartrees
 There are       41 alpha and       40 beta electrons
 Requested basis set is G3large
 There are 96 shells and 348 basis functions

Total QAlloc Memory Limit   2000 MB
Mega-Array Size       743 MB
MEM_STATIC part       760 MB

                       Distance Matrix (Angstroms)
             C (  1)   C (  2)   Cl(  3)   Cl(  4)   Cl(  5)
   C (  2)  1.339170
   Cl(  3)  1.705632  2.671879
   Cl(  4)  1.705632  2.671879  2.885620
   Cl(  5)  2.671879  1.705632  4.278184  3.158490
   Cl(  6)  2.671879  1.705632  3.158490  4.278184  2.885620
 
 A cutoff of  1.0D-08 yielded   3466 shell pairs
 There are  47748 function pairs ( 66451 Cartesian)
Evaluating contribution to one-electron hamiltonian from nuclear
 Smallest overlap matrix eigenvalue = 9.71E-06

 Q-Chem warning in module mkSTV.C, line 194:

 Overlap eigenvalue is smaller than square root of threshold

 Multipole matrices computed through 2nd order

  Scale SEOQF with 1.000000e-01/1.000000e-01/1.000000e-01

 Standard Electronic Orientation quadrupole field applied
 Nucleus-field energy     =    -0.0000000176 hartrees
 Guess from superposition of atomic densities
 Warning:  Energy on first SCF cycle will be non-variational
 Long-range K will be added via erf
 Coulomb attenuation parameter = 0.8 bohr**(-1)
 An unrestricted Kohn-Sham SCF calculation will be
 performed using Pulay DIIS extrapolation
 Exchange:  wPBE + LR-HF      Correlation:  PBE
 Using SG-1 standard quadrature grid
 SCF converges when DIIS error is below 1.0E-05
 Requested basis set is G3large
 There are 96 shells and 348 basis functions
 A cutoff of  1.0D-08 yielded   3466 shell pairs
 There are  47748 function pairs ( 66451 Cartesian)
 Warning!  Inaccurate integrated density:
   Number of electrons =    81
   Numerical integral  =    80.000163028812
   Relative error      =    -1.2343666311 %
 ---------------------------------------
  Cycle       Energy         DIIS Error
 ---------------------------------------
    1   -1918.2213999867      2.06E-02
    2   -1916.3923110288      1.90E-03
    3   -1916.4550371726      1.35E-03
    4   -1916.4814168438      3.95E-04
    5   -1916.4888518246      1.51E-04
    6   -1916.4919686198      9.72E-05
    7   -1916.4944021413      7.00E-05
    8   -1916.4969629482      5.76E-05
    9   -1916.5003339291      3.77E-05
   10   -1916.5021345109      3.02E-05
   11   -1916.5035697073      3.93E-05
   12   -1916.5038391555      2.33E-05
   13   -1916.5044724443      1.39E-05
   14   -1916.5047658819      1.19E-05
   15   -1916.5049576145      1.62E-05
   16   -1916.5050312920      1.22E-05
   17   -1916.5051045918      8.99E-06 Convergence criterion met
 ---------------------------------------
 One-Electron    Energy = -3644.2284495919
 Total Coulomb   Energy =  1355.3309154724
 Alpha Exchange  Energy =   -14.7668892684
 Beta  Exchange  Energy =   -14.6324002947
 DFT   Exchange  Energy =   -91.0422172142
 DFT Correlation Energy =    -3.1097618222
 Nuclear Repu.   Energy =   495.9436981272
 Nuclear Attr.   Energy = -5558.0260154122
 Kinetic         Energy =  1913.7975658203
 <S^2> = 0.7542
 SCF time:  CPU 1254.58 s  wall 1258.46 s
 Final Alpha MO Eigenvalues
            1           2           3           4           5           6
    1-100.9894096-100.9893913-100.9667064-100.9664928 -10.3059982 -10.3046304
            7           8           9          10          11          12
    1  -9.5167176  -9.5166984  -9.4938377  -9.4936338  -7.3110179  -7.3109977
           13          14          15          16          17          18
    1  -7.3002274  -7.3002083  -7.2992616  -7.2992441  -7.2884884  -7.2882853
           19          20          21          22          23          24
    1  -7.2772743  -7.2770700  -7.2764077  -7.2762017  -1.0963769  -1.0297973
           25          26          27          28          29          30
    1  -0.9781575  -0.9495099  -0.8177330  -0.6138177  -0.5494825  -0.5470212
           31          32          33          34          35          36
    1  -0.4930872  -0.4522053  -0.4131348  -0.3837572  -0.3812775  -0.3726772
           37          38          39          40          41          42
    1  -0.3615189  -0.3593935  -0.3229942  -0.2390524   0.0530249   0.1493200
           43          44          45          46
    1   0.1740418   0.1808009   0.2015861   0.2226289
 Final Beta MO Eigenvalues
            1           2           3           4           5           6
    1-100.9893812-100.9893624-100.9661360-100.9659212 -10.3037635 -10.3024769
            7           8           9          10          11          12
    1  -9.5166675  -9.5166485  -9.4931363  -9.4929293  -7.3110227  -7.3110036
           13          14          15          16          17          18
    1  -7.3001825  -7.3001630  -7.2991654  -7.2991473  -7.2874998  -7.2872943
           19          20          21          22          23          24
    1  -7.2766487  -7.2764404  -7.2757366  -7.2755282  -1.0900580  -1.0269583
           25          26          27          28          29          30
    1  -0.9707834  -0.9446290  -0.8068867  -0.6107113  -0.5450969  -0.5301718
           31          32          33          34          35          36
    1  -0.4904594  -0.4461176  -0.4117791  -0.3795136  -0.3793054  -0.3696914
           37          38          39          40          41          42
    1  -0.3578382  -0.3571801  -0.3201698  -0.2354580   0.1721940   0.1786342
           43          44          45
    1   0.1914874   0.1984030   0.2045856
 Analysis of SCF Wavefunction
 
 --------------------------------------------------------------
                    Orbital Energies (a.u.)
 --------------------------------------------------------------
 
 Alpha MOs
 -- Occupied --
*******-100.989-100.967-100.966 -10.306 -10.305  -9.517  -9.517
 -9.494  -9.494  -7.311  -7.311  -7.300  -7.300  -7.299  -7.299
 -7.288  -7.288  -7.277  -7.277  -7.276  -7.276  -1.096  -1.030
 -0.978  -0.950  -0.818  -0.614  -0.549  -0.547  -0.493  -0.452
 -0.413  -0.384  -0.381  -0.373  -0.362  -0.359  -0.323  -0.239
  0.053
 -- Virtual --
  0.149   0.174   0.181   0.202   0.223   0.225   0.227   0.237
  0.239   0.249   0.254   0.277   0.279   0.282   0.291   0.300
  0.314   0.317   0.325   0.330   0.347   0.350   0.370   0.385
  0.394   0.400   0.409   0.438   0.452   0.460   0.498   0.516
  0.521   0.541   0.550   0.590   0.593   0.601   0.606   0.623
  0.625   0.660   0.668   0.672   0.700   0.701   0.704   0.711
  0.722   0.723   0.741   0.748   0.782   0.795   0.799   0.807
  0.841   0.858   0.877   0.885   0.914   0.950   1.002   1.025
  1.027   1.038   1.043   1.074   1.088   1.120   1.160   1.195
  1.226   1.257   1.258   1.285   1.318   1.320   1.329   1.354
  1.354   1.362   1.380   1.388   1.392   1.402   1.412   1.426
  1.429   1.436   1.441   1.453   1.460   1.467   1.471   1.490
  1.496   1.515   1.531   1.557   1.565   1.572   1.583   1.596
  1.636   1.685   1.694   1.713   1.725   1.734   1.764   1.781
  1.820   1.848   1.891   1.894   1.912   1.923   1.973   1.974
  1.985   1.989   1.998   2.069   2.099   2.103   2.141   2.154
  2.174   2.361   2.456   2.480   2.491   2.546   2.563   2.630
  2.646   2.658   2.735   2.792   2.847   2.923   2.937   3.065
  3.170   3.170   3.195   3.329   3.339   3.438   3.459   3.489
  3.605   3.624   3.630   3.687   3.753   3.791   3.794   3.826
  3.850   3.914   3.935   3.974   3.982   4.091   4.242   4.306
  4.320   4.639   4.644   4.693   4.695   4.699   4.711   4.719
  4.727   4.732   4.773   4.780   4.784   4.788   4.813   4.816
  4.833   4.841   4.846   4.846   4.868   4.892   4.936   4.943
  4.957   4.957   4.975   5.003   5.010   5.079   5.123   5.293
  5.381   5.404   5.425   5.440   5.444   5.450   5.467   5.526
  5.539   5.561   5.575   5.626   5.658   5.687   5.699   5.831
  5.914   6.052   6.207   6.479   6.485  10.152  10.279  10.330
 10.462  20.900  20.904  20.931  20.951  20.959  20.977  21.001
 21.043  21.148  21.231  21.284  21.311  23.939  24.804  27.443
 27.447  27.452  27.487  27.491  27.494  27.495  27.501  27.517
 27.530  27.536  27.540  27.540  27.570  27.575  27.575  27.581
 27.623  27.650  27.685  27.705  27.773  28.478  28.497  28.589
 28.704  37.140  37.141  37.142  37.142  37.142  37.143  37.144
 37.146  37.150  37.152  37.155  37.156  37.166  37.167  37.168
 37.168  37.169  37.171  37.174  37.174  37.176  37.177  37.178
 37.178  37.188  37.189  37.197  37.203  41.111  41.164  41.205
 41.369  41.370  41.417  41.450  41.466  41.525  41.538 216.086
216.224 216.268 216.439
 
 Beta MOs
 -- Occupied --
*******-100.989-100.966-100.966 -10.304 -10.302  -9.517  -9.517
 -9.493  -9.493  -7.311  -7.311  -7.300  -7.300  -7.299  -7.299
 -7.287  -7.287  -7.277  -7.276  -7.276  -7.276  -1.090  -1.027
 -0.971  -0.945  -0.807  -0.611  -0.545  -0.530  -0.490  -0.446
 -0.412  -0.380  -0.379  -0.370  -0.358  -0.357  -0.320  -0.235
 -- Virtual --
  0.172   0.179   0.191   0.198   0.205   0.227   0.234   0.241
  0.246   0.251   0.258   0.259   0.283   0.285   0.291   0.296
  0.302   0.318   0.325   0.337   0.338   0.348   0.352   0.371
  0.386   0.395   0.402   0.415   0.438   0.461   0.467   0.501
  0.517   0.522   0.547   0.551   0.591   0.594   0.603   0.608
  0.623   0.628   0.661   0.670   0.675   0.702   0.702   0.707
  0.717   0.725   0.731   0.743   0.749   0.783   0.796   0.800
  0.808   0.843   0.859   0.881   0.895   0.918   0.953   1.003
  1.028   1.031   1.043   1.044   1.076   1.095   1.125   1.161
  1.197   1.231   1.259   1.260   1.286   1.319   1.322   1.329
  1.355   1.355   1.363   1.382   1.389   1.393   1.403   1.413
  1.427   1.431   1.438   1.442   1.456   1.462   1.470   1.474
  1.491   1.497   1.517   1.534   1.559   1.567   1.573   1.585
  1.597   1.637   1.686   1.695   1.715   1.727   1.735   1.766
  1.783   1.822   1.851   1.892   1.897   1.914   1.924   1.975
  1.977   1.987   1.994   1.999   2.072   2.102   2.105   2.144
  2.154   2.176   2.363   2.458   2.481   2.492   2.547   2.564
  2.631   2.650   2.660   2.738   2.794   2.849   2.925   2.939
  3.068   3.172   3.173   3.197   3.334   3.343   3.443   3.463
  3.492   3.608   3.630   3.633   3.690   3.763   3.795   3.800
  3.830   3.856   3.916   3.946   3.977   3.985   4.099   4.249
  4.310   4.327   4.644   4.646   4.694   4.696   4.701   4.712
  4.720   4.729   4.734   4.775   4.782   4.786   4.790   4.815
  4.818   4.835   4.844   4.847   4.848   4.870   4.894   4.938
  4.945   4.958   4.959   4.977   5.006   5.012   5.082   5.126
  5.296   5.381   5.404   5.426   5.442   5.445   5.451   5.468
  5.527   5.540   5.562   5.577   5.627   5.659   5.688   5.700
  5.832   5.916   6.053   6.209   6.481   6.487  10.152  10.279
 10.331  10.463  20.900  20.904  20.931  20.951  20.960  20.977
 21.001  21.044  21.148  21.232  21.285  21.312  23.941  24.807
 27.443  27.447  27.452  27.488  27.492  27.494  27.496  27.503
 27.518  27.531  27.537  27.540  27.541  27.571  27.575  27.576
 27.582  27.624  27.651  27.686  27.706  27.775  28.479  28.501
 28.593  28.705  37.140  37.141  37.142  37.142  37.142  37.143
 37.144  37.146  37.150  37.152  37.155  37.156  37.167  37.167
 37.168  37.169  37.169  37.171  37.174  37.174  37.177  37.178
 37.178  37.179  37.188  37.190  37.197  37.204  41.111  41.169
 41.208  41.369  41.373  41.420  41.453  41.466  41.527  41.541
216.086 216.224 216.268 216.439
 --------------------------------------------------------------
 
          Ground-State Mulliken Net Atomic Charges

     Atom                 Charge (a.u.)    Spin (a.u.)
  --------------------------------------------------------
      1 C                    -0.549383       1.185585
      2 C                    -0.540083       1.176047
      3 Cl                    0.327461      -0.622559
      4 Cl                   -0.279410      -0.061405
      5 Cl                    0.320452      -0.615920
      6 Cl                   -0.279037      -0.061749
  --------------------------------------------------------
  Sum of atomic charges =    -1.000000
  Sum of spin   charges =     1.000000

 -----------------------------------------------------------------
                    Cartesian Multipole Moments
 -----------------------------------------------------------------
    Charge (ESU x 10^10)
                -4.8032
    Dipole Moment (Debye)
         X      -0.0238      Y      -0.0005      Z      -3.2185
       Tot       3.2186
    Quadrupole Moments (Debye-Ang)
        XX     -95.4851     XY      -0.0001     YY     -68.7234
        XZ      21.2530     YZ      -0.0006     ZZ     -96.6795
    Octapole Moments (Debye-Ang^2)
       XXX      -0.3391    XXY      -0.0058    XYY      -0.0538
       YYY      -0.0028    XXZ     -64.1198    XYZ       0.0078
       YYZ     -46.2397    XZZ      28.4412    YZZ      -0.0064
       ZZZ    -192.1962
    Hexadecapole Moments (Debye-Ang^3)
      XXXX   -1145.7159   XXXY      -0.0054   XXYY    -190.3884
      XYYY      -0.0008   YYYY    -113.6288   XXXZ     254.9787
      XXYZ      -0.0076   XYYZ      36.4522   YYYZ      -0.0035
      XXZZ    -544.4277   XYZZ       0.0110   YYZZ    -238.1255
      XZZZ     274.0110   YZZZ      -0.0152   ZZZZ   -1527.9708
 -----------------------------------------------------------------
 Total job time:  1259.16s(wall), 1255.23s(cpu) 
 Tue Mar 18 15:10:43 2014

        *************************************************************
        *                                                           *
        *  Thank you very much for using Q-Chem.  Have a nice day.  *
        *                                                           *
        *************************************************************


0 sent ACK to 0 
now end server 0 ... 
 
**********************************************************************
Job 2 of 3 
**********************************************************************
 
Process 0 of 1 is on cl134 - thread support 1
initial socket setup ...start
initial socket setup ...done 
now start server 0 ... 

cmd = /usr/bin/ssh clhead /usr/local/qchem/bin/get_hostid 2028282416 > /tmp/1591937.1.medium.q/qchem1714/lic.dat

cmd = /usr/bin/ssh clhead /usr/local/qchem/bin/get_hostid 2028282416 > /tmp/1591937.1.medium.q/qchem1714/lic.dat

cmd = /usr/bin/ssh clhead /usr/local/qchem/bin/get_hostid 2028282416 > /tmp/1591937.1.medium.q/qchem1714/lic.dat

cmd = /usr/bin/ssh clhead /usr/local/qchem/bin/get_hostid 2028282416 > /tmp/1591937.1.medium.q/qchem1714/lic.dat

cmd = /usr/bin/ssh clhead /usr/local/qchem/bin/get_hostid 2028282416 > /tmp/1591937.1.medium.q/qchem1714/lic.dat
                  Welcome to Q-Chem
     A Quantum Leap Into The Future Of Chemistry

 Y. Shao, L. Fusti-Molnar, Y. Jung, J. Kussmann, C. Ochsenfeld,
 S. T. Brown, A. T. B. Gilbert, L. V. Slipchenko,S. V. Levchenko,
 D. P. O'Neill, R. A. DiStasio Jr., R. C. Lochan, T. Wang,
 G. J. O. Beran, N. A. Besley, J. M. Herbert, C. Y. Lin,
 T. Van Voorhis, S. H. Chien, A. Sodt, R. P. Steele, 
 V. A. Rassolov, P. E. Maslen, P. P. Korambath, R. D. Adamson,
 B. Austin, J. Baker, E. F. C. Byrd, H. Dachsel, R. J. Doerksen,
 A. Dreuw, B. D. Dunietz, A. D. Dutoi, T. R. Furlani,
 S. R. Gwaltney, A. Heyden, S. Hirata, C.-P. Hsu, G. Kedziora,
 R. Z. Khaliullin, P. Klunzinger, A. M. Lee, M. S. Lee, W. Liang,
 I. Lotan, N. Nair, B. Peters, E. I. Proynov, P. A. Pieniazek, 
 Y. M. Rhee, J. Ritchie, E. Rosta, C. D. Sherrill, 
 A. C. Simmonett, J. E. Subotnik, H. L. Woodcock III,
 W. Zhang, A. T. Bell, A. K. Chakraborty, D. M. Chipman,
 F. J. Keil, A. Warshel, W. J. Hehre, H. F. Schaefer III,
 J. Kong, A. I. Krylov, P. M. W. Gill, M. Head-Gordon,
 Q-Chem, Version 3.1, Q-Chem, Inc., Pittsburgh, PA (2007).

 Additional authors for Version 3.1: 
 Z. Gan, Y. Zhao, N. E. Schultz, D. Truhlar, E. Epifanovsky and M. Oana.

 Additional authors for Version 3.2: 
 R. Baer, B. R. Brooks, D. Casanova, J.-D. Chai, C.-L. Cheng, 
 C. Cramer, D. Crittenden, A. Ghysels, G. Hawkins, E. G. Hohenstein, 
 C. Kelley, W. Kurlancheek, D. Liotard, E. Livshits, P. Manohar, 
 A. Marenich, D. Neuhauser, R. Olson, M. A. Rohrdanz, K. S. Thanthiriwatte, 
 A. J. W. Thom, V. Vanovschi, C. F. Williams, Q. Wu and Z.-Q. You. 


 Intel X86 Linux Version

 Q-chem begins on Tue Mar 18 15:10:48 2014  

 Parallel job on  1  processors
Processing $rem in /usr/local/qchem/config/preferences.

theFileMan(): MAXOPENFILES=974 MAX_SUB_FILE_NUM=16
Maximum size of a physical file is 2.0 GB, maximum size of a tmp-file is 32.0 GB


--------------------------------------------------------------
User input:
--------------------------------------------------------------

$molecule
0,1
C          0.00000        0.00000        0.00383
C          0.00000        0.00000        1.34300
Cl         1.44281        0.00000       -0.90583
Cl        -1.44281        0.00000       -0.90583
Cl        -1.44281        0.00000        2.25266
Cl         1.44281        0.00000        2.25266
$end

$comment
neutral
$end

$xc_functional
C PBE   1.00
X wPBE  1.00
$end


$rem
SYMMETRY_DECOMPOSITION	0
LRC_DFT                 true
exchange 		general
BASIS                   g3large
omega			800
mem_static              760
max_scf_cycles          200
scf_final_print         1
sym_ignore              true
$end

--------------------------------------------------------------
 Writing REM_CC_EA            6
 ----------------------------------------------------
       Standard Nuclear Orientation (Angstroms)
    I     Atom         X            Y            Z
 ----------------------------------------------------
    1      C       0.000000     0.000000     0.003830
    2      C       0.000000     0.000000     1.343000
    3      Cl      1.442810     0.000000    -0.905830
    4      Cl     -1.442810     0.000000    -0.905830
    5      Cl     -1.442810     0.000000     2.252660
    6      Cl      1.442810     0.000000     2.252660
 ----------------------------------------------------
 Nuclear Repulsion Energy =   495.9436981448 hartrees
 There are       40 alpha and       40 beta electrons
 Requested basis set is G3large
 There are 96 shells and 348 basis functions

Total QAlloc Memory Limit   2000 MB
Mega-Array Size       743 MB
MEM_STATIC part       760 MB

                       Distance Matrix (Angstroms)
             C (  1)   C (  2)   Cl(  3)   Cl(  4)   Cl(  5)
   C (  2)  1.339170
   Cl(  3)  1.705632  2.671879
   Cl(  4)  1.705632  2.671879  2.885620
   Cl(  5)  2.671879  1.705632  4.278184  3.158490
   Cl(  6)  2.671879  1.705632  3.158490  4.278184  2.885620
 
 A cutoff of  1.0D-08 yielded   3466 shell pairs
 There are  47748 function pairs ( 66451 Cartesian)
Evaluating contribution to one-electron hamiltonian from nuclear
 Smallest overlap matrix eigenvalue = 9.71E-06

 Q-Chem warning in module mkSTV.C, line 194:

 Overlap eigenvalue is smaller than square root of threshold

 Multipole matrices computed through 2nd order

  Scale SEOQF with 1.000000e-01/1.000000e-01/1.000000e-01

 Standard Electronic Orientation quadrupole field applied
 Nucleus-field energy     =    -0.0000000176 hartrees
 Guess from superposition of atomic densities
 Warning:  Energy on first SCF cycle will be non-variational
 Long-range K will be added via erf
 Coulomb attenuation parameter = 0.8 bohr**(-1)
 A restricted Kohn-Sham SCF calculation will be
 performed using Pulay DIIS extrapolation
 Exchange:  wPBE + LR-HF      Correlation:  PBE
 Using SG-1 standard quadrature grid
 SCF converges when DIIS error is below 1.0E-05
 Requested basis set is G3large
 There are 96 shells and 348 basis functions
 A cutoff of  1.0D-08 yielded   3466 shell pairs
 There are  47748 function pairs ( 66451 Cartesian)
 ---------------------------------------
  Cycle       Energy         DIIS Error
 ---------------------------------------
    1   -1918.2213999867      2.06E-02
    2   -1916.4342006291      2.55E-03
    3   -1916.4938457114      2.28E-03
    4   -1916.5618706268      3.26E-04
    5   -1916.5663795601      1.21E-04
    6   -1916.5669921549      3.58E-05
    7   -1916.5670552039      9.35E-06 Convergence criterion met
 ---------------------------------------
 One-Electron    Energy = -3631.9632428241
 Total Coulomb   Energy =  1342.8564946031
 Alpha Exchange  Energy =   -14.6493762321
 Beta  Exchange  Energy =   -14.6493762321
 DFT   Exchange  Energy =   -91.0134990816
 DFT Correlation Energy =    -3.0917535643
 Nuclear Repu.   Energy =   495.9436981272
 Nuclear Attr.   Energy = -5545.4478665473
 Kinetic         Energy =  1913.4846237232
 SCF time:  CPU 399.38 s  wall 401.00 s
 Final Alpha MO Eigenvalues
            1           2           3           4           5           6
    1-101.1350946-101.1350942-101.1349918-101.1349909 -10.4792192 -10.4779291
            7           8           9          10          11          12
    1  -9.6621027  -9.6620848  -9.6620270  -9.6620119  -7.4569646  -7.4569625
           13          14          15          16          17          18
    1  -7.4569038  -7.4569015  -7.4452943  -7.4452930  -7.4452332  -7.4452319
           19          20          21          22          23          24
    1  -7.4444271  -7.4444264  -7.4443648  -7.4443637  -1.2534968  -1.1832404
           25          26          27          28          29          30
    1  -1.1317052  -1.1022997  -0.9753508  -0.7674674  -0.7040783  -0.6944481
           31          32          33          34          35          36
    1  -0.6494614  -0.6055898  -0.5629371  -0.5355069  -0.5285251  -0.5256723
           37          38          39          40          41          42
    1  -0.5176248  -0.5101964  -0.4758955  -0.3958616   0.0499746   0.0590316
           43          44          45
    1   0.0694859   0.0732622   0.0930391
 Analysis of SCF Wavefunction
 
 --------------------------------------------------------------
                    Orbital Energies (a.u.)
 --------------------------------------------------------------
 
 Alpha MOs
 -- Occupied --
*******-101.135-101.135-101.135 -10.479 -10.478  -9.662  -9.662
 -9.662  -9.662  -7.457  -7.457  -7.457  -7.457  -7.445  -7.445
 -7.445  -7.445  -7.444  -7.444  -7.444  -7.444  -1.253  -1.183
 -1.132  -1.102  -0.975  -0.767  -0.704  -0.694  -0.649  -0.606
 -0.563  -0.536  -0.529  -0.526  -0.518  -0.510  -0.476  -0.396
 -- Virtual --
  0.050   0.059   0.069   0.073   0.093   0.098   0.111   0.113
  0.115   0.126   0.140   0.140   0.161   0.170   0.170   0.172
  0.184   0.198   0.207   0.207   0.219   0.224   0.233   0.249
  0.263   0.278   0.279   0.292   0.293   0.313   0.324   0.355
  0.371   0.381   0.399   0.408   0.446   0.452   0.464   0.465
  0.476   0.478   0.517   0.527   0.538   0.564   0.565   0.566
  0.579   0.585   0.585   0.604   0.607   0.638   0.662   0.669
  0.670   0.698   0.712   0.736   0.742   0.765   0.800   0.859
  0.878   0.878   0.892   0.900   0.923   0.939   0.973   1.017
  1.048   1.076   1.109   1.110   1.136   1.168   1.172   1.181
  1.204   1.205   1.215   1.233   1.239   1.242   1.254   1.265
  1.278   1.278   1.290   1.292   1.302   1.314   1.315   1.323
  1.340   1.348   1.366   1.377   1.407   1.415   1.419   1.435
  1.447   1.485   1.540   1.544   1.562   1.578   1.585   1.616
  1.630   1.674   1.699   1.738   1.747   1.760   1.773   1.821
  1.828   1.835   1.836   1.848   1.920   1.947   1.948   1.991
  2.004   2.023   2.207   2.304   2.331   2.342   2.395   2.413
  2.479   2.492   2.507   2.581   2.640   2.692   2.771   2.784
  2.903   3.008   3.009   3.030   3.169   3.179   3.277   3.297
  3.329   3.447   3.461   3.468   3.526   3.591   3.632   3.634
  3.666   3.689   3.754   3.773   3.812   3.821   3.929   4.081
  4.147   4.158   4.479   4.485   4.541   4.542   4.546   4.557
  4.568   4.575   4.576   4.617   4.626   4.628   4.634   4.660
  4.660   4.678   4.687   4.691   4.694   4.708   4.737   4.780
  4.788   4.801   4.802   4.814   4.847   4.854   4.921   4.965
  5.135   5.227   5.252   5.271   5.281   5.287   5.294   5.311
  5.371   5.384   5.405   5.419   5.469   5.501   5.531   5.543
  5.672   5.756   5.895   6.050   6.322   6.327   9.997  10.126
 10.172  10.307  20.746  20.754  20.768  20.796  20.801  20.829
 20.837  20.886  20.992  21.077  21.125  21.153  23.767  24.632
 27.287  27.289  27.293  27.333  27.334  27.339  27.341  27.343
 27.357  27.370  27.381  27.384  27.385  27.409  27.415  27.419
 27.423  27.458  27.492  27.525  27.544  27.602  28.306  28.329
 28.420  28.534  36.989  36.990  36.991  36.992  36.992  36.992
 36.993  36.996  37.002  37.002  37.002  37.003  37.004  37.004
 37.004  37.005  37.007  37.008  37.010  37.011  37.015  37.021
 37.022  37.022  37.026  37.027  37.033  37.040  40.937  40.992
 41.032  41.195  41.197  41.244  41.277  41.293  41.352  41.365
215.929 216.070 216.107 216.281
 --------------------------------------------------------------
 
          Ground-State Mulliken Net Atomic Charges

     Atom                 Charge (a.u.)
  ----------------------------------------
      1 C                     0.576601
      2 C                     0.576588
      3 Cl                   -0.288575
      4 Cl                   -0.288020
      5 Cl                   -0.288617
      6 Cl                   -0.287976
  ----------------------------------------
  Sum of atomic charges =     0.000000

 -----------------------------------------------------------------
                    Cartesian Multipole Moments
 -----------------------------------------------------------------
    Charge (ESU x 10^10)
                 0.0000
    Dipole Moment (Debye)
         X       0.0000      Y       0.0000      Z       0.0000
       Tot       0.0000
    Quadrupole Moments (Debye-Ang)
        XX     -57.8525     XY       0.0020     YY     -60.8044
        XZ      -0.0008     YZ      -0.0009     ZZ     -59.8083
    Octapole Moments (Debye-Ang^2)
       XXX       0.0000    XXY       0.0000    XYY       0.0000
       YYY       0.0000    XXZ     -38.9587    XYZ       0.0014
       YYZ     -40.9466    XZZ      -0.0011    YZZ      -0.0012
       ZZZ    -120.8274
    Hexadecapole Moments (Debye-Ang^3)
      XXXX    -633.7989   XXXY       0.0064   XXYY    -126.5750
      XYYY       0.0029   YYYY     -65.9431   XXXZ      -0.0039
      XXYZ      -0.0088   XYYZ      -0.0003   YYYZ      -0.0009
      XXZZ    -243.7545   XYZZ       0.0189   YYZZ    -179.6014
      XZZZ      -0.0015   YZZZ      -0.0103   ZZZZ    -985.6908
 -----------------------------------------------------------------
 Total job time:  401.63s(wall), 399.97s(cpu) 
 Tue Mar 18 15:17:29 2014

        *************************************************************
        *                                                           *
        *  Thank you very much for using Q-Chem.  Have a nice day.  *
        *                                                           *
        *************************************************************


0 sent ACK to 0 
now end server 0 ... 
 
**********************************************************************
Job 3 of 3 
**********************************************************************
 
Process 0 of 1 is on cl134 - thread support 1
initial socket setup ...start
initial socket setup ...done 
now start server 0 ... 

cmd = /usr/bin/ssh clhead /usr/local/qchem/bin/get_hostid 1721406649 > /tmp/1591937.1.medium.q/qchem1714/lic.dat

cmd = /usr/bin/ssh clhead /usr/local/qchem/bin/get_hostid 1721406649 > /tmp/1591937.1.medium.q/qchem1714/lic.dat

cmd = /usr/bin/ssh clhead /usr/local/qchem/bin/get_hostid 1721406649 > /tmp/1591937.1.medium.q/qchem1714/lic.dat

cmd = /usr/bin/ssh clhead /usr/local/qchem/bin/get_hostid 1721406649 > /tmp/1591937.1.medium.q/qchem1714/lic.dat

cmd = /usr/bin/ssh clhead /usr/local/qchem/bin/get_hostid 1721406649 > /tmp/1591937.1.medium.q/qchem1714/lic.dat
                  Welcome to Q-Chem
     A Quantum Leap Into The Future Of Chemistry

 Y. Shao, L. Fusti-Molnar, Y. Jung, J. Kussmann, C. Ochsenfeld,
 S. T. Brown, A. T. B. Gilbert, L. V. Slipchenko,S. V. Levchenko,
 D. P. O'Neill, R. A. DiStasio Jr., R. C. Lochan, T. Wang,
 G. J. O. Beran, N. A. Besley, J. M. Herbert, C. Y. Lin,
 T. Van Voorhis, S. H. Chien, A. Sodt, R. P. Steele, 
 V. A. Rassolov, P. E. Maslen, P. P. Korambath, R. D. Adamson,
 B. Austin, J. Baker, E. F. C. Byrd, H. Dachsel, R. J. Doerksen,
 A. Dreuw, B. D. Dunietz, A. D. Dutoi, T. R. Furlani,
 S. R. Gwaltney, A. Heyden, S. Hirata, C.-P. Hsu, G. Kedziora,
 R. Z. Khaliullin, P. Klunzinger, A. M. Lee, M. S. Lee, W. Liang,
 I. Lotan, N. Nair, B. Peters, E. I. Proynov, P. A. Pieniazek, 
 Y. M. Rhee, J. Ritchie, E. Rosta, C. D. Sherrill, 
 A. C. Simmonett, J. E. Subotnik, H. L. Woodcock III,
 W. Zhang, A. T. Bell, A. K. Chakraborty, D. M. Chipman,
 F. J. Keil, A. Warshel, W. J. Hehre, H. F. Schaefer III,
 J. Kong, A. I. Krylov, P. M. W. Gill, M. Head-Gordon,
 Q-Chem, Version 3.1, Q-Chem, Inc., Pittsburgh, PA (2007).

 Additional authors for Version 3.1: 
 Z. Gan, Y. Zhao, N. E. Schultz, D. Truhlar, E. Epifanovsky and M. Oana.

 Additional authors for Version 3.2: 
 R. Baer, B. R. Brooks, D. Casanova, J.-D. Chai, C.-L. Cheng, 
 C. Cramer, D. Crittenden, A. Ghysels, G. Hawkins, E. G. Hohenstein, 
 C. Kelley, W. Kurlancheek, D. Liotard, E. Livshits, P. Manohar, 
 A. Marenich, D. Neuhauser, R. Olson, M. A. Rohrdanz, K. S. Thanthiriwatte, 
 A. J. W. Thom, V. Vanovschi, C. F. Williams, Q. Wu and Z.-Q. You. 


 Intel X86 Linux Version

 Q-chem begins on Tue Mar 18 15:17:34 2014  

 Parallel job on  1  processors
Processing $rem in /usr/local/qchem/config/preferences.

theFileMan(): MAXOPENFILES=974 MAX_SUB_FILE_NUM=16
Maximum size of a physical file is 2.0 GB, maximum size of a tmp-file is 32.0 GB


--------------------------------------------------------------
User input:
--------------------------------------------------------------

$molecule
1,2
C          0.00000        0.00000        0.00383
C          0.00000        0.00000        1.34300
Cl         1.44281        0.00000       -0.90583
Cl        -1.44281        0.00000       -0.90583
Cl        -1.44281        0.00000        2.25266
Cl         1.44281        0.00000        2.25266
$end

$comment
positive
$end

$xc_functional
C PBE   1.00
X wPBE  1.00
$end

$rem
SYMMETRY_DECOMPOSITION	0
LRC_DFT                 true
exchange 		general
BASIS                   g3large
omega			800
mem_static              760
max_scf_cycles          200
scf_final_print         1
sym_ignore              true
$end

--------------------------------------------------------------
 Writing REM_CC_EA            6
 ----------------------------------------------------
       Standard Nuclear Orientation (Angstroms)
    I     Atom         X            Y            Z
 ----------------------------------------------------
    1      C       0.000000     0.000000     0.003830
    2      C       0.000000     0.000000     1.343000
    3      Cl      1.442810     0.000000    -0.905830
    4      Cl     -1.442810     0.000000    -0.905830
    5      Cl     -1.442810     0.000000     2.252660
    6      Cl      1.442810     0.000000     2.252660
 ----------------------------------------------------
 Nuclear Repulsion Energy =   495.9436981448 hartrees
 There are       40 alpha and       39 beta electrons
 Requested basis set is G3large
 There are 96 shells and 348 basis functions

Total QAlloc Memory Limit   2000 MB
Mega-Array Size       743 MB
MEM_STATIC part       760 MB

                       Distance Matrix (Angstroms)
             C (  1)   C (  2)   Cl(  3)   Cl(  4)   Cl(  5)
   C (  2)  1.339170
   Cl(  3)  1.705632  2.671879
   Cl(  4)  1.705632  2.671879  2.885620
   Cl(  5)  2.671879  1.705632  4.278184  3.158490
   Cl(  6)  2.671879  1.705632  3.158490  4.278184  2.885620
 
 A cutoff of  1.0D-08 yielded   3466 shell pairs
 There are  47748 function pairs ( 66451 Cartesian)
Evaluating contribution to one-electron hamiltonian from nuclear
 Smallest overlap matrix eigenvalue = 9.71E-06

 Q-Chem warning in module mkSTV.C, line 194:

 Overlap eigenvalue is smaller than square root of threshold

 Multipole matrices computed through 2nd order

  Scale SEOQF with 1.000000e-01/1.000000e-01/1.000000e-01

 Standard Electronic Orientation quadrupole field applied
 Nucleus-field energy     =    -0.0000000176 hartrees
 Guess from superposition of atomic densities
 Warning:  Energy on first SCF cycle will be non-variational
 Long-range K will be added via erf
 Coulomb attenuation parameter = 0.8 bohr**(-1)
 An unrestricted Kohn-Sham SCF calculation will be
 performed using Pulay DIIS extrapolation
 Exchange:  wPBE + LR-HF      Correlation:  PBE
 Using SG-1 standard quadrature grid
 SCF converges when DIIS error is below 1.0E-05
 Requested basis set is G3large
 There are 96 shells and 348 basis functions
 A cutoff of  1.0D-08 yielded   3466 shell pairs
 There are  47748 function pairs ( 66451 Cartesian)
 Warning!  Inaccurate integrated density:
   Number of electrons =    79
   Numerical integral  =    80.000163028812
   Relative error      =     1.2660291504 %
 ---------------------------------------
  Cycle       Energy         DIIS Error
 ---------------------------------------
    1   -1918.2213999867      2.06E-02
    2   -1915.9423128606      3.58E-03
    3   -1915.9821707994      3.96E-03
    4   -1916.1949960808      4.04E-04
    5   -1916.2014933552      1.82E-04
    6   -1916.2033344167      7.53E-05
    7   -1916.2039429633      2.50E-05
    8   -1916.2040922353      8.94E-06 Convergence criterion met
 ---------------------------------------
 One-Electron    Energy = -3614.5710829011
 Total Coulomb   Energy =  1325.4473440878
 Alpha Exchange  Energy =   -14.6894044882
 Beta  Exchange  Energy =   -14.3477405814
 DFT   Exchange  Energy =   -90.9353077714
 DFT Correlation Energy =    -3.0515987082
 Nuclear Repu.   Energy =   495.9436981272
 Nuclear Attr.   Energy = -5527.5910745030
 Kinetic         Energy =  1913.0199916019
 <S^2> = 0.7593
 SCF time:  CPU 562.01 s  wall 565.73 s
 Final Alpha MO Eigenvalues
            1           2           3           4           5           6
    1-101.3539212-101.3539201-101.3536904-101.3536792 -10.7440973 -10.7427478
            7           8           9          10          11          12
    1  -9.8788213  -9.8788126  -9.8786420  -9.8786327  -7.6739993  -7.6739972
           13          14          15          16          17          18
    1  -7.6738249  -7.6738166  -7.6641244  -7.6641227  -7.6639404  -7.6639321
           19          20          21          22          23          24
    1  -7.6598596  -7.6598589  -7.6596899  -7.6596815  -1.4909787  -1.4005705
           25          26          27          28          29          30
    1  -1.3469348  -1.3149357  -1.2239283  -0.9856664  -0.9246409  -0.9169768
           31          32          33          34          35          36
    1  -0.8946798  -0.8185153  -0.7791477  -0.7452860  -0.7362296  -0.7329943
           37          38          39          40          41          42
    1  -0.7211354  -0.7206790  -0.6799561  -0.6369081  -0.1921145  -0.1182690
           43          44          45
    1  -0.1006109  -0.0963225  -0.0797363
 Final Beta MO Eigenvalues
            1           2           3           4           5           6
    1-101.3531809-101.3531795-101.3529549-101.3529436 -10.7384233 -10.7373650
            7           8           9          10          11          12
    1  -9.8780945  -9.8780856  -9.8779195  -9.8779080  -7.6738172  -7.6738147
           13          14          15          16          17          18
    1  -7.6736476  -7.6736390  -7.6617225  -7.6617214  -7.6615526  -7.6615433
           19          20          21          22          23          24
    1  -7.6594551  -7.6594544  -7.6592888  -7.6592793  -1.4716453  -1.3944118
           25          26          27          28          29          30
    1  -1.3407062  -1.3079165  -1.1944546  -0.9729420  -0.9194224  -0.9094050
           31          32          33          34          35          36
    1  -0.8232355  -0.8157551  -0.7512803  -0.7424192  -0.7311014  -0.7195312
           37          38          39          40          41          42
    1  -0.7001929  -0.6873218  -0.6779730  -0.3274834  -0.1243941  -0.1127172
           43          44
    1  -0.0931727  -0.0867561
 Analysis of SCF Wavefunction
 
 --------------------------------------------------------------
                    Orbital Energies (a.u.)
 --------------------------------------------------------------
 
 Alpha MOs
 -- Occupied --
*******-101.354-101.354-101.354 -10.744 -10.743  -9.879  -9.879
 -9.879  -9.879  -7.674  -7.674  -7.674  -7.674  -7.664  -7.664
 -7.664  -7.664  -7.660  -7.660  -7.660  -7.660  -1.491  -1.401
 -1.347  -1.315  -1.224  -0.986  -0.925  -0.917  -0.895  -0.819
 -0.779  -0.745  -0.736  -0.733  -0.721  -0.721  -0.680  -0.637
 -- Virtual --
 -0.192  -0.118  -0.101  -0.096  -0.080  -0.040  -0.036  -0.033
 -0.027  -0.015   0.004   0.005   0.008   0.034   0.035   0.043
  0.044   0.051   0.053   0.054   0.069   0.084   0.095   0.099
  0.099   0.103   0.115   0.131   0.131   0.140   0.175   0.182
  0.192   0.199   0.215   0.224   0.258   0.262   0.277   0.284
  0.288   0.290   0.332   0.350   0.368   0.376   0.380   0.385
  0.406   0.410   0.418   0.426   0.429   0.444   0.486   0.493
  0.501   0.513   0.521   0.546   0.553   0.555   0.597   0.670
  0.676   0.677   0.691   0.700   0.707   0.722   0.772   0.827
  0.847   0.875   0.909   0.912   0.936   0.968   0.972   0.986
  1.000   1.010   1.015   1.040   1.041   1.043   1.057   1.067
  1.082   1.082   1.092   1.093   1.103   1.115   1.115   1.126
  1.143   1.148   1.166   1.173   1.204   1.208   1.217   1.244
  1.247   1.280   1.343   1.347   1.364   1.383   1.384   1.422
  1.422   1.485   1.494   1.525   1.545   1.552   1.566   1.611
  1.623   1.635   1.636   1.654   1.714   1.735   1.742   1.790
  1.808   1.820   1.992   2.100   2.124   2.134   2.189   2.213
  2.271   2.281   2.304   2.373   2.436   2.475   2.567   2.580
  2.641   2.748   2.753   2.762   2.920   2.940   3.032   3.054
  3.085   3.215   3.226   3.228   3.282   3.328   3.390   3.404
  3.429   3.461   3.512   3.524   3.567   3.571   3.671   3.846
  3.910   3.917   4.251   4.257   4.323   4.328   4.334   4.344
  4.356   4.362   4.364   4.397   4.407   4.415   4.422   4.446
  4.448   4.466   4.473   4.480   4.481   4.486   4.527   4.563
  4.571   4.573   4.589   4.593   4.637   4.643   4.702   4.748
  4.916   5.014   5.039   5.045   5.059   5.074   5.082   5.098
  5.154   5.168   5.192   5.202   5.252   5.283   5.318   5.331
  5.456   5.539   5.678   5.832   6.105   6.108   9.783   9.912
  9.959  10.093  20.528  20.536  20.550  20.582  20.583  20.615
 20.622  20.671  20.775  20.860  20.908  20.937  23.505  24.367
 27.037  27.072  27.075  27.114  27.115  27.117  27.121  27.126
 27.140  27.153  27.165  27.167  27.168  27.187  27.200  27.201
 27.206  27.220  27.273  27.302  27.319  27.335  28.046  28.079
 28.169  28.281  36.772  36.773  36.775  36.775  36.776  36.776
 36.776  36.780  36.785  36.786  36.786  36.786  36.787  36.787
 36.787  36.789  36.790  36.791  36.794  36.794  36.798  36.805
 36.805  36.807  36.810  36.810  36.816  36.824  40.668  40.729
 40.763  40.927  40.929  40.976  41.017  41.024  41.090  41.104
215.711 215.852 215.889 216.063
 
 Beta MOs
 -- Occupied --
*******-101.353-101.353-101.353 -10.738 -10.737  -9.878  -9.878
 -9.878  -9.878  -7.674  -7.674  -7.674  -7.674  -7.662  -7.662
 -7.662  -7.662  -7.659  -7.659  -7.659  -7.659  -1.472  -1.394
 -1.341  -1.308  -1.194  -0.973  -0.919  -0.909  -0.823  -0.816
 -0.751  -0.742  -0.731  -0.720  -0.700  -0.687  -0.678
 -- Virtual --
 -0.327  -0.124  -0.113  -0.093  -0.087  -0.080  -0.039  -0.036
 -0.032  -0.026  -0.013   0.005   0.006   0.009   0.034   0.036
  0.044   0.048   0.053   0.054   0.057   0.070   0.084   0.100
  0.100   0.102   0.108   0.123   0.131   0.134   0.140   0.175
  0.183   0.194   0.204   0.216   0.230   0.265   0.267   0.287
  0.294   0.294   0.300   0.336   0.350   0.374   0.388   0.391
  0.392   0.408   0.411   0.418   0.428   0.435   0.455   0.489
  0.498   0.514   0.519   0.523   0.549   0.554   0.568   0.600
  0.678   0.679   0.680   0.696   0.707   0.720   0.739   0.774
  0.828   0.848   0.876   0.914   0.915   0.939   0.972   0.975
  0.989   1.006   1.012   1.020   1.042   1.043   1.047   1.060
  1.073   1.085   1.086   1.096   1.096   1.109   1.118   1.121
  1.131   1.146   1.152   1.167   1.176   1.210   1.214   1.219
  1.244   1.251   1.285   1.348   1.349   1.367   1.387   1.387
  1.424   1.430   1.486   1.501   1.532   1.549   1.559   1.572
  1.618   1.627   1.639   1.639   1.655   1.722   1.737   1.745
  1.793   1.810   1.822   2.000   2.101   2.132   2.142   2.196
  2.214   2.279   2.282   2.306   2.374   2.438   2.479   2.568
  2.581   2.668   2.772   2.774   2.786   2.936   2.951   3.049
  3.067   3.098   3.224   3.229   3.238   3.298   3.354   3.405
  3.408   3.440   3.465   3.524   3.539   3.583   3.587   3.693
  3.851   3.922   3.926   4.254   4.261   4.331   4.334   4.339
  4.349   4.361   4.369   4.370   4.402   4.416   4.420   4.426
  4.450   4.452   4.469   4.479   4.484   4.485   4.493   4.528
  4.569   4.578   4.584   4.591   4.594   4.637   4.644   4.704
  4.750   4.918   5.017   5.041   5.050   5.061   5.076   5.084
  5.101   5.157   5.170   5.195   5.205   5.255   5.286   5.318
  5.331   5.457   5.540   5.680   5.834   6.107   6.110   9.785
  9.914   9.960  10.095  20.531  20.539  20.554  20.582  20.586
 20.615  20.623  20.672  20.775  20.860  20.908  20.937  23.511
 24.373  27.047  27.074  27.077  27.115  27.118  27.119  27.124
 27.128  27.142  27.155  27.166  27.168  27.169  27.190  27.200
 27.203  27.206  27.226  27.273  27.303  27.320  27.348  28.050
 28.082  28.172  28.283  36.773  36.774  36.775  36.776  36.776
 36.776  36.777  36.780  36.786  36.786  36.786  36.786  36.787
 36.787  36.788  36.789  36.791  36.791  36.795  36.795  36.799
 36.805  36.806  36.807  36.810  36.810  36.816  36.824  40.679
 40.733  40.775  40.936  40.939  40.986  41.018  41.033  41.093
 41.106 215.712 215.853 215.890 216.064
 --------------------------------------------------------------
 
          Ground-State Mulliken Net Atomic Charges

     Atom                 Charge (a.u.)    Spin (a.u.)
  --------------------------------------------------------
      1 C                     0.679326       0.322149
      2 C                     0.679301       0.323434
      3 Cl                   -0.089688       0.088814
      4 Cl                   -0.089645       0.088396
      5 Cl                   -0.089546       0.088809
      6 Cl                   -0.089748       0.088398
  --------------------------------------------------------
  Sum of atomic charges =     1.000000
  Sum of spin   charges =     1.000000

 -----------------------------------------------------------------
                    Cartesian Multipole Moments
 -----------------------------------------------------------------
    Charge (ESU x 10^10)
                 4.8032
    Dipole Moment (Debye)
         X       0.0000      Y       0.0000      Z       3.2346
       Tot       3.2346
    Quadrupole Moments (Debye-Ang)
        XX     -43.7327     XY      -0.0096     YY     -56.3020
        XZ      -0.0027     YZ      -0.0017     ZZ     -41.4878
    Octapole Moments (Debye-Ang^2)
       XXX       0.0000    XXY       0.0000    XYY       0.0000
       YYY       0.0000    XXZ     -29.4502    XYZ      -0.0065
       YYZ     -37.9146    XZZ      -0.0036    YZZ      -0.0022
       ZZZ     -86.7491
    Hexadecapole Moments (Debye-Ang^3)
      XXXX    -557.2454   XXXY      -0.0710   XXYY    -114.3475
      XYYY      -0.0080   YYYY     -57.0277   XXXZ      -0.0094
      XXYZ      -0.0017   XYYZ      -0.0048   YYYZ      -0.0012
      XXZZ    -184.0675   XYZZ      -0.0090   YYZZ    -163.6682
      XZZZ      -0.0173   YZZZ      -0.0168   ZZZZ    -842.1118
 -----------------------------------------------------------------
 Total job time:  566.34s(wall), 562.58s(cpu) 
 Tue Mar 18 15:27:00 2014

        *************************************************************
        *                                                           *
        *  Thank you very much for using Q-Chem.  Have a nice day.  *
        *                                                           *
        *************************************************************


0 sent ACK to 0 
now end server 0 ... 
