Process 0 of 1 is on cl049.stfx.acenet.ca - thread support 1
initial socket setup ...start
initial socket setup ...done 
now start server 0 ... 

cmd = /usr/bin/ssh clhead /usr/local/qchem/bin/get_hostid 28466419 > /scratch/tmp/6027735.1.short.q/qchem26831/lic.dat
                  Welcome to Q-Chem
     A Quantum Leap Into The Future Of Chemistry

 Y. Shao, L. Fusti-Molnar, Y. Jung, J. Kussmann, C. Ochsenfeld,
 S. T. Brown, A. T. B. Gilbert, L. V. Slipchenko,S. V. Levchenko,
 D. P. O'Neill, R. A. DiStasio Jr., R. C. Lochan, T. Wang,
 G. J. O. Beran, N. A. Besley, J. M. Herbert, C. Y. Lin,
 T. Van Voorhis, S. H. Chien, A. Sodt, R. P. Steele, 
 V. A. Rassolov, P. E. Maslen, P. P. Korambath, R. D. Adamson,
 B. Austin, J. Baker, E. F. C. Byrd, H. Dachsel, R. J. Doerksen,
 A. Dreuw, B. D. Dunietz, A. D. Dutoi, T. R. Furlani,
 S. R. Gwaltney, A. Heyden, S. Hirata, C.-P. Hsu, G. Kedziora,
 R. Z. Khaliullin, P. Klunzinger, A. M. Lee, M. S. Lee, W. Liang,
 I. Lotan, N. Nair, B. Peters, E. I. Proynov, P. A. Pieniazek, 
 Y. M. Rhee, J. Ritchie, E. Rosta, C. D. Sherrill, 
 A. C. Simmonett, J. E. Subotnik, H. L. Woodcock III,
 W. Zhang, A. T. Bell, A. K. Chakraborty, D. M. Chipman,
 F. J. Keil, A. Warshel, W. J. Hehre, H. F. Schaefer III,
 J. Kong, A. I. Krylov, P. M. W. Gill, M. Head-Gordon,
 Q-Chem, Version 3.1, Q-Chem, Inc., Pittsburgh, PA (2007).

 Additional authors for Version 3.1: 
 Z. Gan, Y. Zhao, N. E. Schultz, D. Truhlar, E. Epifanovsky and M. Oana.

 Additional authors for Version 3.2: 
 R. Baer, B. R. Brooks, D. Casanova, J.-D. Chai, C.-L. Cheng, 
 C. Cramer, D. Crittenden, A. Ghysels, G. Hawkins, E. G. Hohenstein, 
 C. Kelley, W. Kurlancheek, D. Liotard, E. Livshits, P. Manohar, 
 A. Marenich, D. Neuhauser, R. Olson, M. A. Rohrdanz, K. S. Thanthiriwatte, 
 A. J. W. Thom, V. Vanovschi, C. F. Williams, Q. Wu and Z.-Q. You. 


 Intel X86 Linux Version

 Q-chem begins on Mon Jun  3 17:03:51 2013  

 Parallel job on  1  processors
Processing $rem in /usr/local/qchem/config/preferences.

theFileMan(): MAXOPENFILES=974 MAX_SUB_FILE_NUM=16
Maximum size of a physical file is 2.0 GB, maximum size of a tmp-file is 32.0 GB


--------------------------------------------------------------
User input:
--------------------------------------------------------------

$molecule
-1,2
O
C1,O,r1
H1,C1,r2,O,a1
H,O,roh,C1,aoh,H1,toh,0
C2,C1,r3a,O,a2a,H1,t1a,0
C3,C1,r3b,O,a2b,H1,-t1b,0
H,C2,r4a,C1,a4a,H1,t2a,0
H,C3,r5a,C1,a5a,H1,-t2b,0
H,C2,r4b,C1,a4b,H1,t3a,0
H,C3,r5b,C1,a5b,H1,-t3b,0
H,C2,r4c,C1,a4c,H1,-t4a,0
H,C3,r5c,C1,a5c,H1,t4b,0

r1=1.43111827
r2=1.9557364
roh=2.07916264
r3a=1.52393712
r3b=1.53017411
r4a=1.09587708
r5a=1.09583825
r4b=1.09448657
r5b=1.09801539
r4c=1.0954512
r5c=1.0964078
a1=28.22171182
aoh=30.02045037
a2a=106.21524706
a2b=111.13113306
a4a=110.2041443
a5a=110.24366741
a4b=110.29321839
a5b=111.03931704
a4c=110.82961388
a5c=111.23833611
toh=-62.32359188
t1a=179.44473237
t1b=57.80032287
t2a=63.0172795
t2b=83.272013
t3a=-56.37337218
t3b=-36.4963859
t4a=176.72748761
t4b=156.21533884

$end

$comment
negative
$end

$xc_functional
C PBE   1.00
X wPBE  1.00
$end

$rem
SYMMETRY_DECOMPOSITION	0
exchange 		general
LRC_DFT                 true
BASIS                   g3large
omega			600
mem_static              760
max_scf_cycles          200
scf_final_print         1
sym_ignore              true
$end

--------------------------------------------------------------
 Writing REM_CC_EA           12
 ----------------------------------------------------
       Standard Nuclear Orientation (Angstroms)
    I     Atom         X            Y            Z
 ----------------------------------------------------
    1      O       0.000000     0.000000     0.000000
    2      C       0.000000     0.000000     1.431118
    3      H       0.924838     0.000000    -0.292129
    4      H       0.483161     0.921207     1.800236
    5      C      -1.463245     0.014181     1.856673
    6      C       0.760558    -1.207760     1.982752
    7      H      -1.967442    -0.894454     1.508657
    8      H       0.298586    -2.138301     1.634130
    9      H      -1.976608     0.877600     1.422084
   10      H       1.806714    -1.200668     1.649367
   11      H      -1.551233     0.066921     2.947310
   12      H       0.763328    -1.208441     3.079156
 ----------------------------------------------------
 Nuclear Repulsion Energy =   134.3979926221 hartrees
 There are       18 alpha and       17 beta electrons
 Requested basis set is G3large
 There are 88 shells and 248 basis functions

Total QAlloc Memory Limit   2000 MB
Mega-Array Size       743 MB
MEM_STATIC part       760 MB

                       Distance Matrix (Angstroms)
             O (  1)   C (  2)   H (  3)   H (  4)   C (  5)   C (  6)
   C (  2)  1.431118
   H (  3)  0.969878  1.955736
   H (  4)  2.079163  1.103773  2.328453
   C (  5)  2.364005  1.523937  3.212552  2.148110
   C (  6)  2.443039  1.530174  2.580844  2.154707  2.540539
   H (  7)  2.635701  2.162611  3.522521  3.063836  1.095877  2.786558
   H (  8)  2.707742  2.168571  2.945335  3.069568  2.790476  1.095838
   H (  9)  2.588336  2.162693  3.482398  2.489048  1.094487  3.486424
   H ( 10)  2.725111  2.180241  2.447185  2.505376  3.494491  1.098015
   H ( 11)  3.331282  2.170171  4.077912  2.486833  1.095451  2.810617
   H ( 12)  3.394731  2.181519  3.584965  2.499906  2.819024  1.096408
             H (  7)   H (  8)   H (  9)   H ( 10)   H ( 11)
   H (  8)  2.588007
   H (  9)  1.774192  3.783799
   H ( 10)  3.789170  1.775904  4.322543
   H ( 11)  1.779661  3.163745  1.778892  3.816706
   H ( 12)  3.165779  1.780091  3.821610  1.770031  2.645964
 
 A cutoff of  1.0D-08 yielded   3639 shell pairs
 There are  28920 function pairs ( 34904 Cartesian)
Evaluating contribution to one-electron hamiltonian from nuclear
 Smallest overlap matrix eigenvalue = 4.89E-05

 Q-Chem warning in module mkSTV.C, line 194:

 Overlap eigenvalue is smaller than square root of threshold

 Multipole matrices computed through 2nd order

  Scale SEOQF with 1.000000e-01/1.000000e-01/1.000000e-01

 Standard Electronic Orientation quadrupole field applied
 Nucleus-field energy     =    -0.0000000069 hartrees
 Guess from superposition of atomic densities
 Warning:  Energy on first SCF cycle will be non-variational
 Long-range K will be added via erf
 Coulomb attenuation parameter = 0.6 bohr**(-1)
 An unrestricted Kohn-Sham SCF calculation will be
 performed using Pulay DIIS extrapolation
 Exchange:  wPBE + LR-HF      Correlation:  PBE
 Using SG-1 standard quadrature grid
 SCF converges when DIIS error is below 1.0E-05
 Requested basis set is G3large
 There are 88 shells and 248 basis functions
 A cutoff of  1.0D-08 yielded   3639 shell pairs
 There are  28920 function pairs ( 34904 Cartesian)
 Warning!  Inaccurate integrated density:
   Number of electrons =    35
   Numerical integral  =    34.000227111547
   Relative error      =    -2.8564939670 %
 ---------------------------------------
  Cycle       Energy         DIIS Error
 ---------------------------------------
    1    -195.3090467652      2.78E-02
    2    -194.1575769767      3.83E-03
    3    -194.2474637432      2.86E-03
    4    -194.2934038211      5.05E-04
    5    -194.2972378537      2.12E-04
    6    -194.2983843635      6.17E-05
    7    -194.2987769662      2.91E-05
    8    -194.2990175814      2.03E-05
    9    -194.2991706149      1.48E-05
   10    -194.2992995265      7.96E-06 Convergence criterion met
 ---------------------------------------
 One-Electron    Energy =  -533.4471999089
 Total Coulomb   Energy =   232.6313510871
 Alpha Exchange  Energy =    -4.6699026950
 Beta  Exchange  Energy =    -4.5971309938
 DFT   Exchange  Energy =   -17.4995326960
 DFT Correlation Energy =    -1.1148769352
 Nuclear Repu.   Energy =   134.3979926152
 Nuclear Attr.   Energy =  -726.7892748627
 Kinetic         Energy =   193.3420749539
 <S^2> = 0.7501
 SCF time:  CPU 291.25 s  wall 293.79 s
 Final Alpha MO Eigenvalues
            1           2           3           4           5           6
    1 -18.9214294 -10.1336903 -10.0784737 -10.0633577  -1.1024791  -0.8598782
            7           8           9          10          11          12
    1  -0.7711077  -0.6444622  -0.5539058  -0.4916482  -0.4680020  -0.4168152
           13          14          15          16          17          18
    1  -0.4133208  -0.3940560  -0.3778252  -0.3427837  -0.2946836   0.0265818
           19          20          21          22          23
    1   0.1315370   0.1402935   0.1439227   0.1688873   0.1756903
 Final Beta MO Eigenvalues
            1           2           3           4           5           6
    1 -18.9212219 -10.1334711 -10.0784224 -10.0629537  -1.1017868  -0.8591221
            7           8           9          10          11          12
    1  -0.7700594  -0.6433657  -0.5525068  -0.4903946  -0.4676843  -0.4165713
           13          14          15          16          17          18
    1  -0.4130807  -0.3937641  -0.3772634  -0.3422995  -0.2940141   0.1322091
           19          20          21          22
    1   0.1497039   0.1536550   0.1578201   0.1735330
 Analysis of SCF Wavefunction
 
 --------------------------------------------------------------
                    Orbital Energies (a.u.)
 --------------------------------------------------------------
 
 Alpha MOs
 -- Occupied --
-18.921 -10.134 -10.078 -10.063  -1.102  -0.860  -0.771  -0.644
 -0.554  -0.492  -0.468  -0.417  -0.413  -0.394  -0.378  -0.343
 -0.295   0.027
 -- Virtual --
  0.132   0.140   0.144   0.169   0.176   0.179   0.188   0.237
  0.243   0.266   0.276   0.278   0.282   0.283   0.297   0.303
  0.307   0.327   0.342   0.373   0.391   0.407   0.416   0.431
  0.435   0.463   0.475   0.478   0.491   0.497   0.517   0.542
  0.559   0.585   0.638   0.657   0.690   0.712   0.725   0.732
  0.774   0.789   0.801   0.811   0.813   0.820   0.829   0.862
  0.868   0.888   0.896   0.916   0.927   0.960   0.999   1.050
  1.065   1.114   1.120   1.162   1.191   1.212   1.231   1.254
  1.293   1.326   1.337   1.369   1.389   1.405   1.423   1.441
  1.456   1.485   1.497   1.533   1.555   1.567   1.580   1.597
  1.602   1.622   1.639   1.676   1.719   1.727   1.741   1.760
  1.771   1.814   1.820   1.853   1.869   1.880   1.924   1.925
  2.057   2.166   2.338   2.372   2.572   2.630   2.689   2.810
  2.834   2.874   2.877   2.944   2.991   3.013   3.107   3.128
  3.143   3.175   3.225   3.240   3.251   3.283   3.320   3.408
  3.428   3.460   3.467   3.499   3.531   3.589   3.623   3.633
  3.642   3.668   3.715   3.746   3.822   3.850   3.856   3.883
  3.902   3.945   3.986   4.007   4.042   4.074   4.109   4.129
  4.166   4.200   4.283   4.284   4.299   4.311   4.348   4.413
  4.447   4.494   4.503   4.520   4.528   4.551   4.589   4.616
  4.636   4.645   4.731   4.752   4.787   4.858   4.881   4.914
  4.920   4.965   5.026   5.143   5.382   5.491   5.528   5.596
  5.675   5.704   5.792   5.843   5.878   5.942   5.962   5.988
  6.008   6.149   6.232   6.739   7.305   7.463   7.542   7.589
  7.879   7.993  24.379  24.486  24.589  27.833  28.005  28.310
 28.347  28.377  28.398  28.414  28.598  28.707  41.172  41.224
 41.236  41.240  41.272  41.277  41.389  41.418  41.431  41.446
 41.450  41.473  41.477  41.515  41.547  44.083  44.109  44.155
 44.196  44.263  45.954  46.269  46.643  50.153
 
 Beta MOs
 -- Occupied --
-18.921 -10.133 -10.078 -10.063  -1.102  -0.859  -0.770  -0.643
 -0.553  -0.490  -0.468  -0.417  -0.413  -0.394  -0.377  -0.342
 -0.294
 -- Virtual --
  0.132   0.150   0.154   0.158   0.174   0.183   0.186   0.193
  0.237   0.244   0.264   0.276   0.277   0.280   0.285   0.297
  0.305   0.308   0.325   0.342   0.373   0.390   0.407   0.415
  0.430   0.435   0.461   0.474   0.477   0.489   0.495   0.514
  0.541   0.557   0.583   0.637   0.656   0.689   0.711   0.724
  0.731   0.772   0.788   0.800   0.810   0.812   0.817   0.829
  0.860   0.868   0.886   0.896   0.915   0.925   0.961   1.000
  1.050   1.065   1.114   1.120   1.163   1.191   1.212   1.231
  1.254   1.293   1.326   1.337   1.369   1.389   1.405   1.423
  1.441   1.456   1.486   1.497   1.533   1.555   1.567   1.580
  1.597   1.602   1.622   1.639   1.676   1.719   1.726   1.741
  1.759   1.770   1.814   1.820   1.853   1.869   1.880   1.923
  1.925   2.057   2.166   2.338   2.372   2.572   2.630   2.689
  2.810   2.834   2.874   2.877   2.944   2.991   3.013   3.107
  3.128   3.143   3.175   3.225   3.240   3.251   3.284   3.320
  3.408   3.429   3.461   3.468   3.500   3.532   3.590   3.623
  3.633   3.643   3.669   3.715   3.746   3.822   3.851   3.856
  3.883   3.903   3.945   3.986   4.008   4.043   4.074   4.109
  4.129   4.166   4.200   4.283   4.285   4.300   4.311   4.348
  4.413   4.447   4.494   4.503   4.521   4.528   4.551   4.590
  4.617   4.636   4.644   4.731   4.752   4.787   4.858   4.881
  4.914   4.921   4.965   5.026   5.144   5.382   5.491   5.528
  5.596   5.675   5.704   5.793   5.843   5.878   5.942   5.962
  5.988   6.009   6.149   6.232   6.739   7.306   7.464   7.543
  7.589   7.880   7.993  24.379  24.486  24.589  27.833  28.005
 28.310  28.347  28.377  28.398  28.414  28.599  28.707  41.173
 41.224  41.236  41.241  41.272  41.277  41.389  41.418  41.431
 41.446  41.451  41.473  41.477  41.515  41.548  44.083  44.109
 44.155  44.196  44.264  45.954  46.269  46.643  50.154
 --------------------------------------------------------------
 
          Ground-State Mulliken Net Atomic Charges

     Atom                 Charge (a.u.)    Spin (a.u.)
  --------------------------------------------------------
      1 O                    -0.396055       0.068746
      2 C                     0.134929      -0.107613
      3 H                    -0.203093       0.477945
      4 H                    -0.870271       0.962441
      5 C                     0.441531      -0.733896
      6 C                     2.047509      -2.334910
      7 H                     0.076653       0.007597
      8 H                    -0.188234       0.275982
      9 H                    -0.076508       0.168877
     10 H                    -1.563984       1.664765
     11 H                    -0.064032       0.139589
     12 H                    -0.338445       0.410477
  --------------------------------------------------------
  Sum of atomic charges =    -1.000000
  Sum of spin   charges =     1.000000

 -----------------------------------------------------------------
                    Cartesian Multipole Moments
 -----------------------------------------------------------------
    Charge (ESU x 10^10)
                -4.8032
    Dipole Moment (Debye)
         X      -7.9348      Y       0.6095      Z      -6.1659
       Tot      10.0673
    Quadrupole Moments (Debye-Ang)
        XX     -65.8717     XY       4.3683     YY     -49.8488
        XZ     -11.7503     YZ       0.1533     ZZ     -62.4122
    Octapole Moments (Debye-Ang^2)
       XXX    -120.6135    XXY      26.1299    XYY     -33.2520
       YYY      38.9588    XXZ     -94.2523    XYZ       5.0022
       YYZ     -75.3324    XZZ     -46.8718    YZZ      14.5846
       ZZZ    -249.4159
    Hexadecapole Moments (Debye-Ang^3)
      XXXX    -849.8662   XXXY     117.7755   XXYY    -206.9960
      XYYY      74.8437   YYYY    -405.8941   XXXZ    -144.9446
      XXYZ      39.7078   XYYZ     -41.4588   YYYZ      69.1940
      XXZZ    -344.1822   XYZZ      31.2982   YYZZ    -264.5898
      XZZZ    -136.9775   YZZZ      80.1594   ZZZZ   -1201.6438
 -----------------------------------------------------------------
 Total job time:  294.19s(wall), 291.60s(cpu) 
 Mon Jun  3 17:08:45 2013

        *************************************************************
        *                                                           *
        *  Thank you very much for using Q-Chem.  Have a nice day.  *
        *                                                           *
        *************************************************************


0 sent ACK to 0 
now end server 0 ... 
 
**********************************************************************
Job 2 of 3 
**********************************************************************
 
Process 0 of 1 is on cl049.stfx.acenet.ca - thread support 1
initial socket setup ...start
initial socket setup ...done 
now start server 0 ... 

cmd = /usr/bin/ssh clhead /usr/local/qchem/bin/get_hostid 654401845 > /scratch/tmp/6027735.1.short.q/qchem26831/lic.dat
                  Welcome to Q-Chem
     A Quantum Leap Into The Future Of Chemistry

 Y. Shao, L. Fusti-Molnar, Y. Jung, J. Kussmann, C. Ochsenfeld,
 S. T. Brown, A. T. B. Gilbert, L. V. Slipchenko,S. V. Levchenko,
 D. P. O'Neill, R. A. DiStasio Jr., R. C. Lochan, T. Wang,
 G. J. O. Beran, N. A. Besley, J. M. Herbert, C. Y. Lin,
 T. Van Voorhis, S. H. Chien, A. Sodt, R. P. Steele, 
 V. A. Rassolov, P. E. Maslen, P. P. Korambath, R. D. Adamson,
 B. Austin, J. Baker, E. F. C. Byrd, H. Dachsel, R. J. Doerksen,
 A. Dreuw, B. D. Dunietz, A. D. Dutoi, T. R. Furlani,
 S. R. Gwaltney, A. Heyden, S. Hirata, C.-P. Hsu, G. Kedziora,
 R. Z. Khaliullin, P. Klunzinger, A. M. Lee, M. S. Lee, W. Liang,
 I. Lotan, N. Nair, B. Peters, E. I. Proynov, P. A. Pieniazek, 
 Y. M. Rhee, J. Ritchie, E. Rosta, C. D. Sherrill, 
 A. C. Simmonett, J. E. Subotnik, H. L. Woodcock III,
 W. Zhang, A. T. Bell, A. K. Chakraborty, D. M. Chipman,
 F. J. Keil, A. Warshel, W. J. Hehre, H. F. Schaefer III,
 J. Kong, A. I. Krylov, P. M. W. Gill, M. Head-Gordon,
 Q-Chem, Version 3.1, Q-Chem, Inc., Pittsburgh, PA (2007).

 Additional authors for Version 3.1: 
 Z. Gan, Y. Zhao, N. E. Schultz, D. Truhlar, E. Epifanovsky and M. Oana.

 Additional authors for Version 3.2: 
 R. Baer, B. R. Brooks, D. Casanova, J.-D. Chai, C.-L. Cheng, 
 C. Cramer, D. Crittenden, A. Ghysels, G. Hawkins, E. G. Hohenstein, 
 C. Kelley, W. Kurlancheek, D. Liotard, E. Livshits, P. Manohar, 
 A. Marenich, D. Neuhauser, R. Olson, M. A. Rohrdanz, K. S. Thanthiriwatte, 
 A. J. W. Thom, V. Vanovschi, C. F. Williams, Q. Wu and Z.-Q. You. 


 Intel X86 Linux Version

 Q-chem begins on Mon Jun  3 17:08:48 2013  

 Parallel job on  1  processors
Processing $rem in /usr/local/qchem/config/preferences.

theFileMan(): MAXOPENFILES=974 MAX_SUB_FILE_NUM=16
Maximum size of a physical file is 2.0 GB, maximum size of a tmp-file is 32.0 GB


--------------------------------------------------------------
User input:
--------------------------------------------------------------

$molecule
0,1
O
C1,O,r1
H1,C1,r2,O,a1
H,O,roh,C1,aoh,H1,toh,0
C2,C1,r3a,O,a2a,H1,t1a,0
C3,C1,r3b,O,a2b,H1,-t1b,0
H,C2,r4a,C1,a4a,H1,t2a,0
H,C3,r5a,C1,a5a,H1,-t2b,0
H,C2,r4b,C1,a4b,H1,t3a,0
H,C3,r5b,C1,a5b,H1,-t3b,0
H,C2,r4c,C1,a4c,H1,-t4a,0
H,C3,r5c,C1,a5c,H1,t4b,0

r1=1.43111827
r2=1.9557364
roh=2.07916264
r3a=1.52393712
r3b=1.53017411
r4a=1.09587708
r5a=1.09583825
r4b=1.09448657
r5b=1.09801539
r4c=1.0954512
r5c=1.0964078
a1=28.22171182
aoh=30.02045037
a2a=106.21524706
a2b=111.13113306
a4a=110.2041443
a5a=110.24366741
a4b=110.29321839
a5b=111.03931704
a4c=110.82961388
a5c=111.23833611
toh=-62.32359188
t1a=179.44473237
t1b=57.80032287
t2a=63.0172795
t2b=83.272013
t3a=-56.37337218
t3b=-36.4963859
t4a=176.72748761
t4b=156.21533884

$end

$comment
neutral
$end

$xc_functional
C PBE   1.00
X wPBE  1.00
$end


$rem
SYMMETRY_DECOMPOSITION	0
LRC_DFT                 true
exchange 		general
BASIS                   g3large
omega			600
mem_static              760
max_scf_cycles          200
scf_final_print         1
sym_ignore              true
$end

--------------------------------------------------------------
 Writing REM_CC_EA           12
 ----------------------------------------------------
       Standard Nuclear Orientation (Angstroms)
    I     Atom         X            Y            Z
 ----------------------------------------------------
    1      O       0.000000     0.000000     0.000000
    2      C       0.000000     0.000000     1.431118
    3      H       0.924838     0.000000    -0.292129
    4      H       0.483161     0.921207     1.800236
    5      C      -1.463245     0.014181     1.856673
    6      C       0.760558    -1.207760     1.982752
    7      H      -1.967442    -0.894454     1.508657
    8      H       0.298586    -2.138301     1.634130
    9      H      -1.976608     0.877600     1.422084
   10      H       1.806714    -1.200668     1.649367
   11      H      -1.551233     0.066921     2.947310
   12      H       0.763328    -1.208441     3.079156
 ----------------------------------------------------
 Nuclear Repulsion Energy =   134.3979926221 hartrees
 There are       17 alpha and       17 beta electrons
 Requested basis set is G3large
 There are 88 shells and 248 basis functions

Total QAlloc Memory Limit   2000 MB
Mega-Array Size       743 MB
MEM_STATIC part       760 MB

                       Distance Matrix (Angstroms)
             O (  1)   C (  2)   H (  3)   H (  4)   C (  5)   C (  6)
   C (  2)  1.431118
   H (  3)  0.969878  1.955736
   H (  4)  2.079163  1.103773  2.328453
   C (  5)  2.364005  1.523937  3.212552  2.148110
   C (  6)  2.443039  1.530174  2.580844  2.154707  2.540539
   H (  7)  2.635701  2.162611  3.522521  3.063836  1.095877  2.786558
   H (  8)  2.707742  2.168571  2.945335  3.069568  2.790476  1.095838
   H (  9)  2.588336  2.162693  3.482398  2.489048  1.094487  3.486424
   H ( 10)  2.725111  2.180241  2.447185  2.505376  3.494491  1.098015
   H ( 11)  3.331282  2.170171  4.077912  2.486833  1.095451  2.810617
   H ( 12)  3.394731  2.181519  3.584965  2.499906  2.819024  1.096408
             H (  7)   H (  8)   H (  9)   H ( 10)   H ( 11)
   H (  8)  2.588007
   H (  9)  1.774192  3.783799
   H ( 10)  3.789170  1.775904  4.322543
   H ( 11)  1.779661  3.163745  1.778892  3.816706
   H ( 12)  3.165779  1.780091  3.821610  1.770031  2.645964
 
 A cutoff of  1.0D-08 yielded   3639 shell pairs
 There are  28920 function pairs ( 34904 Cartesian)
Evaluating contribution to one-electron hamiltonian from nuclear
 Smallest overlap matrix eigenvalue = 4.89E-05

 Q-Chem warning in module mkSTV.C, line 194:

 Overlap eigenvalue is smaller than square root of threshold

 Multipole matrices computed through 2nd order

  Scale SEOQF with 1.000000e-01/1.000000e-01/1.000000e-01

 Standard Electronic Orientation quadrupole field applied
 Nucleus-field energy     =    -0.0000000069 hartrees
 Guess from superposition of atomic densities
 Warning:  Energy on first SCF cycle will be non-variational
 Long-range K will be added via erf
 Coulomb attenuation parameter = 0.6 bohr**(-1)
 A restricted Kohn-Sham SCF calculation will be
 performed using Pulay DIIS extrapolation
 Exchange:  wPBE + LR-HF      Correlation:  PBE
 Using SG-1 standard quadrature grid
 SCF converges when DIIS error is below 1.0E-05
 Requested basis set is G3large
 There are 88 shells and 248 basis functions
 A cutoff of  1.0D-08 yielded   3639 shell pairs
 There are  28920 function pairs ( 34904 Cartesian)
 ---------------------------------------
  Cycle       Energy         DIIS Error
 ---------------------------------------
    1    -195.3090467652      2.78E-02
    2    -194.2270243259      3.64E-03
    3    -194.2979441026      2.46E-03
    4    -194.3285856918      5.10E-04
    5    -194.3303357880      1.63E-04
    6    -194.3305867395      4.00E-05
    7    -194.3306002623      8.13E-06 Convergence criterion met
 ---------------------------------------
 One-Electron    Energy =  -529.0586392302
 Total Coulomb   Energy =   228.1324754366
 Alpha Exchange  Energy =    -4.5995668925
 Beta  Exchange  Energy =    -4.5995668925
 DFT   Exchange  Energy =   -17.4959021815
 DFT Correlation Energy =    -1.1073931174
 Nuclear Repu.   Energy =   134.3979926152
 Nuclear Attr.   Energy =  -722.3415192541
 Kinetic         Energy =   193.2828800239
 SCF time:  CPU 157.25 s  wall 158.66 s
 Final Alpha MO Eigenvalues
            1           2           3           4           5           6
    1 -19.0555768 -10.2666253 -10.2027142 -10.1954379  -1.2362183  -0.9887817
            7           8           9          10          11          12
    1  -0.8995031  -0.7736686  -0.6855115  -0.6208469  -0.6004453  -0.5461049
           13          14          15          16          17          18
    1  -0.5332347  -0.5247393  -0.5077979  -0.4732656  -0.4275877   0.0380125
           19          20          21          22
    1   0.0552010   0.0578317   0.0628079   0.0829787
 Analysis of SCF Wavefunction
 
 --------------------------------------------------------------
                    Orbital Energies (a.u.)
 --------------------------------------------------------------
 
 Alpha MOs
 -- Occupied --
-19.056 -10.267 -10.203 -10.195  -1.236  -0.989  -0.900  -0.774
 -0.686  -0.621  -0.600  -0.546  -0.533  -0.525  -0.508  -0.473
 -0.428
 -- Virtual --
  0.038   0.055   0.058   0.063   0.083   0.086   0.092   0.098
  0.135   0.144   0.162   0.169   0.174   0.177   0.182   0.190
  0.197   0.201   0.226   0.233   0.259   0.273   0.287   0.295
  0.311   0.316   0.340   0.351   0.360   0.371   0.382   0.403
  0.422   0.439   0.466   0.518   0.537   0.565   0.585   0.602
  0.612   0.652   0.663   0.681   0.685   0.689   0.693   0.703
  0.732   0.742   0.758   0.769   0.797   0.802   0.831   0.874
  0.921   0.937   0.987   0.990   1.034   1.064   1.085   1.103
  1.125   1.166   1.200   1.211   1.240   1.260   1.281   1.295
  1.311   1.331   1.357   1.371   1.410   1.425   1.440   1.451
  1.470   1.476   1.495   1.508   1.544   1.591   1.602   1.612
  1.629   1.648   1.686   1.694   1.726   1.743   1.752   1.792
  1.796   1.929   2.033   2.206   2.240   2.441   2.497   2.563
  2.678   2.702   2.746   2.751   2.811   2.865   2.884   2.977
  2.998   3.013   3.044   3.099   3.111   3.122   3.154   3.191
  3.281   3.296   3.337   3.338   3.369   3.401   3.464   3.494
  3.501   3.518   3.538   3.586   3.616   3.693   3.717   3.733
  3.758   3.770   3.815   3.856   3.876   3.912   3.938   3.977
  4.003   4.036   4.071   4.148   4.156   4.171   4.184   4.222
  4.283   4.315   4.363   4.372   4.394   4.403   4.422   4.457
  4.485   4.507   4.513   4.607   4.618   4.660   4.728   4.757
  4.778   4.797   4.834   4.897   5.014   5.249   5.359   5.396
  5.464   5.546   5.573   5.660   5.710   5.744   5.810   5.839
  5.859   5.879   6.016   6.100   6.606   7.172   7.327   7.409
  7.457   7.747   7.860  24.248  24.358  24.459  27.702  27.874
 28.176  28.222  28.246  28.273  28.283  28.468  28.576  41.043
 41.092  41.102  41.117  41.135  41.154  41.256  41.287  41.306
 41.310  41.320  41.338  41.355  41.396  41.411  43.949  43.975
 44.021  44.062  44.129  45.820  46.135  46.509  50.019
 --------------------------------------------------------------
 
          Ground-State Mulliken Net Atomic Charges

     Atom                 Charge (a.u.)
  ----------------------------------------
      1 O                    -0.303519
      2 C                     0.014099
      3 H                     0.251035
      4 H                     0.076469
      5 C                    -0.278564
      6 C                    -0.300864
      7 H                     0.099390
      8 H                     0.113637
      9 H                     0.102986
     10 H                     0.071288
     11 H                     0.076157
     12 H                     0.077886
  ----------------------------------------
  Sum of atomic charges =     0.000000

 -----------------------------------------------------------------
                    Cartesian Multipole Moments
 -----------------------------------------------------------------
    Charge (ESU x 10^10)
                 0.0000
    Dipole Moment (Debye)
         X       1.3562      Y      -0.0596      Z       1.1766
       Tot       1.7965
    Quadrupole Moments (Debye-Ang)
        XX     -24.5669     XY       0.1285     YY     -26.5222
        XZ      -0.9623     YZ      -0.0391     ZZ     -24.4593
    Octapole Moments (Debye-Ang^2)
       XXX      16.1899    XXY       9.0828    XYY       3.6260
       YYY      26.3065    XXZ     -38.0222    XYZ       0.2134
       YYZ     -36.8900    XZZ       4.8508    YZZ       8.9067
       ZZZ    -106.2421
    Hexadecapole Moments (Debye-Ang^3)
      XXXX    -176.9016   XXXY      21.6896   XXYY     -48.3077
      XYYY      24.6577   YYYY    -115.4308   XXXZ      27.7545
      XXYZ      18.4763   XYYZ       8.3745   YYYZ      54.7634
      XXZZ    -108.4554   XYZZ       7.5719   YYZZ     -97.9178
      XZZZ      25.9753   YZZZ      52.7906   ZZZZ    -433.4899
 -----------------------------------------------------------------
 Total job time:  159.03s(wall), 157.58s(cpu) 
 Mon Jun  3 17:11:27 2013

        *************************************************************
        *                                                           *
        *  Thank you very much for using Q-Chem.  Have a nice day.  *
        *                                                           *
        *************************************************************


0 sent ACK to 0 
now end server 0 ... 
 
**********************************************************************
Job 3 of 3 
**********************************************************************
 
Process 0 of 1 is on cl049.stfx.acenet.ca - thread support 1
initial socket setup ...start
initial socket setup ...done 
now start server 0 ... 

cmd = /usr/bin/ssh clhead /usr/local/qchem/bin/get_hostid 788686072 > /scratch/tmp/6027735.1.short.q/qchem26831/lic.dat
                  Welcome to Q-Chem
     A Quantum Leap Into The Future Of Chemistry

 Y. Shao, L. Fusti-Molnar, Y. Jung, J. Kussmann, C. Ochsenfeld,
 S. T. Brown, A. T. B. Gilbert, L. V. Slipchenko,S. V. Levchenko,
 D. P. O'Neill, R. A. DiStasio Jr., R. C. Lochan, T. Wang,
 G. J. O. Beran, N. A. Besley, J. M. Herbert, C. Y. Lin,
 T. Van Voorhis, S. H. Chien, A. Sodt, R. P. Steele, 
 V. A. Rassolov, P. E. Maslen, P. P. Korambath, R. D. Adamson,
 B. Austin, J. Baker, E. F. C. Byrd, H. Dachsel, R. J. Doerksen,
 A. Dreuw, B. D. Dunietz, A. D. Dutoi, T. R. Furlani,
 S. R. Gwaltney, A. Heyden, S. Hirata, C.-P. Hsu, G. Kedziora,
 R. Z. Khaliullin, P. Klunzinger, A. M. Lee, M. S. Lee, W. Liang,
 I. Lotan, N. Nair, B. Peters, E. I. Proynov, P. A. Pieniazek, 
 Y. M. Rhee, J. Ritchie, E. Rosta, C. D. Sherrill, 
 A. C. Simmonett, J. E. Subotnik, H. L. Woodcock III,
 W. Zhang, A. T. Bell, A. K. Chakraborty, D. M. Chipman,
 F. J. Keil, A. Warshel, W. J. Hehre, H. F. Schaefer III,
 J. Kong, A. I. Krylov, P. M. W. Gill, M. Head-Gordon,
 Q-Chem, Version 3.1, Q-Chem, Inc., Pittsburgh, PA (2007).

 Additional authors for Version 3.1: 
 Z. Gan, Y. Zhao, N. E. Schultz, D. Truhlar, E. Epifanovsky and M. Oana.

 Additional authors for Version 3.2: 
 R. Baer, B. R. Brooks, D. Casanova, J.-D. Chai, C.-L. Cheng, 
 C. Cramer, D. Crittenden, A. Ghysels, G. Hawkins, E. G. Hohenstein, 
 C. Kelley, W. Kurlancheek, D. Liotard, E. Livshits, P. Manohar, 
 A. Marenich, D. Neuhauser, R. Olson, M. A. Rohrdanz, K. S. Thanthiriwatte, 
 A. J. W. Thom, V. Vanovschi, C. F. Williams, Q. Wu and Z.-Q. You. 


 Intel X86 Linux Version

 Q-chem begins on Mon Jun  3 17:11:30 2013  

 Parallel job on  1  processors
Processing $rem in /usr/local/qchem/config/preferences.

theFileMan(): MAXOPENFILES=974 MAX_SUB_FILE_NUM=16
Maximum size of a physical file is 2.0 GB, maximum size of a tmp-file is 32.0 GB


--------------------------------------------------------------
User input:
--------------------------------------------------------------

$molecule
1,2
O
C1,O,r1
H1,C1,r2,O,a1
H,O,roh,C1,aoh,H1,toh,0
C2,C1,r3a,O,a2a,H1,t1a,0
C3,C1,r3b,O,a2b,H1,-t1b,0
H,C2,r4a,C1,a4a,H1,t2a,0
H,C3,r5a,C1,a5a,H1,-t2b,0
H,C2,r4b,C1,a4b,H1,t3a,0
H,C3,r5b,C1,a5b,H1,-t3b,0
H,C2,r4c,C1,a4c,H1,-t4a,0
H,C3,r5c,C1,a5c,H1,t4b,0

r1=1.43111827
r2=1.9557364
roh=2.07916264
r3a=1.52393712
r3b=1.53017411
r4a=1.09587708
r5a=1.09583825
r4b=1.09448657
r5b=1.09801539
r4c=1.0954512
r5c=1.0964078
a1=28.22171182
aoh=30.02045037
a2a=106.21524706
a2b=111.13113306
a4a=110.2041443
a5a=110.24366741
a4b=110.29321839
a5b=111.03931704
a4c=110.82961388
a5c=111.23833611
toh=-62.32359188
t1a=179.44473237
t1b=57.80032287
t2a=63.0172795
t2b=83.272013
t3a=-56.37337218
t3b=-36.4963859
t4a=176.72748761
t4b=156.21533884

$end

$comment
positive
$end

$xc_functional
C PBE   1.00
X wPBE  1.00
$end

$rem
SYMMETRY_DECOMPOSITION	0
LRC_DFT                 true
exchange 		general
BASIS                   g3large
omega			600
mem_static              760
max_scf_cycles          200
scf_final_print         1
sym_ignore              true
$end

--------------------------------------------------------------
 Writing REM_CC_EA           12
 ----------------------------------------------------
       Standard Nuclear Orientation (Angstroms)
    I     Atom         X            Y            Z
 ----------------------------------------------------
    1      O       0.000000     0.000000     0.000000
    2      C       0.000000     0.000000     1.431118
    3      H       0.924838     0.000000    -0.292129
    4      H       0.483161     0.921207     1.800236
    5      C      -1.463245     0.014181     1.856673
    6      C       0.760558    -1.207760     1.982752
    7      H      -1.967442    -0.894454     1.508657
    8      H       0.298586    -2.138301     1.634130
    9      H      -1.976608     0.877600     1.422084
   10      H       1.806714    -1.200668     1.649367
   11      H      -1.551233     0.066921     2.947310
   12      H       0.763328    -1.208441     3.079156
 ----------------------------------------------------
 Nuclear Repulsion Energy =   134.3979926221 hartrees
 There are       17 alpha and       16 beta electrons
 Requested basis set is G3large
 There are 88 shells and 248 basis functions

Total QAlloc Memory Limit   2000 MB
Mega-Array Size       743 MB
MEM_STATIC part       760 MB

                       Distance Matrix (Angstroms)
             O (  1)   C (  2)   H (  3)   H (  4)   C (  5)   C (  6)
   C (  2)  1.431118
   H (  3)  0.969878  1.955736
   H (  4)  2.079163  1.103773  2.328453
   C (  5)  2.364005  1.523937  3.212552  2.148110
   C (  6)  2.443039  1.530174  2.580844  2.154707  2.540539
   H (  7)  2.635701  2.162611  3.522521  3.063836  1.095877  2.786558
   H (  8)  2.707742  2.168571  2.945335  3.069568  2.790476  1.095838
   H (  9)  2.588336  2.162693  3.482398  2.489048  1.094487  3.486424
   H ( 10)  2.725111  2.180241  2.447185  2.505376  3.494491  1.098015
   H ( 11)  3.331282  2.170171  4.077912  2.486833  1.095451  2.810617
   H ( 12)  3.394731  2.181519  3.584965  2.499906  2.819024  1.096408
             H (  7)   H (  8)   H (  9)   H ( 10)   H ( 11)
   H (  8)  2.588007
   H (  9)  1.774192  3.783799
   H ( 10)  3.789170  1.775904  4.322543
   H ( 11)  1.779661  3.163745  1.778892  3.816706
   H ( 12)  3.165779  1.780091  3.821610  1.770031  2.645964
 
 A cutoff of  1.0D-08 yielded   3639 shell pairs
 There are  28920 function pairs ( 34904 Cartesian)
Evaluating contribution to one-electron hamiltonian from nuclear
 Smallest overlap matrix eigenvalue = 4.89E-05

 Q-Chem warning in module mkSTV.C, line 194:

 Overlap eigenvalue is smaller than square root of threshold

 Multipole matrices computed through 2nd order

  Scale SEOQF with 1.000000e-01/1.000000e-01/1.000000e-01

 Standard Electronic Orientation quadrupole field applied
 Nucleus-field energy     =    -0.0000000069 hartrees
 Guess from superposition of atomic densities
 Warning:  Energy on first SCF cycle will be non-variational
 Long-range K will be added via erf
 Coulomb attenuation parameter = 0.6 bohr**(-1)
 An unrestricted Kohn-Sham SCF calculation will be
 performed using Pulay DIIS extrapolation
 Exchange:  wPBE + LR-HF      Correlation:  PBE
 Using SG-1 standard quadrature grid
 SCF converges when DIIS error is below 1.0E-05
 Requested basis set is G3large
 There are 88 shells and 248 basis functions
 A cutoff of  1.0D-08 yielded   3639 shell pairs
 There are  28920 function pairs ( 34904 Cartesian)
 Warning!  Inaccurate integrated density:
   Number of electrons =    33
   Numerical integral  =    34.000227111547
   Relative error      =     3.0309912471 %
 ---------------------------------------
  Cycle       Energy         DIIS Error
 ---------------------------------------
    1    -195.3090467652      2.78E-02
    2    -193.8160491061      3.03E-03
    3    -193.8747429280      2.54E-03
    4    -193.9091054031      5.69E-04
    5    -193.9161319630      3.60E-04
    6    -193.9200497956      2.63E-04
    7    -193.9245069065      2.45E-04
    8    -193.9320639331      1.27E-04
    9    -193.9343560010      1.03E-04
   10    -193.9361291376      8.32E-05
   11    -193.9361291442      1.15E-04
   12    -193.9364566347      3.40E-05
   13    -193.9365647065      2.47E-05
   14    -193.9366077233      1.98E-05
   15    -193.9366252411      1.01E-05
   16    -193.9366266752      2.48E-06 Convergence criterion met
 ---------------------------------------
 One-Electron    Energy =  -519.9936337316
 Total Coulomb   Energy =   219.0938465721
 Alpha Exchange  Energy =    -4.6419956320
 Beta  Exchange  Energy =    -4.3256699346
 DFT   Exchange  Energy =   -17.3977604330
 DFT Correlation Energy =    -1.0694061313
 Nuclear Repu.   Energy =   134.3979926152
 Nuclear Attr.   Energy =  -712.9971292177
 Kinetic         Energy =   193.0034954861
 <S^2> = 0.7576
 SCF time:  CPU 467.52 s  wall 470.71 s
 Final Alpha MO Eigenvalues
            1           2           3           4           5           6
    1 -19.4846004 -10.5347630 -10.4325643 -10.3965296  -1.6214537  -1.2481061
            7           8           9          10          11          12
    1  -1.1251441  -1.0493689  -1.0007307  -0.9468529  -0.8870449  -0.8211799
           13          14          15          16          17          18
    1  -0.7725946  -0.7644994  -0.7395526  -0.7129609  -0.7072377  -0.1223552
           19          20          21          22
    1  -0.0792296  -0.0726524  -0.0655737  -0.0455489
 Final Beta MO Eigenvalues
            1           2           3           4           5           6
    1 -19.4643538 -10.5344396 -10.4305101 -10.3965806  -1.5664269  -1.2327076
            7           8           9          10          11          12
    1  -1.1174623  -1.0398814  -0.9697563  -0.8810629  -0.8373203  -0.7732630
           13          14          15          16          17          18
    1  -0.7602694  -0.7384142  -0.7129568  -0.7056888  -0.3571207  -0.1200550
           19          20          21
    1  -0.0777927  -0.0711524  -0.0649306
 Analysis of SCF Wavefunction
 
 --------------------------------------------------------------
                    Orbital Energies (a.u.)
 --------------------------------------------------------------
 
 Alpha MOs
 -- Occupied --
-19.485 -10.535 -10.433 -10.397  -1.621  -1.248  -1.125  -1.049
 -1.001  -0.947  -0.887  -0.821  -0.773  -0.764  -0.740  -0.713
 -0.707
 -- Virtual --
 -0.122  -0.079  -0.073  -0.066  -0.046  -0.038  -0.032  -0.026
 -0.016  -0.008   0.007   0.010   0.022   0.032   0.038   0.042
  0.054   0.065   0.067   0.077   0.085   0.093   0.104   0.118
  0.130   0.141   0.144   0.151   0.161   0.170   0.211   0.218
  0.232   0.245   0.261   0.330   0.350   0.355   0.377   0.402
  0.426   0.440   0.451   0.471   0.492   0.497   0.504   0.515
  0.524   0.529   0.542   0.563   0.604   0.609   0.632   0.655
  0.708   0.730   0.762   0.771   0.813   0.852   0.870   0.884
  0.899   0.944   0.972   0.989   1.005   1.017   1.043   1.076
  1.097   1.116   1.134   1.159   1.189   1.208   1.222   1.233
  1.242   1.269   1.282   1.296   1.301   1.367   1.392   1.406
  1.425   1.442   1.466   1.475   1.514   1.525   1.527   1.572
  1.583   1.642   1.706   1.908   1.938   2.118   2.195   2.353
  2.444   2.452   2.517   2.535   2.586   2.639   2.646   2.726
  2.746   2.776   2.796   2.872   2.889   2.908   2.930   2.957
  3.059   3.066   3.090   3.117   3.129   3.183   3.249   3.260
  3.276   3.299   3.315   3.358   3.382   3.440   3.486   3.520
  3.531   3.536   3.564   3.597   3.624   3.636   3.677   3.741
  3.770   3.812   3.836   3.888   3.924   3.946   3.962   4.001
  4.036   4.057   4.115   4.141   4.169   4.190   4.207   4.220
  4.232   4.266   4.280   4.388   4.392   4.439   4.501   4.535
  4.547   4.575   4.601   4.660   4.784   4.823   4.983   5.016
  5.138   5.232   5.314   5.343   5.362   5.415   5.543   5.603
  5.645   5.667   5.707   5.783   6.252   6.732   6.949   6.995
  7.025   7.359   7.483  24.003  24.139  24.223  27.456  27.627
 27.916  28.004  28.021  28.063  28.070  28.229  28.338  40.782
 40.830  40.869  40.903  40.912  40.943  40.987  41.025  41.052
 41.077  41.107  41.116  41.151  41.168  41.199  43.499  43.517
 43.573  43.647  43.717  45.366  45.717  46.090  49.594
 
 Beta MOs
 -- Occupied --
-19.464 -10.534 -10.431 -10.397  -1.566  -1.233  -1.117  -1.040
 -0.970  -0.881  -0.837  -0.773  -0.760  -0.738  -0.713  -0.706
 -- Virtual --
 -0.357  -0.120  -0.078  -0.071  -0.065  -0.044  -0.037  -0.032
 -0.024  -0.016  -0.007   0.011   0.011   0.024   0.033   0.040
  0.042   0.055   0.067   0.070   0.080   0.087   0.095   0.105
  0.119   0.130   0.145   0.149   0.153   0.165   0.174   0.217
  0.220   0.234   0.247   0.266   0.332   0.352   0.358   0.385
  0.404   0.430   0.443   0.453   0.477   0.495   0.500   0.506
  0.517   0.528   0.534   0.545   0.565   0.610   0.611   0.632
  0.658   0.711   0.734   0.767   0.774   0.815   0.855   0.874
  0.889   0.906   0.949   0.982   0.998   1.019   1.029   1.050
  1.078   1.100   1.120   1.137   1.161   1.191   1.213   1.227
  1.237   1.251   1.272   1.285   1.299   1.307   1.370   1.397
  1.408   1.427   1.445   1.469   1.483   1.518   1.529   1.532
  1.577   1.586   1.663   1.739   1.928   1.954   2.149   2.201
  2.355   2.450   2.456   2.520   2.537   2.589   2.643   2.650
  2.730   2.751   2.781   2.804   2.875   2.890   2.911   2.931
  2.961   3.063   3.069   3.097   3.120   3.133   3.185   3.253
  3.265   3.278   3.300   3.316   3.360   3.386   3.446   3.489
  3.523   3.534   3.537   3.567   3.599   3.626   3.642   3.681
  3.744   3.776   3.814   3.841   3.892   3.926   3.949   3.963
  4.005   4.042   4.061   4.121   4.143   4.172   4.193   4.210
  4.222   4.240   4.274   4.284   4.391   4.398   4.442   4.506
  4.541   4.551   4.578   4.609   4.666   4.789   4.912   5.031
  5.059   5.177   5.251   5.334   5.348   5.404   5.432   5.562
  5.606   5.648   5.672   5.725   5.789   6.271   6.817   6.977
  7.058   7.105   7.396   7.500  24.004  24.140  24.223  27.458
 27.629  27.916  28.005  28.022  28.063  28.070  28.232  28.339
 40.784  40.829  40.873  40.905  40.912  40.942  40.988  41.025
 41.054  41.079  41.107  41.116  41.151  41.172  41.199  43.550
 43.579  43.624  43.658  43.724  45.424  45.729  46.104  49.614
 --------------------------------------------------------------
 
          Ground-State Mulliken Net Atomic Charges

     Atom                 Charge (a.u.)    Spin (a.u.)
  --------------------------------------------------------
      1 O                     0.257774       0.816205
      2 C                    -0.175253      -0.009810
      3 H                     0.333548      -0.019772
      4 H                     0.211450       0.109253
      5 C                    -0.221328      -0.005195
      6 C                    -0.203628       0.099165
      7 H                     0.137612       0.006581
      8 H                     0.150659      -0.001317
      9 H                     0.131952       0.004696
     10 H                     0.113806      -0.004896
     11 H                     0.122911      -0.001318
     12 H                     0.140496       0.006408
  --------------------------------------------------------
  Sum of atomic charges =     1.000000
  Sum of spin   charges =     1.000000

 -----------------------------------------------------------------
                    Cartesian Multipole Moments
 -----------------------------------------------------------------
    Charge (ESU x 10^10)
                 4.8032
    Dipole Moment (Debye)
         X       1.6445      Y      -0.8785      Z       5.3734
       Tot       5.6877
    Quadrupole Moments (Debye-Ang)
        XX     -18.2387     XY      -0.8643     YY     -20.1789
        XZ      -1.0845     YZ      -2.1792     ZZ     -11.0280
    Octapole Moments (Debye-Ang^2)
       XXX      12.4919    XXY       6.9870    XYY       5.2794
       YYY      20.2303    XXZ     -27.7157    XYZ      -2.2392
       YYZ     -27.4657    XZZ       4.7575    YZZ       2.4654
       ZZZ     -70.0449
    Hexadecapole Moments (Debye-Ang^3)
      XXXX    -144.5824   XXXY      17.4513   XXYY     -39.1270
      XYYY      19.9815   YYYY     -90.3236   XXXZ      19.0174
      XXYZ      13.9334   XYYZ      12.4474   YYYZ      41.8279
      XXZZ     -81.0470   XYZZ       0.5768   YYZZ     -72.9981
      XZZZ      24.9519   YZZZ      31.8304   ZZZZ    -317.8208
 -----------------------------------------------------------------
 Total job time:  471.10s(wall), 467.87s(cpu) 
 Mon Jun  3 17:19:22 2013

        *************************************************************
        *                                                           *
        *  Thank you very much for using Q-Chem.  Have a nice day.  *
        *                                                           *
        *************************************************************


0 sent ACK to 0 
now end server 0 ... 
