Process 0 of 1 is on cl135 - thread support 1
initial socket setup ...start
initial socket setup ...done 
now start server 0 ... 

cmd = /usr/bin/ssh clhead /usr/local/qchem/bin/get_hostid 690792999 > /tmp/1603259.1.medium.q/qchem10807/lic.dat

cmd = /usr/bin/ssh clhead /usr/local/qchem/bin/get_hostid 690792999 > /tmp/1603259.1.medium.q/qchem10807/lic.dat

cmd = /usr/bin/ssh clhead /usr/local/qchem/bin/get_hostid 690792999 > /tmp/1603259.1.medium.q/qchem10807/lic.dat

cmd = /usr/bin/ssh clhead /usr/local/qchem/bin/get_hostid 690792999 > /tmp/1603259.1.medium.q/qchem10807/lic.dat

cmd = /usr/bin/ssh clhead /usr/local/qchem/bin/get_hostid 690792999 > /tmp/1603259.1.medium.q/qchem10807/lic.dat
                  Welcome to Q-Chem
     A Quantum Leap Into The Future Of Chemistry

 Y. Shao, L. Fusti-Molnar, Y. Jung, J. Kussmann, C. Ochsenfeld,
 S. T. Brown, A. T. B. Gilbert, L. V. Slipchenko,S. V. Levchenko,
 D. P. O'Neill, R. A. DiStasio Jr., R. C. Lochan, T. Wang,
 G. J. O. Beran, N. A. Besley, J. M. Herbert, C. Y. Lin,
 T. Van Voorhis, S. H. Chien, A. Sodt, R. P. Steele, 
 V. A. Rassolov, P. E. Maslen, P. P. Korambath, R. D. Adamson,
 B. Austin, J. Baker, E. F. C. Byrd, H. Dachsel, R. J. Doerksen,
 A. Dreuw, B. D. Dunietz, A. D. Dutoi, T. R. Furlani,
 S. R. Gwaltney, A. Heyden, S. Hirata, C.-P. Hsu, G. Kedziora,
 R. Z. Khaliullin, P. Klunzinger, A. M. Lee, M. S. Lee, W. Liang,
 I. Lotan, N. Nair, B. Peters, E. I. Proynov, P. A. Pieniazek, 
 Y. M. Rhee, J. Ritchie, E. Rosta, C. D. Sherrill, 
 A. C. Simmonett, J. E. Subotnik, H. L. Woodcock III,
 W. Zhang, A. T. Bell, A. K. Chakraborty, D. M. Chipman,
 F. J. Keil, A. Warshel, W. J. Hehre, H. F. Schaefer III,
 J. Kong, A. I. Krylov, P. M. W. Gill, M. Head-Gordon,
 Q-Chem, Version 3.1, Q-Chem, Inc., Pittsburgh, PA (2007).

 Additional authors for Version 3.1: 
 Z. Gan, Y. Zhao, N. E. Schultz, D. Truhlar, E. Epifanovsky and M. Oana.

 Additional authors for Version 3.2: 
 R. Baer, B. R. Brooks, D. Casanova, J.-D. Chai, C.-L. Cheng, 
 C. Cramer, D. Crittenden, A. Ghysels, G. Hawkins, E. G. Hohenstein, 
 C. Kelley, W. Kurlancheek, D. Liotard, E. Livshits, P. Manohar, 
 A. Marenich, D. Neuhauser, R. Olson, M. A. Rohrdanz, K. S. Thanthiriwatte, 
 A. J. W. Thom, V. Vanovschi, C. F. Williams, Q. Wu and Z.-Q. You. 


 Intel X86 Linux Version

 Q-chem begins on Wed Mar 26 09:46:50 2014  

 Parallel job on  1  processors
Processing $rem in /usr/local/qchem/config/preferences.

theFileMan(): MAXOPENFILES=974 MAX_SUB_FILE_NUM=16
Maximum size of a physical file is 2.0 GB, maximum size of a tmp-file is 32.0 GB


--------------------------------------------------------------
User input:
--------------------------------------------------------------

$molecule
-1,2
Si         0.00042        0.00000        0.00861
Si        -0.00042        0.00000        2.34162
H          1.39615        0.00000       -0.50798
H         -0.69759       -1.20904       -0.50646
H         -0.69759        1.20904       -0.50646
H         -1.39615        0.00000        2.85821
H          0.69759       -1.20904        2.85669
H          0.69759        1.20904        2.85669
$end

$comment
negative
$end

$xc_functional
C PBE   1.00
X wPBE  1.00
$end

$rem
SYMMETRY_DECOMPOSITION	0
exchange 		general
LRC_DFT                 true
BASIS                   g3large
omega			270
mem_static              760
max_scf_cycles          200
scf_final_print         1
sym_ignore              true
$end

--------------------------------------------------------------
 Writing REM_CC_EA            8
 ----------------------------------------------------
       Standard Nuclear Orientation (Angstroms)
    I     Atom         X            Y            Z
 ----------------------------------------------------
    1      Si      0.000420     0.000000     0.008610
    2      Si     -0.000420     0.000000     2.341620
    3      H       1.396150     0.000000    -0.507980
    4      H      -0.697590    -1.209040    -0.506460
    5      H      -0.697590     1.209040    -0.506460
    6      H      -1.396150     0.000000     2.858210
    7      H       0.697590    -1.209040     2.856690
    8      H       0.697590     1.209040     2.856690
 ----------------------------------------------------
 Nuclear Repulsion Energy =    90.8879884197 hartrees
 There are       18 alpha and       17 beta electrons
 Requested basis set is G3large
 There are 74 shells and 192 basis functions

Total QAlloc Memory Limit   2000 MB
Mega-Array Size       743 MB
MEM_STATIC part       760 MB

                       Distance Matrix (Angstroms)
             Si(  1)   Si(  2)   H (  3)   H (  4)   H (  5)   H (  6)
   Si(  2)  2.333010
   H (  3)  1.488263  3.173425
   H (  4)  1.488050  3.171653  2.417753
   H (  5)  1.488050  3.171653  2.417753  2.418080
   H (  6)  3.173425  1.488263  4.373577  3.642907  3.642907
   H (  7)  3.171653  1.488050  3.642907  3.641058  4.370860  2.417753
   H (  8)  3.171653  1.488050  3.642907  4.370860  3.641058  2.417753
             H (  7)
   H (  8)  2.418080
 
 A cutoff of  1.0D-08 yielded   2535 shell pairs
 There are  17276 function pairs ( 22407 Cartesian)
Evaluating contribution to one-electron hamiltonian from nuclear
 Smallest overlap matrix eigenvalue = 1.96E-04
 Multipole matrices computed through 2nd order

  Scale SEOQF with 1.000000e-01/1.000000e-01/1.000000e-01

 Standard Electronic Orientation quadrupole field applied
 Nucleus-field energy     =    -0.0000000103 hartrees
 Guess from superposition of atomic densities
 Warning:  Energy on first SCF cycle will be non-variational
 Long-range K will be added via erf
 Coulomb attenuation parameter = 0.27 bohr**(-1)
 An unrestricted Kohn-Sham SCF calculation will be
 performed using Pulay DIIS extrapolation
 Exchange:  wPBE + LR-HF      Correlation:  PBE
 Using SG-1 standard quadrature grid
 SCF converges when DIIS error is below 1.0E-05
 Requested basis set is G3large
 There are 74 shells and 192 basis functions
 A cutoff of  1.0D-08 yielded   2535 shell pairs
 There are  17276 function pairs ( 22407 Cartesian)
 Warning!  Inaccurate integrated density:
   Number of electrons =    35
   Numerical integral  =    34.000072301361
   Relative error      =    -2.8569362818 %
 ---------------------------------------
  Cycle       Energy         DIIS Error
 ---------------------------------------
    1    -582.2570195863      2.14E-02
    2    -582.2398948738      1.58E-03
    3    -582.2681727790      7.32E-04
    4    -582.2714752123      1.85E-04
    5    -582.2720353275      6.64E-05
    6    -582.2722271778      2.74E-05
    7    -582.2722887514      1.22E-05
    8    -582.2723187994      7.23E-06 Convergence criterion met
 ---------------------------------------
 One-Electron    Energy =  -993.5055909343
 Total Coulomb   Energy =   364.2948771558
 Alpha Exchange  Energy =    -2.5381326656
 Beta  Exchange  Energy =    -2.4342847171
 DFT   Exchange  Energy =   -37.7575934364
 DFT Correlation Energy =    -1.2195826112
 Nuclear Repu.   Energy =    90.8879884094
 Nuclear Attr.   Energy = -1574.8828491451
 Kinetic         Energy =   581.3772582108
 <S^2> = 0.7543
 SCF time:  CPU 111.25 s  wall 113.12 s
 Final Alpha MO Eigenvalues
            1           2           3           4           5           6
    1 -65.3499936 -65.3499893  -5.0082213  -5.0081246  -3.4160253  -3.4159971
            7           8           9          10          11          12
    1  -3.4153001  -3.4149486  -3.4146187  -3.4144631  -0.4786085  -0.4155063
           13          14          15          16          17          18
    1  -0.2709860  -0.2690170  -0.2448804  -0.2417694  -0.1916727   0.0644100
           19          20          21          22          23
    1   0.1605468   0.1629636   0.1931354   0.1953325   0.1981838
 Final Beta MO Eigenvalues
            1           2           3           4           5           6
    1 -65.3499479 -65.3499436  -5.0080218  -5.0079314  -3.4159821  -3.4159753
            7           8           9          10          11          12
    1  -3.4152385  -3.4147834  -3.4139950  -3.4139919  -0.4708320  -0.4118136
           13          14          15          16          17          18
    1  -0.2670474  -0.2562090  -0.2408629  -0.2312732  -0.1795884   0.1626573
           19          20          21          22
    1   0.1649386   0.1945115   0.1976340   0.2016587
 Analysis of SCF Wavefunction
 
 --------------------------------------------------------------
                    Orbital Energies (a.u.)
 --------------------------------------------------------------
 
 Alpha MOs
 -- Occupied --
-65.350 -65.350  -5.008  -5.008  -3.416  -3.416  -3.415  -3.415
 -3.415  -3.414  -0.479  -0.416  -0.271  -0.269  -0.245  -0.242
 -0.192   0.064
 -- Virtual --
  0.161   0.163   0.193   0.195   0.198   0.200   0.203   0.210
  0.210   0.219   0.221   0.260   0.285   0.286   0.294   0.295
  0.321   0.329   0.354   0.364   0.386   0.388   0.438   0.465
  0.480   0.481   0.484   0.486   0.531   0.533   0.534   0.536
  0.574   0.576   0.576   0.653   0.653   0.661   0.688   0.690
  0.704   0.717   0.741   0.741   0.743   0.865   0.867   0.871
  0.876   0.889   0.892   0.900   0.935   0.938   0.942   0.943
  0.981   1.070   1.071   1.083   1.084   1.141   1.143   1.145
  1.186   1.187   1.190   1.200   1.320   1.360   1.368   1.371
  1.371   1.374   1.444   1.447   1.469   1.511   1.513   1.541
  1.559   1.604   1.605   1.632   1.638   1.639   1.751   1.752
  1.753   1.755   1.844   1.947   2.275   2.340   2.341   2.358
  2.366   2.439   2.440   2.482   2.500   2.501   2.582   2.589
  2.590   2.743   3.050   3.055   3.086   3.091   3.297   3.323
  3.783   3.784   3.808   3.810   3.823   4.009   4.012   4.013
  4.016   4.258   4.286   4.292   4.294   4.299   4.311   4.317
  4.338   4.344   4.376   4.382   4.413   4.415   4.555   4.661
  4.692   4.695   4.759   4.763   6.146   6.338  11.586  11.588
 11.616  11.617  11.690  11.836  17.648  17.696  17.697  17.757
 17.771  17.908  17.909  17.949  17.991  18.017  22.313  22.321
 22.324  22.325  22.330  22.338  22.339  22.340  22.351  22.352
 22.353  22.354  22.367  22.379 141.014 141.236
 
 Beta MOs
 -- Occupied --
-65.350 -65.350  -5.008  -5.008  -3.416  -3.416  -3.415  -3.415
 -3.414  -3.414  -0.471  -0.412  -0.267  -0.256  -0.241  -0.231
 -0.180
 -- Virtual --
  0.163   0.165   0.195   0.198   0.202   0.205   0.206   0.211
  0.214   0.220   0.224   0.227   0.289   0.291   0.298   0.299
  0.303   0.335   0.338   0.358   0.369   0.391   0.392   0.445
  0.469   0.483   0.488   0.489   0.493   0.537   0.543   0.543
  0.545   0.578   0.578   0.584   0.656   0.665   0.673   0.698
  0.702   0.713   0.724   0.745   0.749   0.752   0.873   0.874
  0.879   0.881   0.897   0.900   0.907   0.937   0.942   0.944
  0.948   0.992   1.074   1.074   1.086   1.090   1.149   1.149
  1.158   1.189   1.195   1.200   1.202   1.324   1.366   1.375
  1.376   1.377   1.383   1.451   1.453   1.477   1.516   1.520
  1.548   1.566   1.607   1.615   1.638   1.641   1.650   1.755
  1.757   1.763   1.764   1.852   1.952   2.277   2.340   2.349
  2.363   2.371   2.444   2.448   2.485   2.506   2.508   2.587
  2.590   2.597   2.747   3.053   3.064   3.089   3.100   3.303
  3.328   3.784   3.786   3.810   3.812   3.823   4.011   4.015
  4.019   4.022   4.263   4.290   4.298   4.299   4.308   4.316
  4.320   4.343   4.354   4.378   4.391   4.420   4.422   4.562
  4.666   4.695   4.703   4.762   4.771   6.148   6.340  11.587
 11.589  11.617  11.619  11.690  11.836  17.648  17.696  17.697
 17.757  17.772  17.908  17.909  17.950  17.991  18.018  22.313
 22.321  22.325  22.325  22.330  22.338  22.340  22.340  22.352
 22.352  22.353  22.354  22.368  22.379 141.014 141.236
 --------------------------------------------------------------
 
          Ground-State Mulliken Net Atomic Charges

     Atom                 Charge (a.u.)    Spin (a.u.)
  --------------------------------------------------------
      1 Si                   -0.161278       0.552878
      2 Si                   -0.161275       0.552919
      3 H                    -0.108024      -0.022213
      4 H                    -0.138853      -0.015796
      5 H                    -0.091841      -0.014884
      6 H                    -0.108055      -0.022179
      7 H                    -0.091803      -0.014934
      8 H                    -0.138871      -0.015791
  --------------------------------------------------------
  Sum of atomic charges =    -1.000000
  Sum of spin   charges =     1.000000

 -----------------------------------------------------------------
                    Cartesian Multipole Moments
 -----------------------------------------------------------------
    Charge (ESU x 10^10)
                -4.8032
    Dipole Moment (Debye)
         X      -0.0001      Y       0.0001      Z      -5.6444
       Tot       5.6444
    Quadrupole Moments (Debye-Ang)
        XX     -43.9952     XY       2.4164     YY     -44.1637
        XZ      -0.0225     YZ       2.5618     ZZ     -58.0647
    Octapole Moments (Debye-Ang^2)
       XXX      -0.0010    XXY       0.0000    XYY      -0.0002
       YYY       0.0004    XXZ     -51.7004    XYZ       2.8388
       YYZ     -51.8972    XZZ      -0.0526    YZZ       6.0204
       ZZZ    -189.1096
    Hexadecapole Moments (Debye-Ang^3)
      XXXX    -179.3243   XXXY       1.4878   XXYY     -60.3145
      XYYY      20.0728   YYYY    -181.2218   XXXZ      10.3778
      XXYZ       5.8007   XYYZ     -10.2485   YYYZ      17.3480
      XXZZ    -197.4295   XYZZ      10.9902   YYZZ    -198.5293
      XZZZ      -0.9698   YZZZ      48.5832   ZZZZ    -968.2891
 -----------------------------------------------------------------
 Total job time:  113.40s(wall), 111.47s(cpu) 
 Wed Mar 26 09:48:43 2014

        *************************************************************
        *                                                           *
        *  Thank you very much for using Q-Chem.  Have a nice day.  *
        *                                                           *
        *************************************************************


0 sent ACK to 0 
now end server 0 ... 
 
**********************************************************************
Job 2 of 3 
**********************************************************************
 
Process 0 of 1 is on cl135 - thread support 1
initial socket setup ...start
initial socket setup ...done 
now start server 0 ... 

cmd = /usr/bin/ssh clhead /usr/local/qchem/bin/get_hostid 993252115 > /tmp/1603259.1.medium.q/qchem10807/lic.dat

cmd = /usr/bin/ssh clhead /usr/local/qchem/bin/get_hostid 993252115 > /tmp/1603259.1.medium.q/qchem10807/lic.dat

cmd = /usr/bin/ssh clhead /usr/local/qchem/bin/get_hostid 993252115 > /tmp/1603259.1.medium.q/qchem10807/lic.dat

cmd = /usr/bin/ssh clhead /usr/local/qchem/bin/get_hostid 993252115 > /tmp/1603259.1.medium.q/qchem10807/lic.dat

cmd = /usr/bin/ssh clhead /usr/local/qchem/bin/get_hostid 993252115 > /tmp/1603259.1.medium.q/qchem10807/lic.dat
                  Welcome to Q-Chem
     A Quantum Leap Into The Future Of Chemistry

 Y. Shao, L. Fusti-Molnar, Y. Jung, J. Kussmann, C. Ochsenfeld,
 S. T. Brown, A. T. B. Gilbert, L. V. Slipchenko,S. V. Levchenko,
 D. P. O'Neill, R. A. DiStasio Jr., R. C. Lochan, T. Wang,
 G. J. O. Beran, N. A. Besley, J. M. Herbert, C. Y. Lin,
 T. Van Voorhis, S. H. Chien, A. Sodt, R. P. Steele, 
 V. A. Rassolov, P. E. Maslen, P. P. Korambath, R. D. Adamson,
 B. Austin, J. Baker, E. F. C. Byrd, H. Dachsel, R. J. Doerksen,
 A. Dreuw, B. D. Dunietz, A. D. Dutoi, T. R. Furlani,
 S. R. Gwaltney, A. Heyden, S. Hirata, C.-P. Hsu, G. Kedziora,
 R. Z. Khaliullin, P. Klunzinger, A. M. Lee, M. S. Lee, W. Liang,
 I. Lotan, N. Nair, B. Peters, E. I. Proynov, P. A. Pieniazek, 
 Y. M. Rhee, J. Ritchie, E. Rosta, C. D. Sherrill, 
 A. C. Simmonett, J. E. Subotnik, H. L. Woodcock III,
 W. Zhang, A. T. Bell, A. K. Chakraborty, D. M. Chipman,
 F. J. Keil, A. Warshel, W. J. Hehre, H. F. Schaefer III,
 J. Kong, A. I. Krylov, P. M. W. Gill, M. Head-Gordon,
 Q-Chem, Version 3.1, Q-Chem, Inc., Pittsburgh, PA (2007).

 Additional authors for Version 3.1: 
 Z. Gan, Y. Zhao, N. E. Schultz, D. Truhlar, E. Epifanovsky and M. Oana.

 Additional authors for Version 3.2: 
 R. Baer, B. R. Brooks, D. Casanova, J.-D. Chai, C.-L. Cheng, 
 C. Cramer, D. Crittenden, A. Ghysels, G. Hawkins, E. G. Hohenstein, 
 C. Kelley, W. Kurlancheek, D. Liotard, E. Livshits, P. Manohar, 
 A. Marenich, D. Neuhauser, R. Olson, M. A. Rohrdanz, K. S. Thanthiriwatte, 
 A. J. W. Thom, V. Vanovschi, C. F. Williams, Q. Wu and Z.-Q. You. 


 Intel X86 Linux Version

 Q-chem begins on Wed Mar 26 09:48:47 2014  

 Parallel job on  1  processors
Processing $rem in /usr/local/qchem/config/preferences.

theFileMan(): MAXOPENFILES=974 MAX_SUB_FILE_NUM=16
Maximum size of a physical file is 2.0 GB, maximum size of a tmp-file is 32.0 GB


--------------------------------------------------------------
User input:
--------------------------------------------------------------

$molecule
0,1
Si         0.00042        0.00000        0.00861
Si        -0.00042        0.00000        2.34162
H          1.39615        0.00000       -0.50798
H         -0.69759       -1.20904       -0.50646
H         -0.69759        1.20904       -0.50646
H         -1.39615        0.00000        2.85821
H          0.69759       -1.20904        2.85669
H          0.69759        1.20904        2.85669
$end

$comment
neutral
$end

$xc_functional
C PBE   1.00
X wPBE  1.00
$end


$rem
SYMMETRY_DECOMPOSITION	0
LRC_DFT                 true
exchange 		general
BASIS                   g3large
omega			270
mem_static              760
max_scf_cycles          200
scf_final_print         1
sym_ignore              true
$end

--------------------------------------------------------------
 Writing REM_CC_EA            8
 ----------------------------------------------------
       Standard Nuclear Orientation (Angstroms)
    I     Atom         X            Y            Z
 ----------------------------------------------------
    1      Si      0.000420     0.000000     0.008610
    2      Si     -0.000420     0.000000     2.341620
    3      H       1.396150     0.000000    -0.507980
    4      H      -0.697590    -1.209040    -0.506460
    5      H      -0.697590     1.209040    -0.506460
    6      H      -1.396150     0.000000     2.858210
    7      H       0.697590    -1.209040     2.856690
    8      H       0.697590     1.209040     2.856690
 ----------------------------------------------------
 Nuclear Repulsion Energy =    90.8879884197 hartrees
 There are       17 alpha and       17 beta electrons
 Requested basis set is G3large
 There are 74 shells and 192 basis functions

Total QAlloc Memory Limit   2000 MB
Mega-Array Size       743 MB
MEM_STATIC part       760 MB

                       Distance Matrix (Angstroms)
             Si(  1)   Si(  2)   H (  3)   H (  4)   H (  5)   H (  6)
   Si(  2)  2.333010
   H (  3)  1.488263  3.173425
   H (  4)  1.488050  3.171653  2.417753
   H (  5)  1.488050  3.171653  2.417753  2.418080
   H (  6)  3.173425  1.488263  4.373577  3.642907  3.642907
   H (  7)  3.171653  1.488050  3.642907  3.641058  4.370860  2.417753
   H (  8)  3.171653  1.488050  3.642907  4.370860  3.641058  2.417753
             H (  7)
   H (  8)  2.418080
 
 A cutoff of  1.0D-08 yielded   2535 shell pairs
 There are  17276 function pairs ( 22407 Cartesian)
Evaluating contribution to one-electron hamiltonian from nuclear
 Smallest overlap matrix eigenvalue = 1.96E-04
 Multipole matrices computed through 2nd order

  Scale SEOQF with 1.000000e-01/1.000000e-01/1.000000e-01

 Standard Electronic Orientation quadrupole field applied
 Nucleus-field energy     =    -0.0000000103 hartrees
 Guess from superposition of atomic densities
 Warning:  Energy on first SCF cycle will be non-variational
 Long-range K will be added via erf
 Coulomb attenuation parameter = 0.27 bohr**(-1)
 A restricted Kohn-Sham SCF calculation will be
 performed using Pulay DIIS extrapolation
 Exchange:  wPBE + LR-HF      Correlation:  PBE
 Using SG-1 standard quadrature grid
 SCF converges when DIIS error is below 1.0E-05
 Requested basis set is G3large
 There are 74 shells and 192 basis functions
 A cutoff of  1.0D-08 yielded   2535 shell pairs
 There are  17276 function pairs ( 22407 Cartesian)
 ---------------------------------------
  Cycle       Energy         DIIS Error
 ---------------------------------------
    1    -582.2570195863      2.14E-02
    2    -582.3187764975      1.46E-03
    3    -582.3374432798      4.02E-04
    4    -582.3385582100      1.28E-04
    5    -582.3386797619      4.26E-05
    6    -582.3386958983      7.44E-06 Convergence criterion met
 ---------------------------------------
 One-Electron    Energy =  -987.1224409422
 Total Coulomb   Energy =   357.6646854362
 Alpha Exchange  Energy =    -2.4385616205
 Beta  Exchange  Energy =    -2.4385616205
 DFT   Exchange  Energy =   -37.6957137987
 DFT Correlation Energy =    -1.1960917621
 Nuclear Repu.   Energy =    90.8879884094
 Nuclear Attr.   Energy = -1568.3971055794
 Kinetic         Energy =   581.2746646372
 SCF time:  CPU 66.14 s  wall 67.35 s
 Final Alpha MO Eigenvalues
            1           2           3           4           5           6
    1 -65.5399828 -65.5399785  -5.2011711  -5.2010771  -3.6082988  -3.6079568
            7           8           9          10          11          12
    1  -3.6079424  -3.6078970  -3.6078835  -3.6077161  -0.6693720  -0.6015014
           13          14          15          16          17          18
    1  -0.4526568  -0.4525940  -0.4239444  -0.4239290  -0.3809463   0.0398223
           19          20          21          22
    1   0.0462281   0.0690722   0.0692401   0.0741550
 Analysis of SCF Wavefunction
 
 --------------------------------------------------------------
                    Orbital Energies (a.u.)
 --------------------------------------------------------------
 
 Alpha MOs
 -- Occupied --
-65.540 -65.540  -5.201  -5.201  -3.608  -3.608  -3.608  -3.608
 -3.608  -3.608  -0.669  -0.602  -0.453  -0.453  -0.424  -0.424
 -0.381
 -- Virtual --
  0.040   0.046   0.069   0.069   0.074   0.074   0.074   0.074
  0.080   0.097   0.097   0.099   0.134   0.147   0.147   0.154
  0.167   0.173   0.173   0.212   0.213   0.218   0.218   0.289
  0.318   0.325   0.325   0.331   0.331   0.371   0.371   0.386
  0.386   0.421   0.430   0.430   0.483   0.495   0.500   0.525
  0.525   0.540   0.550   0.570   0.574   0.574   0.698   0.698
  0.698   0.711   0.720   0.721   0.730   0.767   0.767   0.771
  0.771   0.817   0.892   0.893   0.911   0.911   0.966   0.966
  0.973   1.013   1.013   1.016   1.018   1.150   1.188   1.196
  1.196   1.197   1.197   1.273   1.273   1.299   1.338   1.338
  1.370   1.388   1.423   1.423   1.456   1.456   1.457   1.577
  1.577   1.579   1.579   1.654   1.767   2.082   2.148   2.149
  2.166   2.174   2.249   2.250   2.291   2.311   2.311   2.395
  2.396   2.396   2.553   2.870   2.870   2.907   2.907   3.114
  3.140   3.590   3.591   3.615   3.616   3.631   3.823   3.825
  3.827   3.829   4.075   4.106   4.106   4.114   4.114   4.127
  4.129   4.157   4.158   4.196   4.197   4.231   4.232   4.372
  4.475   4.506   4.507   4.573   4.574   5.954   6.147  11.396
 11.396  11.425  11.426  11.497  11.644  17.455  17.503  17.504
 17.564  17.579  17.715  17.716  17.757  17.798  17.825  22.120
 22.128  22.132  22.132  22.137  22.145  22.146  22.147  22.158
 22.159  22.160  22.161  22.175  22.186 140.824 141.046
 --------------------------------------------------------------
 
          Ground-State Mulliken Net Atomic Charges

     Atom                 Charge (a.u.)
  ----------------------------------------
      1 Si                    0.234506
      2 Si                    0.234514
      3 H                    -0.078111
      4 H                    -0.078267
      5 H                    -0.078130
      6 H                    -0.078115
      7 H                    -0.078127
      8 H                    -0.078271
  ----------------------------------------
  Sum of atomic charges =     0.000000

 -----------------------------------------------------------------
                    Cartesian Multipole Moments
 -----------------------------------------------------------------
    Charge (ESU x 10^10)
                 0.0000
    Dipole Moment (Debye)
         X       0.0000      Y       0.0000      Z       0.0000
       Tot       0.0000
    Quadrupole Moments (Debye-Ang)
        XX     -31.1120     XY      -0.0002     YY     -31.1143
        XZ      -0.0038     YZ      -0.0005     ZZ     -31.9088
    Octapole Moments (Debye-Ang^2)
       XXX       0.0000    XXY       0.0000    XYY       0.0000
       YYY       0.0000    XXZ     -36.5601    XYZ      -0.0002
       YYZ     -36.5629    XZZ      -0.0089    YZZ      -0.0011
       ZZZ    -112.4896
    Hexadecapole Moments (Debye-Ang^3)
      XXXX     -83.2131   XXXY      -0.0015   XXYY     -27.7392
      XYYY      -0.0023   YYYY     -83.2287   XXXZ       1.0537
      XXYZ      -0.0013   XYYZ      -0.9874   YYYZ      -0.0037
      XXZZ    -118.7225   XYZZ      -0.0056   YYZZ    -118.7409
      XZZZ       0.0289   YZZZ      -0.0051   ZZZZ    -617.5684
 -----------------------------------------------------------------
 Total job time:  67.60s(wall), 66.35s(cpu) 
 Wed Mar 26 09:49:55 2014

        *************************************************************
        *                                                           *
        *  Thank you very much for using Q-Chem.  Have a nice day.  *
        *                                                           *
        *************************************************************


0 sent ACK to 0 
now end server 0 ... 
 
**********************************************************************
Job 3 of 3 
**********************************************************************
 
Process 0 of 1 is on cl135 - thread support 1
initial socket setup ...start
initial socket setup ...done 
now start server 0 ... 

cmd = /usr/bin/ssh clhead /usr/local/qchem/bin/get_hostid 1956126337 > /tmp/1603259.1.medium.q/qchem10807/lic.dat

cmd = /usr/bin/ssh clhead /usr/local/qchem/bin/get_hostid 1956126337 > /tmp/1603259.1.medium.q/qchem10807/lic.dat

cmd = /usr/bin/ssh clhead /usr/local/qchem/bin/get_hostid 1956126337 > /tmp/1603259.1.medium.q/qchem10807/lic.dat

cmd = /usr/bin/ssh clhead /usr/local/qchem/bin/get_hostid 1956126337 > /tmp/1603259.1.medium.q/qchem10807/lic.dat

cmd = /usr/bin/ssh clhead /usr/local/qchem/bin/get_hostid 1956126337 > /tmp/1603259.1.medium.q/qchem10807/lic.dat
                  Welcome to Q-Chem
     A Quantum Leap Into The Future Of Chemistry

 Y. Shao, L. Fusti-Molnar, Y. Jung, J. Kussmann, C. Ochsenfeld,
 S. T. Brown, A. T. B. Gilbert, L. V. Slipchenko,S. V. Levchenko,
 D. P. O'Neill, R. A. DiStasio Jr., R. C. Lochan, T. Wang,
 G. J. O. Beran, N. A. Besley, J. M. Herbert, C. Y. Lin,
 T. Van Voorhis, S. H. Chien, A. Sodt, R. P. Steele, 
 V. A. Rassolov, P. E. Maslen, P. P. Korambath, R. D. Adamson,
 B. Austin, J. Baker, E. F. C. Byrd, H. Dachsel, R. J. Doerksen,
 A. Dreuw, B. D. Dunietz, A. D. Dutoi, T. R. Furlani,
 S. R. Gwaltney, A. Heyden, S. Hirata, C.-P. Hsu, G. Kedziora,
 R. Z. Khaliullin, P. Klunzinger, A. M. Lee, M. S. Lee, W. Liang,
 I. Lotan, N. Nair, B. Peters, E. I. Proynov, P. A. Pieniazek, 
 Y. M. Rhee, J. Ritchie, E. Rosta, C. D. Sherrill, 
 A. C. Simmonett, J. E. Subotnik, H. L. Woodcock III,
 W. Zhang, A. T. Bell, A. K. Chakraborty, D. M. Chipman,
 F. J. Keil, A. Warshel, W. J. Hehre, H. F. Schaefer III,
 J. Kong, A. I. Krylov, P. M. W. Gill, M. Head-Gordon,
 Q-Chem, Version 3.1, Q-Chem, Inc., Pittsburgh, PA (2007).

 Additional authors for Version 3.1: 
 Z. Gan, Y. Zhao, N. E. Schultz, D. Truhlar, E. Epifanovsky and M. Oana.

 Additional authors for Version 3.2: 
 R. Baer, B. R. Brooks, D. Casanova, J.-D. Chai, C.-L. Cheng, 
 C. Cramer, D. Crittenden, A. Ghysels, G. Hawkins, E. G. Hohenstein, 
 C. Kelley, W. Kurlancheek, D. Liotard, E. Livshits, P. Manohar, 
 A. Marenich, D. Neuhauser, R. Olson, M. A. Rohrdanz, K. S. Thanthiriwatte, 
 A. J. W. Thom, V. Vanovschi, C. F. Williams, Q. Wu and Z.-Q. You. 


 Intel X86 Linux Version

 Q-chem begins on Wed Mar 26 09:49:59 2014  

 Parallel job on  1  processors
Processing $rem in /usr/local/qchem/config/preferences.

theFileMan(): MAXOPENFILES=974 MAX_SUB_FILE_NUM=16
Maximum size of a physical file is 2.0 GB, maximum size of a tmp-file is 32.0 GB


--------------------------------------------------------------
User input:
--------------------------------------------------------------

$molecule
1,2
Si         0.00042        0.00000        0.00861
Si        -0.00042        0.00000        2.34162
H          1.39615        0.00000       -0.50798
H         -0.69759       -1.20904       -0.50646
H         -0.69759        1.20904       -0.50646
H         -1.39615        0.00000        2.85821
H          0.69759       -1.20904        2.85669
H          0.69759        1.20904        2.85669
$end

$comment
positive
$end

$xc_functional
C PBE   1.00
X wPBE  1.00
$end

$rem
SYMMETRY_DECOMPOSITION	0
LRC_DFT                 true
exchange 		general
BASIS                   g3large
omega			270
mem_static              760
max_scf_cycles          200
scf_final_print         1
sym_ignore              true
$end

--------------------------------------------------------------
 Writing REM_CC_EA            8
 ----------------------------------------------------
       Standard Nuclear Orientation (Angstroms)
    I     Atom         X            Y            Z
 ----------------------------------------------------
    1      Si      0.000420     0.000000     0.008610
    2      Si     -0.000420     0.000000     2.341620
    3      H       1.396150     0.000000    -0.507980
    4      H      -0.697590    -1.209040    -0.506460
    5      H      -0.697590     1.209040    -0.506460
    6      H      -1.396150     0.000000     2.858210
    7      H       0.697590    -1.209040     2.856690
    8      H       0.697590     1.209040     2.856690
 ----------------------------------------------------
 Nuclear Repulsion Energy =    90.8879884197 hartrees
 There are       17 alpha and       16 beta electrons
 Requested basis set is G3large
 There are 74 shells and 192 basis functions

Total QAlloc Memory Limit   2000 MB
Mega-Array Size       743 MB
MEM_STATIC part       760 MB

                       Distance Matrix (Angstroms)
             Si(  1)   Si(  2)   H (  3)   H (  4)   H (  5)   H (  6)
   Si(  2)  2.333010
   H (  3)  1.488263  3.173425
   H (  4)  1.488050  3.171653  2.417753
   H (  5)  1.488050  3.171653  2.417753  2.418080
   H (  6)  3.173425  1.488263  4.373577  3.642907  3.642907
   H (  7)  3.171653  1.488050  3.642907  3.641058  4.370860  2.417753
   H (  8)  3.171653  1.488050  3.642907  4.370860  3.641058  2.417753
             H (  7)
   H (  8)  2.418080
 
 A cutoff of  1.0D-08 yielded   2535 shell pairs
 There are  17276 function pairs ( 22407 Cartesian)
Evaluating contribution to one-electron hamiltonian from nuclear
 Smallest overlap matrix eigenvalue = 1.96E-04
 Multipole matrices computed through 2nd order

  Scale SEOQF with 1.000000e-01/1.000000e-01/1.000000e-01

 Standard Electronic Orientation quadrupole field applied
 Nucleus-field energy     =    -0.0000000103 hartrees
 Guess from superposition of atomic densities
 Warning:  Energy on first SCF cycle will be non-variational
 Long-range K will be added via erf
 Coulomb attenuation parameter = 0.27 bohr**(-1)
 An unrestricted Kohn-Sham SCF calculation will be
 performed using Pulay DIIS extrapolation
 Exchange:  wPBE + LR-HF      Correlation:  PBE
 Using SG-1 standard quadrature grid
 SCF converges when DIIS error is below 1.0E-05
 Requested basis set is G3large
 There are 74 shells and 192 basis functions
 A cutoff of  1.0D-08 yielded   2535 shell pairs
 There are  17276 function pairs ( 22407 Cartesian)
 Warning!  Inaccurate integrated density:
   Number of electrons =    33
   Numerical integral  =    34.000072301361
   Relative error      =     3.0305221253 %
 ---------------------------------------
  Cycle       Energy         DIIS Error
 ---------------------------------------
    1    -582.2570195863      2.14E-02
    2    -581.8855723029      2.62E-03
    3    -581.9394710587      1.52E-03
    4    -581.9501728836      2.46E-04
    5    -581.9505842312      5.40E-05
    6    -581.9506670719      1.50E-05
    7    -581.9506850794      7.66E-06 Convergence criterion met
 ---------------------------------------
 One-Electron    Energy =  -978.6283969419
 Total Coulomb   Energy =   349.2653803624
 Alpha Exchange  Energy =    -2.4449321365
 Beta  Exchange  Energy =    -2.3047614107
 DFT   Exchange  Energy =   -37.5663644106
 DFT Correlation Energy =    -1.1595989514
 Nuclear Repu.   Energy =    90.8879884094
 Nuclear Attr.   Energy = -1559.6976199462
 Kinetic         Energy =   581.0692230043
 <S^2> = 0.7539
 SCF time:  CPU 96.35 s  wall 98.09 s
 Final Alpha MO Eigenvalues
            1           2           3           4           5           6
    1 -65.8013459 -65.8013415  -5.4616476  -5.4615433  -3.8754602  -3.8748257
            7           8           9          10          11          12
    1  -3.8655840  -3.8655752  -3.8655260  -3.8655173  -0.9300860  -0.8349525
           13          14          15          16          17          18
    1  -0.6816386  -0.6808711  -0.6569788  -0.6482685  -0.6472543  -0.1558687
           19          20          21          22
    1  -0.1557160  -0.1320099  -0.1186044  -0.0943495
 Final Beta MO Eigenvalues
            1           2           3           4           5           6
    1 -65.7998381 -65.7998339  -5.4599635  -5.4598647  -3.8700184  -3.8694044
            7           8           9          10          11          12
    1  -3.8649514  -3.8649212  -3.8648971  -3.8648670  -0.8965336  -0.8134367
           13          14          15          16          17          18
    1  -0.6733813  -0.6730947  -0.6402237  -0.6400131  -0.3927629  -0.1356934
           19          20          21
    1  -0.1353764  -0.1117977  -0.1116742
 Analysis of SCF Wavefunction
 
 --------------------------------------------------------------
                    Orbital Energies (a.u.)
 --------------------------------------------------------------
 
 Alpha MOs
 -- Occupied --
-65.801 -65.801  -5.462  -5.462  -3.875  -3.875  -3.866  -3.866
 -3.866  -3.866  -0.930  -0.835  -0.682  -0.681  -0.657  -0.648
 -0.647
 -- Virtual --
 -0.156  -0.156  -0.132  -0.119  -0.094  -0.094  -0.067  -0.063
 -0.059  -0.059  -0.029  -0.029  -0.019   0.003   0.003   0.004
  0.013   0.013   0.032   0.032   0.032   0.055   0.055   0.101
  0.136   0.136   0.150   0.150   0.151   0.188   0.188   0.211
  0.211   0.244   0.263   0.263   0.282   0.305   0.310   0.333
  0.333   0.349   0.354   0.368   0.368   0.372   0.487   0.491
  0.492   0.503   0.517   0.517   0.534   0.555   0.556   0.576
  0.576   0.620   0.673   0.674   0.706   0.706   0.746   0.746
  0.767   0.770   0.804   0.805   0.813   0.945   0.976   0.982
  0.982   0.995   0.996   1.071   1.072   1.100   1.128   1.129
  1.161   1.183   1.200   1.200   1.230   1.230   1.242   1.363
  1.364   1.366   1.366   1.396   1.536   1.822   1.887   1.887
  1.928   1.936   1.999   2.000   2.047   2.062   2.062   2.135
  2.135   2.162   2.294   2.646   2.647   2.685   2.686   2.892
  2.917   3.333   3.334   3.359   3.360   3.368   3.586   3.587
  3.590   3.591   3.852   3.869   3.884   3.885   3.893   3.894
  3.906   3.933   3.934   3.973   3.974   4.007   4.009   4.145
  4.239   4.272   4.272   4.337   4.337   5.697   5.894  11.140
 11.140  11.170  11.170  11.230  11.379  17.190  17.245  17.245
 17.303  17.318  17.450  17.455  17.496  17.540  17.566  21.858
 21.867  21.869  21.875  21.880  21.883  21.885  21.888  21.898
 21.899  21.900  21.900  21.918  21.926 140.563 140.785
 
 Beta MOs
 -- Occupied --
-65.800 -65.800  -5.460  -5.460  -3.870  -3.869  -3.865  -3.865
 -3.865  -3.865  -0.897  -0.813  -0.673  -0.673  -0.640  -0.640
 -- Virtual --
 -0.393  -0.136  -0.135  -0.112  -0.112  -0.093  -0.092  -0.059
 -0.058  -0.058  -0.056  -0.029  -0.029  -0.012   0.008   0.010
  0.010   0.014   0.014   0.034   0.034   0.034   0.058   0.058
  0.117   0.142   0.142   0.152   0.152   0.158   0.191   0.191
  0.215   0.215   0.251   0.267   0.267   0.283   0.313   0.320
  0.337   0.338   0.352   0.360   0.373   0.380   0.380   0.497
  0.500   0.501   0.513   0.522   0.522   0.540   0.563   0.563
  0.581   0.582   0.625   0.679   0.679   0.708   0.709   0.753
  0.753   0.774   0.794   0.811   0.812   0.818   0.953   0.988
  0.991   0.991   0.999   0.999   1.075   1.076   1.104   1.135
  1.136   1.169   1.190   1.204   1.204   1.233   1.233   1.252
  1.369   1.369   1.372   1.372   1.421   1.547   1.848   1.916
  1.916   1.927   1.935   2.015   2.016   2.053   2.076   2.076
  2.160   2.160   2.164   2.319   2.655   2.655   2.693   2.693
  2.899   2.924   3.339   3.339   3.363   3.365   3.380   3.591
  3.592   3.594   3.596   3.860   3.885   3.892   3.892   3.901
  3.901   3.914   3.942   3.942   3.982   3.982   4.016   4.017
  4.153   4.249   4.280   4.280   4.345   4.346   5.704   5.899
 11.141  11.141  11.171  11.171  11.241  11.390  17.195  17.246
 17.246  17.306  17.321  17.456  17.458  17.498  17.542  17.567
 21.860  21.869  21.871  21.876  21.880  21.885  21.887  21.889
 21.900  21.900  21.901  21.901  21.918  21.927 140.565 140.787
 --------------------------------------------------------------
 
          Ground-State Mulliken Net Atomic Charges

     Atom                 Charge (a.u.)    Spin (a.u.)
  --------------------------------------------------------
      1 Si                    0.408453       0.378485
      2 Si                    0.408470       0.378477
      3 H                     0.029966       0.036150
      4 H                     0.030804       0.042782
      5 H                     0.030776       0.042586
      6 H                     0.029962       0.036154
      7 H                     0.030770       0.042585
      8 H                     0.030799       0.042782
  --------------------------------------------------------
  Sum of atomic charges =     1.000000
  Sum of spin   charges =     1.000000

 -----------------------------------------------------------------
                    Cartesian Multipole Moments
 -----------------------------------------------------------------
    Charge (ESU x 10^10)
                 4.8032
    Dipole Moment (Debye)
         X       0.0000      Y       0.0000      Z       5.6443
       Tot       5.6443
    Quadrupole Moments (Debye-Ang)
        XX     -25.2175     XY       0.0009     YY     -25.1751
        XZ       0.0669     YZ       0.0030     ZZ      -8.2341
    Octapole Moments (Debye-Ang^2)
       XXX       0.0000    XXY       0.0000    XYY       0.0000
       YYY       0.0000    XXZ     -29.6335    XYZ       0.0010
       YYZ     -29.5836    XZZ       0.1573    YZZ       0.0071
       ZZZ     -44.6167
    Hexadecapole Moments (Debye-Ang^3)
      XXXX     -62.2961   XXXY       0.0016   XXYY     -20.7387
      XYYY       0.0019   YYYY     -62.1500   XXXZ      -3.4007
      XXYZ       0.0021   XYYZ       3.6382   YYYZ       0.0064
      XXZZ     -87.6599   XYZZ       0.0047   YYZZ     -87.4610
      XZZZ       0.6561   YZZZ       0.0273   ZZZZ    -361.2182
 -----------------------------------------------------------------
 Total job time:  98.36s(wall), 96.56s(cpu) 
 Wed Mar 26 09:51:37 2014

        *************************************************************
        *                                                           *
        *  Thank you very much for using Q-Chem.  Have a nice day.  *
        *                                                           *
        *************************************************************


0 sent ACK to 0 
now end server 0 ... 
