Process 0 of 1 is on cl135 - thread support 1
initial socket setup ...start
initial socket setup ...done 
now start server 0 ... 

cmd = /usr/bin/ssh clhead /usr/local/qchem/bin/get_hostid 42266750 > /tmp/1602335.1.medium.q/qchem12150/lic.dat

cmd = /usr/bin/ssh clhead /usr/local/qchem/bin/get_hostid 42266750 > /tmp/1602335.1.medium.q/qchem12150/lic.dat

cmd = /usr/bin/ssh clhead /usr/local/qchem/bin/get_hostid 42266750 > /tmp/1602335.1.medium.q/qchem12150/lic.dat

cmd = /usr/bin/ssh clhead /usr/local/qchem/bin/get_hostid 42266750 > /tmp/1602335.1.medium.q/qchem12150/lic.dat

cmd = /usr/bin/ssh clhead /usr/local/qchem/bin/get_hostid 42266750 > /tmp/1602335.1.medium.q/qchem12150/lic.dat
                  Welcome to Q-Chem
     A Quantum Leap Into The Future Of Chemistry

 Y. Shao, L. Fusti-Molnar, Y. Jung, J. Kussmann, C. Ochsenfeld,
 S. T. Brown, A. T. B. Gilbert, L. V. Slipchenko,S. V. Levchenko,
 D. P. O'Neill, R. A. DiStasio Jr., R. C. Lochan, T. Wang,
 G. J. O. Beran, N. A. Besley, J. M. Herbert, C. Y. Lin,
 T. Van Voorhis, S. H. Chien, A. Sodt, R. P. Steele, 
 V. A. Rassolov, P. E. Maslen, P. P. Korambath, R. D. Adamson,
 B. Austin, J. Baker, E. F. C. Byrd, H. Dachsel, R. J. Doerksen,
 A. Dreuw, B. D. Dunietz, A. D. Dutoi, T. R. Furlani,
 S. R. Gwaltney, A. Heyden, S. Hirata, C.-P. Hsu, G. Kedziora,
 R. Z. Khaliullin, P. Klunzinger, A. M. Lee, M. S. Lee, W. Liang,
 I. Lotan, N. Nair, B. Peters, E. I. Proynov, P. A. Pieniazek, 
 Y. M. Rhee, J. Ritchie, E. Rosta, C. D. Sherrill, 
 A. C. Simmonett, J. E. Subotnik, H. L. Woodcock III,
 W. Zhang, A. T. Bell, A. K. Chakraborty, D. M. Chipman,
 F. J. Keil, A. Warshel, W. J. Hehre, H. F. Schaefer III,
 J. Kong, A. I. Krylov, P. M. W. Gill, M. Head-Gordon,
 Q-Chem, Version 3.1, Q-Chem, Inc., Pittsburgh, PA (2007).

 Additional authors for Version 3.1: 
 Z. Gan, Y. Zhao, N. E. Schultz, D. Truhlar, E. Epifanovsky and M. Oana.

 Additional authors for Version 3.2: 
 R. Baer, B. R. Brooks, D. Casanova, J.-D. Chai, C.-L. Cheng, 
 C. Cramer, D. Crittenden, A. Ghysels, G. Hawkins, E. G. Hohenstein, 
 C. Kelley, W. Kurlancheek, D. Liotard, E. Livshits, P. Manohar, 
 A. Marenich, D. Neuhauser, R. Olson, M. A. Rohrdanz, K. S. Thanthiriwatte, 
 A. J. W. Thom, V. Vanovschi, C. F. Williams, Q. Wu and Z.-Q. You. 


 Intel X86 Linux Version

 Q-chem begins on Sun Mar 23 14:25:07 2014  

 Parallel job on  1  processors
Processing $rem in /usr/local/qchem/config/preferences.

theFileMan(): MAXOPENFILES=974 MAX_SUB_FILE_NUM=16
Maximum size of a physical file is 2.0 GB, maximum size of a tmp-file is 32.0 GB


--------------------------------------------------------------
User input:
--------------------------------------------------------------

$molecule
-1,2
Si         0.00042        0.00000        0.00861
Si        -0.00042        0.00000        2.34162
H          1.39615        0.00000       -0.50798
H         -0.69759       -1.20904       -0.50646
H         -0.69759        1.20904       -0.50646
H         -1.39615        0.00000        2.85821
H          0.69759       -1.20904        2.85669
H          0.69759        1.20904        2.85669
$end

$comment
negative
$end

$xc_functional
C PBE   1.00
X wPBE  1.00
$end

$rem
SYMMETRY_DECOMPOSITION	0
exchange 		general
LRC_DFT                 true
BASIS                   g3large
omega			250
mem_static              760
max_scf_cycles          200
scf_final_print         1
sym_ignore              true
$end

--------------------------------------------------------------
 Writing REM_CC_EA            8
 ----------------------------------------------------
       Standard Nuclear Orientation (Angstroms)
    I     Atom         X            Y            Z
 ----------------------------------------------------
    1      Si      0.000420     0.000000     0.008610
    2      Si     -0.000420     0.000000     2.341620
    3      H       1.396150     0.000000    -0.507980
    4      H      -0.697590    -1.209040    -0.506460
    5      H      -0.697590     1.209040    -0.506460
    6      H      -1.396150     0.000000     2.858210
    7      H       0.697590    -1.209040     2.856690
    8      H       0.697590     1.209040     2.856690
 ----------------------------------------------------
 Nuclear Repulsion Energy =    90.8879884197 hartrees
 There are       18 alpha and       17 beta electrons
 Requested basis set is G3large
 There are 74 shells and 192 basis functions

Total QAlloc Memory Limit   2000 MB
Mega-Array Size       743 MB
MEM_STATIC part       760 MB

                       Distance Matrix (Angstroms)
             Si(  1)   Si(  2)   H (  3)   H (  4)   H (  5)   H (  6)
   Si(  2)  2.333010
   H (  3)  1.488263  3.173425
   H (  4)  1.488050  3.171653  2.417753
   H (  5)  1.488050  3.171653  2.417753  2.418080
   H (  6)  3.173425  1.488263  4.373577  3.642907  3.642907
   H (  7)  3.171653  1.488050  3.642907  3.641058  4.370860  2.417753
   H (  8)  3.171653  1.488050  3.642907  4.370860  3.641058  2.417753
             H (  7)
   H (  8)  2.418080
 
 A cutoff of  1.0D-08 yielded   2535 shell pairs
 There are  17276 function pairs ( 22407 Cartesian)
Evaluating contribution to one-electron hamiltonian from nuclear
 Smallest overlap matrix eigenvalue = 1.96E-04
 Multipole matrices computed through 2nd order

  Scale SEOQF with 1.000000e-01/1.000000e-01/1.000000e-01

 Standard Electronic Orientation quadrupole field applied
 Nucleus-field energy     =    -0.0000000103 hartrees
 Guess from superposition of atomic densities
 Warning:  Energy on first SCF cycle will be non-variational
 Long-range K will be added via erf
 Coulomb attenuation parameter = 0.25 bohr**(-1)
 An unrestricted Kohn-Sham SCF calculation will be
 performed using Pulay DIIS extrapolation
 Exchange:  wPBE + LR-HF      Correlation:  PBE
 Using SG-1 standard quadrature grid
 SCF converges when DIIS error is below 1.0E-05
 Requested basis set is G3large
 There are 74 shells and 192 basis functions
 A cutoff of  1.0D-08 yielded   2535 shell pairs
 There are  17276 function pairs ( 22407 Cartesian)
 Warning!  Inaccurate integrated density:
   Number of electrons =    35
   Numerical integral  =    34.000072301361
   Relative error      =    -2.8569362818 %
 ---------------------------------------
  Cycle       Energy         DIIS Error
 ---------------------------------------
    1    -582.2487290341      2.14E-02
    2    -582.2331476916      1.60E-03
    3    -582.2618786096      7.69E-04
    4    -582.2654619733      1.88E-04
    5    -582.2660227098      6.72E-05
    6    -582.2662214212      2.83E-05
    7    -582.2662874595      1.21E-05
    8    -582.2663173012      6.93E-06 Convergence criterion met
 ---------------------------------------
 One-Electron    Energy =  -993.4967958024
 Total Coulomb   Energy =   364.2840851488
 Alpha Exchange  Energy =    -2.3685983840
 Beta  Exchange  Energy =    -2.2699210284
 DFT   Exchange  Energy =   -38.0836250546
 DFT Correlation Energy =    -1.2194505899
 Nuclear Repu.   Energy =    90.8879884094
 Nuclear Attr.   Energy = -1574.8835861168
 Kinetic         Energy =   581.3867903144
 <S^2> = 0.7540
 SCF time:  CPU 111.42 s  wall 112.63 s
 Final Alpha MO Eigenvalues
            1           2           3           4           5           6
    1 -65.3387654 -65.3387605  -4.9968877  -4.9967926  -3.4052375  -3.4052115
            7           8           9          10          11          12
    1  -3.4045400  -3.4041782  -3.4038506  -3.4037045  -0.4690604  -0.4072739
           13          14          15          16          17          18
    1  -0.2649150  -0.2626131  -0.2390184  -0.2358217  -0.1867682   0.0656169
           19          20          21          22          23
    1   0.1598666   0.1622834   0.1924861   0.1946207   0.1973672
 Final Beta MO Eigenvalues
            1           2           3           4           5           6
    1 -65.3387139 -65.3387091  -4.9966832  -4.9965935  -3.4051890  -3.4051850
            7           8           9          10          11          12
    1  -3.4044754  -3.4040156  -3.4032220  -3.4032194  -0.4614852  -0.4035966
           13          14          15          16          17          18
    1  -0.2610615  -0.2503699  -0.2351125  -0.2256331  -0.1751566   0.1620094
           19          20          21          22
    1   0.1643243   0.1939117   0.1970173   0.2010620
 Analysis of SCF Wavefunction
 
 --------------------------------------------------------------
                    Orbital Energies (a.u.)
 --------------------------------------------------------------
 
 Alpha MOs
 -- Occupied --
-65.339 -65.339  -4.997  -4.997  -3.405  -3.405  -3.405  -3.404
 -3.404  -3.404  -0.469  -0.407  -0.265  -0.263  -0.239  -0.236
 -0.187   0.066
 -- Virtual --
  0.160   0.162   0.192   0.195   0.197   0.199   0.202   0.209
  0.210   0.219   0.220   0.260   0.282   0.283   0.292   0.294
  0.318   0.326   0.351   0.360   0.382   0.385   0.435   0.462
  0.477   0.477   0.481   0.482   0.527   0.530   0.531   0.532
  0.571   0.572   0.573   0.648   0.649   0.656   0.683   0.684
  0.699   0.712   0.735   0.736   0.738   0.859   0.861   0.865
  0.871   0.883   0.886   0.894   0.929   0.932   0.935   0.936
  0.976   1.063   1.064   1.076   1.077   1.134   1.137   1.139
  1.179   1.180   1.183   1.192   1.314   1.353   1.361   1.364
  1.364   1.366   1.437   1.440   1.463   1.504   1.506   1.533
  1.552   1.596   1.597   1.624   1.630   1.631   1.743   1.744
  1.745   1.747   1.836   1.939   2.267   2.331   2.333   2.349
  2.357   2.431   2.431   2.474   2.492   2.492   2.574   2.580
  2.581   2.734   3.040   3.045   3.076   3.081   3.287   3.312
  3.773   3.774   3.798   3.800   3.812   3.999   4.002   4.003
  4.006   4.248   4.276   4.281   4.284   4.289   4.301   4.307
  4.328   4.334   4.366   4.372   4.403   4.405   4.545   4.651
  4.682   4.685   4.749   4.753   6.136   6.328  11.576  11.577
 11.606  11.607  11.679  11.825  17.637  17.685  17.685  17.746
 17.761  17.897  17.897  17.938  17.980  18.006  22.303  22.310
 22.314  22.314  22.319  22.327  22.329  22.330  22.341  22.341
 22.342  22.343  22.357  22.368 141.003 141.225
 
 Beta MOs
 -- Occupied --
-65.339 -65.339  -4.997  -4.997  -3.405  -3.405  -3.404  -3.404
 -3.403  -3.403  -0.461  -0.404  -0.261  -0.250  -0.235  -0.226
 -0.175
 -- Virtual --
  0.162   0.164   0.194   0.197   0.201   0.205   0.206   0.211
  0.213   0.220   0.222   0.226   0.286   0.288   0.296   0.297
  0.300   0.331   0.335   0.355   0.365   0.387   0.388   0.442
  0.466   0.479   0.484   0.485   0.489   0.533   0.540   0.540
  0.541   0.574   0.575   0.581   0.651   0.660   0.668   0.693
  0.696   0.708   0.719   0.740   0.743   0.746   0.867   0.868
  0.873   0.876   0.891   0.894   0.901   0.931   0.936   0.938
  0.941   0.987   1.067   1.068   1.079   1.083   1.143   1.143
  1.152   1.183   1.188   1.193   1.194   1.318   1.360   1.368
  1.369   1.370   1.376   1.444   1.446   1.471   1.509   1.513
  1.540   1.559   1.600   1.607   1.630   1.634   1.642   1.747
  1.748   1.755   1.756   1.844   1.944   2.268   2.332   2.340
  2.354   2.362   2.435   2.439   2.477   2.497   2.499   2.579
  2.582   2.588   2.738   3.043   3.054   3.079   3.090   3.293
  3.318   3.774   3.776   3.800   3.802   3.813   4.001   4.005
  4.009   4.012   4.253   4.280   4.288   4.289   4.298   4.306
  4.310   4.332   4.344   4.368   4.381   4.410   4.412   4.551
  4.655   4.684   4.693   4.752   4.761   6.137   6.329  11.576
 11.579  11.606  11.608  11.680  11.826  17.637  17.685  17.686
 17.747  17.761  17.897  17.898  17.939  17.980  18.007  22.303
 22.310  22.314  22.314  22.319  22.327  22.329  22.330  22.341
 22.342  22.342  22.343  22.357  22.368 141.003 141.225
 --------------------------------------------------------------
 
          Ground-State Mulliken Net Atomic Charges

     Atom                 Charge (a.u.)    Spin (a.u.)
  --------------------------------------------------------
      1 Si                   -0.159259       0.552975
      2 Si                   -0.159411       0.553128
      3 H                    -0.106229      -0.024941
      4 H                    -0.138577      -0.016636
      5 H                    -0.095871      -0.011463
      6 H                    -0.105924      -0.025248
      7 H                    -0.096278      -0.011051
      8 H                    -0.138451      -0.016763
  --------------------------------------------------------
  Sum of atomic charges =    -1.000000
  Sum of spin   charges =     1.000000

 -----------------------------------------------------------------
                    Cartesian Multipole Moments
 -----------------------------------------------------------------
    Charge (ESU x 10^10)
                -4.8032
    Dipole Moment (Debye)
         X       0.0002      Y      -0.0004      Z      -5.6447
       Tot       5.6447
    Quadrupole Moments (Debye-Ang)
        XX     -44.0549     XY       2.4575     YY     -44.3424
        XZ      -0.0953     YZ       2.6828     ZZ     -58.2666
    Octapole Moments (Debye-Ang^2)
       XXX       0.0008    XXY      -0.0011    XYY       0.0010
       YYY      -0.0028    XXZ     -51.7660    XYZ       2.8940
       YYZ     -52.1160    XZZ      -0.2294    YZZ       6.3110
       ZZZ    -189.8228
    Hexadecapole Moments (Debye-Ang^3)
      XXXX    -180.3415   XXXY       1.6441   XXYY     -61.0146
      XYYY      20.7137   YYYY    -183.7940   XXXZ      10.1701
      XXYZ       6.1972   XYYZ     -10.7201   YYYZ      18.5564
      XXZZ    -198.3476   XYZZ      11.7387   YYZZ    -200.6649
      XZZZ      -2.4592   YZZZ      51.0608   ZZZZ    -973.8026
 -----------------------------------------------------------------
 Total job time:  112.91s(wall), 111.63s(cpu) 
 Sun Mar 23 14:27:00 2014

        *************************************************************
        *                                                           *
        *  Thank you very much for using Q-Chem.  Have a nice day.  *
        *                                                           *
        *************************************************************


0 sent ACK to 0 
now end server 0 ... 
 
**********************************************************************
Job 2 of 3 
**********************************************************************
 
Process 0 of 1 is on cl135 - thread support 1
initial socket setup ...start
initial socket setup ...done 
now start server 0 ... 

cmd = /usr/bin/ssh clhead /usr/local/qchem/bin/get_hostid 2040394735 > /tmp/1602335.1.medium.q/qchem12150/lic.dat

cmd = /usr/bin/ssh clhead /usr/local/qchem/bin/get_hostid 2040394735 > /tmp/1602335.1.medium.q/qchem12150/lic.dat

cmd = /usr/bin/ssh clhead /usr/local/qchem/bin/get_hostid 2040394735 > /tmp/1602335.1.medium.q/qchem12150/lic.dat

cmd = /usr/bin/ssh clhead /usr/local/qchem/bin/get_hostid 2040394735 > /tmp/1602335.1.medium.q/qchem12150/lic.dat

cmd = /usr/bin/ssh clhead /usr/local/qchem/bin/get_hostid 2040394735 > /tmp/1602335.1.medium.q/qchem12150/lic.dat
                  Welcome to Q-Chem
     A Quantum Leap Into The Future Of Chemistry

 Y. Shao, L. Fusti-Molnar, Y. Jung, J. Kussmann, C. Ochsenfeld,
 S. T. Brown, A. T. B. Gilbert, L. V. Slipchenko,S. V. Levchenko,
 D. P. O'Neill, R. A. DiStasio Jr., R. C. Lochan, T. Wang,
 G. J. O. Beran, N. A. Besley, J. M. Herbert, C. Y. Lin,
 T. Van Voorhis, S. H. Chien, A. Sodt, R. P. Steele, 
 V. A. Rassolov, P. E. Maslen, P. P. Korambath, R. D. Adamson,
 B. Austin, J. Baker, E. F. C. Byrd, H. Dachsel, R. J. Doerksen,
 A. Dreuw, B. D. Dunietz, A. D. Dutoi, T. R. Furlani,
 S. R. Gwaltney, A. Heyden, S. Hirata, C.-P. Hsu, G. Kedziora,
 R. Z. Khaliullin, P. Klunzinger, A. M. Lee, M. S. Lee, W. Liang,
 I. Lotan, N. Nair, B. Peters, E. I. Proynov, P. A. Pieniazek, 
 Y. M. Rhee, J. Ritchie, E. Rosta, C. D. Sherrill, 
 A. C. Simmonett, J. E. Subotnik, H. L. Woodcock III,
 W. Zhang, A. T. Bell, A. K. Chakraborty, D. M. Chipman,
 F. J. Keil, A. Warshel, W. J. Hehre, H. F. Schaefer III,
 J. Kong, A. I. Krylov, P. M. W. Gill, M. Head-Gordon,
 Q-Chem, Version 3.1, Q-Chem, Inc., Pittsburgh, PA (2007).

 Additional authors for Version 3.1: 
 Z. Gan, Y. Zhao, N. E. Schultz, D. Truhlar, E. Epifanovsky and M. Oana.

 Additional authors for Version 3.2: 
 R. Baer, B. R. Brooks, D. Casanova, J.-D. Chai, C.-L. Cheng, 
 C. Cramer, D. Crittenden, A. Ghysels, G. Hawkins, E. G. Hohenstein, 
 C. Kelley, W. Kurlancheek, D. Liotard, E. Livshits, P. Manohar, 
 A. Marenich, D. Neuhauser, R. Olson, M. A. Rohrdanz, K. S. Thanthiriwatte, 
 A. J. W. Thom, V. Vanovschi, C. F. Williams, Q. Wu and Z.-Q. You. 


 Intel X86 Linux Version

 Q-chem begins on Sun Mar 23 14:27:04 2014  

 Parallel job on  1  processors
Processing $rem in /usr/local/qchem/config/preferences.

theFileMan(): MAXOPENFILES=974 MAX_SUB_FILE_NUM=16
Maximum size of a physical file is 2.0 GB, maximum size of a tmp-file is 32.0 GB


--------------------------------------------------------------
User input:
--------------------------------------------------------------

$molecule
0,1
Si         0.00042        0.00000        0.00861
Si        -0.00042        0.00000        2.34162
H          1.39615        0.00000       -0.50798
H         -0.69759       -1.20904       -0.50646
H         -0.69759        1.20904       -0.50646
H         -1.39615        0.00000        2.85821
H          0.69759       -1.20904        2.85669
H          0.69759        1.20904        2.85669
$end

$comment
neutral
$end

$xc_functional
C PBE   1.00
X wPBE  1.00
$end


$rem
SYMMETRY_DECOMPOSITION	0
LRC_DFT                 true
exchange 		general
BASIS                   g3large
omega			250
mem_static              760
max_scf_cycles          200
scf_final_print         1
sym_ignore              true
$end

--------------------------------------------------------------
 Writing REM_CC_EA            8
 ----------------------------------------------------
       Standard Nuclear Orientation (Angstroms)
    I     Atom         X            Y            Z
 ----------------------------------------------------
    1      Si      0.000420     0.000000     0.008610
    2      Si     -0.000420     0.000000     2.341620
    3      H       1.396150     0.000000    -0.507980
    4      H      -0.697590    -1.209040    -0.506460
    5      H      -0.697590     1.209040    -0.506460
    6      H      -1.396150     0.000000     2.858210
    7      H       0.697590    -1.209040     2.856690
    8      H       0.697590     1.209040     2.856690
 ----------------------------------------------------
 Nuclear Repulsion Energy =    90.8879884197 hartrees
 There are       17 alpha and       17 beta electrons
 Requested basis set is G3large
 There are 74 shells and 192 basis functions

Total QAlloc Memory Limit   2000 MB
Mega-Array Size       743 MB
MEM_STATIC part       760 MB

                       Distance Matrix (Angstroms)
             Si(  1)   Si(  2)   H (  3)   H (  4)   H (  5)   H (  6)
   Si(  2)  2.333010
   H (  3)  1.488263  3.173425
   H (  4)  1.488050  3.171653  2.417753
   H (  5)  1.488050  3.171653  2.417753  2.418080
   H (  6)  3.173425  1.488263  4.373577  3.642907  3.642907
   H (  7)  3.171653  1.488050  3.642907  3.641058  4.370860  2.417753
   H (  8)  3.171653  1.488050  3.642907  4.370860  3.641058  2.417753
             H (  7)
   H (  8)  2.418080
 
 A cutoff of  1.0D-08 yielded   2535 shell pairs
 There are  17276 function pairs ( 22407 Cartesian)
Evaluating contribution to one-electron hamiltonian from nuclear
 Smallest overlap matrix eigenvalue = 1.96E-04
 Multipole matrices computed through 2nd order

  Scale SEOQF with 1.000000e-01/1.000000e-01/1.000000e-01

 Standard Electronic Orientation quadrupole field applied
 Nucleus-field energy     =    -0.0000000103 hartrees
 Guess from superposition of atomic densities
 Warning:  Energy on first SCF cycle will be non-variational
 Long-range K will be added via erf
 Coulomb attenuation parameter = 0.25 bohr**(-1)
 A restricted Kohn-Sham SCF calculation will be
 performed using Pulay DIIS extrapolation
 Exchange:  wPBE + LR-HF      Correlation:  PBE
 Using SG-1 standard quadrature grid
 SCF converges when DIIS error is below 1.0E-05
 Requested basis set is G3large
 There are 74 shells and 192 basis functions
 A cutoff of  1.0D-08 yielded   2535 shell pairs
 There are  17276 function pairs ( 22407 Cartesian)
 ---------------------------------------
  Cycle       Energy         DIIS Error
 ---------------------------------------
    1    -582.2487290341      2.14E-02
    2    -582.3130817882      1.44E-03
    3    -582.3307036515      4.04E-04
    4    -582.3318020810      1.23E-04
    5    -582.3319125942      4.16E-05
    6    -582.3319256062      7.20E-06 Convergence criterion met
 ---------------------------------------
 One-Electron    Energy =  -987.1273528340
 Total Coulomb   Energy =   357.6684804846
 Alpha Exchange  Energy =    -2.2736128362
 Beta  Exchange  Energy =    -2.2736128362
 DFT   Exchange  Energy =   -38.0177433853
 DFT Correlation Energy =    -1.1960726086
 Nuclear Repu.   Energy =    90.8879884094
 Nuclear Attr.   Energy = -1568.4105370576
 Kinetic         Energy =   581.2831842236
 SCF time:  CPU 66.99 s  wall 67.65 s
 Final Alpha MO Eigenvalues
            1           2           3           4           5           6
    1 -65.5283964 -65.5283921  -5.1894395  -5.1893466  -3.5971439  -3.5967852
            7           8           9          10          11          12
    1  -3.5967707  -3.5967269  -3.5967133  -3.5965584  -0.6594221  -0.5928134
           13          14          15          16          17          18
    1  -0.4462207  -0.4461599  -0.4177874  -0.4177729  -0.3758264   0.0388776
           19          20          21          22
    1   0.0451167   0.0662771   0.0664470   0.0731506
 Analysis of SCF Wavefunction
 
 --------------------------------------------------------------
                    Orbital Energies (a.u.)
 --------------------------------------------------------------
 
 Alpha MOs
 -- Occupied --
-65.528 -65.528  -5.189  -5.189  -3.597  -3.597  -3.597  -3.597
 -3.597  -3.597  -0.659  -0.593  -0.446  -0.446  -0.418  -0.418
 -0.376
 -- Virtual --
  0.039   0.045   0.066   0.066   0.073   0.073   0.074   0.074
  0.079   0.096   0.096   0.098   0.132   0.146   0.146   0.152
  0.166   0.171   0.171   0.210   0.210   0.215   0.215   0.286
  0.315   0.322   0.322   0.327   0.327   0.367   0.367   0.383
  0.383   0.418   0.427   0.427   0.478   0.491   0.495   0.521
  0.521   0.535   0.546   0.565   0.569   0.569   0.692   0.692
  0.693   0.706   0.715   0.715   0.725   0.761   0.761   0.765
  0.765   0.812   0.886   0.886   0.905   0.905   0.960   0.960
  0.967   1.007   1.007   1.009   1.012   1.145   1.182   1.189
  1.189   1.191   1.191   1.266   1.267   1.293   1.332   1.332
  1.362   1.381   1.416   1.416   1.449   1.449   1.450   1.570
  1.570   1.571   1.572   1.647   1.759   2.074   2.140   2.140
  2.157   2.165   2.241   2.242   2.282   2.302   2.303   2.387
  2.388   2.388   2.544   2.860   2.861   2.897   2.897   3.105
  3.130   3.581   3.581   3.605   3.607   3.621   3.814   3.815
  3.817   3.819   4.065   4.097   4.097   4.105   4.105   4.117
  4.119   4.148   4.148   4.187   4.187   4.221   4.222   4.362
  4.465   4.497   4.497   4.564   4.564   5.944   6.137  11.385
 11.385  11.415  11.415  11.487  11.634  17.444  17.492  17.493
 17.554  17.568  17.704  17.705  17.746  17.788  17.814  22.110
 22.117  22.121  22.121  22.127  22.134  22.136  22.137  22.148
 22.149  22.150  22.150  22.164  22.175 140.813 141.035
 --------------------------------------------------------------
 
          Ground-State Mulliken Net Atomic Charges

     Atom                 Charge (a.u.)
  ----------------------------------------
      1 Si                    0.237146
      2 Si                    0.237109
      3 H                    -0.078979
      4 H                    -0.079134
      5 H                    -0.079005
      6 H                    -0.078987
      7 H                    -0.079011
      8 H                    -0.079139
  ----------------------------------------
  Sum of atomic charges =     0.000000

 -----------------------------------------------------------------
                    Cartesian Multipole Moments
 -----------------------------------------------------------------
    Charge (ESU x 10^10)
                 0.0000
    Dipole Moment (Debye)
         X       0.0000      Y       0.0000      Z       0.0000
       Tot       0.0000
    Quadrupole Moments (Debye-Ang)
        XX     -31.1265     XY      -0.0001     YY     -31.1288
        XZ      -0.0038     YZ      -0.0004     ZZ     -31.9216
    Octapole Moments (Debye-Ang^2)
       XXX       0.0000    XXY       0.0000    XYY       0.0000
       YYY       0.0000    XXZ     -36.5772    XYZ      -0.0001
       YYZ     -36.5799    XZZ      -0.0089    YZZ      -0.0010
       ZZZ    -112.5345
    Hexadecapole Moments (Debye-Ang^3)
      XXXX     -83.3962   XXXY      -0.0012   XXYY     -27.8002
      XYYY      -0.0019   YYYY     -83.4116   XXXZ       1.0549
      XXYZ      -0.0012   XYYZ      -0.9886   YYYZ      -0.0033
      XXZZ    -118.8207   XYZZ      -0.0050   YYZZ    -118.8389
      XZZZ       0.0288   YZZZ      -0.0044   ZZZZ    -618.1196
 -----------------------------------------------------------------
 Total job time:  67.89s(wall), 67.20s(cpu) 
 Sun Mar 23 14:28:12 2014

        *************************************************************
        *                                                           *
        *  Thank you very much for using Q-Chem.  Have a nice day.  *
        *                                                           *
        *************************************************************


0 sent ACK to 0 
now end server 0 ... 
 
**********************************************************************
Job 3 of 3 
**********************************************************************
 
Process 0 of 1 is on cl135 - thread support 1
initial socket setup ...start
initial socket setup ...done 
now start server 0 ... 

cmd = /usr/bin/ssh clhead /usr/local/qchem/bin/get_hostid 1613845470 > /tmp/1602335.1.medium.q/qchem12150/lic.dat

cmd = /usr/bin/ssh clhead /usr/local/qchem/bin/get_hostid 1613845470 > /tmp/1602335.1.medium.q/qchem12150/lic.dat

cmd = /usr/bin/ssh clhead /usr/local/qchem/bin/get_hostid 1613845470 > /tmp/1602335.1.medium.q/qchem12150/lic.dat

cmd = /usr/bin/ssh clhead /usr/local/qchem/bin/get_hostid 1613845470 > /tmp/1602335.1.medium.q/qchem12150/lic.dat

cmd = /usr/bin/ssh clhead /usr/local/qchem/bin/get_hostid 1613845470 > /tmp/1602335.1.medium.q/qchem12150/lic.dat
                  Welcome to Q-Chem
     A Quantum Leap Into The Future Of Chemistry

 Y. Shao, L. Fusti-Molnar, Y. Jung, J. Kussmann, C. Ochsenfeld,
 S. T. Brown, A. T. B. Gilbert, L. V. Slipchenko,S. V. Levchenko,
 D. P. O'Neill, R. A. DiStasio Jr., R. C. Lochan, T. Wang,
 G. J. O. Beran, N. A. Besley, J. M. Herbert, C. Y. Lin,
 T. Van Voorhis, S. H. Chien, A. Sodt, R. P. Steele, 
 V. A. Rassolov, P. E. Maslen, P. P. Korambath, R. D. Adamson,
 B. Austin, J. Baker, E. F. C. Byrd, H. Dachsel, R. J. Doerksen,
 A. Dreuw, B. D. Dunietz, A. D. Dutoi, T. R. Furlani,
 S. R. Gwaltney, A. Heyden, S. Hirata, C.-P. Hsu, G. Kedziora,
 R. Z. Khaliullin, P. Klunzinger, A. M. Lee, M. S. Lee, W. Liang,
 I. Lotan, N. Nair, B. Peters, E. I. Proynov, P. A. Pieniazek, 
 Y. M. Rhee, J. Ritchie, E. Rosta, C. D. Sherrill, 
 A. C. Simmonett, J. E. Subotnik, H. L. Woodcock III,
 W. Zhang, A. T. Bell, A. K. Chakraborty, D. M. Chipman,
 F. J. Keil, A. Warshel, W. J. Hehre, H. F. Schaefer III,
 J. Kong, A. I. Krylov, P. M. W. Gill, M. Head-Gordon,
 Q-Chem, Version 3.1, Q-Chem, Inc., Pittsburgh, PA (2007).

 Additional authors for Version 3.1: 
 Z. Gan, Y. Zhao, N. E. Schultz, D. Truhlar, E. Epifanovsky and M. Oana.

 Additional authors for Version 3.2: 
 R. Baer, B. R. Brooks, D. Casanova, J.-D. Chai, C.-L. Cheng, 
 C. Cramer, D. Crittenden, A. Ghysels, G. Hawkins, E. G. Hohenstein, 
 C. Kelley, W. Kurlancheek, D. Liotard, E. Livshits, P. Manohar, 
 A. Marenich, D. Neuhauser, R. Olson, M. A. Rohrdanz, K. S. Thanthiriwatte, 
 A. J. W. Thom, V. Vanovschi, C. F. Williams, Q. Wu and Z.-Q. You. 


 Intel X86 Linux Version

 Q-chem begins on Sun Mar 23 14:28:16 2014  

 Parallel job on  1  processors
Processing $rem in /usr/local/qchem/config/preferences.

theFileMan(): MAXOPENFILES=974 MAX_SUB_FILE_NUM=16
Maximum size of a physical file is 2.0 GB, maximum size of a tmp-file is 32.0 GB


--------------------------------------------------------------
User input:
--------------------------------------------------------------

$molecule
1,2
Si         0.00042        0.00000        0.00861
Si        -0.00042        0.00000        2.34162
H          1.39615        0.00000       -0.50798
H         -0.69759       -1.20904       -0.50646
H         -0.69759        1.20904       -0.50646
H         -1.39615        0.00000        2.85821
H          0.69759       -1.20904        2.85669
H          0.69759        1.20904        2.85669
$end

$comment
positive
$end

$xc_functional
C PBE   1.00
X wPBE  1.00
$end

$rem
SYMMETRY_DECOMPOSITION	0
LRC_DFT                 true
exchange 		general
BASIS                   g3large
omega			250
mem_static              760
max_scf_cycles          200
scf_final_print         1
sym_ignore              true
$end

--------------------------------------------------------------
 Writing REM_CC_EA            8
 ----------------------------------------------------
       Standard Nuclear Orientation (Angstroms)
    I     Atom         X            Y            Z
 ----------------------------------------------------
    1      Si      0.000420     0.000000     0.008610
    2      Si     -0.000420     0.000000     2.341620
    3      H       1.396150     0.000000    -0.507980
    4      H      -0.697590    -1.209040    -0.506460
    5      H      -0.697590     1.209040    -0.506460
    6      H      -1.396150     0.000000     2.858210
    7      H       0.697590    -1.209040     2.856690
    8      H       0.697590     1.209040     2.856690
 ----------------------------------------------------
 Nuclear Repulsion Energy =    90.8879884197 hartrees
 There are       17 alpha and       16 beta electrons
 Requested basis set is G3large
 There are 74 shells and 192 basis functions

Total QAlloc Memory Limit   2000 MB
Mega-Array Size       743 MB
MEM_STATIC part       760 MB

                       Distance Matrix (Angstroms)
             Si(  1)   Si(  2)   H (  3)   H (  4)   H (  5)   H (  6)
   Si(  2)  2.333010
   H (  3)  1.488263  3.173425
   H (  4)  1.488050  3.171653  2.417753
   H (  5)  1.488050  3.171653  2.417753  2.418080
   H (  6)  3.173425  1.488263  4.373577  3.642907  3.642907
   H (  7)  3.171653  1.488050  3.642907  3.641058  4.370860  2.417753
   H (  8)  3.171653  1.488050  3.642907  4.370860  3.641058  2.417753
             H (  7)
   H (  8)  2.418080
 
 A cutoff of  1.0D-08 yielded   2535 shell pairs
 There are  17276 function pairs ( 22407 Cartesian)
Evaluating contribution to one-electron hamiltonian from nuclear
 Smallest overlap matrix eigenvalue = 1.96E-04
 Multipole matrices computed through 2nd order

  Scale SEOQF with 1.000000e-01/1.000000e-01/1.000000e-01

 Standard Electronic Orientation quadrupole field applied
 Nucleus-field energy     =    -0.0000000103 hartrees
 Guess from superposition of atomic densities
 Warning:  Energy on first SCF cycle will be non-variational
 Long-range K will be added via erf
 Coulomb attenuation parameter = 0.25 bohr**(-1)
 An unrestricted Kohn-Sham SCF calculation will be
 performed using Pulay DIIS extrapolation
 Exchange:  wPBE + LR-HF      Correlation:  PBE
 Using SG-1 standard quadrature grid
 SCF converges when DIIS error is below 1.0E-05
 Requested basis set is G3large
 There are 74 shells and 192 basis functions
 A cutoff of  1.0D-08 yielded   2535 shell pairs
 There are  17276 function pairs ( 22407 Cartesian)
 Warning!  Inaccurate integrated density:
   Number of electrons =    33
   Numerical integral  =    34.000072301361
   Relative error      =     3.0305221253 %
 ---------------------------------------
  Cycle       Energy         DIIS Error
 ---------------------------------------
    1    -582.2487290341      2.14E-02
    2    -581.8815791475      2.60E-03
    3    -581.9325963745      1.58E-03
    4    -581.9442556463      2.39E-04
    5    -581.9446241091      5.03E-05
    6    -581.9446985579      1.39E-05
    7    -581.9447144775      6.95E-06 Convergence criterion met
 ---------------------------------------
 One-Electron    Energy =  -978.6396914005
 Total Coulomb   Energy =   349.2755075876
 Alpha Exchange  Energy =    -2.2790495305
 Beta  Exchange  Energy =    -2.1478574560
 DFT   Exchange  Energy =   -37.8819664451
 DFT Correlation Energy =    -1.1596456426
 Nuclear Repu.   Energy =    90.8879884094
 Nuclear Attr.   Energy = -1559.7166785053
 Kinetic         Energy =   581.0769871049
 <S^2> = 0.7536
 SCF time:  CPU 95.32 s  wall 96.44 s
 Final Alpha MO Eigenvalues
            1           2           3           4           5           6
    1 -65.7895842 -65.7895791  -5.4497058  -5.4496032  -3.8640448  -3.8634084
            7           8           9          10          11          12
    1  -3.8542341  -3.8542248  -3.8541768  -3.8541677  -0.9195350  -0.8261104
           13          14          15          16          17          18
    1  -0.6749869  -0.6742597  -0.6507990  -0.6419889  -0.6410393  -0.1592563
           19          20          21          22
    1  -0.1591223  -0.1353788  -0.1209365  -0.0970629
 Final Beta MO Eigenvalues
            1           2           3           4           5           6
    1 -65.7880727 -65.7880677  -5.4480207  -5.4479213  -3.8586092  -3.8580003
            7           8           9          10          11          12
    1  -3.8535934  -3.8535649  -3.8535396  -3.8535112  -0.8875513  -0.8054827
           13          14          15          16          17          18
    1  -0.6668157  -0.6665310  -0.6342964  -0.6340664  -0.3962815  -0.1394926
           19          20          21
    1  -0.1392030  -0.1153132  -0.1137533
 Analysis of SCF Wavefunction
 
 --------------------------------------------------------------
                    Orbital Energies (a.u.)
 --------------------------------------------------------------
 
 Alpha MOs
 -- Occupied --
-65.790 -65.790  -5.450  -5.450  -3.864  -3.863  -3.854  -3.854
 -3.854  -3.854  -0.920  -0.826  -0.675  -0.674  -0.651  -0.642
 -0.641
 -- Virtual --
 -0.159  -0.159  -0.135  -0.121  -0.097  -0.097  -0.070  -0.065
 -0.060  -0.060  -0.030  -0.030  -0.020   0.000   0.000   0.003
  0.012   0.012   0.030   0.030   0.031   0.053   0.054   0.098
  0.132   0.132   0.147   0.147   0.149   0.184   0.185   0.208
  0.208   0.241   0.260   0.261   0.278   0.301   0.306   0.329
  0.329   0.345   0.350   0.363   0.363   0.367   0.482   0.486
  0.487   0.498   0.512   0.512   0.529   0.549   0.549   0.571
  0.571   0.615   0.667   0.668   0.700   0.700   0.740   0.740
  0.761   0.764   0.799   0.799   0.807   0.940   0.970   0.976
  0.976   0.989   0.990   1.065   1.065   1.095   1.122   1.123
  1.154   1.177   1.193   1.193   1.223   1.223   1.235   1.356
  1.356   1.358   1.359   1.389   1.529   1.814   1.879   1.879
  1.920   1.928   1.991   1.992   2.039   2.054   2.054   2.127
  2.127   2.154   2.286   2.637   2.638   2.676   2.677   2.883
  2.908   3.324   3.324   3.349   3.351   3.359   3.577   3.578
  3.580   3.582   3.842   3.860   3.874   3.876   3.883   3.885
  3.896   3.924   3.925   3.964   3.965   3.998   3.999   4.136
  4.229   4.262   4.263   4.327   4.327   5.687   5.884  11.130
 11.130  11.159  11.160  11.220  11.369  17.179  17.234  17.234
 17.293  17.308  17.439  17.445  17.486  17.530  17.556  21.848
 21.857  21.859  21.865  21.870  21.873  21.875  21.878  21.888
 21.888  21.890  21.890  21.908  21.916 140.552 140.774
 
 Beta MOs
 -- Occupied --
-65.788 -65.788  -5.448  -5.448  -3.859  -3.858  -3.854  -3.854
 -3.854  -3.854  -0.888  -0.805  -0.667  -0.667  -0.634  -0.634
 -- Virtual --
 -0.396  -0.139  -0.139  -0.115  -0.114  -0.095  -0.095  -0.061
 -0.059  -0.059  -0.058  -0.030  -0.029  -0.014   0.007   0.008
  0.008   0.013   0.013   0.032   0.032   0.033   0.056   0.056
  0.113   0.138   0.138   0.150   0.150   0.155   0.187   0.187
  0.212   0.212   0.248   0.264   0.264   0.279   0.310   0.316
  0.333   0.334   0.348   0.357   0.368   0.376   0.376   0.492
  0.495   0.496   0.508   0.517   0.517   0.536   0.557   0.557
  0.576   0.577   0.621   0.673   0.673   0.702   0.703   0.748
  0.748   0.769   0.788   0.806   0.806   0.813   0.947   0.982
  0.985   0.985   0.993   0.993   1.069   1.070   1.098   1.129
  1.130   1.162   1.184   1.197   1.197   1.226   1.226   1.244
  1.362   1.362   1.364   1.364   1.414   1.540   1.840   1.908
  1.909   1.919   1.927   2.007   2.008   2.045   2.068   2.068
  2.153   2.153   2.156   2.312   2.645   2.645   2.684   2.684
  2.890   2.915   3.329   3.330   3.354   3.356   3.371   3.581
  3.583   3.585   3.586   3.850   3.876   3.882   3.883   3.892
  3.892   3.905   3.932   3.933   3.972   3.972   4.007   4.007
  4.143   4.239   4.271   4.271   4.336   4.336   5.694   5.889
 11.131  11.131  11.161  11.161  11.231  11.380  17.185  17.235
 17.236  17.296  17.310  17.445  17.447  17.488  17.531  17.557
 21.850  21.858  21.861  21.866  21.870  21.874  21.876  21.879
 21.889  21.890  21.891  21.891  21.908  21.917 140.554 140.776
 --------------------------------------------------------------
 
          Ground-State Mulliken Net Atomic Charges

     Atom                 Charge (a.u.)    Spin (a.u.)
  --------------------------------------------------------
      1 Si                    0.410933       0.378533
      2 Si                    0.410917       0.378512
      3 H                     0.029175       0.036417
      4 H                     0.029915       0.042282
      5 H                     0.029981       0.042774
      6 H                     0.029179       0.036430
      7 H                     0.029982       0.042777
      8 H                     0.029918       0.042276
  --------------------------------------------------------
  Sum of atomic charges =     1.000000
  Sum of spin   charges =     1.000000

 -----------------------------------------------------------------
                    Cartesian Multipole Moments
 -----------------------------------------------------------------
    Charge (ESU x 10^10)
                 4.8032
    Dipole Moment (Debye)
         X       0.0000      Y       0.0000      Z       5.6443
       Tot       5.6443
    Quadrupole Moments (Debye-Ang)
        XX     -25.2145     XY      -0.0011     YY     -25.1742
        XZ       0.0629     YZ      -0.0036     ZZ      -8.2219
    Octapole Moments (Debye-Ang^2)
       XXX      -0.0001    XXY       0.0000    XYY       0.0000
       YYY      -0.0001    XXZ     -29.6298    XYZ      -0.0013
       YYZ     -29.5825    XZZ       0.1478    YZZ      -0.0085
       ZZZ     -44.5736
    Hexadecapole Moments (Debye-Ang^3)
      XXXX     -62.3519   XXXY      -0.0018   XXYY     -20.7588
      XYYY      -0.0020   YYYY     -62.2135   XXXZ      -3.4049
      XXYZ      -0.0021   XYYZ       3.6320   YYYZ      -0.0063
      XXZZ     -87.6785   XYZZ      -0.0054   YYZZ     -87.4917
      XZZZ       0.6186   YZZZ      -0.0327   ZZZZ    -361.2878
 -----------------------------------------------------------------
 Total job time:  96.75s(wall), 95.54s(cpu) 
 Sun Mar 23 14:29:53 2014

        *************************************************************
        *                                                           *
        *  Thank you very much for using Q-Chem.  Have a nice day.  *
        *                                                           *
        *************************************************************


0 sent ACK to 0 
now end server 0 ... 
