Process 0 of 1 is on cl145.stfx.acenet.ca - thread support 1
initial socket setup ...start
initial socket setup ...done 
now start server 0 ... 

cmd = /usr/bin/ssh clhead /usr/local/qchem/bin/get_hostid 798295525 > /scratch/tmp/6027730.1.medium.q/qchem17621/lic.dat
                  Welcome to Q-Chem
     A Quantum Leap Into The Future Of Chemistry

 Y. Shao, L. Fusti-Molnar, Y. Jung, J. Kussmann, C. Ochsenfeld,
 S. T. Brown, A. T. B. Gilbert, L. V. Slipchenko,S. V. Levchenko,
 D. P. O'Neill, R. A. DiStasio Jr., R. C. Lochan, T. Wang,
 G. J. O. Beran, N. A. Besley, J. M. Herbert, C. Y. Lin,
 T. Van Voorhis, S. H. Chien, A. Sodt, R. P. Steele, 
 V. A. Rassolov, P. E. Maslen, P. P. Korambath, R. D. Adamson,
 B. Austin, J. Baker, E. F. C. Byrd, H. Dachsel, R. J. Doerksen,
 A. Dreuw, B. D. Dunietz, A. D. Dutoi, T. R. Furlani,
 S. R. Gwaltney, A. Heyden, S. Hirata, C.-P. Hsu, G. Kedziora,
 R. Z. Khaliullin, P. Klunzinger, A. M. Lee, M. S. Lee, W. Liang,
 I. Lotan, N. Nair, B. Peters, E. I. Proynov, P. A. Pieniazek, 
 Y. M. Rhee, J. Ritchie, E. Rosta, C. D. Sherrill, 
 A. C. Simmonett, J. E. Subotnik, H. L. Woodcock III,
 W. Zhang, A. T. Bell, A. K. Chakraborty, D. M. Chipman,
 F. J. Keil, A. Warshel, W. J. Hehre, H. F. Schaefer III,
 J. Kong, A. I. Krylov, P. M. W. Gill, M. Head-Gordon,
 Q-Chem, Version 3.1, Q-Chem, Inc., Pittsburgh, PA (2007).

 Additional authors for Version 3.1: 
 Z. Gan, Y. Zhao, N. E. Schultz, D. Truhlar, E. Epifanovsky and M. Oana.

 Additional authors for Version 3.2: 
 R. Baer, B. R. Brooks, D. Casanova, J.-D. Chai, C.-L. Cheng, 
 C. Cramer, D. Crittenden, A. Ghysels, G. Hawkins, E. G. Hohenstein, 
 C. Kelley, W. Kurlancheek, D. Liotard, E. Livshits, P. Manohar, 
 A. Marenich, D. Neuhauser, R. Olson, M. A. Rohrdanz, K. S. Thanthiriwatte, 
 A. J. W. Thom, V. Vanovschi, C. F. Williams, Q. Wu and Z.-Q. You. 


 Intel X86 Linux Version

 Q-chem begins on Mon Jun  3 17:03:52 2013  

 Parallel job on  1  processors
Processing $rem in /usr/local/qchem/config/preferences.

theFileMan(): MAXOPENFILES=974 MAX_SUB_FILE_NUM=16
Maximum size of a physical file is 2.0 GB, maximum size of a tmp-file is 32.0 GB


--------------------------------------------------------------
User input:
--------------------------------------------------------------

$molecule
-1,2
O
C1,O,r1
H1,C1,r2,O,a1
H,O,roh,C1,aoh,H1,toh,0
C2,C1,r3a,O,a2a,H1,t1a,0
C3,C1,r3b,O,a2b,H1,-t1b,0
H,C2,r4a,C1,a4a,H1,t2a,0
H,C3,r5a,C1,a5a,H1,-t2b,0
H,C2,r4b,C1,a4b,H1,t3a,0
H,C3,r5b,C1,a5b,H1,-t3b,0
H,C2,r4c,C1,a4c,H1,-t4a,0
H,C3,r5c,C1,a5c,H1,t4b,0

r1=1.43111827
r2=1.9557364
roh=2.07916264
r3a=1.52393712
r3b=1.53017411
r4a=1.09587708
r5a=1.09583825
r4b=1.09448657
r5b=1.09801539
r4c=1.0954512
r5c=1.0964078
a1=28.22171182
aoh=30.02045037
a2a=106.21524706
a2b=111.13113306
a4a=110.2041443
a5a=110.24366741
a4b=110.29321839
a5b=111.03931704
a4c=110.82961388
a5c=111.23833611
toh=-62.32359188
t1a=179.44473237
t1b=57.80032287
t2a=63.0172795
t2b=83.272013
t3a=-56.37337218
t3b=-36.4963859
t4a=176.72748761
t4b=156.21533884

$end

$comment
negative
$end

$xc_functional
C PBE   1.00
X wPBE  1.00
$end

$rem
SYMMETRY_DECOMPOSITION	0
exchange 		general
LRC_DFT                 true
BASIS                   g3large
omega			200
mem_static              760
max_scf_cycles          200
scf_final_print         1
sym_ignore              true
$end

--------------------------------------------------------------
 Writing REM_CC_EA           12
 ----------------------------------------------------
       Standard Nuclear Orientation (Angstroms)
    I     Atom         X            Y            Z
 ----------------------------------------------------
    1      O       0.000000     0.000000     0.000000
    2      C       0.000000     0.000000     1.431118
    3      H       0.924838     0.000000    -0.292129
    4      H       0.483161     0.921207     1.800236
    5      C      -1.463245     0.014181     1.856673
    6      C       0.760558    -1.207760     1.982752
    7      H      -1.967442    -0.894454     1.508657
    8      H       0.298586    -2.138301     1.634130
    9      H      -1.976608     0.877600     1.422084
   10      H       1.806714    -1.200668     1.649367
   11      H      -1.551233     0.066921     2.947310
   12      H       0.763328    -1.208441     3.079156
 ----------------------------------------------------
 Nuclear Repulsion Energy =   134.3979926221 hartrees
 There are       18 alpha and       17 beta electrons
 Requested basis set is G3large
 There are 88 shells and 248 basis functions

Total QAlloc Memory Limit   2000 MB
Mega-Array Size       743 MB
MEM_STATIC part       760 MB

                       Distance Matrix (Angstroms)
             O (  1)   C (  2)   H (  3)   H (  4)   C (  5)   C (  6)
   C (  2)  1.431118
   H (  3)  0.969878  1.955736
   H (  4)  2.079163  1.103773  2.328453
   C (  5)  2.364005  1.523937  3.212552  2.148110
   C (  6)  2.443039  1.530174  2.580844  2.154707  2.540539
   H (  7)  2.635701  2.162611  3.522521  3.063836  1.095877  2.786558
   H (  8)  2.707742  2.168571  2.945335  3.069568  2.790476  1.095838
   H (  9)  2.588336  2.162693  3.482398  2.489048  1.094487  3.486424
   H ( 10)  2.725111  2.180241  2.447185  2.505376  3.494491  1.098015
   H ( 11)  3.331282  2.170171  4.077912  2.486833  1.095451  2.810617
   H ( 12)  3.394731  2.181519  3.584965  2.499906  2.819024  1.096408
             H (  7)   H (  8)   H (  9)   H ( 10)   H ( 11)
   H (  8)  2.588007
   H (  9)  1.774192  3.783799
   H ( 10)  3.789170  1.775904  4.322543
   H ( 11)  1.779661  3.163745  1.778892  3.816706
   H ( 12)  3.165779  1.780091  3.821610  1.770031  2.645964
 
 A cutoff of  1.0D-08 yielded   3639 shell pairs
 There are  28920 function pairs ( 34904 Cartesian)
Evaluating contribution to one-electron hamiltonian from nuclear
 Smallest overlap matrix eigenvalue = 4.89E-05

 Q-Chem warning in module mkSTV.C, line 194:

 Overlap eigenvalue is smaller than square root of threshold

 Multipole matrices computed through 2nd order

  Scale SEOQF with 1.000000e-01/1.000000e-01/1.000000e-01

 Standard Electronic Orientation quadrupole field applied
 Nucleus-field energy     =    -0.0000000069 hartrees
 Guess from superposition of atomic densities
 Warning:  Energy on first SCF cycle will be non-variational
 Long-range K will be added via erf
 Coulomb attenuation parameter = 0.2 bohr**(-1)
 An unrestricted Kohn-Sham SCF calculation will be
 performed using Pulay DIIS extrapolation
 Exchange:  wPBE + LR-HF      Correlation:  PBE
 Using SG-1 standard quadrature grid
 SCF converges when DIIS error is below 1.0E-05
 Requested basis set is G3large
 There are 88 shells and 248 basis functions
 A cutoff of  1.0D-08 yielded   3639 shell pairs
 There are  28920 function pairs ( 34904 Cartesian)
 Warning!  Inaccurate integrated density:
   Number of electrons =    35
   Numerical integral  =    34.000227111547
   Relative error      =    -2.8564939670 %
 ---------------------------------------
  Cycle       Energy         DIIS Error
 ---------------------------------------
    1    -194.8271734182      2.71E-02
    2    -193.9954312851      4.83E-03
    3    -193.9933773046      5.68E-03
    4    -194.1914707437      8.06E-04
    5    -194.1966171161      3.41E-04
    6    -194.1985092391      8.36E-05
    7    -194.1991099724      4.20E-05
    8    -194.1993938571      2.48E-05
    9    -194.1995427574      1.45E-05
   10    -194.1996258402      9.39E-06 Convergence criterion met
 ---------------------------------------
 One-Electron    Energy =  -533.3631980683
 Total Coulomb   Energy =   232.5166513517
 Alpha Exchange  Energy =    -1.9017265461
 Beta  Exchange  Energy =    -1.8425716056
 DFT   Exchange  Energy =   -22.8951220032
 DFT Correlation Energy =    -1.1116515840
 Nuclear Repu.   Energy =   134.3979926152
 Nuclear Attr.   Energy =  -726.8630892976
 Kinetic         Energy =   193.4998912293
 <S^2> = 0.7502
 SCF time:  CPU 272.37 s  wall 272.90 s
 Final Alpha MO Eigenvalues
            1           2           3           4           5           6
    1 -18.7147128  -9.9082077  -9.8571033  -9.8440996  -0.9090382  -0.6841363
            7           8           9          10          11          12
    1  -0.6081320  -0.5071788  -0.4350191  -0.3805578  -0.3593901  -0.3185257
           13          14          15          16          17          18
    1  -0.3162267  -0.2920583  -0.2822947  -0.2495052  -0.1925132   0.0241762
           19          20          21          22          23
    1   0.1282143   0.1374954   0.1407180   0.1657167   0.1720744
 Final Beta MO Eigenvalues
            1           2           3           4           5           6
    1 -18.7144106  -9.9079544  -9.8570104  -9.8436794  -0.9083245  -0.6835622
            7           8           9          10          11          12
    1  -0.6075155  -0.5061903  -0.4338183  -0.3796158  -0.3588120  -0.3180696
           13          14          15          16          17          18
    1  -0.3155887  -0.2914967  -0.2814562  -0.2487706  -0.1917900   0.1286933
           19          20          21          22
    1   0.1459715   0.1493168   0.1542060   0.1704305
 Analysis of SCF Wavefunction
 
 --------------------------------------------------------------
                    Orbital Energies (a.u.)
 --------------------------------------------------------------
 
 Alpha MOs
 -- Occupied --
-18.715  -9.908  -9.857  -9.844  -0.909  -0.684  -0.608  -0.507
 -0.435  -0.381  -0.359  -0.319  -0.316  -0.292  -0.282  -0.250
 -0.193   0.024
 -- Virtual --
  0.128   0.137   0.141   0.166   0.172   0.176   0.183   0.230
  0.235   0.257   0.261   0.269   0.270   0.272   0.280   0.290
  0.292   0.312   0.320   0.337   0.356   0.369   0.378   0.392
  0.396   0.421   0.429   0.443   0.444   0.459   0.485   0.502
  0.513   0.547   0.590   0.611   0.636   0.655   0.664   0.674
  0.704   0.713   0.737   0.741   0.745   0.748   0.760   0.789
  0.791   0.817   0.821   0.840   0.849   0.891   0.928   0.975
  0.989   1.034   1.046   1.088   1.107   1.128   1.148   1.169
  1.207   1.240   1.248   1.284   1.300   1.316   1.328   1.352
  1.366   1.395   1.409   1.437   1.456   1.466   1.476   1.502
  1.504   1.525   1.534   1.580   1.619   1.624   1.637   1.656
  1.669   1.710   1.715   1.746   1.757   1.770   1.814   1.817
  1.935   2.038   2.204   2.240   2.431   2.502   2.546   2.665
  2.689   2.729   2.734   2.796   2.843   2.866   2.958   2.977
  2.994   3.027   3.076   3.086   3.102   3.131   3.168   3.256
  3.275   3.306   3.315   3.348   3.378   3.437   3.472   3.480
  3.490   3.517   3.561   3.594   3.664   3.697   3.705   3.732
  3.750   3.788   3.827   3.855   3.884   3.919   3.948   3.969
  4.006   4.037   4.119   4.124   4.139   4.150   4.188   4.251
  4.286   4.335   4.342   4.360   4.367   4.391   4.427   4.455
  4.477   4.485   4.571   4.591   4.627   4.697   4.721   4.754
  4.762   4.807   4.868   4.983   5.192   5.314   5.344   5.422
  5.496   5.531   5.612   5.668   5.695   5.767   5.788   5.814
  5.835   5.966   6.049   6.548   7.103   7.270   7.342   7.390
  7.685   7.797  24.161  24.265  24.371  27.628  27.801  28.107
 28.142  28.171  28.192  28.209  28.395  28.503  40.946  40.997
 41.007  41.010  41.041  41.049  41.190  41.218  41.228  41.241
 41.250  41.269  41.271  41.312  41.343  43.843  43.864  43.915
 43.954  44.021  45.723  46.039  46.414  49.912
 
 Beta MOs
 -- Occupied --
-18.714  -9.908  -9.857  -9.844  -0.908  -0.684  -0.608  -0.506
 -0.434  -0.380  -0.359  -0.318  -0.316  -0.291  -0.281  -0.249
 -0.192
 -- Virtual --
  0.129   0.146   0.149   0.154   0.170   0.179   0.182   0.187
  0.230   0.236   0.256   0.265   0.268   0.270   0.271   0.281
  0.290   0.292   0.311   0.320   0.338   0.356   0.370   0.379
  0.393   0.396   0.421   0.428   0.442   0.445   0.457   0.484
  0.501   0.511   0.547   0.590   0.610   0.636   0.655   0.665
  0.674   0.704   0.713   0.737   0.741   0.744   0.749   0.759
  0.788   0.791   0.817   0.822   0.840   0.849   0.892   0.929
  0.976   0.990   1.035   1.047   1.089   1.108   1.129   1.149
  1.170   1.207   1.240   1.249   1.285   1.301   1.317   1.329
  1.351   1.367   1.397   1.410   1.437   1.457   1.467   1.477
  1.503   1.505   1.526   1.535   1.583   1.620   1.625   1.638
  1.657   1.669   1.712   1.716   1.747   1.758   1.771   1.815
  1.818   1.935   2.039   2.205   2.240   2.432   2.503   2.546
  2.665   2.690   2.729   2.735   2.796   2.844   2.867   2.958
  2.978   2.995   3.027   3.077   3.087   3.102   3.131   3.168
  3.257   3.276   3.307   3.316   3.349   3.379   3.437   3.472
  3.481   3.491   3.518   3.562   3.595   3.665   3.698   3.705
  3.733   3.751   3.789   3.828   3.856   3.884   3.920   3.948
  3.969   4.006   4.038   4.120   4.125   4.139   4.150   4.188
  4.252   4.287   4.335   4.342   4.361   4.368   4.391   4.429
  4.456   4.478   4.486   4.572   4.591   4.627   4.698   4.721
  4.754   4.762   4.808   4.869   4.984   5.192   5.314   5.345
  5.422   5.496   5.531   5.612   5.669   5.696   5.768   5.789
  5.815   5.836   5.966   6.050   6.549   7.104   7.272   7.343
  7.390   7.686   7.797  24.162  24.266  24.372  27.629  27.801
 28.108  28.142  28.171  28.192  28.209  28.395  28.504  40.946
 40.997  41.007  41.010  41.041  41.049  41.191  41.218  41.228
 41.241  41.250  41.269  41.271  41.312  41.344  43.843  43.864
 43.915  43.954  44.022  45.724  46.040  46.415  49.912
 --------------------------------------------------------------
 
          Ground-State Mulliken Net Atomic Charges

     Atom                 Charge (a.u.)    Spin (a.u.)
  --------------------------------------------------------
      1 O                    -0.343789       0.072620
      2 C                     0.228711      -0.262059
      3 H                    -0.317187       0.583467
      4 H                    -0.825671       0.933970
      5 C                     0.518374      -0.833407
      6 C                     1.715030      -2.046410
      7 H                     0.052305       0.039015
      8 H                    -0.153089       0.252154
      9 H                    -0.116797       0.223557
     10 H                    -1.335241       1.453619
     11 H                    -0.116413       0.200968
     12 H                    -0.306233       0.382506
  --------------------------------------------------------
  Sum of atomic charges =    -1.000000
  Sum of spin   charges =     1.000000

 -----------------------------------------------------------------
                    Cartesian Multipole Moments
 -----------------------------------------------------------------
    Charge (ESU x 10^10)
                -4.8032
    Dipole Moment (Debye)
         X      -6.7042      Y       0.1977      Z      -5.7594
       Tot       8.8406
    Quadrupole Moments (Debye-Ang)
        XX     -63.3471     XY       3.2897     YY     -49.6306
        XZ      -8.2802     YZ      -0.4435     ZZ     -62.5413
    Octapole Moments (Debye-Ang^2)
       XXX     -96.9321    XXY      20.9015    XYY     -26.0520
       YYY      33.7977    XXZ     -87.1357    XYZ       3.2995
       YYZ     -73.0038    XZZ     -35.2534    YZZ      11.8813
       ZZZ    -246.9253
    Hexadecapole Moments (Debye-Ang^3)
      XXXX    -781.2316   XXXY      98.0343   XXYY    -192.7541
      XYYY      62.3573   YYYY    -390.9432   XXXZ     -95.2049
      XXYZ      31.4429   XYYZ     -26.4748   YYYZ      60.6160
      XXZZ    -325.5264   XYZZ      24.7540   YYZZ    -257.9558
      XZZZ     -86.6335   YZZZ      69.7861   ZZZZ   -1199.9954
 -----------------------------------------------------------------
 Total job time:  273.25s(wall), 272.71s(cpu) 
 Mon Jun  3 17:08:25 2013

        *************************************************************
        *                                                           *
        *  Thank you very much for using Q-Chem.  Have a nice day.  *
        *                                                           *
        *************************************************************


0 sent ACK to 0 
now end server 0 ... 
 
**********************************************************************
Job 2 of 3 
**********************************************************************
 
Process 0 of 1 is on cl145.stfx.acenet.ca - thread support 1
initial socket setup ...start
initial socket setup ...done 
now start server 0 ... 

cmd = /usr/bin/ssh clhead /usr/local/qchem/bin/get_hostid 306662085 > /scratch/tmp/6027730.1.medium.q/qchem17621/lic.dat
                  Welcome to Q-Chem
     A Quantum Leap Into The Future Of Chemistry

 Y. Shao, L. Fusti-Molnar, Y. Jung, J. Kussmann, C. Ochsenfeld,
 S. T. Brown, A. T. B. Gilbert, L. V. Slipchenko,S. V. Levchenko,
 D. P. O'Neill, R. A. DiStasio Jr., R. C. Lochan, T. Wang,
 G. J. O. Beran, N. A. Besley, J. M. Herbert, C. Y. Lin,
 T. Van Voorhis, S. H. Chien, A. Sodt, R. P. Steele, 
 V. A. Rassolov, P. E. Maslen, P. P. Korambath, R. D. Adamson,
 B. Austin, J. Baker, E. F. C. Byrd, H. Dachsel, R. J. Doerksen,
 A. Dreuw, B. D. Dunietz, A. D. Dutoi, T. R. Furlani,
 S. R. Gwaltney, A. Heyden, S. Hirata, C.-P. Hsu, G. Kedziora,
 R. Z. Khaliullin, P. Klunzinger, A. M. Lee, M. S. Lee, W. Liang,
 I. Lotan, N. Nair, B. Peters, E. I. Proynov, P. A. Pieniazek, 
 Y. M. Rhee, J. Ritchie, E. Rosta, C. D. Sherrill, 
 A. C. Simmonett, J. E. Subotnik, H. L. Woodcock III,
 W. Zhang, A. T. Bell, A. K. Chakraborty, D. M. Chipman,
 F. J. Keil, A. Warshel, W. J. Hehre, H. F. Schaefer III,
 J. Kong, A. I. Krylov, P. M. W. Gill, M. Head-Gordon,
 Q-Chem, Version 3.1, Q-Chem, Inc., Pittsburgh, PA (2007).

 Additional authors for Version 3.1: 
 Z. Gan, Y. Zhao, N. E. Schultz, D. Truhlar, E. Epifanovsky and M. Oana.

 Additional authors for Version 3.2: 
 R. Baer, B. R. Brooks, D. Casanova, J.-D. Chai, C.-L. Cheng, 
 C. Cramer, D. Crittenden, A. Ghysels, G. Hawkins, E. G. Hohenstein, 
 C. Kelley, W. Kurlancheek, D. Liotard, E. Livshits, P. Manohar, 
 A. Marenich, D. Neuhauser, R. Olson, M. A. Rohrdanz, K. S. Thanthiriwatte, 
 A. J. W. Thom, V. Vanovschi, C. F. Williams, Q. Wu and Z.-Q. You. 


 Intel X86 Linux Version

 Q-chem begins on Mon Jun  3 17:08:28 2013  

 Parallel job on  1  processors
Processing $rem in /usr/local/qchem/config/preferences.

theFileMan(): MAXOPENFILES=974 MAX_SUB_FILE_NUM=16
Maximum size of a physical file is 2.0 GB, maximum size of a tmp-file is 32.0 GB


--------------------------------------------------------------
User input:
--------------------------------------------------------------

$molecule
0,1
O
C1,O,r1
H1,C1,r2,O,a1
H,O,roh,C1,aoh,H1,toh,0
C2,C1,r3a,O,a2a,H1,t1a,0
C3,C1,r3b,O,a2b,H1,-t1b,0
H,C2,r4a,C1,a4a,H1,t2a,0
H,C3,r5a,C1,a5a,H1,-t2b,0
H,C2,r4b,C1,a4b,H1,t3a,0
H,C3,r5b,C1,a5b,H1,-t3b,0
H,C2,r4c,C1,a4c,H1,-t4a,0
H,C3,r5c,C1,a5c,H1,t4b,0

r1=1.43111827
r2=1.9557364
roh=2.07916264
r3a=1.52393712
r3b=1.53017411
r4a=1.09587708
r5a=1.09583825
r4b=1.09448657
r5b=1.09801539
r4c=1.0954512
r5c=1.0964078
a1=28.22171182
aoh=30.02045037
a2a=106.21524706
a2b=111.13113306
a4a=110.2041443
a5a=110.24366741
a4b=110.29321839
a5b=111.03931704
a4c=110.82961388
a5c=111.23833611
toh=-62.32359188
t1a=179.44473237
t1b=57.80032287
t2a=63.0172795
t2b=83.272013
t3a=-56.37337218
t3b=-36.4963859
t4a=176.72748761
t4b=156.21533884

$end

$comment
neutral
$end

$xc_functional
C PBE   1.00
X wPBE  1.00
$end


$rem
SYMMETRY_DECOMPOSITION	0
LRC_DFT                 true
exchange 		general
BASIS                   g3large
omega			200
mem_static              760
max_scf_cycles          200
scf_final_print         1
sym_ignore              true
$end

--------------------------------------------------------------
 Writing REM_CC_EA           12
 ----------------------------------------------------
       Standard Nuclear Orientation (Angstroms)
    I     Atom         X            Y            Z
 ----------------------------------------------------
    1      O       0.000000     0.000000     0.000000
    2      C       0.000000     0.000000     1.431118
    3      H       0.924838     0.000000    -0.292129
    4      H       0.483161     0.921207     1.800236
    5      C      -1.463245     0.014181     1.856673
    6      C       0.760558    -1.207760     1.982752
    7      H      -1.967442    -0.894454     1.508657
    8      H       0.298586    -2.138301     1.634130
    9      H      -1.976608     0.877600     1.422084
   10      H       1.806714    -1.200668     1.649367
   11      H      -1.551233     0.066921     2.947310
   12      H       0.763328    -1.208441     3.079156
 ----------------------------------------------------
 Nuclear Repulsion Energy =   134.3979926221 hartrees
 There are       17 alpha and       17 beta electrons
 Requested basis set is G3large
 There are 88 shells and 248 basis functions

Total QAlloc Memory Limit   2000 MB
Mega-Array Size       743 MB
MEM_STATIC part       760 MB

                       Distance Matrix (Angstroms)
             O (  1)   C (  2)   H (  3)   H (  4)   C (  5)   C (  6)
   C (  2)  1.431118
   H (  3)  0.969878  1.955736
   H (  4)  2.079163  1.103773  2.328453
   C (  5)  2.364005  1.523937  3.212552  2.148110
   C (  6)  2.443039  1.530174  2.580844  2.154707  2.540539
   H (  7)  2.635701  2.162611  3.522521  3.063836  1.095877  2.786558
   H (  8)  2.707742  2.168571  2.945335  3.069568  2.790476  1.095838
   H (  9)  2.588336  2.162693  3.482398  2.489048  1.094487  3.486424
   H ( 10)  2.725111  2.180241  2.447185  2.505376  3.494491  1.098015
   H ( 11)  3.331282  2.170171  4.077912  2.486833  1.095451  2.810617
   H ( 12)  3.394731  2.181519  3.584965  2.499906  2.819024  1.096408
             H (  7)   H (  8)   H (  9)   H ( 10)   H ( 11)
   H (  8)  2.588007
   H (  9)  1.774192  3.783799
   H ( 10)  3.789170  1.775904  4.322543
   H ( 11)  1.779661  3.163745  1.778892  3.816706
   H ( 12)  3.165779  1.780091  3.821610  1.770031  2.645964
 
 A cutoff of  1.0D-08 yielded   3639 shell pairs
 There are  28920 function pairs ( 34904 Cartesian)
Evaluating contribution to one-electron hamiltonian from nuclear
 Smallest overlap matrix eigenvalue = 4.89E-05

 Q-Chem warning in module mkSTV.C, line 194:

 Overlap eigenvalue is smaller than square root of threshold

 Multipole matrices computed through 2nd order

  Scale SEOQF with 1.000000e-01/1.000000e-01/1.000000e-01

 Standard Electronic Orientation quadrupole field applied
 Nucleus-field energy     =    -0.0000000069 hartrees
 Guess from superposition of atomic densities
 Warning:  Energy on first SCF cycle will be non-variational
 Long-range K will be added via erf
 Coulomb attenuation parameter = 0.2 bohr**(-1)
 A restricted Kohn-Sham SCF calculation will be
 performed using Pulay DIIS extrapolation
 Exchange:  wPBE + LR-HF      Correlation:  PBE
 Using SG-1 standard quadrature grid
 SCF converges when DIIS error is below 1.0E-05
 Requested basis set is G3large
 There are 88 shells and 248 basis functions
 A cutoff of  1.0D-08 yielded   3639 shell pairs
 There are  28920 function pairs ( 34904 Cartesian)
 ---------------------------------------
  Cycle       Energy         DIIS Error
 ---------------------------------------
    1    -194.8271734182      2.71E-02
    2    -194.0911413631      4.40E-03
    3    -194.0976930684      4.68E-03
    4    -194.2230610995      7.15E-04
    5    -194.2254982483      2.45E-04
    6    -194.2258664468      3.93E-05
    7    -194.2258725167      1.24E-05
    8    -194.2258769957      4.26E-06 Convergence criterion met
 ---------------------------------------
 One-Electron    Energy =  -528.8525927205
 Total Coulomb   Energy =   227.8946424195
 Alpha Exchange  Energy =    -1.8431159195
 Beta  Exchange  Energy =    -1.8431159195
 DFT   Exchange  Energy =   -22.8759618727
 DFT Correlation Energy =    -1.1037255981
 Nuclear Repu.   Energy =   134.3979926152
 Nuclear Attr.   Energy =  -722.2849351558
 Kinetic         Energy =   193.4323424353
 SCF time:  CPU 164.32 s  wall 165.01 s
 Final Alpha MO Eigenvalues
            1           2           3           4           5           6
    1 -18.8536766 -10.0446515  -9.9843270  -9.9783240  -1.0475944  -0.8163570
            7           8           9          10          11          12
    1  -0.7395318  -0.6397941  -0.5708692  -0.5125452  -0.4943831  -0.4495568
           13          14          15          16          17          18
    1  -0.4395665  -0.4266102  -0.4134422  -0.3834518  -0.3292100   0.0298627
           19          20          21          22
    1   0.0494815   0.0527694   0.0575531   0.0766521
 Analysis of SCF Wavefunction
 
 --------------------------------------------------------------
                    Orbital Energies (a.u.)
 --------------------------------------------------------------
 
 Alpha MOs
 -- Occupied --
-18.854 -10.045  -9.984  -9.978  -1.048  -0.816  -0.740  -0.640
 -0.571  -0.513  -0.494  -0.450  -0.440  -0.427  -0.413  -0.383
 -0.329
 -- Virtual --
  0.030   0.049   0.053   0.058   0.077   0.081   0.087   0.094
  0.124   0.132   0.149   0.154   0.161   0.166   0.170   0.172
  0.179   0.184   0.204   0.209   0.222   0.239   0.252   0.253
  0.270   0.275   0.296   0.307   0.321   0.322   0.345   0.367
  0.384   0.393   0.427   0.471   0.491   0.509   0.527   0.542
  0.553   0.579   0.590   0.610   0.615   0.621   0.625   0.636
  0.658   0.662   0.685   0.693   0.718   0.726   0.760   0.800
  0.845   0.859   0.904   0.915   0.958   0.977   1.000   1.017
  1.039   1.078   1.111   1.121   1.152   1.168   1.190   1.198
  1.219   1.239   1.266   1.282   1.311   1.325   1.338   1.345
  1.373   1.378   1.394   1.403   1.446   1.490   1.499   1.506
  1.524   1.544   1.581   1.587   1.617   1.629   1.641   1.683
  1.685   1.803   1.901   2.070   2.105   2.297   2.366   2.417
  2.531   2.555   2.599   2.605   2.662   2.715   2.734   2.825
  2.844   2.862   2.893   2.948   2.954   2.970   2.999   3.037
  3.127   3.140   3.179   3.184   3.215   3.246   3.309   3.340
  3.347   3.362   3.385   3.430   3.462   3.533   3.562   3.578
  3.604   3.616   3.654   3.695   3.720   3.750   3.779   3.814
  3.840   3.873   3.905   3.983   3.993   4.007   4.018   4.059
  4.119   4.150   4.201   4.208   4.231   4.239   4.260   4.292
  4.321   4.346   4.351   4.445   4.455   4.497   4.565   4.593
  4.617   4.634   4.674   4.736   4.852   5.056   5.178   5.208
  5.287   5.362   5.398   5.475   5.532   5.557   5.633   5.662
  5.684   5.705   5.830   5.913   6.412   6.966   7.130   7.205
  7.253   7.548   7.660  24.028  24.135  24.238  27.494  27.667
 27.971  28.014  28.038  28.063  28.075  28.262  28.370  40.813
 40.863  40.870  40.884  40.902  40.922  41.054  41.083  41.100
 41.105  41.115  41.131  41.147  41.189  41.205  43.704  43.725
 43.777  43.815  43.882  45.585  45.901  46.275  49.773
 --------------------------------------------------------------
 
          Ground-State Mulliken Net Atomic Charges

     Atom                 Charge (a.u.)
  ----------------------------------------
      1 O                    -0.253109
      2 C                    -0.035259
      3 H                     0.238323
      4 H                     0.090593
      5 C                    -0.303559
      6 C                    -0.343672
      7 H                     0.109668
      8 H                     0.126384
      9 H                     0.115996
     10 H                     0.086973
     11 H                     0.084169
     12 H                     0.083494
  ----------------------------------------
  Sum of atomic charges =     0.000000

 -----------------------------------------------------------------
                    Cartesian Multipole Moments
 -----------------------------------------------------------------
    Charge (ESU x 10^10)
                 0.0000
    Dipole Moment (Debye)
         X       1.2568      Y      -0.0388      Z       1.0532
       Tot       1.6402
    Quadrupole Moments (Debye-Ang)
        XX     -25.3239     XY       0.1296     YY     -27.2608
        XZ      -0.9826     YZ      -0.0276     ZZ     -25.2513
    Octapole Moments (Debye-Ang^2)
       XXX      16.2787    XXY       9.3640    XYY       3.7724
       YYY      27.1794    XXZ     -38.9270    XYZ       0.2049
       YYZ     -37.9312    XZZ       4.7692    YZZ       9.1514
       ZZZ    -109.6042
    Hexadecapole Moments (Debye-Ang^3)
      XXXX    -184.4952   XXXY      22.4442   XXYY     -50.7137
      XYYY      25.0390   YYYY    -121.7885   XXXZ      28.2748
      XXYZ      18.9590   XYYZ       8.5196   YYYZ      56.2085
      XXZZ    -111.7957   XYZZ       7.7966   YYZZ    -101.2904
      XZZZ      26.1374   YZZZ      54.3631   ZZZZ    -449.6401
 -----------------------------------------------------------------
 Total job time:  165.34s(wall), 164.63s(cpu) 
 Mon Jun  3 17:11:14 2013

        *************************************************************
        *                                                           *
        *  Thank you very much for using Q-Chem.  Have a nice day.  *
        *                                                           *
        *************************************************************


0 sent ACK to 0 
now end server 0 ... 
 
**********************************************************************
Job 3 of 3 
**********************************************************************
 
Process 0 of 1 is on cl145.stfx.acenet.ca - thread support 1
initial socket setup ...start
initial socket setup ...done 
now start server 0 ... 

cmd = /usr/bin/ssh clhead /usr/local/qchem/bin/get_hostid 1526974875 > /scratch/tmp/6027730.1.medium.q/qchem17621/lic.dat
                  Welcome to Q-Chem
     A Quantum Leap Into The Future Of Chemistry

 Y. Shao, L. Fusti-Molnar, Y. Jung, J. Kussmann, C. Ochsenfeld,
 S. T. Brown, A. T. B. Gilbert, L. V. Slipchenko,S. V. Levchenko,
 D. P. O'Neill, R. A. DiStasio Jr., R. C. Lochan, T. Wang,
 G. J. O. Beran, N. A. Besley, J. M. Herbert, C. Y. Lin,
 T. Van Voorhis, S. H. Chien, A. Sodt, R. P. Steele, 
 V. A. Rassolov, P. E. Maslen, P. P. Korambath, R. D. Adamson,
 B. Austin, J. Baker, E. F. C. Byrd, H. Dachsel, R. J. Doerksen,
 A. Dreuw, B. D. Dunietz, A. D. Dutoi, T. R. Furlani,
 S. R. Gwaltney, A. Heyden, S. Hirata, C.-P. Hsu, G. Kedziora,
 R. Z. Khaliullin, P. Klunzinger, A. M. Lee, M. S. Lee, W. Liang,
 I. Lotan, N. Nair, B. Peters, E. I. Proynov, P. A. Pieniazek, 
 Y. M. Rhee, J. Ritchie, E. Rosta, C. D. Sherrill, 
 A. C. Simmonett, J. E. Subotnik, H. L. Woodcock III,
 W. Zhang, A. T. Bell, A. K. Chakraborty, D. M. Chipman,
 F. J. Keil, A. Warshel, W. J. Hehre, H. F. Schaefer III,
 J. Kong, A. I. Krylov, P. M. W. Gill, M. Head-Gordon,
 Q-Chem, Version 3.1, Q-Chem, Inc., Pittsburgh, PA (2007).

 Additional authors for Version 3.1: 
 Z. Gan, Y. Zhao, N. E. Schultz, D. Truhlar, E. Epifanovsky and M. Oana.

 Additional authors for Version 3.2: 
 R. Baer, B. R. Brooks, D. Casanova, J.-D. Chai, C.-L. Cheng, 
 C. Cramer, D. Crittenden, A. Ghysels, G. Hawkins, E. G. Hohenstein, 
 C. Kelley, W. Kurlancheek, D. Liotard, E. Livshits, P. Manohar, 
 A. Marenich, D. Neuhauser, R. Olson, M. A. Rohrdanz, K. S. Thanthiriwatte, 
 A. J. W. Thom, V. Vanovschi, C. F. Williams, Q. Wu and Z.-Q. You. 


 Intel X86 Linux Version

 Q-chem begins on Mon Jun  3 17:11:18 2013  

 Parallel job on  1  processors
Processing $rem in /usr/local/qchem/config/preferences.

theFileMan(): MAXOPENFILES=974 MAX_SUB_FILE_NUM=16
Maximum size of a physical file is 2.0 GB, maximum size of a tmp-file is 32.0 GB


--------------------------------------------------------------
User input:
--------------------------------------------------------------

$molecule
1,2
O
C1,O,r1
H1,C1,r2,O,a1
H,O,roh,C1,aoh,H1,toh,0
C2,C1,r3a,O,a2a,H1,t1a,0
C3,C1,r3b,O,a2b,H1,-t1b,0
H,C2,r4a,C1,a4a,H1,t2a,0
H,C3,r5a,C1,a5a,H1,-t2b,0
H,C2,r4b,C1,a4b,H1,t3a,0
H,C3,r5b,C1,a5b,H1,-t3b,0
H,C2,r4c,C1,a4c,H1,-t4a,0
H,C3,r5c,C1,a5c,H1,t4b,0

r1=1.43111827
r2=1.9557364
roh=2.07916264
r3a=1.52393712
r3b=1.53017411
r4a=1.09587708
r5a=1.09583825
r4b=1.09448657
r5b=1.09801539
r4c=1.0954512
r5c=1.0964078
a1=28.22171182
aoh=30.02045037
a2a=106.21524706
a2b=111.13113306
a4a=110.2041443
a5a=110.24366741
a4b=110.29321839
a5b=111.03931704
a4c=110.82961388
a5c=111.23833611
toh=-62.32359188
t1a=179.44473237
t1b=57.80032287
t2a=63.0172795
t2b=83.272013
t3a=-56.37337218
t3b=-36.4963859
t4a=176.72748761
t4b=156.21533884

$end

$comment
positive
$end

$xc_functional
C PBE   1.00
X wPBE  1.00
$end

$rem
SYMMETRY_DECOMPOSITION	0
LRC_DFT                 true
exchange 		general
BASIS                   g3large
omega			200
mem_static              760
max_scf_cycles          200
scf_final_print         1
sym_ignore              true
$end

--------------------------------------------------------------
 Writing REM_CC_EA           12
 ----------------------------------------------------
       Standard Nuclear Orientation (Angstroms)
    I     Atom         X            Y            Z
 ----------------------------------------------------
    1      O       0.000000     0.000000     0.000000
    2      C       0.000000     0.000000     1.431118
    3      H       0.924838     0.000000    -0.292129
    4      H       0.483161     0.921207     1.800236
    5      C      -1.463245     0.014181     1.856673
    6      C       0.760558    -1.207760     1.982752
    7      H      -1.967442    -0.894454     1.508657
    8      H       0.298586    -2.138301     1.634130
    9      H      -1.976608     0.877600     1.422084
   10      H       1.806714    -1.200668     1.649367
   11      H      -1.551233     0.066921     2.947310
   12      H       0.763328    -1.208441     3.079156
 ----------------------------------------------------
 Nuclear Repulsion Energy =   134.3979926221 hartrees
 There are       17 alpha and       16 beta electrons
 Requested basis set is G3large
 There are 88 shells and 248 basis functions

Total QAlloc Memory Limit   2000 MB
Mega-Array Size       743 MB
MEM_STATIC part       760 MB

                       Distance Matrix (Angstroms)
             O (  1)   C (  2)   H (  3)   H (  4)   C (  5)   C (  6)
   C (  2)  1.431118
   H (  3)  0.969878  1.955736
   H (  4)  2.079163  1.103773  2.328453
   C (  5)  2.364005  1.523937  3.212552  2.148110
   C (  6)  2.443039  1.530174  2.580844  2.154707  2.540539
   H (  7)  2.635701  2.162611  3.522521  3.063836  1.095877  2.786558
   H (  8)  2.707742  2.168571  2.945335  3.069568  2.790476  1.095838
   H (  9)  2.588336  2.162693  3.482398  2.489048  1.094487  3.486424
   H ( 10)  2.725111  2.180241  2.447185  2.505376  3.494491  1.098015
   H ( 11)  3.331282  2.170171  4.077912  2.486833  1.095451  2.810617
   H ( 12)  3.394731  2.181519  3.584965  2.499906  2.819024  1.096408
             H (  7)   H (  8)   H (  9)   H ( 10)   H ( 11)
   H (  8)  2.588007
   H (  9)  1.774192  3.783799
   H ( 10)  3.789170  1.775904  4.322543
   H ( 11)  1.779661  3.163745  1.778892  3.816706
   H ( 12)  3.165779  1.780091  3.821610  1.770031  2.645964
 
 A cutoff of  1.0D-08 yielded   3639 shell pairs
 There are  28920 function pairs ( 34904 Cartesian)
Evaluating contribution to one-electron hamiltonian from nuclear
 Smallest overlap matrix eigenvalue = 4.89E-05

 Q-Chem warning in module mkSTV.C, line 194:

 Overlap eigenvalue is smaller than square root of threshold

 Multipole matrices computed through 2nd order

  Scale SEOQF with 1.000000e-01/1.000000e-01/1.000000e-01

 Standard Electronic Orientation quadrupole field applied
 Nucleus-field energy     =    -0.0000000069 hartrees
 Guess from superposition of atomic densities
 Warning:  Energy on first SCF cycle will be non-variational
 Long-range K will be added via erf
 Coulomb attenuation parameter = 0.2 bohr**(-1)
 An unrestricted Kohn-Sham SCF calculation will be
 performed using Pulay DIIS extrapolation
 Exchange:  wPBE + LR-HF      Correlation:  PBE
 Using SG-1 standard quadrature grid
 SCF converges when DIIS error is below 1.0E-05
 Requested basis set is G3large
 There are 88 shells and 248 basis functions
 A cutoff of  1.0D-08 yielded   3639 shell pairs
 There are  28920 function pairs ( 34904 Cartesian)
 Warning!  Inaccurate integrated density:
   Number of electrons =    33
   Numerical integral  =    34.000227111547
   Relative error      =     3.0309912471 %
 ---------------------------------------
  Cycle       Energy         DIIS Error
 ---------------------------------------
    1    -194.8271734182      2.71E-02
    2    -193.7774106492      3.07E-03
    3    -193.8120831027      2.37E-03
    4    -193.8513688416      6.04E-04
    5    -193.8531828497      3.49E-04
    6    -193.8540302685      7.60E-05
    7    -193.8541961384      2.61E-05
    8    -193.8542742766      1.99E-05
    9    -193.8543436918      9.48E-06 Convergence criterion met
 ---------------------------------------
 One-Electron    Energy =  -520.0991102256
 Total Coulomb   Energy =   219.1617339562
 Alpha Exchange  Energy =    -1.8476232733
 Beta  Exchange  Energy =    -1.7315636440
 DFT   Exchange  Energy =   -22.6667530793
 DFT Correlation Energy =    -1.0690200409
 Nuclear Repu.   Energy =   134.3979926152
 Nuclear Attr.   Energy =  -713.2347412104
 Kinetic         Energy =   193.1356309848
 <S^2> = 0.7527
 SCF time:  CPU 238.21 s  wall 239.03 s
 Final Alpha MO Eigenvalues
            1           2           3           4           5           6
    1 -19.2122737 -10.3212152 -10.2254085 -10.1900304  -1.3763646  -1.0744719
            7           8           9          10          11          12
    1  -0.9700411  -0.8995093  -0.8558961  -0.7807195  -0.7512480  -0.7006118
           13          14          15          16          17          18
    1  -0.6750470  -0.6667406  -0.6502981  -0.6313989  -0.6273342  -0.1391696
           19          20          21          22
    1  -0.0967483  -0.0872133  -0.0771864  -0.0663095
 Final Beta MO Eigenvalues
            1           2           3           4           5           6
    1 -19.1987111 -10.3194857 -10.2227619 -10.1897645  -1.3499598  -1.0632471
            7           8           9          10          11          12
    1  -0.9641113  -0.8915703  -0.8382096  -0.7535046  -0.7411808  -0.6800503
           13          14          15          16          17          18
    1  -0.6685153  -0.6490790  -0.6372240  -0.6244199  -0.4105295  -0.1361599
           19          20          21
    1  -0.0934810  -0.0847073  -0.0758119
 Analysis of SCF Wavefunction
 
 --------------------------------------------------------------
                    Orbital Energies (a.u.)
 --------------------------------------------------------------
 
 Alpha MOs
 -- Occupied --
-19.212 -10.321 -10.225 -10.190  -1.376  -1.074  -0.970  -0.900
 -0.856  -0.781  -0.751  -0.701  -0.675  -0.667  -0.650  -0.631
 -0.627
 -- Virtual --
 -0.139  -0.097  -0.087  -0.077  -0.066  -0.052  -0.048  -0.038
 -0.026  -0.025  -0.016  -0.010   0.002   0.012   0.017   0.026
  0.031   0.034   0.045   0.047   0.055   0.068   0.075   0.080
  0.088   0.096   0.100   0.119   0.128   0.133   0.178   0.181
  0.203   0.211   0.235   0.284   0.301   0.307   0.323   0.345
  0.364   0.374   0.392   0.399   0.425   0.431   0.440   0.447
  0.451   0.454   0.468   0.488   0.529   0.536   0.556   0.586
  0.631   0.652   0.690   0.693   0.741   0.774   0.783   0.796
  0.822   0.858   0.889   0.906   0.930   0.931   0.954   0.981
  1.009   1.023   1.046   1.069   1.095   1.110   1.119   1.130
  1.146   1.171   1.180   1.196   1.219   1.272   1.285   1.300
  1.315   1.339   1.363   1.372   1.404   1.416   1.422   1.463
  1.470   1.540   1.612   1.798   1.830   2.008   2.097   2.200
  2.298   2.307   2.369   2.385   2.431   2.482   2.490   2.575
  2.594   2.619   2.639   2.711   2.731   2.749   2.769   2.796
  2.902   2.906   2.936   2.955   2.972   3.021   3.088   3.099
  3.115   3.138   3.155   3.197   3.225   3.281   3.331   3.357
  3.373   3.380   3.404   3.442   3.464   3.495   3.516   3.574
  3.601   3.643   3.666   3.738   3.758   3.776   3.788   3.829
  3.878   3.895   3.949   3.980   4.004   4.019   4.041   4.051
  4.065   4.101   4.114   4.220   4.223   4.269   4.335   4.366
  4.379   4.406   4.436   4.491   4.616   4.699   4.853   4.880
  4.998   5.070   5.161   5.168   5.230   5.246   5.379   5.431
  5.462   5.488   5.538   5.625   6.098   6.600   6.809   6.856
  6.892   7.217   7.336  23.775  23.906  23.991  27.239  27.411
 27.703  27.785  27.802  27.843  27.850  28.012  28.122  40.543
 40.593  40.626  40.659  40.668  40.700  40.775  40.813  40.839
 40.859  40.889  40.898  40.933  40.951  40.981  43.332  43.348
 43.405  43.466  43.536  45.209  45.549  45.923  49.417
 
 Beta MOs
 -- Occupied --
-19.199 -10.319 -10.223 -10.190  -1.350  -1.063  -0.964  -0.892
 -0.838  -0.754  -0.741  -0.680  -0.669  -0.649  -0.637  -0.624
 -- Virtual --
 -0.411  -0.136  -0.093  -0.085  -0.076  -0.064  -0.050  -0.046
 -0.037  -0.025  -0.023  -0.014  -0.008   0.004   0.015   0.020
  0.027   0.033   0.037   0.047   0.049   0.057   0.071   0.077
  0.082   0.089   0.102   0.102   0.123   0.131   0.137   0.180
  0.187   0.205   0.213   0.240   0.287   0.304   0.310   0.328
  0.348   0.367   0.377   0.394   0.405   0.428   0.434   0.443
  0.451   0.456   0.457   0.474   0.491   0.532   0.541   0.559
  0.590   0.636   0.656   0.693   0.697   0.743   0.777   0.788
  0.802   0.827   0.864   0.894   0.911   0.935   0.947   0.965
  0.986   1.012   1.028   1.051   1.073   1.098   1.117   1.125
  1.133   1.154   1.175   1.184   1.200   1.224   1.277   1.294
  1.303   1.320   1.343   1.367   1.379   1.407   1.420   1.427
  1.468   1.474   1.557   1.634   1.812   1.841   2.028   2.102
  2.204   2.308   2.312   2.374   2.388   2.436   2.490   2.498
  2.582   2.603   2.627   2.652   2.717   2.733   2.754   2.773
  2.804   2.908   2.910   2.944   2.960   2.979   3.025   3.093
  3.108   3.119   3.142   3.158   3.202   3.230   3.289   3.335
  3.363   3.378   3.383   3.408   3.448   3.467   3.503   3.523
  3.581   3.610   3.647   3.673   3.744   3.761   3.782   3.791
  3.838   3.886   3.902   3.959   3.984   4.009   4.024   4.045
  4.056   4.078   4.112   4.121   4.225   4.231   4.275   4.342
  4.374   4.388   4.411   4.447   4.503   4.624   4.764   4.888
  4.915   5.024   5.090   5.168   5.185   5.262   5.267   5.394
  5.434   5.467   5.493   5.558   5.629   6.111   6.660   6.827
  6.899   6.949   7.242   7.347  23.777  23.908  23.993  27.242
 27.414  27.705  27.787  27.804  27.844  27.850  28.017  28.124
 40.547  40.594  40.631  40.662  40.669  40.700  40.780  40.813
 40.844  40.863  40.890  40.899  40.933  40.956  40.982  43.367
 43.391  43.440  43.472  43.539  45.250  45.558  45.933  49.431
 --------------------------------------------------------------
 
          Ground-State Mulliken Net Atomic Charges

     Atom                 Charge (a.u.)    Spin (a.u.)
  --------------------------------------------------------
      1 O                     0.132228       0.569224
      2 C                    -0.119230       0.091026
      3 H                     0.312708      -0.008702
      4 H                     0.233087       0.139161
      5 C                    -0.242860       0.007538
      6 C                    -0.225418       0.137196
      7 H                     0.163679       0.033908
      8 H                     0.169280       0.010024
      9 H                     0.159775       0.021882
     10 H                     0.132899      -0.006523
     11 H                     0.133212      -0.001749
     12 H                     0.150640       0.007014
  --------------------------------------------------------
  Sum of atomic charges =     1.000000
  Sum of spin   charges =     1.000000

 -----------------------------------------------------------------
                    Cartesian Multipole Moments
 -----------------------------------------------------------------
    Charge (ESU x 10^10)
                 4.8032
    Dipole Moment (Debye)
         X       1.2666      Y      -1.1066      Z       6.3896
       Tot       6.6072
    Quadrupole Moments (Debye-Ang)
        XX     -17.5865     XY      -0.9931     YY     -19.7152
        XZ      -1.3252     YZ      -2.5750     ZZ      -9.8504
    Octapole Moments (Debye-Ang^2)
       XXX      10.8436    XXY       6.7145    XYY       5.3696
       YYY      19.2944    XXZ     -26.1617    XYZ      -2.4640
       YYZ     -26.0183    XZZ       4.3572    YZZ       1.7545
       ZZZ     -68.7229
    Hexadecapole Moments (Debye-Ang^3)
      XXXX    -143.2493   XXXY      17.5886   XXYY     -38.5629
      XYYY      19.4170   YYYY     -88.9657   XXXZ      17.3001
      XXYZ      13.4855   XYYZ      12.6945   YYYZ      40.1708
      XXZZ     -79.4643   XYZZ       0.2456   YYZZ     -71.1010
      XZZZ      24.6986   YZZZ      30.7684   ZZZZ    -320.4429
 -----------------------------------------------------------------
 Total job time:  239.36s(wall), 238.53s(cpu) 
 Mon Jun  3 17:15:17 2013

        *************************************************************
        *                                                           *
        *  Thank you very much for using Q-Chem.  Have a nice day.  *
        *                                                           *
        *************************************************************


0 sent ACK to 0 
now end server 0 ... 
