Process 0 of 1 is on cl203.stfx.acenet.ca - thread support 1
initial socket setup ...start
initial socket setup ...done 
now start server 0 ... 

cmd = /usr/bin/ssh clhead /usr/local/qchem/bin/get_hostid 28466419 > /scratch/tmp/6027723.1.medium.q/qchem13691/lic.dat
                  Welcome to Q-Chem
     A Quantum Leap Into The Future Of Chemistry

 Y. Shao, L. Fusti-Molnar, Y. Jung, J. Kussmann, C. Ochsenfeld,
 S. T. Brown, A. T. B. Gilbert, L. V. Slipchenko,S. V. Levchenko,
 D. P. O'Neill, R. A. DiStasio Jr., R. C. Lochan, T. Wang,
 G. J. O. Beran, N. A. Besley, J. M. Herbert, C. Y. Lin,
 T. Van Voorhis, S. H. Chien, A. Sodt, R. P. Steele, 
 V. A. Rassolov, P. E. Maslen, P. P. Korambath, R. D. Adamson,
 B. Austin, J. Baker, E. F. C. Byrd, H. Dachsel, R. J. Doerksen,
 A. Dreuw, B. D. Dunietz, A. D. Dutoi, T. R. Furlani,
 S. R. Gwaltney, A. Heyden, S. Hirata, C.-P. Hsu, G. Kedziora,
 R. Z. Khaliullin, P. Klunzinger, A. M. Lee, M. S. Lee, W. Liang,
 I. Lotan, N. Nair, B. Peters, E. I. Proynov, P. A. Pieniazek, 
 Y. M. Rhee, J. Ritchie, E. Rosta, C. D. Sherrill, 
 A. C. Simmonett, J. E. Subotnik, H. L. Woodcock III,
 W. Zhang, A. T. Bell, A. K. Chakraborty, D. M. Chipman,
 F. J. Keil, A. Warshel, W. J. Hehre, H. F. Schaefer III,
 J. Kong, A. I. Krylov, P. M. W. Gill, M. Head-Gordon,
 Q-Chem, Version 3.1, Q-Chem, Inc., Pittsburgh, PA (2007).

 Additional authors for Version 3.1: 
 Z. Gan, Y. Zhao, N. E. Schultz, D. Truhlar, E. Epifanovsky and M. Oana.

 Additional authors for Version 3.2: 
 R. Baer, B. R. Brooks, D. Casanova, J.-D. Chai, C.-L. Cheng, 
 C. Cramer, D. Crittenden, A. Ghysels, G. Hawkins, E. G. Hohenstein, 
 C. Kelley, W. Kurlancheek, D. Liotard, E. Livshits, P. Manohar, 
 A. Marenich, D. Neuhauser, R. Olson, M. A. Rohrdanz, K. S. Thanthiriwatte, 
 A. J. W. Thom, V. Vanovschi, C. F. Williams, Q. Wu and Z.-Q. You. 


 Intel X86 Linux Version

 Q-chem begins on Mon Jun  3 17:03:51 2013  

 Parallel job on  1  processors
Processing $rem in /usr/local/qchem/config/preferences.

theFileMan(): MAXOPENFILES=974 MAX_SUB_FILE_NUM=16
Maximum size of a physical file is 2.0 GB, maximum size of a tmp-file is 32.0 GB


--------------------------------------------------------------
User input:
--------------------------------------------------------------

$molecule
-1,2
O
C1,O,r1
H1,C1,r2,O,a1
H,O,roh,C1,aoh,H1,toh,0
C2,C1,r3a,O,a2a,H1,t1a,0
C3,C1,r3b,O,a2b,H1,-t1b,0
H,C2,r4a,C1,a4a,H1,t2a,0
H,C3,r5a,C1,a5a,H1,-t2b,0
H,C2,r4b,C1,a4b,H1,t3a,0
H,C3,r5b,C1,a5b,H1,-t3b,0
H,C2,r4c,C1,a4c,H1,-t4a,0
H,C3,r5c,C1,a5c,H1,t4b,0

r1=1.43111827
r2=1.9557364
roh=2.07916264
r3a=1.52393712
r3b=1.53017411
r4a=1.09587708
r5a=1.09583825
r4b=1.09448657
r5b=1.09801539
r4c=1.0954512
r5c=1.0964078
a1=28.22171182
aoh=30.02045037
a2a=106.21524706
a2b=111.13113306
a4a=110.2041443
a5a=110.24366741
a4b=110.29321839
a5b=111.03931704
a4c=110.82961388
a5c=111.23833611
toh=-62.32359188
t1a=179.44473237
t1b=57.80032287
t2a=63.0172795
t2b=83.272013
t3a=-56.37337218
t3b=-36.4963859
t4a=176.72748761
t4b=156.21533884

$end

$comment
negative
$end

$xc_functional
C PBE   1.00
X wPBE  1.00
$end

$rem
SYMMETRY_DECOMPOSITION	0
exchange 		general
LRC_DFT                 true
BASIS                   g3large
omega			100
mem_static              760
max_scf_cycles          200
scf_final_print         1
sym_ignore              true
$end

--------------------------------------------------------------
 Writing REM_CC_EA           12
 ----------------------------------------------------
       Standard Nuclear Orientation (Angstroms)
    I     Atom         X            Y            Z
 ----------------------------------------------------
    1      O       0.000000     0.000000     0.000000
    2      C       0.000000     0.000000     1.431118
    3      H       0.924838     0.000000    -0.292129
    4      H       0.483161     0.921207     1.800236
    5      C      -1.463245     0.014181     1.856673
    6      C       0.760558    -1.207760     1.982752
    7      H      -1.967442    -0.894454     1.508657
    8      H       0.298586    -2.138301     1.634130
    9      H      -1.976608     0.877600     1.422084
   10      H       1.806714    -1.200668     1.649367
   11      H      -1.551233     0.066921     2.947310
   12      H       0.763328    -1.208441     3.079156
 ----------------------------------------------------
 Nuclear Repulsion Energy =   134.3979926221 hartrees
 There are       18 alpha and       17 beta electrons
 Requested basis set is G3large
 There are 88 shells and 248 basis functions

Total QAlloc Memory Limit   2000 MB
Mega-Array Size       743 MB
MEM_STATIC part       760 MB

                       Distance Matrix (Angstroms)
             O (  1)   C (  2)   H (  3)   H (  4)   C (  5)   C (  6)
   C (  2)  1.431118
   H (  3)  0.969878  1.955736
   H (  4)  2.079163  1.103773  2.328453
   C (  5)  2.364005  1.523937  3.212552  2.148110
   C (  6)  2.443039  1.530174  2.580844  2.154707  2.540539
   H (  7)  2.635701  2.162611  3.522521  3.063836  1.095877  2.786558
   H (  8)  2.707742  2.168571  2.945335  3.069568  2.790476  1.095838
   H (  9)  2.588336  2.162693  3.482398  2.489048  1.094487  3.486424
   H ( 10)  2.725111  2.180241  2.447185  2.505376  3.494491  1.098015
   H ( 11)  3.331282  2.170171  4.077912  2.486833  1.095451  2.810617
   H ( 12)  3.394731  2.181519  3.584965  2.499906  2.819024  1.096408
             H (  7)   H (  8)   H (  9)   H ( 10)   H ( 11)
   H (  8)  2.588007
   H (  9)  1.774192  3.783799
   H ( 10)  3.789170  1.775904  4.322543
   H ( 11)  1.779661  3.163745  1.778892  3.816706
   H ( 12)  3.165779  1.780091  3.821610  1.770031  2.645964
 
 A cutoff of  1.0D-08 yielded   3639 shell pairs
 There are  28920 function pairs ( 34904 Cartesian)
Evaluating contribution to one-electron hamiltonian from nuclear
 Smallest overlap matrix eigenvalue = 4.89E-05

 Q-Chem warning in module mkSTV.C, line 194:

 Overlap eigenvalue is smaller than square root of threshold

 Multipole matrices computed through 2nd order

  Scale SEOQF with 1.000000e-01/1.000000e-01/1.000000e-01

 Standard Electronic Orientation quadrupole field applied
 Nucleus-field energy     =    -0.0000000069 hartrees
 Guess from superposition of atomic densities
 Warning:  Energy on first SCF cycle will be non-variational
 Long-range K will be added via erf
 Coulomb attenuation parameter = 0.1 bohr**(-1)
 An unrestricted Kohn-Sham SCF calculation will be
 performed using Pulay DIIS extrapolation
 Exchange:  wPBE + LR-HF      Correlation:  PBE
 Using SG-1 standard quadrature grid
 SCF converges when DIIS error is below 1.0E-05
 Requested basis set is G3large
 There are 88 shells and 248 basis functions
 A cutoff of  1.0D-08 yielded   3639 shell pairs
 There are  28920 function pairs ( 34904 Cartesian)
 Warning!  Inaccurate integrated density:
   Number of electrons =    35
   Numerical integral  =    34.000227111547
   Relative error      =    -2.8564939670 %
 ---------------------------------------
  Cycle       Energy         DIIS Error
 ---------------------------------------
    1    -194.6116249228      2.70E-02
    2    -193.9040977873      5.43E-03
    3    -193.7580752913      7.65E-03
    4    -194.1560562220      1.16E-03
    5    -194.1646452789      4.85E-04
    6    -194.1670016929      1.17E-04
    7    -194.1674585153      5.14E-05
    8    -194.1676769005      2.39E-05
    9    -194.1677765194      1.13E-05
   10    -194.1678086520      6.52E-06 Convergence criterion met
 ---------------------------------------
 One-Electron    Energy =  -533.3582728480
 Total Coulomb   Energy =   232.5089733114
 Alpha Exchange  Energy =    -0.9911584078
 Beta  Exchange  Energy =    -0.9484951074
 DFT   Exchange  Energy =   -24.6662028061
 DFT Correlation Energy =    -1.1106454092
 Nuclear Repu.   Energy =   134.3979926152
 Nuclear Attr.   Energy =  -726.9131263020
 Kinetic         Energy =   193.5548534540
 <S^2> = 0.7501
 SCF time:  CPU 273.36 s  wall 274.51 s
 Final Alpha MO Eigenvalues
            1           2           3           4           5           6
    1 -18.6611608  -9.8514605  -9.7968266  -9.7886446  -0.8530315  -0.6246591
            7           8           9          10          11          12
    1  -0.5495764  -0.4523509  -0.3835911  -0.3290700  -0.3093104  -0.2698163
           13          14          15          16          17          18
    1  -0.2667183  -0.2452726  -0.2362684  -0.2044963  -0.1470966   0.0281525
           19          20          21          22          23
    1   0.1187075   0.1281140   0.1314820   0.1529184   0.1595107
 Final Beta MO Eigenvalues
            1           2           3           4           5           6
    1 -18.6608707  -9.8512159  -9.7966644  -9.7882470  -0.8523066  -0.6240459
            7           8           9          10          11          12
    1  -0.5489034  -0.4512394  -0.3824379  -0.3281229  -0.3086494  -0.2691324
           13          14          15          16          17          18
    1  -0.2658522  -0.2445543  -0.2353657  -0.2036114  -0.1463151   0.1194351
           19          20          21          22
    1   0.1363990   0.1400362   0.1454641   0.1623572
 Analysis of SCF Wavefunction
 
 --------------------------------------------------------------
                    Orbital Energies (a.u.)
 --------------------------------------------------------------
 
 Alpha MOs
 -- Occupied --
-18.661  -9.851  -9.797  -9.789  -0.853  -0.625  -0.550  -0.452
 -0.384  -0.329  -0.309  -0.270  -0.267  -0.245  -0.236  -0.204
 -0.147   0.028
 -- Virtual --
  0.119   0.128   0.131   0.153   0.160   0.165   0.172   0.211
  0.217   0.237   0.240   0.249   0.251   0.254   0.258   0.268
  0.269   0.291   0.292   0.307   0.327   0.336   0.342   0.358
  0.361   0.385   0.395   0.407   0.411   0.429   0.453   0.471
  0.479   0.514   0.555   0.576   0.597   0.616   0.626   0.637
  0.664   0.674   0.697   0.700   0.707   0.709   0.722   0.748
  0.749   0.775   0.780   0.801   0.808   0.848   0.886   0.931
  0.946   0.990   1.003   1.046   1.061   1.084   1.104   1.125
  1.163   1.196   1.204   1.238   1.254   1.272   1.281   1.307
  1.322   1.350   1.365   1.392   1.410   1.421   1.429   1.457
  1.460   1.478   1.486   1.531   1.572   1.579   1.590   1.609
  1.625   1.664   1.669   1.700   1.710   1.723   1.767   1.770
  1.886   1.986   2.154   2.189   2.380   2.451   2.497   2.614
  2.638   2.680   2.685   2.745   2.794   2.816   2.907   2.926
  2.944   2.976   3.028   3.035   3.051   3.080   3.117   3.207
  3.224   3.256   3.265   3.297   3.327   3.387   3.421   3.429
  3.440   3.466   3.511   3.544   3.613   3.646   3.656   3.683
  3.699   3.737   3.776   3.803   3.832   3.866   3.896   3.919
  3.954   3.986   4.067   4.073   4.087   4.098   4.137   4.200
  4.233   4.283   4.290   4.310   4.317   4.340   4.375   4.403
  4.427   4.434   4.522   4.539   4.576   4.647   4.671   4.702
  4.712   4.757   4.817   4.932   5.136   5.260   5.289   5.368
  5.442   5.478   5.557   5.614   5.640   5.714   5.737   5.762
  5.782   5.911   5.995   6.493   7.045   7.212   7.285   7.333
  7.628   7.740  24.106  24.210  24.316  27.574  27.746  28.052
 28.089  28.117  28.138  28.154  28.340  28.449  40.887  40.938
 40.949  40.951  40.981  40.991  41.138  41.166  41.179  41.187
 41.197  41.217  41.220  41.263  41.290  43.783  43.803  43.856
 43.894  43.961  45.665  45.981  46.356  49.853
 
 Beta MOs
 -- Occupied --
-18.661  -9.851  -9.797  -9.788  -0.852  -0.624  -0.549  -0.451
 -0.382  -0.328  -0.309  -0.269  -0.266  -0.245  -0.235  -0.204
 -0.146
 -- Virtual --
  0.119   0.136   0.140   0.145   0.162   0.170   0.174   0.179
  0.213   0.221   0.239   0.245   0.250   0.255   0.256   0.261
  0.270   0.271   0.293   0.296   0.310   0.329   0.339   0.347
  0.361   0.363   0.387   0.398   0.410   0.412   0.430   0.455
  0.471   0.480   0.516   0.557   0.578   0.599   0.618   0.629
  0.638   0.665   0.677   0.698   0.702   0.708   0.711   0.723
  0.749   0.750   0.777   0.782   0.803   0.810   0.851   0.888
  0.933   0.947   0.992   1.005   1.047   1.064   1.086   1.105
  1.127   1.164   1.198   1.205   1.240   1.256   1.274   1.283
  1.307   1.323   1.352   1.367   1.394   1.412   1.423   1.431
  1.459   1.462   1.480   1.489   1.536   1.576   1.581   1.593
  1.611   1.627   1.667   1.672   1.702   1.712   1.726   1.769
  1.772   1.887   1.988   2.155   2.190   2.381   2.453   2.498
  2.614   2.639   2.681   2.686   2.746   2.794   2.817   2.908
  2.927   2.945   2.977   3.028   3.036   3.052   3.081   3.118
  3.208   3.225   3.257   3.266   3.298   3.329   3.388   3.422
  3.431   3.441   3.468   3.512   3.545   3.614   3.647   3.657
  3.683   3.700   3.738   3.777   3.804   3.833   3.867   3.897
  3.919   3.955   3.987   4.068   4.074   4.088   4.099   4.138
  4.201   4.235   4.284   4.291   4.311   4.318   4.341   4.377
  4.404   4.427   4.434   4.523   4.539   4.577   4.648   4.672
  4.702   4.712   4.757   4.818   4.933   5.136   5.260   5.290
  5.369   5.442   5.478   5.558   5.615   5.641   5.715   5.738
  5.762   5.783   5.912   5.995   6.493   7.046   7.215   7.286
  7.333   7.629   7.741  24.106  24.211  24.316  27.574  27.747
 28.053  28.089  28.118  28.138  28.154  28.341  28.449  40.887
 40.938  40.949  40.951  40.981  40.991  41.138  41.166  41.179
 41.188  41.198  41.217  41.220  41.263  41.291  43.783  43.803
 43.856  43.894  43.961  45.665  45.981  46.356  49.853
 --------------------------------------------------------------
 
          Ground-State Mulliken Net Atomic Charges

     Atom                 Charge (a.u.)    Spin (a.u.)
  --------------------------------------------------------
      1 O                    -0.341681       0.072181
      2 C                     0.079272      -0.125507
      3 H                    -0.308246       0.572095
      4 H                    -0.705119       0.822578
      5 C                     0.859133      -1.189277
      6 C                     1.645411      -2.003270
      7 H                    -0.009084       0.104843
      8 H                    -0.140338       0.247185
      9 H                    -0.219904       0.334789
     10 H                    -1.155020       1.275344
     11 H                    -0.299471       0.396771
     12 H                    -0.404953       0.492267
  --------------------------------------------------------
  Sum of atomic charges =    -1.000000
  Sum of spin   charges =     1.000000

 -----------------------------------------------------------------
                    Cartesian Multipole Moments
 -----------------------------------------------------------------
    Charge (ESU x 10^10)
                -4.8032
    Dipole Moment (Debye)
         X      -4.5975      Y       0.2722      Z      -6.9076
       Tot       8.3022
    Quadrupole Moments (Debye-Ang)
        XX     -60.8438     XY       3.3322     YY     -49.7896
        XZ      -4.7644     YZ       0.0781     ZZ     -68.5162
    Octapole Moments (Debye-Ang^2)
       XXX     -65.6292    XXY      18.5072    XYY     -17.2178
       YYY      34.6442    XXZ     -88.6949    XYZ       3.8287
       YYZ     -77.1481    XZZ     -20.2071    YZZ      14.0611
       ZZZ    -283.1628
    Hexadecapole Moments (Debye-Ang^3)
      XXXX    -731.6817   XXXY      92.2728   XXYY    -186.1592
      XYYY      61.0297   YYYY    -391.8591   XXXZ     -44.9644
      XXYZ      29.6725   XYYZ     -12.2513   YYYZ      66.2848
      XXZZ    -337.7602   XYZZ      26.1328   YYZZ    -277.2995
      XZZZ     -29.1536   YZZZ      82.5579   ZZZZ   -1402.5067
 -----------------------------------------------------------------
 Total job time:  274.87s(wall), 273.69s(cpu) 
 Mon Jun  3 17:08:25 2013

        *************************************************************
        *                                                           *
        *  Thank you very much for using Q-Chem.  Have a nice day.  *
        *                                                           *
        *************************************************************


0 sent ACK to 0 
now end server 0 ... 
 
**********************************************************************
Job 2 of 3 
**********************************************************************
 
Process 0 of 1 is on cl203.stfx.acenet.ca - thread support 1
initial socket setup ...start
initial socket setup ...done 
now start server 0 ... 

cmd = /usr/bin/ssh clhead /usr/local/qchem/bin/get_hostid 306662085 > /scratch/tmp/6027723.1.medium.q/qchem13691/lic.dat
                  Welcome to Q-Chem
     A Quantum Leap Into The Future Of Chemistry

 Y. Shao, L. Fusti-Molnar, Y. Jung, J. Kussmann, C. Ochsenfeld,
 S. T. Brown, A. T. B. Gilbert, L. V. Slipchenko,S. V. Levchenko,
 D. P. O'Neill, R. A. DiStasio Jr., R. C. Lochan, T. Wang,
 G. J. O. Beran, N. A. Besley, J. M. Herbert, C. Y. Lin,
 T. Van Voorhis, S. H. Chien, A. Sodt, R. P. Steele, 
 V. A. Rassolov, P. E. Maslen, P. P. Korambath, R. D. Adamson,
 B. Austin, J. Baker, E. F. C. Byrd, H. Dachsel, R. J. Doerksen,
 A. Dreuw, B. D. Dunietz, A. D. Dutoi, T. R. Furlani,
 S. R. Gwaltney, A. Heyden, S. Hirata, C.-P. Hsu, G. Kedziora,
 R. Z. Khaliullin, P. Klunzinger, A. M. Lee, M. S. Lee, W. Liang,
 I. Lotan, N. Nair, B. Peters, E. I. Proynov, P. A. Pieniazek, 
 Y. M. Rhee, J. Ritchie, E. Rosta, C. D. Sherrill, 
 A. C. Simmonett, J. E. Subotnik, H. L. Woodcock III,
 W. Zhang, A. T. Bell, A. K. Chakraborty, D. M. Chipman,
 F. J. Keil, A. Warshel, W. J. Hehre, H. F. Schaefer III,
 J. Kong, A. I. Krylov, P. M. W. Gill, M. Head-Gordon,
 Q-Chem, Version 3.1, Q-Chem, Inc., Pittsburgh, PA (2007).

 Additional authors for Version 3.1: 
 Z. Gan, Y. Zhao, N. E. Schultz, D. Truhlar, E. Epifanovsky and M. Oana.

 Additional authors for Version 3.2: 
 R. Baer, B. R. Brooks, D. Casanova, J.-D. Chai, C.-L. Cheng, 
 C. Cramer, D. Crittenden, A. Ghysels, G. Hawkins, E. G. Hohenstein, 
 C. Kelley, W. Kurlancheek, D. Liotard, E. Livshits, P. Manohar, 
 A. Marenich, D. Neuhauser, R. Olson, M. A. Rohrdanz, K. S. Thanthiriwatte, 
 A. J. W. Thom, V. Vanovschi, C. F. Williams, Q. Wu and Z.-Q. You. 


 Intel X86 Linux Version

 Q-chem begins on Mon Jun  3 17:08:28 2013  

 Parallel job on  1  processors
Processing $rem in /usr/local/qchem/config/preferences.

theFileMan(): MAXOPENFILES=974 MAX_SUB_FILE_NUM=16
Maximum size of a physical file is 2.0 GB, maximum size of a tmp-file is 32.0 GB


--------------------------------------------------------------
User input:
--------------------------------------------------------------

$molecule
0,1
O
C1,O,r1
H1,C1,r2,O,a1
H,O,roh,C1,aoh,H1,toh,0
C2,C1,r3a,O,a2a,H1,t1a,0
C3,C1,r3b,O,a2b,H1,-t1b,0
H,C2,r4a,C1,a4a,H1,t2a,0
H,C3,r5a,C1,a5a,H1,-t2b,0
H,C2,r4b,C1,a4b,H1,t3a,0
H,C3,r5b,C1,a5b,H1,-t3b,0
H,C2,r4c,C1,a4c,H1,-t4a,0
H,C3,r5c,C1,a5c,H1,t4b,0

r1=1.43111827
r2=1.9557364
roh=2.07916264
r3a=1.52393712
r3b=1.53017411
r4a=1.09587708
r5a=1.09583825
r4b=1.09448657
r5b=1.09801539
r4c=1.0954512
r5c=1.0964078
a1=28.22171182
aoh=30.02045037
a2a=106.21524706
a2b=111.13113306
a4a=110.2041443
a5a=110.24366741
a4b=110.29321839
a5b=111.03931704
a4c=110.82961388
a5c=111.23833611
toh=-62.32359188
t1a=179.44473237
t1b=57.80032287
t2a=63.0172795
t2b=83.272013
t3a=-56.37337218
t3b=-36.4963859
t4a=176.72748761
t4b=156.21533884

$end

$comment
neutral
$end

$xc_functional
C PBE   1.00
X wPBE  1.00
$end


$rem
SYMMETRY_DECOMPOSITION	0
LRC_DFT                 true
exchange 		general
BASIS                   g3large
omega			100
mem_static              760
max_scf_cycles          200
scf_final_print         1
sym_ignore              true
$end

--------------------------------------------------------------
 Writing REM_CC_EA           12
 ----------------------------------------------------
       Standard Nuclear Orientation (Angstroms)
    I     Atom         X            Y            Z
 ----------------------------------------------------
    1      O       0.000000     0.000000     0.000000
    2      C       0.000000     0.000000     1.431118
    3      H       0.924838     0.000000    -0.292129
    4      H       0.483161     0.921207     1.800236
    5      C      -1.463245     0.014181     1.856673
    6      C       0.760558    -1.207760     1.982752
    7      H      -1.967442    -0.894454     1.508657
    8      H       0.298586    -2.138301     1.634130
    9      H      -1.976608     0.877600     1.422084
   10      H       1.806714    -1.200668     1.649367
   11      H      -1.551233     0.066921     2.947310
   12      H       0.763328    -1.208441     3.079156
 ----------------------------------------------------
 Nuclear Repulsion Energy =   134.3979926221 hartrees
 There are       17 alpha and       17 beta electrons
 Requested basis set is G3large
 There are 88 shells and 248 basis functions

Total QAlloc Memory Limit   2000 MB
Mega-Array Size       743 MB
MEM_STATIC part       760 MB

                       Distance Matrix (Angstroms)
             O (  1)   C (  2)   H (  3)   H (  4)   C (  5)   C (  6)
   C (  2)  1.431118
   H (  3)  0.969878  1.955736
   H (  4)  2.079163  1.103773  2.328453
   C (  5)  2.364005  1.523937  3.212552  2.148110
   C (  6)  2.443039  1.530174  2.580844  2.154707  2.540539
   H (  7)  2.635701  2.162611  3.522521  3.063836  1.095877  2.786558
   H (  8)  2.707742  2.168571  2.945335  3.069568  2.790476  1.095838
   H (  9)  2.588336  2.162693  3.482398  2.489048  1.094487  3.486424
   H ( 10)  2.725111  2.180241  2.447185  2.505376  3.494491  1.098015
   H ( 11)  3.331282  2.170171  4.077912  2.486833  1.095451  2.810617
   H ( 12)  3.394731  2.181519  3.584965  2.499906  2.819024  1.096408
             H (  7)   H (  8)   H (  9)   H ( 10)   H ( 11)
   H (  8)  2.588007
   H (  9)  1.774192  3.783799
   H ( 10)  3.789170  1.775904  4.322543
   H ( 11)  1.779661  3.163745  1.778892  3.816706
   H ( 12)  3.165779  1.780091  3.821610  1.770031  2.645964
 
 A cutoff of  1.0D-08 yielded   3639 shell pairs
 There are  28920 function pairs ( 34904 Cartesian)
Evaluating contribution to one-electron hamiltonian from nuclear
 Smallest overlap matrix eigenvalue = 4.89E-05

 Q-Chem warning in module mkSTV.C, line 194:

 Overlap eigenvalue is smaller than square root of threshold

 Multipole matrices computed through 2nd order

  Scale SEOQF with 1.000000e-01/1.000000e-01/1.000000e-01

 Standard Electronic Orientation quadrupole field applied
 Nucleus-field energy     =    -0.0000000069 hartrees
 Guess from superposition of atomic densities
 Warning:  Energy on first SCF cycle will be non-variational
 Long-range K will be added via erf
 Coulomb attenuation parameter = 0.1 bohr**(-1)
 A restricted Kohn-Sham SCF calculation will be
 performed using Pulay DIIS extrapolation
 Exchange:  wPBE + LR-HF      Correlation:  PBE
 Using SG-1 standard quadrature grid
 SCF converges when DIIS error is below 1.0E-05
 Requested basis set is G3large
 There are 88 shells and 248 basis functions
 A cutoff of  1.0D-08 yielded   3639 shell pairs
 There are  28920 function pairs ( 34904 Cartesian)
 ---------------------------------------
  Cycle       Energy         DIIS Error
 ---------------------------------------
    1    -194.6116249228      2.70E-02
    2    -194.0141385097      4.94E-03
    3    -193.9439741493      6.13E-03
    4    -194.1835060058      9.54E-04
    5    -194.1879544661      3.21E-04
    6    -194.1885552334      5.48E-05
    7    -194.1885665037      2.06E-05
    8    -194.1885718160      4.45E-06 Convergence criterion met
 ---------------------------------------
 One-Electron    Energy =  -528.8207033681
 Total Coulomb   Energy =   227.8618545781
 Alpha Exchange  Energy =    -0.9486019005
 Beta  Exchange  Energy =    -0.9486019005
 DFT   Exchange  Energy =   -24.6275977299
 DFT Correlation Energy =    -1.1029141103
 Nuclear Repu.   Energy =   134.3979926152
 Nuclear Attr.   Energy =  -722.3034009896
 Kinetic         Energy =   193.4826976216
 SCF time:  CPU 165.69 s  wall 166.10 s
 Final Alpha MO Eigenvalues
            1           2           3           4           5           6
    1 -18.7992895  -9.9882093  -9.9282440  -9.9225195  -0.9908610  -0.7582653
            7           8           9          10          11          12
    1  -0.6823153  -0.5858476  -0.5197123  -0.4622009  -0.4446370  -0.4023659
           13          14          15          16          17          18
    1  -0.3933638  -0.3800492  -0.3678882  -0.3385527  -0.2831003   0.0151216
           19          20          21          22
    1   0.0379267   0.0426271   0.0473549   0.0655054
 Analysis of SCF Wavefunction
 
 --------------------------------------------------------------
                    Orbital Energies (a.u.)
 --------------------------------------------------------------
 
 Alpha MOs
 -- Occupied --
-18.799  -9.988  -9.928  -9.923  -0.991  -0.758  -0.682  -0.586
 -0.520  -0.462  -0.445  -0.402  -0.393  -0.380  -0.368  -0.339
 -0.283
 -- Virtual --
  0.015   0.038   0.043   0.047   0.066   0.072   0.078   0.087
  0.106   0.113   0.129   0.136   0.142   0.150   0.152   0.155
  0.159   0.165   0.179   0.188   0.194   0.213   0.221   0.226
  0.239   0.244   0.263   0.279   0.286   0.292   0.318   0.340
  0.356   0.363   0.398   0.437   0.459   0.472   0.491   0.505
  0.517   0.539   0.553   0.569   0.577   0.584   0.588   0.598
  0.620   0.622   0.645   0.653   0.680   0.688   0.718   0.758
  0.801   0.815   0.860   0.872   0.916   0.931   0.955   0.973
  0.995   1.034   1.066   1.077   1.107   1.123   1.145   1.152
  1.175   1.194   1.220   1.237   1.266   1.280   1.292   1.299
  1.327   1.334   1.348   1.358   1.400   1.444   1.453   1.461
  1.478   1.499   1.535   1.541   1.571   1.583   1.595   1.637
  1.638   1.755   1.851   2.020   2.055   2.246   2.316   2.366
  2.480   2.504   2.548   2.555   2.611   2.664   2.683   2.774
  2.792   2.811   2.842   2.897   2.903   2.919   2.947   2.985
  3.076   3.088   3.127   3.132   3.164   3.195   3.257   3.288
  3.296   3.311   3.333   3.378   3.411   3.480   3.511   3.527
  3.553   3.565   3.602   3.643   3.668   3.698   3.727   3.762
  3.788   3.821   3.853   3.931   3.941   3.955   3.966   4.007
  4.067   4.098   4.149   4.156   4.179   4.187   4.208   4.239
  4.269   4.294   4.299   4.393   4.403   4.445   4.513   4.541
  4.565   4.582   4.623   4.684   4.799   5.000   5.124   5.153
  5.233   5.308   5.344   5.421   5.478   5.503   5.579   5.608
  5.630   5.651   5.776   5.859   6.356   6.908   7.073   7.149
  7.196   7.492   7.604  23.971  24.078  24.181  27.439  27.612
 27.915  27.958  27.982  28.008  28.020  28.206  28.315  40.752
 40.802  40.810  40.824  40.842  40.861  41.001  41.030  41.047
 41.052  41.062  41.078  41.093  41.136  41.152  43.645  43.665
 43.718  43.756  43.823  45.527  45.843  46.218  49.715
 --------------------------------------------------------------
 
          Ground-State Mulliken Net Atomic Charges

     Atom                 Charge (a.u.)
  ----------------------------------------
      1 O                    -0.254268
      2 C                    -0.041780
      3 H                     0.239700
      4 H                     0.101379
      5 C                    -0.324970
      6 C                    -0.370333
      7 H                     0.116060
      8 H                     0.133038
      9 H                     0.124545
     10 H                     0.096436
     11 H                     0.091002
     12 H                     0.089191
  ----------------------------------------
  Sum of atomic charges =     0.000000

 -----------------------------------------------------------------
                    Cartesian Multipole Moments
 -----------------------------------------------------------------
    Charge (ESU x 10^10)
                 0.0000
    Dipole Moment (Debye)
         X       1.2337      Y      -0.0303      Z       1.0200
       Tot       1.6010
    Quadrupole Moments (Debye-Ang)
        XX     -25.4593     XY       0.1351     YY     -27.3971
        XZ      -0.9993     YZ      -0.0182     ZZ     -25.4173
    Octapole Moments (Debye-Ang^2)
       XXX      16.2649    XXY       9.4291    XYY       3.7778
       YYY      27.3762    XXZ     -39.1042    XYZ       0.2156
       YYZ     -38.1628    XZZ       4.6921    YZZ       9.2165
       ZZZ    -110.3247
    Hexadecapole Moments (Debye-Ang^3)
      XXXX    -185.8052   XXXY      22.6004   XXYY     -51.1586
      XYYY      25.1103   YYYY    -123.0017   XXXZ      28.3116
      XXYZ      19.0668   XYYZ       8.4847   YYYZ      56.5162
      XXZZ    -112.3814   XYZZ       7.8769   YYZZ    -101.9644
      XZZZ      25.9581   YZZZ      54.7221   ZZZZ    -452.9320
 -----------------------------------------------------------------
 Total job time:  166.42s(wall), 166.00s(cpu) 
 Mon Jun  3 17:11:15 2013

        *************************************************************
        *                                                           *
        *  Thank you very much for using Q-Chem.  Have a nice day.  *
        *                                                           *
        *************************************************************


0 sent ACK to 0 
now end server 0 ... 
 
**********************************************************************
Job 3 of 3 
**********************************************************************
 
Process 0 of 1 is on cl203.stfx.acenet.ca - thread support 1
initial socket setup ...start
initial socket setup ...done 
now start server 0 ... 

cmd = /usr/bin/ssh clhead /usr/local/qchem/bin/get_hostid 1526974875 > /scratch/tmp/6027723.1.medium.q/qchem13691/lic.dat
                  Welcome to Q-Chem
     A Quantum Leap Into The Future Of Chemistry

 Y. Shao, L. Fusti-Molnar, Y. Jung, J. Kussmann, C. Ochsenfeld,
 S. T. Brown, A. T. B. Gilbert, L. V. Slipchenko,S. V. Levchenko,
 D. P. O'Neill, R. A. DiStasio Jr., R. C. Lochan, T. Wang,
 G. J. O. Beran, N. A. Besley, J. M. Herbert, C. Y. Lin,
 T. Van Voorhis, S. H. Chien, A. Sodt, R. P. Steele, 
 V. A. Rassolov, P. E. Maslen, P. P. Korambath, R. D. Adamson,
 B. Austin, J. Baker, E. F. C. Byrd, H. Dachsel, R. J. Doerksen,
 A. Dreuw, B. D. Dunietz, A. D. Dutoi, T. R. Furlani,
 S. R. Gwaltney, A. Heyden, S. Hirata, C.-P. Hsu, G. Kedziora,
 R. Z. Khaliullin, P. Klunzinger, A. M. Lee, M. S. Lee, W. Liang,
 I. Lotan, N. Nair, B. Peters, E. I. Proynov, P. A. Pieniazek, 
 Y. M. Rhee, J. Ritchie, E. Rosta, C. D. Sherrill, 
 A. C. Simmonett, J. E. Subotnik, H. L. Woodcock III,
 W. Zhang, A. T. Bell, A. K. Chakraborty, D. M. Chipman,
 F. J. Keil, A. Warshel, W. J. Hehre, H. F. Schaefer III,
 J. Kong, A. I. Krylov, P. M. W. Gill, M. Head-Gordon,
 Q-Chem, Version 3.1, Q-Chem, Inc., Pittsburgh, PA (2007).

 Additional authors for Version 3.1: 
 Z. Gan, Y. Zhao, N. E. Schultz, D. Truhlar, E. Epifanovsky and M. Oana.

 Additional authors for Version 3.2: 
 R. Baer, B. R. Brooks, D. Casanova, J.-D. Chai, C.-L. Cheng, 
 C. Cramer, D. Crittenden, A. Ghysels, G. Hawkins, E. G. Hohenstein, 
 C. Kelley, W. Kurlancheek, D. Liotard, E. Livshits, P. Manohar, 
 A. Marenich, D. Neuhauser, R. Olson, M. A. Rohrdanz, K. S. Thanthiriwatte, 
 A. J. W. Thom, V. Vanovschi, C. F. Williams, Q. Wu and Z.-Q. You. 


 Intel X86 Linux Version

 Q-chem begins on Mon Jun  3 17:11:17 2013  

 Parallel job on  1  processors
Processing $rem in /usr/local/qchem/config/preferences.

theFileMan(): MAXOPENFILES=974 MAX_SUB_FILE_NUM=16
Maximum size of a physical file is 2.0 GB, maximum size of a tmp-file is 32.0 GB


--------------------------------------------------------------
User input:
--------------------------------------------------------------

$molecule
1,2
O
C1,O,r1
H1,C1,r2,O,a1
H,O,roh,C1,aoh,H1,toh,0
C2,C1,r3a,O,a2a,H1,t1a,0
C3,C1,r3b,O,a2b,H1,-t1b,0
H,C2,r4a,C1,a4a,H1,t2a,0
H,C3,r5a,C1,a5a,H1,-t2b,0
H,C2,r4b,C1,a4b,H1,t3a,0
H,C3,r5b,C1,a5b,H1,-t3b,0
H,C2,r4c,C1,a4c,H1,-t4a,0
H,C3,r5c,C1,a5c,H1,t4b,0

r1=1.43111827
r2=1.9557364
roh=2.07916264
r3a=1.52393712
r3b=1.53017411
r4a=1.09587708
r5a=1.09583825
r4b=1.09448657
r5b=1.09801539
r4c=1.0954512
r5c=1.0964078
a1=28.22171182
aoh=30.02045037
a2a=106.21524706
a2b=111.13113306
a4a=110.2041443
a5a=110.24366741
a4b=110.29321839
a5b=111.03931704
a4c=110.82961388
a5c=111.23833611
toh=-62.32359188
t1a=179.44473237
t1b=57.80032287
t2a=63.0172795
t2b=83.272013
t3a=-56.37337218
t3b=-36.4963859
t4a=176.72748761
t4b=156.21533884

$end

$comment
positive
$end

$xc_functional
C PBE   1.00
X wPBE  1.00
$end

$rem
SYMMETRY_DECOMPOSITION	0
LRC_DFT                 true
exchange 		general
BASIS                   g3large
omega			100
mem_static              760
max_scf_cycles          200
scf_final_print         1
sym_ignore              true
$end

--------------------------------------------------------------
 Writing REM_CC_EA           12
 ----------------------------------------------------
       Standard Nuclear Orientation (Angstroms)
    I     Atom         X            Y            Z
 ----------------------------------------------------
    1      O       0.000000     0.000000     0.000000
    2      C       0.000000     0.000000     1.431118
    3      H       0.924838     0.000000    -0.292129
    4      H       0.483161     0.921207     1.800236
    5      C      -1.463245     0.014181     1.856673
    6      C       0.760558    -1.207760     1.982752
    7      H      -1.967442    -0.894454     1.508657
    8      H       0.298586    -2.138301     1.634130
    9      H      -1.976608     0.877600     1.422084
   10      H       1.806714    -1.200668     1.649367
   11      H      -1.551233     0.066921     2.947310
   12      H       0.763328    -1.208441     3.079156
 ----------------------------------------------------
 Nuclear Repulsion Energy =   134.3979926221 hartrees
 There are       17 alpha and       16 beta electrons
 Requested basis set is G3large
 There are 88 shells and 248 basis functions

Total QAlloc Memory Limit   2000 MB
Mega-Array Size       743 MB
MEM_STATIC part       760 MB

                       Distance Matrix (Angstroms)
             O (  1)   C (  2)   H (  3)   H (  4)   C (  5)   C (  6)
   C (  2)  1.431118
   H (  3)  0.969878  1.955736
   H (  4)  2.079163  1.103773  2.328453
   C (  5)  2.364005  1.523937  3.212552  2.148110
   C (  6)  2.443039  1.530174  2.580844  2.154707  2.540539
   H (  7)  2.635701  2.162611  3.522521  3.063836  1.095877  2.786558
   H (  8)  2.707742  2.168571  2.945335  3.069568  2.790476  1.095838
   H (  9)  2.588336  2.162693  3.482398  2.489048  1.094487  3.486424
   H ( 10)  2.725111  2.180241  2.447185  2.505376  3.494491  1.098015
   H ( 11)  3.331282  2.170171  4.077912  2.486833  1.095451  2.810617
   H ( 12)  3.394731  2.181519  3.584965  2.499906  2.819024  1.096408
             H (  7)   H (  8)   H (  9)   H ( 10)   H ( 11)
   H (  8)  2.588007
   H (  9)  1.774192  3.783799
   H ( 10)  3.789170  1.775904  4.322543
   H ( 11)  1.779661  3.163745  1.778892  3.816706
   H ( 12)  3.165779  1.780091  3.821610  1.770031  2.645964
 
 A cutoff of  1.0D-08 yielded   3639 shell pairs
 There are  28920 function pairs ( 34904 Cartesian)
Evaluating contribution to one-electron hamiltonian from nuclear
 Smallest overlap matrix eigenvalue = 4.89E-05

 Q-Chem warning in module mkSTV.C, line 194:

 Overlap eigenvalue is smaller than square root of threshold

 Multipole matrices computed through 2nd order

  Scale SEOQF with 1.000000e-01/1.000000e-01/1.000000e-01

 Standard Electronic Orientation quadrupole field applied
 Nucleus-field energy     =    -0.0000000069 hartrees
 Guess from superposition of atomic densities
 Warning:  Energy on first SCF cycle will be non-variational
 Long-range K will be added via erf
 Coulomb attenuation parameter = 0.1 bohr**(-1)
 An unrestricted Kohn-Sham SCF calculation will be
 performed using Pulay DIIS extrapolation
 Exchange:  wPBE + LR-HF      Correlation:  PBE
 Using SG-1 standard quadrature grid
 SCF converges when DIIS error is below 1.0E-05
 Requested basis set is G3large
 There are 88 shells and 248 basis functions
 A cutoff of  1.0D-08 yielded   3639 shell pairs
 There are  28920 function pairs ( 34904 Cartesian)
 Warning!  Inaccurate integrated density:
   Number of electrons =    33
   Numerical integral  =    34.000227111547
   Relative error      =     3.0309912471 %
 ---------------------------------------
  Cycle       Energy         DIIS Error
 ---------------------------------------
    1    -194.6116249228      2.70E-02
    2    -193.7114193405      3.73E-03
    3    -193.6488668534      4.69E-03
    4    -193.7996792558      1.89E-03
    5    -193.8213277113      4.02E-04
    6    -193.8223412800      7.69E-05
    7    -193.8224169744      3.76E-05
    8    -193.8224350396      1.39E-05
    9    -193.8224486673      6.03E-06 Convergence criterion met
 ---------------------------------------
 One-Electron    Energy =  -520.1265836374
 Total Coulomb   Energy =   219.1899272368
 Alpha Exchange  Energy =    -0.9493371346
 Beta  Exchange  Energy =    -0.8922410669
 DFT   Exchange  Energy =   -24.3735686227
 DFT Correlation Energy =    -1.0686380578
 Nuclear Repu.   Energy =   134.3979926152
 Nuclear Attr.   Energy =  -713.3144069830
 Kinetic         Energy =   193.1878233456
 <S^2> = 0.7521
 SCF time:  CPU 235.55 s  wall 236.27 s
 Final Alpha MO Eigenvalues
            1           2           3           4           5           6
    1 -19.1478179 -10.2635007 -10.1685693 -10.1371952  -1.3121778  -1.0151398
            7           8           9          10          11          12
    1  -0.9131202  -0.8442107  -0.8009859  -0.7250378  -0.6988435  -0.6484004
           13          14          15          16          17          18
    1  -0.6277278  -0.6175258  -0.6046364  -0.5862106  -0.5827969  -0.1656157
           19          20          21          22
    1  -0.1205314  -0.1070401  -0.0971273  -0.0883774
 Final Beta MO Eigenvalues
            1           2           3           4           5           6
    1 -19.1350601 -10.2616759 -10.1660028 -10.1367643  -1.2878112  -1.0045733
            7           8           9          10          11          12
    1  -0.9073756  -0.8369655  -0.7855178  -0.7032873  -0.6907345  -0.6325615
           13          14          15          16          17          18
    1  -0.6215847  -0.6041456  -0.5940574  -0.5800342  -0.4438478  -0.1619428
           19          20          21
    1  -0.1156698  -0.1030313  -0.0945244
 Analysis of SCF Wavefunction
 
 --------------------------------------------------------------
                    Orbital Energies (a.u.)
 --------------------------------------------------------------
 
 Alpha MOs
 -- Occupied --
-19.148 -10.264 -10.169 -10.137  -1.312  -1.015  -0.913  -0.844
 -0.801  -0.725  -0.699  -0.648  -0.628  -0.618  -0.605  -0.586
 -0.583
 -- Virtual --
 -0.166  -0.121  -0.107  -0.097  -0.088  -0.071  -0.068  -0.055
 -0.046  -0.039  -0.035  -0.031  -0.019  -0.008  -0.004   0.006
  0.011   0.016   0.024   0.029   0.035   0.047   0.051   0.057
  0.065   0.070   0.074   0.095   0.105   0.109   0.154   0.157
  0.178   0.185   0.211   0.253   0.268   0.276   0.291   0.310
  0.328   0.338   0.358   0.363   0.389   0.396   0.404   0.410
  0.415   0.416   0.430   0.448   0.489   0.499   0.519   0.547
  0.588   0.609   0.647   0.653   0.700   0.729   0.738   0.752
  0.780   0.815   0.845   0.862   0.887   0.890   0.910   0.936
  0.965   0.978   1.002   1.025   1.050   1.066   1.074   1.084
  1.101   1.126   1.136   1.152   1.176   1.227   1.241   1.255
  1.269   1.295   1.318   1.327   1.357   1.371   1.376   1.417
  1.424   1.495   1.567   1.752   1.784   1.962   2.052   2.149
  2.247   2.257   2.319   2.334   2.380   2.430   2.439   2.525
  2.544   2.569   2.588   2.659   2.680   2.697   2.716   2.744
  2.851   2.854   2.886   2.902   2.921   2.969   3.036   3.048
  3.064   3.086   3.103   3.146   3.174   3.230   3.280   3.305
  3.321   3.328   3.353   3.392   3.412   3.446   3.467   3.522
  3.548   3.590   3.613   3.688   3.707   3.723   3.734   3.776
  3.826   3.845   3.897   3.928   3.953   3.965   3.987   3.999
  4.014   4.049   4.062   4.168   4.170   4.216   4.283   4.314
  4.327   4.353   4.385   4.439   4.564   4.653   4.806   4.833
  4.949   5.019   5.107   5.119   5.183   5.194   5.327   5.377
  5.406   5.433   5.486   5.575   6.049   6.553   6.761   6.809
  6.845   7.169   7.288  23.719  23.848  23.934  27.184  27.356
 27.649  27.729  27.747  27.786  27.792  27.957  28.067  40.484
 40.534  40.566  40.599  40.605  40.637  40.724  40.761  40.788
 40.806  40.835  40.843  40.876  40.899  40.925  43.284  43.299
 43.357  43.416  43.486  45.162  45.501  45.875  49.368
 
 Beta MOs
 -- Occupied --
-19.135 -10.262 -10.166 -10.137  -1.288  -1.005  -0.907  -0.837
 -0.786  -0.703  -0.691  -0.633  -0.622  -0.604  -0.594  -0.580
 -- Virtual --
 -0.444  -0.162  -0.116  -0.103  -0.095  -0.086  -0.069  -0.066
 -0.054  -0.044  -0.038  -0.033  -0.028  -0.016  -0.006   0.001
  0.008   0.014   0.019   0.026   0.030   0.037   0.050   0.053
  0.060   0.066   0.074   0.076   0.098   0.109   0.112   0.156
  0.163   0.180   0.188   0.215   0.256   0.271   0.279   0.295
  0.313   0.331   0.342   0.361   0.368   0.392   0.398   0.408
  0.414   0.419   0.422   0.437   0.452   0.493   0.503   0.522
  0.550   0.593   0.612   0.650   0.656   0.702   0.732   0.743
  0.757   0.785   0.821   0.850   0.867   0.892   0.905   0.922
  0.942   0.969   0.984   1.007   1.030   1.053   1.073   1.080
  1.087   1.110   1.130   1.140   1.155   1.181   1.232   1.250
  1.258   1.274   1.299   1.322   1.333   1.360   1.375   1.382
  1.423   1.429   1.511   1.589   1.765   1.795   1.981   2.058
  2.153   2.257   2.263   2.324   2.338   2.386   2.438   2.448
  2.531   2.553   2.577   2.602   2.666   2.682   2.702   2.721
  2.752   2.857   2.858   2.894   2.908   2.928   2.973   3.041
  3.057   3.068   3.090   3.107   3.150   3.179   3.238   3.284
  3.311   3.326   3.333   3.357   3.398   3.416   3.454   3.473
  3.529   3.558   3.595   3.621   3.695   3.709   3.730   3.738
  3.785   3.834   3.852   3.908   3.932   3.958   3.971   3.993
  4.004   4.027   4.062   4.069   4.173   4.179   4.222   4.290
  4.322   4.336   4.359   4.396   4.451   4.572   4.715   4.839
  4.866   4.974   5.040   5.115   5.136   5.212   5.217   5.342
  5.381   5.412   5.438   5.506   5.579   6.061   6.610   6.777
  6.849   6.899   7.192   7.297  23.721  23.850  23.936  27.187
 27.359  27.650  27.731  27.748  27.787  27.792  27.962  28.069
 40.488  40.536  40.571  40.602  40.606  40.638  40.729  40.762
 40.792  40.811  40.837  40.844  40.877  40.904  40.926  43.317
 43.339  43.390  43.422  43.489  45.201  45.509  45.884  49.381
 --------------------------------------------------------------
 
          Ground-State Mulliken Net Atomic Charges

     Atom                 Charge (a.u.)    Spin (a.u.)
  --------------------------------------------------------
      1 O                     0.110929       0.538828
      2 C                    -0.120342       0.098132
      3 H                     0.312222      -0.007737
      4 H                     0.240969       0.138748
      5 C                    -0.260136       0.018650
      6 C                    -0.250977       0.132288
      7 H                     0.176064       0.042273
      8 H                     0.178015       0.014251
      9 H                     0.170492       0.023548
     10 H                     0.142207      -0.005870
     11 H                     0.141670      -0.002205
     12 H                     0.158889       0.009094
  --------------------------------------------------------
  Sum of atomic charges =     1.000000
  Sum of spin   charges =     1.000000

 -----------------------------------------------------------------
                    Cartesian Multipole Moments
 -----------------------------------------------------------------
    Charge (ESU x 10^10)
                 4.8032
    Dipole Moment (Debye)
         X       1.1286      Y      -1.1416      Z       6.5183
       Tot       6.7130
    Quadrupole Moments (Debye-Ang)
        XX     -17.4204     XY      -0.9633     YY     -19.6868
        XZ      -1.5110     YZ      -2.6236     ZZ      -9.7197
    Octapole Moments (Debye-Ang^2)
       XXX      10.3291    XXY       6.6720    XYY       5.2465
       YYY      19.2306    XXZ     -25.8215    XYZ      -2.4185
       YYZ     -25.8936    XZZ       3.9715    YZZ       1.6901
       ZZZ     -68.5934
    Hexadecapole Moments (Debye-Ang^3)
      XXXX    -142.7225   XXXY      17.8244   XXYY     -38.4551
      XYYY      19.4559   YYYY     -89.0067   XXXZ      16.5914
      XXYZ      13.4348   XYYZ      12.4718   YYYZ      40.0647
      XXZZ     -78.9890   XYZZ       0.3632   YYZZ     -70.9885
      XZZZ      23.8854   YZZZ      30.7793   ZZZZ    -320.9213
 -----------------------------------------------------------------
 Total job time:  236.59s(wall), 235.87s(cpu) 
 Mon Jun  3 17:15:14 2013

        *************************************************************
        *                                                           *
        *  Thank you very much for using Q-Chem.  Have a nice day.  *
        *                                                           *
        *************************************************************


0 sent ACK to 0 
now end server 0 ... 
