Process 0 of 1 is on cl227.stfx.acenet.ca - thread support 1
initial socket setup ...start
initial socket setup ...done 
now start server 0 ... 

cmd = /usr/bin/ssh clhead /usr/local/qchem/bin/get_hostid 547371047 > /globalscratch/itamblyn/bnl/g297_b3lyp_neut_g03Large/g2g71127/omega800/qchem13910/lic.dat
                  Welcome to Q-Chem
     A Quantum Leap Into The Future Of Chemistry

 Y. Shao, L. Fusti-Molnar, Y. Jung, J. Kussmann, C. Ochsenfeld,
 S. T. Brown, A. T. B. Gilbert, L. V. Slipchenko,S. V. Levchenko,
 D. P. O'Neill, R. A. DiStasio Jr., R. C. Lochan, T. Wang,
 G. J. O. Beran, N. A. Besley, J. M. Herbert, C. Y. Lin,
 T. Van Voorhis, S. H. Chien, A. Sodt, R. P. Steele, 
 V. A. Rassolov, P. E. Maslen, P. P. Korambath, R. D. Adamson,
 B. Austin, J. Baker, E. F. C. Byrd, H. Dachsel, R. J. Doerksen,
 A. Dreuw, B. D. Dunietz, A. D. Dutoi, T. R. Furlani,
 S. R. Gwaltney, A. Heyden, S. Hirata, C.-P. Hsu, G. Kedziora,
 R. Z. Khaliullin, P. Klunzinger, A. M. Lee, M. S. Lee, W. Liang,
 I. Lotan, N. Nair, B. Peters, E. I. Proynov, P. A. Pieniazek, 
 Y. M. Rhee, J. Ritchie, E. Rosta, C. D. Sherrill, 
 A. C. Simmonett, J. E. Subotnik, H. L. Woodcock III,
 W. Zhang, A. T. Bell, A. K. Chakraborty, D. M. Chipman,
 F. J. Keil, A. Warshel, W. J. Hehre, H. F. Schaefer III,
 J. Kong, A. I. Krylov, P. M. W. Gill, M. Head-Gordon,
 Q-Chem, Version 3.1, Q-Chem, Inc., Pittsburgh, PA (2007).

 Additional authors for Version 3.1: 
 Z. Gan, Y. Zhao, N. E. Schultz, D. Truhlar, E. Epifanovsky and M. Oana.

 Additional authors for Version 3.2: 
 R. Baer, B. R. Brooks, D. Casanova, J.-D. Chai, C.-L. Cheng, 
 C. Cramer, D. Crittenden, A. Ghysels, G. Hawkins, E. G. Hohenstein, 
 C. Kelley, W. Kurlancheek, D. Liotard, E. Livshits, P. Manohar, 
 A. Marenich, D. Neuhauser, R. Olson, M. A. Rohrdanz, K. S. Thanthiriwatte, 
 A. J. W. Thom, V. Vanovschi, C. F. Williams, Q. Wu and Z.-Q. You. 


 Intel X86 Linux Version

 Q-chem begins on Mon Apr 11 18:39:12 2011  

 Parallel job on  1  processors
Processing $rem in /usr/local/qchem/config/preferences.

theFileMan(): MAXOPENFILES=974 MAX_SUB_FILE_NUM=16
Maximum size of a physical file is 2.0 GB, maximum size of a tmp-file is 32.0 GB


--------------------------------------------------------------
User input:
--------------------------------------------------------------

$molecule
-1,2
O
C1,O,r1
H1,C1,r2,O,a1
H,O,roh,C1,aoh,H1,toh,0
C2,C1,r3a,O,a2a,H1,t1a,0
C3,C1,r3b,O,a2b,H1,-t1b,0
H,C2,r4a,C1,a4a,H1,t2a,0
H,C3,r5a,C1,a5a,H1,-t2b,0
H,C2,r4b,C1,a4b,H1,t3a,0
H,C3,r5b,C1,a5b,H1,-t3b,0
H,C2,r4c,C1,a4c,H1,-t4a,0
H,C3,r5c,C1,a5c,H1,t4b,0

r1=1.43111827
r2=1.9557364
roh=2.07916264
r3a=1.52393712
r3b=1.53017411
r4a=1.09587708
r5a=1.09583825
r4b=1.09448657
r5b=1.09801539
r4c=1.0954512
r5c=1.0964078
a1=28.22171182
aoh=30.02045037
a2a=106.21524706
a2b=111.13113306
a4a=110.2041443
a5a=110.24366741
a4b=110.29321839
a5b=111.03931704
a4c=110.82961388
a5c=111.23833611
toh=-62.32359188
t1a=179.44473237
t1b=57.80032287
t2a=63.0172795
t2b=83.272013
t3a=-56.37337218
t3b=-36.4963859
t4a=176.72748761
t4b=156.21533884

$end

$comment
negative
$end

$xc_functional
   X HF 1.0
   X BNL 1.0
   C LYP 1.0
$end

$rem
SYMMETRY_DECOMPOSITION	0
exchange 		general
BASIS                   g3large
omega			800
separate_jk		true
mem_static              760
max_scf_cycles          200
scf_final_print         1
sym_ignore              true
$end

--------------------------------------------------------------
 Writing REM_CC_EA           12
 ----------------------------------------------------
       Standard Nuclear Orientation (Angstroms)
    I     Atom         X            Y            Z
 ----------------------------------------------------
    1      O       0.000000     0.000000     0.000000
    2      C       0.000000     0.000000     1.431118
    3      H       0.924838     0.000000    -0.292129
    4      H       0.483161     0.921207     1.800236
    5      C      -1.463245     0.014181     1.856673
    6      C       0.760558    -1.207760     1.982752
    7      H      -1.967442    -0.894454     1.508657
    8      H       0.298586    -2.138301     1.634130
    9      H      -1.976608     0.877600     1.422084
   10      H       1.806714    -1.200668     1.649367
   11      H      -1.551233     0.066921     2.947310
   12      H       0.763328    -1.208441     3.079156
 ----------------------------------------------------
 Nuclear Repulsion Energy =   134.3979926221 hartrees
 There are       18 alpha and       17 beta electrons
 Requested basis set is G3large
 There are 88 shells and 248 basis functions

Total QAlloc Memory Limit   2000 MB
Mega-Array Size       743 MB
MEM_STATIC part       760 MB

                       Distance Matrix (Angstroms)
             O (  1)   C (  2)   H (  3)   H (  4)   C (  5)   C (  6)
   C (  2)  1.431118
   H (  3)  0.969878  1.955736
   H (  4)  2.079163  1.103773  2.328453
   C (  5)  2.364005  1.523937  3.212552  2.148110
   C (  6)  2.443039  1.530174  2.580844  2.154707  2.540539
   H (  7)  2.635701  2.162611  3.522521  3.063836  1.095877  2.786558
   H (  8)  2.707742  2.168571  2.945335  3.069568  2.790476  1.095838
   H (  9)  2.588336  2.162693  3.482398  2.489048  1.094487  3.486424
   H ( 10)  2.725111  2.180241  2.447185  2.505376  3.494491  1.098015
   H ( 11)  3.331282  2.170171  4.077912  2.486833  1.095451  2.810617
   H ( 12)  3.394731  2.181519  3.584965  2.499906  2.819024  1.096408
             H (  7)   H (  8)   H (  9)   H ( 10)   H ( 11)
   H (  8)  2.588007
   H (  9)  1.774192  3.783799
   H ( 10)  3.789170  1.775904  4.322543
   H ( 11)  1.779661  3.163745  1.778892  3.816706
   H ( 12)  3.165779  1.780091  3.821610  1.770031  2.645964
 
 A cutoff of  1.0D-08 yielded   3639 shell pairs
 There are  28920 function pairs ( 34904 Cartesian)
Evaluating contribution to one-electron hamiltonian from nuclear
 Smallest overlap matrix eigenvalue = 4.89E-05

 Q-Chem warning in module mkSTV.C, line 194:

 Overlap eigenvalue is smaller than square root of threshold

 Multipole matrices computed through 2nd order

  Scale SEOQF with 1.000000e-01/1.000000e-01/1.000000e-01

 Standard Electronic Orientation quadrupole field applied
 Nucleus-field energy     =    -0.0000000069 hartrees
 Guess from superposition of atomic densities
 Warning:  Energy on first SCF cycle will be non-variational
 An unrestricted hybrid HF-DFT SCF calculation will be
 performed using Pulay DIIS extrapolation
 Exchange:     1.0000 Hartree-Fock + 1.0000 BNL
 Correlation:  1.0000 LYP
 Using SG-1 standard quadrature grid
 SCF converges when DIIS error is below 1.0E-05
 Warning!  Inaccurate integrated density:
   Number of electrons =    35
   Numerical integral  =    34.000227111547
   Relative error      =    -2.8564939670 %
 ---------------------------------------
  Cycle       Energy         DIIS Error
 ---------------------------------------
    1    -193.7283182984      2.88E-02
    2    -192.5444143172      3.81E-03
    3    -192.6403685620      2.62E-03
    4    -192.6785399162      5.26E-04
    5    -192.6818872674      2.01E-04
    6    -192.6826245100      5.50E-05
    7    -192.6828286359      2.19E-05
    8    -192.6829393115      1.44E-05
    9    -192.6830044654      1.00E-05
   10    -192.6830530575      5.04E-06 Convergence criterion met
 ---------------------------------------
 One-Electron    Energy =  -533.3793780264
 Total Coulomb   Energy =   232.4685448749
 Alpha Exchange  Energy =    -5.6229179918
 Beta  Exchange  Energy =    -5.5468623577
 DFT   Exchange  Energy =   -13.8791452190
 DFT Correlation Energy =    -1.1212869525
 Nuclear Repu.   Energy =   134.3979926152
 Nuclear Attr.   Energy =  -724.7279235802
 Kinetic         Energy =   191.3485455538
 <S^2> = 0.7502
 SCF time:  CPU 267.31 s  wall 294.84 s
 Final Alpha MO Eigenvalues
            1           2           3           4           5           6
    1 -18.8449044 -10.1213256 -10.0611796 -10.0501960  -1.1414917  -0.8825444
            7           8           9          10          11          12
    1  -0.7905914  -0.6605134  -0.5694309  -0.5041296  -0.4806981  -0.4253855
           13          14          15          16          17          18
    1  -0.4213238  -0.4077639  -0.3892269  -0.3544145  -0.3106886   0.0325440
           19          20          21          22          23
    1   0.1332299   0.1434397   0.1475468   0.1731800   0.1797133
 Final Beta MO Eigenvalues
            1           2           3           4           5           6
    1 -18.8445246 -10.1209998 -10.0609775 -10.0495428  -1.1403664  -0.8812909
            7           8           9          10          11          12
    1  -0.7888351  -0.6587320  -0.5677609  -0.5024476  -0.4801941  -0.4248626
           13          14          15          16          17          18
    1  -0.4210359  -0.4072107  -0.3885867  -0.3537544  -0.3096108   0.1237482
           19          20          21          22
    1   0.1414160   0.1453568   0.1494657   0.1644079
 Analysis of SCF Wavefunction
 
 --------------------------------------------------------------
                    Orbital Energies (a.u.)
 --------------------------------------------------------------
 
 Alpha MOs
 -- Occupied --
-18.845 -10.121 -10.061 -10.050  -1.141  -0.883  -0.791  -0.661
 -0.569  -0.504  -0.481  -0.425  -0.421  -0.408  -0.389  -0.354
 -0.311   0.033
 -- Virtual --
  0.133   0.143   0.148   0.173   0.180   0.183   0.192   0.238
  0.244   0.267   0.275   0.279   0.281   0.284   0.295   0.303
  0.305   0.326   0.342   0.374   0.393   0.406   0.414   0.430
  0.436   0.463   0.477   0.482   0.495   0.497   0.518   0.547
  0.567   0.586   0.646   0.664   0.695   0.719   0.735   0.742
  0.783   0.801   0.809   0.820   0.822   0.831   0.840   0.876
  0.878   0.901   0.910   0.935   0.944   0.970   1.009   1.060
  1.076   1.127   1.130   1.173   1.204   1.226   1.244   1.270
  1.310   1.344   1.355   1.382   1.406   1.422   1.439   1.458
  1.473   1.500   1.514   1.555   1.577   1.588   1.603   1.617
  1.624   1.642   1.663   1.693   1.740   1.747   1.764   1.780
  1.794   1.838   1.846   1.878   1.899   1.909   1.950   1.953
  2.095   2.204   2.381   2.415   2.615   2.667   2.738   2.856
  2.882   2.923   2.926   2.991   3.041   3.064   3.159   3.181
  3.188   3.226   3.281   3.289   3.305   3.334   3.371   3.458
  3.481   3.515   3.519   3.548   3.585   3.636   3.669   3.679
  3.690   3.721   3.765   3.798   3.868   3.901   3.906   3.935
  3.953   3.991   4.033   4.056   4.095   4.128   4.164   4.187
  4.220   4.256   4.343   4.344   4.358   4.370   4.407   4.472
  4.505   4.552   4.564   4.583   4.590   4.611   4.647   4.672
  4.698   4.707   4.795   4.814   4.848   4.923   4.947   4.977
  4.986   5.026   5.088   5.201   5.439   5.560   5.596   5.666
  5.741   5.765   5.865   5.908   5.956   6.006   6.028   6.052
  6.069   6.225   6.311   6.809   7.388   7.537   7.624   7.671
  7.959   8.071  24.635  24.743  24.846  28.006  28.178  28.479
 28.520  28.550  28.570  28.585  28.769  28.876  41.269  41.319
 41.336  41.338  41.369  41.375  41.541  41.569  41.587  41.599
 41.603  41.627  41.628  41.671  41.700  44.170  44.183  44.245
 44.273  44.342  46.171  46.484  46.856  50.539
 
 Beta MOs
 -- Occupied --
-18.845 -10.121 -10.061 -10.050  -1.140  -0.881  -0.789  -0.659
 -0.568  -0.502  -0.480  -0.425  -0.421  -0.407  -0.389  -0.354
 -0.310
 -- Virtual --
  0.124   0.141   0.145   0.149   0.164   0.174   0.176   0.183
  0.229   0.234   0.256   0.266   0.268   0.273   0.273   0.287
  0.294   0.295   0.315   0.332   0.369   0.387   0.399   0.407
  0.423   0.428   0.454   0.470   0.478   0.488   0.491   0.509
  0.542   0.561   0.580   0.642   0.658   0.692   0.715   0.731
  0.738   0.779   0.798   0.805   0.815   0.818   0.826   0.838
  0.871   0.875   0.896   0.908   0.931   0.939   0.968   1.007
  1.058   1.075   1.125   1.128   1.172   1.203   1.225   1.243
  1.268   1.308   1.343   1.354   1.380   1.404   1.420   1.437
  1.456   1.472   1.499   1.513   1.554   1.575   1.587   1.602
  1.616   1.623   1.641   1.661   1.691   1.738   1.745   1.762
  1.778   1.792   1.836   1.844   1.877   1.898   1.908   1.948
  1.952   2.094   2.204   2.381   2.415   2.614   2.667   2.737
  2.855   2.881   2.922   2.925   2.991   3.041   3.064   3.159
  3.181   3.187   3.226   3.281   3.289   3.305   3.334   3.371
  3.458   3.481   3.515   3.520   3.548   3.585   3.636   3.669
  3.679   3.690   3.721   3.764   3.798   3.868   3.901   3.906
  3.935   3.953   3.991   4.033   4.057   4.095   4.127   4.164
  4.187   4.220   4.256   4.343   4.344   4.358   4.370   4.407
  4.473   4.505   4.552   4.564   4.583   4.590   4.611   4.647
  4.672   4.698   4.707   4.795   4.814   4.848   4.923   4.947
  4.977   4.986   5.026   5.088   5.201   5.439   5.560   5.596
  5.666   5.741   5.765   5.865   5.908   5.956   6.006   6.028
  6.052   6.069   6.226   6.311   6.809   7.389   7.537   7.625
  7.672   7.959   8.072  24.636  24.744  24.847  28.006  28.178
 28.479  28.521  28.550  28.570  28.585  28.769  28.877  41.269
 41.320  41.336  41.338  41.369  41.376  41.541  41.570  41.587
 41.599  41.603  41.627  41.629  41.671  41.701  44.171  44.184
 44.245  44.274  44.343  46.171  46.484  46.856  50.539
 --------------------------------------------------------------
 
          Ground-State Mulliken Net Atomic Charges

     Atom                 Charge (a.u.)    Spin (a.u.)
  --------------------------------------------------------
      1 O                    -0.433720       0.064014
      2 C                    -0.090707       0.153133
      3 H                    -0.184765       0.468280
      4 H                    -0.775133       0.868862
      5 C                     0.792771      -1.116114
      6 C                     2.057953      -2.382479
      7 H                     0.012868       0.083460
      8 H                    -0.256143       0.355885
      9 H                    -0.191793       0.294323
     10 H                    -1.375335       1.481131
     11 H                    -0.163380       0.252103
     12 H                    -0.392617       0.477402
  --------------------------------------------------------
  Sum of atomic charges =    -1.000000
  Sum of spin   charges =     1.000000

 -----------------------------------------------------------------
                    Cartesian Multipole Moments
 -----------------------------------------------------------------
    Charge (ESU x 10^10)
                -4.8032
    Dipole Moment (Debye)
         X      -5.7067      Y       0.9009      Z      -6.7525
       Tot       8.8867
    Quadrupole Moments (Debye-Ang)
        XX     -62.5989     XY       4.3592     YY     -51.1149
        XZ      -8.5646     YZ       1.0804     ZZ     -65.7683
    Octapole Moments (Debye-Ang^2)
       XXX     -85.5181    XXY      24.1150    XYY     -23.8367
       YYY      44.3182    XXZ     -93.1451    XYZ       5.6178
       YYZ     -79.4521    XZZ     -32.8780    YZZ      18.2469
       ZZZ    -269.8114
    Hexadecapole Moments (Debye-Ang^3)
      XXXX    -780.5503   XXXY     110.3124   XXYY    -200.8804
      XYYY      73.4382   YYYY    -430.2845   XXXZ     -93.4207
      XXYZ      39.1205   XYYZ     -27.5206   YYYZ      82.1049
      XXZZ    -342.6032   XYZZ      32.6088   YYZZ    -280.8810
      XZZZ     -87.0021   YZZZ      97.1860   ZZZZ   -1311.4025
 -----------------------------------------------------------------
 Total job time:  298.72s(wall), 267.65s(cpu) 
 Mon Apr 11 18:44:10 2011

        *************************************************************
        *                                                           *
        *  Thank you very much for using Q-Chem.  Have a nice day.  *
        *                                                           *
        *************************************************************


0 sent ACK to 0 
now end server 0 ... 
 
**********************************************************************
Job 2 of 3 
**********************************************************************
 
Process 0 of 1 is on cl227.stfx.acenet.ca - thread support 1
initial socket setup ...start
initial socket setup ...done 
now start server 0 ... 

cmd = /usr/bin/ssh clhead /usr/local/qchem/bin/get_hostid 2114862392 > /globalscratch/itamblyn/bnl/g297_b3lyp_neut_g03Large/g2g71127/omega800/qchem13910/lic.dat
                  Welcome to Q-Chem
     A Quantum Leap Into The Future Of Chemistry

 Y. Shao, L. Fusti-Molnar, Y. Jung, J. Kussmann, C. Ochsenfeld,
 S. T. Brown, A. T. B. Gilbert, L. V. Slipchenko,S. V. Levchenko,
 D. P. O'Neill, R. A. DiStasio Jr., R. C. Lochan, T. Wang,
 G. J. O. Beran, N. A. Besley, J. M. Herbert, C. Y. Lin,
 T. Van Voorhis, S. H. Chien, A. Sodt, R. P. Steele, 
 V. A. Rassolov, P. E. Maslen, P. P. Korambath, R. D. Adamson,
 B. Austin, J. Baker, E. F. C. Byrd, H. Dachsel, R. J. Doerksen,
 A. Dreuw, B. D. Dunietz, A. D. Dutoi, T. R. Furlani,
 S. R. Gwaltney, A. Heyden, S. Hirata, C.-P. Hsu, G. Kedziora,
 R. Z. Khaliullin, P. Klunzinger, A. M. Lee, M. S. Lee, W. Liang,
 I. Lotan, N. Nair, B. Peters, E. I. Proynov, P. A. Pieniazek, 
 Y. M. Rhee, J. Ritchie, E. Rosta, C. D. Sherrill, 
 A. C. Simmonett, J. E. Subotnik, H. L. Woodcock III,
 W. Zhang, A. T. Bell, A. K. Chakraborty, D. M. Chipman,
 F. J. Keil, A. Warshel, W. J. Hehre, H. F. Schaefer III,
 J. Kong, A. I. Krylov, P. M. W. Gill, M. Head-Gordon,
 Q-Chem, Version 3.1, Q-Chem, Inc., Pittsburgh, PA (2007).

 Additional authors for Version 3.1: 
 Z. Gan, Y. Zhao, N. E. Schultz, D. Truhlar, E. Epifanovsky and M. Oana.

 Additional authors for Version 3.2: 
 R. Baer, B. R. Brooks, D. Casanova, J.-D. Chai, C.-L. Cheng, 
 C. Cramer, D. Crittenden, A. Ghysels, G. Hawkins, E. G. Hohenstein, 
 C. Kelley, W. Kurlancheek, D. Liotard, E. Livshits, P. Manohar, 
 A. Marenich, D. Neuhauser, R. Olson, M. A. Rohrdanz, K. S. Thanthiriwatte, 
 A. J. W. Thom, V. Vanovschi, C. F. Williams, Q. Wu and Z.-Q. You. 


 Intel X86 Linux Version

 Q-chem begins on Mon Apr 11 18:44:13 2011  

 Parallel job on  1  processors
Processing $rem in /usr/local/qchem/config/preferences.

theFileMan(): MAXOPENFILES=974 MAX_SUB_FILE_NUM=16
Maximum size of a physical file is 2.0 GB, maximum size of a tmp-file is 32.0 GB


--------------------------------------------------------------
User input:
--------------------------------------------------------------

$molecule
0,1
O
C1,O,r1
H1,C1,r2,O,a1
H,O,roh,C1,aoh,H1,toh,0
C2,C1,r3a,O,a2a,H1,t1a,0
C3,C1,r3b,O,a2b,H1,-t1b,0
H,C2,r4a,C1,a4a,H1,t2a,0
H,C3,r5a,C1,a5a,H1,-t2b,0
H,C2,r4b,C1,a4b,H1,t3a,0
H,C3,r5b,C1,a5b,H1,-t3b,0
H,C2,r4c,C1,a4c,H1,-t4a,0
H,C3,r5c,C1,a5c,H1,t4b,0

r1=1.43111827
r2=1.9557364
roh=2.07916264
r3a=1.52393712
r3b=1.53017411
r4a=1.09587708
r5a=1.09583825
r4b=1.09448657
r5b=1.09801539
r4c=1.0954512
r5c=1.0964078
a1=28.22171182
aoh=30.02045037
a2a=106.21524706
a2b=111.13113306
a4a=110.2041443
a5a=110.24366741
a4b=110.29321839
a5b=111.03931704
a4c=110.82961388
a5c=111.23833611
toh=-62.32359188
t1a=179.44473237
t1b=57.80032287
t2a=63.0172795
t2b=83.272013
t3a=-56.37337218
t3b=-36.4963859
t4a=176.72748761
t4b=156.21533884

$end

$comment
neutral
$end

$xc_functional
   X HF 1.0
   X BNL 1.0
   C LYP 1.0
$end

$rem
SYMMETRY_DECOMPOSITION	0
exchange 		general
BASIS                   g3large
omega			800
separate_jk		true
mem_static              760
max_scf_cycles          200
scf_final_print         1
sym_ignore              true
$end

--------------------------------------------------------------
 Writing REM_CC_EA           12
 ----------------------------------------------------
       Standard Nuclear Orientation (Angstroms)
    I     Atom         X            Y            Z
 ----------------------------------------------------
    1      O       0.000000     0.000000     0.000000
    2      C       0.000000     0.000000     1.431118
    3      H       0.924838     0.000000    -0.292129
    4      H       0.483161     0.921207     1.800236
    5      C      -1.463245     0.014181     1.856673
    6      C       0.760558    -1.207760     1.982752
    7      H      -1.967442    -0.894454     1.508657
    8      H       0.298586    -2.138301     1.634130
    9      H      -1.976608     0.877600     1.422084
   10      H       1.806714    -1.200668     1.649367
   11      H      -1.551233     0.066921     2.947310
   12      H       0.763328    -1.208441     3.079156
 ----------------------------------------------------
 Nuclear Repulsion Energy =   134.3979926221 hartrees
 There are       17 alpha and       17 beta electrons
 Requested basis set is G3large
 There are 88 shells and 248 basis functions

Total QAlloc Memory Limit   2000 MB
Mega-Array Size       743 MB
MEM_STATIC part       760 MB

                       Distance Matrix (Angstroms)
             O (  1)   C (  2)   H (  3)   H (  4)   C (  5)   C (  6)
   C (  2)  1.431118
   H (  3)  0.969878  1.955736
   H (  4)  2.079163  1.103773  2.328453
   C (  5)  2.364005  1.523937  3.212552  2.148110
   C (  6)  2.443039  1.530174  2.580844  2.154707  2.540539
   H (  7)  2.635701  2.162611  3.522521  3.063836  1.095877  2.786558
   H (  8)  2.707742  2.168571  2.945335  3.069568  2.790476  1.095838
   H (  9)  2.588336  2.162693  3.482398  2.489048  1.094487  3.486424
   H ( 10)  2.725111  2.180241  2.447185  2.505376  3.494491  1.098015
   H ( 11)  3.331282  2.170171  4.077912  2.486833  1.095451  2.810617
   H ( 12)  3.394731  2.181519  3.584965  2.499906  2.819024  1.096408
             H (  7)   H (  8)   H (  9)   H ( 10)   H ( 11)
   H (  8)  2.588007
   H (  9)  1.774192  3.783799
   H ( 10)  3.789170  1.775904  4.322543
   H ( 11)  1.779661  3.163745  1.778892  3.816706
   H ( 12)  3.165779  1.780091  3.821610  1.770031  2.645964
 
 A cutoff of  1.0D-08 yielded   3639 shell pairs
 There are  28920 function pairs ( 34904 Cartesian)
Evaluating contribution to one-electron hamiltonian from nuclear
 Smallest overlap matrix eigenvalue = 4.89E-05

 Q-Chem warning in module mkSTV.C, line 194:

 Overlap eigenvalue is smaller than square root of threshold

 Multipole matrices computed through 2nd order

  Scale SEOQF with 1.000000e-01/1.000000e-01/1.000000e-01

 Standard Electronic Orientation quadrupole field applied
 Nucleus-field energy     =    -0.0000000069 hartrees
 Guess from superposition of atomic densities
 Warning:  Energy on first SCF cycle will be non-variational
 A restricted hybrid HF-DFT SCF calculation will be
 performed using Pulay DIIS extrapolation
 Exchange:     1.0000 Hartree-Fock + 1.0000 BNL
 Correlation:  1.0000 LYP
 Using SG-1 standard quadrature grid
 SCF converges when DIIS error is below 1.0E-05
 ---------------------------------------
  Cycle       Energy         DIIS Error
 ---------------------------------------
    1    -193.7283182984      2.88E-02
    2    -192.6055885928      3.65E-03
    3    -192.6864747358      2.30E-03
    4    -192.7135768313      5.42E-04
    5    -192.7157387244      1.67E-04
    6    -192.7160102136      4.32E-05
    7    -192.7160278231      9.11E-06 Convergence criterion met
 ---------------------------------------
 One-Electron    Energy =  -528.9186996819
 Total Coulomb   Energy =   227.8993272182
 Alpha Exchange  Energy =    -5.5518480637
 Beta  Exchange  Energy =    -5.5518480637
 DFT   Exchange  Energy =   -13.8758396340
 DFT Correlation Energy =    -1.1151122132
 Nuclear Repu.   Energy =   134.3979926152
 Nuclear Attr.   Energy =  -720.2018414781
 Kinetic         Energy =   191.2831417963
 SCF time:  CPU 146.45 s  wall 174.50 s
 Final Alpha MO Eigenvalues
            1           2           3           4           5           6
    1 -18.9798178 -10.2560765 -10.1906976 -10.1827061  -1.2758607  -1.0136956
            7           8           9          10          11          12
    1  -0.9209965  -0.7913810  -0.7024133  -0.6355702  -0.6145965  -0.5579643
           13          14          15          16          17          18
    1  -0.5447237  -0.5398554  -0.5211006  -0.4865552  -0.4445190   0.0312122
           19          20          21          22
    1   0.0493702   0.0523293   0.0573710   0.0778290
 Analysis of SCF Wavefunction
 
 --------------------------------------------------------------
                    Orbital Energies (a.u.)
 --------------------------------------------------------------
 
 Alpha MOs
 -- Occupied --
-18.980 -10.256 -10.191 -10.183  -1.276  -1.014  -0.921  -0.791
 -0.702  -0.636  -0.615  -0.558  -0.545  -0.540  -0.521  -0.487
 -0.445
 -- Virtual --
  0.031   0.049   0.052   0.057   0.078   0.081   0.087   0.093
  0.125   0.136   0.152   0.161   0.165   0.168   0.173   0.180
  0.187   0.192   0.217   0.224   0.254   0.269   0.278   0.290
  0.306   0.310   0.334   0.352   0.357   0.369   0.377   0.397
  0.419   0.441   0.461   0.520   0.537   0.567   0.588   0.607
  0.617   0.656   0.672   0.684   0.689   0.694   0.697   0.712
  0.741   0.748   0.765   0.779   0.809   0.815   0.837   0.880
  0.928   0.945   0.996   0.997   1.042   1.074   1.096   1.113
  1.138   1.179   1.215   1.226   1.250   1.274   1.295   1.307
  1.325   1.346   1.369   1.385   1.428   1.443   1.458   1.471
  1.488   1.494   1.512   1.529   1.558   1.608   1.619   1.632
  1.646   1.666   1.707   1.716   1.747   1.769   1.777   1.816
  1.822   1.964   2.070   2.248   2.282   2.482   2.533   2.608
  2.722   2.747   2.793   2.797   2.857   2.912   2.932   3.027
  3.048   3.055   3.093   3.152   3.158   3.173   3.202   3.240
  3.327   3.347   3.386   3.390   3.415   3.453   3.507   3.537
  3.546   3.562   3.588   3.633   3.666   3.737   3.766   3.778
  3.806   3.819   3.858   3.900   3.923   3.962   3.991   4.030
  4.057   4.088   4.124   4.206   4.212   4.227   4.241   4.279
  4.340   4.370   4.419   4.431   4.453   4.462   4.480   4.512
  4.539   4.566   4.574   4.667   4.679   4.718   4.790   4.820
  4.839   4.859   4.893   4.956   5.069   5.305   5.428   5.463
  5.532   5.611   5.631   5.731   5.774   5.822   5.872   5.902
  5.920   5.939   6.092   6.177   6.675   7.254   7.400   7.491
  7.538   7.825   7.938  24.502  24.612  24.714  27.872  28.045
 28.344  28.392  28.416  28.442  28.452  28.636  28.744  41.137
 41.186  41.198  41.214  41.229  41.250  41.406  41.436  41.458
 41.462  41.471  41.488  41.505  41.548  41.563  44.036  44.049
 44.110  44.138  44.208  46.036  46.349  46.720  50.404
 --------------------------------------------------------------
 
          Ground-State Mulliken Net Atomic Charges

     Atom                 Charge (a.u.)
  ----------------------------------------
      1 O                    -0.347781
      2 C                     0.020651
      3 H                     0.264687
      4 H                     0.091172
      5 C                    -0.314633
      6 C                    -0.340157
      7 H                     0.113333
      8 H                     0.127432
      9 H                     0.116779
     10 H                     0.082801
     11 H                     0.091160
     12 H                     0.094555
  ----------------------------------------
  Sum of atomic charges =     0.000000

 -----------------------------------------------------------------
                    Cartesian Multipole Moments
 -----------------------------------------------------------------
    Charge (ESU x 10^10)
                 0.0000
    Dipole Moment (Debye)
         X       1.4161      Y      -0.0628      Z       1.2544
       Tot       1.8928
    Quadrupole Moments (Debye-Ang)
        XX     -24.8051     XY       0.1305     YY     -26.7710
        XZ      -0.9574     YZ      -0.0439     ZZ     -24.6746
    Octapole Moments (Debye-Ang^2)
       XXX      16.4120    XXY       9.1965    XYY       3.7199
       YYY      26.6196    XXZ     -38.4538    XYZ       0.2130
       YYZ     -37.2556    XZZ       4.9988    YZZ       9.0036
       ZZZ    -107.4480
    Hexadecapole Moments (Debye-Ang^3)
      XXXX    -179.7055   XXXY      22.0004   XXYY     -49.1589
      XYYY      24.8546   YYYY    -117.4795   XXXZ      28.0434
      XXYZ      18.6819   XYYZ       8.5364   YYYZ      55.3480
      XXZZ    -109.9836   XYZZ       7.6588   YYZZ     -99.1417
      XZZZ      26.5963   YZZZ      53.4368   ZZZZ    -439.7897
 -----------------------------------------------------------------
 Total job time:  177.84s(wall), 146.78s(cpu) 
 Mon Apr 11 18:47:11 2011

        *************************************************************
        *                                                           *
        *  Thank you very much for using Q-Chem.  Have a nice day.  *
        *                                                           *
        *************************************************************


0 sent ACK to 0 
now end server 0 ... 
 
**********************************************************************
Job 3 of 3 
**********************************************************************
 
Process 0 of 1 is on cl227.stfx.acenet.ca - thread support 1
initial socket setup ...start
initial socket setup ...done 
now start server 0 ... 

cmd = /usr/bin/ssh clhead /usr/local/qchem/bin/get_hostid 749442517 > /globalscratch/itamblyn/bnl/g297_b3lyp_neut_g03Large/g2g71127/omega800/qchem13910/lic.dat
                  Welcome to Q-Chem
     A Quantum Leap Into The Future Of Chemistry

 Y. Shao, L. Fusti-Molnar, Y. Jung, J. Kussmann, C. Ochsenfeld,
 S. T. Brown, A. T. B. Gilbert, L. V. Slipchenko,S. V. Levchenko,
 D. P. O'Neill, R. A. DiStasio Jr., R. C. Lochan, T. Wang,
 G. J. O. Beran, N. A. Besley, J. M. Herbert, C. Y. Lin,
 T. Van Voorhis, S. H. Chien, A. Sodt, R. P. Steele, 
 V. A. Rassolov, P. E. Maslen, P. P. Korambath, R. D. Adamson,
 B. Austin, J. Baker, E. F. C. Byrd, H. Dachsel, R. J. Doerksen,
 A. Dreuw, B. D. Dunietz, A. D. Dutoi, T. R. Furlani,
 S. R. Gwaltney, A. Heyden, S. Hirata, C.-P. Hsu, G. Kedziora,
 R. Z. Khaliullin, P. Klunzinger, A. M. Lee, M. S. Lee, W. Liang,
 I. Lotan, N. Nair, B. Peters, E. I. Proynov, P. A. Pieniazek, 
 Y. M. Rhee, J. Ritchie, E. Rosta, C. D. Sherrill, 
 A. C. Simmonett, J. E. Subotnik, H. L. Woodcock III,
 W. Zhang, A. T. Bell, A. K. Chakraborty, D. M. Chipman,
 F. J. Keil, A. Warshel, W. J. Hehre, H. F. Schaefer III,
 J. Kong, A. I. Krylov, P. M. W. Gill, M. Head-Gordon,
 Q-Chem, Version 3.1, Q-Chem, Inc., Pittsburgh, PA (2007).

 Additional authors for Version 3.1: 
 Z. Gan, Y. Zhao, N. E. Schultz, D. Truhlar, E. Epifanovsky and M. Oana.

 Additional authors for Version 3.2: 
 R. Baer, B. R. Brooks, D. Casanova, J.-D. Chai, C.-L. Cheng, 
 C. Cramer, D. Crittenden, A. Ghysels, G. Hawkins, E. G. Hohenstein, 
 C. Kelley, W. Kurlancheek, D. Liotard, E. Livshits, P. Manohar, 
 A. Marenich, D. Neuhauser, R. Olson, M. A. Rohrdanz, K. S. Thanthiriwatte, 
 A. J. W. Thom, V. Vanovschi, C. F. Williams, Q. Wu and Z.-Q. You. 


 Intel X86 Linux Version

 Q-chem begins on Mon Apr 11 18:47:15 2011  

 Parallel job on  1  processors
Processing $rem in /usr/local/qchem/config/preferences.

theFileMan(): MAXOPENFILES=974 MAX_SUB_FILE_NUM=16
Maximum size of a physical file is 2.0 GB, maximum size of a tmp-file is 32.0 GB


--------------------------------------------------------------
User input:
--------------------------------------------------------------

$molecule
1,2
O
C1,O,r1
H1,C1,r2,O,a1
H,O,roh,C1,aoh,H1,toh,0
C2,C1,r3a,O,a2a,H1,t1a,0
C3,C1,r3b,O,a2b,H1,-t1b,0
H,C2,r4a,C1,a4a,H1,t2a,0
H,C3,r5a,C1,a5a,H1,-t2b,0
H,C2,r4b,C1,a4b,H1,t3a,0
H,C3,r5b,C1,a5b,H1,-t3b,0
H,C2,r4c,C1,a4c,H1,-t4a,0
H,C3,r5c,C1,a5c,H1,t4b,0

r1=1.43111827
r2=1.9557364
roh=2.07916264
r3a=1.52393712
r3b=1.53017411
r4a=1.09587708
r5a=1.09583825
r4b=1.09448657
r5b=1.09801539
r4c=1.0954512
r5c=1.0964078
a1=28.22171182
aoh=30.02045037
a2a=106.21524706
a2b=111.13113306
a4a=110.2041443
a5a=110.24366741
a4b=110.29321839
a5b=111.03931704
a4c=110.82961388
a5c=111.23833611
toh=-62.32359188
t1a=179.44473237
t1b=57.80032287
t2a=63.0172795
t2b=83.272013
t3a=-56.37337218
t3b=-36.4963859
t4a=176.72748761
t4b=156.21533884

$end

$comment
positive
$end

$xc_functional
   X HF 1.0
   X BNL 1.0
   C LYP 1.0
$end

$rem
SYMMETRY_DECOMPOSITION	0
exchange 		general
BASIS                   g3large
omega			800
separate_jk		true
mem_static              760
max_scf_cycles          200
scf_final_print         1
sym_ignore              true
$end

--------------------------------------------------------------
 Writing REM_CC_EA           12
 ----------------------------------------------------
       Standard Nuclear Orientation (Angstroms)
    I     Atom         X            Y            Z
 ----------------------------------------------------
    1      O       0.000000     0.000000     0.000000
    2      C       0.000000     0.000000     1.431118
    3      H       0.924838     0.000000    -0.292129
    4      H       0.483161     0.921207     1.800236
    5      C      -1.463245     0.014181     1.856673
    6      C       0.760558    -1.207760     1.982752
    7      H      -1.967442    -0.894454     1.508657
    8      H       0.298586    -2.138301     1.634130
    9      H      -1.976608     0.877600     1.422084
   10      H       1.806714    -1.200668     1.649367
   11      H      -1.551233     0.066921     2.947310
   12      H       0.763328    -1.208441     3.079156
 ----------------------------------------------------
 Nuclear Repulsion Energy =   134.3979926221 hartrees
 There are       17 alpha and       16 beta electrons
 Requested basis set is G3large
 There are 88 shells and 248 basis functions

Total QAlloc Memory Limit   2000 MB
Mega-Array Size       743 MB
MEM_STATIC part       760 MB

                       Distance Matrix (Angstroms)
             O (  1)   C (  2)   H (  3)   H (  4)   C (  5)   C (  6)
   C (  2)  1.431118
   H (  3)  0.969878  1.955736
   H (  4)  2.079163  1.103773  2.328453
   C (  5)  2.364005  1.523937  3.212552  2.148110
   C (  6)  2.443039  1.530174  2.580844  2.154707  2.540539
   H (  7)  2.635701  2.162611  3.522521  3.063836  1.095877  2.786558
   H (  8)  2.707742  2.168571  2.945335  3.069568  2.790476  1.095838
   H (  9)  2.588336  2.162693  3.482398  2.489048  1.094487  3.486424
   H ( 10)  2.725111  2.180241  2.447185  2.505376  3.494491  1.098015
   H ( 11)  3.331282  2.170171  4.077912  2.486833  1.095451  2.810617
   H ( 12)  3.394731  2.181519  3.584965  2.499906  2.819024  1.096408
             H (  7)   H (  8)   H (  9)   H ( 10)   H ( 11)
   H (  8)  2.588007
   H (  9)  1.774192  3.783799
   H ( 10)  3.789170  1.775904  4.322543
   H ( 11)  1.779661  3.163745  1.778892  3.816706
   H ( 12)  3.165779  1.780091  3.821610  1.770031  2.645964
 
 A cutoff of  1.0D-08 yielded   3639 shell pairs
 There are  28920 function pairs ( 34904 Cartesian)
Evaluating contribution to one-electron hamiltonian from nuclear
 Smallest overlap matrix eigenvalue = 4.89E-05

 Q-Chem warning in module mkSTV.C, line 194:

 Overlap eigenvalue is smaller than square root of threshold

 Multipole matrices computed through 2nd order

  Scale SEOQF with 1.000000e-01/1.000000e-01/1.000000e-01

 Standard Electronic Orientation quadrupole field applied
 Nucleus-field energy     =    -0.0000000069 hartrees
 Guess from superposition of atomic densities
 Warning:  Energy on first SCF cycle will be non-variational
 An unrestricted hybrid HF-DFT SCF calculation will be
 performed using Pulay DIIS extrapolation
 Exchange:     1.0000 Hartree-Fock + 1.0000 BNL
 Correlation:  1.0000 LYP
 Using SG-1 standard quadrature grid
 SCF converges when DIIS error is below 1.0E-05
 Warning!  Inaccurate integrated density:
   Number of electrons =    33
   Numerical integral  =    34.000227111547
   Relative error      =     3.0309912471 %
 ---------------------------------------
  Cycle       Energy         DIIS Error
 ---------------------------------------
    1    -193.7283182984      2.88E-02
    2    -192.1874418592      3.10E-03
    3    -192.2527794839      2.42E-03
    4    -192.2841624582      5.73E-04
    5    -192.2911250535      3.26E-04
    6    -192.2951105637      2.55E-04
    7    -192.2996753791      2.59E-04
    8    -192.3063173561      2.28E-04
    9    -192.3127415128      1.70E-04
   10    -192.3179455494      9.45E-05
   11    -192.3165964502      2.90E-04
   12    -192.3184099017      1.20E-04
   13    -192.3186961984      7.88E-05
   14    -192.3187547407      1.02E-04
   15    -192.3188873527      4.98E-05
   16    -192.3189195172      9.32E-06 Convergence criterion met
 ---------------------------------------
 One-Electron    Energy =  -519.8113828317
 Total Coulomb   Energy =   218.8217196177
 Alpha Exchange  Energy =    -5.6174291534
 Beta  Exchange  Energy =    -5.2283454172
 DFT   Exchange  Energy =   -13.8030087414
 DFT Correlation Energy =    -1.0784656063
 Nuclear Repu.   Energy =   134.3979926152
 Nuclear Attr.   Energy =  -710.8087559046
 Kinetic         Energy =   190.9973730729
 <S^2> = 0.7583
 SCF time:  CPU 443.33 s  wall 560.86 s
 Final Alpha MO Eigenvalues
            1           2           3           4           5           6
    1 -19.4242475 -10.5211262 -10.4169971 -10.3827559  -1.6742160  -1.2733152
            7           8           9          10          11          12
    1  -1.1468082  -1.0738163  -1.0270534  -0.9795717  -0.9105778  -0.8345806
           13          14          15          16          17          18
    1  -0.7847527  -0.7750098  -0.7497125  -0.7226267  -0.7168161  -0.1345601
           19          20          21          22
    1  -0.0871740  -0.0802999  -0.0730409  -0.0508734
 Final Beta MO Eigenvalues
            1           2           3           4           5           6
    1 -19.3992960 -10.5210091 -10.4148263 -10.3828141  -1.6074182  -1.2565505
            7           8           9          10          11          12
    1  -1.1378355  -1.0619156  -0.9900143  -0.9002060  -0.8475871  -0.7843097
           13          14          15          16          17          18
    1  -0.7707250  -0.7485289  -0.7214829  -0.7151187  -0.3479746  -0.1319025
           19          20          21
    1  -0.0864081  -0.0786090  -0.0724068
 Analysis of SCF Wavefunction
 
 --------------------------------------------------------------
                    Orbital Energies (a.u.)
 --------------------------------------------------------------
 
 Alpha MOs
 -- Occupied --
-19.424 -10.521 -10.417 -10.383  -1.674  -1.273  -1.147  -1.074
 -1.027  -0.980  -0.911  -0.835  -0.785  -0.775  -0.750  -0.723
 -0.717
 -- Virtual --
 -0.135  -0.087  -0.080  -0.073  -0.051  -0.044  -0.039  -0.034
 -0.023  -0.015   0.002   0.005   0.014   0.024   0.031   0.034
  0.047   0.060   0.065   0.071   0.081   0.087   0.097   0.115
  0.127   0.136   0.141   0.147   0.155   0.171   0.207   0.213
  0.230   0.239   0.253   0.330   0.350   0.354   0.379   0.404
  0.429   0.444   0.459   0.477   0.494   0.501   0.506   0.520
  0.530   0.535   0.547   0.571   0.610   0.621   0.642   0.660
  0.713   0.737   0.767   0.778   0.819   0.857   0.881   0.894
  0.907   0.956   0.980   1.002   1.013   1.029   1.057   1.088
  1.108   1.128   1.143   1.170   1.203   1.223   1.239   1.251
  1.262   1.285   1.300   1.309   1.316   1.380   1.411   1.423
  1.443   1.459   1.486   1.497   1.535   1.547   1.551   1.594
  1.608   1.669   1.735   1.944   1.973   2.151   2.222   2.399
  2.489   2.498   2.562   2.581   2.633   2.686   2.694   2.775
  2.794   2.823   2.846   2.920   2.944   2.956   2.983   3.008
  3.111   3.113   3.141   3.168   3.176   3.236   3.295   3.305
  3.322   3.346   3.363   3.406   3.432   3.483   3.535   3.567
  3.579   3.585   3.609   3.644   3.670   3.684   3.728   3.795
  3.826   3.864   3.891   3.942   3.982   4.003   4.019   4.059
  4.088   4.114   4.172   4.198   4.227   4.252   4.267   4.280
  4.288   4.326   4.341   4.450   4.454   4.500   4.565   4.600
  4.610   4.637   4.662   4.722   4.841   4.872   5.044   5.082
  5.200   5.293   5.379   5.401   5.432   5.478   5.609   5.666
  5.706   5.729   5.772   5.850   6.313   6.804   7.013   7.063
  7.097   7.426   7.549  24.260  24.396  24.480  27.630  27.801
 28.085  28.177  28.194  28.234  28.241  28.400  28.508  40.880
 40.925  40.969  41.001  41.010  41.041  41.140  41.174  41.206
 41.232  41.260  41.269  41.302  41.323  41.352  43.565  43.576
 43.645  43.705  43.776  45.570  45.917  46.288  49.962
 
 Beta MOs
 -- Occupied --
-19.399 -10.521 -10.415 -10.383  -1.607  -1.257  -1.138  -1.062
 -0.990  -0.900  -0.848  -0.784  -0.771  -0.749  -0.721  -0.715
 -- Virtual --
 -0.348  -0.132  -0.086  -0.079  -0.072  -0.050  -0.043  -0.039
 -0.032  -0.023  -0.014   0.003   0.007   0.015   0.024   0.033
  0.034   0.048   0.060   0.070   0.074   0.083   0.090   0.098
  0.117   0.128   0.139   0.147   0.150   0.158   0.174   0.213
  0.215   0.233   0.241   0.256   0.333   0.352   0.358   0.388
  0.407   0.433   0.448   0.461   0.482   0.497   0.503   0.508
  0.522   0.533   0.540   0.551   0.573   0.614   0.622   0.642
  0.663   0.715   0.741   0.772   0.781   0.821   0.860   0.884
  0.899   0.914   0.960   0.995   1.009   1.029   1.035   1.061
  1.090   1.110   1.131   1.145   1.173   1.206   1.229   1.243
  1.256   1.270   1.287   1.303   1.313   1.320   1.383   1.415
  1.424   1.444   1.461   1.489   1.504   1.539   1.550   1.555
  1.599   1.611   1.687   1.767   1.964   1.990   2.181   2.228
  2.401   2.496   2.501   2.565   2.583   2.636   2.691   2.698
  2.779   2.798   2.826   2.854   2.923   2.944   2.959   2.984
  3.011   3.114   3.116   3.148   3.170   3.179   3.238   3.298
  3.309   3.324   3.347   3.364   3.407   3.435   3.488   3.538
  3.569   3.582   3.586   3.612   3.646   3.672   3.689   3.732
  3.798   3.831   3.866   3.894   3.945   3.985   4.006   4.021
  4.062   4.095   4.117   4.178   4.201   4.230   4.253   4.269
  4.282   4.294   4.333   4.345   4.452   4.459   4.502   4.570
  4.604   4.613   4.640   4.668   4.727   4.845   4.943   5.090
  5.119   5.236   5.309   5.399   5.406   5.470   5.494   5.626
  5.670   5.709   5.733   5.789   5.860   6.335   6.881   7.042
  7.121   7.169   7.463   7.574  24.260  24.398  24.480  27.631
 27.801  28.085  28.178  28.195  28.234  28.241  28.402  28.509
 40.881  40.925  40.972  41.003  41.010  41.041  41.141  41.174
 41.207  41.234  41.261  41.269  41.302  41.326  41.353  43.629
 43.643  43.705  43.731  43.800  45.617  45.934  46.306  49.990
 --------------------------------------------------------------
 
          Ground-State Mulliken Net Atomic Charges

     Atom                 Charge (a.u.)    Spin (a.u.)
  --------------------------------------------------------
      1 O                     0.230748       0.858048
      2 C                    -0.197463      -0.019856
      3 H                     0.352420      -0.023215
      4 H                     0.229812       0.097246
      5 C                    -0.266165      -0.004555
      6 C                    -0.256600       0.085507
      7 H                     0.154542       0.004318
      8 H                     0.167728      -0.002167
      9 H                     0.147342       0.003049
     10 H                     0.129397      -0.003914
     11 H                     0.144364      -0.001216
     12 H                     0.163874       0.006756
  --------------------------------------------------------
  Sum of atomic charges =     1.000000
  Sum of spin   charges =     1.000000

 -----------------------------------------------------------------
                    Cartesian Multipole Moments
 -----------------------------------------------------------------
    Charge (ESU x 10^10)
                 4.8032
    Dipole Moment (Debye)
         X       1.7000      Y      -0.8320      Z       5.2316
       Tot       5.5634
    Quadrupole Moments (Debye-Ang)
        XX     -18.6153     XY      -0.8126     YY     -20.5967
        XZ      -1.1352     YZ      -2.0860     ZZ     -11.5780
    Octapole Moments (Debye-Ang^2)
       XXX      12.8447    XXY       7.1829    XYY       5.2747
       YYY      20.8317    XXZ     -28.4313    XYZ      -2.1438
       YYZ     -28.2497    XZZ       4.7555    YZZ       2.7957
       ZZZ     -71.9029
    Hexadecapole Moments (Debye-Ang^3)
      XXXX    -148.0020   XXXY      17.8874   XXYY     -40.2055
      XYYY      20.4015   YYYY     -93.1652   XXXZ      19.4111
      XXYZ      14.2966   XYYZ      12.4010   YYYZ      42.9667
      XXZZ     -82.9866   XYZZ       0.8807   YYZZ     -74.9934
      XZZZ      25.1198   YZZZ      33.0700   ZZZZ    -325.1151
 -----------------------------------------------------------------
 Total job time:  566.17s(wall), 443.67s(cpu) 
 Mon Apr 11 18:56:41 2011

        *************************************************************
        *                                                           *
        *  Thank you very much for using Q-Chem.  Have a nice day.  *
        *                                                           *
        *************************************************************


0 sent ACK to 0 
now end server 0 ... 
