Process 0 of 1 is on cl122 - thread support 1
initial socket setup ...start
initial socket setup ...done 
now start server 0 ... 

cmd = /usr/bin/ssh clhead /usr/local/qchem/bin/get_hostid 283455979 > /tmp/1601982.1.medium.q/qchem6861/lic.dat

cmd = /usr/bin/ssh clhead /usr/local/qchem/bin/get_hostid 283455979 > /tmp/1601982.1.medium.q/qchem6861/lic.dat

cmd = /usr/bin/ssh clhead /usr/local/qchem/bin/get_hostid 283455979 > /tmp/1601982.1.medium.q/qchem6861/lic.dat

cmd = /usr/bin/ssh clhead /usr/local/qchem/bin/get_hostid 283455979 > /tmp/1601982.1.medium.q/qchem6861/lic.dat

cmd = /usr/bin/ssh clhead /usr/local/qchem/bin/get_hostid 283455979 > /tmp/1601982.1.medium.q/qchem6861/lic.dat
                  Welcome to Q-Chem
     A Quantum Leap Into The Future Of Chemistry

 Y. Shao, L. Fusti-Molnar, Y. Jung, J. Kussmann, C. Ochsenfeld,
 S. T. Brown, A. T. B. Gilbert, L. V. Slipchenko,S. V. Levchenko,
 D. P. O'Neill, R. A. DiStasio Jr., R. C. Lochan, T. Wang,
 G. J. O. Beran, N. A. Besley, J. M. Herbert, C. Y. Lin,
 T. Van Voorhis, S. H. Chien, A. Sodt, R. P. Steele, 
 V. A. Rassolov, P. E. Maslen, P. P. Korambath, R. D. Adamson,
 B. Austin, J. Baker, E. F. C. Byrd, H. Dachsel, R. J. Doerksen,
 A. Dreuw, B. D. Dunietz, A. D. Dutoi, T. R. Furlani,
 S. R. Gwaltney, A. Heyden, S. Hirata, C.-P. Hsu, G. Kedziora,
 R. Z. Khaliullin, P. Klunzinger, A. M. Lee, M. S. Lee, W. Liang,
 I. Lotan, N. Nair, B. Peters, E. I. Proynov, P. A. Pieniazek, 
 Y. M. Rhee, J. Ritchie, E. Rosta, C. D. Sherrill, 
 A. C. Simmonett, J. E. Subotnik, H. L. Woodcock III,
 W. Zhang, A. T. Bell, A. K. Chakraborty, D. M. Chipman,
 F. J. Keil, A. Warshel, W. J. Hehre, H. F. Schaefer III,
 J. Kong, A. I. Krylov, P. M. W. Gill, M. Head-Gordon,
 Q-Chem, Version 3.1, Q-Chem, Inc., Pittsburgh, PA (2007).

 Additional authors for Version 3.1: 
 Z. Gan, Y. Zhao, N. E. Schultz, D. Truhlar, E. Epifanovsky and M. Oana.

 Additional authors for Version 3.2: 
 R. Baer, B. R. Brooks, D. Casanova, J.-D. Chai, C.-L. Cheng, 
 C. Cramer, D. Crittenden, A. Ghysels, G. Hawkins, E. G. Hohenstein, 
 C. Kelley, W. Kurlancheek, D. Liotard, E. Livshits, P. Manohar, 
 A. Marenich, D. Neuhauser, R. Olson, M. A. Rohrdanz, K. S. Thanthiriwatte, 
 A. J. W. Thom, V. Vanovschi, C. F. Williams, Q. Wu and Z.-Q. You. 


 Intel X86 Linux Version

 Q-chem begins on Thu Mar 20 03:44:57 2014  

 Parallel job on  1  processors
Processing $rem in /usr/local/qchem/config/preferences.

theFileMan(): MAXOPENFILES=974 MAX_SUB_FILE_NUM=16
Maximum size of a physical file is 2.0 GB, maximum size of a tmp-file is 32.0 GB


--------------------------------------------------------------
User input:
--------------------------------------------------------------

$molecule
-1,2
C         -0.00010        0.00000        0.01845
Si        -0.00040        0.00000        1.87168
H          1.01354        0.00000       -0.36644
H         -0.50645       -0.87766       -0.36740
H         -0.50645        0.87766       -0.36740
H         -1.38115        0.00000        2.39343
H          0.69049       -1.19616        2.39178
H          0.69049        1.19616        2.39178
$end

$comment
negative
$end

$xc_functional
C PBE   1.00
X wPBE  1.00
$end

$rem
SYMMETRY_DECOMPOSITION	0
exchange 		general
LRC_DFT                 true
BASIS                   g3large
omega			470
mem_static              760
max_scf_cycles          200
scf_final_print         1
sym_ignore              true
$end

--------------------------------------------------------------
 Writing REM_CC_EA            8
 ----------------------------------------------------
       Standard Nuclear Orientation (Angstroms)
    I     Atom         X            Y            Z
 ----------------------------------------------------
    1      C      -0.000100     0.000000     0.018450
    2      Si     -0.000400     0.000000     1.871680
    3      H       1.013540     0.000000    -0.366440
    4      H      -0.506450    -0.877660    -0.367400
    5      H      -0.506450     0.877660    -0.367400
    6      H      -1.381150     0.000000     2.393430
    7      H       0.690490    -1.196160     2.391780
    8      H       0.690490     1.196160     2.391780
 ----------------------------------------------------
 Nuclear Repulsion Energy =    63.3930539500 hartrees
 There are       14 alpha and       13 beta electrons
 Requested basis set is G3large
 There are 65 shells and 168 basis functions

Total QAlloc Memory Limit   2000 MB
Mega-Array Size       743 MB
MEM_STATIC part       760 MB

                       Distance Matrix (Angstroms)
             C (  1)   Si(  2)   H (  3)   H (  4)   H (  5)   H (  6)
   Si(  2)  1.853230
   H (  3)  1.084254  2.457083
   H (  4)  1.084231  2.457611  1.755180
   H (  5)  1.084231  2.457611  1.755180  1.755320
   H (  6)  2.747331  1.476040  3.653960  3.026148  3.026148
   H (  7)  2.745980  1.476019  3.023729  3.024431  3.653282  2.392173
   H (  8)  2.745980  1.476019  3.023729  3.653282  3.024431  2.392173
             H (  7)
   H (  8)  2.392320
 
 A cutoff of  1.0D-08 yielded   2044 shell pairs
 There are  13820 function pairs ( 17231 Cartesian)
Evaluating contribution to one-electron hamiltonian from nuclear
 Smallest overlap matrix eigenvalue = 1.32E-04
 Multipole matrices computed through 2nd order

  Scale SEOQF with 1.000000e-01/1.000000e-01/1.000000e-01

 Standard Electronic Orientation quadrupole field applied
 Nucleus-field energy     =    -0.0000000067 hartrees
 Guess from superposition of atomic densities
 Warning:  Energy on first SCF cycle will be non-variational
 Long-range K will be added via erf
 Coulomb attenuation parameter = 0.47 bohr**(-1)
 An unrestricted Kohn-Sham SCF calculation will be
 performed using Pulay DIIS extrapolation
 Exchange:  wPBE + LR-HF      Correlation:  PBE
 Using SG-1 standard quadrature grid
 SCF converges when DIIS error is below 1.0E-05
 Requested basis set is G3large
 There are 65 shells and 168 basis functions
 A cutoff of  1.0D-08 yielded   2044 shell pairs
 There are  13820 function pairs ( 17231 Cartesian)
 Warning!  Inaccurate integrated density:
   Number of electrons =    27
   Numerical integral  =    25.999988627882
   Relative error      =    -3.7037458227 %
 ---------------------------------------
  Cycle       Energy         DIIS Error
 ---------------------------------------
    1    -331.3160274382      2.82E-02
    2    -331.0060895212      3.17E-03
    3    -331.0547712716      2.15E-03
    4    -331.0747197471      3.57E-04
    5    -331.0797888448      1.61E-04
    6    -331.0817874368      8.65E-05
    7    -331.0826435972      3.58E-05
    8    -331.0828702989      1.53E-05
    9    -331.0829206922      6.76E-06 Convergence criterion met
 ---------------------------------------
 One-Electron    Energy =  -585.4189453616
 Total Coulomb   Energy =   219.5116250099
 Alpha Exchange  Energy =    -3.0394924318
 Beta  Exchange  Energy =    -2.9716855355
 DFT   Exchange  Energy =   -21.6697668689
 DFT Correlation Energy =    -0.8877094477
 Nuclear Repu.   Energy =    63.3930539434
 Nuclear Attr.   Energy =  -915.8403520133
 Kinetic         Energy =   330.4214066517
 <S^2> = 0.7502
 SCF time:  CPU 92.90 s  wall 94.66 s
 Final Alpha MO Eigenvalues
            1           2           3           4           5           6
    1 -65.5137787  -9.9772028  -5.1769323  -3.5744569  -3.5744426  -3.5730808
            7           8           9          10          11          12
    1  -0.7394824  -0.5522011  -0.4115679  -0.4114878  -0.3342482  -0.3341968
           13          14          15          16          17          18
    1  -0.3197648   0.0284830   0.1483546   0.1508754   0.1509545   0.1765610
           19
    1   0.1888501
 Final Beta MO Eigenvalues
            1           2           3           4           5           6
    1 -65.5136956  -9.9766337  -5.1768368  -3.5743976  -3.5743833  -3.5728448
            7           8           9          10          11          12
    1  -0.7376666  -0.5504041  -0.4108315  -0.4107513  -0.3342462  -0.3341913
           13          14          15          16          17          18
    1  -0.3184647   0.1391737   0.1552575   0.1655727   0.1658185   0.1831225
 Analysis of SCF Wavefunction
 
 --------------------------------------------------------------
                    Orbital Energies (a.u.)
 --------------------------------------------------------------
 
 Alpha MOs
 -- Occupied --
-65.514  -9.977  -5.177  -3.574  -3.574  -3.573  -0.739  -0.552
 -0.412  -0.411  -0.334  -0.334  -0.320   0.028
 -- Virtual --
  0.148   0.151   0.151   0.177   0.189   0.189   0.200   0.200
  0.257   0.270   0.270   0.272   0.303   0.307   0.307   0.317
  0.357   0.371   0.371   0.434   0.434   0.483   0.483   0.486
  0.494   0.532   0.532   0.623   0.638   0.638   0.651   0.676
  0.724   0.724   0.736   0.779   0.779   0.782   0.827   0.827
  0.896   0.920   0.930   0.930   0.977   0.977   1.044   1.060
  1.060   1.094   1.108   1.153   1.228   1.228   1.285   1.285
  1.327   1.368   1.368   1.434   1.434   1.490   1.530   1.556
  1.556   1.563   1.574   1.574   1.665   1.665   1.733   1.733
  1.741   1.793   1.793   1.832   1.885   2.376   2.418   2.426
  2.426   2.487   2.487   2.600   2.776   2.776   2.878   3.093
  3.093   3.217   3.241   3.375   3.384   3.384   3.499   3.499
  3.600   3.600   3.651   3.810   3.810   3.932   3.934   3.954
  4.060   4.061   4.182   4.207   4.207   4.328   4.328   4.331
  4.373   4.399   4.399   4.513   4.516   4.516   4.641   4.658
  4.658   4.720   4.770   4.919   4.919   5.331   5.960   5.960
  6.512  11.641  11.641  11.982  17.764  17.846  17.945  18.028
 18.083  22.375  22.390  22.397  22.398  22.405  22.406  22.432
 24.352  28.035  28.290  28.290  41.163  41.179  41.393  41.437
 41.484 141.319
 
 Beta MOs
 -- Occupied --
-65.514  -9.977  -5.177  -3.574  -3.574  -3.573  -0.738  -0.550
 -0.411  -0.411  -0.334  -0.334  -0.318
 -- Virtual --
  0.139   0.155   0.166   0.166   0.183   0.190   0.191   0.202
  0.203   0.256   0.266   0.266   0.276   0.300   0.307   0.308
  0.319   0.358   0.372   0.372   0.435   0.435   0.481   0.483
  0.483   0.493   0.531   0.531   0.623   0.636   0.636   0.649
  0.677   0.723   0.723   0.736   0.779   0.779   0.781   0.824
  0.825   0.893   0.920   0.930   0.930   0.977   0.977   1.045
  1.060   1.060   1.095   1.109   1.153   1.228   1.228   1.285
  1.285   1.327   1.368   1.368   1.434   1.434   1.491   1.531
  1.556   1.556   1.563   1.574   1.574   1.665   1.665   1.733
  1.733   1.741   1.793   1.793   1.833   1.884   2.376   2.419
  2.427   2.427   2.488   2.488   2.600   2.776   2.776   2.878
  3.093   3.093   3.217   3.242   3.374   3.385   3.385   3.499
  3.500   3.600   3.600   3.651   3.811   3.811   3.932   3.934
  3.956   4.060   4.061   4.182   4.207   4.207   4.328   4.328
  4.331   4.373   4.399   4.399   4.513   4.516   4.516   4.641
  4.657   4.658   4.719   4.770   4.919   4.919   5.331   5.960
  5.960   6.512  11.641  11.641  11.982  17.764  17.846  17.946
 18.028  18.083  22.375  22.390  22.397  22.398  22.405  22.406
 22.432  24.353  28.036  28.291  28.291  41.163  41.179  41.393
 41.437  41.484 141.319
 --------------------------------------------------------------
 
          Ground-State Mulliken Net Atomic Charges

     Atom                 Charge (a.u.)    Spin (a.u.)
  --------------------------------------------------------
      1 C                     2.734274      -2.975267
      2 Si                    0.745854      -0.527831
      3 H                    -1.215117       1.315943
      4 H                    -1.230254       1.331645
      5 H                    -1.198595       1.298896
      6 H                    -0.278688       0.185650
      7 H                    -0.279170       0.186402
      8 H                    -0.278304       0.184561
  --------------------------------------------------------
  Sum of atomic charges =    -1.000000
  Sum of spin   charges =     1.000000

 -----------------------------------------------------------------
                    Cartesian Multipole Moments
 -----------------------------------------------------------------
    Charge (ESU x 10^10)
                -4.8032
    Dipole Moment (Debye)
         X      -0.0017      Y       0.1277      Z       2.0433
       Tot       2.0473
    Quadrupole Moments (Debye-Ang)
        XX     -49.5708     XY      -0.0857     YY     -49.5666
        XZ      -0.0052     YZ      -0.0516     ZZ     -48.1200
    Octapole Moments (Debye-Ang^2)
       XXX      -1.3485    XXY       0.5033    XYY       1.3308
       YYY       1.5101    XXZ     -19.9460    XYZ       0.0419
       YYZ     -19.9391    XZZ       0.0077    YZZ       0.4711
       ZZZ     -71.1797
    Hexadecapole Moments (Debye-Ang^3)
      XXXX    -376.0185   XXXY      -0.6733   XXYY    -125.3222
      XYYY      -0.7537   YYYY    -375.9449   XXXZ       7.4650
      XXYZ      -0.0692   XYYZ      -7.4681   YYYZ      -0.2078
      XXZZ    -181.2099   XYZZ      -0.2194   YYZZ    -181.1929
      XZZZ       0.0131   YZZZ      -0.1931   ZZZZ    -670.7914
 -----------------------------------------------------------------
 Total job time:  94.89s(wall), 93.07s(cpu) 
 Thu Mar 20 03:46:32 2014

        *************************************************************
        *                                                           *
        *  Thank you very much for using Q-Chem.  Have a nice day.  *
        *                                                           *
        *************************************************************


0 sent ACK to 0 
now end server 0 ... 
 
**********************************************************************
Job 2 of 3 
**********************************************************************
 
Process 0 of 1 is on cl122 - thread support 1
initial socket setup ...start
initial socket setup ...done 
now start server 0 ... 

cmd = /usr/bin/ssh clhead /usr/local/qchem/bin/get_hostid 1014643823 > /tmp/1601982.1.medium.q/qchem6861/lic.dat

cmd = /usr/bin/ssh clhead /usr/local/qchem/bin/get_hostid 1014643823 > /tmp/1601982.1.medium.q/qchem6861/lic.dat

cmd = /usr/bin/ssh clhead /usr/local/qchem/bin/get_hostid 1014643823 > /tmp/1601982.1.medium.q/qchem6861/lic.dat

cmd = /usr/bin/ssh clhead /usr/local/qchem/bin/get_hostid 1014643823 > /tmp/1601982.1.medium.q/qchem6861/lic.dat

cmd = /usr/bin/ssh clhead /usr/local/qchem/bin/get_hostid 1014643823 > /tmp/1601982.1.medium.q/qchem6861/lic.dat
                  Welcome to Q-Chem
     A Quantum Leap Into The Future Of Chemistry

 Y. Shao, L. Fusti-Molnar, Y. Jung, J. Kussmann, C. Ochsenfeld,
 S. T. Brown, A. T. B. Gilbert, L. V. Slipchenko,S. V. Levchenko,
 D. P. O'Neill, R. A. DiStasio Jr., R. C. Lochan, T. Wang,
 G. J. O. Beran, N. A. Besley, J. M. Herbert, C. Y. Lin,
 T. Van Voorhis, S. H. Chien, A. Sodt, R. P. Steele, 
 V. A. Rassolov, P. E. Maslen, P. P. Korambath, R. D. Adamson,
 B. Austin, J. Baker, E. F. C. Byrd, H. Dachsel, R. J. Doerksen,
 A. Dreuw, B. D. Dunietz, A. D. Dutoi, T. R. Furlani,
 S. R. Gwaltney, A. Heyden, S. Hirata, C.-P. Hsu, G. Kedziora,
 R. Z. Khaliullin, P. Klunzinger, A. M. Lee, M. S. Lee, W. Liang,
 I. Lotan, N. Nair, B. Peters, E. I. Proynov, P. A. Pieniazek, 
 Y. M. Rhee, J. Ritchie, E. Rosta, C. D. Sherrill, 
 A. C. Simmonett, J. E. Subotnik, H. L. Woodcock III,
 W. Zhang, A. T. Bell, A. K. Chakraborty, D. M. Chipman,
 F. J. Keil, A. Warshel, W. J. Hehre, H. F. Schaefer III,
 J. Kong, A. I. Krylov, P. M. W. Gill, M. Head-Gordon,
 Q-Chem, Version 3.1, Q-Chem, Inc., Pittsburgh, PA (2007).

 Additional authors for Version 3.1: 
 Z. Gan, Y. Zhao, N. E. Schultz, D. Truhlar, E. Epifanovsky and M. Oana.

 Additional authors for Version 3.2: 
 R. Baer, B. R. Brooks, D. Casanova, J.-D. Chai, C.-L. Cheng, 
 C. Cramer, D. Crittenden, A. Ghysels, G. Hawkins, E. G. Hohenstein, 
 C. Kelley, W. Kurlancheek, D. Liotard, E. Livshits, P. Manohar, 
 A. Marenich, D. Neuhauser, R. Olson, M. A. Rohrdanz, K. S. Thanthiriwatte, 
 A. J. W. Thom, V. Vanovschi, C. F. Williams, Q. Wu and Z.-Q. You. 


 Intel X86 Linux Version

 Q-chem begins on Thu Mar 20 03:46:37 2014  

 Parallel job on  1  processors
Processing $rem in /usr/local/qchem/config/preferences.

theFileMan(): MAXOPENFILES=974 MAX_SUB_FILE_NUM=16
Maximum size of a physical file is 2.0 GB, maximum size of a tmp-file is 32.0 GB


--------------------------------------------------------------
User input:
--------------------------------------------------------------

$molecule
0,1
C         -0.00010        0.00000        0.01845
Si        -0.00040        0.00000        1.87168
H          1.01354        0.00000       -0.36644
H         -0.50645       -0.87766       -0.36740
H         -0.50645        0.87766       -0.36740
H         -1.38115        0.00000        2.39343
H          0.69049       -1.19616        2.39178
H          0.69049        1.19616        2.39178
$end

$comment
neutral
$end

$xc_functional
C PBE   1.00
X wPBE  1.00
$end


$rem
SYMMETRY_DECOMPOSITION	0
LRC_DFT                 true
exchange 		general
BASIS                   g3large
omega			470
mem_static              760
max_scf_cycles          200
scf_final_print         1
sym_ignore              true
$end

--------------------------------------------------------------
 Writing REM_CC_EA            8
 ----------------------------------------------------
       Standard Nuclear Orientation (Angstroms)
    I     Atom         X            Y            Z
 ----------------------------------------------------
    1      C      -0.000100     0.000000     0.018450
    2      Si     -0.000400     0.000000     1.871680
    3      H       1.013540     0.000000    -0.366440
    4      H      -0.506450    -0.877660    -0.367400
    5      H      -0.506450     0.877660    -0.367400
    6      H      -1.381150     0.000000     2.393430
    7      H       0.690490    -1.196160     2.391780
    8      H       0.690490     1.196160     2.391780
 ----------------------------------------------------
 Nuclear Repulsion Energy =    63.3930539500 hartrees
 There are       13 alpha and       13 beta electrons
 Requested basis set is G3large
 There are 65 shells and 168 basis functions

Total QAlloc Memory Limit   2000 MB
Mega-Array Size       743 MB
MEM_STATIC part       760 MB

                       Distance Matrix (Angstroms)
             C (  1)   Si(  2)   H (  3)   H (  4)   H (  5)   H (  6)
   Si(  2)  1.853230
   H (  3)  1.084254  2.457083
   H (  4)  1.084231  2.457611  1.755180
   H (  5)  1.084231  2.457611  1.755180  1.755320
   H (  6)  2.747331  1.476040  3.653960  3.026148  3.026148
   H (  7)  2.745980  1.476019  3.023729  3.024431  3.653282  2.392173
   H (  8)  2.745980  1.476019  3.023729  3.653282  3.024431  2.392173
             H (  7)
   H (  8)  2.392320
 
 A cutoff of  1.0D-08 yielded   2044 shell pairs
 There are  13820 function pairs ( 17231 Cartesian)
Evaluating contribution to one-electron hamiltonian from nuclear
 Smallest overlap matrix eigenvalue = 1.32E-04
 Multipole matrices computed through 2nd order

  Scale SEOQF with 1.000000e-01/1.000000e-01/1.000000e-01

 Standard Electronic Orientation quadrupole field applied
 Nucleus-field energy     =    -0.0000000067 hartrees
 Guess from superposition of atomic densities
 Warning:  Energy on first SCF cycle will be non-variational
 Long-range K will be added via erf
 Coulomb attenuation parameter = 0.47 bohr**(-1)
 A restricted Kohn-Sham SCF calculation will be
 performed using Pulay DIIS extrapolation
 Exchange:  wPBE + LR-HF      Correlation:  PBE
 Using SG-1 standard quadrature grid
 SCF converges when DIIS error is below 1.0E-05
 Requested basis set is G3large
 There are 65 shells and 168 basis functions
 A cutoff of  1.0D-08 yielded   2044 shell pairs
 There are  13820 function pairs ( 17231 Cartesian)
 ---------------------------------------
  Cycle       Energy         DIIS Error
 ---------------------------------------
    1    -331.3160274382      2.82E-02
    2    -331.0823641114      2.68E-03
    3    -331.1091032143      1.34E-03
    4    -331.1152603299      2.87E-04
    5    -331.1156906982      5.33E-05
    6    -331.1157112310      1.39E-05
    7    -331.1157121162      2.85E-06 Convergence criterion met
 ---------------------------------------
 One-Electron    Energy =  -581.9888537505
 Total Coulomb   Energy =   215.9742941056
 Alpha Exchange  Energy =    -2.9737022939
 Beta  Exchange  Energy =    -2.9737022939
 DFT   Exchange  Energy =   -21.6669213061
 DFT Correlation Energy =    -0.8798805205
 Nuclear Repu.   Energy =    63.3930539434
 Nuclear Attr.   Energy =  -912.3520026667
 Kinetic         Energy =   330.3631489162
 SCF time:  CPU 57.25 s  wall 58.62 s
 Final Alpha MO Eigenvalues
            1           2           3           4           5           6
    1 -65.6415079 -10.1224763  -5.3047496  -3.7020115  -3.7020011  -3.7013654
            7           8           9          10          11          12
    1  -0.8817200  -0.6796030  -0.5542410  -0.5542118  -0.4609098  -0.4608960
           13          14          15          16          17          18
    1  -0.4560111   0.0392000   0.0621679   0.0680954   0.0681080   0.0870062
 Analysis of SCF Wavefunction
 
 --------------------------------------------------------------
                    Orbital Energies (a.u.)
 --------------------------------------------------------------
 
 Alpha MOs
 -- Occupied --
-65.642 -10.122  -5.305  -3.702  -3.702  -3.701  -0.882  -0.680
 -0.554  -0.554  -0.461  -0.461  -0.456
 -- Virtual --
  0.039   0.062   0.068   0.068   0.087   0.096   0.096   0.104
  0.104   0.158   0.158   0.159   0.163   0.191   0.191   0.192
  0.207   0.243   0.243   0.243   0.308   0.308   0.363   0.367
  0.367   0.372   0.416   0.416   0.505   0.509   0.509   0.524
  0.551   0.596   0.596   0.614   0.649   0.649   0.655   0.692
  0.692   0.761   0.791   0.803   0.803   0.852   0.852   0.919
  0.937   0.937   0.961   0.967   1.024   1.093   1.093   1.156
  1.156   1.197   1.224   1.224   1.311   1.311   1.351   1.397
  1.420   1.420   1.440   1.445   1.445   1.525   1.525   1.595
  1.595   1.607   1.669   1.669   1.701   1.745   2.250   2.290
  2.295   2.295   2.359   2.359   2.474   2.633   2.633   2.735
  2.968   2.969   3.071   3.099   3.244   3.244   3.250   3.355
  3.355   3.458   3.458   3.514   3.668   3.668   3.799   3.800
  3.811   3.933   3.934   4.037   4.067   4.067   4.205   4.205
  4.207   4.248   4.270   4.270   4.374   4.374   4.386   4.497
  4.514   4.514   4.574   4.641   4.791   4.791   5.185   5.814
  5.814   6.383  11.514  11.514  11.854  17.637  17.718  17.817
 17.900  17.956  22.247  22.262  22.269  22.270  22.277  22.278
 22.304  24.207  27.891  28.145  28.145  41.018  41.034  41.248
 41.291  41.339 141.191
 --------------------------------------------------------------
 
          Ground-State Mulliken Net Atomic Charges

     Atom                 Charge (a.u.)
  ----------------------------------------
      1 C                    -0.291900
      2 Si                    0.209037
      3 H                     0.099127
      4 H                     0.099096
      5 H                     0.099035
      6 H                    -0.071366
      7 H                    -0.071494
      8 H                    -0.071535
  ----------------------------------------
  Sum of atomic charges =     0.000000

 -----------------------------------------------------------------
                    Cartesian Multipole Moments
 -----------------------------------------------------------------
    Charge (ESU x 10^10)
                 0.0000
    Dipole Moment (Debye)
         X      -0.0012      Y       0.0000      Z      -0.8068
       Tot       0.8068
    Quadrupole Moments (Debye-Ang)
        XX     -22.7525     XY       0.0000     YY     -22.7533
        XZ      -0.0025     YZ      -0.0001     ZZ     -24.9767
    Octapole Moments (Debye-Ang^2)
       XXX       1.6594    XXY      -0.0001    XYY      -1.6431
       YYY      -0.0003    XXZ     -31.3943    XYZ      -0.0003
       YYZ     -31.3978    XZZ      -0.0005    YZZ      -0.0003
       ZZZ     -92.2252
    Hexadecapole Moments (Debye-Ang^3)
      XXXX     -55.0745   XXXY       0.0000   XXYY     -18.3591
      XYYY      -0.0002   YYYY     -55.0819   XXXZ       1.2484
      XXYZ      -0.0002   XYYZ      -1.2124   YYYZ      -0.0005
      XXZZ     -79.8870   XYZZ      -0.0008   YYZZ     -79.8933
      XZZZ       0.0253   YZZZ      -0.0010   ZZZZ    -403.0741
 -----------------------------------------------------------------
 Total job time:  58.81s(wall), 57.42s(cpu) 
 Thu Mar 20 03:47:36 2014

        *************************************************************
        *                                                           *
        *  Thank you very much for using Q-Chem.  Have a nice day.  *
        *                                                           *
        *************************************************************


0 sent ACK to 0 
now end server 0 ... 
 
**********************************************************************
Job 3 of 3 
**********************************************************************
 
Process 0 of 1 is on cl122 - thread support 1
initial socket setup ...start
initial socket setup ...done 
now start server 0 ... 

cmd = /usr/bin/ssh clhead /usr/local/qchem/bin/get_hostid 870978952 > /tmp/1601982.1.medium.q/qchem6861/lic.dat

cmd = /usr/bin/ssh clhead /usr/local/qchem/bin/get_hostid 870978952 > /tmp/1601982.1.medium.q/qchem6861/lic.dat

cmd = /usr/bin/ssh clhead /usr/local/qchem/bin/get_hostid 870978952 > /tmp/1601982.1.medium.q/qchem6861/lic.dat

cmd = /usr/bin/ssh clhead /usr/local/qchem/bin/get_hostid 870978952 > /tmp/1601982.1.medium.q/qchem6861/lic.dat

cmd = /usr/bin/ssh clhead /usr/local/qchem/bin/get_hostid 870978952 > /tmp/1601982.1.medium.q/qchem6861/lic.dat
                  Welcome to Q-Chem
     A Quantum Leap Into The Future Of Chemistry

 Y. Shao, L. Fusti-Molnar, Y. Jung, J. Kussmann, C. Ochsenfeld,
 S. T. Brown, A. T. B. Gilbert, L. V. Slipchenko,S. V. Levchenko,
 D. P. O'Neill, R. A. DiStasio Jr., R. C. Lochan, T. Wang,
 G. J. O. Beran, N. A. Besley, J. M. Herbert, C. Y. Lin,
 T. Van Voorhis, S. H. Chien, A. Sodt, R. P. Steele, 
 V. A. Rassolov, P. E. Maslen, P. P. Korambath, R. D. Adamson,
 B. Austin, J. Baker, E. F. C. Byrd, H. Dachsel, R. J. Doerksen,
 A. Dreuw, B. D. Dunietz, A. D. Dutoi, T. R. Furlani,
 S. R. Gwaltney, A. Heyden, S. Hirata, C.-P. Hsu, G. Kedziora,
 R. Z. Khaliullin, P. Klunzinger, A. M. Lee, M. S. Lee, W. Liang,
 I. Lotan, N. Nair, B. Peters, E. I. Proynov, P. A. Pieniazek, 
 Y. M. Rhee, J. Ritchie, E. Rosta, C. D. Sherrill, 
 A. C. Simmonett, J. E. Subotnik, H. L. Woodcock III,
 W. Zhang, A. T. Bell, A. K. Chakraborty, D. M. Chipman,
 F. J. Keil, A. Warshel, W. J. Hehre, H. F. Schaefer III,
 J. Kong, A. I. Krylov, P. M. W. Gill, M. Head-Gordon,
 Q-Chem, Version 3.1, Q-Chem, Inc., Pittsburgh, PA (2007).

 Additional authors for Version 3.1: 
 Z. Gan, Y. Zhao, N. E. Schultz, D. Truhlar, E. Epifanovsky and M. Oana.

 Additional authors for Version 3.2: 
 R. Baer, B. R. Brooks, D. Casanova, J.-D. Chai, C.-L. Cheng, 
 C. Cramer, D. Crittenden, A. Ghysels, G. Hawkins, E. G. Hohenstein, 
 C. Kelley, W. Kurlancheek, D. Liotard, E. Livshits, P. Manohar, 
 A. Marenich, D. Neuhauser, R. Olson, M. A. Rohrdanz, K. S. Thanthiriwatte, 
 A. J. W. Thom, V. Vanovschi, C. F. Williams, Q. Wu and Z.-Q. You. 


 Intel X86 Linux Version

 Q-chem begins on Thu Mar 20 03:47:41 2014  

 Parallel job on  1  processors
Processing $rem in /usr/local/qchem/config/preferences.

theFileMan(): MAXOPENFILES=974 MAX_SUB_FILE_NUM=16
Maximum size of a physical file is 2.0 GB, maximum size of a tmp-file is 32.0 GB


--------------------------------------------------------------
User input:
--------------------------------------------------------------

$molecule
1,2
C         -0.00010        0.00000        0.01845
Si        -0.00040        0.00000        1.87168
H          1.01354        0.00000       -0.36644
H         -0.50645       -0.87766       -0.36740
H         -0.50645        0.87766       -0.36740
H         -1.38115        0.00000        2.39343
H          0.69049       -1.19616        2.39178
H          0.69049        1.19616        2.39178
$end

$comment
positive
$end

$xc_functional
C PBE   1.00
X wPBE  1.00
$end

$rem
SYMMETRY_DECOMPOSITION	0
LRC_DFT                 true
exchange 		general
BASIS                   g3large
omega			470
mem_static              760
max_scf_cycles          200
scf_final_print         1
sym_ignore              true
$end

--------------------------------------------------------------
 Writing REM_CC_EA            8
 ----------------------------------------------------
       Standard Nuclear Orientation (Angstroms)
    I     Atom         X            Y            Z
 ----------------------------------------------------
    1      C      -0.000100     0.000000     0.018450
    2      Si     -0.000400     0.000000     1.871680
    3      H       1.013540     0.000000    -0.366440
    4      H      -0.506450    -0.877660    -0.367400
    5      H      -0.506450     0.877660    -0.367400
    6      H      -1.381150     0.000000     2.393430
    7      H       0.690490    -1.196160     2.391780
    8      H       0.690490     1.196160     2.391780
 ----------------------------------------------------
 Nuclear Repulsion Energy =    63.3930539500 hartrees
 There are       13 alpha and       12 beta electrons
 Requested basis set is G3large
 There are 65 shells and 168 basis functions

Total QAlloc Memory Limit   2000 MB
Mega-Array Size       743 MB
MEM_STATIC part       760 MB

                       Distance Matrix (Angstroms)
             C (  1)   Si(  2)   H (  3)   H (  4)   H (  5)   H (  6)
   Si(  2)  1.853230
   H (  3)  1.084254  2.457083
   H (  4)  1.084231  2.457611  1.755180
   H (  5)  1.084231  2.457611  1.755180  1.755320
   H (  6)  2.747331  1.476040  3.653960  3.026148  3.026148
   H (  7)  2.745980  1.476019  3.023729  3.024431  3.653282  2.392173
   H (  8)  2.745980  1.476019  3.023729  3.653282  3.024431  2.392173
             H (  7)
   H (  8)  2.392320
 
 A cutoff of  1.0D-08 yielded   2044 shell pairs
 There are  13820 function pairs ( 17231 Cartesian)
Evaluating contribution to one-electron hamiltonian from nuclear
 Smallest overlap matrix eigenvalue = 1.32E-04
 Multipole matrices computed through 2nd order

  Scale SEOQF with 1.000000e-01/1.000000e-01/1.000000e-01

 Standard Electronic Orientation quadrupole field applied
 Nucleus-field energy     =    -0.0000000067 hartrees
 Guess from superposition of atomic densities
 Warning:  Energy on first SCF cycle will be non-variational
 Long-range K will be added via erf
 Coulomb attenuation parameter = 0.47 bohr**(-1)
 An unrestricted Kohn-Sham SCF calculation will be
 performed using Pulay DIIS extrapolation
 Exchange:  wPBE + LR-HF      Correlation:  PBE
 Using SG-1 standard quadrature grid
 SCF converges when DIIS error is below 1.0E-05
 Requested basis set is G3large
 There are 65 shells and 168 basis functions
 A cutoff of  1.0D-08 yielded   2044 shell pairs
 There are  13820 function pairs ( 17231 Cartesian)
 Warning!  Inaccurate integrated density:
   Number of electrons =    25
   Numerical integral  =    25.999988627882
   Relative error      =     3.9999545115 %
 ---------------------------------------
  Cycle       Energy         DIIS Error
 ---------------------------------------
    1    -331.3160274382      2.82E-02
    2    -330.6000510626      3.15E-03
    3    -330.6526048824      1.63E-03
    4    -330.6626502796      4.02E-04
    5    -330.6637040683      7.69E-05
    6    -330.6638598891      3.34E-05
    7    -330.6639149929      2.18E-05
    8    -330.6639595841      1.76E-05
    9    -330.6640079074      1.66E-05
   10    -330.6640362297      1.69E-05
   11    -330.6639213962      1.49E-05
   12    -330.6637524145      1.97E-05
   13    -330.6637397798      1.55E-05
   14    -330.6636761148      1.39E-05
   15    -330.6636787718      3.53E-06 Convergence criterion met
 ---------------------------------------
 One-Electron    Energy =  -575.1327029481
 Total Coulomb   Energy =   209.2286974314
 Alpha Exchange  Energy =    -2.9924619553
 Beta  Exchange  Energy =    -2.7500868323
 DFT   Exchange  Energy =   -21.5643690153
 DFT Correlation Energy =    -0.8458093955
 Nuclear Repu.   Energy =    63.3930539434
 Nuclear Attr.   Energy =  -905.2203275259
 Kinetic         Energy =   330.0876245778
 <S^2> = 0.7729
 SCF time:  CPU 147.86 s  wall 150.42 s
 Final Alpha MO Eigenvalues
            1           2           3           4           5           6
    1 -65.9345148 -10.3384633  -5.5973494  -4.0014945  -3.9919696  -3.9903709
            7           8           9          10          11          12
    1  -1.1043015  -0.9791222  -0.8320783  -0.7742185  -0.7492919  -0.7228304
           13          14          15          16          17          18
    1  -0.6894254  -0.1220521  -0.1037122  -0.1014215  -0.0981493  -0.0705400
 Final Beta MO Eigenvalues
            1           2           3           4           5           6
    1 -65.9337965 -10.3380631  -5.5964945  -3.9978064  -3.9920907  -3.9901279
            7           8           9          10          11          12
    1  -1.0961729  -0.9144468  -0.7652520  -0.7490744  -0.6935540  -0.6832915
           13          14          15          16          17
    1  -0.4404216  -0.1172151  -0.0976103  -0.0906394  -0.0804362
 Analysis of SCF Wavefunction
 
 --------------------------------------------------------------
                    Orbital Energies (a.u.)
 --------------------------------------------------------------
 
 Alpha MOs
 -- Occupied --
-65.935 -10.338  -5.597  -4.001  -3.992  -3.990  -1.104  -0.979
 -0.832  -0.774  -0.749  -0.723  -0.689
 -- Virtual --
 -0.122  -0.104  -0.101  -0.098  -0.071  -0.063  -0.059  -0.031
 -0.027  -0.025  -0.016  -0.009   0.013   0.019   0.020   0.030
  0.050   0.059   0.062   0.065   0.112   0.115   0.158   0.175
  0.180   0.199   0.226   0.231   0.281   0.310   0.314   0.319
  0.326   0.369   0.380   0.399   0.423   0.434   0.455   0.500
  0.501   0.560   0.568   0.578   0.590   0.609   0.615   0.668
  0.687   0.696   0.740   0.757   0.789   0.872   0.879   0.906
  0.931   0.959   1.023   1.027   1.045   1.070   1.130   1.175
  1.184   1.187   1.190   1.213   1.223   1.303   1.314   1.360
  1.376   1.390   1.412   1.434   1.464   1.547   1.954   2.012
  2.021   2.040   2.079   2.085   2.192   2.418   2.423   2.519
  2.617   2.689   2.864   2.884   2.951   3.011   3.021   3.142
  3.146   3.234   3.238   3.270   3.445   3.447   3.536   3.540
  3.597   3.615   3.657   3.796   3.817   3.824   3.842   3.863
  3.906   3.930   4.003   4.015   4.088   4.151   4.155   4.279
  4.288   4.300   4.353   4.364   4.480   4.525   4.976   5.603
  5.608   6.097  11.214  11.226  11.568  17.343  17.425  17.528
 17.607  17.663  21.952  21.969  21.975  21.980  21.985  21.987
 22.013  23.992  27.674  27.929  27.930  40.801  40.818  41.031
 41.075  41.123 140.899
 
 Beta MOs
 -- Occupied --
-65.934 -10.338  -5.596  -3.998  -3.992  -3.990  -1.096  -0.914
 -0.765  -0.749  -0.694  -0.683
 -- Virtual --
 -0.440  -0.117  -0.098  -0.091  -0.080  -0.066  -0.062  -0.055
 -0.025  -0.024  -0.018  -0.014  -0.007   0.014   0.022   0.026
  0.046   0.051   0.064   0.065   0.066   0.116   0.119   0.174
  0.177   0.182   0.201   0.230   0.234   0.300   0.322   0.323
  0.326   0.328   0.382   0.385   0.403   0.437   0.438   0.459
  0.503   0.504   0.563   0.576   0.580   0.594   0.618   0.621
  0.694   0.697   0.705   0.743   0.766   0.799   0.881   0.882
  0.926   0.937   0.974   1.027   1.030   1.066   1.080   1.143
  1.183   1.192   1.195   1.206   1.220   1.224   1.311   1.316
  1.376   1.383   1.391   1.425   1.440   1.464   1.549   1.971
  2.020   2.035   2.039   2.091   2.094   2.205   2.423   2.425
  2.528   2.693   2.720   2.867   2.885   2.990   3.017   3.022
  3.146   3.149   3.238   3.240   3.273   3.448   3.449   3.541
  3.543   3.598   3.653   3.671   3.828   3.841   3.842   3.918
  3.928   3.948   3.981   4.021   4.026   4.121   4.160   4.161
  4.289   4.299   4.304   4.368   4.377   4.517   4.537   4.979
  5.608   5.611   6.103  11.221  11.227  11.568  17.345  17.426
 17.528  17.609  17.664  21.954  21.970  21.976  21.981  21.986
 21.987  22.013  23.992  27.674  27.930  27.930  40.802  40.819
 41.032  41.076  41.124 140.900
 --------------------------------------------------------------
 
          Ground-State Mulliken Net Atomic Charges

     Atom                 Charge (a.u.)    Spin (a.u.)
  --------------------------------------------------------
      1 C                    -0.205364       0.021642
      2 Si                    0.393492       0.106508
      3 H                     0.152497       0.021374
      4 H                     0.155366       0.025205
      5 H                     0.144912       0.004003
      6 H                     0.127462       0.315360
      7 H                     0.055912       0.027347
      8 H                     0.175724       0.478562
  --------------------------------------------------------
  Sum of atomic charges =     1.000000
  Sum of spin   charges =     1.000000

 -----------------------------------------------------------------
                    Cartesian Multipole Moments
 -----------------------------------------------------------------
    Charge (ESU x 10^10)
                 4.8032
    Dipole Moment (Debye)
         X      -0.1400      Y       1.0796      Z       7.8568
       Tot       7.9318
    Quadrupole Moments (Debye-Ang)
        XX     -15.8976     XY       1.6594     YY     -16.2379
        XZ      -0.4779     YZ       2.8583     ZZ      -0.8224
    Octapole Moments (Debye-Ang^2)
       XXX      -1.1241    XXY       0.7638    XYY       0.7081
       YYY       2.2917    XXZ     -17.9739    XYZ       3.6403
       YYZ     -18.7262    XZZ      -1.2202    YZZ       6.8103
       ZZZ     -31.0793
    Hexadecapole Moments (Debye-Ang^3)
      XXXX     -34.2267   XXXY       2.2016   XXYY     -11.6159
      XYYY       2.6119   YYYY     -35.2906   XXXZ      -6.2038
      XXYZ       1.9401   XYYZ       4.9777   YYYZ       5.8228
      XXZZ     -43.9129   XYZZ       8.9664   YYZZ     -45.8428
      XZZZ      -3.4309   YZZZ      17.4318   ZZZZ    -227.9690
 -----------------------------------------------------------------
 Total job time:  150.65s(wall), 148.04s(cpu) 
 Thu Mar 20 03:50:11 2014

        *************************************************************
        *                                                           *
        *  Thank you very much for using Q-Chem.  Have a nice day.  *
        *                                                           *
        *************************************************************


0 sent ACK to 0 
now end server 0 ... 
