Process 0 of 1 is on cl134 - thread support 1
initial socket setup ...start
initial socket setup ...done 
now start server 0 ... 

cmd = /usr/bin/ssh clhead /usr/local/qchem/bin/get_hostid 1718373385 > /tmp/1591960.1.medium.q/qchem7534/lic.dat

cmd = /usr/bin/ssh clhead /usr/local/qchem/bin/get_hostid 1718373385 > /tmp/1591960.1.medium.q/qchem7534/lic.dat

cmd = /usr/bin/ssh clhead /usr/local/qchem/bin/get_hostid 1718373385 > /tmp/1591960.1.medium.q/qchem7534/lic.dat

cmd = /usr/bin/ssh clhead /usr/local/qchem/bin/get_hostid 1718373385 > /tmp/1591960.1.medium.q/qchem7534/lic.dat

cmd = /usr/bin/ssh clhead /usr/local/qchem/bin/get_hostid 1718373385 > /tmp/1591960.1.medium.q/qchem7534/lic.dat
                  Welcome to Q-Chem
     A Quantum Leap Into The Future Of Chemistry

 Y. Shao, L. Fusti-Molnar, Y. Jung, J. Kussmann, C. Ochsenfeld,
 S. T. Brown, A. T. B. Gilbert, L. V. Slipchenko,S. V. Levchenko,
 D. P. O'Neill, R. A. DiStasio Jr., R. C. Lochan, T. Wang,
 G. J. O. Beran, N. A. Besley, J. M. Herbert, C. Y. Lin,
 T. Van Voorhis, S. H. Chien, A. Sodt, R. P. Steele, 
 V. A. Rassolov, P. E. Maslen, P. P. Korambath, R. D. Adamson,
 B. Austin, J. Baker, E. F. C. Byrd, H. Dachsel, R. J. Doerksen,
 A. Dreuw, B. D. Dunietz, A. D. Dutoi, T. R. Furlani,
 S. R. Gwaltney, A. Heyden, S. Hirata, C.-P. Hsu, G. Kedziora,
 R. Z. Khaliullin, P. Klunzinger, A. M. Lee, M. S. Lee, W. Liang,
 I. Lotan, N. Nair, B. Peters, E. I. Proynov, P. A. Pieniazek, 
 Y. M. Rhee, J. Ritchie, E. Rosta, C. D. Sherrill, 
 A. C. Simmonett, J. E. Subotnik, H. L. Woodcock III,
 W. Zhang, A. T. Bell, A. K. Chakraborty, D. M. Chipman,
 F. J. Keil, A. Warshel, W. J. Hehre, H. F. Schaefer III,
 J. Kong, A. I. Krylov, P. M. W. Gill, M. Head-Gordon,
 Q-Chem, Version 3.1, Q-Chem, Inc., Pittsburgh, PA (2007).

 Additional authors for Version 3.1: 
 Z. Gan, Y. Zhao, N. E. Schultz, D. Truhlar, E. Epifanovsky and M. Oana.

 Additional authors for Version 3.2: 
 R. Baer, B. R. Brooks, D. Casanova, J.-D. Chai, C.-L. Cheng, 
 C. Cramer, D. Crittenden, A. Ghysels, G. Hawkins, E. G. Hohenstein, 
 C. Kelley, W. Kurlancheek, D. Liotard, E. Livshits, P. Manohar, 
 A. Marenich, D. Neuhauser, R. Olson, M. A. Rohrdanz, K. S. Thanthiriwatte, 
 A. J. W. Thom, V. Vanovschi, C. F. Williams, Q. Wu and Z.-Q. You. 


 Intel X86 Linux Version

 Q-chem begins on Tue Mar 18 15:42:31 2014  

 Parallel job on  1  processors
Processing $rem in /usr/local/qchem/config/preferences.

theFileMan(): MAXOPENFILES=974 MAX_SUB_FILE_NUM=16
Maximum size of a physical file is 2.0 GB, maximum size of a tmp-file is 32.0 GB


--------------------------------------------------------------
User input:
--------------------------------------------------------------

$molecule
-1,2
C         -0.00010        0.00000        0.01845
Si        -0.00040        0.00000        1.87168
H          1.01354        0.00000       -0.36644
H         -0.50645       -0.87766       -0.36740
H         -0.50645        0.87766       -0.36740
H         -1.38115        0.00000        2.39343
H          0.69049       -1.19616        2.39178
H          0.69049        1.19616        2.39178
$end

$comment
negative
$end

$xc_functional
C PBE   1.00
X wPBE  1.00
$end

$rem
SYMMETRY_DECOMPOSITION	0
exchange 		general
LRC_DFT                 true
BASIS                   g3large
omega			900
mem_static              760
max_scf_cycles          200
scf_final_print         1
sym_ignore              true
$end

--------------------------------------------------------------
 Writing REM_CC_EA            8
 ----------------------------------------------------
       Standard Nuclear Orientation (Angstroms)
    I     Atom         X            Y            Z
 ----------------------------------------------------
    1      C      -0.000100     0.000000     0.018450
    2      Si     -0.000400     0.000000     1.871680
    3      H       1.013540     0.000000    -0.366440
    4      H      -0.506450    -0.877660    -0.367400
    5      H      -0.506450     0.877660    -0.367400
    6      H      -1.381150     0.000000     2.393430
    7      H       0.690490    -1.196160     2.391780
    8      H       0.690490     1.196160     2.391780
 ----------------------------------------------------
 Nuclear Repulsion Energy =    63.3930539500 hartrees
 There are       14 alpha and       13 beta electrons
 Requested basis set is G3large
 There are 65 shells and 168 basis functions

Total QAlloc Memory Limit   2000 MB
Mega-Array Size       743 MB
MEM_STATIC part       760 MB

                       Distance Matrix (Angstroms)
             C (  1)   Si(  2)   H (  3)   H (  4)   H (  5)   H (  6)
   Si(  2)  1.853230
   H (  3)  1.084254  2.457083
   H (  4)  1.084231  2.457611  1.755180
   H (  5)  1.084231  2.457611  1.755180  1.755320
   H (  6)  2.747331  1.476040  3.653960  3.026148  3.026148
   H (  7)  2.745980  1.476019  3.023729  3.024431  3.653282  2.392173
   H (  8)  2.745980  1.476019  3.023729  3.653282  3.024431  2.392173
             H (  7)
   H (  8)  2.392320
 
 A cutoff of  1.0D-08 yielded   2044 shell pairs
 There are  13820 function pairs ( 17231 Cartesian)
Evaluating contribution to one-electron hamiltonian from nuclear
 Smallest overlap matrix eigenvalue = 1.32E-04
 Multipole matrices computed through 2nd order

  Scale SEOQF with 1.000000e-01/1.000000e-01/1.000000e-01

 Standard Electronic Orientation quadrupole field applied
 Nucleus-field energy     =    -0.0000000067 hartrees
 Guess from superposition of atomic densities
 Warning:  Energy on first SCF cycle will be non-variational
 Long-range K will be added via erf
 Coulomb attenuation parameter = 0.9 bohr**(-1)
 An unrestricted Kohn-Sham SCF calculation will be
 performed using Pulay DIIS extrapolation
 Exchange:  wPBE + LR-HF      Correlation:  PBE
 Using SG-1 standard quadrature grid
 SCF converges when DIIS error is below 1.0E-05
 Requested basis set is G3large
 There are 65 shells and 168 basis functions
 A cutoff of  1.0D-08 yielded   2044 shell pairs
 There are  13820 function pairs ( 17231 Cartesian)
 Warning!  Inaccurate integrated density:
   Number of electrons =    27
   Numerical integral  =    25.999988627882
   Relative error      =    -3.7037458227 %
 ---------------------------------------
  Cycle       Energy         DIIS Error
 ---------------------------------------
    1    -331.4102314982      2.89E-02
    2    -331.0711785826      2.87E-03
    3    -331.1258680708      1.44E-03
    4    -331.1386310275      4.01E-04
    5    -331.1439074822      1.42E-04
    6    -331.1455436778      7.13E-05
    7    -331.1461672850      2.98E-05
    8    -331.1463312925      1.28E-05
    9    -331.1463684166      5.96E-06 Convergence criterion met
 ---------------------------------------
 One-Electron    Energy =  -585.3822333981
 Total Coulomb   Energy =   219.4941194908
 Alpha Exchange  Energy =    -4.8320913280
 Beta  Exchange  Energy =    -4.7603367798
 DFT   Exchange  Energy =   -18.1702556377
 DFT Correlation Energy =    -0.8886247072
 Nuclear Repu.   Energy =    63.3930539434
 Nuclear Attr.   Energy =  -915.7491204053
 Kinetic         Energy =   330.3668870072
 <S^2> = 0.7502
 SCF time:  CPU 98.51 s  wall 100.69 s
 Final Alpha MO Eigenvalues
            1           2           3           4           5           6
    1 -65.7559218 -10.2014112  -5.4150107  -3.7671282  -3.7671145  -3.7658166
            7           8           9          10          11          12
    1  -0.8202187  -0.5954579  -0.4488642  -0.4487805  -0.3657672  -0.3657058
           13          14          15          16          17          18
    1  -0.3494378   0.0292114   0.1483291   0.1509764   0.1510603   0.1770256
           19
    1   0.1892811
 Final Beta MO Eigenvalues
            1           2           3           4           5           6
    1 -65.7558421 -10.2008401  -5.4149088  -3.7670680  -3.7670541  -3.7655695
            7           8           9          10          11          12
    1  -0.8174598  -0.5933783  -0.4482302  -0.4481522  -0.3659173  -0.3658483
           13          14          15          16          17          18
    1  -0.3479580   0.1397863   0.1556513   0.1659406   0.1662087   0.1837630
 Analysis of SCF Wavefunction
 
 --------------------------------------------------------------
                    Orbital Energies (a.u.)
 --------------------------------------------------------------
 
 Alpha MOs
 -- Occupied --
-65.756 -10.201  -5.415  -3.767  -3.767  -3.766  -0.820  -0.595
 -0.449  -0.449  -0.366  -0.366  -0.349   0.029
 -- Virtual --
  0.148   0.151   0.151   0.177   0.189   0.189   0.201   0.201
  0.257   0.271   0.271   0.277   0.304   0.315   0.315   0.321
  0.366   0.380   0.380   0.442   0.442   0.491   0.491   0.493
  0.506   0.539   0.539   0.641   0.650   0.650   0.663   0.687
  0.740   0.740   0.754   0.800   0.801   0.801   0.853   0.853
  0.925   0.947   0.953   0.953   1.010   1.010   1.066   1.097
  1.097   1.128   1.136   1.196   1.261   1.261   1.317   1.317
  1.356   1.402   1.402   1.469   1.469   1.525   1.568   1.596
  1.596   1.608   1.623   1.624   1.711   1.712   1.791   1.791
  1.796   1.852   1.852   1.889   1.948   2.446   2.491   2.499
  2.499   2.560   2.560   2.674   2.868   2.868   2.969   3.199
  3.199   3.313   3.347   3.485   3.486   3.486   3.606   3.606
  3.709   3.709   3.768   3.919   3.919   4.048   4.049   4.066
  4.173   4.174   4.299   4.322   4.323   4.434   4.434   4.438
  4.477   4.507   4.507   4.624   4.629   4.629   4.751   4.769
  4.770   4.830   4.887   5.035   5.035   5.453   6.090   6.090
  6.660  11.825  11.825  12.165  17.964  18.037  18.148  18.222
 18.274  22.577  22.592  22.599  22.599  22.606  22.607  22.634
 24.573  28.239  28.493  28.493  41.393  41.409  41.599  41.643
 41.690 141.554
 
 Beta MOs
 -- Occupied --
-65.756 -10.201  -5.415  -3.767  -3.767  -3.766  -0.817  -0.593
 -0.448  -0.448  -0.366  -0.366  -0.348
 -- Virtual --
  0.140   0.156   0.166   0.166   0.184   0.191   0.191   0.203
  0.203   0.256   0.267   0.267   0.280   0.301   0.315   0.315
  0.323   0.367   0.381   0.381   0.442   0.442   0.487   0.491
  0.491   0.506   0.537   0.537   0.640   0.647   0.648   0.661
  0.688   0.740   0.740   0.753   0.799   0.801   0.801   0.850
  0.850   0.921   0.946   0.953   0.953   1.009   1.009   1.066
  1.097   1.097   1.128   1.136   1.195   1.261   1.261   1.317
  1.317   1.356   1.402   1.402   1.469   1.469   1.525   1.568
  1.595   1.595   1.608   1.623   1.623   1.712   1.712   1.790
  1.790   1.795   1.852   1.852   1.889   1.948   2.446   2.492
  2.499   2.500   2.560   2.560   2.674   2.867   2.868   2.968
  3.198   3.198   3.314   3.347   3.484   3.486   3.486   3.606
  3.607   3.709   3.709   3.769   3.920   3.920   4.048   4.049
  4.067   4.173   4.174   4.299   4.322   4.323   4.434   4.434
  4.438   4.477   4.507   4.507   4.624   4.629   4.629   4.751
  4.769   4.770   4.830   4.887   5.035   5.035   5.453   6.090
  6.090   6.660  11.825  11.825  12.166  17.964  18.037  18.148
 18.222  18.274  22.577  22.592  22.599  22.599  22.606  22.607
 22.634  24.573  28.239  28.493  28.493  41.394  41.409  41.599
 41.644  41.690 141.554
 --------------------------------------------------------------
 
          Ground-State Mulliken Net Atomic Charges

     Atom                 Charge (a.u.)    Spin (a.u.)
  --------------------------------------------------------
      1 C                     2.782097      -3.006530
      2 Si                    0.785090      -0.542573
      3 H                    -1.236375       1.327001
      4 H                    -1.253304       1.344541
      5 H                    -1.218479       1.308550
      6 H                    -0.286305       0.189741
      7 H                    -0.286833       0.190624
      8 H                    -0.285891       0.188647
  --------------------------------------------------------
  Sum of atomic charges =    -1.000000
  Sum of spin   charges =     1.000000

 -----------------------------------------------------------------
                    Cartesian Multipole Moments
 -----------------------------------------------------------------
    Charge (ESU x 10^10)
                -4.8032
    Dipole Moment (Debye)
         X      -0.0002      Y       0.1418      Z       2.1223
       Tot       2.1270
    Quadrupole Moments (Debye-Ang)
        XX     -49.5140     XY      -0.0948     YY     -49.5125
        XZ      -0.0045     YZ      -0.0531     ZZ     -47.9777
    Octapole Moments (Debye-Ang^2)
       XXX      -1.2858    XXY       0.5596    XYY       1.2943
       YYY       1.6789    XXZ     -19.7621    XYZ       0.0451
       YYZ     -19.7560    XZZ       0.0143    YZZ       0.5287
       ZZZ     -70.1624
    Hexadecapole Moments (Debye-Ang^3)
      XXXX    -377.1219   XXXY      -0.7472   XXYY    -125.6982
      XYYY      -0.8358   YYYY    -377.0944   XXXZ       7.5975
      XXYZ      -0.0642   XYYZ      -7.5837   YYYZ      -0.1928
      XXZZ    -181.5483   XYZZ      -0.2445   YYZZ    -181.5396
      XZZZ       0.0264   YZZZ      -0.1694   ZZZZ    -669.0321
 -----------------------------------------------------------------
 Total job time:  100.92s(wall), 98.69s(cpu) 
 Tue Mar 18 15:44:12 2014

        *************************************************************
        *                                                           *
        *  Thank you very much for using Q-Chem.  Have a nice day.  *
        *                                                           *
        *************************************************************


0 sent ACK to 0 
now end server 0 ... 
 
**********************************************************************
Job 2 of 3 
**********************************************************************
 
Process 0 of 1 is on cl134 - thread support 1
initial socket setup ...start
initial socket setup ...done 
now start server 0 ... 

cmd = /usr/bin/ssh clhead /usr/local/qchem/bin/get_hostid 928001284 > /tmp/1591960.1.medium.q/qchem7534/lic.dat

cmd = /usr/bin/ssh clhead /usr/local/qchem/bin/get_hostid 928001284 > /tmp/1591960.1.medium.q/qchem7534/lic.dat

cmd = /usr/bin/ssh clhead /usr/local/qchem/bin/get_hostid 928001284 > /tmp/1591960.1.medium.q/qchem7534/lic.dat

cmd = /usr/bin/ssh clhead /usr/local/qchem/bin/get_hostid 928001284 > /tmp/1591960.1.medium.q/qchem7534/lic.dat

cmd = /usr/bin/ssh clhead /usr/local/qchem/bin/get_hostid 928001284 > /tmp/1591960.1.medium.q/qchem7534/lic.dat
                  Welcome to Q-Chem
     A Quantum Leap Into The Future Of Chemistry

 Y. Shao, L. Fusti-Molnar, Y. Jung, J. Kussmann, C. Ochsenfeld,
 S. T. Brown, A. T. B. Gilbert, L. V. Slipchenko,S. V. Levchenko,
 D. P. O'Neill, R. A. DiStasio Jr., R. C. Lochan, T. Wang,
 G. J. O. Beran, N. A. Besley, J. M. Herbert, C. Y. Lin,
 T. Van Voorhis, S. H. Chien, A. Sodt, R. P. Steele, 
 V. A. Rassolov, P. E. Maslen, P. P. Korambath, R. D. Adamson,
 B. Austin, J. Baker, E. F. C. Byrd, H. Dachsel, R. J. Doerksen,
 A. Dreuw, B. D. Dunietz, A. D. Dutoi, T. R. Furlani,
 S. R. Gwaltney, A. Heyden, S. Hirata, C.-P. Hsu, G. Kedziora,
 R. Z. Khaliullin, P. Klunzinger, A. M. Lee, M. S. Lee, W. Liang,
 I. Lotan, N. Nair, B. Peters, E. I. Proynov, P. A. Pieniazek, 
 Y. M. Rhee, J. Ritchie, E. Rosta, C. D. Sherrill, 
 A. C. Simmonett, J. E. Subotnik, H. L. Woodcock III,
 W. Zhang, A. T. Bell, A. K. Chakraborty, D. M. Chipman,
 F. J. Keil, A. Warshel, W. J. Hehre, H. F. Schaefer III,
 J. Kong, A. I. Krylov, P. M. W. Gill, M. Head-Gordon,
 Q-Chem, Version 3.1, Q-Chem, Inc., Pittsburgh, PA (2007).

 Additional authors for Version 3.1: 
 Z. Gan, Y. Zhao, N. E. Schultz, D. Truhlar, E. Epifanovsky and M. Oana.

 Additional authors for Version 3.2: 
 R. Baer, B. R. Brooks, D. Casanova, J.-D. Chai, C.-L. Cheng, 
 C. Cramer, D. Crittenden, A. Ghysels, G. Hawkins, E. G. Hohenstein, 
 C. Kelley, W. Kurlancheek, D. Liotard, E. Livshits, P. Manohar, 
 A. Marenich, D. Neuhauser, R. Olson, M. A. Rohrdanz, K. S. Thanthiriwatte, 
 A. J. W. Thom, V. Vanovschi, C. F. Williams, Q. Wu and Z.-Q. You. 


 Intel X86 Linux Version

 Q-chem begins on Tue Mar 18 15:44:16 2014  

 Parallel job on  1  processors
Processing $rem in /usr/local/qchem/config/preferences.

theFileMan(): MAXOPENFILES=974 MAX_SUB_FILE_NUM=16
Maximum size of a physical file is 2.0 GB, maximum size of a tmp-file is 32.0 GB


--------------------------------------------------------------
User input:
--------------------------------------------------------------

$molecule
0,1
C         -0.00010        0.00000        0.01845
Si        -0.00040        0.00000        1.87168
H          1.01354        0.00000       -0.36644
H         -0.50645       -0.87766       -0.36740
H         -0.50645        0.87766       -0.36740
H         -1.38115        0.00000        2.39343
H          0.69049       -1.19616        2.39178
H          0.69049        1.19616        2.39178
$end

$comment
neutral
$end

$xc_functional
C PBE   1.00
X wPBE  1.00
$end


$rem
SYMMETRY_DECOMPOSITION	0
LRC_DFT                 true
exchange 		general
BASIS                   g3large
omega			900
mem_static              760
max_scf_cycles          200
scf_final_print         1
sym_ignore              true
$end

--------------------------------------------------------------
 Writing REM_CC_EA            8
 ----------------------------------------------------
       Standard Nuclear Orientation (Angstroms)
    I     Atom         X            Y            Z
 ----------------------------------------------------
    1      C      -0.000100     0.000000     0.018450
    2      Si     -0.000400     0.000000     1.871680
    3      H       1.013540     0.000000    -0.366440
    4      H      -0.506450    -0.877660    -0.367400
    5      H      -0.506450     0.877660    -0.367400
    6      H      -1.381150     0.000000     2.393430
    7      H       0.690490    -1.196160     2.391780
    8      H       0.690490     1.196160     2.391780
 ----------------------------------------------------
 Nuclear Repulsion Energy =    63.3930539500 hartrees
 There are       13 alpha and       13 beta electrons
 Requested basis set is G3large
 There are 65 shells and 168 basis functions

Total QAlloc Memory Limit   2000 MB
Mega-Array Size       743 MB
MEM_STATIC part       760 MB

                       Distance Matrix (Angstroms)
             C (  1)   Si(  2)   H (  3)   H (  4)   H (  5)   H (  6)
   Si(  2)  1.853230
   H (  3)  1.084254  2.457083
   H (  4)  1.084231  2.457611  1.755180
   H (  5)  1.084231  2.457611  1.755180  1.755320
   H (  6)  2.747331  1.476040  3.653960  3.026148  3.026148
   H (  7)  2.745980  1.476019  3.023729  3.024431  3.653282  2.392173
   H (  8)  2.745980  1.476019  3.023729  3.653282  3.024431  2.392173
             H (  7)
   H (  8)  2.392320
 
 A cutoff of  1.0D-08 yielded   2044 shell pairs
 There are  13820 function pairs ( 17231 Cartesian)
Evaluating contribution to one-electron hamiltonian from nuclear
 Smallest overlap matrix eigenvalue = 1.32E-04
 Multipole matrices computed through 2nd order

  Scale SEOQF with 1.000000e-01/1.000000e-01/1.000000e-01

 Standard Electronic Orientation quadrupole field applied
 Nucleus-field energy     =    -0.0000000067 hartrees
 Guess from superposition of atomic densities
 Warning:  Energy on first SCF cycle will be non-variational
 Long-range K will be added via erf
 Coulomb attenuation parameter = 0.9 bohr**(-1)
 A restricted Kohn-Sham SCF calculation will be
 performed using Pulay DIIS extrapolation
 Exchange:  wPBE + LR-HF      Correlation:  PBE
 Using SG-1 standard quadrature grid
 SCF converges when DIIS error is below 1.0E-05
 Requested basis set is G3large
 There are 65 shells and 168 basis functions
 A cutoff of  1.0D-08 yielded   2044 shell pairs
 There are  13820 function pairs ( 17231 Cartesian)
 ---------------------------------------
  Cycle       Energy         DIIS Error
 ---------------------------------------
    1    -331.4102314982      2.89E-02
    2    -331.1409998676      2.58E-03
    3    -331.1758633317      8.57E-04
    4    -331.1793030685      3.16E-04
    5    -331.1798390957      5.20E-05
    6    -331.1798610944      1.40E-05
    7    -331.1798631966      2.84E-06 Convergence criterion met
 ---------------------------------------
 One-Electron    Energy =  -581.9651622550
 Total Coulomb   Energy =   215.9702659828
 Alpha Exchange  Energy =    -4.7638811111
 Beta  Exchange  Energy =    -4.7638811111
 DFT   Exchange  Energy =   -18.1692508098
 DFT Correlation Energy =    -0.8810078357
 Nuclear Repu.   Energy =    63.3930539434
 Nuclear Attr.   Energy =  -912.2753440552
 Kinetic         Energy =   330.3101818003
 SCF time:  CPU 61.02 s  wall 62.56 s
 Final Alpha MO Eigenvalues
            1           2           3           4           5           6
    1 -65.8831651 -10.3463847  -5.5423131  -3.8942047  -3.8941946  -3.8935405
            7           8           9          10          11          12
    1  -0.9617596  -0.7219316  -0.5917967  -0.5917625  -0.4917175  -0.4917068
           13          14          15          16          17          18
    1  -0.4855691   0.0400139   0.0630123   0.0684997   0.0685118   0.0880512
 Analysis of SCF Wavefunction
 
 --------------------------------------------------------------
                    Orbital Energies (a.u.)
 --------------------------------------------------------------
 
 Alpha MOs
 -- Occupied --
-65.883 -10.346  -5.542  -3.894  -3.894  -3.894  -0.962  -0.722
 -0.592  -0.592  -0.492  -0.492  -0.486
 -- Virtual --
  0.040   0.063   0.068   0.069   0.088   0.097   0.097   0.104
  0.104   0.160   0.160   0.160   0.167   0.194   0.198   0.198
  0.212   0.252   0.252   0.254   0.316   0.316   0.371   0.375
  0.375   0.385   0.422   0.422   0.521   0.521   0.522   0.536
  0.562   0.614   0.614   0.632   0.670   0.670   0.673   0.718
  0.718   0.792   0.816   0.827   0.827   0.885   0.885   0.941
  0.975   0.975   0.993   0.994   1.068   1.127   1.127   1.188
  1.188   1.226   1.259   1.259   1.347   1.347   1.385   1.436
  1.459   1.459   1.484   1.495   1.495   1.573   1.573   1.652
  1.652   1.661   1.727   1.727   1.759   1.809   2.320   2.363
  2.368   2.368   2.431   2.432   2.548   2.725   2.725   2.826
  3.074   3.074   3.168   3.205   3.345   3.345   3.360   3.462
  3.462   3.568   3.568   3.632   3.777   3.777   3.915   3.917
  3.923   4.047   4.048   4.155   4.183   4.183   4.311   4.311
  4.315   4.353   4.379   4.379   4.487   4.487   4.498   4.607
  4.626   4.626   4.685   4.759   4.907   4.907   5.308   5.944
  5.944   6.532  11.698  11.698  12.038  17.836  17.909  18.021
 18.095  18.147  22.450  22.464  22.471  22.472  22.479  22.479
 22.507  24.427  28.094  28.348  28.348  41.249  41.264  41.454
 41.499  41.545 141.426
 --------------------------------------------------------------
 
          Ground-State Mulliken Net Atomic Charges

     Atom                 Charge (a.u.)
  ----------------------------------------
      1 C                    -0.276061
      2 Si                    0.237170
      3 H                     0.089263
      4 H                     0.089233
      5 H                     0.089148
      6 H                    -0.076157
      7 H                    -0.076291
      8 H                    -0.076304
  ----------------------------------------
  Sum of atomic charges =     0.000000

 -----------------------------------------------------------------
                    Cartesian Multipole Moments
 -----------------------------------------------------------------
    Charge (ESU x 10^10)
                 0.0000
    Dipole Moment (Debye)
         X      -0.0013      Y       0.0000      Z      -0.7763
       Tot       0.7763
    Quadrupole Moments (Debye-Ang)
        XX     -22.5553     XY       0.0001     YY     -22.5561
        XZ      -0.0026     YZ       0.0001     ZZ     -24.7528
    Octapole Moments (Debye-Ang^2)
       XXX       1.7400    XXY      -0.0001    XYY      -1.7238
       YYY      -0.0002    XXZ     -31.2316    XYZ      -0.0001
       YYZ     -31.2350    XZZ      -0.0005    YZZ       0.0001
       ZZZ     -91.4618
    Hexadecapole Moments (Debye-Ang^3)
      XXXX     -53.5341   XXXY       0.0002   XXYY     -17.8455
      XYYY       0.0002   YYYY     -53.5409   XXXZ       1.3337
      XXYZ       0.0001   XYYZ      -1.2977   YYYZ       0.0003
      XXZZ     -79.0465   XYZZ      -0.0001   YYZZ     -79.0520
      XZZZ       0.0260   YZZZ       0.0001   ZZZZ    -398.3360
 -----------------------------------------------------------------
 Total job time:  62.76s(wall), 61.19s(cpu) 
 Tue Mar 18 15:45:19 2014

        *************************************************************
        *                                                           *
        *  Thank you very much for using Q-Chem.  Have a nice day.  *
        *                                                           *
        *************************************************************


0 sent ACK to 0 
now end server 0 ... 
 
**********************************************************************
Job 3 of 3 
**********************************************************************
 
Process 0 of 1 is on cl134 - thread support 1
initial socket setup ...start
initial socket setup ...done 
now start server 0 ... 

cmd = /usr/bin/ssh clhead /usr/local/qchem/bin/get_hostid 1714948123 > /tmp/1591960.1.medium.q/qchem7534/lic.dat

cmd = /usr/bin/ssh clhead /usr/local/qchem/bin/get_hostid 1714948123 > /tmp/1591960.1.medium.q/qchem7534/lic.dat

cmd = /usr/bin/ssh clhead /usr/local/qchem/bin/get_hostid 1714948123 > /tmp/1591960.1.medium.q/qchem7534/lic.dat

cmd = /usr/bin/ssh clhead /usr/local/qchem/bin/get_hostid 1714948123 > /tmp/1591960.1.medium.q/qchem7534/lic.dat

cmd = /usr/bin/ssh clhead /usr/local/qchem/bin/get_hostid 1714948123 > /tmp/1591960.1.medium.q/qchem7534/lic.dat
                  Welcome to Q-Chem
     A Quantum Leap Into The Future Of Chemistry

 Y. Shao, L. Fusti-Molnar, Y. Jung, J. Kussmann, C. Ochsenfeld,
 S. T. Brown, A. T. B. Gilbert, L. V. Slipchenko,S. V. Levchenko,
 D. P. O'Neill, R. A. DiStasio Jr., R. C. Lochan, T. Wang,
 G. J. O. Beran, N. A. Besley, J. M. Herbert, C. Y. Lin,
 T. Van Voorhis, S. H. Chien, A. Sodt, R. P. Steele, 
 V. A. Rassolov, P. E. Maslen, P. P. Korambath, R. D. Adamson,
 B. Austin, J. Baker, E. F. C. Byrd, H. Dachsel, R. J. Doerksen,
 A. Dreuw, B. D. Dunietz, A. D. Dutoi, T. R. Furlani,
 S. R. Gwaltney, A. Heyden, S. Hirata, C.-P. Hsu, G. Kedziora,
 R. Z. Khaliullin, P. Klunzinger, A. M. Lee, M. S. Lee, W. Liang,
 I. Lotan, N. Nair, B. Peters, E. I. Proynov, P. A. Pieniazek, 
 Y. M. Rhee, J. Ritchie, E. Rosta, C. D. Sherrill, 
 A. C. Simmonett, J. E. Subotnik, H. L. Woodcock III,
 W. Zhang, A. T. Bell, A. K. Chakraborty, D. M. Chipman,
 F. J. Keil, A. Warshel, W. J. Hehre, H. F. Schaefer III,
 J. Kong, A. I. Krylov, P. M. W. Gill, M. Head-Gordon,
 Q-Chem, Version 3.1, Q-Chem, Inc., Pittsburgh, PA (2007).

 Additional authors for Version 3.1: 
 Z. Gan, Y. Zhao, N. E. Schultz, D. Truhlar, E. Epifanovsky and M. Oana.

 Additional authors for Version 3.2: 
 R. Baer, B. R. Brooks, D. Casanova, J.-D. Chai, C.-L. Cheng, 
 C. Cramer, D. Crittenden, A. Ghysels, G. Hawkins, E. G. Hohenstein, 
 C. Kelley, W. Kurlancheek, D. Liotard, E. Livshits, P. Manohar, 
 A. Marenich, D. Neuhauser, R. Olson, M. A. Rohrdanz, K. S. Thanthiriwatte, 
 A. J. W. Thom, V. Vanovschi, C. F. Williams, Q. Wu and Z.-Q. You. 


 Intel X86 Linux Version

 Q-chem begins on Tue Mar 18 15:45:25 2014  

 Parallel job on  1  processors
Processing $rem in /usr/local/qchem/config/preferences.

theFileMan(): MAXOPENFILES=974 MAX_SUB_FILE_NUM=16
Maximum size of a physical file is 2.0 GB, maximum size of a tmp-file is 32.0 GB


--------------------------------------------------------------
User input:
--------------------------------------------------------------

$molecule
1,2
C         -0.00010        0.00000        0.01845
Si        -0.00040        0.00000        1.87168
H          1.01354        0.00000       -0.36644
H         -0.50645       -0.87766       -0.36740
H         -0.50645        0.87766       -0.36740
H         -1.38115        0.00000        2.39343
H          0.69049       -1.19616        2.39178
H          0.69049        1.19616        2.39178
$end

$comment
positive
$end

$xc_functional
C PBE   1.00
X wPBE  1.00
$end

$rem
SYMMETRY_DECOMPOSITION	0
LRC_DFT                 true
exchange 		general
BASIS                   g3large
omega			900
mem_static              760
max_scf_cycles          200
scf_final_print         1
sym_ignore              true
$end

--------------------------------------------------------------
 Writing REM_CC_EA            8
 ----------------------------------------------------
       Standard Nuclear Orientation (Angstroms)
    I     Atom         X            Y            Z
 ----------------------------------------------------
    1      C      -0.000100     0.000000     0.018450
    2      Si     -0.000400     0.000000     1.871680
    3      H       1.013540     0.000000    -0.366440
    4      H      -0.506450    -0.877660    -0.367400
    5      H      -0.506450     0.877660    -0.367400
    6      H      -1.381150     0.000000     2.393430
    7      H       0.690490    -1.196160     2.391780
    8      H       0.690490     1.196160     2.391780
 ----------------------------------------------------
 Nuclear Repulsion Energy =    63.3930539500 hartrees
 There are       13 alpha and       12 beta electrons
 Requested basis set is G3large
 There are 65 shells and 168 basis functions

Total QAlloc Memory Limit   2000 MB
Mega-Array Size       743 MB
MEM_STATIC part       760 MB

                       Distance Matrix (Angstroms)
             C (  1)   Si(  2)   H (  3)   H (  4)   H (  5)   H (  6)
   Si(  2)  1.853230
   H (  3)  1.084254  2.457083
   H (  4)  1.084231  2.457611  1.755180
   H (  5)  1.084231  2.457611  1.755180  1.755320
   H (  6)  2.747331  1.476040  3.653960  3.026148  3.026148
   H (  7)  2.745980  1.476019  3.023729  3.024431  3.653282  2.392173
   H (  8)  2.745980  1.476019  3.023729  3.653282  3.024431  2.392173
             H (  7)
   H (  8)  2.392320
 
 A cutoff of  1.0D-08 yielded   2044 shell pairs
 There are  13820 function pairs ( 17231 Cartesian)
Evaluating contribution to one-electron hamiltonian from nuclear
 Smallest overlap matrix eigenvalue = 1.32E-04
 Multipole matrices computed through 2nd order

  Scale SEOQF with 1.000000e-01/1.000000e-01/1.000000e-01

 Standard Electronic Orientation quadrupole field applied
 Nucleus-field energy     =    -0.0000000067 hartrees
 Guess from superposition of atomic densities
 Warning:  Energy on first SCF cycle will be non-variational
 Long-range K will be added via erf
 Coulomb attenuation parameter = 0.9 bohr**(-1)
 An unrestricted Kohn-Sham SCF calculation will be
 performed using Pulay DIIS extrapolation
 Exchange:  wPBE + LR-HF      Correlation:  PBE
 Using SG-1 standard quadrature grid
 SCF converges when DIIS error is below 1.0E-05
 Requested basis set is G3large
 There are 65 shells and 168 basis functions
 A cutoff of  1.0D-08 yielded   2044 shell pairs
 There are  13820 function pairs ( 17231 Cartesian)
 Warning!  Inaccurate integrated density:
   Number of electrons =    25
   Numerical integral  =    25.999988627882
   Relative error      =     3.9999545115 %
 ---------------------------------------
  Cycle       Energy         DIIS Error
 ---------------------------------------
    1    -331.4102314982      2.89E-02
    2    -330.6464339848      3.10E-03
    3    -330.7120492655      1.07E-03
    4    -330.7187592417      4.15E-04
    5    -330.7202353166      9.69E-05
    6    -330.7205889885      5.44E-05
    7    -330.7207893587      4.18E-05
    8    -330.7209645811      3.48E-05
    9    -330.7211861768      3.30E-05
   10    -330.7213983140      3.31E-05
   11    -330.7213465957      3.31E-05
   12    -330.7209474778      3.46E-05
   13    -330.7208925323      3.35E-05
   14    -330.7207979168      3.30E-05
   15    -330.7203682117      2.90E-05
   16    -330.7198740281      2.48E-05
   17    -330.7197941038      1.49E-05
   18    -330.7197669668      1.03E-05
   19    -330.7197552097      9.21E-06 Convergence criterion met
 ---------------------------------------
 One-Electron    Energy =  -575.0804028736
 Total Coulomb   Energy =   209.2011992509
 Alpha Exchange  Energy =    -4.8042457498
 Beta  Exchange  Energy =    -4.4583684514
 DFT   Exchange  Energy =   -18.1249969344
 DFT Correlation Energy =    -0.8459943947
 Nuclear Repu.   Energy =    63.3930539434
 Nuclear Attr.   Energy =  -905.1167446805
 Kinetic         Energy =   330.0363418069
 <S^2> = 0.7909
 SCF time:  CPU 194.82 s  wall 197.96 s
 Final Alpha MO Eigenvalues
            1           2           3           4           5           6
    1 -66.1794987 -10.5566461  -5.8386007  -4.1980313  -4.1874776  -4.1858815
            7           8           9          10          11          12
    1  -1.1787684  -1.0347488  -0.8884656  -0.8075142  -0.7832576  -0.7573898
           13          14          15          16          17          18
    1  -0.7141828  -0.1176771  -0.0990303  -0.0988465  -0.0936798  -0.0706418
 Final Beta MO Eigenvalues
            1           2           3           4           5           6
    1 -66.1788742 -10.5565451  -5.8379253  -4.1928684  -4.1881871  -4.1856113
            7           8           9          10          11          12
    1  -1.1710221  -0.9466446  -0.7983179  -0.7821914  -0.7209495  -0.7084524
           13          14          15          16          17
    1  -0.4245502  -0.1139222  -0.0967104  -0.0859339  -0.0747663
 Analysis of SCF Wavefunction
 
 --------------------------------------------------------------
                    Orbital Energies (a.u.)
 --------------------------------------------------------------
 
 Alpha MOs
 -- Occupied --
-66.179 -10.557  -5.839  -4.198  -4.187  -4.186  -1.179  -1.035
 -0.888  -0.808  -0.783  -0.757  -0.714
 -- Virtual --
 -0.118  -0.099  -0.099  -0.094  -0.071  -0.060  -0.054  -0.027
 -0.025  -0.024  -0.011  -0.005   0.015   0.022   0.023   0.040
  0.053   0.066   0.066   0.073   0.122   0.126   0.164   0.183
  0.191   0.209   0.231   0.237   0.291   0.319   0.324   0.329
  0.340   0.384   0.396   0.415   0.443   0.455   0.471   0.529
  0.530   0.584   0.592   0.602   0.624   0.634   0.644   0.699
  0.710   0.726   0.775   0.784   0.827   0.907   0.912   0.932
  0.963   0.986   1.061   1.064   1.073   1.104   1.165   1.214
  1.225   1.230   1.235   1.252   1.265   1.347   1.361   1.412
  1.427   1.447   1.469   1.493   1.517   1.613   2.019   2.083
  2.091   2.110   2.149   2.156   2.263   2.514   2.519   2.614
  2.710   2.786   2.966   2.994   3.056   3.115   3.127   3.254
  3.258   3.347   3.351   3.388   3.559   3.561   3.648   3.652
  3.714   3.721   3.767   3.911   3.920   3.937   3.943   3.965
  4.003   4.028   4.117   4.130   4.194   4.269   4.274   4.394
  4.401   4.415   4.470   4.480   4.590   4.643   5.103   5.740
  5.744   6.242  11.394  11.407  11.749  17.538  17.613  17.727
 17.797  17.851  22.151  22.167  22.174  22.179  22.183  22.185
 22.212  24.218  27.883  28.138  28.139  41.038  41.054  41.244
 41.288  41.335 141.131
 
 Beta MOs
 -- Occupied --
-66.179 -10.557  -5.838  -4.193  -4.188  -4.186  -1.171  -0.947
 -0.798  -0.782  -0.721  -0.708
 -- Virtual --
 -0.425  -0.114  -0.097  -0.086  -0.075  -0.065  -0.059  -0.052
 -0.023  -0.022  -0.011  -0.008  -0.001   0.015   0.025   0.030
  0.052   0.058   0.069   0.073   0.073   0.126   0.129   0.184
  0.184   0.192   0.211   0.235   0.240   0.316   0.332   0.334
  0.336   0.340   0.395   0.400   0.418   0.458   0.459   0.475
  0.531   0.532   0.585   0.600   0.605   0.626   0.645   0.648
  0.716   0.727   0.739   0.778   0.792   0.837   0.913   0.915
  0.950   0.968   0.999   1.064   1.067   1.090   1.111   1.175
  1.218   1.235   1.239   1.243   1.258   1.265   1.355   1.361
  1.428   1.434   1.446   1.479   1.496   1.517   1.614   2.032
  2.088   2.101   2.111   2.158   2.162   2.273   2.518   2.520
  2.621   2.778   2.817   2.968   2.994   3.088   3.120   3.126
  3.256   3.259   3.349   3.351   3.391   3.561   3.561   3.652
  3.655   3.714   3.751   3.779   3.947   3.948   3.952   3.992
  4.010   4.034   4.062   4.123   4.132   4.220   4.274   4.277
  4.401   4.410   4.417   4.482   4.484   4.615   4.648   5.104
  5.742   5.745   6.246  11.399  11.408  11.749  17.541  17.614
 17.728  17.799  17.853  22.152  22.168  22.175  22.179  22.184
 22.185  22.212  24.218  27.883  28.139  28.139  41.038  41.055
 41.244  41.288  41.335 141.131
 --------------------------------------------------------------
 
          Ground-State Mulliken Net Atomic Charges

     Atom                 Charge (a.u.)    Spin (a.u.)
  --------------------------------------------------------
      1 C                    -0.191899       0.008826
      2 Si                    0.417824       0.068609
      3 H                     0.139577       0.014931
      4 H                     0.139251       0.013779
      5 H                     0.132593       0.001601
      6 H                     0.160673       0.460516
      7 H                     0.044680      -0.017187
      8 H                     0.157301       0.448925
  --------------------------------------------------------
  Sum of atomic charges =     1.000000
  Sum of spin   charges =     1.000000

 -----------------------------------------------------------------
                    Cartesian Multipole Moments
 -----------------------------------------------------------------
    Charge (ESU x 10^10)
                 4.8032
    Dipole Moment (Debye)
         X      -0.6426      Y       1.0426      Z       8.1542
       Tot       8.2457
    Quadrupole Moments (Debye-Ang)
        XX     -14.9355     XY       1.5858     YY     -16.8522
        XZ      -1.7143     YZ       2.7548     ZZ      -0.3084
    Octapole Moments (Debye-Ang^2)
       XXX      -2.2335    XXY       0.7382    XYY       0.4395
       YYY       2.2145    XXZ     -15.8064    XYZ       3.5350
       YYZ     -20.0879    XZZ      -4.1251    YZZ       6.5980
       ZZZ     -29.9876
    Hexadecapole Moments (Debye-Ang^3)
      XXXX     -30.9094   XXXY       2.0874   XXYY     -11.3945
      XYYY       2.4994   YYYY     -36.4620   XXXZ      -8.8635
      XXYZ       1.8585   XYYZ       4.3081   YYYZ       5.5759
      XXZZ     -38.6582   XYZZ       8.6631   YYZZ     -49.1695
      XZZZ     -10.6308   YZZZ      16.9450   ZZZZ    -224.9545
 -----------------------------------------------------------------
 Total job time:  198.18s(wall), 194.99s(cpu) 
 Tue Mar 18 15:48:43 2014

        *************************************************************
        *                                                           *
        *  Thank you very much for using Q-Chem.  Have a nice day.  *
        *                                                           *
        *************************************************************


0 sent ACK to 0 
now end server 0 ... 
