Process 0 of 1 is on cl136 - thread support 1
initial socket setup ...start
initial socket setup ...done 
now start server 0 ... 

cmd = /usr/bin/ssh clhead /usr/local/qchem/bin/get_hostid 892018155 > /tmp/1603063.1.medium.q/qchem32178/lic.dat

cmd = /usr/bin/ssh clhead /usr/local/qchem/bin/get_hostid 892018155 > /tmp/1603063.1.medium.q/qchem32178/lic.dat

cmd = /usr/bin/ssh clhead /usr/local/qchem/bin/get_hostid 892018155 > /tmp/1603063.1.medium.q/qchem32178/lic.dat

cmd = /usr/bin/ssh clhead /usr/local/qchem/bin/get_hostid 892018155 > /tmp/1603063.1.medium.q/qchem32178/lic.dat

cmd = /usr/bin/ssh clhead /usr/local/qchem/bin/get_hostid 892018155 > /tmp/1603063.1.medium.q/qchem32178/lic.dat
                  Welcome to Q-Chem
     A Quantum Leap Into The Future Of Chemistry

 Y. Shao, L. Fusti-Molnar, Y. Jung, J. Kussmann, C. Ochsenfeld,
 S. T. Brown, A. T. B. Gilbert, L. V. Slipchenko,S. V. Levchenko,
 D. P. O'Neill, R. A. DiStasio Jr., R. C. Lochan, T. Wang,
 G. J. O. Beran, N. A. Besley, J. M. Herbert, C. Y. Lin,
 T. Van Voorhis, S. H. Chien, A. Sodt, R. P. Steele, 
 V. A. Rassolov, P. E. Maslen, P. P. Korambath, R. D. Adamson,
 B. Austin, J. Baker, E. F. C. Byrd, H. Dachsel, R. J. Doerksen,
 A. Dreuw, B. D. Dunietz, A. D. Dutoi, T. R. Furlani,
 S. R. Gwaltney, A. Heyden, S. Hirata, C.-P. Hsu, G. Kedziora,
 R. Z. Khaliullin, P. Klunzinger, A. M. Lee, M. S. Lee, W. Liang,
 I. Lotan, N. Nair, B. Peters, E. I. Proynov, P. A. Pieniazek, 
 Y. M. Rhee, J. Ritchie, E. Rosta, C. D. Sherrill, 
 A. C. Simmonett, J. E. Subotnik, H. L. Woodcock III,
 W. Zhang, A. T. Bell, A. K. Chakraborty, D. M. Chipman,
 F. J. Keil, A. Warshel, W. J. Hehre, H. F. Schaefer III,
 J. Kong, A. I. Krylov, P. M. W. Gill, M. Head-Gordon,
 Q-Chem, Version 3.1, Q-Chem, Inc., Pittsburgh, PA (2007).

 Additional authors for Version 3.1: 
 Z. Gan, Y. Zhao, N. E. Schultz, D. Truhlar, E. Epifanovsky and M. Oana.

 Additional authors for Version 3.2: 
 R. Baer, B. R. Brooks, D. Casanova, J.-D. Chai, C.-L. Cheng, 
 C. Cramer, D. Crittenden, A. Ghysels, G. Hawkins, E. G. Hohenstein, 
 C. Kelley, W. Kurlancheek, D. Liotard, E. Livshits, P. Manohar, 
 A. Marenich, D. Neuhauser, R. Olson, M. A. Rohrdanz, K. S. Thanthiriwatte, 
 A. J. W. Thom, V. Vanovschi, C. F. Williams, Q. Wu and Z.-Q. You. 


 Intel X86 Linux Version

 Q-chem begins on Tue Mar 25 23:42:46 2014  

 Parallel job on  1  processors
Processing $rem in /usr/local/qchem/config/preferences.

theFileMan(): MAXOPENFILES=974 MAX_SUB_FILE_NUM=16
Maximum size of a physical file is 2.0 GB, maximum size of a tmp-file is 32.0 GB


--------------------------------------------------------------
User input:
--------------------------------------------------------------

$molecule
-1,2
Si         0.00042        0.00000        0.00861
Si        -0.00042        0.00000        2.34162
H          1.39615        0.00000       -0.50798
H         -0.69759       -1.20904       -0.50646
H         -0.69759        1.20904       -0.50646
H         -1.39615        0.00000        2.85821
H          0.69759       -1.20904        2.85669
H          0.69759        1.20904        2.85669
$end

$comment
negative
$end

$xc_functional
C PBE   1.00
X wPBE  1.00
$end

$rem
SYMMETRY_DECOMPOSITION	0
exchange 		general
LRC_DFT                 true
BASIS                   g3large
omega			300
mem_static              760
max_scf_cycles          200
scf_final_print         1
sym_ignore              true
$end

--------------------------------------------------------------
 Writing REM_CC_EA            8
 ----------------------------------------------------
       Standard Nuclear Orientation (Angstroms)
    I     Atom         X            Y            Z
 ----------------------------------------------------
    1      Si      0.000420     0.000000     0.008610
    2      Si     -0.000420     0.000000     2.341620
    3      H       1.396150     0.000000    -0.507980
    4      H      -0.697590    -1.209040    -0.506460
    5      H      -0.697590     1.209040    -0.506460
    6      H      -1.396150     0.000000     2.858210
    7      H       0.697590    -1.209040     2.856690
    8      H       0.697590     1.209040     2.856690
 ----------------------------------------------------
 Nuclear Repulsion Energy =    90.8879884197 hartrees
 There are       18 alpha and       17 beta electrons
 Requested basis set is G3large
 There are 74 shells and 192 basis functions

Total QAlloc Memory Limit   2000 MB
Mega-Array Size       743 MB
MEM_STATIC part       760 MB

                       Distance Matrix (Angstroms)
             Si(  1)   Si(  2)   H (  3)   H (  4)   H (  5)   H (  6)
   Si(  2)  2.333010
   H (  3)  1.488263  3.173425
   H (  4)  1.488050  3.171653  2.417753
   H (  5)  1.488050  3.171653  2.417753  2.418080
   H (  6)  3.173425  1.488263  4.373577  3.642907  3.642907
   H (  7)  3.171653  1.488050  3.642907  3.641058  4.370860  2.417753
   H (  8)  3.171653  1.488050  3.642907  4.370860  3.641058  2.417753
             H (  7)
   H (  8)  2.418080
 
 A cutoff of  1.0D-08 yielded   2535 shell pairs
 There are  17276 function pairs ( 22407 Cartesian)
Evaluating contribution to one-electron hamiltonian from nuclear
 Smallest overlap matrix eigenvalue = 1.96E-04
 Multipole matrices computed through 2nd order

  Scale SEOQF with 1.000000e-01/1.000000e-01/1.000000e-01

 Standard Electronic Orientation quadrupole field applied
 Nucleus-field energy     =    -0.0000000103 hartrees
 Guess from superposition of atomic densities
 Warning:  Energy on first SCF cycle will be non-variational
 Long-range K will be added via erf
 Coulomb attenuation parameter = 0.3 bohr**(-1)
 An unrestricted Kohn-Sham SCF calculation will be
 performed using Pulay DIIS extrapolation
 Exchange:  wPBE + LR-HF      Correlation:  PBE
 Using SG-1 standard quadrature grid
 SCF converges when DIIS error is below 1.0E-05
 Requested basis set is G3large
 There are 74 shells and 192 basis functions
 A cutoff of  1.0D-08 yielded   2535 shell pairs
 There are  17276 function pairs ( 22407 Cartesian)
 Warning!  Inaccurate integrated density:
   Number of electrons =    35
   Numerical integral  =    34.000072301361
   Relative error      =    -2.8569362818 %
 ---------------------------------------
  Cycle       Energy         DIIS Error
 ---------------------------------------
    1    -582.2687333457      2.14E-02
    2    -582.2497078788      1.56E-03
    3    -582.2776563064      6.90E-04
    4    -582.2806887426      1.82E-04
    5    -582.2812577928      6.52E-05
    6    -582.2814386438      2.63E-05
    7    -582.2815004591      1.24E-05
    8    -582.2815318884      7.84E-06 Convergence criterion met
 ---------------------------------------
 One-Electron    Energy =  -993.5142760826
 Total Coulomb   Energy =   364.3064537538
 Alpha Exchange  Energy =    -2.7866363487
 Beta  Exchange  Energy =    -2.6755373388
 DFT   Exchange  Energy =   -37.2797899910
 DFT Correlation Energy =    -1.2197342904
 Nuclear Repu.   Energy =    90.8879884094
 Nuclear Attr.   Energy = -1574.8776991757
 Kinetic         Energy =   581.3634230930
 <S^2> = 0.7547
 SCF time:  CPU 121.12 s  wall 122.82 s
 Final Alpha MO Eigenvalues
            1           2           3           4           5           6
    1 -65.3669577 -65.3669516  -5.0253720  -5.0252713  -3.4322212  -3.4321889
            7           8           9          10          11          12
    1  -3.4314633  -3.4311256  -3.4307820  -3.4306126  -0.4920888  -0.4270454
           13          14          15          16          17          18
    1  -0.2793590  -0.2779410  -0.2530196  -0.2500532  -0.1984148   0.0629367
           19          20          21          22          23
    1   0.1613100   0.1637412   0.1938454   0.1961217   0.1990901
 Final Beta MO Eigenvalues
            1           2           3           4           5           6
    1 -65.3669202 -65.3669142  -5.0251802  -5.0250874  -3.4321870  -3.4321743
            7           8           9          10          11          12
    1  -3.4314078  -3.4309602  -3.4301659  -3.4301566  -0.4839890  -0.4233256
           13          14          15          16          17          18
    1  -0.2752926  -0.2642906  -0.2488348  -0.2391378  -0.1856512   0.1634090
           19          20          21          22
    1   0.1656516   0.1951980   0.1983279   0.2023283
 Analysis of SCF Wavefunction
 
 --------------------------------------------------------------
                    Orbital Energies (a.u.)
 --------------------------------------------------------------
 
 Alpha MOs
 -- Occupied --
-65.367 -65.367  -5.025  -5.025  -3.432  -3.432  -3.431  -3.431
 -3.431  -3.431  -0.492  -0.427  -0.279  -0.278  -0.253  -0.250
 -0.198   0.063
 -- Virtual --
  0.161   0.164   0.194   0.196   0.199   0.201   0.204   0.210
  0.211   0.220   0.223   0.261   0.289   0.290   0.297   0.297
  0.324   0.333   0.357   0.369   0.391   0.393   0.443   0.469
  0.485   0.486   0.489   0.490   0.535   0.537   0.539   0.541
  0.578   0.580   0.581   0.659   0.660   0.668   0.695   0.697
  0.711   0.724   0.747   0.748   0.750   0.873   0.875   0.880
  0.883   0.897   0.899   0.908   0.943   0.946   0.951   0.952
  0.988   1.080   1.080   1.093   1.093   1.151   1.152   1.154
  1.195   1.196   1.199   1.211   1.329   1.369   1.378   1.380
  1.382   1.384   1.454   1.457   1.478   1.521   1.523   1.553
  1.569   1.614   1.616   1.644   1.649   1.650   1.762   1.764
  1.765   1.767   1.856   1.958   2.288   2.352   2.354   2.371
  2.379   2.452   2.453   2.495   2.513   2.514   2.595   2.601
  2.602   2.756   3.064   3.069   3.101   3.106   3.311   3.337
  3.798   3.799   3.823   3.825   3.837   4.023   4.027   4.027
  4.030   4.273   4.301   4.306   4.308   4.314   4.326   4.331
  4.353   4.359   4.391   4.397   4.428   4.429   4.570   4.676
  4.707   4.710   4.774   4.778   6.162   6.353  11.602  11.604
 11.632  11.633  11.705  11.852  17.665  17.713  17.713  17.773
 17.787  17.924  17.926  17.965  18.007  18.033  22.330  22.337
 22.340  22.341  22.346  22.354  22.355  22.356  22.367  22.368
 22.369  22.370  22.383  22.395 141.031 141.253
 
 Beta MOs
 -- Occupied --
-65.367 -65.367  -5.025  -5.025  -3.432  -3.432  -3.431  -3.431
 -3.430  -3.430  -0.484  -0.423  -0.275  -0.264  -0.249  -0.239
 -0.186
 -- Virtual --
  0.163   0.166   0.195   0.198   0.202   0.206   0.207   0.212
  0.215   0.221   0.225   0.228   0.293   0.295   0.299   0.302
  0.307   0.339   0.342   0.361   0.373   0.396   0.397   0.449
  0.473   0.487   0.492   0.493   0.498   0.543   0.547   0.548
  0.551   0.583   0.583   0.588   0.662   0.671   0.680   0.705
  0.709   0.719   0.730   0.752   0.756   0.759   0.880   0.883
  0.886   0.888   0.904   0.907   0.915   0.945   0.950   0.953
  0.957   0.998   1.083   1.084   1.095   1.100   1.158   1.158
  1.167   1.198   1.204   1.209   1.213   1.333   1.375   1.384
  1.385   1.388   1.393   1.460   1.462   1.486   1.526   1.530
  1.559   1.576   1.617   1.625   1.650   1.652   1.661   1.767
  1.768   1.774   1.775   1.863   1.963   2.289   2.353   2.361
  2.376   2.384   2.456   2.460   2.498   2.518   2.520   2.600
  2.603   2.609   2.759   3.067   3.079   3.103   3.114   3.318
  3.343   3.799   3.801   3.825   3.827   3.838   4.025   4.029
  4.033   4.036   4.278   4.304   4.312   4.314   4.323   4.330
  4.334   4.357   4.369   4.393   4.405   4.435   4.437   4.576
  4.680   4.709   4.718   4.777   4.786   6.163   6.355  11.603
 11.605  11.633  11.635  11.706  11.852  17.665  17.713  17.713
 17.773  17.788  17.925  17.926  17.966  18.007  18.033  22.330
 22.337  22.341  22.341  22.346  22.354  22.356  22.357  22.368
 22.368  22.369  22.370  22.384  22.395 141.031 141.253
 --------------------------------------------------------------
 
          Ground-State Mulliken Net Atomic Charges

     Atom                 Charge (a.u.)    Spin (a.u.)
  --------------------------------------------------------
      1 Si                   -0.164541       0.552481
      2 Si                   -0.164480       0.552470
      3 H                    -0.113356      -0.015276
      4 H                    -0.140061      -0.013432
      5 H                    -0.082076      -0.023756
      6 H                    -0.113205      -0.015436
      7 H                    -0.082272      -0.023560
      8 H                    -0.140009      -0.013492
  --------------------------------------------------------
  Sum of atomic charges =    -1.000000
  Sum of spin   charges =     1.000000

 -----------------------------------------------------------------
                    Cartesian Multipole Moments
 -----------------------------------------------------------------
    Charge (ESU x 10^10)
                -4.8032
    Dipole Moment (Debye)
         X       0.0001      Y       0.0000      Z      -5.6441
       Tot       5.6441
    Quadrupole Moments (Debye-Ang)
        XX     -43.9648     XY       2.3162     YY     -43.8954
        XZ       0.1242     YZ       2.3498     ZZ     -57.8176
    Octapole Moments (Debye-Ang^2)
       XXX       0.0008    XXY      -0.0003    XYY       0.0002
       YYY      -0.0002    XXZ     -51.6593    XYZ       2.7249
       YYZ     -51.5844    XZZ       0.2889    YZZ       5.5249
       ZZZ    -188.2379
    Hexadecapole Moments (Debye-Ang^3)
      XXXX    -178.7319   XXXY       0.9191   XXYY     -59.4707
      XYYY      18.9115   YYYY    -177.2843   XXXZ      11.0337
      XXYZ       5.1697   XYYZ      -9.5419   YYYZ      15.4225
      XXZZ    -196.8515   XYZZ       9.5030   YYZZ    -195.3600
      XZZZ       1.8967   YZZZ      44.3921   ZZZZ    -961.5841
 -----------------------------------------------------------------
 Total job time:  123.09s(wall), 121.34s(cpu) 
 Tue Mar 25 23:44:49 2014

        *************************************************************
        *                                                           *
        *  Thank you very much for using Q-Chem.  Have a nice day.  *
        *                                                           *
        *************************************************************


0 sent ACK to 0 
now end server 0 ... 
 
**********************************************************************
Job 2 of 3 
**********************************************************************
 
Process 0 of 1 is on cl136 - thread support 1
initial socket setup ...start
initial socket setup ...done 
now start server 0 ... 

cmd = /usr/bin/ssh clhead /usr/local/qchem/bin/get_hostid 1233927420 > /tmp/1603063.1.medium.q/qchem32178/lic.dat

cmd = /usr/bin/ssh clhead /usr/local/qchem/bin/get_hostid 1233927420 > /tmp/1603063.1.medium.q/qchem32178/lic.dat

cmd = /usr/bin/ssh clhead /usr/local/qchem/bin/get_hostid 1233927420 > /tmp/1603063.1.medium.q/qchem32178/lic.dat

cmd = /usr/bin/ssh clhead /usr/local/qchem/bin/get_hostid 1233927420 > /tmp/1603063.1.medium.q/qchem32178/lic.dat

cmd = /usr/bin/ssh clhead /usr/local/qchem/bin/get_hostid 1233927420 > /tmp/1603063.1.medium.q/qchem32178/lic.dat
                  Welcome to Q-Chem
     A Quantum Leap Into The Future Of Chemistry

 Y. Shao, L. Fusti-Molnar, Y. Jung, J. Kussmann, C. Ochsenfeld,
 S. T. Brown, A. T. B. Gilbert, L. V. Slipchenko,S. V. Levchenko,
 D. P. O'Neill, R. A. DiStasio Jr., R. C. Lochan, T. Wang,
 G. J. O. Beran, N. A. Besley, J. M. Herbert, C. Y. Lin,
 T. Van Voorhis, S. H. Chien, A. Sodt, R. P. Steele, 
 V. A. Rassolov, P. E. Maslen, P. P. Korambath, R. D. Adamson,
 B. Austin, J. Baker, E. F. C. Byrd, H. Dachsel, R. J. Doerksen,
 A. Dreuw, B. D. Dunietz, A. D. Dutoi, T. R. Furlani,
 S. R. Gwaltney, A. Heyden, S. Hirata, C.-P. Hsu, G. Kedziora,
 R. Z. Khaliullin, P. Klunzinger, A. M. Lee, M. S. Lee, W. Liang,
 I. Lotan, N. Nair, B. Peters, E. I. Proynov, P. A. Pieniazek, 
 Y. M. Rhee, J. Ritchie, E. Rosta, C. D. Sherrill, 
 A. C. Simmonett, J. E. Subotnik, H. L. Woodcock III,
 W. Zhang, A. T. Bell, A. K. Chakraborty, D. M. Chipman,
 F. J. Keil, A. Warshel, W. J. Hehre, H. F. Schaefer III,
 J. Kong, A. I. Krylov, P. M. W. Gill, M. Head-Gordon,
 Q-Chem, Version 3.1, Q-Chem, Inc., Pittsburgh, PA (2007).

 Additional authors for Version 3.1: 
 Z. Gan, Y. Zhao, N. E. Schultz, D. Truhlar, E. Epifanovsky and M. Oana.

 Additional authors for Version 3.2: 
 R. Baer, B. R. Brooks, D. Casanova, J.-D. Chai, C.-L. Cheng, 
 C. Cramer, D. Crittenden, A. Ghysels, G. Hawkins, E. G. Hohenstein, 
 C. Kelley, W. Kurlancheek, D. Liotard, E. Livshits, P. Manohar, 
 A. Marenich, D. Neuhauser, R. Olson, M. A. Rohrdanz, K. S. Thanthiriwatte, 
 A. J. W. Thom, V. Vanovschi, C. F. Williams, Q. Wu and Z.-Q. You. 


 Intel X86 Linux Version

 Q-chem begins on Tue Mar 25 23:44:53 2014  

 Parallel job on  1  processors
Processing $rem in /usr/local/qchem/config/preferences.

theFileMan(): MAXOPENFILES=974 MAX_SUB_FILE_NUM=16
Maximum size of a physical file is 2.0 GB, maximum size of a tmp-file is 32.0 GB


--------------------------------------------------------------
User input:
--------------------------------------------------------------

$molecule
0,1
Si         0.00042        0.00000        0.00861
Si        -0.00042        0.00000        2.34162
H          1.39615        0.00000       -0.50798
H         -0.69759       -1.20904       -0.50646
H         -0.69759        1.20904       -0.50646
H         -1.39615        0.00000        2.85821
H          0.69759       -1.20904        2.85669
H          0.69759        1.20904        2.85669
$end

$comment
neutral
$end

$xc_functional
C PBE   1.00
X wPBE  1.00
$end


$rem
SYMMETRY_DECOMPOSITION	0
LRC_DFT                 true
exchange 		general
BASIS                   g3large
omega			300
mem_static              760
max_scf_cycles          200
scf_final_print         1
sym_ignore              true
$end

--------------------------------------------------------------
 Writing REM_CC_EA            8
 ----------------------------------------------------
       Standard Nuclear Orientation (Angstroms)
    I     Atom         X            Y            Z
 ----------------------------------------------------
    1      Si      0.000420     0.000000     0.008610
    2      Si     -0.000420     0.000000     2.341620
    3      H       1.396150     0.000000    -0.507980
    4      H      -0.697590    -1.209040    -0.506460
    5      H      -0.697590     1.209040    -0.506460
    6      H      -1.396150     0.000000     2.858210
    7      H       0.697590    -1.209040     2.856690
    8      H       0.697590     1.209040     2.856690
 ----------------------------------------------------
 Nuclear Repulsion Energy =    90.8879884197 hartrees
 There are       17 alpha and       17 beta electrons
 Requested basis set is G3large
 There are 74 shells and 192 basis functions

Total QAlloc Memory Limit   2000 MB
Mega-Array Size       743 MB
MEM_STATIC part       760 MB

                       Distance Matrix (Angstroms)
             Si(  1)   Si(  2)   H (  3)   H (  4)   H (  5)   H (  6)
   Si(  2)  2.333010
   H (  3)  1.488263  3.173425
   H (  4)  1.488050  3.171653  2.417753
   H (  5)  1.488050  3.171653  2.417753  2.418080
   H (  6)  3.173425  1.488263  4.373577  3.642907  3.642907
   H (  7)  3.171653  1.488050  3.642907  3.641058  4.370860  2.417753
   H (  8)  3.171653  1.488050  3.642907  4.370860  3.641058  2.417753
             H (  7)
   H (  8)  2.418080
 
 A cutoff of  1.0D-08 yielded   2535 shell pairs
 There are  17276 function pairs ( 22407 Cartesian)
Evaluating contribution to one-electron hamiltonian from nuclear
 Smallest overlap matrix eigenvalue = 1.96E-04
 Multipole matrices computed through 2nd order

  Scale SEOQF with 1.000000e-01/1.000000e-01/1.000000e-01

 Standard Electronic Orientation quadrupole field applied
 Nucleus-field energy     =    -0.0000000103 hartrees
 Guess from superposition of atomic densities
 Warning:  Energy on first SCF cycle will be non-variational
 Long-range K will be added via erf
 Coulomb attenuation parameter = 0.3 bohr**(-1)
 A restricted Kohn-Sham SCF calculation will be
 performed using Pulay DIIS extrapolation
 Exchange:  wPBE + LR-HF      Correlation:  PBE
 Using SG-1 standard quadrature grid
 SCF converges when DIIS error is below 1.0E-05
 Requested basis set is G3large
 There are 74 shells and 192 basis functions
 A cutoff of  1.0D-08 yielded   2535 shell pairs
 There are  17276 function pairs ( 22407 Cartesian)
 ---------------------------------------
  Cycle       Energy         DIIS Error
 ---------------------------------------
    1    -582.2687333457      2.14E-02
    2    -582.3273193873      1.50E-03
    3    -582.3476105216      4.00E-04
    4    -582.3487752855      1.33E-04
    5    -582.3489182838      4.38E-05
    6    -582.3489335511      7.84E-06 Convergence criterion met
 ---------------------------------------
 One-Electron    Energy =  -987.1148678166
 Total Coulomb   Energy =   357.6589738719
 Alpha Exchange  Energy =    -2.6807162294
 Beta  Exchange  Energy =    -2.6807162294
 DFT   Exchange  Energy =   -37.2234849894
 DFT Correlation Energy =    -1.1961105676
 Nuclear Repu.   Energy =    90.8879884094
 Nuclear Attr.   Energy = -1568.3771335436
 Kinetic         Energy =   581.2622657270
 SCF time:  CPU 73.87 s  wall 75.17 s
 Final Alpha MO Eigenvalues
            1           2           3           4           5           6
    1 -65.5573660 -65.5573616  -5.2187913  -5.2186945  -3.6249227  -3.6246029
            7           8           9          10          11          12
    1  -3.6245883  -3.6245407  -3.6245270  -3.6243415  -0.6833115  -0.6136085
           13          14          15          16          17          18
    1  -0.4614731  -0.4614070  -0.4324456  -0.4324282  -0.3878825   0.0409158
           19          20          21          22
    1   0.0475428   0.0724825   0.0726412   0.0748232
 Analysis of SCF Wavefunction
 
 --------------------------------------------------------------
                    Orbital Energies (a.u.)
 --------------------------------------------------------------
 
 Alpha MOs
 -- Occupied --
-65.557 -65.557  -5.219  -5.219  -3.625  -3.625  -3.625  -3.625
 -3.625  -3.624  -0.683  -0.614  -0.461  -0.461  -0.432  -0.432
 -0.388
 -- Virtual --
  0.041   0.048   0.072   0.073   0.075   0.075   0.076   0.076
  0.080   0.097   0.097   0.101   0.137   0.148   0.148   0.156
  0.169   0.177   0.177   0.215   0.217   0.223   0.223   0.293
  0.321   0.329   0.329   0.335   0.336   0.376   0.376   0.389
  0.389   0.426   0.433   0.434   0.488   0.501   0.505   0.532
  0.532   0.545   0.556   0.577   0.580   0.581   0.705   0.705
  0.706   0.718   0.728   0.728   0.737   0.775   0.775   0.778
  0.778   0.822   0.901   0.901   0.920   0.920   0.974   0.974
  0.981   1.022   1.022   1.027   1.027   1.158   1.197   1.205
  1.206   1.206   1.206   1.282   1.282   1.307   1.347   1.347
  1.380   1.397   1.433   1.433   1.466   1.466   1.468   1.588
  1.588   1.590   1.591   1.665   1.777   2.094   2.160   2.160
  2.178   2.186   2.261   2.262   2.303   2.323   2.323   2.407
  2.408   2.408   2.565   2.884   2.884   2.921   2.921   3.128
  3.154   3.604   3.605   3.629   3.631   3.645   3.837   3.839
  3.841   3.843   4.089   4.120   4.120   4.128   4.128   4.140
  4.143   4.171   4.172   4.210   4.210   4.245   4.245   4.386
  4.489   4.521   4.521   4.588   4.588   5.969   6.161  11.411
 11.411  11.441  11.441  11.513  11.660  17.472  17.519  17.520
 17.580  17.594  17.731  17.732  17.772  17.814  17.840  22.136
 22.143  22.147  22.147  22.153  22.160  22.162  22.163  22.174
 22.175  22.175  22.176  22.190  22.201 140.840 141.062
 --------------------------------------------------------------
 
          Ground-State Mulliken Net Atomic Charges

     Atom                 Charge (a.u.)
  ----------------------------------------
      1 Si                    0.230454
      2 Si                    0.230453
      3 H                    -0.076757
      4 H                    -0.076925
      5 H                    -0.076769
      6 H                    -0.076758
      7 H                    -0.076768
      8 H                    -0.076930
  ----------------------------------------
  Sum of atomic charges =     0.000000

 -----------------------------------------------------------------
                    Cartesian Multipole Moments
 -----------------------------------------------------------------
    Charge (ESU x 10^10)
                 0.0000
    Dipole Moment (Debye)
         X       0.0000      Y       0.0000      Z       0.0000
       Tot       0.0000
    Quadrupole Moments (Debye-Ang)
        XX     -31.0901     XY      -0.0003     YY     -31.0924
        XZ      -0.0038     YZ      -0.0006     ZZ     -31.8905
    Octapole Moments (Debye-Ang^2)
       XXX       0.0000    XXY       0.0000    XYY       0.0000
       YYY       0.0000    XXZ     -36.5344    XYZ      -0.0004
       YYZ     -36.5372    XZZ      -0.0088    YZZ      -0.0013
       ZZZ    -112.4252
    Hexadecapole Moments (Debye-Ang^3)
      XXXX     -82.9331   XXXY      -0.0019   XXYY     -27.6459
      XYYY      -0.0028   YYYY     -82.9488   XXXZ       1.0562
      XXYZ      -0.0015   XYYZ      -0.9898   YYYZ      -0.0043
      XXZZ    -118.5775   XYZZ      -0.0065   YYZZ    -118.5960
      XZZZ       0.0290   YZZZ      -0.0062   ZZZZ    -616.7435
 -----------------------------------------------------------------
 Total job time:  75.44s(wall), 74.09s(cpu) 
 Tue Mar 25 23:46:08 2014

        *************************************************************
        *                                                           *
        *  Thank you very much for using Q-Chem.  Have a nice day.  *
        *                                                           *
        *************************************************************


0 sent ACK to 0 
now end server 0 ... 
 
**********************************************************************
Job 3 of 3 
**********************************************************************
 
Process 0 of 1 is on cl136 - thread support 1
initial socket setup ...start
initial socket setup ...done 
now start server 0 ... 

cmd = /usr/bin/ssh clhead /usr/local/qchem/bin/get_hostid 531173566 > /tmp/1603063.1.medium.q/qchem32178/lic.dat

cmd = /usr/bin/ssh clhead /usr/local/qchem/bin/get_hostid 531173566 > /tmp/1603063.1.medium.q/qchem32178/lic.dat

cmd = /usr/bin/ssh clhead /usr/local/qchem/bin/get_hostid 531173566 > /tmp/1603063.1.medium.q/qchem32178/lic.dat

cmd = /usr/bin/ssh clhead /usr/local/qchem/bin/get_hostid 531173566 > /tmp/1603063.1.medium.q/qchem32178/lic.dat

cmd = /usr/bin/ssh clhead /usr/local/qchem/bin/get_hostid 531173566 > /tmp/1603063.1.medium.q/qchem32178/lic.dat
                  Welcome to Q-Chem
     A Quantum Leap Into The Future Of Chemistry

 Y. Shao, L. Fusti-Molnar, Y. Jung, J. Kussmann, C. Ochsenfeld,
 S. T. Brown, A. T. B. Gilbert, L. V. Slipchenko,S. V. Levchenko,
 D. P. O'Neill, R. A. DiStasio Jr., R. C. Lochan, T. Wang,
 G. J. O. Beran, N. A. Besley, J. M. Herbert, C. Y. Lin,
 T. Van Voorhis, S. H. Chien, A. Sodt, R. P. Steele, 
 V. A. Rassolov, P. E. Maslen, P. P. Korambath, R. D. Adamson,
 B. Austin, J. Baker, E. F. C. Byrd, H. Dachsel, R. J. Doerksen,
 A. Dreuw, B. D. Dunietz, A. D. Dutoi, T. R. Furlani,
 S. R. Gwaltney, A. Heyden, S. Hirata, C.-P. Hsu, G. Kedziora,
 R. Z. Khaliullin, P. Klunzinger, A. M. Lee, M. S. Lee, W. Liang,
 I. Lotan, N. Nair, B. Peters, E. I. Proynov, P. A. Pieniazek, 
 Y. M. Rhee, J. Ritchie, E. Rosta, C. D. Sherrill, 
 A. C. Simmonett, J. E. Subotnik, H. L. Woodcock III,
 W. Zhang, A. T. Bell, A. K. Chakraborty, D. M. Chipman,
 F. J. Keil, A. Warshel, W. J. Hehre, H. F. Schaefer III,
 J. Kong, A. I. Krylov, P. M. W. Gill, M. Head-Gordon,
 Q-Chem, Version 3.1, Q-Chem, Inc., Pittsburgh, PA (2007).

 Additional authors for Version 3.1: 
 Z. Gan, Y. Zhao, N. E. Schultz, D. Truhlar, E. Epifanovsky and M. Oana.

 Additional authors for Version 3.2: 
 R. Baer, B. R. Brooks, D. Casanova, J.-D. Chai, C.-L. Cheng, 
 C. Cramer, D. Crittenden, A. Ghysels, G. Hawkins, E. G. Hohenstein, 
 C. Kelley, W. Kurlancheek, D. Liotard, E. Livshits, P. Manohar, 
 A. Marenich, D. Neuhauser, R. Olson, M. A. Rohrdanz, K. S. Thanthiriwatte, 
 A. J. W. Thom, V. Vanovschi, C. F. Williams, Q. Wu and Z.-Q. You. 


 Intel X86 Linux Version

 Q-chem begins on Tue Mar 25 23:46:13 2014  

 Parallel job on  1  processors
Processing $rem in /usr/local/qchem/config/preferences.

theFileMan(): MAXOPENFILES=974 MAX_SUB_FILE_NUM=16
Maximum size of a physical file is 2.0 GB, maximum size of a tmp-file is 32.0 GB


--------------------------------------------------------------
User input:
--------------------------------------------------------------

$molecule
1,2
Si         0.00042        0.00000        0.00861
Si        -0.00042        0.00000        2.34162
H          1.39615        0.00000       -0.50798
H         -0.69759       -1.20904       -0.50646
H         -0.69759        1.20904       -0.50646
H         -1.39615        0.00000        2.85821
H          0.69759       -1.20904        2.85669
H          0.69759        1.20904        2.85669
$end

$comment
positive
$end

$xc_functional
C PBE   1.00
X wPBE  1.00
$end

$rem
SYMMETRY_DECOMPOSITION	0
LRC_DFT                 true
exchange 		general
BASIS                   g3large
omega			300
mem_static              760
max_scf_cycles          200
scf_final_print         1
sym_ignore              true
$end

--------------------------------------------------------------
 Writing REM_CC_EA            8
 ----------------------------------------------------
       Standard Nuclear Orientation (Angstroms)
    I     Atom         X            Y            Z
 ----------------------------------------------------
    1      Si      0.000420     0.000000     0.008610
    2      Si     -0.000420     0.000000     2.341620
    3      H       1.396150     0.000000    -0.507980
    4      H      -0.697590    -1.209040    -0.506460
    5      H      -0.697590     1.209040    -0.506460
    6      H      -1.396150     0.000000     2.858210
    7      H       0.697590    -1.209040     2.856690
    8      H       0.697590     1.209040     2.856690
 ----------------------------------------------------
 Nuclear Repulsion Energy =    90.8879884197 hartrees
 There are       17 alpha and       16 beta electrons
 Requested basis set is G3large
 There are 74 shells and 192 basis functions

Total QAlloc Memory Limit   2000 MB
Mega-Array Size       743 MB
MEM_STATIC part       760 MB

                       Distance Matrix (Angstroms)
             Si(  1)   Si(  2)   H (  3)   H (  4)   H (  5)   H (  6)
   Si(  2)  2.333010
   H (  3)  1.488263  3.173425
   H (  4)  1.488050  3.171653  2.417753
   H (  5)  1.488050  3.171653  2.417753  2.418080
   H (  6)  3.173425  1.488263  4.373577  3.642907  3.642907
   H (  7)  3.171653  1.488050  3.642907  3.641058  4.370860  2.417753
   H (  8)  3.171653  1.488050  3.642907  4.370860  3.641058  2.417753
             H (  7)
   H (  8)  2.418080
 
 A cutoff of  1.0D-08 yielded   2535 shell pairs
 There are  17276 function pairs ( 22407 Cartesian)
Evaluating contribution to one-electron hamiltonian from nuclear
 Smallest overlap matrix eigenvalue = 1.96E-04
 Multipole matrices computed through 2nd order

  Scale SEOQF with 1.000000e-01/1.000000e-01/1.000000e-01

 Standard Electronic Orientation quadrupole field applied
 Nucleus-field energy     =    -0.0000000103 hartrees
 Guess from superposition of atomic densities
 Warning:  Energy on first SCF cycle will be non-variational
 Long-range K will be added via erf
 Coulomb attenuation parameter = 0.3 bohr**(-1)
 An unrestricted Kohn-Sham SCF calculation will be
 performed using Pulay DIIS extrapolation
 Exchange:  wPBE + LR-HF      Correlation:  PBE
 Using SG-1 standard quadrature grid
 SCF converges when DIIS error is below 1.0E-05
 Requested basis set is G3large
 There are 74 shells and 192 basis functions
 A cutoff of  1.0D-08 yielded   2535 shell pairs
 There are  17276 function pairs ( 22407 Cartesian)
 Warning!  Inaccurate integrated density:
   Number of electrons =    33
   Numerical integral  =    34.000072301361
   Relative error      =     3.0305221253 %
 ---------------------------------------
  Cycle       Energy         DIIS Error
 ---------------------------------------
    1    -582.2687333457      2.14E-02
    2    -581.8918487837      2.65E-03
    3    -581.9495947726      1.44E-03
    4    -581.9591549414      2.56E-04
    5    -581.9596274981      5.91E-05
    6    -581.9597292419      1.68E-05
    7    -581.9597527056      8.71E-06 Convergence criterion met
 ---------------------------------------
 One-Electron    Energy =  -978.6110808625
 Total Coulomb   Energy =   349.2499872594
 Alpha Exchange  Energy =    -2.6885661198
 Beta  Exchange  Energy =    -2.5354574537
 DFT   Exchange  Energy =   -37.1031036580
 DFT Correlation Energy =    -1.1595202804
 Nuclear Repu.   Energy =    90.8879884094
 Nuclear Attr.   Energy = -1559.6687012281
 Kinetic         Energy =   581.0576203656
 <S^2> = 0.7543
 SCF time:  CPU 105.48 s  wall 107.11 s
 Final Alpha MO Eigenvalues
            1           2           3           4           5           6
    1 -65.8190109 -65.8190063  -5.4795977  -5.4794895  -3.8924855  -3.8918512
            7           8           9          10          11          12
    1  -3.8825140  -3.8825052  -3.8824546  -3.8824460  -0.9449770  -0.8473115
           13          14          15          16          17          18
    1  -0.6907685  -0.6899376  -0.6655152  -0.6569690  -0.6558557  -0.1515564
           19          20          21          22
    1  -0.1513704  -0.1276724  -0.1157528  -0.0909942
 Final Beta MO Eigenvalues
            1           2           3           4           5           6
    1 -65.8175085 -65.8175044  -5.4779132  -5.4778153  -3.8870318  -3.8864083
            7           8           9          10          11          12
    1  -3.8818928  -3.8818591  -3.8818376  -3.8818041  -0.9089051  -0.8246773
           13          14          15          16          17          18
    1  -0.6823566  -0.6820708  -0.6483768  -0.6482048  -0.3882209  -0.1307814
           19          20          21
    1  -0.1304209  -0.1091364  -0.1074296
 Analysis of SCF Wavefunction
 
 --------------------------------------------------------------
                    Orbital Energies (a.u.)
 --------------------------------------------------------------
 
 Alpha MOs
 -- Occupied --
-65.819 -65.819  -5.480  -5.479  -3.892  -3.892  -3.883  -3.883
 -3.882  -3.882  -0.945  -0.847  -0.691  -0.690  -0.666  -0.657
 -0.656
 -- Virtual --
 -0.152  -0.151  -0.128  -0.116  -0.091  -0.091  -0.064  -0.062
 -0.058  -0.058  -0.028  -0.028  -0.016   0.006   0.006   0.006
  0.015   0.015   0.033   0.034   0.034   0.057   0.057   0.105
  0.142   0.142   0.153   0.153   0.154   0.192   0.192   0.215
  0.215   0.248   0.267   0.267   0.288   0.309   0.315   0.338
  0.338   0.354   0.360   0.374   0.374   0.379   0.494   0.498
  0.498   0.510   0.524   0.524   0.540   0.564   0.564   0.583
  0.584   0.625   0.681   0.682   0.714   0.714   0.754   0.754
  0.775   0.780   0.812   0.813   0.821   0.953   0.984   0.991
  0.991   1.004   1.004   1.080   1.080   1.108   1.137   1.137
  1.171   1.192   1.209   1.209   1.239   1.239   1.253   1.373
  1.374   1.376   1.377   1.406   1.546   1.833   1.898   1.898
  1.940   1.948   2.011   2.012   2.059   2.074   2.074   2.147
  2.147   2.173   2.306   2.660   2.661   2.699   2.700   2.906
  2.931   3.347   3.348   3.373   3.374   3.382   3.600   3.601
  3.603   3.605   3.866   3.882   3.897   3.899   3.906   3.908
  3.919   3.947   3.948   3.987   3.988   4.021   4.023   4.159
  4.253   4.286   4.286   4.351   4.351   5.712   5.909  11.155
 11.155  11.185  11.185  11.245  11.394  17.206  17.261  17.261
 17.319  17.334  17.466  17.471  17.512  17.555  17.581  21.873
 21.882  21.884  21.891  21.895  21.898  21.900  21.903  21.914
 21.914  21.915  21.915  21.933  21.941 140.579 140.801
 
 Beta MOs
 -- Occupied --
-65.818 -65.818  -5.478  -5.478  -3.887  -3.886  -3.882  -3.882
 -3.882  -3.882  -0.909  -0.825  -0.682  -0.682  -0.648  -0.648
 -- Virtual --
 -0.388  -0.131  -0.130  -0.109  -0.107  -0.089  -0.089  -0.058
 -0.057  -0.055  -0.055  -0.028  -0.028  -0.009   0.010   0.013
  0.013   0.016   0.016   0.035   0.037   0.037   0.060   0.060
  0.122   0.148   0.148   0.156   0.156   0.161   0.195   0.195
  0.218   0.218   0.255   0.271   0.271   0.288   0.318   0.325
  0.343   0.343   0.357   0.366   0.380   0.386   0.386   0.504
  0.507   0.507   0.521   0.529   0.529   0.546   0.571   0.571
  0.588   0.589   0.631   0.687   0.687   0.717   0.717   0.761
  0.761   0.782   0.804   0.819   0.819   0.826   0.960   0.996
  1.000   1.000   1.007   1.007   1.084   1.084   1.112   1.143
  1.144   1.179   1.199   1.213   1.213   1.243   1.243   1.262
  1.380   1.380   1.382   1.382   1.431   1.557   1.859   1.927
  1.927   1.939   1.947   2.027   2.027   2.065   2.087   2.088
  2.172   2.172   2.176   2.331   2.668   2.669   2.707   2.707
  2.913   2.938   3.352   3.353   3.377   3.379   3.394   3.604
  3.606   3.607   3.609   3.873   3.898   3.905   3.906   3.914
  3.915   3.928   3.955   3.956   3.995   3.995   4.030   4.030
  4.167   4.262   4.294   4.294   4.359   4.360   5.718   5.914
 11.156  11.156  11.186  11.186  11.256  11.405  17.212  17.262
 17.262  17.321  17.336  17.472  17.473  17.514  17.557  17.583
 21.875  21.884  21.886  21.891  21.895  21.900  21.902  21.904
 21.915  21.915  21.916  21.917  21.934  21.943 140.581 140.803
 --------------------------------------------------------------
 
          Ground-State Mulliken Net Atomic Charges

     Atom                 Charge (a.u.)    Spin (a.u.)
  --------------------------------------------------------
      1 Si                    0.404648       0.378286
      2 Si                    0.404632       0.378285
      3 H                     0.031195       0.035812
      4 H                     0.032168       0.043542
      5 H                     0.031993       0.042362
      6 H                     0.031197       0.035816
      7 H                     0.031996       0.042360
      8 H                     0.032171       0.043537
  --------------------------------------------------------
  Sum of atomic charges =     1.000000
  Sum of spin   charges =     1.000000

 -----------------------------------------------------------------
                    Cartesian Multipole Moments
 -----------------------------------------------------------------
    Charge (ESU x 10^10)
                 4.8032
    Dipole Moment (Debye)
         X       0.0000      Y       0.0000      Z       5.6443
       Tot       5.6443
    Quadrupole Moments (Debye-Ang)
        XX     -25.2221     XY       0.0036     YY     -25.1770
        XZ       0.0721     YZ       0.0121     ZZ      -8.2533
    Octapole Moments (Debye-Ang^2)
       XXX       0.0000    XXY       0.0000    XYY       0.0000
       YYY       0.0000    XXZ     -29.6388    XYZ       0.0042
       YYZ     -29.5858    XZZ       0.1694    YZZ       0.0285
       ZZZ     -44.6844
    Hexadecapole Moments (Debye-Ang^3)
      XXXX     -62.2092   XXXY       0.0062   XXYY     -20.7078
      XYYY       0.0072   YYYY     -62.0536   XXXZ      -3.3915
      XXYZ       0.0080   XYYZ       3.6423   YYYZ       0.0239
      XXZZ     -87.6347   XYZZ       0.0187   YYZZ     -87.4202
      XZZZ       0.7044   YZZZ       0.1099   ZZZZ    -361.1110
 -----------------------------------------------------------------
 Total job time:  107.37s(wall), 105.70s(cpu) 
 Tue Mar 25 23:48:01 2014

        *************************************************************
        *                                                           *
        *  Thank you very much for using Q-Chem.  Have a nice day.  *
        *                                                           *
        *************************************************************


0 sent ACK to 0 
now end server 0 ... 
