Process 0 of 1 is on cl135 - thread support 1
initial socket setup ...start
initial socket setup ...done 
now start server 0 ... 

cmd = /usr/bin/ssh clhead /usr/local/qchem/bin/get_hostid 1681942979 > /tmp/1603094.1.medium.q/qchem31772/lic.dat

cmd = /usr/bin/ssh clhead /usr/local/qchem/bin/get_hostid 1681942979 > /tmp/1603094.1.medium.q/qchem31772/lic.dat

cmd = /usr/bin/ssh clhead /usr/local/qchem/bin/get_hostid 1681942979 > /tmp/1603094.1.medium.q/qchem31772/lic.dat

cmd = /usr/bin/ssh clhead /usr/local/qchem/bin/get_hostid 1681942979 > /tmp/1603094.1.medium.q/qchem31772/lic.dat

cmd = /usr/bin/ssh clhead /usr/local/qchem/bin/get_hostid 1681942979 > /tmp/1603094.1.medium.q/qchem31772/lic.dat
                  Welcome to Q-Chem
     A Quantum Leap Into The Future Of Chemistry

 Y. Shao, L. Fusti-Molnar, Y. Jung, J. Kussmann, C. Ochsenfeld,
 S. T. Brown, A. T. B. Gilbert, L. V. Slipchenko,S. V. Levchenko,
 D. P. O'Neill, R. A. DiStasio Jr., R. C. Lochan, T. Wang,
 G. J. O. Beran, N. A. Besley, J. M. Herbert, C. Y. Lin,
 T. Van Voorhis, S. H. Chien, A. Sodt, R. P. Steele, 
 V. A. Rassolov, P. E. Maslen, P. P. Korambath, R. D. Adamson,
 B. Austin, J. Baker, E. F. C. Byrd, H. Dachsel, R. J. Doerksen,
 A. Dreuw, B. D. Dunietz, A. D. Dutoi, T. R. Furlani,
 S. R. Gwaltney, A. Heyden, S. Hirata, C.-P. Hsu, G. Kedziora,
 R. Z. Khaliullin, P. Klunzinger, A. M. Lee, M. S. Lee, W. Liang,
 I. Lotan, N. Nair, B. Peters, E. I. Proynov, P. A. Pieniazek, 
 Y. M. Rhee, J. Ritchie, E. Rosta, C. D. Sherrill, 
 A. C. Simmonett, J. E. Subotnik, H. L. Woodcock III,
 W. Zhang, A. T. Bell, A. K. Chakraborty, D. M. Chipman,
 F. J. Keil, A. Warshel, W. J. Hehre, H. F. Schaefer III,
 J. Kong, A. I. Krylov, P. M. W. Gill, M. Head-Gordon,
 Q-Chem, Version 3.1, Q-Chem, Inc., Pittsburgh, PA (2007).

 Additional authors for Version 3.1: 
 Z. Gan, Y. Zhao, N. E. Schultz, D. Truhlar, E. Epifanovsky and M. Oana.

 Additional authors for Version 3.2: 
 R. Baer, B. R. Brooks, D. Casanova, J.-D. Chai, C.-L. Cheng, 
 C. Cramer, D. Crittenden, A. Ghysels, G. Hawkins, E. G. Hohenstein, 
 C. Kelley, W. Kurlancheek, D. Liotard, E. Livshits, P. Manohar, 
 A. Marenich, D. Neuhauser, R. Olson, M. A. Rohrdanz, K. S. Thanthiriwatte, 
 A. J. W. Thom, V. Vanovschi, C. F. Williams, Q. Wu and Z.-Q. You. 


 Intel X86 Linux Version

 Q-chem begins on Wed Mar 26 01:31:40 2014  

 Parallel job on  1  processors
Processing $rem in /usr/local/qchem/config/preferences.

theFileMan(): MAXOPENFILES=974 MAX_SUB_FILE_NUM=16
Maximum size of a physical file is 2.0 GB, maximum size of a tmp-file is 32.0 GB


--------------------------------------------------------------
User input:
--------------------------------------------------------------

$molecule
-1,2
C         -0.00003        0.00010        0.99991
C          1.26459        0.75942        0.98847
C          1.26447       -0.75945        0.98840
C         -1.27145        0.00003        0.25190
C         -1.25762        0.00005        1.77082
H          1.57412        1.26097        1.90079
H          1.55767        1.26188        0.07124
H          1.57397       -1.26106        1.90071
H          1.55744       -1.26192        0.07116
H         -1.57709       -0.91495       -0.24713
H         -1.57734        0.91489       -0.24721
H         -1.55434       -0.91483        2.27543
H         -1.55439        0.91487        2.27549
$end

$comment
negative
$end

$xc_functional
C PBE   1.00
X wPBE  1.00
$end

$rem
SYMMETRY_DECOMPOSITION	0
exchange 		general
LRC_DFT                 true
BASIS                   g3large
omega			100
mem_static              760
max_scf_cycles          200
scf_final_print         1
sym_ignore              true
$end

--------------------------------------------------------------
 Writing REM_CC_EA           13
 ----------------------------------------------------
       Standard Nuclear Orientation (Angstroms)
    I     Atom         X            Y            Z
 ----------------------------------------------------
    1      C      -0.000030     0.000100     0.999910
    2      C       1.264590     0.759420     0.988470
    3      C       1.264470    -0.759450     0.988400
    4      C      -1.271450     0.000030     0.251900
    5      C      -1.257620     0.000050     1.770820
    6      H       1.574120     1.260970     1.900790
    7      H       1.557670     1.261880     0.071240
    8      H       1.573970    -1.261060     1.900710
    9      H       1.557440    -1.261920     0.071160
   10      H      -1.577090    -0.914950    -0.247130
   11      H      -1.577340     0.914890    -0.247210
   12      H      -1.554340    -0.914830     2.275430
   13      H      -1.554390     0.914870     2.275490
 ----------------------------------------------------
 Nuclear Repulsion Energy =   171.0336147312 hartrees
 There are       20 alpha and       19 beta electrons
 Requested basis set is G3large
 There are 98 shells and 290 basis functions

Total QAlloc Memory Limit   2000 MB
Mega-Array Size       743 MB
MEM_STATIC part       760 MB

                       Distance Matrix (Angstroms)
             C (  1)   C (  2)   C (  3)   C (  4)   C (  5)   H (  6)
   C (  2)  1.475114
   C (  3)  1.475130  1.518870
   C (  4)  1.475137  2.747855  2.747750
   C (  5)  1.475071  2.747773  2.747719  1.518983
   H (  6)  2.208920  1.086135  2.238400  3.522226  3.102509
   H (  7)  2.209286  1.086127  2.238956  3.103035  3.522307  1.829624
   H (  8)  2.208946  2.238356  1.086146  3.522121  3.102446  2.522030
   H (  9)  2.209295  2.238981  1.086111  3.102870  3.522212  3.116536
   H ( 10)  2.208969  3.522125  3.102447  1.086110  2.238617  4.390708
   H ( 11)  2.209085  3.102844  3.522220  1.086116  2.238660  3.829540
   H ( 12)  2.209056  3.522179  3.102625  2.238676  1.086130  3.829063
   H ( 13)  2.209059  3.102778  3.522204  2.238728  1.086121  3.169820
             H (  7)   H (  8)   H (  9)   H ( 10)   H ( 11)   H ( 12)
   H (  8)  3.116481
   H (  9)  2.523800  1.829625
   H ( 10)  3.829709  3.829124  3.169696
   H ( 11)  3.170189  4.390794  3.829714  1.829840
   H ( 12)  4.391028  3.169639  3.829158  2.522663  3.116427
   H ( 13)  3.829367  3.829069  4.391010  3.116467  2.522804  1.829700

 
 A cutoff of  1.0D-08 yielded   4435 shell pairs
 There are  39245 function pairs ( 48051 Cartesian)
Evaluating contribution to one-electron hamiltonian from nuclear
 Smallest overlap matrix eigenvalue = 2.58E-05

 Q-Chem warning in module mkSTV.C, line 194:

 Overlap eigenvalue is smaller than square root of threshold

 Multipole matrices computed through 2nd order

  Scale SEOQF with 1.000000e-01/1.000000e-01/1.000000e-01

 Standard Electronic Orientation quadrupole field applied
 Nucleus-field energy     =    -0.0000000026 hartrees
 Guess from superposition of atomic densities
 Warning:  Energy on first SCF cycle will be non-variational
 Long-range K will be added via erf
 Coulomb attenuation parameter = 0.1 bohr**(-1)
 An unrestricted Kohn-Sham SCF calculation will be
 performed using Pulay DIIS extrapolation
 Exchange:  wPBE + LR-HF      Correlation:  PBE
 Using SG-1 standard quadrature grid
 SCF converges when DIIS error is below 1.0E-05
 Requested basis set is G3large
 There are 98 shells and 290 basis functions
 A cutoff of  1.0D-08 yielded   4435 shell pairs
 There are  39245 function pairs ( 48051 Cartesian)
 Warning!  Inaccurate integrated density:
   Number of electrons =    39
   Numerical integral  =    37.999765750979
   Relative error      =    -2.5647032026 %
 ---------------------------------------
  Cycle       Energy         DIIS Error
 ---------------------------------------
    1    -196.2923375165      2.88E-02
    2    -194.6730093972      4.73E-03
    3    -194.3784029330      7.54E-03
    4    -195.0398188585      7.81E-04
    5    -195.0472641240      5.21E-04
    6    -195.0510558207      8.37E-05
    7    -195.0521207289      4.11E-05
    8    -195.0527805085      2.96E-05
    9    -195.0532750033      2.59E-05
   10    -195.0538816709      1.89E-05
   11    -195.0541229247      1.29E-05
   12    -195.0543323416      1.04E-05
   13    -195.0544239807      7.92E-06 Convergence criterion met
 ---------------------------------------
 One-Electron    Energy =  -604.4606268932
 Total Coulomb   Energy =   268.3767369969
 Alpha Exchange  Energy =    -1.0991434451
 Beta  Exchange  Energy =    -1.0592118348
 DFT   Exchange  Energy =   -26.5951683014
 DFT Correlation Energy =    -1.2506252317
 Nuclear Repu.   Energy =   171.0336147286
 Nuclear Attr.   Energy =  -798.8657214930
 Kinetic         Energy =   194.4050945998
 <S^2> = 0.7501
 SCF time:  CPU 606.91 s  wall 614.81 s
 Final Alpha MO Eigenvalues
            1           2           3           4           5           6
    1  -9.8258862  -9.8132874  -9.8128560  -9.8126149  -9.8096993  -0.7436056
            7           8           9          10          11          12
    1  -0.6656366  -0.4752398  -0.4741344  -0.4192086  -0.3720062  -0.3565044
           13          14          15          16          17          18
    1  -0.3556007  -0.2582479  -0.2446808  -0.2446291  -0.1824590  -0.1821121
           19          20          21          22          23          24
    1  -0.1721906   0.0303686   0.1148707   0.1152624   0.1165770   0.1416916
           25
    1   0.1419602
 Final Beta MO Eigenvalues
            1           2           3           4           5           6
    1  -9.8259008  -9.8131068  -9.8126476  -9.8124014  -9.8094030  -0.7435396
            7           8           9          10          11          12
    1  -0.6655069  -0.4744342  -0.4732698  -0.4185036  -0.3711904  -0.3560031
           13          14          15          16          17          18
    1  -0.3551028  -0.2575505  -0.2441147  -0.2439387  -0.1820392  -0.1816783
           19          20          21          22          23          24
    1  -0.1716695   0.1142755   0.1276100   0.1283823   0.1297127   0.1499266
 Analysis of SCF Wavefunction
 
 --------------------------------------------------------------
                    Orbital Energies (a.u.)
 --------------------------------------------------------------
 
 Alpha MOs
 -- Occupied --
 -9.826  -9.813  -9.813  -9.813  -9.810  -0.744  -0.666  -0.475
 -0.474  -0.419  -0.372  -0.357  -0.356  -0.258  -0.245  -0.245
 -0.182  -0.182  -0.172   0.030
 -- Virtual --
  0.115   0.115   0.117   0.142   0.142   0.148   0.166   0.169
  0.196   0.218   0.219   0.231   0.235   0.236   0.237   0.251
  0.253   0.253   0.261   0.273   0.274   0.292   0.302   0.302
  0.303   0.306   0.315   0.316   0.321   0.356   0.356   0.367
  0.390   0.406   0.407   0.431   0.439   0.474   0.475   0.482
  0.485   0.545   0.593   0.610   0.610   0.616   0.635   0.636
  0.672   0.689   0.689   0.712   0.714   0.723   0.732   0.732
  0.747   0.747   0.771   0.773   0.792   0.793   0.803   0.805
  0.841   0.886   0.931   0.932   0.935   0.950   0.981   1.014
  1.035   1.047   1.047   1.111   1.165   1.165   1.189   1.218
  1.238   1.238   1.244   1.262   1.263   1.305   1.311   1.312
  1.367   1.367   1.426   1.433   1.434   1.453   1.478   1.480
  1.502   1.505   1.525   1.531   1.536   1.575   1.575   1.594
  1.598   1.623   1.670   1.687   1.688   1.702   1.715   1.716
  1.718   1.775   1.878   1.912   1.913   1.941   2.573   2.573
  2.652   2.695   2.721   2.722   2.741   2.754   2.785   2.785
  2.795   2.840   2.882   2.882   2.926   2.980   2.997   2.998
  3.004   3.032   3.089   3.089   3.108   3.110   3.161   3.162
  3.180   3.180   3.191   3.226   3.229   3.271   3.297   3.326
  3.327   3.346   3.376   3.441   3.442   3.453   3.484   3.484
  3.538   3.538   3.547   3.564   3.595   3.597   3.643   3.643
  3.658   3.696   3.696   3.712   3.786   3.882   3.909   3.959
  3.979   3.979   4.037   4.037   4.063   4.151   4.199   4.200
  4.202   4.205   4.238   4.239   4.329   4.353   4.359   4.362
  4.442   4.445   4.446   4.457   4.458   4.500   4.500   4.591
  4.591   4.620   4.626   4.626   4.660   4.700   4.803   4.823
  4.996   4.996   5.068   5.068   5.189   5.352   5.483   5.541
  5.542   5.583   5.693   5.693   5.698   5.733   5.844   5.844
  5.875  24.112  24.136  24.391  24.392  24.463  27.492  27.552
 27.605  27.606  27.992  28.082  28.109  28.109  28.126  28.150
 28.150  28.165  28.552  28.554  28.992  40.859  40.876  40.897
 40.961  40.969  40.969  40.973  41.012  41.016  41.017  41.147
 41.153  41.153  41.159  41.159  41.171  41.193  41.206  41.257
 41.257  41.265  41.267  41.287  41.359  41.360
 
 Beta MOs
 -- Occupied --
 -9.826  -9.813  -9.813  -9.812  -9.809  -0.744  -0.666  -0.474
 -0.473  -0.419  -0.371  -0.356  -0.355  -0.258  -0.244  -0.244
 -0.182  -0.182  -0.172
 -- Virtual --
  0.114   0.128   0.128   0.130   0.150   0.150   0.158   0.170
  0.176   0.195   0.219   0.220   0.230   0.236   0.238   0.239
  0.252   0.253   0.255   0.265   0.275   0.276   0.291   0.302
  0.302   0.304   0.305   0.313   0.313   0.323   0.358   0.358
  0.365   0.393   0.409   0.410   0.431   0.437   0.474   0.474
  0.486   0.488   0.546   0.593   0.611   0.612   0.617   0.637
  0.637   0.671   0.689   0.689   0.711   0.714   0.723   0.732
  0.733   0.748   0.748   0.772   0.774   0.792   0.794   0.800
  0.807   0.843   0.887   0.932   0.933   0.937   0.953   0.982
  1.015   1.036   1.048   1.048   1.113   1.166   1.167   1.191
  1.219   1.239   1.240   1.245   1.263   1.264   1.307   1.312
  1.313   1.368   1.368   1.427   1.434   1.435   1.453   1.479
  1.480   1.503   1.505   1.527   1.533   1.537   1.577   1.577
  1.596   1.600   1.624   1.671   1.688   1.689   1.704   1.717
  1.717   1.720   1.777   1.878   1.913   1.914   1.943   2.573
  2.574   2.652   2.695   2.722   2.723   2.741   2.755   2.785
  2.786   2.796   2.841   2.883   2.883   2.927   2.981   2.998
  2.998   3.004   3.032   3.089   3.090   3.108   3.111   3.162
  3.162   3.181   3.181   3.191   3.227   3.230   3.271   3.297
  3.327   3.327   3.347   3.377   3.442   3.442   3.453   3.484
  3.485   3.539   3.539   3.548   3.565   3.596   3.597   3.644
  3.644   3.659   3.697   3.697   3.712   3.787   3.883   3.910
  3.960   3.979   3.979   4.037   4.038   4.064   4.152   4.200
  4.200   4.203   4.206   4.238   4.239   4.329   4.354   4.360
  4.362   4.442   4.446   4.447   4.457   4.458   4.501   4.501
  4.592   4.592   4.621   4.626   4.627   4.660   4.700   4.803
  4.823   4.996   4.997   5.068   5.068   5.190   5.353   5.484
  5.541   5.542   5.583   5.694   5.694   5.699   5.734   5.844
  5.845   5.876  24.112  24.136  24.391  24.393  24.463  27.492
 27.552  27.605  27.606  27.993  28.083  28.109  28.109  28.126
 28.151  28.151  28.165  28.553  28.554  28.992  40.859  40.876
 40.897  40.961  40.969  40.970  40.973  41.012  41.016  41.017
 41.147  41.153  41.153  41.159  41.159  41.171  41.193  41.206
 41.257  41.258  41.266  41.267  41.288  41.359  41.360
 --------------------------------------------------------------
 
          Ground-State Mulliken Net Atomic Charges

     Atom                 Charge (a.u.)    Spin (a.u.)
  --------------------------------------------------------
      1 C                    -3.857409       4.511114
      2 C                     2.404857      -2.797856
      3 C                     0.698189      -1.058986
      4 C                     1.543183      -1.922958
      5 C                     1.454830      -1.831239
      6 H                    -0.586790       0.702813
      7 H                    -0.585861       0.702474
      8 H                    -0.257824       0.356926
      9 H                    -0.275290       0.375443
     10 H                    -0.276200       0.373815
     11 H                    -0.516264       0.632037
     12 H                    -0.251705       0.347809
     13 H                    -0.493717       0.608608
  --------------------------------------------------------
  Sum of atomic charges =    -1.000000
  Sum of spin   charges =     1.000000

 -----------------------------------------------------------------
                    Cartesian Multipole Moments
 -----------------------------------------------------------------
    Charge (ESU x 10^10)
                -4.8032
    Dipole Moment (Debye)
         X      -0.5125      Y      -2.9768      Z      -4.6335
       Tot       5.5311
    Quadrupole Moments (Debye-Ang)
        XX     -75.3554     XY      -0.8925     YY     -62.2836
        XZ      -0.5408     YZ      -3.0274     ZZ     -66.4069
    Octapole Moments (Debye-Ang^2)
       XXX      -8.1045    XXY     -18.9397    XYY      -0.6169
       YYY     -41.4209    XXZ     -74.3475    XYZ      -0.9470
       YYZ     -61.3279    XZZ      -6.2870    YZZ     -19.8875
       ZZZ    -187.6248
    Hexadecapole Moments (Debye-Ang^3)
      XXXX   -1092.6046   XXXY     -17.3285   XXYY    -281.6996
      XYYY     -12.4157   YYYY    -537.8207   XXXZ      -8.0533
      XXYZ     -19.3016   XYYZ      -0.6038   YYYZ     -41.9699
      XXZZ    -353.0691   XYZZ      -5.7606   YYZZ    -251.1318
      XZZZ     -16.7728   YZZZ     -54.0905   ZZZZ    -893.3174
 -----------------------------------------------------------------
 Total job time:  615.31s(wall), 607.31s(cpu) 
 Wed Mar 26 01:41:55 2014

        *************************************************************
        *                                                           *
        *  Thank you very much for using Q-Chem.  Have a nice day.  *
        *                                                           *
        *************************************************************


0 sent ACK to 0 
now end server 0 ... 
 
**********************************************************************
Job 2 of 3 
**********************************************************************
 
Process 0 of 1 is on cl135 - thread support 1
initial socket setup ...start
initial socket setup ...done 
now start server 0 ... 

cmd = /usr/bin/ssh clhead /usr/local/qchem/bin/get_hostid 1174744854 > /tmp/1603094.1.medium.q/qchem31772/lic.dat

cmd = /usr/bin/ssh clhead /usr/local/qchem/bin/get_hostid 1174744854 > /tmp/1603094.1.medium.q/qchem31772/lic.dat

cmd = /usr/bin/ssh clhead /usr/local/qchem/bin/get_hostid 1174744854 > /tmp/1603094.1.medium.q/qchem31772/lic.dat

cmd = /usr/bin/ssh clhead /usr/local/qchem/bin/get_hostid 1174744854 > /tmp/1603094.1.medium.q/qchem31772/lic.dat

cmd = /usr/bin/ssh clhead /usr/local/qchem/bin/get_hostid 1174744854 > /tmp/1603094.1.medium.q/qchem31772/lic.dat
                  Welcome to Q-Chem
     A Quantum Leap Into The Future Of Chemistry

 Y. Shao, L. Fusti-Molnar, Y. Jung, J. Kussmann, C. Ochsenfeld,
 S. T. Brown, A. T. B. Gilbert, L. V. Slipchenko,S. V. Levchenko,
 D. P. O'Neill, R. A. DiStasio Jr., R. C. Lochan, T. Wang,
 G. J. O. Beran, N. A. Besley, J. M. Herbert, C. Y. Lin,
 T. Van Voorhis, S. H. Chien, A. Sodt, R. P. Steele, 
 V. A. Rassolov, P. E. Maslen, P. P. Korambath, R. D. Adamson,
 B. Austin, J. Baker, E. F. C. Byrd, H. Dachsel, R. J. Doerksen,
 A. Dreuw, B. D. Dunietz, A. D. Dutoi, T. R. Furlani,
 S. R. Gwaltney, A. Heyden, S. Hirata, C.-P. Hsu, G. Kedziora,
 R. Z. Khaliullin, P. Klunzinger, A. M. Lee, M. S. Lee, W. Liang,
 I. Lotan, N. Nair, B. Peters, E. I. Proynov, P. A. Pieniazek, 
 Y. M. Rhee, J. Ritchie, E. Rosta, C. D. Sherrill, 
 A. C. Simmonett, J. E. Subotnik, H. L. Woodcock III,
 W. Zhang, A. T. Bell, A. K. Chakraborty, D. M. Chipman,
 F. J. Keil, A. Warshel, W. J. Hehre, H. F. Schaefer III,
 J. Kong, A. I. Krylov, P. M. W. Gill, M. Head-Gordon,
 Q-Chem, Version 3.1, Q-Chem, Inc., Pittsburgh, PA (2007).

 Additional authors for Version 3.1: 
 Z. Gan, Y. Zhao, N. E. Schultz, D. Truhlar, E. Epifanovsky and M. Oana.

 Additional authors for Version 3.2: 
 R. Baer, B. R. Brooks, D. Casanova, J.-D. Chai, C.-L. Cheng, 
 C. Cramer, D. Crittenden, A. Ghysels, G. Hawkins, E. G. Hohenstein, 
 C. Kelley, W. Kurlancheek, D. Liotard, E. Livshits, P. Manohar, 
 A. Marenich, D. Neuhauser, R. Olson, M. A. Rohrdanz, K. S. Thanthiriwatte, 
 A. J. W. Thom, V. Vanovschi, C. F. Williams, Q. Wu and Z.-Q. You. 


 Intel X86 Linux Version

 Q-chem begins on Wed Mar 26 01:41:59 2014  

 Parallel job on  1  processors
Processing $rem in /usr/local/qchem/config/preferences.

theFileMan(): MAXOPENFILES=974 MAX_SUB_FILE_NUM=16
Maximum size of a physical file is 2.0 GB, maximum size of a tmp-file is 32.0 GB


--------------------------------------------------------------
User input:
--------------------------------------------------------------

$molecule
0,1
C         -0.00003        0.00010        0.99991
C          1.26459        0.75942        0.98847
C          1.26447       -0.75945        0.98840
C         -1.27145        0.00003        0.25190
C         -1.25762        0.00005        1.77082
H          1.57412        1.26097        1.90079
H          1.55767        1.26188        0.07124
H          1.57397       -1.26106        1.90071
H          1.55744       -1.26192        0.07116
H         -1.57709       -0.91495       -0.24713
H         -1.57734        0.91489       -0.24721
H         -1.55434       -0.91483        2.27543
H         -1.55439        0.91487        2.27549
$end

$comment
neutral
$end

$xc_functional
C PBE   1.00
X wPBE  1.00
$end


$rem
SYMMETRY_DECOMPOSITION	0
LRC_DFT                 true
exchange 		general
BASIS                   g3large
omega			100
mem_static              760
max_scf_cycles          200
scf_final_print         1
sym_ignore              true
$end

--------------------------------------------------------------
 Writing REM_CC_EA           13
 ----------------------------------------------------
       Standard Nuclear Orientation (Angstroms)
    I     Atom         X            Y            Z
 ----------------------------------------------------
    1      C      -0.000030     0.000100     0.999910
    2      C       1.264590     0.759420     0.988470
    3      C       1.264470    -0.759450     0.988400
    4      C      -1.271450     0.000030     0.251900
    5      C      -1.257620     0.000050     1.770820
    6      H       1.574120     1.260970     1.900790
    7      H       1.557670     1.261880     0.071240
    8      H       1.573970    -1.261060     1.900710
    9      H       1.557440    -1.261920     0.071160
   10      H      -1.577090    -0.914950    -0.247130
   11      H      -1.577340     0.914890    -0.247210
   12      H      -1.554340    -0.914830     2.275430
   13      H      -1.554390     0.914870     2.275490
 ----------------------------------------------------
 Nuclear Repulsion Energy =   171.0336147312 hartrees
 There are       19 alpha and       19 beta electrons
 Requested basis set is G3large
 There are 98 shells and 290 basis functions

Total QAlloc Memory Limit   2000 MB
Mega-Array Size       743 MB
MEM_STATIC part       760 MB

                       Distance Matrix (Angstroms)
             C (  1)   C (  2)   C (  3)   C (  4)   C (  5)   H (  6)
   C (  2)  1.475114
   C (  3)  1.475130  1.518870
   C (  4)  1.475137  2.747855  2.747750
   C (  5)  1.475071  2.747773  2.747719  1.518983
   H (  6)  2.208920  1.086135  2.238400  3.522226  3.102509
   H (  7)  2.209286  1.086127  2.238956  3.103035  3.522307  1.829624
   H (  8)  2.208946  2.238356  1.086146  3.522121  3.102446  2.522030
   H (  9)  2.209295  2.238981  1.086111  3.102870  3.522212  3.116536
   H ( 10)  2.208969  3.522125  3.102447  1.086110  2.238617  4.390708
   H ( 11)  2.209085  3.102844  3.522220  1.086116  2.238660  3.829540
   H ( 12)  2.209056  3.522179  3.102625  2.238676  1.086130  3.829063
   H ( 13)  2.209059  3.102778  3.522204  2.238728  1.086121  3.169820
             H (  7)   H (  8)   H (  9)   H ( 10)   H ( 11)   H ( 12)
   H (  8)  3.116481
   H (  9)  2.523800  1.829625
   H ( 10)  3.829709  3.829124  3.169696
   H ( 11)  3.170189  4.390794  3.829714  1.829840
   H ( 12)  4.391028  3.169639  3.829158  2.522663  3.116427
   H ( 13)  3.829367  3.829069  4.391010  3.116467  2.522804  1.829700

 
 A cutoff of  1.0D-08 yielded   4435 shell pairs
 There are  39245 function pairs ( 48051 Cartesian)
Evaluating contribution to one-electron hamiltonian from nuclear
 Smallest overlap matrix eigenvalue = 2.58E-05

 Q-Chem warning in module mkSTV.C, line 194:

 Overlap eigenvalue is smaller than square root of threshold

 Multipole matrices computed through 2nd order

  Scale SEOQF with 1.000000e-01/1.000000e-01/1.000000e-01

 Standard Electronic Orientation quadrupole field applied
 Nucleus-field energy     =    -0.0000000026 hartrees
 Guess from superposition of atomic densities
 Warning:  Energy on first SCF cycle will be non-variational
 Long-range K will be added via erf
 Coulomb attenuation parameter = 0.1 bohr**(-1)
 A restricted Kohn-Sham SCF calculation will be
 performed using Pulay DIIS extrapolation
 Exchange:  wPBE + LR-HF      Correlation:  PBE
 Using SG-1 standard quadrature grid
 SCF converges when DIIS error is below 1.0E-05
 Requested basis set is G3large
 There are 98 shells and 290 basis functions
 A cutoff of  1.0D-08 yielded   4435 shell pairs
 There are  39245 function pairs ( 48051 Cartesian)
 ---------------------------------------
  Cycle       Energy         DIIS Error
 ---------------------------------------
    1    -196.2923375165      2.88E-02
    2    -194.9335586623      3.62E-03
    3    -194.8955835191      4.15E-03
    4    -195.0806169619      4.37E-04
    5    -195.0820607900      2.13E-04
    6    -195.0824395566      2.72E-05
    7    -195.0824462008      8.61E-06 Convergence criterion met
 ---------------------------------------
 One-Electron    Energy =  -599.8160991155
 Total Coulomb   Energy =   263.6276047613
 Alpha Exchange  Energy =    -1.0593067624
 Beta  Exchange  Energy =    -1.0593067624
 DFT   Exchange  Energy =   -26.5649579934
 DFT Correlation Energy =    -1.2439950569
 Nuclear Repu.   Energy =   171.0336147286
 Nuclear Attr.   Energy =  -794.1497811026
 Kinetic         Energy =   194.3336819870
 SCF time:  CPU 240.93 s  wall 244.57 s
 Final Alpha MO Eigenvalues
            1           2           3           4           5           6
    1  -9.9487590  -9.9361156  -9.9359672  -9.9358553  -9.9356867  -0.8666654
            7           8           9          10          11          12
    1  -0.7886401  -0.5975047  -0.5974997  -0.5418652  -0.4944991  -0.4790038
           13          14          15          16          17          18
    1  -0.4789839  -0.3809115  -0.3674441  -0.3673204  -0.3050018  -0.3049895
           19          20          21          22          23          24
    1  -0.2949163   0.0260610   0.0387546   0.0387702   0.0415322   0.0621914
 Analysis of SCF Wavefunction
 
 --------------------------------------------------------------
                    Orbital Energies (a.u.)
 --------------------------------------------------------------
 
 Alpha MOs
 -- Occupied --
 -9.949  -9.936  -9.936  -9.936  -9.936  -0.867  -0.789  -0.598
 -0.597  -0.542  -0.494  -0.479  -0.479  -0.381  -0.367  -0.367
 -0.305  -0.305  -0.295
 -- Virtual --
  0.026   0.039   0.039   0.042   0.062   0.062   0.073   0.080
  0.093   0.097   0.120   0.120   0.135   0.138   0.144   0.144
  0.155   0.155   0.155   0.163   0.172   0.172   0.190   0.202
  0.202   0.205   0.212   0.213   0.213   0.215   0.247   0.247
  0.255   0.279   0.297   0.297   0.324   0.330   0.366   0.366
  0.371   0.386   0.433   0.482   0.501   0.501   0.503   0.523
  0.523   0.557   0.573   0.573   0.596   0.601   0.606   0.616
  0.616   0.631   0.631   0.655   0.660   0.679   0.679   0.685
  0.685   0.729   0.766   0.811   0.811   0.814   0.830   0.860
  0.894   0.914   0.926   0.926   0.991   1.044   1.044   1.069
  1.098   1.117   1.117   1.123   1.143   1.143   1.185   1.192
  1.192   1.248   1.248   1.307   1.313   1.313   1.332   1.359
  1.359   1.383   1.386   1.407   1.410   1.418   1.457   1.457
  1.475   1.478   1.505   1.550   1.568   1.568   1.581   1.596
  1.596   1.598   1.654   1.756   1.791   1.791   1.820   2.451
  2.451   2.529   2.574   2.600   2.600   2.619   2.632   2.663
  2.663   2.674   2.718   2.760   2.760   2.804   2.858   2.875
  2.875   2.881   2.909   2.966   2.966   2.985   2.988   3.039
  3.039   3.057   3.057   3.068   3.103   3.106   3.148   3.174
  3.204   3.204   3.224   3.253   3.319   3.319   3.330   3.362
  3.362   3.416   3.416   3.425   3.441   3.473   3.474   3.521
  3.521   3.536   3.574   3.574   3.589   3.663   3.759   3.787
  3.837   3.856   3.856   3.914   3.914   3.941   4.029   4.077
  4.077   4.079   4.082   4.116   4.116   4.206   4.231   4.236
  4.239   4.319   4.323   4.324   4.334   4.334   4.377   4.377
  4.468   4.468   4.497   4.503   4.503   4.537   4.577   4.680
  4.700   4.873   4.873   4.945   4.945   5.066   5.229   5.361
  5.419   5.419   5.460   5.571   5.571   5.575   5.610   5.721
  5.721   5.753  23.989  24.012  24.268  24.268  24.339  27.368
 27.429  27.482  27.482  27.869  27.959  27.985  27.985  28.002
 28.027  28.027  28.041  28.429  28.429  28.869  40.736  40.753
 40.774  40.838  40.846  40.846  40.848  40.889  40.893  40.893
 41.024  41.029  41.029  41.035  41.035  41.047  41.070  41.082
 41.133  41.133  41.142  41.143  41.164  41.236  41.236
 --------------------------------------------------------------
 
          Ground-State Mulliken Net Atomic Charges

     Atom                 Charge (a.u.)
  ----------------------------------------
      1 C                     0.569272
      2 C                    -0.350634
      3 C                    -0.350411
      4 C                    -0.350870
      5 C                    -0.350565
      6 H                     0.104211
      7 H                     0.104140
      8 H                     0.104092
      9 H                     0.104105
     10 H                     0.104160
     11 H                     0.104215
     12 H                     0.104135
     13 H                     0.104151
  ----------------------------------------
  Sum of atomic charges =     0.000000

 -----------------------------------------------------------------
                    Cartesian Multipole Moments
 -----------------------------------------------------------------
    Charge (ESU x 10^10)
                 0.0000
    Dipole Moment (Debye)
         X       0.0001      Y      -0.0018      Z       0.0002
       Tot       0.0018
    Quadrupole Moments (Debye-Ang)
        XX     -33.2087     XY      -0.0008     YY     -31.1037
        XZ       0.0192     YZ      -0.0015     ZZ     -31.1051
    Octapole Moments (Debye-Ang^2)
       XXX       0.0017    XXY       0.0001    XYY      -0.7348
       YYY      -0.0022    XXZ     -33.1926    XYZ      -0.0006
       YYZ     -31.0991    XZZ       0.7732    YZZ       0.0004
       ZZZ     -93.3272
    Hexadecapole Moments (Debye-Ang^3)
      XXXX    -353.5047   XXXY       0.0076   XXYY     -69.1036
      XYYY       0.0047   YYYY    -117.8435   XXXZ       1.3229
      XXYZ      -0.0009   XYYZ      -0.4236   YYYZ      -0.0031
      XXZZ    -102.2919   XYZZ       0.0057   YYZZ     -65.1839
      XZZZ       3.0714   YZZZ       0.0029   ZZZZ    -304.5408
 -----------------------------------------------------------------
 Total job time:  245.04s(wall), 241.32s(cpu) 
 Wed Mar 26 01:46:04 2014

        *************************************************************
        *                                                           *
        *  Thank you very much for using Q-Chem.  Have a nice day.  *
        *                                                           *
        *************************************************************


0 sent ACK to 0 
now end server 0 ... 
 
**********************************************************************
Job 3 of 3 
**********************************************************************
 
Process 0 of 1 is on cl135 - thread support 1
initial socket setup ...start
initial socket setup ...done 
now start server 0 ... 

cmd = /usr/bin/ssh clhead /usr/local/qchem/bin/get_hostid 618008465 > /tmp/1603094.1.medium.q/qchem31772/lic.dat

cmd = /usr/bin/ssh clhead /usr/local/qchem/bin/get_hostid 618008465 > /tmp/1603094.1.medium.q/qchem31772/lic.dat

cmd = /usr/bin/ssh clhead /usr/local/qchem/bin/get_hostid 618008465 > /tmp/1603094.1.medium.q/qchem31772/lic.dat

cmd = /usr/bin/ssh clhead /usr/local/qchem/bin/get_hostid 618008465 > /tmp/1603094.1.medium.q/qchem31772/lic.dat

cmd = /usr/bin/ssh clhead /usr/local/qchem/bin/get_hostid 618008465 > /tmp/1603094.1.medium.q/qchem31772/lic.dat
                  Welcome to Q-Chem
     A Quantum Leap Into The Future Of Chemistry

 Y. Shao, L. Fusti-Molnar, Y. Jung, J. Kussmann, C. Ochsenfeld,
 S. T. Brown, A. T. B. Gilbert, L. V. Slipchenko,S. V. Levchenko,
 D. P. O'Neill, R. A. DiStasio Jr., R. C. Lochan, T. Wang,
 G. J. O. Beran, N. A. Besley, J. M. Herbert, C. Y. Lin,
 T. Van Voorhis, S. H. Chien, A. Sodt, R. P. Steele, 
 V. A. Rassolov, P. E. Maslen, P. P. Korambath, R. D. Adamson,
 B. Austin, J. Baker, E. F. C. Byrd, H. Dachsel, R. J. Doerksen,
 A. Dreuw, B. D. Dunietz, A. D. Dutoi, T. R. Furlani,
 S. R. Gwaltney, A. Heyden, S. Hirata, C.-P. Hsu, G. Kedziora,
 R. Z. Khaliullin, P. Klunzinger, A. M. Lee, M. S. Lee, W. Liang,
 I. Lotan, N. Nair, B. Peters, E. I. Proynov, P. A. Pieniazek, 
 Y. M. Rhee, J. Ritchie, E. Rosta, C. D. Sherrill, 
 A. C. Simmonett, J. E. Subotnik, H. L. Woodcock III,
 W. Zhang, A. T. Bell, A. K. Chakraborty, D. M. Chipman,
 F. J. Keil, A. Warshel, W. J. Hehre, H. F. Schaefer III,
 J. Kong, A. I. Krylov, P. M. W. Gill, M. Head-Gordon,
 Q-Chem, Version 3.1, Q-Chem, Inc., Pittsburgh, PA (2007).

 Additional authors for Version 3.1: 
 Z. Gan, Y. Zhao, N. E. Schultz, D. Truhlar, E. Epifanovsky and M. Oana.

 Additional authors for Version 3.2: 
 R. Baer, B. R. Brooks, D. Casanova, J.-D. Chai, C.-L. Cheng, 
 C. Cramer, D. Crittenden, A. Ghysels, G. Hawkins, E. G. Hohenstein, 
 C. Kelley, W. Kurlancheek, D. Liotard, E. Livshits, P. Manohar, 
 A. Marenich, D. Neuhauser, R. Olson, M. A. Rohrdanz, K. S. Thanthiriwatte, 
 A. J. W. Thom, V. Vanovschi, C. F. Williams, Q. Wu and Z.-Q. You. 


 Intel X86 Linux Version

 Q-chem begins on Wed Mar 26 01:46:09 2014  

 Parallel job on  1  processors
Processing $rem in /usr/local/qchem/config/preferences.

theFileMan(): MAXOPENFILES=974 MAX_SUB_FILE_NUM=16
Maximum size of a physical file is 2.0 GB, maximum size of a tmp-file is 32.0 GB


--------------------------------------------------------------
User input:
--------------------------------------------------------------

$molecule
1,2
C         -0.00003        0.00010        0.99991
C          1.26459        0.75942        0.98847
C          1.26447       -0.75945        0.98840
C         -1.27145        0.00003        0.25190
C         -1.25762        0.00005        1.77082
H          1.57412        1.26097        1.90079
H          1.55767        1.26188        0.07124
H          1.57397       -1.26106        1.90071
H          1.55744       -1.26192        0.07116
H         -1.57709       -0.91495       -0.24713
H         -1.57734        0.91489       -0.24721
H         -1.55434       -0.91483        2.27543
H         -1.55439        0.91487        2.27549
$end

$comment
positive
$end

$xc_functional
C PBE   1.00
X wPBE  1.00
$end

$rem
SYMMETRY_DECOMPOSITION	0
LRC_DFT                 true
exchange 		general
BASIS                   g3large
omega			100
mem_static              760
max_scf_cycles          200
scf_final_print         1
sym_ignore              true
$end

--------------------------------------------------------------
 Writing REM_CC_EA           13
 ----------------------------------------------------
       Standard Nuclear Orientation (Angstroms)
    I     Atom         X            Y            Z
 ----------------------------------------------------
    1      C      -0.000030     0.000100     0.999910
    2      C       1.264590     0.759420     0.988470
    3      C       1.264470    -0.759450     0.988400
    4      C      -1.271450     0.000030     0.251900
    5      C      -1.257620     0.000050     1.770820
    6      H       1.574120     1.260970     1.900790
    7      H       1.557670     1.261880     0.071240
    8      H       1.573970    -1.261060     1.900710
    9      H       1.557440    -1.261920     0.071160
   10      H      -1.577090    -0.914950    -0.247130
   11      H      -1.577340     0.914890    -0.247210
   12      H      -1.554340    -0.914830     2.275430
   13      H      -1.554390     0.914870     2.275490
 ----------------------------------------------------
 Nuclear Repulsion Energy =   171.0336147312 hartrees
 There are       19 alpha and       18 beta electrons
 Requested basis set is G3large
 There are 98 shells and 290 basis functions

Total QAlloc Memory Limit   2000 MB
Mega-Array Size       743 MB
MEM_STATIC part       760 MB

                       Distance Matrix (Angstroms)
             C (  1)   C (  2)   C (  3)   C (  4)   C (  5)   H (  6)
   C (  2)  1.475114
   C (  3)  1.475130  1.518870
   C (  4)  1.475137  2.747855  2.747750
   C (  5)  1.475071  2.747773  2.747719  1.518983
   H (  6)  2.208920  1.086135  2.238400  3.522226  3.102509
   H (  7)  2.209286  1.086127  2.238956  3.103035  3.522307  1.829624
   H (  8)  2.208946  2.238356  1.086146  3.522121  3.102446  2.522030
   H (  9)  2.209295  2.238981  1.086111  3.102870  3.522212  3.116536
   H ( 10)  2.208969  3.522125  3.102447  1.086110  2.238617  4.390708
   H ( 11)  2.209085  3.102844  3.522220  1.086116  2.238660  3.829540
   H ( 12)  2.209056  3.522179  3.102625  2.238676  1.086130  3.829063
   H ( 13)  2.209059  3.102778  3.522204  2.238728  1.086121  3.169820
             H (  7)   H (  8)   H (  9)   H ( 10)   H ( 11)   H ( 12)
   H (  8)  3.116481
   H (  9)  2.523800  1.829625
   H ( 10)  3.829709  3.829124  3.169696
   H ( 11)  3.170189  4.390794  3.829714  1.829840
   H ( 12)  4.391028  3.169639  3.829158  2.522663  3.116427
   H ( 13)  3.829367  3.829069  4.391010  3.116467  2.522804  1.829700

 
 A cutoff of  1.0D-08 yielded   4435 shell pairs
 There are  39245 function pairs ( 48051 Cartesian)
Evaluating contribution to one-electron hamiltonian from nuclear
 Smallest overlap matrix eigenvalue = 2.58E-05

 Q-Chem warning in module mkSTV.C, line 194:

 Overlap eigenvalue is smaller than square root of threshold

 Multipole matrices computed through 2nd order

  Scale SEOQF with 1.000000e-01/1.000000e-01/1.000000e-01

 Standard Electronic Orientation quadrupole field applied
 Nucleus-field energy     =    -0.0000000026 hartrees
 Guess from superposition of atomic densities
 Warning:  Energy on first SCF cycle will be non-variational
 Long-range K will be added via erf
 Coulomb attenuation parameter = 0.1 bohr**(-1)
 An unrestricted Kohn-Sham SCF calculation will be
 performed using Pulay DIIS extrapolation
 Exchange:  wPBE + LR-HF      Correlation:  PBE
 Using SG-1 standard quadrature grid
 SCF converges when DIIS error is below 1.0E-05
 Requested basis set is G3large
 There are 98 shells and 290 basis functions
 A cutoff of  1.0D-08 yielded   4435 shell pairs
 There are  39245 function pairs ( 48051 Cartesian)
 Warning!  Inaccurate integrated density:
   Number of electrons =    37
   Numerical integral  =    37.999765750979
   Relative error      =     2.7020695972 %
 ---------------------------------------
  Cycle       Energy         DIIS Error
 ---------------------------------------
    1    -196.2923375165      2.88E-02
    2    -194.6465204421      2.57E-03
    3    -194.6198884287      3.11E-03
    4    -194.7163294877      7.59E-04
    5    -194.7222397697      3.70E-04
    6    -194.7240522439      9.11E-05
    7    -194.7244671668      6.39E-05
    8    -194.7248679359      5.63E-05
    9    -194.7253131378      4.68E-05
   10    -194.7262354060      3.83E-05
   11    -194.7265601040      2.71E-05
   12    -194.7271191983      7.70E-05
   13    -194.7271630484      3.81E-05
   14    -194.7271610346      2.96E-05
   15    -194.7271700875      7.73E-06 Convergence criterion met
 ---------------------------------------
 One-Electron    Energy =  -590.7611241967
 Total Coulomb   Energy =   254.6195288761
 Alpha Exchange  Energy =    -1.0600422618
 Beta  Exchange  Energy =    -1.0030315871
 DFT   Exchange  Energy =   -26.3500455868
 DFT Correlation Energy =    -1.2060700598
 Nuclear Repu.   Energy =   171.0336147286
 Nuclear Attr.   Energy =  -784.9483171441
 Kinetic         Energy =   194.1871929474
 <S^2> = 0.7532
 SCF time:  CPU 670.31 s  wall 678.18 s
 Final Alpha MO Eigenvalues
            1           2           3           4           5           6
    1 -10.1965511 -10.1885868 -10.1885324 -10.1884377 -10.1884217  -1.1177189
            7           8           9          10          11          12
    1  -1.0422046  -0.8309298  -0.8309099  -0.7766169  -0.7267167  -0.7090982
           13          14          15          16          17          18
    1  -0.7090751  -0.6217359  -0.6040644  -0.5907777  -0.5535405  -0.5429527
           19          20          21          22          23          24
    1  -0.5429009  -0.1214567  -0.1214504  -0.1180870  -0.1046775  -0.0830577
 Final Beta MO Eigenvalues
            1           2           3           4           5           6
    1 -10.1960563 -10.1846541 -10.1846052 -10.1845114 -10.1844951  -1.1085673
            7           8           9          10          11          12
    1  -1.0291385  -0.8215191  -0.8214962  -0.7677935  -0.7213533  -0.7056760
           13          14          15          16          17          18
    1  -0.7056750  -0.6016341  -0.5937037  -0.5884349  -0.5367077  -0.5364585
           19          20          21          22          23
    1  -0.4158637  -0.1162442  -0.1152000  -0.1151909  -0.1019726
 Analysis of SCF Wavefunction
 
 --------------------------------------------------------------
                    Orbital Energies (a.u.)
 --------------------------------------------------------------
 
 Alpha MOs
 -- Occupied --
-10.197 -10.189 -10.189 -10.188 -10.188  -1.118  -1.042  -0.831
 -0.831  -0.777  -0.727  -0.709  -0.709  -0.622  -0.604  -0.591
 -0.554  -0.543  -0.543
 -- Virtual --
 -0.121  -0.121  -0.118  -0.105  -0.083  -0.083  -0.075  -0.056
 -0.049  -0.049  -0.049  -0.019  -0.017  -0.011  -0.011  -0.009
  0.010   0.010   0.019   0.024   0.029   0.029   0.039   0.039
  0.045   0.046   0.064   0.064   0.068   0.071   0.071   0.082
  0.082   0.097   0.115   0.115   0.129   0.164   0.171   0.185
  0.185   0.230   0.246   0.302   0.315   0.324   0.324   0.331
  0.331   0.367   0.381   0.381   0.391   0.405   0.420   0.420
  0.422   0.434   0.434   0.453   0.481   0.482   0.491   0.499
  0.500   0.552   0.553   0.605   0.605   0.616   0.634   0.641
  0.686   0.704   0.721   0.721   0.795   0.845   0.845   0.866
  0.886   0.902   0.915   0.915   0.940   0.940   0.986   0.986
  0.991   1.037   1.037   1.098   1.106   1.106   1.109   1.147
  1.147   1.173   1.175   1.195   1.200   1.222   1.254   1.254
  1.270   1.276   1.305   1.342   1.365   1.365   1.376   1.393
  1.393   1.394   1.440   1.524   1.567   1.567   1.603   2.217
  2.217   2.277   2.355   2.362   2.378   2.378   2.409   2.420
  2.420   2.453   2.473   2.529   2.529   2.571   2.608   2.636
  2.636   2.637   2.665   2.735   2.735   2.743   2.751   2.797
  2.797   2.816   2.818   2.818   2.872   2.884   2.909   2.940
  2.972   2.972   2.993   3.017   3.085   3.085   3.103   3.120
  3.120   3.180   3.180   3.185   3.197   3.229   3.240   3.287
  3.287   3.307   3.337   3.337   3.362   3.427   3.530   3.548
  3.592   3.628   3.628   3.676   3.676   3.705   3.796   3.847
  3.847   3.849   3.853   3.889   3.889   3.982   4.006   4.017
  4.019   4.083   4.084   4.085   4.106   4.106   4.146   4.146
  4.234   4.234   4.269   4.275   4.275   4.297   4.340   4.438
  4.464   4.632   4.632   4.711   4.711   4.838   4.991   5.130
  5.172   5.173   5.232   5.346   5.346   5.351   5.386   5.488
  5.488   5.511  23.741  23.761  24.016  24.016  24.089  27.110
 27.170  27.232  27.232  27.618  27.708  27.734  27.734  27.753
 27.775  27.775  27.792  28.179  28.179  28.620  40.486  40.497
 40.521  40.585  40.592  40.592  40.595  40.637  40.637  40.639
 40.774  40.775  40.775  40.780  40.780  40.792  40.817  40.827
 40.884  40.884  40.892  40.893  40.908  40.985  40.985
 
 Beta MOs
 -- Occupied --
-10.196 -10.185 -10.185 -10.185 -10.184  -1.109  -1.029  -0.822
 -0.821  -0.768  -0.721  -0.706  -0.706  -0.602  -0.594  -0.588
 -0.537  -0.536
 -- Virtual --
 -0.416  -0.116  -0.115  -0.115  -0.102  -0.081  -0.081  -0.072
 -0.055  -0.049  -0.041  -0.041  -0.017  -0.016  -0.010  -0.010
 -0.006   0.011   0.011   0.022   0.027   0.030   0.030   0.043
  0.043   0.046   0.048   0.066   0.066   0.068   0.073   0.076
  0.084   0.084   0.098   0.117   0.117   0.135   0.169   0.177
  0.189   0.189   0.231   0.249   0.306   0.317   0.326   0.326
  0.336   0.336   0.374   0.388   0.388   0.401   0.415   0.423
  0.425   0.425   0.436   0.436   0.459   0.484   0.485   0.496
  0.503   0.503   0.555   0.558   0.610   0.610   0.617   0.635
  0.653   0.694   0.714   0.726   0.726   0.794   0.848   0.848
  0.870   0.887   0.913   0.919   0.919   0.942   0.942   0.993
  0.993   0.994   1.044   1.044   1.104   1.111   1.111   1.119
  1.158   1.158   1.180   1.183   1.201   1.203   1.225   1.257
  1.257   1.275   1.279   1.310   1.346   1.368   1.368   1.377
  1.394   1.394   1.398   1.446   1.534   1.572   1.572   1.605
  2.227   2.227   2.298   2.358   2.381   2.381   2.391   2.417
  2.428   2.429   2.458   2.490   2.535   2.535   2.576   2.626
  2.647   2.647   2.654   2.677   2.742   2.742   2.756   2.762
  2.808   2.808   2.833   2.833   2.836   2.877   2.886   2.918
  2.946   2.981   2.981   2.995   3.025   3.096   3.096   3.108
  3.135   3.135   3.193   3.193   3.196   3.219   3.239   3.246
  3.296   3.296   3.315   3.346   3.346   3.363   3.438   3.534
  3.559   3.605   3.631   3.631   3.687   3.687   3.714   3.800
  3.851   3.851   3.855   3.858   3.895   3.895   3.989   4.012
  4.018   4.023   4.093   4.096   4.100   4.112   4.112   4.153
  4.153   4.242   4.242   4.276   4.283   4.283   4.304   4.348
  4.446   4.473   4.639   4.639   4.716   4.716   4.842   5.001
  5.132   5.187   5.187   5.237   5.349   5.349   5.353   5.388
  5.492   5.492   5.516  23.743  23.766  24.021  24.021  24.093
 27.122  27.182  27.235  27.235  27.621  27.710  27.738  27.738
 27.755  27.780  27.780  27.794  28.182  28.182  28.623  40.488
 40.505  40.526  40.590  40.598  40.598  40.601  40.642  40.644
 40.645  40.776  40.782  40.782  40.788  40.788  40.800  40.822
 40.834  40.885  40.885  40.893  40.894  40.916  40.989  40.989
 --------------------------------------------------------------
 
          Ground-State Mulliken Net Atomic Charges

     Atom                 Charge (a.u.)    Spin (a.u.)
  --------------------------------------------------------
      1 C                     0.501685      -0.015494
      2 C                    -0.216631       0.264953
      3 C                    -0.217846       0.265550
      4 C                    -0.215708       0.264567
      5 C                    -0.217277       0.265287
      6 H                     0.170646      -0.005609
      7 H                     0.170531      -0.005609
      8 H                     0.170791      -0.005572
      9 H                     0.170825      -0.005646
     10 H                     0.170705      -0.005561
     11 H                     0.170740      -0.005595
     12 H                     0.170773      -0.005608
     13 H                     0.170767      -0.005663
  --------------------------------------------------------
  Sum of atomic charges =     1.000000
  Sum of spin   charges =     1.000000

 -----------------------------------------------------------------
                    Cartesian Multipole Moments
 -----------------------------------------------------------------
    Charge (ESU x 10^10)
                 4.8032
    Dipole Moment (Debye)
         X       0.0025      Y      -0.0011      Z       4.8041
       Tot       4.8041
    Quadrupole Moments (Debye-Ang)
        XX     -18.4836     XY      -0.0012     YY     -24.0120
        XZ      -0.0486     YZ      -0.0009     ZZ     -19.2114
    Octapole Moments (Debye-Ang^2)
       XXX       0.0062    XXY       0.0005    XYY       2.2857
       YYY      -0.0026    XXZ     -18.5226    XYZ      -0.0009
       YYZ     -24.0351    XZZ      -2.3802    YZZ      -0.0021
       ZZZ     -67.1728
    Hexadecapole Moments (Debye-Ang^3)
      XXXX    -276.3812   XXXY      -0.0053   XXYY     -49.2251
      XYYY       0.0011   YYYY     -92.2686   XXXZ       1.1629
      XXYZ      -0.0006   XYYZ       2.5123   YYYZ      -0.0036
      XXZZ     -67.8029   XYZZ      -0.0011   YYZZ     -47.4694
      XZZZ      -6.4887   YZZZ      -0.0057   ZZZZ    -231.3045
 -----------------------------------------------------------------
 Total job time:  678.65s(wall), 670.70s(cpu) 
 Wed Mar 26 01:57:28 2014

        *************************************************************
        *                                                           *
        *  Thank you very much for using Q-Chem.  Have a nice day.  *
        *                                                           *
        *************************************************************


0 sent ACK to 0 
now end server 0 ... 
