Process 0 of 1 is on cl132 - thread support 1
initial socket setup ...start
initial socket setup ...done 
now start server 0 ... 

cmd = /usr/bin/ssh clhead /usr/local/qchem/bin/get_hostid 502856353 > /tmp/1603102.1.medium.q/qchem17450/lic.dat

cmd = /usr/bin/ssh clhead /usr/local/qchem/bin/get_hostid 502856353 > /tmp/1603102.1.medium.q/qchem17450/lic.dat

cmd = /usr/bin/ssh clhead /usr/local/qchem/bin/get_hostid 502856353 > /tmp/1603102.1.medium.q/qchem17450/lic.dat

cmd = /usr/bin/ssh clhead /usr/local/qchem/bin/get_hostid 502856353 > /tmp/1603102.1.medium.q/qchem17450/lic.dat

cmd = /usr/bin/ssh clhead /usr/local/qchem/bin/get_hostid 502856353 > /tmp/1603102.1.medium.q/qchem17450/lic.dat
                  Welcome to Q-Chem
     A Quantum Leap Into The Future Of Chemistry

 Y. Shao, L. Fusti-Molnar, Y. Jung, J. Kussmann, C. Ochsenfeld,
 S. T. Brown, A. T. B. Gilbert, L. V. Slipchenko,S. V. Levchenko,
 D. P. O'Neill, R. A. DiStasio Jr., R. C. Lochan, T. Wang,
 G. J. O. Beran, N. A. Besley, J. M. Herbert, C. Y. Lin,
 T. Van Voorhis, S. H. Chien, A. Sodt, R. P. Steele, 
 V. A. Rassolov, P. E. Maslen, P. P. Korambath, R. D. Adamson,
 B. Austin, J. Baker, E. F. C. Byrd, H. Dachsel, R. J. Doerksen,
 A. Dreuw, B. D. Dunietz, A. D. Dutoi, T. R. Furlani,
 S. R. Gwaltney, A. Heyden, S. Hirata, C.-P. Hsu, G. Kedziora,
 R. Z. Khaliullin, P. Klunzinger, A. M. Lee, M. S. Lee, W. Liang,
 I. Lotan, N. Nair, B. Peters, E. I. Proynov, P. A. Pieniazek, 
 Y. M. Rhee, J. Ritchie, E. Rosta, C. D. Sherrill, 
 A. C. Simmonett, J. E. Subotnik, H. L. Woodcock III,
 W. Zhang, A. T. Bell, A. K. Chakraborty, D. M. Chipman,
 F. J. Keil, A. Warshel, W. J. Hehre, H. F. Schaefer III,
 J. Kong, A. I. Krylov, P. M. W. Gill, M. Head-Gordon,
 Q-Chem, Version 3.1, Q-Chem, Inc., Pittsburgh, PA (2007).

 Additional authors for Version 3.1: 
 Z. Gan, Y. Zhao, N. E. Schultz, D. Truhlar, E. Epifanovsky and M. Oana.

 Additional authors for Version 3.2: 
 R. Baer, B. R. Brooks, D. Casanova, J.-D. Chai, C.-L. Cheng, 
 C. Cramer, D. Crittenden, A. Ghysels, G. Hawkins, E. G. Hohenstein, 
 C. Kelley, W. Kurlancheek, D. Liotard, E. Livshits, P. Manohar, 
 A. Marenich, D. Neuhauser, R. Olson, M. A. Rohrdanz, K. S. Thanthiriwatte, 
 A. J. W. Thom, V. Vanovschi, C. F. Williams, Q. Wu and Z.-Q. You. 


 Intel X86 Linux Version

 Q-chem begins on Wed Mar 26 02:01:02 2014  

 Parallel job on  1  processors
Processing $rem in /usr/local/qchem/config/preferences.

theFileMan(): MAXOPENFILES=974 MAX_SUB_FILE_NUM=16
Maximum size of a physical file is 2.0 GB, maximum size of a tmp-file is 32.0 GB


--------------------------------------------------------------
User input:
--------------------------------------------------------------

$molecule
-1,2
C         -0.00003        0.00010        0.99991
C          1.26459        0.75942        0.98847
C          1.26447       -0.75945        0.98840
C         -1.27145        0.00003        0.25190
C         -1.25762        0.00005        1.77082
H          1.57412        1.26097        1.90079
H          1.55767        1.26188        0.07124
H          1.57397       -1.26106        1.90071
H          1.55744       -1.26192        0.07116
H         -1.57709       -0.91495       -0.24713
H         -1.57734        0.91489       -0.24721
H         -1.55434       -0.91483        2.27543
H         -1.55439        0.91487        2.27549
$end

$comment
negative
$end

$xc_functional
C PBE   1.00
X wPBE  1.00
$end

$rem
SYMMETRY_DECOMPOSITION	0
exchange 		general
LRC_DFT                 true
BASIS                   g3large
omega			900
mem_static              760
max_scf_cycles          200
scf_final_print         1
sym_ignore              true
$end

--------------------------------------------------------------
 Writing REM_CC_EA           13
 ----------------------------------------------------
       Standard Nuclear Orientation (Angstroms)
    I     Atom         X            Y            Z
 ----------------------------------------------------
    1      C      -0.000030     0.000100     0.999910
    2      C       1.264590     0.759420     0.988470
    3      C       1.264470    -0.759450     0.988400
    4      C      -1.271450     0.000030     0.251900
    5      C      -1.257620     0.000050     1.770820
    6      H       1.574120     1.260970     1.900790
    7      H       1.557670     1.261880     0.071240
    8      H       1.573970    -1.261060     1.900710
    9      H       1.557440    -1.261920     0.071160
   10      H      -1.577090    -0.914950    -0.247130
   11      H      -1.577340     0.914890    -0.247210
   12      H      -1.554340    -0.914830     2.275430
   13      H      -1.554390     0.914870     2.275490
 ----------------------------------------------------
 Nuclear Repulsion Energy =   171.0336147312 hartrees
 There are       20 alpha and       19 beta electrons
 Requested basis set is G3large
 There are 98 shells and 290 basis functions

Total QAlloc Memory Limit   2000 MB
Mega-Array Size       743 MB
MEM_STATIC part       760 MB

                       Distance Matrix (Angstroms)
             C (  1)   C (  2)   C (  3)   C (  4)   C (  5)   H (  6)
   C (  2)  1.475114
   C (  3)  1.475130  1.518870
   C (  4)  1.475137  2.747855  2.747750
   C (  5)  1.475071  2.747773  2.747719  1.518983
   H (  6)  2.208920  1.086135  2.238400  3.522226  3.102509
   H (  7)  2.209286  1.086127  2.238956  3.103035  3.522307  1.829624
   H (  8)  2.208946  2.238356  1.086146  3.522121  3.102446  2.522030
   H (  9)  2.209295  2.238981  1.086111  3.102870  3.522212  3.116536
   H ( 10)  2.208969  3.522125  3.102447  1.086110  2.238617  4.390708
   H ( 11)  2.209085  3.102844  3.522220  1.086116  2.238660  3.829540
   H ( 12)  2.209056  3.522179  3.102625  2.238676  1.086130  3.829063
   H ( 13)  2.209059  3.102778  3.522204  2.238728  1.086121  3.169820
             H (  7)   H (  8)   H (  9)   H ( 10)   H ( 11)   H ( 12)
   H (  8)  3.116481
   H (  9)  2.523800  1.829625
   H ( 10)  3.829709  3.829124  3.169696
   H ( 11)  3.170189  4.390794  3.829714  1.829840
   H ( 12)  4.391028  3.169639  3.829158  2.522663  3.116427
   H ( 13)  3.829367  3.829069  4.391010  3.116467  2.522804  1.829700

 
 A cutoff of  1.0D-08 yielded   4435 shell pairs
 There are  39245 function pairs ( 48051 Cartesian)
Evaluating contribution to one-electron hamiltonian from nuclear
 Smallest overlap matrix eigenvalue = 2.58E-05

 Q-Chem warning in module mkSTV.C, line 194:

 Overlap eigenvalue is smaller than square root of threshold

 Multipole matrices computed through 2nd order

  Scale SEOQF with 1.000000e-01/1.000000e-01/1.000000e-01

 Standard Electronic Orientation quadrupole field applied
 Nucleus-field energy     =    -0.0000000026 hartrees
 Guess from superposition of atomic densities
 Warning:  Energy on first SCF cycle will be non-variational
 Long-range K will be added via erf
 Coulomb attenuation parameter = 0.9 bohr**(-1)
 An unrestricted Kohn-Sham SCF calculation will be
 performed using Pulay DIIS extrapolation
 Exchange:  wPBE + LR-HF      Correlation:  PBE
 Using SG-1 standard quadrature grid
 SCF converges when DIIS error is below 1.0E-05
 Requested basis set is G3large
 There are 98 shells and 290 basis functions
 A cutoff of  1.0D-08 yielded   4435 shell pairs
 There are  39245 function pairs ( 48051 Cartesian)
 Warning!  Inaccurate integrated density:
   Number of electrons =    39
   Numerical integral  =    37.999765750979
   Relative error      =    -2.5647032026 %
 ---------------------------------------
  Cycle       Energy         DIIS Error
 ---------------------------------------
    1    -197.6171258410      3.02E-02
    2    -195.0110933271      2.75E-03
    3    -195.1302183996      1.41E-03
    4    -195.1539134675      3.79E-04
    5    -195.1580328947      9.99E-05
    6    -195.1584178858      3.65E-05
    7    -195.1585171782      1.35E-05
    8    -195.1585517226      7.51E-06 Convergence criterion met
 ---------------------------------------
 One-Electron    Energy =  -604.4898747946
 Total Coulomb   Energy =   268.4339320506
 Alpha Exchange  Energy =    -6.6447731542
 Beta  Exchange  Energy =    -6.5826945907
 DFT   Exchange  Energy =   -15.6515395280
 DFT Correlation Energy =    -1.2572164342
 Nuclear Repu.   Energy =   171.0336147286
 Nuclear Attr.   Energy =  -798.5202585226
 Kinetic         Energy =   194.0303837280
 <S^2> = 0.7501
 SCF time:  CPU 366.60 s  wall 370.55 s
 Final Alpha MO Eigenvalues
            1           2           3           4           5           6
    1 -10.2595607 -10.2485795 -10.2438927 -10.2437190 -10.2430998  -1.0508052
            7           8           9          10          11          12
    1  -0.9445026  -0.7159945  -0.7133755  -0.6347807  -0.5547141  -0.5427056
           13          14          15          16          17          18
    1  -0.5400639  -0.4204350  -0.4041088  -0.3971527  -0.3205192  -0.3196094
           19          20          21          22          23          24
    1  -0.3018728   0.0354565   0.1270602   0.1273044   0.1294364   0.1589300
           25
    1   0.1591405
 Final Beta MO Eigenvalues
            1           2           3           4           5           6
    1 -10.2595841 -10.2484488 -10.2436724 -10.2434993 -10.2428829  -1.0506298
            7           8           9          10          11          12
    1  -0.9441692  -0.7146982  -0.7118562  -0.6337174  -0.5536381  -0.5424939
           13          14          15          16          17          18
    1  -0.5396533  -0.4202811  -0.4040002  -0.3963714  -0.3203500  -0.3194486
           19          20          21          22          23          24
    1  -0.3012099   0.1255874   0.1383934   0.1405067   0.1435438   0.1597567
 Analysis of SCF Wavefunction
 
 --------------------------------------------------------------
                    Orbital Energies (a.u.)
 --------------------------------------------------------------
 
 Alpha MOs
 -- Occupied --
-10.260 -10.249 -10.244 -10.244 -10.243  -1.051  -0.945  -0.716
 -0.713  -0.635  -0.555  -0.543  -0.540  -0.420  -0.404  -0.397
 -0.321  -0.320  -0.302   0.035
 -- Virtual --
  0.127   0.127   0.129   0.159   0.159   0.163   0.180   0.192
  0.221   0.249   0.250   0.256   0.266   0.268   0.268   0.289
  0.293   0.296   0.309   0.320   0.321   0.328   0.340   0.342
  0.348   0.349   0.377   0.379   0.384   0.433   0.453   0.453
  0.470   0.491   0.498   0.498   0.549   0.569   0.569   0.576
  0.587   0.634   0.686   0.705   0.707   0.708   0.740   0.743
  0.786   0.814   0.816   0.822   0.853   0.861   0.863   0.864
  0.893   0.896   0.897   0.914   0.917   0.920   0.921   0.938
  0.979   1.045   1.066   1.066   1.074   1.090   1.123   1.146
  1.175   1.177   1.178   1.254   1.308   1.309   1.339   1.375
  1.381   1.381   1.410   1.419   1.421   1.438   1.471   1.471
  1.539   1.541   1.584   1.596   1.598   1.640   1.655   1.657
  1.665   1.683   1.695   1.707   1.721   1.753   1.754   1.773
  1.777   1.800   1.853   1.864   1.866   1.876   1.893   1.896
  1.905   1.955   2.091   2.118   2.119   2.135   2.816   2.818
  2.907   2.935   2.974   2.975   3.008   3.011   3.042   3.052
  3.052   3.116   3.134   3.135   3.191   3.250   3.254   3.255
  3.261   3.296   3.351   3.353   3.363   3.381   3.437   3.438
  3.444   3.445   3.473   3.488   3.493   3.545   3.556   3.591
  3.592   3.615   3.639   3.711   3.711   3.713   3.754   3.755
  3.806   3.807   3.820   3.847   3.877   3.883   3.914   3.914
  3.929   3.981   3.981   3.984   4.064   4.161   4.200   4.245
  4.259   4.260   4.321   4.322   4.350   4.436   4.484   4.487
  4.487   4.488   4.516   4.518   4.602   4.627   4.641   4.648
  4.718   4.725   4.733   4.738   4.740   4.782   4.783   4.876
  4.876   4.904   4.904   4.907   4.947   4.986   5.106   5.107
  5.291   5.292   5.363   5.364   5.479   5.653   5.775   5.847
  5.849   5.878   5.998   6.002   6.006   6.038   6.154   6.156
  6.195  24.534  24.561  24.815  24.818  24.887  27.891  27.952
 28.004  28.005  28.391  28.482  28.506  28.507  28.524  28.548
 28.548  28.563  28.949  28.951  29.388  41.305  41.323  41.343
 41.406  41.413  41.416  41.418  41.456  41.460  41.463  41.542
 41.549  41.549  41.555  41.556  41.567  41.589  41.605  41.651
 41.655  41.661  41.664  41.685  41.755  41.756
 
 Beta MOs
 -- Occupied --
-10.260 -10.248 -10.244 -10.243 -10.243  -1.051  -0.944  -0.715
 -0.712  -0.634  -0.554  -0.542  -0.540  -0.420  -0.404  -0.396
 -0.320  -0.319  -0.301
 -- Virtual --
  0.126   0.138   0.141   0.144   0.160   0.164   0.166   0.181
  0.189   0.218   0.243   0.243   0.248   0.258   0.260   0.262
  0.288   0.289   0.294   0.304   0.318   0.318   0.323   0.332
  0.338   0.341   0.342   0.373   0.375   0.383   0.429   0.452
  0.452   0.468   0.487   0.494   0.496   0.547   0.565   0.565
  0.572   0.585   0.633   0.684   0.702   0.704   0.705   0.738
  0.741   0.783   0.812   0.814   0.819   0.852   0.858   0.862
  0.864   0.892   0.895   0.895   0.913   0.915   0.917   0.918
  0.937   0.977   1.045   1.066   1.066   1.074   1.090   1.123
  1.146   1.175   1.177   1.178   1.254   1.308   1.309   1.339
  1.374   1.380   1.381   1.410   1.419   1.421   1.438   1.470
  1.471   1.539   1.540   1.583   1.595   1.597   1.639   1.654
  1.656   1.665   1.682   1.694   1.707   1.719   1.752   1.753
  1.772   1.777   1.799   1.853   1.864   1.865   1.876   1.892
  1.895   1.904   1.955   2.090   2.118   2.119   2.135   2.815
  2.818   2.907   2.934   2.974   2.975   3.008   3.011   3.042
  3.052   3.052   3.116   3.134   3.135   3.191   3.251   3.254
  3.255   3.261   3.296   3.351   3.353   3.363   3.381   3.437
  3.438   3.444   3.445   3.474   3.489   3.493   3.545   3.556
  3.591   3.592   3.615   3.639   3.711   3.711   3.713   3.754
  3.755   3.806   3.807   3.820   3.848   3.877   3.883   3.914
  3.914   3.929   3.981   3.981   3.984   4.064   4.161   4.200
  4.246   4.259   4.260   4.321   4.322   4.350   4.436   4.485
  4.487   4.487   4.488   4.516   4.518   4.602   4.627   4.641
  4.648   4.718   4.725   4.733   4.738   4.740   4.782   4.783
  4.876   4.876   4.904   4.904   4.907   4.947   4.986   5.106
  5.108   5.291   5.293   5.363   5.364   5.479   5.653   5.775
  5.847   5.849   5.878   5.998   6.002   6.006   6.038   6.154
  6.156   6.195  24.534  24.561  24.815  24.818  24.887  27.891
 27.952  28.004  28.005  28.392  28.482  28.506  28.507  28.525
 28.548  28.548  28.564  28.949  28.952  29.388  41.305  41.323
 41.343  41.406  41.413  41.416  41.418  41.456  41.460  41.463
 41.542  41.549  41.549  41.555  41.556  41.567  41.589  41.606
 41.651  41.655  41.661  41.664  41.685  41.755  41.756
 --------------------------------------------------------------
 
          Ground-State Mulliken Net Atomic Charges

     Atom                 Charge (a.u.)    Spin (a.u.)
  --------------------------------------------------------
      1 C                    -3.959723       4.631210
      2 C                     2.718516      -3.065167
      3 C                     0.372075      -0.691626
      4 C                     1.667925      -1.998507
      5 C                     1.567766      -1.897348
      6 H                    -0.534208       0.622719
      7 H                    -0.556669       0.646097
      8 H                    -0.176765       0.248337
      9 H                    -0.190998       0.263537
     10 H                    -0.222343       0.293983
     11 H                    -0.748098       0.843572
     12 H                    -0.209945       0.280773
     13 H                    -0.727534       0.822421
  --------------------------------------------------------
  Sum of atomic charges =    -1.000000
  Sum of spin   charges =     1.000000

 -----------------------------------------------------------------
                    Cartesian Multipole Moments
 -----------------------------------------------------------------
    Charge (ESU x 10^10)
                -4.8032
    Dipole Moment (Debye)
         X       1.4478      Y      -4.9017      Z      -4.6255
       Tot       6.8933
    Quadrupole Moments (Debye-Ang)
        XX     -74.7549     XY       1.7735     YY     -63.4769
        XZ       1.5792     YZ      -4.8063     ZZ     -65.4940
    Octapole Moments (Debye-Ang^2)
       XXX      22.1707    XXY     -30.6048    XYY      10.5933
       YYY     -66.7077    XXZ     -73.6475    XYZ       1.8063
       YYZ     -62.5050    XZZ       7.8991    YZZ     -31.5542
       ZZZ    -184.9660
    Hexadecapole Moments (Debye-Ang^3)
      XXXX   -1098.7529   XXXY      13.4457   XXYY    -288.7704
      XYYY      16.3655   YYYY    -572.0728   XXXZ      24.3458
      XXYZ     -30.0570   XYYZ      11.4787   YYYZ     -65.6703
      XXZZ    -350.7439   XYZZ      10.2892   YYZZ    -257.9824
      XZZZ      23.0822   YZZZ     -84.2010   ZZZZ    -890.7241
 -----------------------------------------------------------------
 Total job time:  371.06s(wall), 367.00s(cpu) 
 Wed Mar 26 02:07:13 2014

        *************************************************************
        *                                                           *
        *  Thank you very much for using Q-Chem.  Have a nice day.  *
        *                                                           *
        *************************************************************


0 sent ACK to 0 
now end server 0 ... 
 
**********************************************************************
Job 2 of 3 
**********************************************************************
 
Process 0 of 1 is on cl132 - thread support 1
initial socket setup ...start
initial socket setup ...done 
now start server 0 ... 

cmd = /usr/bin/ssh clhead /usr/local/qchem/bin/get_hostid 1998508570 > /tmp/1603102.1.medium.q/qchem17450/lic.dat

cmd = /usr/bin/ssh clhead /usr/local/qchem/bin/get_hostid 1998508570 > /tmp/1603102.1.medium.q/qchem17450/lic.dat

cmd = /usr/bin/ssh clhead /usr/local/qchem/bin/get_hostid 1998508570 > /tmp/1603102.1.medium.q/qchem17450/lic.dat

cmd = /usr/bin/ssh clhead /usr/local/qchem/bin/get_hostid 1998508570 > /tmp/1603102.1.medium.q/qchem17450/lic.dat

cmd = /usr/bin/ssh clhead /usr/local/qchem/bin/get_hostid 1998508570 > /tmp/1603102.1.medium.q/qchem17450/lic.dat
                  Welcome to Q-Chem
     A Quantum Leap Into The Future Of Chemistry

 Y. Shao, L. Fusti-Molnar, Y. Jung, J. Kussmann, C. Ochsenfeld,
 S. T. Brown, A. T. B. Gilbert, L. V. Slipchenko,S. V. Levchenko,
 D. P. O'Neill, R. A. DiStasio Jr., R. C. Lochan, T. Wang,
 G. J. O. Beran, N. A. Besley, J. M. Herbert, C. Y. Lin,
 T. Van Voorhis, S. H. Chien, A. Sodt, R. P. Steele, 
 V. A. Rassolov, P. E. Maslen, P. P. Korambath, R. D. Adamson,
 B. Austin, J. Baker, E. F. C. Byrd, H. Dachsel, R. J. Doerksen,
 A. Dreuw, B. D. Dunietz, A. D. Dutoi, T. R. Furlani,
 S. R. Gwaltney, A. Heyden, S. Hirata, C.-P. Hsu, G. Kedziora,
 R. Z. Khaliullin, P. Klunzinger, A. M. Lee, M. S. Lee, W. Liang,
 I. Lotan, N. Nair, B. Peters, E. I. Proynov, P. A. Pieniazek, 
 Y. M. Rhee, J. Ritchie, E. Rosta, C. D. Sherrill, 
 A. C. Simmonett, J. E. Subotnik, H. L. Woodcock III,
 W. Zhang, A. T. Bell, A. K. Chakraborty, D. M. Chipman,
 F. J. Keil, A. Warshel, W. J. Hehre, H. F. Schaefer III,
 J. Kong, A. I. Krylov, P. M. W. Gill, M. Head-Gordon,
 Q-Chem, Version 3.1, Q-Chem, Inc., Pittsburgh, PA (2007).

 Additional authors for Version 3.1: 
 Z. Gan, Y. Zhao, N. E. Schultz, D. Truhlar, E. Epifanovsky and M. Oana.

 Additional authors for Version 3.2: 
 R. Baer, B. R. Brooks, D. Casanova, J.-D. Chai, C.-L. Cheng, 
 C. Cramer, D. Crittenden, A. Ghysels, G. Hawkins, E. G. Hohenstein, 
 C. Kelley, W. Kurlancheek, D. Liotard, E. Livshits, P. Manohar, 
 A. Marenich, D. Neuhauser, R. Olson, M. A. Rohrdanz, K. S. Thanthiriwatte, 
 A. J. W. Thom, V. Vanovschi, C. F. Williams, Q. Wu and Z.-Q. You. 


 Intel X86 Linux Version

 Q-chem begins on Wed Mar 26 02:07:18 2014  

 Parallel job on  1  processors
Processing $rem in /usr/local/qchem/config/preferences.

theFileMan(): MAXOPENFILES=974 MAX_SUB_FILE_NUM=16
Maximum size of a physical file is 2.0 GB, maximum size of a tmp-file is 32.0 GB


--------------------------------------------------------------
User input:
--------------------------------------------------------------

$molecule
0,1
C         -0.00003        0.00010        0.99991
C          1.26459        0.75942        0.98847
C          1.26447       -0.75945        0.98840
C         -1.27145        0.00003        0.25190
C         -1.25762        0.00005        1.77082
H          1.57412        1.26097        1.90079
H          1.55767        1.26188        0.07124
H          1.57397       -1.26106        1.90071
H          1.55744       -1.26192        0.07116
H         -1.57709       -0.91495       -0.24713
H         -1.57734        0.91489       -0.24721
H         -1.55434       -0.91483        2.27543
H         -1.55439        0.91487        2.27549
$end

$comment
neutral
$end

$xc_functional
C PBE   1.00
X wPBE  1.00
$end


$rem
SYMMETRY_DECOMPOSITION	0
LRC_DFT                 true
exchange 		general
BASIS                   g3large
omega			900
mem_static              760
max_scf_cycles          200
scf_final_print         1
sym_ignore              true
$end

--------------------------------------------------------------
 Writing REM_CC_EA           13
 ----------------------------------------------------
       Standard Nuclear Orientation (Angstroms)
    I     Atom         X            Y            Z
 ----------------------------------------------------
    1      C      -0.000030     0.000100     0.999910
    2      C       1.264590     0.759420     0.988470
    3      C       1.264470    -0.759450     0.988400
    4      C      -1.271450     0.000030     0.251900
    5      C      -1.257620     0.000050     1.770820
    6      H       1.574120     1.260970     1.900790
    7      H       1.557670     1.261880     0.071240
    8      H       1.573970    -1.261060     1.900710
    9      H       1.557440    -1.261920     0.071160
   10      H      -1.577090    -0.914950    -0.247130
   11      H      -1.577340     0.914890    -0.247210
   12      H      -1.554340    -0.914830     2.275430
   13      H      -1.554390     0.914870     2.275490
 ----------------------------------------------------
 Nuclear Repulsion Energy =   171.0336147312 hartrees
 There are       19 alpha and       19 beta electrons
 Requested basis set is G3large
 There are 98 shells and 290 basis functions

Total QAlloc Memory Limit   2000 MB
Mega-Array Size       743 MB
MEM_STATIC part       760 MB

                       Distance Matrix (Angstroms)
             C (  1)   C (  2)   C (  3)   C (  4)   C (  5)   H (  6)
   C (  2)  1.475114
   C (  3)  1.475130  1.518870
   C (  4)  1.475137  2.747855  2.747750
   C (  5)  1.475071  2.747773  2.747719  1.518983
   H (  6)  2.208920  1.086135  2.238400  3.522226  3.102509
   H (  7)  2.209286  1.086127  2.238956  3.103035  3.522307  1.829624
   H (  8)  2.208946  2.238356  1.086146  3.522121  3.102446  2.522030
   H (  9)  2.209295  2.238981  1.086111  3.102870  3.522212  3.116536
   H ( 10)  2.208969  3.522125  3.102447  1.086110  2.238617  4.390708
   H ( 11)  2.209085  3.102844  3.522220  1.086116  2.238660  3.829540
   H ( 12)  2.209056  3.522179  3.102625  2.238676  1.086130  3.829063
   H ( 13)  2.209059  3.102778  3.522204  2.238728  1.086121  3.169820
             H (  7)   H (  8)   H (  9)   H ( 10)   H ( 11)   H ( 12)
   H (  8)  3.116481
   H (  9)  2.523800  1.829625
   H ( 10)  3.829709  3.829124  3.169696
   H ( 11)  3.170189  4.390794  3.829714  1.829840
   H ( 12)  4.391028  3.169639  3.829158  2.522663  3.116427
   H ( 13)  3.829367  3.829069  4.391010  3.116467  2.522804  1.829700

 
 A cutoff of  1.0D-08 yielded   4435 shell pairs
 There are  39245 function pairs ( 48051 Cartesian)
Evaluating contribution to one-electron hamiltonian from nuclear
 Smallest overlap matrix eigenvalue = 2.58E-05

 Q-Chem warning in module mkSTV.C, line 194:

 Overlap eigenvalue is smaller than square root of threshold

 Multipole matrices computed through 2nd order

  Scale SEOQF with 1.000000e-01/1.000000e-01/1.000000e-01

 Standard Electronic Orientation quadrupole field applied
 Nucleus-field energy     =    -0.0000000026 hartrees
 Guess from superposition of atomic densities
 Warning:  Energy on first SCF cycle will be non-variational
 Long-range K will be added via erf
 Coulomb attenuation parameter = 0.9 bohr**(-1)
 A restricted Kohn-Sham SCF calculation will be
 performed using Pulay DIIS extrapolation
 Exchange:  wPBE + LR-HF      Correlation:  PBE
 Using SG-1 standard quadrature grid
 SCF converges when DIIS error is below 1.0E-05
 Requested basis set is G3large
 There are 98 shells and 290 basis functions
 A cutoff of  1.0D-08 yielded   4435 shell pairs
 There are  39245 function pairs ( 48051 Cartesian)
 ---------------------------------------
  Cycle       Energy         DIIS Error
 ---------------------------------------
    1    -197.6171258410      3.02E-02
    2    -195.0841845302      2.62E-03
    3    -195.1794031345      1.19E-03
    4    -195.1947141522      3.60E-04
    5    -195.1970756506      7.53E-05
    6    -195.1971912314      2.93E-05
    7    -195.1972090593      8.28E-06 Convergence criterion met
 ---------------------------------------
 One-Electron    Energy =  -599.9357314397
 Total Coulomb   Energy =   263.7763179043
 Alpha Exchange  Energy =    -6.5855040717
 Beta  Exchange  Energy =    -6.5855040717
 DFT   Exchange  Energy =   -15.6494884853
 DFT Correlation Energy =    -1.2509136237
 Nuclear Repu.   Energy =   171.0336147286
 Nuclear Attr.   Energy =  -793.9012575584
 Kinetic         Energy =   193.9655261187
 SCF time:  CPU 247.61 s  wall 250.68 s
 Final Alpha MO Eigenvalues
            1           2           3           4           5           6
    1 -10.3804088 -10.3665952 -10.3665310 -10.3659558 -10.3659198  -1.1715851
            7           8           9          10          11          12
    1  -1.0651446  -0.8346371  -0.8346308  -0.7547501  -0.6745867  -0.6623038
           13          14          15          16          17          18
    1  -0.6622858  -0.5412156  -0.5253285  -0.5174547  -0.4409004  -0.4408902
           19          20          21          22          23          24
    1  -0.4223514   0.0435251   0.0549868   0.0550091   0.0598839   0.0784569
 Analysis of SCF Wavefunction
 
 --------------------------------------------------------------
                    Orbital Energies (a.u.)
 --------------------------------------------------------------
 
 Alpha MOs
 -- Occupied --
-10.380 -10.367 -10.367 -10.366 -10.366  -1.172  -1.065  -0.835
 -0.835  -0.755  -0.675  -0.662  -0.662  -0.541  -0.525  -0.517
 -0.441  -0.441  -0.422
 -- Virtual --
  0.044   0.055   0.055   0.060   0.078   0.078   0.082   0.098
  0.103   0.126   0.154   0.154   0.163   0.169   0.170   0.170
  0.192   0.195   0.195   0.207   0.218   0.218   0.225   0.240
  0.242   0.247   0.247   0.266   0.266   0.274   0.323   0.338
  0.338   0.356   0.382   0.382   0.387   0.436   0.458   0.458
  0.467   0.472   0.520   0.573   0.590   0.593   0.593   0.625
  0.625   0.670   0.698   0.698   0.706   0.738   0.743   0.747
  0.747   0.778   0.778   0.778   0.799   0.799   0.803   0.804
  0.818   0.863   0.926   0.946   0.946   0.954   0.969   1.003
  1.027   1.055   1.058   1.058   1.134   1.188   1.188   1.219
  1.255   1.261   1.261   1.290   1.301   1.302   1.319   1.352
  1.352   1.421   1.421   1.464   1.477   1.477   1.520   1.537
  1.537   1.546   1.564   1.576   1.587   1.602   1.634   1.634
  1.654   1.657   1.681   1.733   1.745   1.745   1.756   1.775
  1.775   1.785   1.835   1.971   1.998   1.998   2.015   2.696
  2.696   2.787   2.815   2.855   2.855   2.888   2.890   2.922
  2.931   2.932   2.996   3.014   3.014   3.070   3.130   3.134
  3.134   3.140   3.175   3.231   3.231   3.242   3.260   3.317
  3.317   3.323   3.324   3.353   3.368   3.372   3.424   3.435
  3.471   3.471   3.495   3.518   3.591   3.591   3.593   3.634
  3.634   3.685   3.686   3.699   3.727   3.757   3.762   3.794
  3.794   3.809   3.861   3.861   3.863   3.943   4.040   4.079
  4.125   4.139   4.139   4.200   4.201   4.229   4.315   4.364
  4.366   4.366   4.366   4.396   4.396   4.482   4.506   4.520
  4.527   4.597   4.605   4.612   4.618   4.619   4.662   4.662
  4.755   4.755   4.784   4.785   4.785   4.826   4.865   4.985
  4.987   5.171   5.171   5.242   5.243   5.358   5.533   5.654
  5.727   5.727   5.757   5.879   5.879   5.884   5.917   6.034
  6.034   6.075  24.413  24.439  24.695  24.695  24.766  27.770
 27.831  27.883  27.883  28.270  28.360  28.385  28.385  28.403
 28.427  28.427  28.442  28.829  28.829  29.267  41.184  41.201
 41.222  41.285  41.293  41.294  41.296  41.335  41.340  41.340
 41.421  41.428  41.428  41.434  41.434  41.446  41.468  41.484
 41.532  41.532  41.540  41.541  41.564  41.635  41.635
 --------------------------------------------------------------
 
          Ground-State Mulliken Net Atomic Charges

     Atom                 Charge (a.u.)
  ----------------------------------------
      1 C                     0.613898
      2 C                    -0.314809
      3 C                    -0.315168
      4 C                    -0.314760
      5 C                    -0.314800
      6 H                     0.080698
      7 H                     0.080686
      8 H                     0.080647
      9 H                     0.080687
     10 H                     0.080804
     11 H                     0.080689
     12 H                     0.080730
     13 H                     0.080699
  ----------------------------------------
  Sum of atomic charges =     0.000000

 -----------------------------------------------------------------
                    Cartesian Multipole Moments
 -----------------------------------------------------------------
    Charge (ESU x 10^10)
                 0.0000
    Dipole Moment (Debye)
         X       0.0001      Y       0.0002      Z       0.0001
       Tot       0.0003
    Quadrupole Moments (Debye-Ang)
        XX     -32.1794     XY       0.0035     YY     -29.9839
        XZ       0.0203     YZ       0.0005     ZZ     -29.9857
    Octapole Moments (Debye-Ang^2)
       XXX       0.0023    XXY       0.0045    XYY      -0.5612
       YYY       0.0034    XXZ     -32.1665    XYZ       0.0037
       YYZ     -29.9812    XZZ       0.6025    YZZ       0.0030
       ZZZ     -89.9641
    Hexadecapole Moments (Debye-Ang^3)
      XXXX    -340.2373   XXXY       0.0152   XXYY     -64.1061
      XYYY       0.0115   YYYY    -109.6107   XXXZ       1.3395
      XXYZ       0.0035   XYYZ      -0.2621   YYYZ       0.0024
      XXZZ     -96.2729   XYZZ       0.0119   YYZZ     -60.3547
      XZZZ       2.4960   YZZZ       0.0070   ZZZZ    -289.5730
 -----------------------------------------------------------------
 Total job time:  251.17s(wall), 248.00s(cpu) 
 Wed Mar 26 02:11:29 2014

        *************************************************************
        *                                                           *
        *  Thank you very much for using Q-Chem.  Have a nice day.  *
        *                                                           *
        *************************************************************


0 sent ACK to 0 
now end server 0 ... 
 
**********************************************************************
Job 3 of 3 
**********************************************************************
 
Process 0 of 1 is on cl132 - thread support 1
initial socket setup ...start
initial socket setup ...done 
now start server 0 ... 

cmd = /usr/bin/ssh clhead /usr/local/qchem/bin/get_hostid 671056520 > /tmp/1603102.1.medium.q/qchem17450/lic.dat

cmd = /usr/bin/ssh clhead /usr/local/qchem/bin/get_hostid 671056520 > /tmp/1603102.1.medium.q/qchem17450/lic.dat

cmd = /usr/bin/ssh clhead /usr/local/qchem/bin/get_hostid 671056520 > /tmp/1603102.1.medium.q/qchem17450/lic.dat

cmd = /usr/bin/ssh clhead /usr/local/qchem/bin/get_hostid 671056520 > /tmp/1603102.1.medium.q/qchem17450/lic.dat

cmd = /usr/bin/ssh clhead /usr/local/qchem/bin/get_hostid 671056520 > /tmp/1603102.1.medium.q/qchem17450/lic.dat
                  Welcome to Q-Chem
     A Quantum Leap Into The Future Of Chemistry

 Y. Shao, L. Fusti-Molnar, Y. Jung, J. Kussmann, C. Ochsenfeld,
 S. T. Brown, A. T. B. Gilbert, L. V. Slipchenko,S. V. Levchenko,
 D. P. O'Neill, R. A. DiStasio Jr., R. C. Lochan, T. Wang,
 G. J. O. Beran, N. A. Besley, J. M. Herbert, C. Y. Lin,
 T. Van Voorhis, S. H. Chien, A. Sodt, R. P. Steele, 
 V. A. Rassolov, P. E. Maslen, P. P. Korambath, R. D. Adamson,
 B. Austin, J. Baker, E. F. C. Byrd, H. Dachsel, R. J. Doerksen,
 A. Dreuw, B. D. Dunietz, A. D. Dutoi, T. R. Furlani,
 S. R. Gwaltney, A. Heyden, S. Hirata, C.-P. Hsu, G. Kedziora,
 R. Z. Khaliullin, P. Klunzinger, A. M. Lee, M. S. Lee, W. Liang,
 I. Lotan, N. Nair, B. Peters, E. I. Proynov, P. A. Pieniazek, 
 Y. M. Rhee, J. Ritchie, E. Rosta, C. D. Sherrill, 
 A. C. Simmonett, J. E. Subotnik, H. L. Woodcock III,
 W. Zhang, A. T. Bell, A. K. Chakraborty, D. M. Chipman,
 F. J. Keil, A. Warshel, W. J. Hehre, H. F. Schaefer III,
 J. Kong, A. I. Krylov, P. M. W. Gill, M. Head-Gordon,
 Q-Chem, Version 3.1, Q-Chem, Inc., Pittsburgh, PA (2007).

 Additional authors for Version 3.1: 
 Z. Gan, Y. Zhao, N. E. Schultz, D. Truhlar, E. Epifanovsky and M. Oana.

 Additional authors for Version 3.2: 
 R. Baer, B. R. Brooks, D. Casanova, J.-D. Chai, C.-L. Cheng, 
 C. Cramer, D. Crittenden, A. Ghysels, G. Hawkins, E. G. Hohenstein, 
 C. Kelley, W. Kurlancheek, D. Liotard, E. Livshits, P. Manohar, 
 A. Marenich, D. Neuhauser, R. Olson, M. A. Rohrdanz, K. S. Thanthiriwatte, 
 A. J. W. Thom, V. Vanovschi, C. F. Williams, Q. Wu and Z.-Q. You. 


 Intel X86 Linux Version

 Q-chem begins on Wed Mar 26 02:11:33 2014  

 Parallel job on  1  processors
Processing $rem in /usr/local/qchem/config/preferences.

theFileMan(): MAXOPENFILES=974 MAX_SUB_FILE_NUM=16
Maximum size of a physical file is 2.0 GB, maximum size of a tmp-file is 32.0 GB


--------------------------------------------------------------
User input:
--------------------------------------------------------------

$molecule
1,2
C         -0.00003        0.00010        0.99991
C          1.26459        0.75942        0.98847
C          1.26447       -0.75945        0.98840
C         -1.27145        0.00003        0.25190
C         -1.25762        0.00005        1.77082
H          1.57412        1.26097        1.90079
H          1.55767        1.26188        0.07124
H          1.57397       -1.26106        1.90071
H          1.55744       -1.26192        0.07116
H         -1.57709       -0.91495       -0.24713
H         -1.57734        0.91489       -0.24721
H         -1.55434       -0.91483        2.27543
H         -1.55439        0.91487        2.27549
$end

$comment
positive
$end

$xc_functional
C PBE   1.00
X wPBE  1.00
$end

$rem
SYMMETRY_DECOMPOSITION	0
LRC_DFT                 true
exchange 		general
BASIS                   g3large
omega			900
mem_static              760
max_scf_cycles          200
scf_final_print         1
sym_ignore              true
$end

--------------------------------------------------------------
 Writing REM_CC_EA           13
 ----------------------------------------------------
       Standard Nuclear Orientation (Angstroms)
    I     Atom         X            Y            Z
 ----------------------------------------------------
    1      C      -0.000030     0.000100     0.999910
    2      C       1.264590     0.759420     0.988470
    3      C       1.264470    -0.759450     0.988400
    4      C      -1.271450     0.000030     0.251900
    5      C      -1.257620     0.000050     1.770820
    6      H       1.574120     1.260970     1.900790
    7      H       1.557670     1.261880     0.071240
    8      H       1.573970    -1.261060     1.900710
    9      H       1.557440    -1.261920     0.071160
   10      H      -1.577090    -0.914950    -0.247130
   11      H      -1.577340     0.914890    -0.247210
   12      H      -1.554340    -0.914830     2.275430
   13      H      -1.554390     0.914870     2.275490
 ----------------------------------------------------
 Nuclear Repulsion Energy =   171.0336147312 hartrees
 There are       19 alpha and       18 beta electrons
 Requested basis set is G3large
 There are 98 shells and 290 basis functions

Total QAlloc Memory Limit   2000 MB
Mega-Array Size       743 MB
MEM_STATIC part       760 MB

                       Distance Matrix (Angstroms)
             C (  1)   C (  2)   C (  3)   C (  4)   C (  5)   H (  6)
   C (  2)  1.475114
   C (  3)  1.475130  1.518870
   C (  4)  1.475137  2.747855  2.747750
   C (  5)  1.475071  2.747773  2.747719  1.518983
   H (  6)  2.208920  1.086135  2.238400  3.522226  3.102509
   H (  7)  2.209286  1.086127  2.238956  3.103035  3.522307  1.829624
   H (  8)  2.208946  2.238356  1.086146  3.522121  3.102446  2.522030
   H (  9)  2.209295  2.238981  1.086111  3.102870  3.522212  3.116536
   H ( 10)  2.208969  3.522125  3.102447  1.086110  2.238617  4.390708
   H ( 11)  2.209085  3.102844  3.522220  1.086116  2.238660  3.829540
   H ( 12)  2.209056  3.522179  3.102625  2.238676  1.086130  3.829063
   H ( 13)  2.209059  3.102778  3.522204  2.238728  1.086121  3.169820
             H (  7)   H (  8)   H (  9)   H ( 10)   H ( 11)   H ( 12)
   H (  8)  3.116481
   H (  9)  2.523800  1.829625
   H ( 10)  3.829709  3.829124  3.169696
   H ( 11)  3.170189  4.390794  3.829714  1.829840
   H ( 12)  4.391028  3.169639  3.829158  2.522663  3.116427
   H ( 13)  3.829367  3.829069  4.391010  3.116467  2.522804  1.829700

 
 A cutoff of  1.0D-08 yielded   4435 shell pairs
 There are  39245 function pairs ( 48051 Cartesian)
Evaluating contribution to one-electron hamiltonian from nuclear
 Smallest overlap matrix eigenvalue = 2.58E-05

 Q-Chem warning in module mkSTV.C, line 194:

 Overlap eigenvalue is smaller than square root of threshold

 Multipole matrices computed through 2nd order

  Scale SEOQF with 1.000000e-01/1.000000e-01/1.000000e-01

 Standard Electronic Orientation quadrupole field applied
 Nucleus-field energy     =    -0.0000000026 hartrees
 Guess from superposition of atomic densities
 Warning:  Energy on first SCF cycle will be non-variational
 Long-range K will be added via erf
 Coulomb attenuation parameter = 0.9 bohr**(-1)
 An unrestricted Kohn-Sham SCF calculation will be
 performed using Pulay DIIS extrapolation
 Exchange:  wPBE + LR-HF      Correlation:  PBE
 Using SG-1 standard quadrature grid
 SCF converges when DIIS error is below 1.0E-05
 Requested basis set is G3large
 There are 98 shells and 290 basis functions
 A cutoff of  1.0D-08 yielded   4435 shell pairs
 There are  39245 function pairs ( 48051 Cartesian)
 Warning!  Inaccurate integrated density:
   Number of electrons =    37
   Numerical integral  =    37.999765750979
   Relative error      =     2.7020695972 %
 ---------------------------------------
  Cycle       Energy         DIIS Error
 ---------------------------------------
    1    -197.6171258410      3.02E-02
    2    -194.6593683475      2.65E-03
    3    -194.7704611811      1.33E-03
    4    -194.7949764603      4.75E-04
    5    -194.8027648123      1.49E-04
    6    -194.8051957514      9.07E-05
    7    -194.8066078511      4.58E-05
    8    -194.8070641593      2.28E-05
    9    -194.8072343284      1.47E-05
   10    -194.8072917754      9.93E-06 Convergence criterion met
 ---------------------------------------
 One-Electron    Energy =  -590.5941144555
 Total Coulomb   Energy =   254.4905167845
 Alpha Exchange  Energy =    -6.6401038808
 Beta  Exchange  Energy =    -6.2781229171
 DFT   Exchange  Energy =   -15.6082112910
 DFT Correlation Energy =    -1.2108707441
 Nuclear Repu.   Energy =   171.0336147286
 Nuclear Attr.   Energy =  -784.3958746696
 Kinetic         Energy =   193.8017602141
 <S^2> = 0.7583
 SCF time:  CPU 455.57 s  wall 460.27 s
 Final Alpha MO Eigenvalues
            1           2           3           4           5           6
    1 -10.6853265 -10.6522137 -10.6353891 -10.5840578 -10.5832701  -1.4554003
            7           8           9          10          11          12
    1  -1.3172514  -1.1068617  -1.0545998  -1.0096995  -0.9170130  -0.9146250
           13          14          15          16          17          18
    1  -0.8940448  -0.7851449  -0.7652095  -0.7422379  -0.7365538  -0.6893473
           19          20          21          22          23          24
    1  -0.6608735  -0.0871713  -0.0758349  -0.0745394  -0.0666559  -0.0469909
 Final Beta MO Eigenvalues
            1           2           3           4           5           6
    1 -10.6771743 -10.6471250 -10.6328033 -10.5843958 -10.5836520  -1.4152414
            7           8           9          10          11          12
    1  -1.3100314  -1.0595709  -1.0510250  -0.9667344  -0.9101344  -0.8997742
           13          14          15          16          17          18
    1  -0.8628531  -0.7772427  -0.7513608  -0.7310006  -0.6817766  -0.6512141
           19          20          21          22          23
    1  -0.3386262  -0.0866146  -0.0741142  -0.0733485  -0.0662071
 Analysis of SCF Wavefunction
 
 --------------------------------------------------------------
                    Orbital Energies (a.u.)
 --------------------------------------------------------------
 
 Alpha MOs
 -- Occupied --
-10.685 -10.652 -10.635 -10.584 -10.583  -1.455  -1.317  -1.107
 -1.055  -1.010  -0.917  -0.915  -0.894  -0.785  -0.765  -0.742
 -0.737  -0.689  -0.661
 -- Virtual --
 -0.087  -0.076  -0.075  -0.067  -0.047  -0.043  -0.039  -0.033
 -0.024  -0.004  -0.004   0.009   0.019   0.026   0.026   0.031
  0.041   0.043   0.048   0.061   0.063   0.072   0.078   0.090
  0.094   0.095   0.100   0.100   0.101   0.109   0.139   0.147
  0.149   0.175   0.190   0.209   0.216   0.226   0.261   0.265
  0.279   0.304   0.323   0.386   0.388   0.399   0.404   0.425
  0.435   0.466   0.495   0.495   0.498   0.525   0.532   0.542
  0.545   0.546   0.567   0.583   0.585   0.603   0.604   0.611
  0.627   0.674   0.693   0.729   0.741   0.748   0.775   0.789
  0.814   0.844   0.846   0.851   0.930   0.981   0.986   1.010
  1.017   1.049   1.058   1.064   1.084   1.095   1.121   1.139
  1.144   1.200   1.205   1.251   1.252   1.275   1.286   1.306
  1.326   1.339   1.348   1.362   1.362   1.395   1.419   1.424
  1.429   1.449   1.474   1.515   1.528   1.539   1.542   1.551
  1.575   1.577   1.618   1.726   1.748   1.762   1.782   2.440
  2.474   2.529   2.585   2.620   2.632   2.633   2.651   2.661
  2.681   2.697   2.750   2.763   2.770   2.812   2.879   2.879
  2.897   2.901   2.919   2.984   2.986   3.010   3.023   3.040
  3.073   3.077   3.090   3.094   3.123   3.148   3.169   3.185
  3.232   3.235   3.248   3.274   3.352   3.358   3.359   3.381
  3.403   3.435   3.444   3.459   3.487   3.512   3.512   3.548
  3.555   3.582   3.609   3.612   3.619   3.697   3.796   3.836
  3.887   3.895   3.907   3.947   3.970   3.986   4.068   4.116
  4.123   4.131   4.134   4.147   4.177   4.252   4.279   4.283
  4.302   4.352   4.361   4.363   4.389   4.396   4.418   4.424
  4.512   4.514   4.538   4.549   4.559   4.568   4.613   4.721
  4.742   4.893   4.937   4.994   4.995   5.123   5.285   5.410
  5.455   5.497   5.523   5.628   5.645   5.667   5.697   5.769
  5.805   5.814  24.125  24.192  24.418  24.477  24.505  27.509
 27.580  27.595  27.611  28.000  28.113  28.116  28.117  28.144
 28.177  28.191  28.212  28.551  28.610  28.984  40.882  40.925
 40.983  41.006  41.022  41.045  41.063  41.073  41.075  41.120
 41.122  41.139  41.152  41.178  41.182  41.214  41.222  41.235
 41.251  41.268  41.308  41.323  41.323  41.340  41.369
 
 Beta MOs
 -- Occupied --
-10.677 -10.647 -10.633 -10.584 -10.584  -1.415  -1.310  -1.060
 -1.051  -0.967  -0.910  -0.900  -0.863  -0.777  -0.751  -0.731
 -0.682  -0.651
 -- Virtual --
 -0.339  -0.087  -0.074  -0.073  -0.066  -0.042  -0.042  -0.037
 -0.033  -0.023  -0.004   0.010   0.010   0.021   0.027   0.032
  0.032   0.044   0.049   0.053   0.063   0.067   0.073   0.078
  0.094   0.096   0.098   0.100   0.103   0.104   0.110   0.150
  0.151   0.152   0.182   0.201   0.210   0.228   0.232   0.274
  0.277   0.280   0.306   0.326   0.389   0.395   0.405   0.415
  0.426   0.441   0.474   0.496   0.502   0.507   0.537   0.543
  0.547   0.550   0.569   0.573   0.586   0.591   0.605   0.610
  0.615   0.628   0.676   0.703   0.737   0.743   0.749   0.777
  0.791   0.817   0.847   0.851   0.852   0.935   0.985   0.987
  1.015   1.034   1.053   1.060   1.073   1.086   1.102   1.123
  1.142   1.147   1.205   1.213   1.255   1.261   1.276   1.295
  1.314   1.331   1.339   1.354   1.365   1.369   1.397   1.421
  1.429   1.437   1.452   1.476   1.518   1.532   1.540   1.543
  1.557   1.577   1.580   1.620   1.734   1.764   1.765   1.790
  2.449   2.478   2.541   2.590   2.625   2.636   2.656   2.665
  2.668   2.685   2.702   2.756   2.771   2.780   2.825   2.887
  2.890   2.904   2.906   2.928   2.991   2.997   3.014   3.025
  3.061   3.080   3.083   3.094   3.101   3.130   3.153   3.178
  3.194   3.237   3.242   3.257   3.282   3.358   3.361   3.364
  3.391   3.407   3.448   3.453   3.462   3.493   3.518   3.520
  3.560   3.560   3.584   3.620   3.621   3.627   3.708   3.804
  3.843   3.891   3.900   3.913   3.956   3.973   3.994   4.077
  4.124   4.129   4.136   4.139   4.155   4.180   4.256   4.282
  4.290   4.306   4.359   4.365   4.373   4.391   4.399   4.423
  4.432   4.515   4.522   4.544   4.555   4.570   4.574   4.622
  4.729   4.748   4.908   4.939   4.998   5.007   5.127   5.291
  5.416   5.469   5.499   5.527   5.634   5.650   5.670   5.699
  5.781   5.807   5.821  24.132  24.194  24.422  24.477  24.508
 27.514  27.594  27.597  27.614  28.005  28.118  28.119  28.123
 28.146  28.178  28.192  28.212  28.557  28.610  28.988  40.897
 40.933  40.983  41.012  41.025  41.049  41.067  41.073  41.074
 41.122  41.132  41.148  41.156  41.181  41.183  41.214  41.227
 41.235  41.255  41.271  41.310  41.323  41.324  41.349  41.370
 --------------------------------------------------------------
 
          Ground-State Mulliken Net Atomic Charges

     Atom                 Charge (a.u.)    Spin (a.u.)
  --------------------------------------------------------
      1 C                     0.728328       0.427453
      2 C                    -0.186142       0.287839
      3 C                    -0.224513       0.134213
      4 C                    -0.271413      -0.000990
      5 C                    -0.272704      -0.004546
      6 H                     0.164048       0.015183
      7 H                     0.162582       0.011759
      8 H                     0.160895       0.023236
      9 H                     0.162501       0.026952
     10 H                     0.143823       0.019758
     11 H                     0.144493       0.019651
     12 H                     0.142490       0.016495
     13 H                     0.145613       0.022998
  --------------------------------------------------------
  Sum of atomic charges =     1.000000
  Sum of spin   charges =     1.000000

 -----------------------------------------------------------------
                    Cartesian Multipole Moments
 -----------------------------------------------------------------
    Charge (ESU x 10^10)
                 4.8032
    Dipole Moment (Debye)
         X       1.4362      Y       0.1683      Z       4.7865
       Tot       5.0001
    Quadrupole Moments (Debye-Ang)
        XX     -18.7342     XY       0.2432     YY     -22.4197
        XZ       1.3966     YZ       0.2254     ZZ     -19.4097
    Octapole Moments (Debye-Ang^2)
       XXX       4.8574    XXY       0.1936    XYY       4.3904
       YYY       0.0398    XXZ     -18.7954    XYZ       0.2459
       YYZ     -22.4684    XZZ       0.5432    YZZ       0.3859
       ZZZ     -67.7576
    Hexadecapole Moments (Debye-Ang^3)
      XXXX    -270.5184   XXXY       1.0861   XXYY     -42.2306
      XYYY       0.0253   YYYY     -86.9743   XXXZ       6.1095
      XXYZ       0.3622   XYYZ       4.5784   YYYZ       0.1226
      XXZZ     -64.3927   XYZZ       0.3614   YYZZ     -43.5123
      XZZZ      -0.7075   YZZZ       0.7287   ZZZZ    -231.8585
 -----------------------------------------------------------------
 Total job time:  460.76s(wall), 455.95s(cpu) 
 Wed Mar 26 02:19:14 2014

        *************************************************************
        *                                                           *
        *  Thank you very much for using Q-Chem.  Have a nice day.  *
        *                                                           *
        *************************************************************


0 sent ACK to 0 
now end server 0 ... 
