Process 0 of 1 is on cl135 - thread support 1
initial socket setup ...start
initial socket setup ...done 
now start server 0 ... 

cmd = /usr/bin/ssh clhead /usr/local/qchem/bin/get_hostid 1208950986 > /tmp/1602338.1.medium.q/qchem13371/lic.dat

cmd = /usr/bin/ssh clhead /usr/local/qchem/bin/get_hostid 1208950986 > /tmp/1602338.1.medium.q/qchem13371/lic.dat

cmd = /usr/bin/ssh clhead /usr/local/qchem/bin/get_hostid 1208950986 > /tmp/1602338.1.medium.q/qchem13371/lic.dat

cmd = /usr/bin/ssh clhead /usr/local/qchem/bin/get_hostid 1208950986 > /tmp/1602338.1.medium.q/qchem13371/lic.dat

cmd = /usr/bin/ssh clhead /usr/local/qchem/bin/get_hostid 1208950986 > /tmp/1602338.1.medium.q/qchem13371/lic.dat
                  Welcome to Q-Chem
     A Quantum Leap Into The Future Of Chemistry

 Y. Shao, L. Fusti-Molnar, Y. Jung, J. Kussmann, C. Ochsenfeld,
 S. T. Brown, A. T. B. Gilbert, L. V. Slipchenko,S. V. Levchenko,
 D. P. O'Neill, R. A. DiStasio Jr., R. C. Lochan, T. Wang,
 G. J. O. Beran, N. A. Besley, J. M. Herbert, C. Y. Lin,
 T. Van Voorhis, S. H. Chien, A. Sodt, R. P. Steele, 
 V. A. Rassolov, P. E. Maslen, P. P. Korambath, R. D. Adamson,
 B. Austin, J. Baker, E. F. C. Byrd, H. Dachsel, R. J. Doerksen,
 A. Dreuw, B. D. Dunietz, A. D. Dutoi, T. R. Furlani,
 S. R. Gwaltney, A. Heyden, S. Hirata, C.-P. Hsu, G. Kedziora,
 R. Z. Khaliullin, P. Klunzinger, A. M. Lee, M. S. Lee, W. Liang,
 I. Lotan, N. Nair, B. Peters, E. I. Proynov, P. A. Pieniazek, 
 Y. M. Rhee, J. Ritchie, E. Rosta, C. D. Sherrill, 
 A. C. Simmonett, J. E. Subotnik, H. L. Woodcock III,
 W. Zhang, A. T. Bell, A. K. Chakraborty, D. M. Chipman,
 F. J. Keil, A. Warshel, W. J. Hehre, H. F. Schaefer III,
 J. Kong, A. I. Krylov, P. M. W. Gill, M. Head-Gordon,
 Q-Chem, Version 3.1, Q-Chem, Inc., Pittsburgh, PA (2007).

 Additional authors for Version 3.1: 
 Z. Gan, Y. Zhao, N. E. Schultz, D. Truhlar, E. Epifanovsky and M. Oana.

 Additional authors for Version 3.2: 
 R. Baer, B. R. Brooks, D. Casanova, J.-D. Chai, C.-L. Cheng, 
 C. Cramer, D. Crittenden, A. Ghysels, G. Hawkins, E. G. Hohenstein, 
 C. Kelley, W. Kurlancheek, D. Liotard, E. Livshits, P. Manohar, 
 A. Marenich, D. Neuhauser, R. Olson, M. A. Rohrdanz, K. S. Thanthiriwatte, 
 A. J. W. Thom, V. Vanovschi, C. F. Williams, Q. Wu and Z.-Q. You. 


 Intel X86 Linux Version

 Q-chem begins on Sun Mar 23 14:40:13 2014  

 Parallel job on  1  processors
Processing $rem in /usr/local/qchem/config/preferences.

theFileMan(): MAXOPENFILES=974 MAX_SUB_FILE_NUM=16
Maximum size of a physical file is 2.0 GB, maximum size of a tmp-file is 32.0 GB


--------------------------------------------------------------
User input:
--------------------------------------------------------------

$molecule
-1,2
Si         0.00042        0.00000        0.00861
Si        -0.00042        0.00000        2.34162
H          1.39615        0.00000       -0.50798
H         -0.69759       -1.20904       -0.50646
H         -0.69759        1.20904       -0.50646
H         -1.39615        0.00000        2.85821
H          0.69759       -1.20904        2.85669
H          0.69759        1.20904        2.85669
$end

$comment
negative
$end

$xc_functional
C PBE   1.00
X wPBE  1.00
$end

$rem
SYMMETRY_DECOMPOSITION	0
exchange 		general
LRC_DFT                 true
BASIS                   g3large
omega			280
mem_static              760
max_scf_cycles          200
scf_final_print         1
sym_ignore              true
$end

--------------------------------------------------------------
 Writing REM_CC_EA            8
 ----------------------------------------------------
       Standard Nuclear Orientation (Angstroms)
    I     Atom         X            Y            Z
 ----------------------------------------------------
    1      Si      0.000420     0.000000     0.008610
    2      Si     -0.000420     0.000000     2.341620
    3      H       1.396150     0.000000    -0.507980
    4      H      -0.697590    -1.209040    -0.506460
    5      H      -0.697590     1.209040    -0.506460
    6      H      -1.396150     0.000000     2.858210
    7      H       0.697590    -1.209040     2.856690
    8      H       0.697590     1.209040     2.856690
 ----------------------------------------------------
 Nuclear Repulsion Energy =    90.8879884197 hartrees
 There are       18 alpha and       17 beta electrons
 Requested basis set is G3large
 There are 74 shells and 192 basis functions

Total QAlloc Memory Limit   2000 MB
Mega-Array Size       743 MB
MEM_STATIC part       760 MB

                       Distance Matrix (Angstroms)
             Si(  1)   Si(  2)   H (  3)   H (  4)   H (  5)   H (  6)
   Si(  2)  2.333010
   H (  3)  1.488263  3.173425
   H (  4)  1.488050  3.171653  2.417753
   H (  5)  1.488050  3.171653  2.417753  2.418080
   H (  6)  3.173425  1.488263  4.373577  3.642907  3.642907
   H (  7)  3.171653  1.488050  3.642907  3.641058  4.370860  2.417753
   H (  8)  3.171653  1.488050  3.642907  4.370860  3.641058  2.417753
             H (  7)
   H (  8)  2.418080
 
 A cutoff of  1.0D-08 yielded   2535 shell pairs
 There are  17276 function pairs ( 22407 Cartesian)
Evaluating contribution to one-electron hamiltonian from nuclear
 Smallest overlap matrix eigenvalue = 1.96E-04
 Multipole matrices computed through 2nd order

  Scale SEOQF with 1.000000e-01/1.000000e-01/1.000000e-01

 Standard Electronic Orientation quadrupole field applied
 Nucleus-field energy     =    -0.0000000103 hartrees
 Guess from superposition of atomic densities
 Warning:  Energy on first SCF cycle will be non-variational
 Long-range K will be added via erf
 Coulomb attenuation parameter = 0.28 bohr**(-1)
 An unrestricted Kohn-Sham SCF calculation will be
 performed using Pulay DIIS extrapolation
 Exchange:  wPBE + LR-HF      Correlation:  PBE
 Using SG-1 standard quadrature grid
 SCF converges when DIIS error is below 1.0E-05
 Requested basis set is G3large
 There are 74 shells and 192 basis functions
 A cutoff of  1.0D-08 yielded   2535 shell pairs
 There are  17276 function pairs ( 22407 Cartesian)
 Warning!  Inaccurate integrated density:
   Number of electrons =    35
   Numerical integral  =    34.000072301361
   Relative error      =    -2.8569362818 %
 ---------------------------------------
  Cycle       Energy         DIIS Error
 ---------------------------------------
    1    -582.2610233928      2.14E-02
    2    -582.2432061325      1.57E-03
    3    -582.2713303502      7.16E-04
    4    -582.2745244539      1.83E-04
    5    -582.2750874601      6.60E-05
    6    -582.2752758522      2.70E-05
    7    -582.2753362217      1.23E-05
    8    -582.2753675203      7.40E-06 Convergence criterion met
 ---------------------------------------
 One-Electron    Energy =  -993.5090537623
 Total Coulomb   Energy =   364.2993185534
 Alpha Exchange  Energy =    -2.6217361083
 Beta  Exchange  Energy =    -2.5154046707
 DFT   Exchange  Energy =   -37.5968407931
 DFT Correlation Energy =    -1.2196391487
 Nuclear Repu.   Energy =    90.8879884094
 Nuclear Attr.   Energy = -1574.8816301370
 Kinetic         Energy =   581.3725763747
 <S^2> = 0.7544
 SCF time:  CPU 113.17 s  wall 114.32 s
 Final Alpha MO Eigenvalues
            1           2           3           4           5           6
    1 -65.3556339 -65.3556291  -5.0139201  -5.0138222  -3.4214243  -3.4213948
            7           8           9          10          11          12
    1  -3.4206870  -3.4203403  -3.4200069  -3.4198468  -0.4832195  -0.4194620
           13          14          15          16          17          18
    1  -0.2738725  -0.2720827  -0.2476791  -0.2446148  -0.1939999   0.0638782
           19          20          21          22          23
    1   0.1608320   0.1632496   0.1934026   0.1956281   0.1985238
 Final Beta MO Eigenvalues
            1           2           3           4           5           6
    1 -65.3555910 -65.3555863  -5.0137232  -5.0136321  -3.4213841  -3.4213754
            7           8           9          10          11          12
    1  -3.4206272  -3.4201747  -3.4193863  -3.4193814  -0.4753376  -0.4157608
           13          14          15          16          17          18
    1  -0.2698914  -0.2589912  -0.2436058  -0.2339729  -0.1816849   0.1629348
           19          20          21          22
    1   0.1652005   0.1947655   0.1978927   0.2019094
 Analysis of SCF Wavefunction
 
 --------------------------------------------------------------
                    Orbital Energies (a.u.)
 --------------------------------------------------------------
 
 Alpha MOs
 -- Occupied --
-65.356 -65.356  -5.014  -5.014  -3.421  -3.421  -3.421  -3.420
 -3.420  -3.420  -0.483  -0.419  -0.274  -0.272  -0.248  -0.245
 -0.194   0.064
 -- Virtual --
  0.161   0.163   0.193   0.196   0.199   0.200   0.203   0.210
  0.211   0.220   0.222   0.260   0.286   0.287   0.295   0.296
  0.322   0.331   0.355   0.366   0.388   0.390   0.440   0.466
  0.482   0.483   0.486   0.487   0.533   0.535   0.536   0.537
  0.576   0.578   0.578   0.655   0.656   0.663   0.690   0.692
  0.706   0.720   0.743   0.744   0.746   0.868   0.870   0.874
  0.879   0.892   0.894   0.903   0.938   0.941   0.945   0.946
  0.983   1.073   1.074   1.086   1.087   1.145   1.146   1.148
  1.189   1.190   1.193   1.204   1.323   1.363   1.371   1.374
  1.375   1.377   1.448   1.450   1.472   1.514   1.517   1.545
  1.563   1.607   1.609   1.636   1.641   1.643   1.755   1.756
  1.757   1.759   1.848   1.951   2.280   2.344   2.346   2.363
  2.371   2.444   2.444   2.487   2.505   2.506   2.587   2.593
  2.594   2.747   3.055   3.060   3.091   3.096   3.302   3.328
  3.788   3.789   3.813   3.815   3.827   4.014   4.017   4.017
  4.021   4.263   4.291   4.296   4.299   4.304   4.316   4.322
  4.343   4.349   4.381   4.387   4.418   4.420   4.560   4.666
  4.697   4.700   4.764   4.768   6.152   6.343  11.592  11.593
 11.622  11.623  11.695  11.841  17.654  17.701  17.702  17.762
 17.777  17.913  17.914  17.955  17.996  18.022  22.319  22.326
 22.330  22.330  22.335  22.343  22.345  22.346  22.357  22.358
 22.358  22.359  22.373  22.384 141.020 141.242
 
 Beta MOs
 -- Occupied --
-65.356 -65.356  -5.014  -5.014  -3.421  -3.421  -3.421  -3.420
 -3.419  -3.419  -0.475  -0.416  -0.270  -0.259  -0.244  -0.234
 -0.182
 -- Virtual --
  0.163   0.165   0.195   0.198   0.202   0.206   0.207   0.212
  0.214   0.221   0.224   0.228   0.290   0.292   0.298   0.300
  0.304   0.336   0.339   0.359   0.370   0.393   0.394   0.447
  0.470   0.484   0.489   0.490   0.495   0.539   0.544   0.545
  0.547   0.580   0.580   0.585   0.658   0.667   0.675   0.701
  0.704   0.715   0.726   0.748   0.751   0.754   0.875   0.877
  0.881   0.883   0.900   0.902   0.910   0.940   0.945   0.947
  0.951   0.994   1.077   1.077   1.089   1.093   1.152   1.152
  1.162   1.193   1.198   1.203   1.206   1.327   1.369   1.378
  1.379   1.381   1.387   1.454   1.456   1.480   1.519   1.523
  1.552   1.569   1.610   1.618   1.642   1.645   1.654   1.759
  1.761   1.766   1.768   1.856   1.955   2.281   2.345   2.353
  2.367   2.376   2.448   2.452   2.490   2.510   2.512   2.592
  2.595   2.601   2.751   3.058   3.069   3.094   3.105   3.308
  3.333   3.789   3.791   3.815   3.817   3.828   4.016   4.020
  4.023   4.027   4.268   4.294   4.303   4.304   4.313   4.321
  4.325   4.347   4.359   4.383   4.396   4.425   4.427   4.566
  4.670   4.700   4.708   4.767   4.776   6.153   6.345  11.592
 11.595  11.622  11.624  11.696  11.842  17.654  17.702  17.702
 17.763  17.777  17.914  17.914  17.955  17.996  18.023  22.319
 22.326  22.330  22.330  22.336  22.343  22.345  22.346  22.357
 22.358  22.358  22.359  22.373  22.384 141.020 141.242
 --------------------------------------------------------------
 
          Ground-State Mulliken Net Atomic Charges

     Atom                 Charge (a.u.)    Spin (a.u.)
  --------------------------------------------------------
      1 Si                   -0.162313       0.552775
      2 Si                   -0.162367       0.552815
      3 H                    -0.109532      -0.020201
      4 H                    -0.139169      -0.015128
      5 H                    -0.088966      -0.017461
      6 H                    -0.109525      -0.020201
      7 H                    -0.088965      -0.017465
      8 H                    -0.139162      -0.015135
  --------------------------------------------------------
  Sum of atomic charges =    -1.000000
  Sum of spin   charges =     1.000000

 -----------------------------------------------------------------
                    Cartesian Multipole Moments
 -----------------------------------------------------------------
    Charge (ESU x 10^10)
                -4.8032
    Dipole Moment (Debye)
         X      -0.0001      Y       0.0000      Z      -5.6444
       Tot       5.6444
    Quadrupole Moments (Debye-Ang)
        XX     -43.9781     XY       2.3874     YY     -44.0741
        XZ       0.0222     YZ       2.4944     ZZ     -57.9749
    Octapole Moments (Debye-Ang^2)
       XXX      -0.0010    XXY      -0.0002    XYY      -0.0002
       YYY       0.0001    XXZ     -51.6798    XYZ       2.8055
       YYZ     -51.7928    XZZ       0.0519    YZZ       5.8626
       ZZZ    -188.7931
    Hexadecapole Moments (Debye-Ang^3)
      XXXX    -179.0172   XXXY       1.3357   XXYY     -60.0091
      XYYY      19.7079   YYYY    -179.9138   XXXZ      10.5578
      XXYZ       5.5936   XYYZ     -10.0121   YYYZ      16.7161
      XXZZ    -197.1406   XYZZ      10.5375   YYZZ    -197.4673
      XZZZ      -0.0878   YZZZ      47.2401   ZZZZ    -965.8342
 -----------------------------------------------------------------
 Total job time:  114.61s(wall), 113.39s(cpu) 
 Sun Mar 23 14:42:07 2014

        *************************************************************
        *                                                           *
        *  Thank you very much for using Q-Chem.  Have a nice day.  *
        *                                                           *
        *************************************************************


0 sent ACK to 0 
now end server 0 ... 
 
**********************************************************************
Job 2 of 3 
**********************************************************************
 
Process 0 of 1 is on cl135 - thread support 1
initial socket setup ...start
initial socket setup ...done 
now start server 0 ... 

cmd = /usr/bin/ssh clhead /usr/local/qchem/bin/get_hostid 2343667 > /tmp/1602338.1.medium.q/qchem13371/lic.dat

cmd = /usr/bin/ssh clhead /usr/local/qchem/bin/get_hostid 2343667 > /tmp/1602338.1.medium.q/qchem13371/lic.dat

cmd = /usr/bin/ssh clhead /usr/local/qchem/bin/get_hostid 2343667 > /tmp/1602338.1.medium.q/qchem13371/lic.dat

cmd = /usr/bin/ssh clhead /usr/local/qchem/bin/get_hostid 2343667 > /tmp/1602338.1.medium.q/qchem13371/lic.dat

cmd = /usr/bin/ssh clhead /usr/local/qchem/bin/get_hostid 2343667 > /tmp/1602338.1.medium.q/qchem13371/lic.dat
                  Welcome to Q-Chem
     A Quantum Leap Into The Future Of Chemistry

 Y. Shao, L. Fusti-Molnar, Y. Jung, J. Kussmann, C. Ochsenfeld,
 S. T. Brown, A. T. B. Gilbert, L. V. Slipchenko,S. V. Levchenko,
 D. P. O'Neill, R. A. DiStasio Jr., R. C. Lochan, T. Wang,
 G. J. O. Beran, N. A. Besley, J. M. Herbert, C. Y. Lin,
 T. Van Voorhis, S. H. Chien, A. Sodt, R. P. Steele, 
 V. A. Rassolov, P. E. Maslen, P. P. Korambath, R. D. Adamson,
 B. Austin, J. Baker, E. F. C. Byrd, H. Dachsel, R. J. Doerksen,
 A. Dreuw, B. D. Dunietz, A. D. Dutoi, T. R. Furlani,
 S. R. Gwaltney, A. Heyden, S. Hirata, C.-P. Hsu, G. Kedziora,
 R. Z. Khaliullin, P. Klunzinger, A. M. Lee, M. S. Lee, W. Liang,
 I. Lotan, N. Nair, B. Peters, E. I. Proynov, P. A. Pieniazek, 
 Y. M. Rhee, J. Ritchie, E. Rosta, C. D. Sherrill, 
 A. C. Simmonett, J. E. Subotnik, H. L. Woodcock III,
 W. Zhang, A. T. Bell, A. K. Chakraborty, D. M. Chipman,
 F. J. Keil, A. Warshel, W. J. Hehre, H. F. Schaefer III,
 J. Kong, A. I. Krylov, P. M. W. Gill, M. Head-Gordon,
 Q-Chem, Version 3.1, Q-Chem, Inc., Pittsburgh, PA (2007).

 Additional authors for Version 3.1: 
 Z. Gan, Y. Zhao, N. E. Schultz, D. Truhlar, E. Epifanovsky and M. Oana.

 Additional authors for Version 3.2: 
 R. Baer, B. R. Brooks, D. Casanova, J.-D. Chai, C.-L. Cheng, 
 C. Cramer, D. Crittenden, A. Ghysels, G. Hawkins, E. G. Hohenstein, 
 C. Kelley, W. Kurlancheek, D. Liotard, E. Livshits, P. Manohar, 
 A. Marenich, D. Neuhauser, R. Olson, M. A. Rohrdanz, K. S. Thanthiriwatte, 
 A. J. W. Thom, V. Vanovschi, C. F. Williams, Q. Wu and Z.-Q. You. 


 Intel X86 Linux Version

 Q-chem begins on Sun Mar 23 14:42:11 2014  

 Parallel job on  1  processors
Processing $rem in /usr/local/qchem/config/preferences.

theFileMan(): MAXOPENFILES=974 MAX_SUB_FILE_NUM=16
Maximum size of a physical file is 2.0 GB, maximum size of a tmp-file is 32.0 GB


--------------------------------------------------------------
User input:
--------------------------------------------------------------

$molecule
0,1
Si         0.00042        0.00000        0.00861
Si        -0.00042        0.00000        2.34162
H          1.39615        0.00000       -0.50798
H         -0.69759       -1.20904       -0.50646
H         -0.69759        1.20904       -0.50646
H         -1.39615        0.00000        2.85821
H          0.69759       -1.20904        2.85669
H          0.69759        1.20904        2.85669
$end

$comment
neutral
$end

$xc_functional
C PBE   1.00
X wPBE  1.00
$end


$rem
SYMMETRY_DECOMPOSITION	0
LRC_DFT                 true
exchange 		general
BASIS                   g3large
omega			280
mem_static              760
max_scf_cycles          200
scf_final_print         1
sym_ignore              true
$end

--------------------------------------------------------------
 Writing REM_CC_EA            8
 ----------------------------------------------------
       Standard Nuclear Orientation (Angstroms)
    I     Atom         X            Y            Z
 ----------------------------------------------------
    1      Si      0.000420     0.000000     0.008610
    2      Si     -0.000420     0.000000     2.341620
    3      H       1.396150     0.000000    -0.507980
    4      H      -0.697590    -1.209040    -0.506460
    5      H      -0.697590     1.209040    -0.506460
    6      H      -1.396150     0.000000     2.858210
    7      H       0.697590    -1.209040     2.856690
    8      H       0.697590     1.209040     2.856690
 ----------------------------------------------------
 Nuclear Repulsion Energy =    90.8879884197 hartrees
 There are       17 alpha and       17 beta electrons
 Requested basis set is G3large
 There are 74 shells and 192 basis functions

Total QAlloc Memory Limit   2000 MB
Mega-Array Size       743 MB
MEM_STATIC part       760 MB

                       Distance Matrix (Angstroms)
             Si(  1)   Si(  2)   H (  3)   H (  4)   H (  5)   H (  6)
   Si(  2)  2.333010
   H (  3)  1.488263  3.173425
   H (  4)  1.488050  3.171653  2.417753
   H (  5)  1.488050  3.171653  2.417753  2.418080
   H (  6)  3.173425  1.488263  4.373577  3.642907  3.642907
   H (  7)  3.171653  1.488050  3.642907  3.641058  4.370860  2.417753
   H (  8)  3.171653  1.488050  3.642907  4.370860  3.641058  2.417753
             H (  7)
   H (  8)  2.418080
 
 A cutoff of  1.0D-08 yielded   2535 shell pairs
 There are  17276 function pairs ( 22407 Cartesian)
Evaluating contribution to one-electron hamiltonian from nuclear
 Smallest overlap matrix eigenvalue = 1.96E-04
 Multipole matrices computed through 2nd order

  Scale SEOQF with 1.000000e-01/1.000000e-01/1.000000e-01

 Standard Electronic Orientation quadrupole field applied
 Nucleus-field energy     =    -0.0000000103 hartrees
 Guess from superposition of atomic densities
 Warning:  Energy on first SCF cycle will be non-variational
 Long-range K will be added via erf
 Coulomb attenuation parameter = 0.28 bohr**(-1)
 A restricted Kohn-Sham SCF calculation will be
 performed using Pulay DIIS extrapolation
 Exchange:  wPBE + LR-HF      Correlation:  PBE
 Using SG-1 standard quadrature grid
 SCF converges when DIIS error is below 1.0E-05
 Requested basis set is G3large
 There are 74 shells and 192 basis functions
 A cutoff of  1.0D-08 yielded   2535 shell pairs
 There are  17276 function pairs ( 22407 Cartesian)
 ---------------------------------------
  Cycle       Energy         DIIS Error
 ---------------------------------------
    1    -582.2610233928      2.14E-02
    2    -582.3216269410      1.47E-03
    3    -582.3408290245      4.01E-04
    4    -582.3419588453      1.30E-04
    5    -582.3420872784      4.31E-05
    6    -582.3421021008      7.58E-06 Convergence criterion met
 ---------------------------------------
 One-Electron    Energy =  -987.1199308657
 Total Coulomb   Energy =   357.6627731381
 Alpha Exchange  Energy =    -2.5199796310
 Beta  Exchange  Energy =    -2.5199796310
 DFT   Exchange  Energy =   -37.5368745703
 DFT Correlation Energy =    -1.1960989503
 Nuclear Repu.   Energy =    90.8879884094
 Nuclear Attr.   Energy = -1568.3904061873
 Kinetic         Energy =   581.2704753215
 SCF time:  CPU 67.27 s  wall 68.27 s
 Final Alpha MO Eigenvalues
            1           2           3           4           5           6
    1 -65.5457776 -65.5457734  -5.2070426  -5.2069478  -3.6138561  -3.6135217
            7           8           9          10          11          12
    1  -3.6135074  -3.6134612  -3.6134477  -3.6132742  -0.6741537  -0.6056608
           13          14          15          16          17          18
    1  -0.4557042  -0.4556403  -0.4268738  -0.4268578  -0.3833537   0.0402225
           19          20          21          22
    1   0.0467086   0.0703108   0.0704768   0.0743880
 Analysis of SCF Wavefunction
 
 --------------------------------------------------------------
                    Orbital Energies (a.u.)
 --------------------------------------------------------------
 
 Alpha MOs
 -- Occupied --
-65.546 -65.546  -5.207  -5.207  -3.614  -3.614  -3.614  -3.613
 -3.613  -3.613  -0.674  -0.606  -0.456  -0.456  -0.427  -0.427
 -0.383
 -- Virtual --
  0.040   0.047   0.070   0.070   0.074   0.074   0.075   0.075
  0.080   0.097   0.097   0.100   0.135   0.147   0.147   0.154
  0.168   0.174   0.175   0.213   0.215   0.220   0.220   0.290
  0.319   0.327   0.327   0.332   0.332   0.372   0.373   0.387
  0.387   0.423   0.431   0.431   0.485   0.497   0.502   0.527
  0.527   0.542   0.552   0.572   0.576   0.576   0.700   0.700
  0.701   0.713   0.723   0.723   0.732   0.770   0.770   0.773
  0.773   0.819   0.895   0.896   0.914   0.914   0.969   0.969
  0.976   1.016   1.016   1.020   1.021   1.153   1.191   1.199
  1.200   1.200   1.200   1.276   1.276   1.302   1.341   1.341
  1.373   1.391   1.426   1.427   1.459   1.460   1.461   1.581
  1.581   1.583   1.583   1.658   1.770   2.086   2.152   2.153
  2.170   2.178   2.253   2.254   2.295   2.315   2.315   2.399
  2.400   2.400   2.557   2.874   2.875   2.912   2.912   3.119
  3.145   3.595   3.596   3.620   3.621   3.635   3.828   3.830
  3.831   3.833   4.080   4.111   4.111   4.119   4.119   4.131
  4.134   4.162   4.162   4.201   4.201   4.236   4.236   4.377
  4.480   4.511   4.512   4.578   4.579   5.959   6.152  11.401
 11.401  11.431  11.431  11.502  11.650  17.461  17.509  17.509
 17.570  17.584  17.721  17.721  17.762  17.803  17.830  22.126
 22.133  22.137  22.137  22.142  22.150  22.151  22.153  22.164
 22.164  22.165  22.166  22.180  22.191 140.830 141.051
 --------------------------------------------------------------
 
          Ground-State Mulliken Net Atomic Charges

     Atom                 Charge (a.u.)
  ----------------------------------------
      1 Si                    0.233159
      2 Si                    0.233152
      3 H                    -0.077658
      4 H                    -0.077820
      5 H                    -0.077673
      6 H                    -0.077663
      7 H                    -0.077670
      8 H                    -0.077826
  ----------------------------------------
  Sum of atomic charges =     0.000000

 -----------------------------------------------------------------
                    Cartesian Multipole Moments
 -----------------------------------------------------------------
    Charge (ESU x 10^10)
                 0.0000
    Dipole Moment (Debye)
         X       0.0000      Y       0.0000      Z       0.0000
       Tot       0.0000
    Quadrupole Moments (Debye-Ang)
        XX     -31.1047     XY      -0.0002     YY     -31.1070
        XZ      -0.0038     YZ      -0.0005     ZZ     -31.9026
    Octapole Moments (Debye-Ang^2)
       XXX       0.0000    XXY       0.0000    XYY       0.0000
       YYY       0.0000    XXZ     -36.5516    XYZ      -0.0003
       YYZ     -36.5544    XZZ      -0.0089    YZZ      -0.0012
       ZZZ    -112.4678
    Hexadecapole Moments (Debye-Ang^3)
      XXXX     -83.1202   XXXY      -0.0017   XXYY     -27.7083
      XYYY      -0.0025   YYYY     -83.1359   XXXZ       1.0540
      XXYZ      -0.0014   XYYZ      -0.9876   YYYZ      -0.0040
      XXZZ    -118.6738   XYZZ      -0.0060   YYZZ    -118.6923
      XZZZ       0.0288   YZZZ      -0.0056   ZZZZ    -617.2928
 -----------------------------------------------------------------
 Total job time:  68.52s(wall), 67.48s(cpu) 
 Sun Mar 23 14:43:20 2014

        *************************************************************
        *                                                           *
        *  Thank you very much for using Q-Chem.  Have a nice day.  *
        *                                                           *
        *************************************************************


0 sent ACK to 0 
now end server 0 ... 
 
**********************************************************************
Job 3 of 3 
**********************************************************************
 
Process 0 of 1 is on cl135 - thread support 1
initial socket setup ...start
initial socket setup ...done 
now start server 0 ... 

cmd = /usr/bin/ssh clhead /usr/local/qchem/bin/get_hostid 1423483138 > /tmp/1602338.1.medium.q/qchem13371/lic.dat

cmd = /usr/bin/ssh clhead /usr/local/qchem/bin/get_hostid 1423483138 > /tmp/1602338.1.medium.q/qchem13371/lic.dat

cmd = /usr/bin/ssh clhead /usr/local/qchem/bin/get_hostid 1423483138 > /tmp/1602338.1.medium.q/qchem13371/lic.dat

cmd = /usr/bin/ssh clhead /usr/local/qchem/bin/get_hostid 1423483138 > /tmp/1602338.1.medium.q/qchem13371/lic.dat

cmd = /usr/bin/ssh clhead /usr/local/qchem/bin/get_hostid 1423483138 > /tmp/1602338.1.medium.q/qchem13371/lic.dat
                  Welcome to Q-Chem
     A Quantum Leap Into The Future Of Chemistry

 Y. Shao, L. Fusti-Molnar, Y. Jung, J. Kussmann, C. Ochsenfeld,
 S. T. Brown, A. T. B. Gilbert, L. V. Slipchenko,S. V. Levchenko,
 D. P. O'Neill, R. A. DiStasio Jr., R. C. Lochan, T. Wang,
 G. J. O. Beran, N. A. Besley, J. M. Herbert, C. Y. Lin,
 T. Van Voorhis, S. H. Chien, A. Sodt, R. P. Steele, 
 V. A. Rassolov, P. E. Maslen, P. P. Korambath, R. D. Adamson,
 B. Austin, J. Baker, E. F. C. Byrd, H. Dachsel, R. J. Doerksen,
 A. Dreuw, B. D. Dunietz, A. D. Dutoi, T. R. Furlani,
 S. R. Gwaltney, A. Heyden, S. Hirata, C.-P. Hsu, G. Kedziora,
 R. Z. Khaliullin, P. Klunzinger, A. M. Lee, M. S. Lee, W. Liang,
 I. Lotan, N. Nair, B. Peters, E. I. Proynov, P. A. Pieniazek, 
 Y. M. Rhee, J. Ritchie, E. Rosta, C. D. Sherrill, 
 A. C. Simmonett, J. E. Subotnik, H. L. Woodcock III,
 W. Zhang, A. T. Bell, A. K. Chakraborty, D. M. Chipman,
 F. J. Keil, A. Warshel, W. J. Hehre, H. F. Schaefer III,
 J. Kong, A. I. Krylov, P. M. W. Gill, M. Head-Gordon,
 Q-Chem, Version 3.1, Q-Chem, Inc., Pittsburgh, PA (2007).

 Additional authors for Version 3.1: 
 Z. Gan, Y. Zhao, N. E. Schultz, D. Truhlar, E. Epifanovsky and M. Oana.

 Additional authors for Version 3.2: 
 R. Baer, B. R. Brooks, D. Casanova, J.-D. Chai, C.-L. Cheng, 
 C. Cramer, D. Crittenden, A. Ghysels, G. Hawkins, E. G. Hohenstein, 
 C. Kelley, W. Kurlancheek, D. Liotard, E. Livshits, P. Manohar, 
 A. Marenich, D. Neuhauser, R. Olson, M. A. Rohrdanz, K. S. Thanthiriwatte, 
 A. J. W. Thom, V. Vanovschi, C. F. Williams, Q. Wu and Z.-Q. You. 


 Intel X86 Linux Version

 Q-chem begins on Sun Mar 23 14:43:24 2014  

 Parallel job on  1  processors
Processing $rem in /usr/local/qchem/config/preferences.

theFileMan(): MAXOPENFILES=974 MAX_SUB_FILE_NUM=16
Maximum size of a physical file is 2.0 GB, maximum size of a tmp-file is 32.0 GB


--------------------------------------------------------------
User input:
--------------------------------------------------------------

$molecule
1,2
Si         0.00042        0.00000        0.00861
Si        -0.00042        0.00000        2.34162
H          1.39615        0.00000       -0.50798
H         -0.69759       -1.20904       -0.50646
H         -0.69759        1.20904       -0.50646
H         -1.39615        0.00000        2.85821
H          0.69759       -1.20904        2.85669
H          0.69759        1.20904        2.85669
$end

$comment
positive
$end

$xc_functional
C PBE   1.00
X wPBE  1.00
$end

$rem
SYMMETRY_DECOMPOSITION	0
LRC_DFT                 true
exchange 		general
BASIS                   g3large
omega			280
mem_static              760
max_scf_cycles          200
scf_final_print         1
sym_ignore              true
$end

--------------------------------------------------------------
 Writing REM_CC_EA            8
 ----------------------------------------------------
       Standard Nuclear Orientation (Angstroms)
    I     Atom         X            Y            Z
 ----------------------------------------------------
    1      Si      0.000420     0.000000     0.008610
    2      Si     -0.000420     0.000000     2.341620
    3      H       1.396150     0.000000    -0.507980
    4      H      -0.697590    -1.209040    -0.506460
    5      H      -0.697590     1.209040    -0.506460
    6      H      -1.396150     0.000000     2.858210
    7      H       0.697590    -1.209040     2.856690
    8      H       0.697590     1.209040     2.856690
 ----------------------------------------------------
 Nuclear Repulsion Energy =    90.8879884197 hartrees
 There are       17 alpha and       16 beta electrons
 Requested basis set is G3large
 There are 74 shells and 192 basis functions

Total QAlloc Memory Limit   2000 MB
Mega-Array Size       743 MB
MEM_STATIC part       760 MB

                       Distance Matrix (Angstroms)
             Si(  1)   Si(  2)   H (  3)   H (  4)   H (  5)   H (  6)
   Si(  2)  2.333010
   H (  3)  1.488263  3.173425
   H (  4)  1.488050  3.171653  2.417753
   H (  5)  1.488050  3.171653  2.417753  2.418080
   H (  6)  3.173425  1.488263  4.373577  3.642907  3.642907
   H (  7)  3.171653  1.488050  3.642907  3.641058  4.370860  2.417753
   H (  8)  3.171653  1.488050  3.642907  4.370860  3.641058  2.417753
             H (  7)
   H (  8)  2.418080
 
 A cutoff of  1.0D-08 yielded   2535 shell pairs
 There are  17276 function pairs ( 22407 Cartesian)
Evaluating contribution to one-electron hamiltonian from nuclear
 Smallest overlap matrix eigenvalue = 1.96E-04
 Multipole matrices computed through 2nd order

  Scale SEOQF with 1.000000e-01/1.000000e-01/1.000000e-01

 Standard Electronic Orientation quadrupole field applied
 Nucleus-field energy     =    -0.0000000103 hartrees
 Guess from superposition of atomic densities
 Warning:  Energy on first SCF cycle will be non-variational
 Long-range K will be added via erf
 Coulomb attenuation parameter = 0.28 bohr**(-1)
 An unrestricted Kohn-Sham SCF calculation will be
 performed using Pulay DIIS extrapolation
 Exchange:  wPBE + LR-HF      Correlation:  PBE
 Using SG-1 standard quadrature grid
 SCF converges when DIIS error is below 1.0E-05
 Requested basis set is G3large
 There are 74 shells and 192 basis functions
 A cutoff of  1.0D-08 yielded   2535 shell pairs
 There are  17276 function pairs ( 22407 Cartesian)
 Warning!  Inaccurate integrated density:
   Number of electrons =    33
   Numerical integral  =    34.000072301361
   Relative error      =     3.0305221253 %
 ---------------------------------------
  Cycle       Energy         DIIS Error
 ---------------------------------------
    1    -582.2610233928      2.14E-02
    2    -581.8876301245      2.63E-03
    3    -581.9428710014      1.49E-03
    4    -581.9531564563      2.49E-04
    5    -581.9535881678      5.58E-05
    6    -581.9536764417      1.56E-05
    7    -581.9536958900      8.00E-06 Convergence criterion met
 ---------------------------------------
 One-Electron    Energy =  -978.6226484821
 Total Coulomb   Energy =   349.2602518138
 Alpha Exchange  Energy =    -2.5268336820
 Beta  Exchange  Energy =    -2.3822793894
 DFT   Exchange  Energy =   -37.4106009950
 DFT Correlation Energy =    -1.1595735648
 Nuclear Repu.   Energy =    90.8879884094
 Nuclear Attr.   Energy = -1559.6879989008
 Kinetic         Energy =   581.0653504188
 <S^2> = 0.7540
 SCF time:  CPU 98.02 s  wall 99.08 s
 Final Alpha MO Eigenvalues
            1           2           3           4           5           6
    1 -65.8072334 -65.8072285  -5.4676277  -5.4675223  -3.8811503  -3.8805163
            7           8           9          10          11          12
    1  -3.8712422  -3.8712332  -3.8711838  -3.8711748  -0.9351778  -0.8391935
           13          14          15          16          17          18
    1  -0.6847925  -0.6840034  -0.6599173  -0.6512631  -0.6502151  -0.1543351
           19          20          21          22
    1  -0.1541708  -0.1304737  -0.1175749  -0.0931434
 Final Beta MO Eigenvalues
            1           2           3           4           5           6
    1 -65.8057274 -65.8057228  -5.4659437  -5.4658452  -3.8757050  -3.8750881
            7           8           9          10          11          12
    1  -3.8706136  -3.8705818  -3.8705589  -3.8705273  -0.9008068  -0.8172777
           13          14          15          16          17          18
    1  -0.6764868  -0.6761999  -0.6430369  -0.6428379  -0.3911615  -0.1339572
           19          20          21
    1  -0.1336254  -0.1107581  -0.1102292
 Analysis of SCF Wavefunction
 
 --------------------------------------------------------------
                    Orbital Energies (a.u.)
 --------------------------------------------------------------
 
 Alpha MOs
 -- Occupied --
-65.807 -65.807  -5.468  -5.468  -3.881  -3.881  -3.871  -3.871
 -3.871  -3.871  -0.935  -0.839  -0.685  -0.684  -0.660  -0.651
 -0.650
 -- Virtual --
 -0.154  -0.154  -0.130  -0.118  -0.093  -0.093  -0.066  -0.063
 -0.059  -0.059  -0.029  -0.029  -0.018   0.004   0.004   0.005
  0.014   0.014   0.032   0.033   0.033   0.055   0.056   0.103
  0.138   0.138   0.151   0.151   0.152   0.189   0.189   0.212
  0.212   0.245   0.265   0.265   0.284   0.306   0.312   0.335
  0.335   0.351   0.356   0.370   0.370   0.374   0.489   0.494
  0.494   0.506   0.520   0.520   0.536   0.558   0.558   0.579
  0.579   0.621   0.676   0.677   0.709   0.709   0.749   0.749
  0.770   0.773   0.807   0.807   0.816   0.948   0.979   0.985
  0.985   0.998   0.999   1.074   1.075   1.103   1.131   1.132
  1.164   1.186   1.203   1.203   1.233   1.233   1.246   1.367
  1.367   1.369   1.370   1.399   1.540   1.826   1.891   1.891
  1.932   1.940   2.003   2.004   2.051   2.066   2.066   2.139
  2.139   2.165   2.298   2.651   2.652   2.690   2.691   2.897
  2.922   3.338   3.339   3.363   3.365   3.373   3.591   3.592
  3.594   3.596   3.857   3.873   3.888   3.890   3.897   3.899
  3.910   3.938   3.939   3.978   3.979   4.012   4.014   4.150
  4.243   4.277   4.277   4.341   4.342   5.702   5.899  11.145
 11.145  11.175  11.175  11.235  11.384  17.195  17.250  17.250
 17.309  17.324  17.456  17.461  17.501  17.545  17.571  21.863
 21.872  21.874  21.880  21.885  21.888  21.890  21.893  21.903
 21.904  21.905  21.905  21.923  21.931 140.569 140.790
 
 Beta MOs
 -- Occupied --
-65.806 -65.806  -5.466  -5.466  -3.876  -3.875  -3.871  -3.871
 -3.871  -3.871  -0.901  -0.817  -0.676  -0.676  -0.643  -0.643
 -- Virtual --
 -0.391  -0.134  -0.134  -0.111  -0.110  -0.091  -0.091  -0.058
 -0.058  -0.057  -0.056  -0.028  -0.028  -0.011   0.009   0.011
  0.011   0.015   0.015   0.034   0.035   0.035   0.058   0.059
  0.119   0.144   0.144   0.154   0.154   0.159   0.192   0.192
  0.216   0.216   0.252   0.269   0.269   0.285   0.315   0.322
  0.339   0.340   0.354   0.362   0.375   0.382   0.382   0.499
  0.503   0.503   0.516   0.524   0.524   0.542   0.566   0.566
  0.584   0.584   0.627   0.682   0.682   0.711   0.711   0.756
  0.756   0.777   0.798   0.814   0.814   0.821   0.955   0.991
  0.994   0.994   1.001   1.002   1.078   1.079   1.107   1.138
  1.138   1.172   1.193   1.207   1.207   1.236   1.236   1.255
  1.373   1.373   1.375   1.375   1.424   1.550   1.852   1.919
  1.920   1.931   1.939   2.019   2.020   2.057   2.080   2.080
  2.164   2.164   2.168   2.323   2.659   2.659   2.698   2.698
  2.904   2.929   3.343   3.344   3.368   3.370   3.385   3.595
  3.597   3.598   3.600   3.864   3.889   3.896   3.897   3.905
  3.906   3.919   3.946   3.947   3.986   3.986   4.021   4.021
  4.157   4.253   4.285   4.285   4.350   4.350   5.709   5.904
 11.146  11.146  11.176  11.176  11.246  11.395  17.201  17.251
 17.252  17.311  17.326  17.461  17.463  17.504  17.547  17.573
 21.865  21.874  21.876  21.881  21.885  21.890  21.892  21.894
 21.905  21.905  21.906  21.907  21.923  21.932 140.570 140.792
 --------------------------------------------------------------
 
          Ground-State Mulliken Net Atomic Charges

     Atom                 Charge (a.u.)    Spin (a.u.)
  --------------------------------------------------------
      1 Si                    0.407197       0.378459
      2 Si                    0.407185       0.378409
      3 H                     0.030375       0.036023
      4 H                     0.031252       0.043039
      5 H                     0.031179       0.042502
      6 H                     0.030378       0.036029
      7 H                     0.031178       0.042504
      8 H                     0.031255       0.043035
  --------------------------------------------------------
  Sum of atomic charges =     1.000000
  Sum of spin   charges =     1.000000

 -----------------------------------------------------------------
                    Cartesian Multipole Moments
 -----------------------------------------------------------------
    Charge (ESU x 10^10)
                 4.8032
    Dipole Moment (Debye)
         X       0.0000      Y       0.0000      Z       5.6444
       Tot       5.6444
    Quadrupole Moments (Debye-Ang)
        XX     -25.2191     XY       0.0018     YY     -25.1756
        XZ       0.0688     YZ       0.0062     ZZ      -8.2403
    Octapole Moments (Debye-Ang^2)
       XXX       0.0000    XXY       0.0000    XYY       0.0000
       YYY       0.0000    XXZ     -29.6353    XYZ       0.0021
       YYZ     -29.5842    XZZ       0.1617    YZZ       0.0145
       ZZZ     -44.6384
    Hexadecapole Moments (Debye-Ang^3)
      XXXX     -62.2675   XXXY       0.0032   XXYY     -20.7285
      XYYY       0.0037   YYYY     -62.1179   XXXZ      -3.3979
      XXYZ       0.0042   XYYZ       3.6402   YYYZ       0.0125
      XXZZ     -87.6511   XYZZ       0.0095   YYZZ     -87.4466
      XZZZ       0.6737   YZZZ       0.0558   ZZZZ    -361.1814
 -----------------------------------------------------------------
 Total job time:  99.34s(wall), 98.23s(cpu) 
 Sun Mar 23 14:45:03 2014

        *************************************************************
        *                                                           *
        *  Thank you very much for using Q-Chem.  Have a nice day.  *
        *                                                           *
        *************************************************************


0 sent ACK to 0 
now end server 0 ... 
