Process 0 of 1 is on cl249.stfx.acenet.ca - thread support 1
initial socket setup ...start
initial socket setup ...done 
now start server 0 ... 

cmd = /usr/bin/ssh clhead /usr/local/qchem/bin/get_hostid 798295525 > /scratch/tmp/6027741.1.long.q/qchem2064/lic.dat
                  Welcome to Q-Chem
     A Quantum Leap Into The Future Of Chemistry

 Y. Shao, L. Fusti-Molnar, Y. Jung, J. Kussmann, C. Ochsenfeld,
 S. T. Brown, A. T. B. Gilbert, L. V. Slipchenko,S. V. Levchenko,
 D. P. O'Neill, R. A. DiStasio Jr., R. C. Lochan, T. Wang,
 G. J. O. Beran, N. A. Besley, J. M. Herbert, C. Y. Lin,
 T. Van Voorhis, S. H. Chien, A. Sodt, R. P. Steele, 
 V. A. Rassolov, P. E. Maslen, P. P. Korambath, R. D. Adamson,
 B. Austin, J. Baker, E. F. C. Byrd, H. Dachsel, R. J. Doerksen,
 A. Dreuw, B. D. Dunietz, A. D. Dutoi, T. R. Furlani,
 S. R. Gwaltney, A. Heyden, S. Hirata, C.-P. Hsu, G. Kedziora,
 R. Z. Khaliullin, P. Klunzinger, A. M. Lee, M. S. Lee, W. Liang,
 I. Lotan, N. Nair, B. Peters, E. I. Proynov, P. A. Pieniazek, 
 Y. M. Rhee, J. Ritchie, E. Rosta, C. D. Sherrill, 
 A. C. Simmonett, J. E. Subotnik, H. L. Woodcock III,
 W. Zhang, A. T. Bell, A. K. Chakraborty, D. M. Chipman,
 F. J. Keil, A. Warshel, W. J. Hehre, H. F. Schaefer III,
 J. Kong, A. I. Krylov, P. M. W. Gill, M. Head-Gordon,
 Q-Chem, Version 3.1, Q-Chem, Inc., Pittsburgh, PA (2007).

 Additional authors for Version 3.1: 
 Z. Gan, Y. Zhao, N. E. Schultz, D. Truhlar, E. Epifanovsky and M. Oana.

 Additional authors for Version 3.2: 
 R. Baer, B. R. Brooks, D. Casanova, J.-D. Chai, C.-L. Cheng, 
 C. Cramer, D. Crittenden, A. Ghysels, G. Hawkins, E. G. Hohenstein, 
 C. Kelley, W. Kurlancheek, D. Liotard, E. Livshits, P. Manohar, 
 A. Marenich, D. Neuhauser, R. Olson, M. A. Rohrdanz, K. S. Thanthiriwatte, 
 A. J. W. Thom, V. Vanovschi, C. F. Williams, Q. Wu and Z.-Q. You. 


 Intel X86 Linux Version

 Q-chem begins on Mon Jun  3 17:03:51 2013  

 Parallel job on  1  processors
Processing $rem in /usr/local/qchem/config/preferences.

theFileMan(): MAXOPENFILES=974 MAX_SUB_FILE_NUM=16
Maximum size of a physical file is 2.0 GB, maximum size of a tmp-file is 32.0 GB


--------------------------------------------------------------
User input:
--------------------------------------------------------------

$molecule
-1,2
O
C1,O,r1
H1,C1,r2,O,a1
H,O,roh,C1,aoh,H1,toh,0
C2,C1,r3a,O,a2a,H1,t1a,0
C3,C1,r3b,O,a2b,H1,-t1b,0
H,C2,r4a,C1,a4a,H1,t2a,0
H,C3,r5a,C1,a5a,H1,-t2b,0
H,C2,r4b,C1,a4b,H1,t3a,0
H,C3,r5b,C1,a5b,H1,-t3b,0
H,C2,r4c,C1,a4c,H1,-t4a,0
H,C3,r5c,C1,a5c,H1,t4b,0

r1=1.43111827
r2=1.9557364
roh=2.07916264
r3a=1.52393712
r3b=1.53017411
r4a=1.09587708
r5a=1.09583825
r4b=1.09448657
r5b=1.09801539
r4c=1.0954512
r5c=1.0964078
a1=28.22171182
aoh=30.02045037
a2a=106.21524706
a2b=111.13113306
a4a=110.2041443
a5a=110.24366741
a4b=110.29321839
a5b=111.03931704
a4c=110.82961388
a5c=111.23833611
toh=-62.32359188
t1a=179.44473237
t1b=57.80032287
t2a=63.0172795
t2b=83.272013
t3a=-56.37337218
t3b=-36.4963859
t4a=176.72748761
t4b=156.21533884

$end

$comment
negative
$end

$xc_functional
C PBE   1.00
X wPBE  1.00
$end

$rem
SYMMETRY_DECOMPOSITION	0
exchange 		general
LRC_DFT                 true
BASIS                   g3large
omega			970
mem_static              760
max_scf_cycles          200
scf_final_print         1
sym_ignore              true
$end

--------------------------------------------------------------
 Writing REM_CC_EA           12
 ----------------------------------------------------
       Standard Nuclear Orientation (Angstroms)
    I     Atom         X            Y            Z
 ----------------------------------------------------
    1      O       0.000000     0.000000     0.000000
    2      C       0.000000     0.000000     1.431118
    3      H       0.924838     0.000000    -0.292129
    4      H       0.483161     0.921207     1.800236
    5      C      -1.463245     0.014181     1.856673
    6      C       0.760558    -1.207760     1.982752
    7      H      -1.967442    -0.894454     1.508657
    8      H       0.298586    -2.138301     1.634130
    9      H      -1.976608     0.877600     1.422084
   10      H       1.806714    -1.200668     1.649367
   11      H      -1.551233     0.066921     2.947310
   12      H       0.763328    -1.208441     3.079156
 ----------------------------------------------------
 Nuclear Repulsion Energy =   134.3979926221 hartrees
 There are       18 alpha and       17 beta electrons
 Requested basis set is G3large
 There are 88 shells and 248 basis functions

Total QAlloc Memory Limit   2000 MB
Mega-Array Size       743 MB
MEM_STATIC part       760 MB

                       Distance Matrix (Angstroms)
             O (  1)   C (  2)   H (  3)   H (  4)   C (  5)   C (  6)
   C (  2)  1.431118
   H (  3)  0.969878  1.955736
   H (  4)  2.079163  1.103773  2.328453
   C (  5)  2.364005  1.523937  3.212552  2.148110
   C (  6)  2.443039  1.530174  2.580844  2.154707  2.540539
   H (  7)  2.635701  2.162611  3.522521  3.063836  1.095877  2.786558
   H (  8)  2.707742  2.168571  2.945335  3.069568  2.790476  1.095838
   H (  9)  2.588336  2.162693  3.482398  2.489048  1.094487  3.486424
   H ( 10)  2.725111  2.180241  2.447185  2.505376  3.494491  1.098015
   H ( 11)  3.331282  2.170171  4.077912  2.486833  1.095451  2.810617
   H ( 12)  3.394731  2.181519  3.584965  2.499906  2.819024  1.096408
             H (  7)   H (  8)   H (  9)   H ( 10)   H ( 11)
   H (  8)  2.588007
   H (  9)  1.774192  3.783799
   H ( 10)  3.789170  1.775904  4.322543
   H ( 11)  1.779661  3.163745  1.778892  3.816706
   H ( 12)  3.165779  1.780091  3.821610  1.770031  2.645964
 
 A cutoff of  1.0D-08 yielded   3639 shell pairs
 There are  28920 function pairs ( 34904 Cartesian)
Evaluating contribution to one-electron hamiltonian from nuclear
 Smallest overlap matrix eigenvalue = 4.89E-05

 Q-Chem warning in module mkSTV.C, line 194:

 Overlap eigenvalue is smaller than square root of threshold

 Multipole matrices computed through 2nd order

  Scale SEOQF with 1.000000e-01/1.000000e-01/1.000000e-01

 Standard Electronic Orientation quadrupole field applied
 Nucleus-field energy     =    -0.0000000069 hartrees
 Guess from superposition of atomic densities
 Warning:  Energy on first SCF cycle will be non-variational
 Long-range K will be added via erf
 Coulomb attenuation parameter = 0.97 bohr**(-1)
 An unrestricted Kohn-Sham SCF calculation will be
 performed using Pulay DIIS extrapolation
 Exchange:  wPBE + LR-HF      Correlation:  PBE
 Using SG-1 standard quadrature grid
 SCF converges when DIIS error is below 1.0E-05
 Requested basis set is G3large
 There are 88 shells and 248 basis functions
 A cutoff of  1.0D-08 yielded   3639 shell pairs
 There are  28920 function pairs ( 34904 Cartesian)
 Warning!  Inaccurate integrated density:
   Number of electrons =    35
   Numerical integral  =    34.000227111547
   Relative error      =    -2.8564939670 %
 ---------------------------------------
  Cycle       Energy         DIIS Error
 ---------------------------------------
    1    -195.3633495338      2.84E-02
    2    -194.1356186071      3.68E-03
    3    -194.2427356412      2.23E-03
    4    -194.2733435650      5.13E-04
    5    -194.2777897817      1.75E-04
    6    -194.2787402920      5.76E-05
    7    -194.2790911063      2.82E-05
    8    -194.2793132733      2.01E-05
    9    -194.2794808826      1.41E-05
   10    -194.2796022514      6.72E-06 Convergence criterion met
 ---------------------------------------
 One-Electron    Energy =  -533.4944819757
 Total Coulomb   Energy =   232.7014439631
 Alpha Exchange  Energy =    -6.3051345304
 Beta  Exchange  Energy =    -6.2283539722
 DFT   Exchange  Energy =   -14.2337328480
 DFT Correlation Energy =    -1.1173355034
 Nuclear Repu.   Energy =   134.3979926152
 Nuclear Attr.   Energy =  -726.7414671160
 Kinetic         Energy =   193.2469851403
 <S^2> = 0.7501
 SCF time:  CPU 274.60 s  wall 275.58 s
 Final Alpha MO Eigenvalues
            1           2           3           4           5           6
    1 -19.1060389 -10.3277416 -10.2698654 -10.2547210  -1.1901304  -0.9178901
            7           8           9          10          11          12
    1  -0.8217266  -0.6853919  -0.5853133  -0.5196917  -0.4958114  -0.4395976
           13          14          15          16          17          18
    1  -0.4369174  -0.4217595  -0.4021619  -0.3658710  -0.3235085   0.0269471
           19          20          21          22          23
    1   0.1315053   0.1402732   0.1439968   0.1690060   0.1757513
 Final Beta MO Eigenvalues
            1           2           3           4           5           6
    1 -19.1058394 -10.3275156 -10.2698124 -10.2542933  -1.1892214  -0.9169334
            7           8           9          10          11          12
    1  -0.8203885  -0.6839698  -0.5838228  -0.5182054  -0.4954814  -0.4392956
           13          14          15          16          17          18
    1  -0.4367304  -0.4214473  -0.4016480  -0.3652943  -0.3226904   0.1322067
           19          20          21          22
    1   0.1498848   0.1539275   0.1579014   0.1736891
 Analysis of SCF Wavefunction
 
 --------------------------------------------------------------
                    Orbital Energies (a.u.)
 --------------------------------------------------------------
 
 Alpha MOs
 -- Occupied --
-19.106 -10.328 -10.270 -10.255  -1.190  -0.918  -0.822  -0.685
 -0.585  -0.520  -0.496  -0.440  -0.437  -0.422  -0.402  -0.366
 -0.324   0.027
 -- Virtual --
  0.132   0.140   0.144   0.169   0.176   0.179   0.188   0.238
  0.244   0.267   0.277   0.278   0.282   0.284   0.298   0.304
  0.307   0.328   0.344   0.378   0.396   0.413   0.420   0.435
  0.441   0.468   0.482   0.485   0.497   0.504   0.521   0.551
  0.569   0.590   0.645   0.665   0.698   0.722   0.737   0.743
  0.788   0.810   0.817   0.828   0.829   0.839   0.852   0.881
  0.890   0.907   0.913   0.936   0.947   0.975   1.015   1.064
  1.080   1.131   1.136   1.179   1.208   1.230   1.250   1.274
  1.313   1.346   1.359   1.389   1.411   1.426   1.447   1.466
  1.479   1.506   1.520   1.559   1.584   1.596   1.611   1.624
  1.633   1.650   1.673   1.703   1.749   1.762   1.775   1.793
  1.806   1.847   1.855   1.889   1.908   1.918   1.960   1.963
  2.105   2.213   2.390   2.424   2.632   2.684   2.751   2.873
  2.898   2.938   2.941   3.011   3.057   3.080   3.174   3.198
  3.215   3.243   3.290   3.312   3.319   3.357   3.390   3.481
  3.501   3.534   3.540   3.573   3.603   3.664   3.697   3.708
  3.717   3.741   3.792   3.820   3.903   3.925   3.931   3.957
  3.976   4.027   4.069   4.085   4.125   4.151   4.191   4.211
  4.250   4.286   4.365   4.367   4.382   4.395   4.429   4.497
  4.531   4.576   4.584   4.601   4.610   4.630   4.674   4.702
  4.716   4.725   4.811   4.833   4.869   4.938   4.962   4.995
  5.002   5.045   5.107   5.229   5.501   5.590   5.639   5.695
  5.779   5.805   5.898   5.944   5.984   6.039   6.060   6.084
  6.104   6.258   6.343   6.862   7.438   7.587   7.674   7.721
  8.007   8.124  24.557  24.665  24.767  27.998  28.169  28.473
 28.513  28.542  28.563  28.578  28.762  28.870  41.359  41.410
 41.423  41.428  41.460  41.464  41.555  41.585  41.599  41.615
 41.617  41.643  41.646  41.684  41.716  44.284  44.314  44.357
 44.399  44.467  46.150  46.464  46.837  50.366
 
 Beta MOs
 -- Occupied --
-19.106 -10.328 -10.270 -10.254  -1.189  -0.917  -0.820  -0.684
 -0.584  -0.518  -0.495  -0.439  -0.437  -0.421  -0.402  -0.365
 -0.323
 -- Virtual --
  0.132   0.150   0.154   0.158   0.174   0.183   0.186   0.194
  0.238   0.244   0.264   0.276   0.277   0.281   0.286   0.298
  0.306   0.309   0.327   0.344   0.379   0.395   0.413   0.420
  0.434   0.440   0.466   0.481   0.484   0.495   0.502   0.518
  0.550   0.567   0.588   0.644   0.663   0.698   0.721   0.736
  0.742   0.787   0.810   0.817   0.827   0.828   0.837   0.852
  0.879   0.890   0.905   0.913   0.935   0.945   0.975   1.015
  1.064   1.080   1.131   1.135   1.179   1.208   1.230   1.250
  1.274   1.313   1.346   1.359   1.389   1.411   1.426   1.447
  1.466   1.479   1.506   1.520   1.559   1.584   1.597   1.610
  1.624   1.633   1.650   1.673   1.703   1.749   1.761   1.775
  1.793   1.805   1.847   1.855   1.889   1.908   1.917   1.960
  1.962   2.105   2.213   2.390   2.424   2.633   2.684   2.751
  2.873   2.898   2.938   2.941   3.011   3.058   3.080   3.174
  3.198   3.215   3.243   3.291   3.312   3.319   3.357   3.391
  3.482   3.501   3.534   3.540   3.574   3.603   3.664   3.697
  3.708   3.718   3.741   3.792   3.821   3.903   3.925   3.931
  3.957   3.977   4.027   4.069   4.085   4.125   4.151   4.191
  4.211   4.250   4.286   4.365   4.367   4.382   4.395   4.429
  4.497   4.531   4.576   4.584   4.601   4.610   4.630   4.674
  4.702   4.716   4.725   4.811   4.833   4.869   4.939   4.962
  4.995   5.002   5.045   5.107   5.229   5.502   5.590   5.639
  5.695   5.779   5.805   5.899   5.944   5.985   6.039   6.060
  6.084   6.104   6.258   6.343   6.862   7.439   7.587   7.675
  7.721   8.008   8.124  24.557  24.665  24.768  27.998  28.169
 28.473  28.513  28.543  28.564  28.579  28.762  28.871  41.359
 41.410  41.423  41.429  41.461  41.464  41.555  41.585  41.599
 41.615  41.618  41.643  41.646  41.684  41.716  44.285  44.314
 44.357  44.399  44.467  46.150  46.464  46.837  50.367
 --------------------------------------------------------------
 
          Ground-State Mulliken Net Atomic Charges

     Atom                 Charge (a.u.)    Spin (a.u.)
  --------------------------------------------------------
      1 O                    -0.413156       0.068528
      2 C                     0.111227      -0.052216
      3 H                    -0.177761       0.457600
      4 H                    -0.873763       0.954034
      5 C                     0.476033      -0.747672
      6 C                     2.153848      -2.411534
      7 H                     0.068158       0.007364
      8 H                    -0.209468       0.287760
      9 H                    -0.084997       0.168391
     10 H                    -1.604352       1.694282
     11 H                    -0.075172       0.140461
     12 H                    -0.370597       0.433003
  --------------------------------------------------------
  Sum of atomic charges =    -1.000000
  Sum of spin   charges =     1.000000

 -----------------------------------------------------------------
                    Cartesian Multipole Moments
 -----------------------------------------------------------------
    Charge (ESU x 10^10)
                -4.8032
    Dipole Moment (Debye)
         X      -7.9783      Y       0.7531      Z      -6.3514
       Tot      10.2255
    Quadrupole Moments (Debye-Ang)
        XX     -65.8226     XY       4.6387     YY     -49.7509
        XZ     -12.2083     YZ       0.4432     ZZ     -62.7226
    Octapole Moments (Debye-Ang^2)
       XXX    -122.2922    XXY      27.1370    XYY     -33.9242
       YYY      40.6887    XXZ     -95.5156    XYZ       5.5222
       YYZ     -76.0752    XZZ     -48.1763    YZZ      15.7541
       ZZZ    -252.5325
    Hexadecapole Moments (Debye-Ang^3)
      XXXX    -854.2005   XXXY     121.3234   XXYY    -208.4189
      XYYY      77.6386   YYYY    -408.5870   XXXZ    -151.1238
      XXYZ      41.6611   XYYZ     -43.5099   YYYZ      72.7079
      XXZZ    -347.5051   XYZZ      33.1306   YYZZ    -267.1471
      XZZZ    -143.9463   YZZZ      85.0453   ZZZZ   -1216.1253
 -----------------------------------------------------------------
 Total job time:  275.95s(wall), 274.96s(cpu) 
 Mon Jun  3 17:08:27 2013

        *************************************************************
        *                                                           *
        *  Thank you very much for using Q-Chem.  Have a nice day.  *
        *                                                           *
        *************************************************************


0 sent ACK to 0 
now end server 0 ... 
 
**********************************************************************
Job 2 of 3 
**********************************************************************
 
Process 0 of 1 is on cl249.stfx.acenet.ca - thread support 1
initial socket setup ...start
initial socket setup ...done 
now start server 0 ... 

cmd = /usr/bin/ssh clhead /usr/local/qchem/bin/get_hostid 772445688 > /scratch/tmp/6027741.1.long.q/qchem2064/lic.dat
                  Welcome to Q-Chem
     A Quantum Leap Into The Future Of Chemistry

 Y. Shao, L. Fusti-Molnar, Y. Jung, J. Kussmann, C. Ochsenfeld,
 S. T. Brown, A. T. B. Gilbert, L. V. Slipchenko,S. V. Levchenko,
 D. P. O'Neill, R. A. DiStasio Jr., R. C. Lochan, T. Wang,
 G. J. O. Beran, N. A. Besley, J. M. Herbert, C. Y. Lin,
 T. Van Voorhis, S. H. Chien, A. Sodt, R. P. Steele, 
 V. A. Rassolov, P. E. Maslen, P. P. Korambath, R. D. Adamson,
 B. Austin, J. Baker, E. F. C. Byrd, H. Dachsel, R. J. Doerksen,
 A. Dreuw, B. D. Dunietz, A. D. Dutoi, T. R. Furlani,
 S. R. Gwaltney, A. Heyden, S. Hirata, C.-P. Hsu, G. Kedziora,
 R. Z. Khaliullin, P. Klunzinger, A. M. Lee, M. S. Lee, W. Liang,
 I. Lotan, N. Nair, B. Peters, E. I. Proynov, P. A. Pieniazek, 
 Y. M. Rhee, J. Ritchie, E. Rosta, C. D. Sherrill, 
 A. C. Simmonett, J. E. Subotnik, H. L. Woodcock III,
 W. Zhang, A. T. Bell, A. K. Chakraborty, D. M. Chipman,
 F. J. Keil, A. Warshel, W. J. Hehre, H. F. Schaefer III,
 J. Kong, A. I. Krylov, P. M. W. Gill, M. Head-Gordon,
 Q-Chem, Version 3.1, Q-Chem, Inc., Pittsburgh, PA (2007).

 Additional authors for Version 3.1: 
 Z. Gan, Y. Zhao, N. E. Schultz, D. Truhlar, E. Epifanovsky and M. Oana.

 Additional authors for Version 3.2: 
 R. Baer, B. R. Brooks, D. Casanova, J.-D. Chai, C.-L. Cheng, 
 C. Cramer, D. Crittenden, A. Ghysels, G. Hawkins, E. G. Hohenstein, 
 C. Kelley, W. Kurlancheek, D. Liotard, E. Livshits, P. Manohar, 
 A. Marenich, D. Neuhauser, R. Olson, M. A. Rohrdanz, K. S. Thanthiriwatte, 
 A. J. W. Thom, V. Vanovschi, C. F. Williams, Q. Wu and Z.-Q. You. 


 Intel X86 Linux Version

 Q-chem begins on Mon Jun  3 17:08:30 2013  

 Parallel job on  1  processors
Processing $rem in /usr/local/qchem/config/preferences.

theFileMan(): MAXOPENFILES=974 MAX_SUB_FILE_NUM=16
Maximum size of a physical file is 2.0 GB, maximum size of a tmp-file is 32.0 GB


--------------------------------------------------------------
User input:
--------------------------------------------------------------

$molecule
0,1
O
C1,O,r1
H1,C1,r2,O,a1
H,O,roh,C1,aoh,H1,toh,0
C2,C1,r3a,O,a2a,H1,t1a,0
C3,C1,r3b,O,a2b,H1,-t1b,0
H,C2,r4a,C1,a4a,H1,t2a,0
H,C3,r5a,C1,a5a,H1,-t2b,0
H,C2,r4b,C1,a4b,H1,t3a,0
H,C3,r5b,C1,a5b,H1,-t3b,0
H,C2,r4c,C1,a4c,H1,-t4a,0
H,C3,r5c,C1,a5c,H1,t4b,0

r1=1.43111827
r2=1.9557364
roh=2.07916264
r3a=1.52393712
r3b=1.53017411
r4a=1.09587708
r5a=1.09583825
r4b=1.09448657
r5b=1.09801539
r4c=1.0954512
r5c=1.0964078
a1=28.22171182
aoh=30.02045037
a2a=106.21524706
a2b=111.13113306
a4a=110.2041443
a5a=110.24366741
a4b=110.29321839
a5b=111.03931704
a4c=110.82961388
a5c=111.23833611
toh=-62.32359188
t1a=179.44473237
t1b=57.80032287
t2a=63.0172795
t2b=83.272013
t3a=-56.37337218
t3b=-36.4963859
t4a=176.72748761
t4b=156.21533884

$end

$comment
neutral
$end

$xc_functional
C PBE   1.00
X wPBE  1.00
$end


$rem
SYMMETRY_DECOMPOSITION	0
LRC_DFT                 true
exchange 		general
BASIS                   g3large
omega			970
mem_static              760
max_scf_cycles          200
scf_final_print         1
sym_ignore              true
$end

--------------------------------------------------------------
 Writing REM_CC_EA           12
 ----------------------------------------------------
       Standard Nuclear Orientation (Angstroms)
    I     Atom         X            Y            Z
 ----------------------------------------------------
    1      O       0.000000     0.000000     0.000000
    2      C       0.000000     0.000000     1.431118
    3      H       0.924838     0.000000    -0.292129
    4      H       0.483161     0.921207     1.800236
    5      C      -1.463245     0.014181     1.856673
    6      C       0.760558    -1.207760     1.982752
    7      H      -1.967442    -0.894454     1.508657
    8      H       0.298586    -2.138301     1.634130
    9      H      -1.976608     0.877600     1.422084
   10      H       1.806714    -1.200668     1.649367
   11      H      -1.551233     0.066921     2.947310
   12      H       0.763328    -1.208441     3.079156
 ----------------------------------------------------
 Nuclear Repulsion Energy =   134.3979926221 hartrees
 There are       17 alpha and       17 beta electrons
 Requested basis set is G3large
 There are 88 shells and 248 basis functions

Total QAlloc Memory Limit   2000 MB
Mega-Array Size       743 MB
MEM_STATIC part       760 MB

                       Distance Matrix (Angstroms)
             O (  1)   C (  2)   H (  3)   H (  4)   C (  5)   C (  6)
   C (  2)  1.431118
   H (  3)  0.969878  1.955736
   H (  4)  2.079163  1.103773  2.328453
   C (  5)  2.364005  1.523937  3.212552  2.148110
   C (  6)  2.443039  1.530174  2.580844  2.154707  2.540539
   H (  7)  2.635701  2.162611  3.522521  3.063836  1.095877  2.786558
   H (  8)  2.707742  2.168571  2.945335  3.069568  2.790476  1.095838
   H (  9)  2.588336  2.162693  3.482398  2.489048  1.094487  3.486424
   H ( 10)  2.725111  2.180241  2.447185  2.505376  3.494491  1.098015
   H ( 11)  3.331282  2.170171  4.077912  2.486833  1.095451  2.810617
   H ( 12)  3.394731  2.181519  3.584965  2.499906  2.819024  1.096408
             H (  7)   H (  8)   H (  9)   H ( 10)   H ( 11)
   H (  8)  2.588007
   H (  9)  1.774192  3.783799
   H ( 10)  3.789170  1.775904  4.322543
   H ( 11)  1.779661  3.163745  1.778892  3.816706
   H ( 12)  3.165779  1.780091  3.821610  1.770031  2.645964
 
 A cutoff of  1.0D-08 yielded   3639 shell pairs
 There are  28920 function pairs ( 34904 Cartesian)
Evaluating contribution to one-electron hamiltonian from nuclear
 Smallest overlap matrix eigenvalue = 4.89E-05

 Q-Chem warning in module mkSTV.C, line 194:

 Overlap eigenvalue is smaller than square root of threshold

 Multipole matrices computed through 2nd order

  Scale SEOQF with 1.000000e-01/1.000000e-01/1.000000e-01

 Standard Electronic Orientation quadrupole field applied
 Nucleus-field energy     =    -0.0000000069 hartrees
 Guess from superposition of atomic densities
 Warning:  Energy on first SCF cycle will be non-variational
 Long-range K will be added via erf
 Coulomb attenuation parameter = 0.97 bohr**(-1)
 A restricted Kohn-Sham SCF calculation will be
 performed using Pulay DIIS extrapolation
 Exchange:  wPBE + LR-HF      Correlation:  PBE
 Using SG-1 standard quadrature grid
 SCF converges when DIIS error is below 1.0E-05
 Requested basis set is G3large
 There are 88 shells and 248 basis functions
 A cutoff of  1.0D-08 yielded   3639 shell pairs
 There are  28920 function pairs ( 34904 Cartesian)
 ---------------------------------------
  Cycle       Energy         DIIS Error
 ---------------------------------------
    1    -195.3633495338      2.84E-02
    2    -194.2018505590      3.54E-03
    3    -194.2887882992      1.92E-03
    4    -194.3086961519      5.21E-04
    5    -194.3109427679      1.38E-04
    6    -194.3111593791      3.75E-05
    7    -194.3111744441      9.25E-06 Convergence criterion met
 ---------------------------------------
 One-Electron    Energy =  -529.1163772135
 Total Coulomb   Energy =   228.2128710127
 Alpha Exchange  Energy =    -6.2320381911
 Beta  Exchange  Energy =    -6.2320381911
 DFT   Exchange  Energy =   -14.2316260764
 DFT Correlation Energy =    -1.1099584000
 Nuclear Repu.   Energy =   134.3979926152
 Nuclear Attr.   Energy =  -722.3042542644
 Kinetic         Energy =   193.1878770509
 SCF time:  CPU 146.39 s  wall 146.90 s
 Final Alpha MO Eigenvalues
            1           2           3           4           5           6
    1 -19.2396089 -10.4603644 -10.3942197 -10.3865976  -1.3230083  -1.0464947
            7           8           9          10          11          12
    1  -0.9497535  -0.8140992  -0.7164441  -0.6488872  -0.6276897  -0.5696757
           13          14          15          16          17          18
    1  -0.5568792  -0.5507106  -0.5327405  -0.4959419  -0.4558624   0.0382996
           19          20          21          22
    1   0.0553879   0.0579967   0.0630719   0.0833989
 Analysis of SCF Wavefunction
 
 --------------------------------------------------------------
                    Orbital Energies (a.u.)
 --------------------------------------------------------------
 
 Alpha MOs
 -- Occupied --
-19.240 -10.460 -10.394 -10.387  -1.323  -1.046  -0.950  -0.814
 -0.716  -0.649  -0.628  -0.570  -0.557  -0.551  -0.533  -0.496
 -0.456
 -- Virtual --
  0.038   0.055   0.058   0.063   0.083   0.086   0.093   0.098
  0.136   0.145   0.163   0.171   0.175   0.178   0.183   0.191
  0.199   0.203   0.227   0.235   0.265   0.278   0.292   0.301
  0.317   0.322   0.345   0.362   0.366   0.379   0.387   0.407
  0.429   0.449   0.471   0.526   0.544   0.574   0.595   0.615
  0.623   0.666   0.686   0.697   0.703   0.708   0.709   0.725
  0.752   0.765   0.776   0.787   0.817   0.823   0.845   0.889
  0.935   0.951   1.003   1.006   1.051   1.080   1.103   1.122
  1.145   1.187   1.221   1.233   1.260   1.283   1.303   1.318
  1.337   1.355   1.378   1.394   1.436   1.454   1.469   1.482
  1.499   1.505   1.523   1.542   1.572   1.621   1.637   1.646
  1.663   1.682   1.718   1.730   1.762   1.782   1.789   1.828
  1.835   1.977   2.081   2.259   2.293   2.502   2.552   2.625
  2.741   2.766   2.811   2.816   2.879   2.932   2.951   3.045
  3.068   3.085   3.111   3.165   3.182   3.190   3.228   3.262
  3.355   3.368   3.410   3.411   3.443   3.473   3.538   3.568
  3.576   3.593   3.611   3.663   3.691   3.775   3.791   3.808
  3.832   3.844   3.897   3.938   3.953   3.994   4.017   4.059
  4.085   4.120   4.156   4.230   4.238   4.254   4.268   4.303
  4.367   4.399   4.445   4.453   4.475   4.484   4.501   4.542
  4.570   4.588   4.593   4.686   4.699   4.742   4.808   4.838
  4.858   4.878   4.914   4.978   5.100   5.370   5.459   5.508
  5.563   5.652   5.673   5.766   5.812   5.852   5.907   5.938
  5.955   5.975   6.126   6.211   6.730   7.306   7.451   7.542
  7.589   7.875   7.992  24.426  24.537  24.638  27.867  28.039
 28.340  28.388  28.412  28.438  28.448  28.632  28.740  41.230
 41.279  41.290  41.305  41.323  41.341  41.422  41.454  41.475
 41.478  41.488  41.507  41.525  41.565  41.580  44.151  44.180
 44.223  44.265  44.333  46.017  46.331  46.703  50.233
 --------------------------------------------------------------
 
          Ground-State Mulliken Net Atomic Charges

     Atom                 Charge (a.u.)
  ----------------------------------------
      1 O                    -0.320269
      2 C                     0.043754
      3 H                     0.257011
      4 H                     0.065449
      5 C                    -0.258135
      6 C                    -0.270623
      7 H                     0.090307
      8 H                     0.103541
      9 H                     0.094375
     10 H                     0.061457
     11 H                     0.065638
     12 H                     0.067496
  ----------------------------------------
  Sum of atomic charges =     0.000000

 -----------------------------------------------------------------
                    Cartesian Multipole Moments
 -----------------------------------------------------------------
    Charge (ESU x 10^10)
                 0.0000
    Dipole Moment (Debye)
         X       1.3827      Y      -0.0635      Z       1.2073
       Tot       1.8367
    Quadrupole Moments (Debye-Ang)
        XX     -24.2482     XY       0.1296     YY     -26.2194
        XZ      -0.9640     YZ      -0.0381     ZZ     -24.1363
    Octapole Moments (Debye-Ang^2)
       XXX      16.1236    XXY       8.9918    XYY       3.5601
       YYY      26.0154    XXZ     -37.6990    XYZ       0.2204
       YYZ     -36.5370    XZZ       4.8319    YZZ       8.8253
       ZZZ    -105.0590
    Hexadecapole Moments (Debye-Ang^3)
      XXXX    -173.9971   XXXY      21.4112   XXYY     -47.4195
      XYYY      24.4936   YYYY    -113.1091   XXXZ      27.5013
      XXYZ      18.3077   XYYZ       8.2989   YYYZ      54.2445
      XXZZ    -107.1516   XYZZ       7.4987   YYZZ     -96.6640
      XZZZ      25.7784   YZZZ      52.2249   ZZZZ    -427.6251
 -----------------------------------------------------------------
 Total job time:  147.22s(wall), 146.70s(cpu) 
 Mon Jun  3 17:10:57 2013

        *************************************************************
        *                                                           *
        *  Thank you very much for using Q-Chem.  Have a nice day.  *
        *                                                           *
        *************************************************************


0 sent ACK to 0 
now end server 0 ... 
 
**********************************************************************
Job 3 of 3 
**********************************************************************
 
Process 0 of 1 is on cl249.stfx.acenet.ca - thread support 1
initial socket setup ...start
initial socket setup ...done 
now start server 0 ... 

cmd = /usr/bin/ssh clhead /usr/local/qchem/bin/get_hostid 1629204162 > /scratch/tmp/6027741.1.long.q/qchem2064/lic.dat
                  Welcome to Q-Chem
     A Quantum Leap Into The Future Of Chemistry

 Y. Shao, L. Fusti-Molnar, Y. Jung, J. Kussmann, C. Ochsenfeld,
 S. T. Brown, A. T. B. Gilbert, L. V. Slipchenko,S. V. Levchenko,
 D. P. O'Neill, R. A. DiStasio Jr., R. C. Lochan, T. Wang,
 G. J. O. Beran, N. A. Besley, J. M. Herbert, C. Y. Lin,
 T. Van Voorhis, S. H. Chien, A. Sodt, R. P. Steele, 
 V. A. Rassolov, P. E. Maslen, P. P. Korambath, R. D. Adamson,
 B. Austin, J. Baker, E. F. C. Byrd, H. Dachsel, R. J. Doerksen,
 A. Dreuw, B. D. Dunietz, A. D. Dutoi, T. R. Furlani,
 S. R. Gwaltney, A. Heyden, S. Hirata, C.-P. Hsu, G. Kedziora,
 R. Z. Khaliullin, P. Klunzinger, A. M. Lee, M. S. Lee, W. Liang,
 I. Lotan, N. Nair, B. Peters, E. I. Proynov, P. A. Pieniazek, 
 Y. M. Rhee, J. Ritchie, E. Rosta, C. D. Sherrill, 
 A. C. Simmonett, J. E. Subotnik, H. L. Woodcock III,
 W. Zhang, A. T. Bell, A. K. Chakraborty, D. M. Chipman,
 F. J. Keil, A. Warshel, W. J. Hehre, H. F. Schaefer III,
 J. Kong, A. I. Krylov, P. M. W. Gill, M. Head-Gordon,
 Q-Chem, Version 3.1, Q-Chem, Inc., Pittsburgh, PA (2007).

 Additional authors for Version 3.1: 
 Z. Gan, Y. Zhao, N. E. Schultz, D. Truhlar, E. Epifanovsky and M. Oana.

 Additional authors for Version 3.2: 
 R. Baer, B. R. Brooks, D. Casanova, J.-D. Chai, C.-L. Cheng, 
 C. Cramer, D. Crittenden, A. Ghysels, G. Hawkins, E. G. Hohenstein, 
 C. Kelley, W. Kurlancheek, D. Liotard, E. Livshits, P. Manohar, 
 A. Marenich, D. Neuhauser, R. Olson, M. A. Rohrdanz, K. S. Thanthiriwatte, 
 A. J. W. Thom, V. Vanovschi, C. F. Williams, Q. Wu and Z.-Q. You. 


 Intel X86 Linux Version

 Q-chem begins on Mon Jun  3 17:11:00 2013  

 Parallel job on  1  processors
Processing $rem in /usr/local/qchem/config/preferences.

theFileMan(): MAXOPENFILES=974 MAX_SUB_FILE_NUM=16
Maximum size of a physical file is 2.0 GB, maximum size of a tmp-file is 32.0 GB


--------------------------------------------------------------
User input:
--------------------------------------------------------------

$molecule
1,2
O
C1,O,r1
H1,C1,r2,O,a1
H,O,roh,C1,aoh,H1,toh,0
C2,C1,r3a,O,a2a,H1,t1a,0
C3,C1,r3b,O,a2b,H1,-t1b,0
H,C2,r4a,C1,a4a,H1,t2a,0
H,C3,r5a,C1,a5a,H1,-t2b,0
H,C2,r4b,C1,a4b,H1,t3a,0
H,C3,r5b,C1,a5b,H1,-t3b,0
H,C2,r4c,C1,a4c,H1,-t4a,0
H,C3,r5c,C1,a5c,H1,t4b,0

r1=1.43111827
r2=1.9557364
roh=2.07916264
r3a=1.52393712
r3b=1.53017411
r4a=1.09587708
r5a=1.09583825
r4b=1.09448657
r5b=1.09801539
r4c=1.0954512
r5c=1.0964078
a1=28.22171182
aoh=30.02045037
a2a=106.21524706
a2b=111.13113306
a4a=110.2041443
a5a=110.24366741
a4b=110.29321839
a5b=111.03931704
a4c=110.82961388
a5c=111.23833611
toh=-62.32359188
t1a=179.44473237
t1b=57.80032287
t2a=63.0172795
t2b=83.272013
t3a=-56.37337218
t3b=-36.4963859
t4a=176.72748761
t4b=156.21533884

$end

$comment
positive
$end

$xc_functional
C PBE   1.00
X wPBE  1.00
$end

$rem
SYMMETRY_DECOMPOSITION	0
LRC_DFT                 true
exchange 		general
BASIS                   g3large
omega			970
mem_static              760
max_scf_cycles          200
scf_final_print         1
sym_ignore              true
$end

--------------------------------------------------------------
 Writing REM_CC_EA           12
 ----------------------------------------------------
       Standard Nuclear Orientation (Angstroms)
    I     Atom         X            Y            Z
 ----------------------------------------------------
    1      O       0.000000     0.000000     0.000000
    2      C       0.000000     0.000000     1.431118
    3      H       0.924838     0.000000    -0.292129
    4      H       0.483161     0.921207     1.800236
    5      C      -1.463245     0.014181     1.856673
    6      C       0.760558    -1.207760     1.982752
    7      H      -1.967442    -0.894454     1.508657
    8      H       0.298586    -2.138301     1.634130
    9      H      -1.976608     0.877600     1.422084
   10      H       1.806714    -1.200668     1.649367
   11      H      -1.551233     0.066921     2.947310
   12      H       0.763328    -1.208441     3.079156
 ----------------------------------------------------
 Nuclear Repulsion Energy =   134.3979926221 hartrees
 There are       17 alpha and       16 beta electrons
 Requested basis set is G3large
 There are 88 shells and 248 basis functions

Total QAlloc Memory Limit   2000 MB
Mega-Array Size       743 MB
MEM_STATIC part       760 MB

                       Distance Matrix (Angstroms)
             O (  1)   C (  2)   H (  3)   H (  4)   C (  5)   C (  6)
   C (  2)  1.431118
   H (  3)  0.969878  1.955736
   H (  4)  2.079163  1.103773  2.328453
   C (  5)  2.364005  1.523937  3.212552  2.148110
   C (  6)  2.443039  1.530174  2.580844  2.154707  2.540539
   H (  7)  2.635701  2.162611  3.522521  3.063836  1.095877  2.786558
   H (  8)  2.707742  2.168571  2.945335  3.069568  2.790476  1.095838
   H (  9)  2.588336  2.162693  3.482398  2.489048  1.094487  3.486424
   H ( 10)  2.725111  2.180241  2.447185  2.505376  3.494491  1.098015
   H ( 11)  3.331282  2.170171  4.077912  2.486833  1.095451  2.810617
   H ( 12)  3.394731  2.181519  3.584965  2.499906  2.819024  1.096408
             H (  7)   H (  8)   H (  9)   H ( 10)   H ( 11)
   H (  8)  2.588007
   H (  9)  1.774192  3.783799
   H ( 10)  3.789170  1.775904  4.322543
   H ( 11)  1.779661  3.163745  1.778892  3.816706
   H ( 12)  3.165779  1.780091  3.821610  1.770031  2.645964
 
 A cutoff of  1.0D-08 yielded   3639 shell pairs
 There are  28920 function pairs ( 34904 Cartesian)
Evaluating contribution to one-electron hamiltonian from nuclear
 Smallest overlap matrix eigenvalue = 4.89E-05

 Q-Chem warning in module mkSTV.C, line 194:

 Overlap eigenvalue is smaller than square root of threshold

 Multipole matrices computed through 2nd order

  Scale SEOQF with 1.000000e-01/1.000000e-01/1.000000e-01

 Standard Electronic Orientation quadrupole field applied
 Nucleus-field energy     =    -0.0000000069 hartrees
 Guess from superposition of atomic densities
 Warning:  Energy on first SCF cycle will be non-variational
 Long-range K will be added via erf
 Coulomb attenuation parameter = 0.97 bohr**(-1)
 An unrestricted Kohn-Sham SCF calculation will be
 performed using Pulay DIIS extrapolation
 Exchange:  wPBE + LR-HF      Correlation:  PBE
 Using SG-1 standard quadrature grid
 SCF converges when DIIS error is below 1.0E-05
 Requested basis set is G3large
 There are 88 shells and 248 basis functions
 A cutoff of  1.0D-08 yielded   3639 shell pairs
 There are  28920 function pairs ( 34904 Cartesian)
 Warning!  Inaccurate integrated density:
   Number of electrons =    33
   Numerical integral  =    34.000227111547
   Relative error      =     3.0309912471 %
 ---------------------------------------
  Cycle       Energy         DIIS Error
 ---------------------------------------
    1    -195.3633495338      2.84E-02
    2    -193.7677460210      3.17E-03
    3    -193.8471653984      2.18E-03
    4    -193.8747822421      5.74E-04
    5    -193.8820324670      2.98E-04
    6    -193.8860022647      2.48E-04
    7    -193.8906945887      2.63E-04
    8    -193.8933311730      2.68E-04
    9    -193.8914566926      2.63E-04
   10    -193.8722931841      5.26E-04
   11    -193.8812093390      3.56E-04
   12    -193.8861707172      3.57E-04
   13    -193.8833065754      3.76E-04
   14    -193.8811700404      3.94E-04
   15    -193.8833837218      3.64E-04
   16    -193.8827952052      3.70E-04
   17    -193.8863664915      2.26E-04
   18    -193.8891497152      2.56E-04
   19    -193.8920318931      2.63E-04
   20    -193.8849889406      2.58E-04
   21    -193.8413368289      1.61E-03
   22    -193.8706966539      6.24E-04
   23    -193.8593206457      9.81E-04
   24    -193.8621533634      8.84E-04
   25    -193.8689607079      6.17E-04
   26    -193.8690462574      6.14E-04
   27    -193.8733234110      4.51E-04
   28    -193.8766178898      2.19E-04
   29    -193.8816248535      2.52E-04
   30    -193.8875814144      2.78E-04
   31    -193.8753264811      3.44E-04
   32    -193.8440653483      1.40E-03
   33    -193.8535740388      1.14E-03
   34    -193.8535230861      1.14E-03
   35    -193.8618151798      9.35E-04
   36    -193.8688871963      1.98E-04
   37    -193.8733681082      2.27E-04
   38    -193.8799227527      2.67E-04
   39    -193.8851728387      2.90E-04
   40    -193.8750624321      3.44E-04
   41    -193.8449661234      1.39E-03
   42    -193.8472227136      1.33E-03
   43    -193.8463753582      1.36E-03
   44    -193.8491111809      1.27E-03
   45    -193.8451020286      1.37E-03
   46    -193.8443239355      1.39E-03
   47    -193.8441416774      1.39E-03
   48    -193.8448069776      1.37E-03
   49    -193.8445213797      1.38E-03
   50    -193.8452157007      1.37E-03
   51    -193.8435903125      1.42E-03
   52    -193.8425674626      1.45E-03
   53    -193.8428082934      1.44E-03
   54    -193.8542679832      1.21E-03
   55    -193.8640787723      1.73E-04
   56    -193.8678928813      1.90E-04
   57    -193.8725059141      2.17E-04
   58    -193.8770248754      2.44E-04
   59    -193.8700856030      2.82E-04
   60    -193.8570201237      7.17E-04
   61    -193.8535520218      8.40E-04
   62    -193.8551393321      7.68E-04
   63    -193.8548504738      7.77E-04
   64    -193.8550521459      7.65E-04
   65    -193.8547567735      7.74E-04
   66    -193.8546377493      7.81E-04
   67    -193.8540239823      8.11E-04
   68    -193.8538827743      8.22E-04
   69    -193.8588769344      6.71E-04
   70    -193.8625927371      1.36E-04
   71    -193.8651490189      1.48E-04
   72    -193.8681537976      1.68E-04
   73    -193.8694897776      1.74E-04
   74    -193.8624118583      2.99E-04
   75    -193.8562565060      4.68E-04
   76    -193.8566172940      4.53E-04
   77    -193.8567372726      4.30E-04
   78    -193.8566742806      4.60E-04
   79    -193.8566792801      4.59E-04
   80    -193.8588433496      3.54E-04
   81    -193.8602114872      9.85E-05
   82    -193.8615634604      1.01E-04
   83    -193.8629095378      1.08E-04
   84    -193.8630933579      1.09E-04
   85    -193.8642149820      9.00E-05
   86    -193.8653610008      1.12E-04
   87    -193.8579737738      2.46E-04
   88    -193.8589796157      2.22E-04
   89    -193.8601644614      2.56E-04
   90    -193.8600411804      2.39E-04
   91    -193.8586714364      1.68E-04
   92    -193.8581508968      1.71E-04
   93    -193.8578362759      2.24E-04
   94    -193.8578496444      2.05E-04
   95    -193.8578992523      2.11E-04
   96    -193.8579073563      1.96E-04
   97    -193.8579356549      1.89E-04
   98    -193.8580001704      1.49E-04
   99    -193.8580722009      1.16E-04
  100    -193.8581300471      1.45E-05
  101    -193.8581285715      1.01E-05
  102    -193.8581474829      5.92E-06 Convergence criterion met
 ---------------------------------------
 One-Electron    Energy =  -520.2878350713
 Total Coulomb   Energy =   219.4526505828
 Alpha Exchange  Energy =    -6.2930875018
 Beta  Exchange  Energy =    -5.8770039050
 DFT   Exchange  Energy =   -14.1781408929
 DFT Correlation Energy =    -1.0727233101
 Nuclear Repu.   Energy =   134.3979926152
 Nuclear Attr.   Energy =  -713.2055209605
 Kinetic         Energy =   192.9176858892
 <S^2> = 0.7608
 SCF time:  CPU 2715.44 s  wall 2733.32 s
 Final Alpha MO Eigenvalues
            1           2           3           4           5           6
    1 -19.5006361 -10.7678428 -10.6819470 -10.6341404  -1.5858163  -1.3352226
            7           8           9          10          11          12
    1  -1.2137519  -1.0794933  -0.9860933  -0.9135409  -0.8943621  -0.8250411
           13          14          15          16          17          18
    1  -0.8154290  -0.8034566  -0.7863790  -0.7702167  -0.7130559  -0.1030779
           19          20          21          22
    1  -0.0780789  -0.0729379  -0.0654072  -0.0473014
 Final Beta MO Eigenvalues
            1           2           3           4           5           6
    1 -19.4970466 -10.7626024 -10.6757403 -10.6323535  -1.5703210  -1.2892680
            7           8           9          10          11          12
    1  -1.1751851  -1.0462561  -0.9606819  -0.8875325  -0.8428870  -0.8090411
           13          14          15          16          17          18
    1  -0.7969092  -0.7838315  -0.7531321  -0.7022329  -0.4065132  -0.1014627
           19          20          21
    1  -0.0764261  -0.0715624  -0.0644523
 Analysis of SCF Wavefunction
 
 --------------------------------------------------------------
                    Orbital Energies (a.u.)
 --------------------------------------------------------------
 
 Alpha MOs
 -- Occupied --
-19.501 -10.768 -10.682 -10.634  -1.586  -1.335  -1.214  -1.079
 -0.986  -0.914  -0.894  -0.825  -0.815  -0.803  -0.786  -0.770
 -0.713
 -- Virtual --
 -0.103  -0.078  -0.073  -0.065  -0.047  -0.043  -0.034  -0.025
 -0.017  -0.007   0.008   0.018   0.027   0.031   0.036   0.040
  0.049   0.057   0.068   0.079   0.082   0.094   0.116   0.122
  0.124   0.130   0.147   0.167   0.172   0.182   0.211   0.233
  0.243   0.252   0.288   0.326   0.346   0.364   0.383   0.409
  0.419   0.455   0.457   0.481   0.492   0.494   0.503   0.509
  0.531   0.541   0.555   0.567   0.610   0.621   0.629   0.667
  0.714   0.736   0.784   0.786   0.826   0.867   0.881   0.903
  0.920   0.963   0.997   1.007   1.037   1.060   1.077   1.102
  1.119   1.129   1.154   1.173   1.199   1.226   1.236   1.242
  1.269   1.280   1.293   1.316   1.351   1.397   1.409   1.417
  1.441   1.458   1.492   1.502   1.532   1.555   1.557   1.599
  1.604   1.739   1.838   2.011   2.043   2.252   2.311   2.383
  2.487   2.518   2.563   2.567   2.628   2.666   2.694   2.767
  2.792   2.815   2.841   2.908   2.919   2.948   2.967   2.992
  3.102   3.118   3.147   3.158   3.183   3.230   3.282   3.301
  3.324   3.330   3.358   3.400   3.436   3.511   3.543   3.546
  3.569   3.597   3.634   3.658   3.677   3.730   3.771   3.799
  3.817   3.863   3.895   3.977   3.987   3.996   4.007   4.048
  4.110   4.144   4.178   4.208   4.227   4.240   4.255   4.282
  4.309   4.328   4.339   4.431   4.456   4.491   4.563   4.578
  4.604   4.615   4.663   4.710   4.835   5.121   5.200   5.255
  5.308   5.380   5.412   5.500   5.540   5.602   5.667   5.680
  5.711   5.727   5.870   5.949   6.465   7.047   7.199   7.280
  7.334   7.617   7.730  24.140  24.268  24.353  27.572  27.746
 28.045  28.113  28.140  28.178  28.187  28.345  28.454  40.919
 40.979  41.008  41.034  41.054  41.080  41.118  41.145  41.180
 41.191  41.224  41.236  41.266  41.274  41.327  43.889  43.918
 43.964  44.003  44.069  45.758  46.066  46.444  49.972
 
 Beta MOs
 -- Occupied --
-19.497 -10.763 -10.676 -10.632  -1.570  -1.289  -1.175  -1.046
 -0.961  -0.888  -0.843  -0.809  -0.797  -0.784  -0.753  -0.702
 -- Virtual --
 -0.407  -0.101  -0.076  -0.072  -0.064  -0.046  -0.042  -0.033
 -0.024  -0.016  -0.003   0.010   0.020   0.029   0.033   0.036
  0.042   0.051   0.061   0.072   0.083   0.086   0.100   0.121
  0.125   0.130   0.143   0.159   0.170   0.186   0.187   0.215
  0.236   0.249   0.259   0.289   0.331   0.356   0.372   0.395
  0.414   0.425   0.463   0.471   0.486   0.499   0.504   0.508
  0.515   0.543   0.558   0.561   0.575   0.617   0.626   0.633
  0.672   0.719   0.738   0.788   0.790   0.832   0.869   0.884
  0.907   0.925   0.966   1.001   1.014   1.042   1.065   1.081
  1.106   1.123   1.133   1.160   1.178   1.210   1.235   1.244
  1.255   1.274   1.286   1.299   1.321   1.354   1.402   1.414
  1.423   1.444   1.460   1.496   1.506   1.537   1.560   1.562
  1.605   1.608   1.744   1.846   2.019   2.051   2.257   2.319
  2.388   2.499   2.527   2.571   2.574   2.640   2.681   2.701
  2.785   2.812   2.829   2.855   2.921   2.926   2.953   2.977
  3.004   3.112   3.125   3.158   3.164   3.191   3.236   3.290
  3.315   3.334   3.336   3.366   3.413   3.443   3.518   3.552
  3.556   3.577   3.603   3.640   3.671   3.689   3.739   3.777
  3.808   3.826   3.872   3.903   3.987   3.992   4.004   4.016
  4.055   4.117   4.153   4.187   4.215   4.234   4.245   4.261
  4.292   4.319   4.336   4.347   4.437   4.461   4.496   4.568
  4.586   4.613   4.624   4.669   4.720   4.847   5.125   5.208
  5.263   5.317   5.392   5.420   5.510   5.552   5.606   5.671
  5.686   5.716   5.734   5.874   5.956   6.470   7.058   7.206
  7.296   7.340   7.625   7.743  24.144  24.273  24.357  27.583
 27.751  28.048  28.116  28.143  28.180  28.189  28.353  28.462
 40.931  40.982  41.015  41.039  41.059  41.082  41.121  41.154
 41.187  41.198  41.234  41.237  41.268  41.279  41.331  43.896
 43.925  43.966  44.009  44.077  45.760  46.074  46.446  49.976
 --------------------------------------------------------------
 
          Ground-State Mulliken Net Atomic Charges

     Atom                 Charge (a.u.)    Spin (a.u.)
  --------------------------------------------------------
      1 O                    -0.166395       0.133883
      2 C                     0.047870       0.247862
      3 H                     0.320851       0.025555
      4 H                     0.189520       0.074961
      5 C                    -0.122588       0.319321
      6 C                    -0.175997       0.088509
      7 H                     0.170120       0.014521
      8 H                     0.154718       0.012315
      9 H                     0.178229       0.030143
     10 H                     0.144696       0.064094
     11 H                     0.139235      -0.009695
     12 H                     0.119739      -0.001469
  --------------------------------------------------------
  Sum of atomic charges =     1.000000
  Sum of spin   charges =     1.000000

 -----------------------------------------------------------------
                    Cartesian Multipole Moments
 -----------------------------------------------------------------
    Charge (ESU x 10^10)
                 4.8032
    Dipole Moment (Debye)
         X      -0.0974      Y      -1.2045      Z       8.3749
       Tot       8.4617
    Quadrupole Moments (Debye-Ang)
        XX     -12.5646     XY      -1.6654     YY     -19.7681
        XZ      -3.9989     YZ      -2.4991     ZZ      -6.3869
    Octapole Moments (Debye-Ang^2)
       XXX       4.6238    XXY       5.8906    XYY       4.5942
       YYY      18.9637    XXZ     -17.4786    XYZ      -3.4088
       YYZ     -25.3039    XZZ      -1.8971    YZZ       2.3835
       ZZZ     -60.3341
    Hexadecapole Moments (Debye-Ang^3)
      XXXX    -112.3803   XXXY      13.2563   XXYY     -32.8505
      XYYY      18.1714   YYYY     -86.2273   XXXZ       5.7365
      XXYZ      12.1603   XYYZ      11.2194   YYYZ      40.5101
      XXZZ     -61.0603   XYZZ      -1.2940   YYZZ     -70.6843
      XZZZ       7.7711   YZZZ      33.2356   ZZZZ    -295.6750
 -----------------------------------------------------------------
 Total job time:  2733.65s(wall), 2715.75s(cpu) 
 Mon Jun  3 17:56:34 2013

        *************************************************************
        *                                                           *
        *  Thank you very much for using Q-Chem.  Have a nice day.  *
        *                                                           *
        *************************************************************


0 sent ACK to 0 
now end server 0 ... 
