Process 0 of 1 is on cl054.stfx.acenet.ca - thread support 1
initial socket setup ...start
initial socket setup ...done 
now start server 0 ... 

cmd = /usr/bin/ssh clhead /usr/local/qchem/bin/get_hostid 28466419 > /scratch/tmp/6027728.1.short.q/qchem10995/lic.dat
                  Welcome to Q-Chem
     A Quantum Leap Into The Future Of Chemistry

 Y. Shao, L. Fusti-Molnar, Y. Jung, J. Kussmann, C. Ochsenfeld,
 S. T. Brown, A. T. B. Gilbert, L. V. Slipchenko,S. V. Levchenko,
 D. P. O'Neill, R. A. DiStasio Jr., R. C. Lochan, T. Wang,
 G. J. O. Beran, N. A. Besley, J. M. Herbert, C. Y. Lin,
 T. Van Voorhis, S. H. Chien, A. Sodt, R. P. Steele, 
 V. A. Rassolov, P. E. Maslen, P. P. Korambath, R. D. Adamson,
 B. Austin, J. Baker, E. F. C. Byrd, H. Dachsel, R. J. Doerksen,
 A. Dreuw, B. D. Dunietz, A. D. Dutoi, T. R. Furlani,
 S. R. Gwaltney, A. Heyden, S. Hirata, C.-P. Hsu, G. Kedziora,
 R. Z. Khaliullin, P. Klunzinger, A. M. Lee, M. S. Lee, W. Liang,
 I. Lotan, N. Nair, B. Peters, E. I. Proynov, P. A. Pieniazek, 
 Y. M. Rhee, J. Ritchie, E. Rosta, C. D. Sherrill, 
 A. C. Simmonett, J. E. Subotnik, H. L. Woodcock III,
 W. Zhang, A. T. Bell, A. K. Chakraborty, D. M. Chipman,
 F. J. Keil, A. Warshel, W. J. Hehre, H. F. Schaefer III,
 J. Kong, A. I. Krylov, P. M. W. Gill, M. Head-Gordon,
 Q-Chem, Version 3.1, Q-Chem, Inc., Pittsburgh, PA (2007).

 Additional authors for Version 3.1: 
 Z. Gan, Y. Zhao, N. E. Schultz, D. Truhlar, E. Epifanovsky and M. Oana.

 Additional authors for Version 3.2: 
 R. Baer, B. R. Brooks, D. Casanova, J.-D. Chai, C.-L. Cheng, 
 C. Cramer, D. Crittenden, A. Ghysels, G. Hawkins, E. G. Hohenstein, 
 C. Kelley, W. Kurlancheek, D. Liotard, E. Livshits, P. Manohar, 
 A. Marenich, D. Neuhauser, R. Olson, M. A. Rohrdanz, K. S. Thanthiriwatte, 
 A. J. W. Thom, V. Vanovschi, C. F. Williams, Q. Wu and Z.-Q. You. 


 Intel X86 Linux Version

 Q-chem begins on Mon Jun  3 17:03:51 2013  

 Parallel job on  1  processors
Processing $rem in /usr/local/qchem/config/preferences.

theFileMan(): MAXOPENFILES=974 MAX_SUB_FILE_NUM=16
Maximum size of a physical file is 2.0 GB, maximum size of a tmp-file is 32.0 GB


--------------------------------------------------------------
User input:
--------------------------------------------------------------

$molecule
-1,2
O
C1,O,r1
H1,C1,r2,O,a1
H,O,roh,C1,aoh,H1,toh,0
C2,C1,r3a,O,a2a,H1,t1a,0
C3,C1,r3b,O,a2b,H1,-t1b,0
H,C2,r4a,C1,a4a,H1,t2a,0
H,C3,r5a,C1,a5a,H1,-t2b,0
H,C2,r4b,C1,a4b,H1,t3a,0
H,C3,r5b,C1,a5b,H1,-t3b,0
H,C2,r4c,C1,a4c,H1,-t4a,0
H,C3,r5c,C1,a5c,H1,t4b,0

r1=1.43111827
r2=1.9557364
roh=2.07916264
r3a=1.52393712
r3b=1.53017411
r4a=1.09587708
r5a=1.09583825
r4b=1.09448657
r5b=1.09801539
r4c=1.0954512
r5c=1.0964078
a1=28.22171182
aoh=30.02045037
a2a=106.21524706
a2b=111.13113306
a4a=110.2041443
a5a=110.24366741
a4b=110.29321839
a5b=111.03931704
a4c=110.82961388
a5c=111.23833611
toh=-62.32359188
t1a=179.44473237
t1b=57.80032287
t2a=63.0172795
t2b=83.272013
t3a=-56.37337218
t3b=-36.4963859
t4a=176.72748761
t4b=156.21533884

$end

$comment
negative
$end

$xc_functional
C PBE   1.00
X wPBE  1.00
$end

$rem
SYMMETRY_DECOMPOSITION	0
exchange 		general
LRC_DFT                 true
BASIS                   g3large
omega			1040
mem_static              760
max_scf_cycles          200
scf_final_print         1
sym_ignore              true
$end

--------------------------------------------------------------
 Writing REM_CC_EA           12
 ----------------------------------------------------
       Standard Nuclear Orientation (Angstroms)
    I     Atom         X            Y            Z
 ----------------------------------------------------
    1      O       0.000000     0.000000     0.000000
    2      C       0.000000     0.000000     1.431118
    3      H       0.924838     0.000000    -0.292129
    4      H       0.483161     0.921207     1.800236
    5      C      -1.463245     0.014181     1.856673
    6      C       0.760558    -1.207760     1.982752
    7      H      -1.967442    -0.894454     1.508657
    8      H       0.298586    -2.138301     1.634130
    9      H      -1.976608     0.877600     1.422084
   10      H       1.806714    -1.200668     1.649367
   11      H      -1.551233     0.066921     2.947310
   12      H       0.763328    -1.208441     3.079156
 ----------------------------------------------------
 Nuclear Repulsion Energy =   134.3979926221 hartrees
 There are       18 alpha and       17 beta electrons
 Requested basis set is G3large
 There are 88 shells and 248 basis functions

Total QAlloc Memory Limit   2000 MB
Mega-Array Size       743 MB
MEM_STATIC part       760 MB

                       Distance Matrix (Angstroms)
             O (  1)   C (  2)   H (  3)   H (  4)   C (  5)   C (  6)
   C (  2)  1.431118
   H (  3)  0.969878  1.955736
   H (  4)  2.079163  1.103773  2.328453
   C (  5)  2.364005  1.523937  3.212552  2.148110
   C (  6)  2.443039  1.530174  2.580844  2.154707  2.540539
   H (  7)  2.635701  2.162611  3.522521  3.063836  1.095877  2.786558
   H (  8)  2.707742  2.168571  2.945335  3.069568  2.790476  1.095838
   H (  9)  2.588336  2.162693  3.482398  2.489048  1.094487  3.486424
   H ( 10)  2.725111  2.180241  2.447185  2.505376  3.494491  1.098015
   H ( 11)  3.331282  2.170171  4.077912  2.486833  1.095451  2.810617
   H ( 12)  3.394731  2.181519  3.584965  2.499906  2.819024  1.096408
             H (  7)   H (  8)   H (  9)   H ( 10)   H ( 11)
   H (  8)  2.588007
   H (  9)  1.774192  3.783799
   H ( 10)  3.789170  1.775904  4.322543
   H ( 11)  1.779661  3.163745  1.778892  3.816706
   H ( 12)  3.165779  1.780091  3.821610  1.770031  2.645964
 
 A cutoff of  1.0D-08 yielded   3639 shell pairs
 There are  28920 function pairs ( 34904 Cartesian)
Evaluating contribution to one-electron hamiltonian from nuclear
 Smallest overlap matrix eigenvalue = 4.89E-05

 Q-Chem warning in module mkSTV.C, line 194:

 Overlap eigenvalue is smaller than square root of threshold

 Multipole matrices computed through 2nd order

  Scale SEOQF with 1.000000e-01/1.000000e-01/1.000000e-01

 Standard Electronic Orientation quadrupole field applied
 Nucleus-field energy     =    -0.0000000069 hartrees
 Guess from superposition of atomic densities
 Warning:  Energy on first SCF cycle will be non-variational
 Long-range K will be added via erf
 Coulomb attenuation parameter = 1.04 bohr**(-1)
 An unrestricted Kohn-Sham SCF calculation will be
 performed using Pulay DIIS extrapolation
 Exchange:  wPBE + LR-HF      Correlation:  PBE
 Using SG-1 standard quadrature grid
 SCF converges when DIIS error is below 1.0E-05
 Requested basis set is G3large
 There are 88 shells and 248 basis functions
 A cutoff of  1.0D-08 yielded   3639 shell pairs
 There are  28920 function pairs ( 34904 Cartesian)
 Warning!  Inaccurate integrated density:
   Number of electrons =    35
   Numerical integral  =    34.000227111547
   Relative error      =    -2.8564939670 %
 ---------------------------------------
  Cycle       Energy         DIIS Error
 ---------------------------------------
    1    -195.3635378240      2.85E-02
    2    -194.1291602983      3.67E-03
    3    -194.2377367473      2.17E-03
    4    -194.2671320351      5.13E-04
    5    -194.2716381837      1.70E-04
    6    -194.2725687713      5.72E-05
    7    -194.2729155249      2.82E-05
    8    -194.2731357330      2.01E-05
    9    -194.2733045586      1.40E-05
   10    -194.2734242291      6.60E-06 Convergence criterion met
 ---------------------------------------
 One-Electron    Energy =  -533.4899183561
 Total Coulomb   Energy =   232.6987574189
 Alpha Exchange  Energy =    -6.5512672997
 Beta  Exchange  Energy =    -6.4739431353
 DFT   Exchange  Energy =   -13.7373672867
 DFT Correlation Energy =    -1.1176781854
 Nuclear Repu.   Energy =   134.3979926152
 Nuclear Attr.   Energy =  -726.7139776446
 Kinetic         Energy =   193.2240592885
 <S^2> = 0.7501
 SCF time:  CPU 293.09 s  wall 296.02 s
 Final Alpha MO Eigenvalues
            1           2           3           4           5           6
    1 -19.1409645 -10.3621223 -10.3040534 -10.2888961  -1.1998314  -0.9231414
            7           8           9          10          11          12
    1  -0.8261286  -0.6890125  -0.5880250  -0.5220739  -0.4981883  -0.4413865
           13          14          15          16          17          18
    1  -0.4388520  -0.4241906  -0.4041880  -0.3677618  -0.3260925   0.0269685
           19          20          21          22          23
    1   0.1314949   0.1402712   0.1440001   0.1690090   0.1757597
 Final Beta MO Eigenvalues
            1           2           3           4           5           6
    1 -19.1407632 -10.3618939 -10.3039999 -10.2884620  -1.1988859  -0.9221600
            7           8           9          10          11          12
    1  -0.8247585  -0.6875488  -0.5865196  -0.5205615  -0.4978497  -0.4410731
           13          14          15          16          17          18
    1  -0.4386710  -0.4238712  -0.4036745  -0.3671697  -0.3252515   0.1321904
           19          20          21          22
    1   0.1498869   0.1539374   0.1579082   0.1736954
 Analysis of SCF Wavefunction
 
 --------------------------------------------------------------
                    Orbital Energies (a.u.)
 --------------------------------------------------------------
 
 Alpha MOs
 -- Occupied --
-19.141 -10.362 -10.304 -10.289  -1.200  -0.923  -0.826  -0.689
 -0.588  -0.522  -0.498  -0.441  -0.439  -0.424  -0.404  -0.368
 -0.326   0.027
 -- Virtual --
  0.131   0.140   0.144   0.169   0.176   0.179   0.188   0.238
  0.244   0.267   0.277   0.278   0.283   0.284   0.298   0.304
  0.308   0.328   0.345   0.379   0.396   0.413   0.421   0.436
  0.442   0.468   0.482   0.486   0.497   0.504   0.521   0.552
  0.570   0.590   0.646   0.665   0.699   0.723   0.738   0.744
  0.790   0.812   0.819   0.830   0.831   0.841   0.854   0.883
  0.892   0.909   0.915   0.937   0.949   0.976   1.016   1.065
  1.081   1.132   1.137   1.181   1.209   1.232   1.252   1.276
  1.315   1.348   1.361   1.391   1.413   1.428   1.449   1.468
  1.481   1.508   1.522   1.562   1.587   1.599   1.613   1.627
  1.636   1.652   1.676   1.706   1.752   1.765   1.778   1.797
  1.809   1.851   1.859   1.893   1.912   1.922   1.964   1.967
  2.110   2.218   2.395   2.429   2.639   2.690   2.758   2.880
  2.906   2.945   2.949   3.019   3.065   3.088   3.182   3.205
  3.224   3.250   3.298   3.320   3.326   3.366   3.398   3.490
  3.509   3.542   3.548   3.582   3.611   3.672   3.706   3.717
  3.726   3.750   3.801   3.829   3.913   3.934   3.940   3.966
  3.985   4.037   4.079   4.094   4.135   4.160   4.201   4.221
  4.260   4.296   4.375   4.377   4.392   4.405   4.439   4.507
  4.541   4.586   4.593   4.611   4.619   4.640   4.684   4.712
  4.726   4.734   4.820   4.842   4.879   4.948   4.972   5.004
  5.012   5.054   5.116   5.239   5.518   5.602   5.654   5.708
  5.793   5.818   5.912   5.957   5.998   6.051   6.073   6.097
  6.116   6.273   6.357   6.879   7.457   7.604   7.693   7.739
  8.026   8.143  24.587  24.695  24.798  28.026  28.198  28.501
 28.541  28.571  28.592  28.607  28.790  28.899  41.392  41.442
 41.455  41.461  41.493  41.496  41.584  41.614  41.629  41.644
 41.647  41.672  41.675  41.713  41.745  44.318  44.348  44.391
 44.433  44.501  46.184  46.498  46.871  50.404
 
 Beta MOs
 -- Occupied --
-19.141 -10.362 -10.304 -10.288  -1.199  -0.922  -0.825  -0.688
 -0.587  -0.521  -0.498  -0.441  -0.439  -0.424  -0.404  -0.367
 -0.325
 -- Virtual --
  0.132   0.150   0.154   0.158   0.174   0.183   0.186   0.194
  0.238   0.244   0.264   0.276   0.277   0.281   0.286   0.298
  0.306   0.309   0.327   0.344   0.379   0.396   0.413   0.421
  0.435   0.441   0.466   0.481   0.485   0.495   0.503   0.518
  0.551   0.567   0.588   0.645   0.664   0.698   0.722   0.737
  0.743   0.788   0.812   0.818   0.829   0.830   0.839   0.854
  0.881   0.892   0.907   0.914   0.937   0.947   0.976   1.016
  1.065   1.081   1.132   1.137   1.181   1.209   1.232   1.251
  1.276   1.315   1.348   1.361   1.391   1.413   1.428   1.449
  1.468   1.481   1.508   1.521   1.562   1.587   1.599   1.613
  1.626   1.636   1.652   1.676   1.706   1.752   1.765   1.778
  1.796   1.808   1.850   1.859   1.893   1.912   1.921   1.963
  1.966   2.111   2.218   2.396   2.429   2.639   2.690   2.758
  2.880   2.906   2.945   2.949   3.019   3.065   3.088   3.182
  3.205   3.224   3.250   3.298   3.320   3.327   3.366   3.399
  3.490   3.509   3.543   3.549   3.582   3.612   3.672   3.706
  3.717   3.727   3.750   3.801   3.829   3.913   3.934   3.940
  3.966   3.985   4.037   4.080   4.094   4.135   4.161   4.201
  4.221   4.260   4.296   4.375   4.377   4.392   4.405   4.439
  4.507   4.541   4.586   4.593   4.611   4.620   4.640   4.684
  4.712   4.726   4.734   4.820   4.842   4.879   4.948   4.972
  5.004   5.012   5.054   5.116   5.240   5.518   5.602   5.654
  5.708   5.793   5.818   5.912   5.957   5.998   6.052   6.073
  6.097   6.116   6.273   6.358   6.880   7.458   7.605   7.694
  7.740   8.026   8.143  24.587  24.696  24.798  28.027  28.198
 28.501  28.541  28.571  28.592  28.607  28.791  28.899  41.392
 41.443  41.455  41.461  41.493  41.496  41.584  41.614  41.629
 41.644  41.647  41.672  41.676  41.713  41.745  44.319  44.348
 44.391  44.433  44.501  46.184  46.498  46.871  50.404
 --------------------------------------------------------------
 
          Ground-State Mulliken Net Atomic Charges

     Atom                 Charge (a.u.)    Spin (a.u.)
  --------------------------------------------------------
      1 O                    -0.414522       0.068589
      2 C                     0.111423      -0.048421
      3 H                    -0.176979       0.457185
      4 H                    -0.873987       0.952251
      5 C                     0.480900      -0.748879
      6 C                     2.163603      -2.416614
      7 H                     0.066586       0.007468
      8 H                    -0.212119       0.288904
      9 H                    -0.086449       0.168462
     10 H                    -1.608282       1.696666
     11 H                    -0.076803       0.140365
     12 H                    -0.373371       0.434024
  --------------------------------------------------------
  Sum of atomic charges =    -1.000000
  Sum of spin   charges =     1.000000

 -----------------------------------------------------------------
                    Cartesian Multipole Moments
 -----------------------------------------------------------------
    Charge (ESU x 10^10)
                -4.8032
    Dipole Moment (Debye)
         X      -7.9821      Y       0.7676      Z      -6.3542
       Tot      10.2313
    Quadrupole Moments (Debye-Ang)
        XX     -65.8198     XY       4.6628     YY     -49.7393
        XZ     -12.2239     YZ       0.4702     ZZ     -62.7100
    Octapole Moments (Debye-Ang^2)
       XXX    -122.4094    XXY      27.2267    XYY     -33.9655
       YYY      40.8655    XXZ     -95.5538    XYZ       5.5619
       YYZ     -76.0867    XZZ     -48.2312    YZZ      15.8593
       ZZZ    -252.5492
    Hexadecapole Moments (Debye-Ang^3)
      XXXX    -854.5340   XXXY     121.6146   XXYY    -208.5084
      XYYY      77.8760   YYYY    -408.7284   XXXZ    -151.3908
      XXYZ      41.8144   XYYZ     -43.5920   YYYZ      73.0293
      XXZZ    -347.5902   XYZZ      33.2682   YYZZ    -267.1828
      XZZZ    -144.2077   YZZZ      85.4381   ZZZZ   -1216.1699
 -----------------------------------------------------------------
 Total job time:  296.41s(wall), 293.44s(cpu) 
 Mon Jun  3 17:08:47 2013

        *************************************************************
        *                                                           *
        *  Thank you very much for using Q-Chem.  Have a nice day.  *
        *                                                           *
        *************************************************************


0 sent ACK to 0 
now end server 0 ... 
 
**********************************************************************
Job 2 of 3 
**********************************************************************
 
Process 0 of 1 is on cl054.stfx.acenet.ca - thread support 1
initial socket setup ...start
initial socket setup ...done 
now start server 0 ... 

cmd = /usr/bin/ssh clhead /usr/local/qchem/bin/get_hostid 1128351171 > /scratch/tmp/6027728.1.short.q/qchem10995/lic.dat
                  Welcome to Q-Chem
     A Quantum Leap Into The Future Of Chemistry

 Y. Shao, L. Fusti-Molnar, Y. Jung, J. Kussmann, C. Ochsenfeld,
 S. T. Brown, A. T. B. Gilbert, L. V. Slipchenko,S. V. Levchenko,
 D. P. O'Neill, R. A. DiStasio Jr., R. C. Lochan, T. Wang,
 G. J. O. Beran, N. A. Besley, J. M. Herbert, C. Y. Lin,
 T. Van Voorhis, S. H. Chien, A. Sodt, R. P. Steele, 
 V. A. Rassolov, P. E. Maslen, P. P. Korambath, R. D. Adamson,
 B. Austin, J. Baker, E. F. C. Byrd, H. Dachsel, R. J. Doerksen,
 A. Dreuw, B. D. Dunietz, A. D. Dutoi, T. R. Furlani,
 S. R. Gwaltney, A. Heyden, S. Hirata, C.-P. Hsu, G. Kedziora,
 R. Z. Khaliullin, P. Klunzinger, A. M. Lee, M. S. Lee, W. Liang,
 I. Lotan, N. Nair, B. Peters, E. I. Proynov, P. A. Pieniazek, 
 Y. M. Rhee, J. Ritchie, E. Rosta, C. D. Sherrill, 
 A. C. Simmonett, J. E. Subotnik, H. L. Woodcock III,
 W. Zhang, A. T. Bell, A. K. Chakraborty, D. M. Chipman,
 F. J. Keil, A. Warshel, W. J. Hehre, H. F. Schaefer III,
 J. Kong, A. I. Krylov, P. M. W. Gill, M. Head-Gordon,
 Q-Chem, Version 3.1, Q-Chem, Inc., Pittsburgh, PA (2007).

 Additional authors for Version 3.1: 
 Z. Gan, Y. Zhao, N. E. Schultz, D. Truhlar, E. Epifanovsky and M. Oana.

 Additional authors for Version 3.2: 
 R. Baer, B. R. Brooks, D. Casanova, J.-D. Chai, C.-L. Cheng, 
 C. Cramer, D. Crittenden, A. Ghysels, G. Hawkins, E. G. Hohenstein, 
 C. Kelley, W. Kurlancheek, D. Liotard, E. Livshits, P. Manohar, 
 A. Marenich, D. Neuhauser, R. Olson, M. A. Rohrdanz, K. S. Thanthiriwatte, 
 A. J. W. Thom, V. Vanovschi, C. F. Williams, Q. Wu and Z.-Q. You. 


 Intel X86 Linux Version

 Q-chem begins on Mon Jun  3 17:08:50 2013  

 Parallel job on  1  processors
Processing $rem in /usr/local/qchem/config/preferences.

theFileMan(): MAXOPENFILES=974 MAX_SUB_FILE_NUM=16
Maximum size of a physical file is 2.0 GB, maximum size of a tmp-file is 32.0 GB


--------------------------------------------------------------
User input:
--------------------------------------------------------------

$molecule
0,1
O
C1,O,r1
H1,C1,r2,O,a1
H,O,roh,C1,aoh,H1,toh,0
C2,C1,r3a,O,a2a,H1,t1a,0
C3,C1,r3b,O,a2b,H1,-t1b,0
H,C2,r4a,C1,a4a,H1,t2a,0
H,C3,r5a,C1,a5a,H1,-t2b,0
H,C2,r4b,C1,a4b,H1,t3a,0
H,C3,r5b,C1,a5b,H1,-t3b,0
H,C2,r4c,C1,a4c,H1,-t4a,0
H,C3,r5c,C1,a5c,H1,t4b,0

r1=1.43111827
r2=1.9557364
roh=2.07916264
r3a=1.52393712
r3b=1.53017411
r4a=1.09587708
r5a=1.09583825
r4b=1.09448657
r5b=1.09801539
r4c=1.0954512
r5c=1.0964078
a1=28.22171182
aoh=30.02045037
a2a=106.21524706
a2b=111.13113306
a4a=110.2041443
a5a=110.24366741
a4b=110.29321839
a5b=111.03931704
a4c=110.82961388
a5c=111.23833611
toh=-62.32359188
t1a=179.44473237
t1b=57.80032287
t2a=63.0172795
t2b=83.272013
t3a=-56.37337218
t3b=-36.4963859
t4a=176.72748761
t4b=156.21533884

$end

$comment
neutral
$end

$xc_functional
C PBE   1.00
X wPBE  1.00
$end


$rem
SYMMETRY_DECOMPOSITION	0
LRC_DFT                 true
exchange 		general
BASIS                   g3large
omega			1040
mem_static              760
max_scf_cycles          200
scf_final_print         1
sym_ignore              true
$end

--------------------------------------------------------------
 Writing REM_CC_EA           12
 ----------------------------------------------------
       Standard Nuclear Orientation (Angstroms)
    I     Atom         X            Y            Z
 ----------------------------------------------------
    1      O       0.000000     0.000000     0.000000
    2      C       0.000000     0.000000     1.431118
    3      H       0.924838     0.000000    -0.292129
    4      H       0.483161     0.921207     1.800236
    5      C      -1.463245     0.014181     1.856673
    6      C       0.760558    -1.207760     1.982752
    7      H      -1.967442    -0.894454     1.508657
    8      H       0.298586    -2.138301     1.634130
    9      H      -1.976608     0.877600     1.422084
   10      H       1.806714    -1.200668     1.649367
   11      H      -1.551233     0.066921     2.947310
   12      H       0.763328    -1.208441     3.079156
 ----------------------------------------------------
 Nuclear Repulsion Energy =   134.3979926221 hartrees
 There are       17 alpha and       17 beta electrons
 Requested basis set is G3large
 There are 88 shells and 248 basis functions

Total QAlloc Memory Limit   2000 MB
Mega-Array Size       743 MB
MEM_STATIC part       760 MB

                       Distance Matrix (Angstroms)
             O (  1)   C (  2)   H (  3)   H (  4)   C (  5)   C (  6)
   C (  2)  1.431118
   H (  3)  0.969878  1.955736
   H (  4)  2.079163  1.103773  2.328453
   C (  5)  2.364005  1.523937  3.212552  2.148110
   C (  6)  2.443039  1.530174  2.580844  2.154707  2.540539
   H (  7)  2.635701  2.162611  3.522521  3.063836  1.095877  2.786558
   H (  8)  2.707742  2.168571  2.945335  3.069568  2.790476  1.095838
   H (  9)  2.588336  2.162693  3.482398  2.489048  1.094487  3.486424
   H ( 10)  2.725111  2.180241  2.447185  2.505376  3.494491  1.098015
   H ( 11)  3.331282  2.170171  4.077912  2.486833  1.095451  2.810617
   H ( 12)  3.394731  2.181519  3.584965  2.499906  2.819024  1.096408
             H (  7)   H (  8)   H (  9)   H ( 10)   H ( 11)
   H (  8)  2.588007
   H (  9)  1.774192  3.783799
   H ( 10)  3.789170  1.775904  4.322543
   H ( 11)  1.779661  3.163745  1.778892  3.816706
   H ( 12)  3.165779  1.780091  3.821610  1.770031  2.645964
 
 A cutoff of  1.0D-08 yielded   3639 shell pairs
 There are  28920 function pairs ( 34904 Cartesian)
Evaluating contribution to one-electron hamiltonian from nuclear
 Smallest overlap matrix eigenvalue = 4.89E-05

 Q-Chem warning in module mkSTV.C, line 194:

 Overlap eigenvalue is smaller than square root of threshold

 Multipole matrices computed through 2nd order

  Scale SEOQF with 1.000000e-01/1.000000e-01/1.000000e-01

 Standard Electronic Orientation quadrupole field applied
 Nucleus-field energy     =    -0.0000000069 hartrees
 Guess from superposition of atomic densities
 Warning:  Energy on first SCF cycle will be non-variational
 Long-range K will be added via erf
 Coulomb attenuation parameter = 1.04 bohr**(-1)
 A restricted Kohn-Sham SCF calculation will be
 performed using Pulay DIIS extrapolation
 Exchange:  wPBE + LR-HF      Correlation:  PBE
 Using SG-1 standard quadrature grid
 SCF converges when DIIS error is below 1.0E-05
 Requested basis set is G3large
 There are 88 shells and 248 basis functions
 A cutoff of  1.0D-08 yielded   3639 shell pairs
 There are  28920 function pairs ( 34904 Cartesian)
 ---------------------------------------
  Cycle       Energy         DIIS Error
 ---------------------------------------
    1    -195.3635378240      2.85E-02
    2    -194.1950824315      3.53E-03
    3    -194.2834371376      1.87E-03
    4    -194.3024909648      5.21E-04
    5    -194.3047842218      1.35E-04
    6    -194.3049965299      3.72E-05
    7    -194.3050121192      9.39E-06 Convergence criterion met
 ---------------------------------------
 One-Electron    Energy =  -529.1121105656
 Total Coulomb   Energy =   228.2104491330
 Alpha Exchange  Energy =    -6.4778149787
 Beta  Exchange  Energy =    -6.4778149787
 DFT   Exchange  Energy =   -13.7354047314
 DFT Correlation Energy =    -1.1103086129
 Nuclear Repu.   Energy =   134.3979926152
 Nuclear Attr.   Energy =  -722.2770277510
 Kinetic         Energy =   193.1649171854
 SCF time:  CPU 156.27 s  wall 157.51 s
 Final Alpha MO Eigenvalues
            1           2           3           4           5           6
    1 -19.2745321 -10.4947271 -10.4284106 -10.4207719  -1.3326575  -1.0517265
            7           8           9          10          11          12
    1  -0.9541250  -0.8176802  -0.7191380  -0.6512976  -0.6300022  -0.5716014
           13          14          15          16          17          18
    1  -0.5588804  -0.5528680  -0.5348668  -0.4978117  -0.4584160   0.0383108
           19          20          21          22
    1   0.0553961   0.0580087   0.0630870   0.0834204
 Analysis of SCF Wavefunction
 
 --------------------------------------------------------------
                    Orbital Energies (a.u.)
 --------------------------------------------------------------
 
 Alpha MOs
 -- Occupied --
-19.275 -10.495 -10.428 -10.421  -1.333  -1.052  -0.954  -0.818
 -0.719  -0.651  -0.630  -0.572  -0.559  -0.553  -0.535  -0.498
 -0.458
 -- Virtual --
  0.038   0.055   0.058   0.063   0.083   0.086   0.093   0.098
  0.136   0.145   0.163   0.171   0.175   0.178   0.183   0.191
  0.199   0.203   0.227   0.236   0.265   0.278   0.293   0.301
  0.318   0.322   0.346   0.363   0.367   0.380   0.387   0.407
  0.430   0.450   0.471   0.526   0.545   0.575   0.596   0.616
  0.624   0.667   0.688   0.699   0.704   0.709   0.711   0.728
  0.753   0.768   0.778   0.788   0.819   0.824   0.846   0.891
  0.936   0.953   1.005   1.008   1.052   1.082   1.105   1.124
  1.147   1.188   1.223   1.235   1.262   1.284   1.305   1.320
  1.340   1.357   1.380   1.396   1.439   1.456   1.471   1.485
  1.502   1.508   1.526   1.545   1.574   1.623   1.640   1.649
  1.667   1.686   1.722   1.733   1.765   1.786   1.793   1.831
  1.839   1.982   2.086   2.264   2.298   2.508   2.558   2.631
  2.749   2.774   2.818   2.824   2.887   2.940   2.958   3.052
  3.075   3.094   3.119   3.173   3.190   3.198   3.236   3.270
  3.363   3.376   3.419   3.420   3.452   3.481   3.547   3.577
  3.585   3.602   3.619   3.672   3.699   3.785   3.800   3.817
  3.840   3.853   3.907   3.949   3.963   4.004   4.026   4.069
  4.095   4.130   4.167   4.240   4.248   4.264   4.279   4.313
  4.377   4.409   4.454   4.463   4.484   4.494   4.510   4.552
  4.580   4.598   4.602   4.696   4.709   4.751   4.818   4.848
  4.868   4.888   4.924   4.987   5.110   5.386   5.471   5.522
  5.576   5.666   5.686   5.780   5.825   5.865   5.919   5.950
  5.968   5.987   6.141   6.226   6.747   7.325   7.469   7.561
  7.607   7.894   8.011  24.456  24.567  24.668  27.895  28.068
 28.368  28.416  28.440  28.467  28.476  28.661  28.768  41.262
 41.311  41.322  41.337  41.356  41.373  41.451  41.483  41.504
 41.507  41.517  41.536  41.554  41.594  41.609  44.185  44.215
 44.257  44.299  44.367  46.051  46.364  46.737  50.270
 --------------------------------------------------------------
 
          Ground-State Mulliken Net Atomic Charges

     Atom                 Charge (a.u.)
  ----------------------------------------
      1 O                    -0.321571
      2 C                     0.047647
      3 H                     0.257407
      4 H                     0.063536
      5 C                    -0.254529
      6 C                    -0.265870
      7 H                     0.088803
      8 H                     0.101961
      9 H                     0.093010
     10 H                     0.059944
     11 H                     0.063923
     12 H                     0.065738
  ----------------------------------------
  Sum of atomic charges =     0.000000

 -----------------------------------------------------------------
                    Cartesian Multipole Moments
 -----------------------------------------------------------------
    Charge (ESU x 10^10)
                 0.0000
    Dipole Moment (Debye)
         X       1.3841      Y      -0.0636      Z       1.2085
       Tot       1.8385
    Quadrupole Moments (Debye-Ang)
        XX     -24.2240     XY       0.1298     YY     -26.1970
        XZ      -0.9646     YZ      -0.0375     ZZ     -24.1117
    Octapole Moments (Debye-Ang^2)
       XXX      16.1214    XXY       8.9870    XYY       3.5550
       YYY      25.9989    XXZ     -37.6833    XYZ       0.2213
       YYZ     -36.5192    XZZ       4.8296    YZZ       8.8217
       ZZZ    -104.9897
    Hexadecapole Moments (Debye-Ang^3)
      XXXX    -173.7865   XXXY      21.3935   XXYY     -47.3547
      XYYY      24.4843   YYYY    -112.9350   XXXZ      27.4853
      XXYZ      18.2987   XYYZ       8.2940   YYYZ      54.2157
      XXZZ    -107.0640   XYZZ       7.4951   YYZZ     -96.5802
      XZZZ      25.7639   YZZZ      52.1932   ZZZZ    -427.2363
 -----------------------------------------------------------------
 Total job time:  157.87s(wall), 156.60s(cpu) 
 Mon Jun  3 17:11:28 2013

        *************************************************************
        *                                                           *
        *  Thank you very much for using Q-Chem.  Have a nice day.  *
        *                                                           *
        *************************************************************


0 sent ACK to 0 
now end server 0 ... 
 
**********************************************************************
Job 3 of 3 
**********************************************************************
 
Process 0 of 1 is on cl054.stfx.acenet.ca - thread support 1
initial socket setup ...start
initial socket setup ...done 
now start server 0 ... 

cmd = /usr/bin/ssh clhead /usr/local/qchem/bin/get_hostid 474242759 > /scratch/tmp/6027728.1.short.q/qchem10995/lic.dat
                  Welcome to Q-Chem
     A Quantum Leap Into The Future Of Chemistry

 Y. Shao, L. Fusti-Molnar, Y. Jung, J. Kussmann, C. Ochsenfeld,
 S. T. Brown, A. T. B. Gilbert, L. V. Slipchenko,S. V. Levchenko,
 D. P. O'Neill, R. A. DiStasio Jr., R. C. Lochan, T. Wang,
 G. J. O. Beran, N. A. Besley, J. M. Herbert, C. Y. Lin,
 T. Van Voorhis, S. H. Chien, A. Sodt, R. P. Steele, 
 V. A. Rassolov, P. E. Maslen, P. P. Korambath, R. D. Adamson,
 B. Austin, J. Baker, E. F. C. Byrd, H. Dachsel, R. J. Doerksen,
 A. Dreuw, B. D. Dunietz, A. D. Dutoi, T. R. Furlani,
 S. R. Gwaltney, A. Heyden, S. Hirata, C.-P. Hsu, G. Kedziora,
 R. Z. Khaliullin, P. Klunzinger, A. M. Lee, M. S. Lee, W. Liang,
 I. Lotan, N. Nair, B. Peters, E. I. Proynov, P. A. Pieniazek, 
 Y. M. Rhee, J. Ritchie, E. Rosta, C. D. Sherrill, 
 A. C. Simmonett, J. E. Subotnik, H. L. Woodcock III,
 W. Zhang, A. T. Bell, A. K. Chakraborty, D. M. Chipman,
 F. J. Keil, A. Warshel, W. J. Hehre, H. F. Schaefer III,
 J. Kong, A. I. Krylov, P. M. W. Gill, M. Head-Gordon,
 Q-Chem, Version 3.1, Q-Chem, Inc., Pittsburgh, PA (2007).

 Additional authors for Version 3.1: 
 Z. Gan, Y. Zhao, N. E. Schultz, D. Truhlar, E. Epifanovsky and M. Oana.

 Additional authors for Version 3.2: 
 R. Baer, B. R. Brooks, D. Casanova, J.-D. Chai, C.-L. Cheng, 
 C. Cramer, D. Crittenden, A. Ghysels, G. Hawkins, E. G. Hohenstein, 
 C. Kelley, W. Kurlancheek, D. Liotard, E. Livshits, P. Manohar, 
 A. Marenich, D. Neuhauser, R. Olson, M. A. Rohrdanz, K. S. Thanthiriwatte, 
 A. J. W. Thom, V. Vanovschi, C. F. Williams, Q. Wu and Z.-Q. You. 


 Intel X86 Linux Version

 Q-chem begins on Mon Jun  3 17:11:31 2013  

 Parallel job on  1  processors
Processing $rem in /usr/local/qchem/config/preferences.

theFileMan(): MAXOPENFILES=974 MAX_SUB_FILE_NUM=16
Maximum size of a physical file is 2.0 GB, maximum size of a tmp-file is 32.0 GB


--------------------------------------------------------------
User input:
--------------------------------------------------------------

$molecule
1,2
O
C1,O,r1
H1,C1,r2,O,a1
H,O,roh,C1,aoh,H1,toh,0
C2,C1,r3a,O,a2a,H1,t1a,0
C3,C1,r3b,O,a2b,H1,-t1b,0
H,C2,r4a,C1,a4a,H1,t2a,0
H,C3,r5a,C1,a5a,H1,-t2b,0
H,C2,r4b,C1,a4b,H1,t3a,0
H,C3,r5b,C1,a5b,H1,-t3b,0
H,C2,r4c,C1,a4c,H1,-t4a,0
H,C3,r5c,C1,a5c,H1,t4b,0

r1=1.43111827
r2=1.9557364
roh=2.07916264
r3a=1.52393712
r3b=1.53017411
r4a=1.09587708
r5a=1.09583825
r4b=1.09448657
r5b=1.09801539
r4c=1.0954512
r5c=1.0964078
a1=28.22171182
aoh=30.02045037
a2a=106.21524706
a2b=111.13113306
a4a=110.2041443
a5a=110.24366741
a4b=110.29321839
a5b=111.03931704
a4c=110.82961388
a5c=111.23833611
toh=-62.32359188
t1a=179.44473237
t1b=57.80032287
t2a=63.0172795
t2b=83.272013
t3a=-56.37337218
t3b=-36.4963859
t4a=176.72748761
t4b=156.21533884

$end

$comment
positive
$end

$xc_functional
C PBE   1.00
X wPBE  1.00
$end

$rem
SYMMETRY_DECOMPOSITION	0
LRC_DFT                 true
exchange 		general
BASIS                   g3large
omega			1040
mem_static              760
max_scf_cycles          200
scf_final_print         1
sym_ignore              true
$end

--------------------------------------------------------------
 Writing REM_CC_EA           12
 ----------------------------------------------------
       Standard Nuclear Orientation (Angstroms)
    I     Atom         X            Y            Z
 ----------------------------------------------------
    1      O       0.000000     0.000000     0.000000
    2      C       0.000000     0.000000     1.431118
    3      H       0.924838     0.000000    -0.292129
    4      H       0.483161     0.921207     1.800236
    5      C      -1.463245     0.014181     1.856673
    6      C       0.760558    -1.207760     1.982752
    7      H      -1.967442    -0.894454     1.508657
    8      H       0.298586    -2.138301     1.634130
    9      H      -1.976608     0.877600     1.422084
   10      H       1.806714    -1.200668     1.649367
   11      H      -1.551233     0.066921     2.947310
   12      H       0.763328    -1.208441     3.079156
 ----------------------------------------------------
 Nuclear Repulsion Energy =   134.3979926221 hartrees
 There are       17 alpha and       16 beta electrons
 Requested basis set is G3large
 There are 88 shells and 248 basis functions

Total QAlloc Memory Limit   2000 MB
Mega-Array Size       743 MB
MEM_STATIC part       760 MB

                       Distance Matrix (Angstroms)
             O (  1)   C (  2)   H (  3)   H (  4)   C (  5)   C (  6)
   C (  2)  1.431118
   H (  3)  0.969878  1.955736
   H (  4)  2.079163  1.103773  2.328453
   C (  5)  2.364005  1.523937  3.212552  2.148110
   C (  6)  2.443039  1.530174  2.580844  2.154707  2.540539
   H (  7)  2.635701  2.162611  3.522521  3.063836  1.095877  2.786558
   H (  8)  2.707742  2.168571  2.945335  3.069568  2.790476  1.095838
   H (  9)  2.588336  2.162693  3.482398  2.489048  1.094487  3.486424
   H ( 10)  2.725111  2.180241  2.447185  2.505376  3.494491  1.098015
   H ( 11)  3.331282  2.170171  4.077912  2.486833  1.095451  2.810617
   H ( 12)  3.394731  2.181519  3.584965  2.499906  2.819024  1.096408
             H (  7)   H (  8)   H (  9)   H ( 10)   H ( 11)
   H (  8)  2.588007
   H (  9)  1.774192  3.783799
   H ( 10)  3.789170  1.775904  4.322543
   H ( 11)  1.779661  3.163745  1.778892  3.816706
   H ( 12)  3.165779  1.780091  3.821610  1.770031  2.645964
 
 A cutoff of  1.0D-08 yielded   3639 shell pairs
 There are  28920 function pairs ( 34904 Cartesian)
Evaluating contribution to one-electron hamiltonian from nuclear
 Smallest overlap matrix eigenvalue = 4.89E-05

 Q-Chem warning in module mkSTV.C, line 194:

 Overlap eigenvalue is smaller than square root of threshold

 Multipole matrices computed through 2nd order

  Scale SEOQF with 1.000000e-01/1.000000e-01/1.000000e-01

 Standard Electronic Orientation quadrupole field applied
 Nucleus-field energy     =    -0.0000000069 hartrees
 Guess from superposition of atomic densities
 Warning:  Energy on first SCF cycle will be non-variational
 Long-range K will be added via erf
 Coulomb attenuation parameter = 1.04 bohr**(-1)
 An unrestricted Kohn-Sham SCF calculation will be
 performed using Pulay DIIS extrapolation
 Exchange:  wPBE + LR-HF      Correlation:  PBE
 Using SG-1 standard quadrature grid
 SCF converges when DIIS error is below 1.0E-05
 Requested basis set is G3large
 There are 88 shells and 248 basis functions
 A cutoff of  1.0D-08 yielded   3639 shell pairs
 There are  28920 function pairs ( 34904 Cartesian)
 Warning!  Inaccurate integrated density:
   Number of electrons =    33
   Numerical integral  =    34.000227111547
   Relative error      =     3.0309912471 %
 ---------------------------------------
  Cycle       Energy         DIIS Error
 ---------------------------------------
    1    -195.3635378240      2.85E-02
    2    -193.7591459200      3.17E-03
    3    -193.8407115273      2.13E-03
    4    -193.8675147967      5.74E-04
    5    -193.8747430837      2.91E-04
    6    -193.8786748361      2.44E-04
    7    -193.8833229334      2.62E-04
    8    -193.8849110015      2.66E-04
    9    -193.8786986029      2.55E-04
   10    -193.8577461833      7.49E-04
   11    -193.8696271414      4.16E-04
   12    -193.8712961843      4.26E-04
   13    -193.8714223647      4.15E-04
   14    -193.8699448830      4.05E-04
   15    -193.8705048260      4.00E-04
   16    -193.8708215400      3.97E-04
   17    -193.8706899958      3.99E-04
   18    -193.8701134774      4.25E-04
   19    -193.8666000333      5.02E-04
   20    -193.8701099142      3.48E-04
   21    -193.8728134033      2.19E-04
   22    -193.8773436356      2.47E-04
   23    -193.8754818000      2.42E-04
   24    -193.8788271202      1.66E-04
   25    -193.8822412095      2.50E-04
   26    -193.8497349776      9.83E-04
   27    -193.8655681427      4.56E-04
   28    -193.8585949348      7.04E-04
   29    -193.8593744203      6.80E-04
   30    -193.8621993023      5.63E-04
   31    -193.8613262611      5.71E-04
   32    -193.8601667907      6.43E-04
   33    -193.8582831675      7.19E-04
   34    -193.8582737988      7.20E-04
   35    -193.8588421029      6.95E-04
   36    -193.8581291329      7.03E-04
   37    -193.8626338239      5.37E-04
   38    -193.8661398998      1.92E-04
   39    -193.8701948105      2.21E-04
   40    -193.8750416894      2.49E-04
   41    -193.8619874021      3.73E-04
   42    -193.8610560592      3.90E-04
   43    -193.8643611329      2.59E-04
   44    -193.8665878914      1.93E-04
   45    -193.8722899246      2.36E-04
   46    -193.8757754075      2.57E-04
   47    -193.8538124906      7.27E-04
   48    -193.8522165483      7.97E-04
   49    -193.8405025991      1.21E-03
   50    -193.8396461524      1.25E-03
   51    -193.8396808823      1.24E-03
   52    -193.8398232395      1.24E-03
   53    -193.8402060110      1.23E-03
   54    -193.8406688446      1.22E-03
   55    -193.8371958260      1.34E-03
   56    -193.8377781172      1.30E-03
   57    -193.8482611949      1.06E-03
   58    -193.8560392582      1.61E-04
   59    -193.8594449753      1.69E-04
   60    -193.8633756211      1.90E-04
   61    -193.8669708355      2.12E-04
   62    -193.8606838475      2.57E-04
   63    -193.8520796076      5.12E-04
   64    -193.8501089692      5.73E-04
   65    -193.8512835114      5.27E-04
   66    -193.8513216124      5.32E-04
   67    -193.8513008515      5.26E-04
   68    -193.8499890758      5.97E-04
   69    -193.8500271273      5.97E-04
   70    -193.8498217271      6.23E-04
   71    -193.8497616718      6.27E-04
   72    -193.8511749156      5.64E-04
   73    -193.8514738490      5.20E-04
   74    -193.8543901434      3.97E-04
   75    -193.8562931036      1.23E-04
   76    -193.8585155396      1.35E-04
   77    -193.8608511939      1.51E-04
   78    -193.8593993823      1.50E-04
   79    -193.8536696306      2.98E-04
   80    -193.8500528016      4.09E-04
   81    -193.8508057353      3.80E-04
   82    -193.8505965584      4.15E-04
   83    -193.8506134109      4.05E-04
   84    -193.8506561993      3.88E-04
   85    -193.8504728488      3.94E-04
   86    -193.8507137722      3.91E-04
   87    -193.8506764003      3.87E-04
   88    -193.8506654423      3.88E-04
   89    -193.8522118265      2.94E-04
   90    -193.8531294963      7.87E-05
   91    -193.8539667855      7.79E-05
   92    -193.8547470300      8.09E-05
   93    -193.8549087415      8.14E-05
   94    -193.8556243203      7.16E-05
   95    -193.8563527903      8.52E-05
   96    -193.8516724970      1.65E-04
   97    -193.8520836949      1.60E-04
   98    -193.8524621628      1.81E-04
   99    -193.8521330118      1.10E-04
  100    -193.8525839796      7.65E-05
  101    -193.8528668258      5.67E-05
  102    -193.8534843565      6.07E-05
  103    -193.8533405212      6.01E-05
  104    -193.8524160740      6.93E-05
  105    -193.8517748929      5.87E-05
  106    -193.8513291219      6.45E-05
  107    -193.8513456992      5.79E-05
  108    -193.8515105290      1.81E-05
  109    -193.8515615976      3.02E-05
  110    -193.8515911392      1.04E-05
  111    -193.8515959482      1.70E-05
  112    -193.8516016947      7.65E-06 Convergence criterion met
 ---------------------------------------
 One-Electron    Energy =  -520.2829621930
 Total Coulomb   Energy =   219.4528310523
 Alpha Exchange  Energy =    -6.5419583240
 Beta  Exchange  Energy =    -6.1162805167
 DFT   Exchange  Energy =   -13.6883536824
 DFT Correlation Energy =    -1.0728706461
 Nuclear Repu.   Energy =   134.3979926152
 Nuclear Attr.   Energy =  -713.1804003978
 Kinetic         Energy =   192.8974382048
 <S^2> = 0.7607
 SCF time:  CPU 3187.89 s  wall 3206.95 s
 Final Alpha MO Eigenvalues
            1           2           3           4           5           6
    1 -19.5325685 -10.8034067 -10.7186705 -10.6678236  -1.5936678  -1.3423258
            7           8           9          10          11          12
    1  -1.2190315  -1.0838028  -0.9884270  -0.9164263  -0.8967945  -0.8279011
           13          14          15          16          17          18
    1  -0.8188543  -0.8049540  -0.7888595  -0.7712410  -0.7145903  -0.1029668
           19          20          21          22
    1  -0.0782054  -0.0729203  -0.0653458  -0.0472849
 Final Beta MO Eigenvalues
            1           2           3           4           5           6
    1 -19.5293192 -10.7979303 -10.7122500 -10.6661001  -1.5785160  -1.2939366
            7           8           9          10          11          12
    1  -1.1795709  -1.0492411  -0.9627430  -0.8906518  -0.8450713  -0.8121737
           13          14          15          16          17          18
    1  -0.7988228  -0.7857439  -0.7560860  -0.7033066  -0.4055558  -0.1013080
           19          20          21
    1  -0.0765043  -0.0715287  -0.0644211
 Analysis of SCF Wavefunction
 
 --------------------------------------------------------------
                    Orbital Energies (a.u.)
 --------------------------------------------------------------
 
 Alpha MOs
 -- Occupied --
-19.533 -10.803 -10.719 -10.668  -1.594  -1.342  -1.219  -1.084
 -0.988  -0.916  -0.897  -0.828  -0.819  -0.805  -0.789  -0.771
 -0.715
 -- Virtual --
 -0.103  -0.078  -0.073  -0.065  -0.047  -0.043  -0.034  -0.025
 -0.017  -0.007   0.008   0.019   0.027   0.031   0.036   0.040
  0.049   0.058   0.068   0.079   0.082   0.095   0.117   0.123
  0.124   0.130   0.148   0.167   0.173   0.182   0.211   0.234
  0.244   0.253   0.288   0.326   0.346   0.365   0.383   0.410
  0.419   0.456   0.459   0.482   0.493   0.494   0.505   0.511
  0.532   0.544   0.557   0.568   0.611   0.623   0.630   0.668
  0.714   0.737   0.785   0.787   0.827   0.868   0.882   0.905
  0.921   0.964   0.998   1.009   1.038   1.062   1.078   1.105
  1.121   1.131   1.156   1.174   1.200   1.228   1.239   1.244
  1.271   1.282   1.296   1.319   1.354   1.400   1.412   1.420
  1.445   1.461   1.495   1.504   1.535   1.558   1.560   1.603
  1.608   1.745   1.844   2.017   2.050   2.259   2.319   2.389
  2.494   2.525   2.569   2.574   2.635   2.672   2.701   2.773
  2.798   2.823   2.848   2.915   2.924   2.955   2.974   2.999
  3.110   3.126   3.154   3.165   3.191   3.238   3.290   3.309
  3.332   3.338   3.366   3.408   3.444   3.520   3.551   3.554
  3.577   3.605   3.644   3.667   3.687   3.740   3.781   3.808
  3.826   3.872   3.905   3.986   3.996   4.005   4.016   4.057
  4.119   4.154   4.187   4.217   4.236   4.249   4.264   4.292
  4.320   4.336   4.348   4.439   4.465   4.499   4.571   4.586
  4.614   4.624   4.672   4.718   4.845   5.140   5.213   5.272
  5.322   5.392   5.426   5.515   5.555   5.617   5.679   5.692
  5.722   5.739   5.886   5.965   6.484   7.068   7.219   7.302
  7.355   7.638   7.753  24.169  24.297  24.383  27.600  27.773
 28.072  28.140  28.166  28.207  28.216  28.372  28.481  40.950
 41.010  41.038  41.065  41.086  41.113  41.146  41.173  41.209
 41.218  41.251  41.265  41.295  41.301  41.357  43.926  43.956
 44.001  44.041  44.106  45.795  46.103  46.480  50.012
 
 Beta MOs
 -- Occupied --
-19.529 -10.798 -10.712 -10.666  -1.579  -1.294  -1.180  -1.049
 -0.963  -0.891  -0.845  -0.812  -0.799  -0.786  -0.756  -0.703
 -- Virtual --
 -0.406  -0.101  -0.077  -0.072  -0.064  -0.046  -0.042  -0.033
 -0.024  -0.016  -0.003   0.010   0.021   0.029   0.033   0.036
  0.042   0.051   0.061   0.072   0.083   0.086   0.100   0.121
  0.126   0.131   0.143   0.161   0.171   0.187   0.188   0.215
  0.237   0.250   0.260   0.290   0.331   0.356   0.373   0.396
  0.414   0.425   0.465   0.473   0.487   0.499   0.505   0.510
  0.517   0.545   0.561   0.563   0.576   0.618   0.628   0.634
  0.673   0.720   0.739   0.789   0.791   0.834   0.869   0.885
  0.909   0.926   0.967   1.002   1.016   1.044   1.067   1.083
  1.108   1.125   1.136   1.162   1.180   1.212   1.238   1.246
  1.258   1.276   1.288   1.302   1.325   1.357   1.405   1.416
  1.426   1.448   1.463   1.499   1.509   1.541   1.563   1.565
  1.608   1.612   1.750   1.852   2.025   2.057   2.264   2.326
  2.394   2.506   2.534   2.577   2.581   2.647   2.688   2.708
  2.792   2.819   2.837   2.862   2.926   2.933   2.960   2.985
  3.011   3.119   3.133   3.165   3.171   3.199   3.244   3.297
  3.323   3.342   3.343   3.374   3.421   3.451   3.527   3.559
  3.564   3.585   3.611   3.650   3.680   3.698   3.748   3.787
  3.817   3.835   3.881   3.913   3.995   4.002   4.012   4.025
  4.063   4.126   4.163   4.196   4.224   4.242   4.253   4.270
  4.302   4.329   4.344   4.356   4.445   4.470   4.505   4.577
  4.594   4.622   4.632   4.677   4.728   4.857   5.143   5.221
  5.279   5.330   5.405   5.433   5.524   5.566   5.621   5.683
  5.698   5.727   5.746   5.889   5.972   6.489   7.079   7.225
  7.316   7.360   7.645   7.764  24.173  24.302  24.387  27.610
 27.779  28.075  28.143  28.170  28.209  28.217  28.380  28.489
 40.962  41.013  41.045  41.070  41.091  41.114  41.149  41.182
 41.215  41.225  41.261  41.266  41.297  41.306  41.360  43.933
 43.962  44.003  44.045  44.114  45.797  46.110  46.482  50.016
 --------------------------------------------------------------
 
          Ground-State Mulliken Net Atomic Charges

     Atom                 Charge (a.u.)    Spin (a.u.)
  --------------------------------------------------------
      1 O                    -0.174491       0.119324
      2 C                     0.054665       0.257031
      3 H                     0.319890       0.025309
      4 H                     0.187878       0.074784
      5 C                    -0.115951       0.328381
      6 C                    -0.172200       0.084807
      7 H                     0.170467       0.016134
      8 H                     0.152620       0.011689
      9 H                     0.177794       0.028420
     10 H                     0.143707       0.065458
     11 H                     0.138510      -0.009383
     12 H                     0.117111      -0.001955
  --------------------------------------------------------
  Sum of atomic charges =     1.000000
  Sum of spin   charges =     1.000000

 -----------------------------------------------------------------
                    Cartesian Multipole Moments
 -----------------------------------------------------------------
    Charge (ESU x 10^10)
                 4.8032
    Dipole Moment (Debye)
         X      -0.1545      Y      -1.1947      Z       8.4413
       Tot       8.5268
    Quadrupole Moments (Debye-Ang)
        XX     -12.4341     XY      -1.6441     YY     -19.7636
        XZ      -4.1404     YZ      -2.4680     ZZ      -6.2907
    Octapole Moments (Debye-Ang^2)
       XXX       4.3500    XXY       5.8562    XYY       4.5530
       YYY      18.9867    XXZ     -17.2233    XYZ      -3.3620
       YYZ     -25.3049    XZZ      -2.2218    YZZ       2.4700
       ZZZ     -60.1297
    Hexadecapole Moments (Debye-Ang^3)
      XXXX    -111.5674   XXXY      13.3190   XXYY     -32.7165
      XYYY      18.1933   YYYY     -86.1696   XXXZ       5.1768
      XXYZ      12.1232   XYYZ      11.1258   YYYZ      40.5775
      XXZZ     -60.5162   XYZZ      -1.1766   YYZZ     -70.7133
      XZZZ       6.8887   YZZZ      33.4918   ZZZZ    -295.1438
 -----------------------------------------------------------------
 Total job time:  3207.31s(wall), 3188.23s(cpu) 
 Mon Jun  3 18:04:59 2013

        *************************************************************
        *                                                           *
        *  Thank you very much for using Q-Chem.  Have a nice day.  *
        *                                                           *
        *************************************************************


0 sent ACK to 0 
now end server 0 ... 
