Process 0 of 1 is on cl122 - thread support 1
initial socket setup ...start
initial socket setup ...done 
now start server 0 ... 

cmd = /usr/bin/ssh clhead /usr/local/qchem/bin/get_hostid 1545224933 > /tmp/1601975.1.medium.q/qchem4407/lic.dat

cmd = /usr/bin/ssh clhead /usr/local/qchem/bin/get_hostid 1545224933 > /tmp/1601975.1.medium.q/qchem4407/lic.dat

cmd = /usr/bin/ssh clhead /usr/local/qchem/bin/get_hostid 1545224933 > /tmp/1601975.1.medium.q/qchem4407/lic.dat

cmd = /usr/bin/ssh clhead /usr/local/qchem/bin/get_hostid 1545224933 > /tmp/1601975.1.medium.q/qchem4407/lic.dat

cmd = /usr/bin/ssh clhead /usr/local/qchem/bin/get_hostid 1545224933 > /tmp/1601975.1.medium.q/qchem4407/lic.dat
                  Welcome to Q-Chem
     A Quantum Leap Into The Future Of Chemistry

 Y. Shao, L. Fusti-Molnar, Y. Jung, J. Kussmann, C. Ochsenfeld,
 S. T. Brown, A. T. B. Gilbert, L. V. Slipchenko,S. V. Levchenko,
 D. P. O'Neill, R. A. DiStasio Jr., R. C. Lochan, T. Wang,
 G. J. O. Beran, N. A. Besley, J. M. Herbert, C. Y. Lin,
 T. Van Voorhis, S. H. Chien, A. Sodt, R. P. Steele, 
 V. A. Rassolov, P. E. Maslen, P. P. Korambath, R. D. Adamson,
 B. Austin, J. Baker, E. F. C. Byrd, H. Dachsel, R. J. Doerksen,
 A. Dreuw, B. D. Dunietz, A. D. Dutoi, T. R. Furlani,
 S. R. Gwaltney, A. Heyden, S. Hirata, C.-P. Hsu, G. Kedziora,
 R. Z. Khaliullin, P. Klunzinger, A. M. Lee, M. S. Lee, W. Liang,
 I. Lotan, N. Nair, B. Peters, E. I. Proynov, P. A. Pieniazek, 
 Y. M. Rhee, J. Ritchie, E. Rosta, C. D. Sherrill, 
 A. C. Simmonett, J. E. Subotnik, H. L. Woodcock III,
 W. Zhang, A. T. Bell, A. K. Chakraborty, D. M. Chipman,
 F. J. Keil, A. Warshel, W. J. Hehre, H. F. Schaefer III,
 J. Kong, A. I. Krylov, P. M. W. Gill, M. Head-Gordon,
 Q-Chem, Version 3.1, Q-Chem, Inc., Pittsburgh, PA (2007).

 Additional authors for Version 3.1: 
 Z. Gan, Y. Zhao, N. E. Schultz, D. Truhlar, E. Epifanovsky and M. Oana.

 Additional authors for Version 3.2: 
 R. Baer, B. R. Brooks, D. Casanova, J.-D. Chai, C.-L. Cheng, 
 C. Cramer, D. Crittenden, A. Ghysels, G. Hawkins, E. G. Hohenstein, 
 C. Kelley, W. Kurlancheek, D. Liotard, E. Livshits, P. Manohar, 
 A. Marenich, D. Neuhauser, R. Olson, M. A. Rohrdanz, K. S. Thanthiriwatte, 
 A. J. W. Thom, V. Vanovschi, C. F. Williams, Q. Wu and Z.-Q. You. 


 Intel X86 Linux Version

 Q-chem begins on Thu Mar 20 03:31:43 2014  

 Parallel job on  1  processors
Processing $rem in /usr/local/qchem/config/preferences.

theFileMan(): MAXOPENFILES=974 MAX_SUB_FILE_NUM=16
Maximum size of a physical file is 2.0 GB, maximum size of a tmp-file is 32.0 GB


--------------------------------------------------------------
User input:
--------------------------------------------------------------

$molecule
-1,2
C         -0.00010        0.00000        0.01845
Si        -0.00040        0.00000        1.87168
H          1.01354        0.00000       -0.36644
H         -0.50645       -0.87766       -0.36740
H         -0.50645        0.87766       -0.36740
H         -1.38115        0.00000        2.39343
H          0.69049       -1.19616        2.39178
H          0.69049        1.19616        2.39178
$end

$comment
negative
$end

$xc_functional
C PBE   1.00
X wPBE  1.00
$end

$rem
SYMMETRY_DECOMPOSITION	0
exchange 		general
LRC_DFT                 true
BASIS                   g3large
omega			390
mem_static              760
max_scf_cycles          200
scf_final_print         1
sym_ignore              true
$end

--------------------------------------------------------------
 Writing REM_CC_EA            8
 ----------------------------------------------------
       Standard Nuclear Orientation (Angstroms)
    I     Atom         X            Y            Z
 ----------------------------------------------------
    1      C      -0.000100     0.000000     0.018450
    2      Si     -0.000400     0.000000     1.871680
    3      H       1.013540     0.000000    -0.366440
    4      H      -0.506450    -0.877660    -0.367400
    5      H      -0.506450     0.877660    -0.367400
    6      H      -1.381150     0.000000     2.393430
    7      H       0.690490    -1.196160     2.391780
    8      H       0.690490     1.196160     2.391780
 ----------------------------------------------------
 Nuclear Repulsion Energy =    63.3930539500 hartrees
 There are       14 alpha and       13 beta electrons
 Requested basis set is G3large
 There are 65 shells and 168 basis functions

Total QAlloc Memory Limit   2000 MB
Mega-Array Size       743 MB
MEM_STATIC part       760 MB

                       Distance Matrix (Angstroms)
             C (  1)   Si(  2)   H (  3)   H (  4)   H (  5)   H (  6)
   Si(  2)  1.853230
   H (  3)  1.084254  2.457083
   H (  4)  1.084231  2.457611  1.755180
   H (  5)  1.084231  2.457611  1.755180  1.755320
   H (  6)  2.747331  1.476040  3.653960  3.026148  3.026148
   H (  7)  2.745980  1.476019  3.023729  3.024431  3.653282  2.392173
   H (  8)  2.745980  1.476019  3.023729  3.653282  3.024431  2.392173
             H (  7)
   H (  8)  2.392320
 
 A cutoff of  1.0D-08 yielded   2044 shell pairs
 There are  13820 function pairs ( 17231 Cartesian)
Evaluating contribution to one-electron hamiltonian from nuclear
 Smallest overlap matrix eigenvalue = 1.32E-04
 Multipole matrices computed through 2nd order

  Scale SEOQF with 1.000000e-01/1.000000e-01/1.000000e-01

 Standard Electronic Orientation quadrupole field applied
 Nucleus-field energy     =    -0.0000000067 hartrees
 Guess from superposition of atomic densities
 Warning:  Energy on first SCF cycle will be non-variational
 Long-range K will be added via erf
 Coulomb attenuation parameter = 0.39 bohr**(-1)
 An unrestricted Kohn-Sham SCF calculation will be
 performed using Pulay DIIS extrapolation
 Exchange:  wPBE + LR-HF      Correlation:  PBE
 Using SG-1 standard quadrature grid
 SCF converges when DIIS error is below 1.0E-05
 Requested basis set is G3large
 There are 65 shells and 168 basis functions
 A cutoff of  1.0D-08 yielded   2044 shell pairs
 There are  13820 function pairs ( 17231 Cartesian)
 Warning!  Inaccurate integrated density:
   Number of electrons =    27
   Numerical integral  =    25.999988627882
   Relative error      =    -3.7037458227 %
 ---------------------------------------
  Cycle       Energy         DIIS Error
 ---------------------------------------
    1    -331.2805730245      2.80E-02
    2    -330.9834030507      3.39E-03
    3    -331.0304698700      2.53E-03
    4    -331.0564323121      3.49E-04
    5    -331.0613420630      1.69E-04
    6    -331.0635191286      9.28E-05
    7    -331.0644898672      3.85E-05
    8    -331.0647489773      1.65E-05
    9    -331.0648063794      7.21E-06 Convergence criterion met
 ---------------------------------------
 One-Electron    Energy =  -585.4318603217
 Total Coulomb   Energy =   219.5198721717
 Alpha Exchange  Energy =    -2.6190994050
 Beta  Exchange  Energy =    -2.5525655847
 DFT   Exchange  Energy =   -22.4866238693
 DFT Correlation Energy =    -0.8875833139
 Nuclear Repu.   Energy =    63.3930539434
 Nuclear Attr.   Energy =  -915.8711071114
 Kinetic         Energy =   330.4392467897
 <S^2> = 0.7502
 SCF time:  CPU 92.57 s  wall 94.28 s
 Final Alpha MO Eigenvalues
            1           2           3           4           5           6
    1 -65.4671570  -9.9341306  -5.1296042  -3.5320069  -3.5319925  -3.5306380
            7           8           9          10          11          12
    1  -0.7087460  -0.5312702  -0.3951323  -0.3950522  -0.3199950  -0.3199484
           13          14          15          16          17          18
    1  -0.3061405   0.0279872   0.1482737   0.1508013   0.1508827   0.1761853
           19
    1   0.1885665
 Final Beta MO Eigenvalues
            1           2           3           4           5           6
    1 -65.4670716  -9.9335405  -5.1295065  -3.5319478  -3.5319333  -3.5303925
            7           8           9          10          11          12
    1  -0.7071710  -0.5295822  -0.3942768  -0.3941955  -0.3198995  -0.3198489
           13          14          15          16          17          18
    1  -0.3048558   0.1388096   0.1548732   0.1653830   0.1656125   0.1827767
 Analysis of SCF Wavefunction
 
 --------------------------------------------------------------
                    Orbital Energies (a.u.)
 --------------------------------------------------------------
 
 Alpha MOs
 -- Occupied --
-65.467  -9.934  -5.130  -3.532  -3.532  -3.531  -0.709  -0.531
 -0.395  -0.395  -0.320  -0.320  -0.306   0.028
 -- Virtual --
  0.148   0.151   0.151   0.176   0.189   0.189   0.200   0.200
  0.256   0.269   0.269   0.269   0.302   0.303   0.303   0.315
  0.351   0.367   0.367   0.430   0.430   0.479   0.479   0.481
  0.488   0.529   0.529   0.615   0.632   0.632   0.645   0.670
  0.715   0.715   0.728   0.769   0.769   0.774   0.816   0.816
  0.883   0.909   0.919   0.919   0.964   0.964   1.035   1.045
  1.045   1.080   1.095   1.137   1.214   1.214   1.271   1.271
  1.313   1.353   1.353   1.419   1.419   1.475   1.515   1.540
  1.540   1.546   1.556   1.556   1.647   1.647   1.713   1.714
  1.722   1.773   1.773   1.813   1.864   2.352   2.394   2.402
  2.402   2.464   2.464   2.576   2.749   2.749   2.851   3.063
  3.063   3.188   3.212   3.344   3.355   3.355   3.469   3.469
  3.570   3.570   3.619   3.780   3.780   3.901   3.903   3.923
  4.029   4.030   4.150   4.175   4.176   4.298   4.298   4.301
  4.343   4.369   4.369   4.482   4.484   4.485   4.611   4.626
  4.627   4.689   4.738   4.887   4.888   5.298   5.926   5.926
  6.477  11.603  11.603  11.944  17.723  17.807  17.904  17.988
 18.044  22.335  22.350  22.358  22.358  22.365  22.366  22.392
 24.307  27.993  28.248  28.249  41.116  41.132  41.351  41.395
 41.442 141.276
 
 Beta MOs
 -- Occupied --
-65.467  -9.934  -5.130  -3.532  -3.532  -3.530  -0.707  -0.530
 -0.394  -0.394  -0.320  -0.320  -0.305
 -- Virtual --
  0.139   0.155   0.165   0.166   0.183   0.190   0.190   0.202
  0.202   0.255   0.265   0.265   0.273   0.299   0.303   0.303
  0.317   0.352   0.367   0.367   0.431   0.431   0.477   0.479
  0.479   0.486   0.528   0.528   0.615   0.630   0.630   0.643
  0.670   0.715   0.715   0.728   0.769   0.769   0.773   0.814
  0.814   0.880   0.909   0.920   0.920   0.964   0.964   1.035
  1.045   1.045   1.080   1.096   1.137   1.214   1.214   1.271
  1.271   1.314   1.354   1.354   1.419   1.419   1.476   1.515
  1.540   1.540   1.546   1.556   1.556   1.648   1.648   1.713
  1.714   1.722   1.773   1.773   1.814   1.864   2.352   2.395
  2.403   2.403   2.464   2.464   2.577   2.749   2.749   2.851
  3.063   3.063   3.188   3.212   3.344   3.356   3.356   3.469
  3.469   3.570   3.570   3.620   3.781   3.781   3.901   3.903
  3.925   4.029   4.030   4.150   4.175   4.176   4.297   4.297
  4.300   4.343   4.368   4.368   4.482   4.485   4.485   4.611
  4.626   4.627   4.689   4.738   4.888   4.888   5.299   5.927
  5.927   6.477  11.603  11.603  11.945  17.724  17.807  17.904
 17.988  18.044  22.335  22.350  22.358  22.358  22.365  22.366
 22.392  24.308  27.994  28.249  28.249  41.116  41.133  41.351
 41.395  41.443 141.276
 --------------------------------------------------------------
 
          Ground-State Mulliken Net Atomic Charges

     Atom                 Charge (a.u.)    Spin (a.u.)
  --------------------------------------------------------
      1 C                     2.728630      -2.965771
      2 Si                    0.735039      -0.513779
      3 H                    -1.211276       1.312659
      4 H                    -1.224677       1.326590
      5 H                    -1.194321       1.295170
      6 H                    -0.277691       0.181745
      7 H                    -0.278253       0.182557
      8 H                    -0.277451       0.180831
  --------------------------------------------------------
  Sum of atomic charges =    -1.000000
  Sum of spin   charges =     1.000000

 -----------------------------------------------------------------
                    Cartesian Multipole Moments
 -----------------------------------------------------------------
    Charge (ESU x 10^10)
                -4.8032
    Dipole Moment (Debye)
         X      -0.0048      Y       0.1212      Z       2.0133
       Tot       2.0169
    Quadrupole Moments (Debye-Ang)
        XX     -49.5155     XY      -0.0819     YY     -49.5057
        XZ      -0.0024     YZ      -0.0517     ZZ     -48.0948
    Octapole Moments (Debye-Ang^2)
       XXX      -1.4047    XXY       0.4771    XYY       1.3365
       YYY       1.4315    XXZ     -19.9578    XYZ       0.0403
       YYZ     -19.9566    XZZ      -0.0052    YZZ       0.4434
       ZZZ     -71.4961
    Hexadecapole Moments (Debye-Ang^3)
      XXXX    -374.2703   XXXY      -0.6436   XXYY    -124.7223
      XYYY      -0.7207   YYYY    -374.1030   XXXZ       7.4102
      XXYZ      -0.0748   XYYZ      -7.3844   YYYZ      -0.2243
      XXZZ    -180.4394   XYZZ      -0.2096   YYZZ    -180.4107
      XZZZ       0.0306   YZZZ      -0.2143   ZZZZ    -669.6082
 -----------------------------------------------------------------
 Total job time:  94.51s(wall), 92.74s(cpu) 
 Thu Mar 20 03:33:17 2014

        *************************************************************
        *                                                           *
        *  Thank you very much for using Q-Chem.  Have a nice day.  *
        *                                                           *
        *************************************************************


0 sent ACK to 0 
now end server 0 ... 
 
**********************************************************************
Job 2 of 3 
**********************************************************************
 
Process 0 of 1 is on cl122 - thread support 1
initial socket setup ...start
initial socket setup ...done 
now start server 0 ... 

cmd = /usr/bin/ssh clhead /usr/local/qchem/bin/get_hostid 1200026336 > /tmp/1601975.1.medium.q/qchem4407/lic.dat

cmd = /usr/bin/ssh clhead /usr/local/qchem/bin/get_hostid 1200026336 > /tmp/1601975.1.medium.q/qchem4407/lic.dat

cmd = /usr/bin/ssh clhead /usr/local/qchem/bin/get_hostid 1200026336 > /tmp/1601975.1.medium.q/qchem4407/lic.dat

cmd = /usr/bin/ssh clhead /usr/local/qchem/bin/get_hostid 1200026336 > /tmp/1601975.1.medium.q/qchem4407/lic.dat

cmd = /usr/bin/ssh clhead /usr/local/qchem/bin/get_hostid 1200026336 > /tmp/1601975.1.medium.q/qchem4407/lic.dat
                  Welcome to Q-Chem
     A Quantum Leap Into The Future Of Chemistry

 Y. Shao, L. Fusti-Molnar, Y. Jung, J. Kussmann, C. Ochsenfeld,
 S. T. Brown, A. T. B. Gilbert, L. V. Slipchenko,S. V. Levchenko,
 D. P. O'Neill, R. A. DiStasio Jr., R. C. Lochan, T. Wang,
 G. J. O. Beran, N. A. Besley, J. M. Herbert, C. Y. Lin,
 T. Van Voorhis, S. H. Chien, A. Sodt, R. P. Steele, 
 V. A. Rassolov, P. E. Maslen, P. P. Korambath, R. D. Adamson,
 B. Austin, J. Baker, E. F. C. Byrd, H. Dachsel, R. J. Doerksen,
 A. Dreuw, B. D. Dunietz, A. D. Dutoi, T. R. Furlani,
 S. R. Gwaltney, A. Heyden, S. Hirata, C.-P. Hsu, G. Kedziora,
 R. Z. Khaliullin, P. Klunzinger, A. M. Lee, M. S. Lee, W. Liang,
 I. Lotan, N. Nair, B. Peters, E. I. Proynov, P. A. Pieniazek, 
 Y. M. Rhee, J. Ritchie, E. Rosta, C. D. Sherrill, 
 A. C. Simmonett, J. E. Subotnik, H. L. Woodcock III,
 W. Zhang, A. T. Bell, A. K. Chakraborty, D. M. Chipman,
 F. J. Keil, A. Warshel, W. J. Hehre, H. F. Schaefer III,
 J. Kong, A. I. Krylov, P. M. W. Gill, M. Head-Gordon,
 Q-Chem, Version 3.1, Q-Chem, Inc., Pittsburgh, PA (2007).

 Additional authors for Version 3.1: 
 Z. Gan, Y. Zhao, N. E. Schultz, D. Truhlar, E. Epifanovsky and M. Oana.

 Additional authors for Version 3.2: 
 R. Baer, B. R. Brooks, D. Casanova, J.-D. Chai, C.-L. Cheng, 
 C. Cramer, D. Crittenden, A. Ghysels, G. Hawkins, E. G. Hohenstein, 
 C. Kelley, W. Kurlancheek, D. Liotard, E. Livshits, P. Manohar, 
 A. Marenich, D. Neuhauser, R. Olson, M. A. Rohrdanz, K. S. Thanthiriwatte, 
 A. J. W. Thom, V. Vanovschi, C. F. Williams, Q. Wu and Z.-Q. You. 


 Intel X86 Linux Version

 Q-chem begins on Thu Mar 20 03:33:22 2014  

 Parallel job on  1  processors
Processing $rem in /usr/local/qchem/config/preferences.

theFileMan(): MAXOPENFILES=974 MAX_SUB_FILE_NUM=16
Maximum size of a physical file is 2.0 GB, maximum size of a tmp-file is 32.0 GB


--------------------------------------------------------------
User input:
--------------------------------------------------------------

$molecule
0,1
C         -0.00010        0.00000        0.01845
Si        -0.00040        0.00000        1.87168
H          1.01354        0.00000       -0.36644
H         -0.50645       -0.87766       -0.36740
H         -0.50645        0.87766       -0.36740
H         -1.38115        0.00000        2.39343
H          0.69049       -1.19616        2.39178
H          0.69049        1.19616        2.39178
$end

$comment
neutral
$end

$xc_functional
C PBE   1.00
X wPBE  1.00
$end


$rem
SYMMETRY_DECOMPOSITION	0
LRC_DFT                 true
exchange 		general
BASIS                   g3large
omega			390
mem_static              760
max_scf_cycles          200
scf_final_print         1
sym_ignore              true
$end

--------------------------------------------------------------
 Writing REM_CC_EA            8
 ----------------------------------------------------
       Standard Nuclear Orientation (Angstroms)
    I     Atom         X            Y            Z
 ----------------------------------------------------
    1      C      -0.000100     0.000000     0.018450
    2      Si     -0.000400     0.000000     1.871680
    3      H       1.013540     0.000000    -0.366440
    4      H      -0.506450    -0.877660    -0.367400
    5      H      -0.506450     0.877660    -0.367400
    6      H      -1.381150     0.000000     2.393430
    7      H       0.690490    -1.196160     2.391780
    8      H       0.690490     1.196160     2.391780
 ----------------------------------------------------
 Nuclear Repulsion Energy =    63.3930539500 hartrees
 There are       13 alpha and       13 beta electrons
 Requested basis set is G3large
 There are 65 shells and 168 basis functions

Total QAlloc Memory Limit   2000 MB
Mega-Array Size       743 MB
MEM_STATIC part       760 MB

                       Distance Matrix (Angstroms)
             C (  1)   Si(  2)   H (  3)   H (  4)   H (  5)   H (  6)
   Si(  2)  1.853230
   H (  3)  1.084254  2.457083
   H (  4)  1.084231  2.457611  1.755180
   H (  5)  1.084231  2.457611  1.755180  1.755320
   H (  6)  2.747331  1.476040  3.653960  3.026148  3.026148
   H (  7)  2.745980  1.476019  3.023729  3.024431  3.653282  2.392173
   H (  8)  2.745980  1.476019  3.023729  3.653282  3.024431  2.392173
             H (  7)
   H (  8)  2.392320
 
 A cutoff of  1.0D-08 yielded   2044 shell pairs
 There are  13820 function pairs ( 17231 Cartesian)
Evaluating contribution to one-electron hamiltonian from nuclear
 Smallest overlap matrix eigenvalue = 1.32E-04
 Multipole matrices computed through 2nd order

  Scale SEOQF with 1.000000e-01/1.000000e-01/1.000000e-01

 Standard Electronic Orientation quadrupole field applied
 Nucleus-field energy     =    -0.0000000067 hartrees
 Guess from superposition of atomic densities
 Warning:  Energy on first SCF cycle will be non-variational
 Long-range K will be added via erf
 Coulomb attenuation parameter = 0.39 bohr**(-1)
 A restricted Kohn-Sham SCF calculation will be
 performed using Pulay DIIS extrapolation
 Exchange:  wPBE + LR-HF      Correlation:  PBE
 Using SG-1 standard quadrature grid
 SCF converges when DIIS error is below 1.0E-05
 Requested basis set is G3large
 There are 65 shells and 168 basis functions
 A cutoff of  1.0D-08 yielded   2044 shell pairs
 There are  13820 function pairs ( 17231 Cartesian)
 ---------------------------------------
  Cycle       Energy         DIIS Error
 ---------------------------------------
    1    -331.2805730245      2.80E-02
    2    -331.0633480853      2.81E-03
    3    -331.0876778499      1.64E-03
    4    -331.0966609596      2.63E-04
    5    -331.0970176115      5.29E-05
    6    -331.0970363255      1.38E-05
    7    -331.0970372919      2.83E-06 Convergence criterion met
 ---------------------------------------
 One-Electron    Energy =  -581.9896577745
 Total Coulomb   Energy =   215.9700072789
 Alpha Exchange  Energy =    -2.5541958474
 Beta  Exchange  Energy =    -2.5541958474
 DFT   Exchange  Energy =   -22.4824134531
 DFT Correlation Energy =    -0.8796355917
 Nuclear Repu.   Energy =    63.3930539434
 Nuclear Attr.   Energy =  -912.3696259026
 Kinetic         Energy =   330.3799681281
 SCF time:  CPU 56.98 s  wall 58.15 s
 Final Alpha MO Eigenvalues
            1           2           3           4           5           6
    1 -65.5953435 -10.0798630  -5.2578872  -3.6600237  -3.6600129  -3.6593918
            7           8           9          10          11          12
    1  -0.8515646  -0.6592185  -0.5379998  -0.5379719  -0.4470672  -0.4470525
           13          14          15          16          17          18
    1  -0.4426877   0.0384876   0.0614747   0.0677397   0.0677532   0.0862244
 Analysis of SCF Wavefunction
 
 --------------------------------------------------------------
                    Orbital Energies (a.u.)
 --------------------------------------------------------------
 
 Alpha MOs
 -- Occupied --
-65.595 -10.080  -5.258  -3.660  -3.660  -3.659  -0.852  -0.659
 -0.538  -0.538  -0.447  -0.447  -0.443
 -- Virtual --
  0.038   0.061   0.068   0.068   0.086   0.095   0.095   0.103
  0.103   0.157   0.157   0.157   0.161   0.186   0.186   0.191
  0.204   0.237   0.238   0.238   0.303   0.303   0.359   0.363
  0.363   0.366   0.412   0.412   0.497   0.502   0.502   0.518
  0.544   0.587   0.587   0.606   0.639   0.639   0.646   0.681
  0.681   0.748   0.781   0.792   0.792   0.839   0.839   0.909
  0.922   0.922   0.947   0.953   1.008   1.079   1.079   1.142
  1.142   1.183   1.209   1.210   1.296   1.296   1.337   1.381
  1.405   1.405   1.422   1.427   1.427   1.507   1.507   1.575
  1.575   1.588   1.648   1.648   1.682   1.725   2.226   2.266
  2.270   2.270   2.334   2.335   2.450   2.605   2.605   2.708
  2.938   2.938   3.042   3.069   3.214   3.214   3.219   3.324
  3.324   3.428   3.428   3.482   3.637   3.637   3.767   3.769
  3.780   3.902   3.903   4.005   4.035   4.036   4.174   4.174
  4.176   4.218   4.239   4.239   4.342   4.342   4.355   4.465
  4.482   4.483   4.543   4.609   4.759   4.759   5.153   5.780
  5.780   6.348  11.475  11.475  11.815  17.595  17.679  17.775
 17.860  17.916  22.207  22.222  22.229  22.230  22.237  22.238
 22.264  24.162  27.848  28.103  28.103  40.970  40.987  41.206
 41.249  41.297 141.147
 --------------------------------------------------------------
 
          Ground-State Mulliken Net Atomic Charges

     Atom                 Charge (a.u.)
  ----------------------------------------
      1 C                    -0.287542
      2 Si                    0.210174
      3 H                     0.099437
      4 H                     0.099399
      5 H                     0.099348
      6 H                    -0.073496
      7 H                    -0.073632
      8 H                    -0.073687
  ----------------------------------------
  Sum of atomic charges =     0.000000

 -----------------------------------------------------------------
                    Cartesian Multipole Moments
 -----------------------------------------------------------------
    Charge (ESU x 10^10)
                 0.0000
    Dipole Moment (Debye)
         X      -0.0011      Y       0.0000      Z      -0.8183
       Tot       0.8183
    Quadrupole Moments (Debye-Ang)
        XX     -22.8241     XY       0.0000     YY     -22.8250
        XZ      -0.0024     YZ      -0.0001     ZZ     -25.0632
    Octapole Moments (Debye-Ang^2)
       XXX       1.6346    XXY      -0.0001    XYY      -1.6181
       YYY      -0.0002    XXZ     -31.4676    XYZ      -0.0003
       YYZ     -31.4711    XZZ      -0.0005    YZZ      -0.0003
       ZZZ     -92.5346
    Hexadecapole Moments (Debye-Ang^3)
      XXXX     -55.6469   XXXY       0.0000   XXYY     -18.5499
      XYYY      -0.0002   YYYY     -55.6545   XXXZ       1.2334
      XXYZ      -0.0003   XYYZ      -1.1972   YYYZ      -0.0006
      XXZZ     -80.2308   XYZZ      -0.0009   YYZZ     -80.2371
      XZZZ       0.0252   YZZZ      -0.0011   ZZZZ    -404.8948
 -----------------------------------------------------------------
 Total job time:  58.35s(wall), 57.15s(cpu) 
 Thu Mar 20 03:34:20 2014

        *************************************************************
        *                                                           *
        *  Thank you very much for using Q-Chem.  Have a nice day.  *
        *                                                           *
        *************************************************************


0 sent ACK to 0 
now end server 0 ... 
 
**********************************************************************
Job 3 of 3 
**********************************************************************
 
Process 0 of 1 is on cl122 - thread support 1
initial socket setup ...start
initial socket setup ...done 
now start server 0 ... 

cmd = /usr/bin/ssh clhead /usr/local/qchem/bin/get_hostid 1679248155 > /tmp/1601975.1.medium.q/qchem4407/lic.dat

cmd = /usr/bin/ssh clhead /usr/local/qchem/bin/get_hostid 1679248155 > /tmp/1601975.1.medium.q/qchem4407/lic.dat

cmd = /usr/bin/ssh clhead /usr/local/qchem/bin/get_hostid 1679248155 > /tmp/1601975.1.medium.q/qchem4407/lic.dat

cmd = /usr/bin/ssh clhead /usr/local/qchem/bin/get_hostid 1679248155 > /tmp/1601975.1.medium.q/qchem4407/lic.dat

cmd = /usr/bin/ssh clhead /usr/local/qchem/bin/get_hostid 1679248155 > /tmp/1601975.1.medium.q/qchem4407/lic.dat
                  Welcome to Q-Chem
     A Quantum Leap Into The Future Of Chemistry

 Y. Shao, L. Fusti-Molnar, Y. Jung, J. Kussmann, C. Ochsenfeld,
 S. T. Brown, A. T. B. Gilbert, L. V. Slipchenko,S. V. Levchenko,
 D. P. O'Neill, R. A. DiStasio Jr., R. C. Lochan, T. Wang,
 G. J. O. Beran, N. A. Besley, J. M. Herbert, C. Y. Lin,
 T. Van Voorhis, S. H. Chien, A. Sodt, R. P. Steele, 
 V. A. Rassolov, P. E. Maslen, P. P. Korambath, R. D. Adamson,
 B. Austin, J. Baker, E. F. C. Byrd, H. Dachsel, R. J. Doerksen,
 A. Dreuw, B. D. Dunietz, A. D. Dutoi, T. R. Furlani,
 S. R. Gwaltney, A. Heyden, S. Hirata, C.-P. Hsu, G. Kedziora,
 R. Z. Khaliullin, P. Klunzinger, A. M. Lee, M. S. Lee, W. Liang,
 I. Lotan, N. Nair, B. Peters, E. I. Proynov, P. A. Pieniazek, 
 Y. M. Rhee, J. Ritchie, E. Rosta, C. D. Sherrill, 
 A. C. Simmonett, J. E. Subotnik, H. L. Woodcock III,
 W. Zhang, A. T. Bell, A. K. Chakraborty, D. M. Chipman,
 F. J. Keil, A. Warshel, W. J. Hehre, H. F. Schaefer III,
 J. Kong, A. I. Krylov, P. M. W. Gill, M. Head-Gordon,
 Q-Chem, Version 3.1, Q-Chem, Inc., Pittsburgh, PA (2007).

 Additional authors for Version 3.1: 
 Z. Gan, Y. Zhao, N. E. Schultz, D. Truhlar, E. Epifanovsky and M. Oana.

 Additional authors for Version 3.2: 
 R. Baer, B. R. Brooks, D. Casanova, J.-D. Chai, C.-L. Cheng, 
 C. Cramer, D. Crittenden, A. Ghysels, G. Hawkins, E. G. Hohenstein, 
 C. Kelley, W. Kurlancheek, D. Liotard, E. Livshits, P. Manohar, 
 A. Marenich, D. Neuhauser, R. Olson, M. A. Rohrdanz, K. S. Thanthiriwatte, 
 A. J. W. Thom, V. Vanovschi, C. F. Williams, Q. Wu and Z.-Q. You. 


 Intel X86 Linux Version

 Q-chem begins on Thu Mar 20 03:34:24 2014  

 Parallel job on  1  processors
Processing $rem in /usr/local/qchem/config/preferences.

theFileMan(): MAXOPENFILES=974 MAX_SUB_FILE_NUM=16
Maximum size of a physical file is 2.0 GB, maximum size of a tmp-file is 32.0 GB


--------------------------------------------------------------
User input:
--------------------------------------------------------------

$molecule
1,2
C         -0.00010        0.00000        0.01845
Si        -0.00040        0.00000        1.87168
H          1.01354        0.00000       -0.36644
H         -0.50645       -0.87766       -0.36740
H         -0.50645        0.87766       -0.36740
H         -1.38115        0.00000        2.39343
H          0.69049       -1.19616        2.39178
H          0.69049        1.19616        2.39178
$end

$comment
positive
$end

$xc_functional
C PBE   1.00
X wPBE  1.00
$end

$rem
SYMMETRY_DECOMPOSITION	0
LRC_DFT                 true
exchange 		general
BASIS                   g3large
omega			390
mem_static              760
max_scf_cycles          200
scf_final_print         1
sym_ignore              true
$end

--------------------------------------------------------------
 Writing REM_CC_EA            8
 ----------------------------------------------------
       Standard Nuclear Orientation (Angstroms)
    I     Atom         X            Y            Z
 ----------------------------------------------------
    1      C      -0.000100     0.000000     0.018450
    2      Si     -0.000400     0.000000     1.871680
    3      H       1.013540     0.000000    -0.366440
    4      H      -0.506450    -0.877660    -0.367400
    5      H      -0.506450     0.877660    -0.367400
    6      H      -1.381150     0.000000     2.393430
    7      H       0.690490    -1.196160     2.391780
    8      H       0.690490     1.196160     2.391780
 ----------------------------------------------------
 Nuclear Repulsion Energy =    63.3930539500 hartrees
 There are       13 alpha and       12 beta electrons
 Requested basis set is G3large
 There are 65 shells and 168 basis functions

Total QAlloc Memory Limit   2000 MB
Mega-Array Size       743 MB
MEM_STATIC part       760 MB

                       Distance Matrix (Angstroms)
             C (  1)   Si(  2)   H (  3)   H (  4)   H (  5)   H (  6)
   Si(  2)  1.853230
   H (  3)  1.084254  2.457083
   H (  4)  1.084231  2.457611  1.755180
   H (  5)  1.084231  2.457611  1.755180  1.755320
   H (  6)  2.747331  1.476040  3.653960  3.026148  3.026148
   H (  7)  2.745980  1.476019  3.023729  3.024431  3.653282  2.392173
   H (  8)  2.745980  1.476019  3.023729  3.653282  3.024431  2.392173
             H (  7)
   H (  8)  2.392320
 
 A cutoff of  1.0D-08 yielded   2044 shell pairs
 There are  13820 function pairs ( 17231 Cartesian)
Evaluating contribution to one-electron hamiltonian from nuclear
 Smallest overlap matrix eigenvalue = 1.32E-04
 Multipole matrices computed through 2nd order

  Scale SEOQF with 1.000000e-01/1.000000e-01/1.000000e-01

 Standard Electronic Orientation quadrupole field applied
 Nucleus-field energy     =    -0.0000000067 hartrees
 Guess from superposition of atomic densities
 Warning:  Energy on first SCF cycle will be non-variational
 Long-range K will be added via erf
 Coulomb attenuation parameter = 0.39 bohr**(-1)
 An unrestricted Kohn-Sham SCF calculation will be
 performed using Pulay DIIS extrapolation
 Exchange:  wPBE + LR-HF      Correlation:  PBE
 Using SG-1 standard quadrature grid
 SCF converges when DIIS error is below 1.0E-05
 Requested basis set is G3large
 There are 65 shells and 168 basis functions
 A cutoff of  1.0D-08 yielded   2044 shell pairs
 There are  13820 function pairs ( 17231 Cartesian)
 Warning!  Inaccurate integrated density:
   Number of electrons =    25
   Numerical integral  =    25.999988627882
   Relative error      =     3.9999545115 %
 ---------------------------------------
  Cycle       Energy         DIIS Error
 ---------------------------------------
    1    -331.2805730245      2.80E-02
    2    -330.5870076053      3.25E-03
    3    -330.6340557936      2.00E-03
    4    -330.6485246977      3.78E-04
    5    -330.6493993667      7.20E-05
    6    -330.6495046027      2.63E-05
    7    -330.6495301155      1.09E-05
    8    -330.6495432423      7.11E-06 Convergence criterion met
 ---------------------------------------
 One-Electron    Energy =  -575.1474920150
 Total Coulomb   Energy =   209.2388952129
 Alpha Exchange  Energy =    -2.5679237878
 Beta  Exchange  Energy =    -2.3582017957
 DFT   Exchange  Energy =   -22.3622359598
 DFT Correlation Energy =    -0.8456388403
 Nuclear Repu.   Energy =    63.3930539434
 Nuclear Attr.   Energy =  -905.2527821530
 Kinetic         Energy =   330.1052901380
 <S^2> = 0.7667
 SCF time:  CPU 79.31 s  wall 80.73 s
 Final Alpha MO Eigenvalues
            1           2           3           4           5           6
    1 -65.8866029 -10.2982482  -5.5486867  -3.9576038  -3.9482068  -3.9466669
            7           8           9          10          11          12
    1  -1.0759875  -0.9577695  -0.8112862  -0.7577520  -0.7371008  -0.7055112
           13          14          15          16          17          18
    1  -0.6761254  -0.1256514  -0.1075572  -0.1054084  -0.1000180  -0.0709625
 Final Beta MO Eigenvalues
            1           2           3           4           5           6
    1 -65.8858405 -10.2977110  -5.5477997  -3.9540989  -3.9481548  -3.9464009
            7           8           9          10          11          12
    1  -1.0681833  -0.8979849  -0.7503269  -0.7354238  -0.6818619  -0.6722113
           13          14          15          16          17
    1  -0.4443703  -0.1200992  -0.0990112  -0.0947644  -0.0832575
 Analysis of SCF Wavefunction
 
 --------------------------------------------------------------
                    Orbital Energies (a.u.)
 --------------------------------------------------------------
 
 Alpha MOs
 -- Occupied --
-65.887 -10.298  -5.549  -3.958  -3.948  -3.947  -1.076  -0.958
 -0.811  -0.758  -0.737  -0.706  -0.676
 -- Virtual --
 -0.126  -0.108  -0.105  -0.100  -0.071  -0.064  -0.061  -0.035
 -0.028  -0.026  -0.019  -0.011   0.012   0.017   0.018   0.026
  0.048   0.056   0.060   0.062   0.106   0.109   0.154   0.171
  0.175   0.194   0.223   0.227   0.275   0.305   0.308   0.313
  0.319   0.360   0.373   0.392   0.413   0.424   0.446   0.488
  0.490   0.549   0.557   0.566   0.577   0.598   0.603   0.655
  0.676   0.686   0.725   0.743   0.774   0.857   0.864   0.893
  0.918   0.946   1.007   1.011   1.033   1.058   1.115   1.159
  1.168   1.172   1.174   1.197   1.206   1.285   1.296   1.339
  1.358   1.370   1.392   1.416   1.446   1.524   1.932   1.990
  1.999   2.016   2.056   2.063   2.170   2.387   2.394   2.490
  2.587   2.666   2.832   2.852   2.924   2.979   2.990   3.107
  3.114   3.202   3.207   3.237   3.413   3.414   3.505   3.509
  3.564   3.584   3.630   3.758   3.782   3.789   3.816   3.832
  3.886   3.910   3.974   3.986   4.059   4.118   4.121   4.244
  4.257   4.267   4.322   4.330   4.450   4.496   4.940   5.565
  5.573   6.063  11.177  11.190  11.531  17.303  17.387  17.487
 17.570  17.625  21.914  21.930  21.937  21.942  21.947  21.948
 21.974  23.944  27.629  27.884  27.886  40.752  40.768  40.987
 41.031  41.078 140.857
 
 Beta MOs
 -- Occupied --
-65.886 -10.298  -5.548  -3.954  -3.948  -3.946  -1.068  -0.898
 -0.750  -0.735  -0.682  -0.672
 -- Virtual --
 -0.444  -0.120  -0.099  -0.095  -0.083  -0.067  -0.063  -0.057
 -0.027  -0.025  -0.021  -0.017  -0.010   0.013   0.020   0.024
  0.040   0.049   0.061   0.062   0.063   0.111   0.114   0.170
  0.173   0.177   0.196   0.227   0.230   0.293   0.315   0.317
  0.320   0.322   0.374   0.377   0.396   0.427   0.428   0.451
  0.492   0.492   0.553   0.566   0.569   0.581   0.608   0.611
  0.681   0.687   0.692   0.728   0.753   0.785   0.866   0.868
  0.914   0.924   0.963   1.011   1.014   1.055   1.068   1.129
  1.167   1.176   1.180   1.191   1.204   1.208   1.294   1.298
  1.357   1.365   1.372   1.406   1.421   1.446   1.527   1.950
  1.998   2.012   2.016   2.069   2.072   2.184   2.394   2.396
  2.500   2.666   2.693   2.836   2.854   2.963   2.987   2.991
  3.113   3.116   3.207   3.208   3.241   3.416   3.417   3.511
  3.513   3.565   3.625   3.642   3.794   3.810   3.810   3.893
  3.903   3.923   3.957   3.993   3.997   4.093   4.127   4.128
  4.257   4.267   4.272   4.336   4.347   4.488   4.507   4.945
  5.572   5.576   6.070  11.185  11.191  11.531  17.305  17.389
 17.488  17.571  17.627  21.915  21.931  21.938  21.943  21.948
 21.948  21.975  23.944  27.629  27.886  27.886  40.752  40.770
 40.988  41.031  41.079 140.858
 --------------------------------------------------------------
 
          Ground-State Mulliken Net Atomic Charges

     Atom                 Charge (a.u.)    Spin (a.u.)
  --------------------------------------------------------
      1 C                    -0.198407       0.028286
      2 Si                    0.392550       0.119029
      3 H                     0.152805       0.018753
      4 H                     0.162091       0.041127
      5 H                     0.145712       0.002791
      6 H                     0.107707       0.256403
      7 H                     0.052250       0.025919
      8 H                     0.185292       0.507692
  --------------------------------------------------------
  Sum of atomic charges =     1.000000
  Sum of spin   charges =     1.000000

 -----------------------------------------------------------------
                    Cartesian Multipole Moments
 -----------------------------------------------------------------
    Charge (ESU x 10^10)
                 4.8032
    Dipole Moment (Debye)
         X       0.0437      Y       1.1336      Z       7.7022
       Tot       7.7853
    Quadrupole Moments (Debye-Ang)
        XX     -16.1994     XY       1.7122     YY     -16.0802
        XZ       0.1633     YZ       3.2010     ZZ      -1.1147
    Octapole Moments (Debye-Ang^2)
       XXX      -0.6641    XXY       0.8116    XYY       0.7985
       YYY       2.4419    XXZ     -18.7062    XYZ       3.7164
       YYZ     -18.4401    XZZ       0.4010    YZZ       7.7114
       ZZZ     -31.7746
    Hexadecapole Moments (Debye-Ang^3)
      XXXX     -35.3512   XXXY       2.2797   XXYY     -11.7010
      XYYY       2.7246   YYYY     -35.0280   XXXZ      -4.8840
      XXYZ       2.1461   XYYZ       5.2918   YYYZ       6.4535
      XXZZ     -45.7406   XYZZ       9.2496   YYZZ     -45.0481
      XZZZ       1.0988   YZZZ      20.1639   ZZZZ    -229.8948
 -----------------------------------------------------------------
 Total job time:  80.94s(wall), 79.48s(cpu) 
 Thu Mar 20 03:35:45 2014

        *************************************************************
        *                                                           *
        *  Thank you very much for using Q-Chem.  Have a nice day.  *
        *                                                           *
        *************************************************************


0 sent ACK to 0 
now end server 0 ... 
