Process 0 of 1 is on cl135 - thread support 1
initial socket setup ...start
initial socket setup ...done 
now start server 0 ... 

cmd = /usr/bin/ssh clhead /usr/local/qchem/bin/get_hostid 382096007 > /tmp/1602230.1.medium.q/qchem11065/lic.dat

cmd = /usr/bin/ssh clhead /usr/local/qchem/bin/get_hostid 382096007 > /tmp/1602230.1.medium.q/qchem11065/lic.dat

cmd = /usr/bin/ssh clhead /usr/local/qchem/bin/get_hostid 382096007 > /tmp/1602230.1.medium.q/qchem11065/lic.dat

cmd = /usr/bin/ssh clhead /usr/local/qchem/bin/get_hostid 382096007 > /tmp/1602230.1.medium.q/qchem11065/lic.dat

cmd = /usr/bin/ssh clhead /usr/local/qchem/bin/get_hostid 382096007 > /tmp/1602230.1.medium.q/qchem11065/lic.dat
                  Welcome to Q-Chem
     A Quantum Leap Into The Future Of Chemistry

 Y. Shao, L. Fusti-Molnar, Y. Jung, J. Kussmann, C. Ochsenfeld,
 S. T. Brown, A. T. B. Gilbert, L. V. Slipchenko,S. V. Levchenko,
 D. P. O'Neill, R. A. DiStasio Jr., R. C. Lochan, T. Wang,
 G. J. O. Beran, N. A. Besley, J. M. Herbert, C. Y. Lin,
 T. Van Voorhis, S. H. Chien, A. Sodt, R. P. Steele, 
 V. A. Rassolov, P. E. Maslen, P. P. Korambath, R. D. Adamson,
 B. Austin, J. Baker, E. F. C. Byrd, H. Dachsel, R. J. Doerksen,
 A. Dreuw, B. D. Dunietz, A. D. Dutoi, T. R. Furlani,
 S. R. Gwaltney, A. Heyden, S. Hirata, C.-P. Hsu, G. Kedziora,
 R. Z. Khaliullin, P. Klunzinger, A. M. Lee, M. S. Lee, W. Liang,
 I. Lotan, N. Nair, B. Peters, E. I. Proynov, P. A. Pieniazek, 
 Y. M. Rhee, J. Ritchie, E. Rosta, C. D. Sherrill, 
 A. C. Simmonett, J. E. Subotnik, H. L. Woodcock III,
 W. Zhang, A. T. Bell, A. K. Chakraborty, D. M. Chipman,
 F. J. Keil, A. Warshel, W. J. Hehre, H. F. Schaefer III,
 J. Kong, A. I. Krylov, P. M. W. Gill, M. Head-Gordon,
 Q-Chem, Version 3.1, Q-Chem, Inc., Pittsburgh, PA (2007).

 Additional authors for Version 3.1: 
 Z. Gan, Y. Zhao, N. E. Schultz, D. Truhlar, E. Epifanovsky and M. Oana.

 Additional authors for Version 3.2: 
 R. Baer, B. R. Brooks, D. Casanova, J.-D. Chai, C.-L. Cheng, 
 C. Cramer, D. Crittenden, A. Ghysels, G. Hawkins, E. G. Hohenstein, 
 C. Kelley, W. Kurlancheek, D. Liotard, E. Livshits, P. Manohar, 
 A. Marenich, D. Neuhauser, R. Olson, M. A. Rohrdanz, K. S. Thanthiriwatte, 
 A. J. W. Thom, V. Vanovschi, C. F. Williams, Q. Wu and Z.-Q. You. 


 Intel X86 Linux Version

 Q-chem begins on Fri Mar 21 18:36:46 2014  

 Parallel job on  1  processors
Processing $rem in /usr/local/qchem/config/preferences.

theFileMan(): MAXOPENFILES=974 MAX_SUB_FILE_NUM=16
Maximum size of a physical file is 2.0 GB, maximum size of a tmp-file is 32.0 GB


--------------------------------------------------------------
User input:
--------------------------------------------------------------

$molecule
-1,2
C          0.00000        0.00000        0.00427
C          0.00000        0.00000        1.34256
Cl         1.44225        0.00000       -0.90517
Cl        -1.44225        0.00000       -0.90517
Cl        -1.44225        0.00000        2.25200
Cl         1.44225        0.00000        2.25200
$end

$comment
negative
$end

$xc_functional
C PBE   1.00
X wPBE  1.00
$end

$rem
SYMMETRY_DECOMPOSITION	0
exchange 		general
LRC_DFT                 true
BASIS                   g3large
omega			200
mem_static              760
max_scf_cycles          200
scf_final_print         1
sym_ignore              true
$end

--------------------------------------------------------------
 Writing REM_CC_EA            6
 ----------------------------------------------------
       Standard Nuclear Orientation (Angstroms)
    I     Atom         X            Y            Z
 ----------------------------------------------------
    1      C       0.000000     0.000000     0.004270
    2      C       0.000000     0.000000     1.342560
    3      Cl      1.442250     0.000000    -0.905170
    4      Cl     -1.442250     0.000000    -0.905170
    5      Cl     -1.442250     0.000000     2.252000
    6      Cl      1.442250     0.000000     2.252000
 ----------------------------------------------------
 Nuclear Repulsion Energy =   496.1446596895 hartrees
 There are       41 alpha and       40 beta electrons
 Requested basis set is G3large
 There are 96 shells and 348 basis functions

Total QAlloc Memory Limit   2000 MB
Mega-Array Size       743 MB
MEM_STATIC part       760 MB

                       Distance Matrix (Angstroms)
             C (  1)   C (  2)   Cl(  3)   Cl(  4)   Cl(  5)
   C (  2)  1.338290
   Cl(  3)  1.705041  2.670651
   Cl(  4)  1.705041  2.670651  2.884500
   Cl(  5)  2.670651  1.705041  4.276454  3.157170
   Cl(  6)  2.670651  1.705041  3.157170  4.276454  2.884500
 
 A cutoff of  1.0D-08 yielded   3466 shell pairs
 There are  47748 function pairs ( 66451 Cartesian)
Evaluating contribution to one-electron hamiltonian from nuclear
 Smallest overlap matrix eigenvalue = 9.65E-06

 Q-Chem warning in module mkSTV.C, line 194:

 Overlap eigenvalue is smaller than square root of threshold

 Multipole matrices computed through 2nd order

  Scale SEOQF with 1.000000e-01/1.000000e-01/1.000000e-01

 Standard Electronic Orientation quadrupole field applied
 Nucleus-field energy     =    -0.0000000176 hartrees
 Guess from superposition of atomic densities
 Warning:  Energy on first SCF cycle will be non-variational
 Long-range K will be added via erf
 Coulomb attenuation parameter = 0.2 bohr**(-1)
 An unrestricted Kohn-Sham SCF calculation will be
 performed using Pulay DIIS extrapolation
 Exchange:  wPBE + LR-HF      Correlation:  PBE
 Using SG-1 standard quadrature grid
 SCF converges when DIIS error is below 1.0E-05
 Requested basis set is G3large
 There are 96 shells and 348 basis functions
 A cutoff of  1.0D-08 yielded   3466 shell pairs
 There are  47748 function pairs ( 66451 Cartesian)
 Warning!  Inaccurate integrated density:
   Number of electrons =    81
   Numerical integral  =    80.000162316382
   Relative error      =    -1.2343675106 %
 ---------------------------------------
  Cycle       Energy         DIIS Error
 ---------------------------------------
    1   -1917.5307160607      2.02E-02
    2   -1916.2185220040      1.69E-03
    3   -1916.2505807724      1.35E-03
    4   -1916.2722616576      5.47E-04
    5   -1916.2761731796      1.15E-04
    6   -1916.2764143276      2.43E-05
    7   -1916.2764405237      8.99E-06 Convergence criterion met
 ---------------------------------------
 One-Electron    Energy = -3648.0958315757
 Total Coulomb   Energy =  1359.0766875743
 Alpha Exchange  Energy =    -4.4905443317
 Beta  Exchange  Energy =    -4.3837573119
 DFT   Exchange  Energy =  -111.4084202831
 DFT Correlation Energy =    -3.1192342675
 Nuclear Repu.   Energy =   496.1446596719
 Nuclear Attr.   Energy = -5562.2406676280
 Kinetic         Energy =  1914.1448360523
 <S^2> = 0.7533
 SCF time:  CPU 489.05 s  wall 490.27 s
 Final Alpha MO Eigenvalues
            1           2           3           4           5           6
    1-100.6119621-100.6119618-100.6118002-100.6117999  -9.8779669  -9.8774592
            7           8           9          10          11          12
    1  -9.1312692  -9.1312627  -9.1311438  -9.1311371  -6.9537354  -6.9537340
           13          14          15          16          17          18
    1  -6.9536119  -6.9536104  -6.9443215  -6.9443210  -6.9441984  -6.9441979
           19          20          21          22          23          24
    1  -6.9441662  -6.9441648  -6.9440425  -6.9440419  -0.8020249  -0.7570400
           25          26          27          28          29          30
    1  -0.7190607  -0.6963653  -0.5713858  -0.4347316  -0.3779712  -0.3746887
           31          32          33          34          35          36
    1  -0.3225634  -0.3075662  -0.2648634  -0.2371633  -0.2313533  -0.2311770
           37          38          39          40          41          42
    1  -0.2237591  -0.2185239  -0.1856313  -0.1276394   0.0331942   0.1768431
           43          44          45          46
    1   0.1849435   0.1851460   0.1989455   0.2306142
 Final Beta MO Eigenvalues
            1           2           3           4           5           6
    1-100.6119287-100.6119284-100.6117669-100.6117665  -9.8713960  -9.8708564
            7           8           9          10          11          12
    1  -9.1311657  -9.1311590  -9.1310403  -9.1310339  -6.9538469  -6.9538452
           13          14          15          16          17          18
    1  -6.9537240  -6.9537221  -6.9441666  -6.9441655  -6.9440435  -6.9440428
           19          20          21          22          23          24
    1  -6.9438843  -6.9438832  -6.9437613  -6.9437601  -0.7954575  -0.7523871
           25          26          27          28          29          30
    1  -0.7175760  -0.6949492  -0.5649994  -0.4232280  -0.3741531  -0.3696311
           31          32          33          34          35          36
    1  -0.3063923  -0.3042332  -0.2548347  -0.2364154  -0.2307937  -0.2271855
           37          38          39          40          41          42
    1  -0.2234245  -0.2127406  -0.1852766  -0.0986764   0.1785473   0.1862232
           43          44          45
    1   0.1874139   0.1999507   0.2324363
 Analysis of SCF Wavefunction
 
 --------------------------------------------------------------
                    Orbital Energies (a.u.)
 --------------------------------------------------------------
 
 Alpha MOs
 -- Occupied --
*******-100.612-100.612-100.612  -9.878  -9.877  -9.131  -9.131
 -9.131  -9.131  -6.954  -6.954  -6.954  -6.954  -6.944  -6.944
 -6.944  -6.944  -6.944  -6.944  -6.944  -6.944  -0.802  -0.757
 -0.719  -0.696  -0.571  -0.435  -0.378  -0.375  -0.323  -0.308
 -0.265  -0.237  -0.231  -0.231  -0.224  -0.219  -0.186  -0.128
  0.033
 -- Virtual --
  0.177   0.185   0.185   0.199   0.231   0.235   0.237   0.242
  0.248   0.260   0.261   0.285   0.286   0.287   0.290   0.310
  0.313   0.319   0.336   0.336   0.344   0.351   0.378   0.386
  0.394   0.396   0.402   0.420   0.429   0.440   0.472   0.487
  0.498   0.510   0.520   0.549   0.550   0.570   0.571   0.576
  0.579   0.613   0.618   0.640   0.648   0.660   0.672   0.673
  0.688   0.690   0.708   0.714   0.735   0.761   0.761   0.771
  0.788   0.814   0.818   0.832   0.868   0.878   0.936   0.970
  0.974   0.979   1.005   1.020   1.043   1.066   1.109   1.137
  1.145   1.181   1.182   1.209   1.211   1.222   1.225   1.239
  1.249   1.263   1.276   1.283   1.288   1.301   1.307   1.312
  1.314   1.331   1.332   1.338   1.343   1.345   1.348   1.376
  1.389   1.397   1.422   1.444   1.458   1.466   1.488   1.493
  1.524   1.590   1.601   1.613   1.626   1.628   1.664   1.686
  1.721   1.758   1.781   1.788   1.812   1.829   1.869   1.873
  1.875   1.884   1.891   1.968   1.977   1.987   2.032   2.044
  2.061   2.234   2.324   2.338   2.351   2.402   2.418   2.486
  2.506   2.512   2.593   2.651   2.708   2.784   2.794   2.934
  3.038   3.049   3.068   3.206   3.206   3.304   3.310   3.361
  3.481   3.485   3.486   3.551   3.622   3.633   3.663   3.692
  3.695   3.777   3.802   3.821   3.851   3.945   4.102   4.166
  4.167   4.464   4.468   4.492   4.496   4.500   4.512   4.522
  4.525   4.527   4.576   4.588   4.588   4.589   4.616   4.619
  4.641   4.644   4.647   4.654   4.673   4.704   4.742   4.748
  4.762   4.762   4.806   4.814   4.815   4.893   4.928   5.103
  5.160   5.185   5.204   5.221   5.228   5.245   5.262   5.310
  5.324   5.345   5.370   5.409   5.444   5.473   5.486   5.627
  5.707   5.845   5.997   6.270   6.282   9.904  10.033  10.080
 10.214  20.627  20.636  20.650  20.677  20.682  20.710  20.717
 20.767  20.877  20.963  21.010  21.039  23.716  24.585  27.162
 27.166  27.203  27.206  27.212  27.219  27.224  27.233  27.238
 27.251  27.256  27.267  27.270  27.290  27.295  27.302  27.302
 27.380  27.391  27.420  27.439  27.569  28.276  28.282  28.376
 28.493  36.865  36.866  36.867  36.868  36.869  36.869  36.869
 36.872  36.877  36.878  36.879  36.879  36.881  36.881  36.881
 36.882  36.883  36.886  36.887  36.889  36.892  36.898  36.900
 36.900  36.904  36.906  36.911  36.919  40.874  40.930  40.970
 41.171  41.173  41.220  41.254  41.269  41.292  41.342 215.780
215.921 215.958 216.132
 
 Beta MOs
 -- Occupied --
*******-100.612-100.612-100.612  -9.871  -9.871  -9.131  -9.131
 -9.131  -9.131  -6.954  -6.954  -6.954  -6.954  -6.944  -6.944
 -6.944  -6.944  -6.944  -6.944  -6.944  -6.944  -0.795  -0.752
 -0.718  -0.695  -0.565  -0.423  -0.374  -0.370  -0.306  -0.304
 -0.255  -0.236  -0.231  -0.227  -0.223  -0.213  -0.185  -0.099
 -- Virtual --
  0.179   0.186   0.187   0.200   0.232   0.235   0.239   0.241
  0.244   0.249   0.263   0.269   0.287   0.288   0.288   0.295
  0.316   0.316   0.319   0.336   0.337   0.346   0.358   0.379
  0.388   0.395   0.398   0.405   0.423   0.432   0.444   0.475
  0.488   0.499   0.511   0.522   0.554   0.558   0.571   0.572
  0.579   0.587   0.614   0.618   0.643   0.659   0.668   0.674
  0.678   0.689   0.690   0.710   0.719   0.745   0.763   0.766
  0.774   0.792   0.818   0.819   0.846   0.877   0.883   0.936
  0.974   0.978   0.993   1.023   1.035   1.050   1.074   1.114
  1.144   1.147   1.183   1.189   1.211   1.220   1.226   1.228
  1.241   1.252   1.265   1.278   1.284   1.289   1.303   1.309
  1.314   1.315   1.333   1.335   1.343   1.344   1.348   1.350
  1.378   1.390   1.402   1.423   1.446   1.462   1.473   1.490
  1.497   1.527   1.594   1.601   1.616   1.628   1.633   1.666
  1.696   1.723   1.762   1.790   1.792   1.823   1.839   1.877
  1.879   1.880   1.885   1.904   1.977   1.981   1.991   2.035
  2.048   2.061   2.244   2.328   2.342   2.353   2.408   2.419
  2.492   2.508   2.515   2.596   2.656   2.711   2.788   2.797
  2.971   3.064   3.078   3.086   3.222   3.232   3.325   3.326
  3.384   3.483   3.498   3.501   3.575   3.637   3.653   3.696
  3.696   3.719   3.802   3.818   3.835   3.884   3.972   4.106
  4.176   4.188   4.467   4.471   4.493   4.498   4.502   4.514
  4.523   4.527   4.528   4.578   4.591   4.591   4.591   4.618
  4.621   4.642   4.646   4.648   4.656   4.677   4.706   4.746
  4.750   4.762   4.762   4.806   4.814   4.838   4.895   4.930
  5.104   5.161   5.186   5.204   5.222   5.228   5.245   5.265
  5.312   5.326   5.346   5.373   5.412   5.448   5.474   5.486
  5.629   5.708   5.846   5.998   6.272   6.284   9.905  10.034
 10.081  10.215  20.628  20.636  20.651  20.677  20.683  20.710
 20.717  20.767  20.877  20.963  21.010  21.039  23.724  24.593
 27.162  27.166  27.207  27.207  27.213  27.221  27.224  27.233
 27.239  27.251  27.256  27.268  27.270  27.290  27.296  27.302
 27.303  27.380  27.405  27.421  27.439  27.588  28.280  28.286
 28.380  28.497  36.866  36.866  36.867  36.868  36.869  36.869
 36.869  36.872  36.877  36.878  36.879  36.880  36.881  36.881
 36.882  36.882  36.883  36.886  36.887  36.889  36.892  36.898
 36.900  36.900  36.904  36.906  36.911  36.919  40.887  40.937
 40.985  41.184  41.186  41.233  41.256  41.282  41.296  41.344
215.780 215.921 215.958 216.133
 --------------------------------------------------------------
 
          Ground-State Mulliken Net Atomic Charges

     Atom                 Charge (a.u.)    Spin (a.u.)
  --------------------------------------------------------
      1 C                     0.528296       0.382943
      2 C                     0.528506       0.382939
      3 Cl                   -0.514233       0.058614
      4 Cl                   -0.514120       0.058449
      5 Cl                   -0.514252       0.058606
      6 Cl                   -0.514197       0.058448
  --------------------------------------------------------
  Sum of atomic charges =    -1.000000
  Sum of spin   charges =     1.000000

 -----------------------------------------------------------------
                    Cartesian Multipole Moments
 -----------------------------------------------------------------
    Charge (ESU x 10^10)
                -4.8032
    Dipole Moment (Debye)
         X       0.0000      Y       0.0000      Z      -3.2345
       Tot       3.2345
    Quadrupole Moments (Debye-Ang)
        XX     -74.8647     XY       0.0343     YY     -67.3580
        XZ      -0.0030     YZ       0.0199     ZZ     -81.0840
    Octapole Moments (Debye-Ang^2)
       XXX       0.0002    XXY       0.0001    XYY       0.0000
       YYY       0.0000    XXZ     -50.4150    XYZ       0.0231
       YYZ     -45.3599    XZZ      -0.0039    YZZ       0.0268
       ZZZ    -160.8758
    Hexadecapole Moments (Debye-Ang^3)
      XXXX    -759.1979   XXXY       0.3399   XXYY    -150.8044
      XYYY       0.1579   YYYY     -88.0969   XXXZ      -0.0180
      XXYZ       0.2008   XYYZ      -0.0016   YYYZ       0.0905
      XXZZ    -327.4604   XYZZ       0.2940   YYZZ    -209.2624
      XZZZ      -0.0153   YZZZ       0.2014   ZZZZ   -1184.8441
 -----------------------------------------------------------------
 Total job time:  490.91s(wall), 489.65s(cpu) 
 Fri Mar 21 18:44:57 2014

        *************************************************************
        *                                                           *
        *  Thank you very much for using Q-Chem.  Have a nice day.  *
        *                                                           *
        *************************************************************


0 sent ACK to 0 
now end server 0 ... 
 
**********************************************************************
Job 2 of 3 
**********************************************************************
 
Process 0 of 1 is on cl135 - thread support 1
initial socket setup ...start
initial socket setup ...done 
now start server 0 ... 

cmd = /usr/bin/ssh clhead /usr/local/qchem/bin/get_hostid 169181798 > /tmp/1602230.1.medium.q/qchem11065/lic.dat

cmd = /usr/bin/ssh clhead /usr/local/qchem/bin/get_hostid 169181798 > /tmp/1602230.1.medium.q/qchem11065/lic.dat

cmd = /usr/bin/ssh clhead /usr/local/qchem/bin/get_hostid 169181798 > /tmp/1602230.1.medium.q/qchem11065/lic.dat

cmd = /usr/bin/ssh clhead /usr/local/qchem/bin/get_hostid 169181798 > /tmp/1602230.1.medium.q/qchem11065/lic.dat

cmd = /usr/bin/ssh clhead /usr/local/qchem/bin/get_hostid 169181798 > /tmp/1602230.1.medium.q/qchem11065/lic.dat
                  Welcome to Q-Chem
     A Quantum Leap Into The Future Of Chemistry

 Y. Shao, L. Fusti-Molnar, Y. Jung, J. Kussmann, C. Ochsenfeld,
 S. T. Brown, A. T. B. Gilbert, L. V. Slipchenko,S. V. Levchenko,
 D. P. O'Neill, R. A. DiStasio Jr., R. C. Lochan, T. Wang,
 G. J. O. Beran, N. A. Besley, J. M. Herbert, C. Y. Lin,
 T. Van Voorhis, S. H. Chien, A. Sodt, R. P. Steele, 
 V. A. Rassolov, P. E. Maslen, P. P. Korambath, R. D. Adamson,
 B. Austin, J. Baker, E. F. C. Byrd, H. Dachsel, R. J. Doerksen,
 A. Dreuw, B. D. Dunietz, A. D. Dutoi, T. R. Furlani,
 S. R. Gwaltney, A. Heyden, S. Hirata, C.-P. Hsu, G. Kedziora,
 R. Z. Khaliullin, P. Klunzinger, A. M. Lee, M. S. Lee, W. Liang,
 I. Lotan, N. Nair, B. Peters, E. I. Proynov, P. A. Pieniazek, 
 Y. M. Rhee, J. Ritchie, E. Rosta, C. D. Sherrill, 
 A. C. Simmonett, J. E. Subotnik, H. L. Woodcock III,
 W. Zhang, A. T. Bell, A. K. Chakraborty, D. M. Chipman,
 F. J. Keil, A. Warshel, W. J. Hehre, H. F. Schaefer III,
 J. Kong, A. I. Krylov, P. M. W. Gill, M. Head-Gordon,
 Q-Chem, Version 3.1, Q-Chem, Inc., Pittsburgh, PA (2007).

 Additional authors for Version 3.1: 
 Z. Gan, Y. Zhao, N. E. Schultz, D. Truhlar, E. Epifanovsky and M. Oana.

 Additional authors for Version 3.2: 
 R. Baer, B. R. Brooks, D. Casanova, J.-D. Chai, C.-L. Cheng, 
 C. Cramer, D. Crittenden, A. Ghysels, G. Hawkins, E. G. Hohenstein, 
 C. Kelley, W. Kurlancheek, D. Liotard, E. Livshits, P. Manohar, 
 A. Marenich, D. Neuhauser, R. Olson, M. A. Rohrdanz, K. S. Thanthiriwatte, 
 A. J. W. Thom, V. Vanovschi, C. F. Williams, Q. Wu and Z.-Q. You. 


 Intel X86 Linux Version

 Q-chem begins on Fri Mar 21 18:45:02 2014  

 Parallel job on  1  processors
Processing $rem in /usr/local/qchem/config/preferences.

theFileMan(): MAXOPENFILES=974 MAX_SUB_FILE_NUM=16
Maximum size of a physical file is 2.0 GB, maximum size of a tmp-file is 32.0 GB


--------------------------------------------------------------
User input:
--------------------------------------------------------------

$molecule
0,1
C          0.00000        0.00000        0.00427
C          0.00000        0.00000        1.34256
Cl         1.44225        0.00000       -0.90517
Cl        -1.44225        0.00000       -0.90517
Cl        -1.44225        0.00000        2.25200
Cl         1.44225        0.00000        2.25200
$end

$comment
neutral
$end

$xc_functional
C PBE   1.00
X wPBE  1.00
$end


$rem
SYMMETRY_DECOMPOSITION	0
LRC_DFT                 true
exchange 		general
BASIS                   g3large
omega			200
mem_static              760
max_scf_cycles          200
scf_final_print         1
sym_ignore              true
$end

--------------------------------------------------------------
 Writing REM_CC_EA            6
 ----------------------------------------------------
       Standard Nuclear Orientation (Angstroms)
    I     Atom         X            Y            Z
 ----------------------------------------------------
    1      C       0.000000     0.000000     0.004270
    2      C       0.000000     0.000000     1.342560
    3      Cl      1.442250     0.000000    -0.905170
    4      Cl     -1.442250     0.000000    -0.905170
    5      Cl     -1.442250     0.000000     2.252000
    6      Cl      1.442250     0.000000     2.252000
 ----------------------------------------------------
 Nuclear Repulsion Energy =   496.1446596895 hartrees
 There are       40 alpha and       40 beta electrons
 Requested basis set is G3large
 There are 96 shells and 348 basis functions

Total QAlloc Memory Limit   2000 MB
Mega-Array Size       743 MB
MEM_STATIC part       760 MB

                       Distance Matrix (Angstroms)
             C (  1)   C (  2)   Cl(  3)   Cl(  4)   Cl(  5)
   C (  2)  1.338290
   Cl(  3)  1.705041  2.670651
   Cl(  4)  1.705041  2.670651  2.884500
   Cl(  5)  2.670651  1.705041  4.276454  3.157170
   Cl(  6)  2.670651  1.705041  3.157170  4.276454  2.884500
 
 A cutoff of  1.0D-08 yielded   3466 shell pairs
 There are  47748 function pairs ( 66451 Cartesian)
Evaluating contribution to one-electron hamiltonian from nuclear
 Smallest overlap matrix eigenvalue = 9.65E-06

 Q-Chem warning in module mkSTV.C, line 194:

 Overlap eigenvalue is smaller than square root of threshold

 Multipole matrices computed through 2nd order

  Scale SEOQF with 1.000000e-01/1.000000e-01/1.000000e-01

 Standard Electronic Orientation quadrupole field applied
 Nucleus-field energy     =    -0.0000000176 hartrees
 Guess from superposition of atomic densities
 Warning:  Energy on first SCF cycle will be non-variational
 Long-range K will be added via erf
 Coulomb attenuation parameter = 0.2 bohr**(-1)
 A restricted Kohn-Sham SCF calculation will be
 performed using Pulay DIIS extrapolation
 Exchange:  wPBE + LR-HF      Correlation:  PBE
 Using SG-1 standard quadrature grid
 SCF converges when DIIS error is below 1.0E-05
 Requested basis set is G3large
 There are 96 shells and 348 basis functions
 A cutoff of  1.0D-08 yielded   3466 shell pairs
 There are  47748 function pairs ( 66451 Cartesian)
 ---------------------------------------
  Cycle       Energy         DIIS Error
 ---------------------------------------
    1   -1917.5307160607      2.02E-02
    2   -1916.2520897842      1.70E-03
    3   -1916.2511601404      1.93E-03
    4   -1916.2952025748      3.68E-04
    5   -1916.2970518160      1.08E-04
    6   -1916.2972602019      1.95E-05
    7   -1916.2972701665      6.63E-06 Convergence criterion met
 ---------------------------------------
 One-Electron    Energy = -3632.2085920502
 Total Coulomb   Energy =  1342.8590555823
 Alpha Exchange  Energy =    -4.3870487676
 Beta  Exchange  Energy =    -4.3870487676
 DFT   Exchange  Energy =  -111.2306255957
 DFT Correlation Energy =    -3.0876702396
 Nuclear Repu.   Energy =   496.1446596719
 Nuclear Attr.   Energy = -5546.0453796570
 Kinetic         Energy =  1913.8367876068
 SCF time:  CPU 385.28 s  wall 386.61 s
 Final Alpha MO Eigenvalues
            1           2           3           4           5           6
    1-100.8064489-100.8064466-100.8063452-100.8063441 -10.1306317 -10.1300945
            7           8           9          10          11          12
    1  -9.3264742  -9.3264640  -9.3263882  -9.3263788  -7.1499083  -7.1499057
           13          14          15          16          17          18
    1  -7.1498291  -7.1498265  -7.1393138  -7.1393112  -7.1392344  -7.1392327
           19          20          21          22          23          24
    1  -7.1383970  -7.1383948  -7.1383183  -7.1383168  -1.0103256  -0.9580421
           25          26          27          28          29          30
    1  -0.9170481  -0.8923213  -0.7847199  -0.6315786  -0.5794620  -0.5794053
           31          32          33          34          35          36
    1  -0.5252698  -0.5058469  -0.4551363  -0.4297323  -0.4199657  -0.4189158
           37          38          39          40          41          42
    1  -0.4120011  -0.4040254  -0.3735958  -0.3197969   0.0083763   0.0281561
           43          44          45
    1   0.0359392   0.0373090   0.0592256
 Analysis of SCF Wavefunction
 
 --------------------------------------------------------------
                    Orbital Energies (a.u.)
 --------------------------------------------------------------
 
 Alpha MOs
 -- Occupied --
*******-100.806-100.806-100.806 -10.131 -10.130  -9.326  -9.326
 -9.326  -9.326  -7.150  -7.150  -7.150  -7.150  -7.139  -7.139
 -7.139  -7.139  -7.138  -7.138  -7.138  -7.138  -1.010  -0.958
 -0.917  -0.892  -0.785  -0.632  -0.579  -0.579  -0.525  -0.506
 -0.455  -0.430  -0.420  -0.419  -0.412  -0.404  -0.374  -0.320
 -- Virtual --
  0.008   0.028   0.036   0.037   0.059   0.081   0.085   0.085
  0.102   0.115   0.131   0.131   0.136   0.156   0.157   0.162
  0.172   0.174   0.178   0.185   0.194   0.198   0.219   0.232
  0.232   0.242   0.250   0.254   0.257   0.258   0.283   0.303
  0.314   0.325   0.335   0.346   0.374   0.376   0.399   0.399
  0.401   0.405   0.439   0.446   0.476   0.481   0.491   0.504
  0.506   0.524   0.532   0.543   0.545   0.561   0.592   0.605
  0.605   0.624   0.637   0.643   0.646   0.675   0.685   0.764
  0.777   0.785   0.798   0.827   0.829   0.848   0.881   0.931
  0.949   0.958   0.998   0.999   1.023   1.026   1.039   1.039
  1.058   1.067   1.080   1.094   1.100   1.108   1.115   1.128
  1.132   1.133   1.148   1.150   1.158   1.161   1.164   1.169
  1.195   1.204   1.211   1.231   1.259   1.272   1.277   1.308
  1.310   1.337   1.403   1.421   1.427   1.441   1.448   1.484
  1.498   1.545   1.571   1.589   1.601   1.626   1.642   1.675
  1.680   1.694   1.703   1.708   1.781   1.783   1.796   1.845
  1.861   1.870   2.041   2.134   2.151   2.163   2.217   2.233
  2.300   2.310   2.326   2.398   2.463   2.508   2.593   2.605
  2.716   2.822   2.830   2.846   2.992   2.993   3.092   3.095
  3.146   3.266   3.268   3.269   3.339   3.403   3.419   3.452
  3.480   3.481   3.563   3.582   3.606   3.632   3.729   3.882
  3.951   3.954   4.256   4.262   4.299   4.305   4.305   4.319
  4.329   4.334   4.335   4.384   4.385   4.393   4.396   4.423
  4.424   4.445   4.450   4.454   4.459   4.476   4.508   4.546
  4.553   4.566   4.569   4.599   4.610   4.618   4.689   4.727
  4.900   4.967   4.992   5.011   5.028   5.035   5.052   5.052
  5.113   5.127   5.151   5.170   5.213   5.247   5.277   5.290
  5.425   5.507   5.646   5.796   6.070   6.079   9.711   9.840
  9.887  10.021  20.433  20.442  20.456  20.483  20.488  20.516
 20.524  20.573  20.681  20.767  20.814  20.843  23.468  24.336
 26.968  26.971  26.991  27.012  27.018  27.021  27.029  27.030
 27.044  27.057  27.061  27.070  27.072  27.094  27.098  27.106
 27.106  27.163  27.181  27.217  27.234  27.323  28.028  28.044
 28.136  28.251  36.670  36.671  36.672  36.674  36.674  36.674
 36.674  36.677  36.683  36.683  36.684  36.684  36.686  36.686
 36.686  36.686  36.688  36.690  36.692  36.694  36.697  36.703
 36.705  36.705  36.709  36.710  36.715  36.723  40.623  40.678
 40.719  40.920  40.922  40.969  41.001  41.017  41.040  41.089
215.586 215.727 215.764 215.938
 --------------------------------------------------------------
 
          Ground-State Mulliken Net Atomic Charges

     Atom                 Charge (a.u.)
  ----------------------------------------
      1 C                     0.638574
      2 C                     0.638533
      3 Cl                   -0.318410
      4 Cl                   -0.320209
      5 Cl                   -0.318278
      6 Cl                   -0.320211
  ----------------------------------------
  Sum of atomic charges =     0.000000

 -----------------------------------------------------------------
                    Cartesian Multipole Moments
 -----------------------------------------------------------------
    Charge (ESU x 10^10)
                 0.0000
    Dipole Moment (Debye)
         X       0.0000      Y       0.0000      Z       0.0000
       Tot       0.0000
    Quadrupole Moments (Debye-Ang)
        XX     -58.3936     XY       0.0009     YY     -61.3040
        XZ      -0.0016     YZ      -0.0006     ZZ     -60.3538
    Octapole Moments (Debye-Ang^2)
       XXX       0.0000    XXY       0.0000    XYY       0.0000
       YYY       0.0000    XXZ     -39.3232    XYZ       0.0006
       YYZ     -41.2831    XZZ      -0.0021    YZZ      -0.0008
       ZZZ    -121.9295
    Hexadecapole Moments (Debye-Ang^3)
      XXXX    -646.8833   XXXY      -0.0026   XXYY    -128.8676
      XYYY       0.0018   YYYY     -69.3728   XXXZ      -0.0053
      XXYZ      -0.0045   XYYZ       0.0004   YYYZ      -0.0012
      XXZZ    -249.2788   XYZZ       0.0064   YYZZ    -182.4522
      XZZZ      -0.0050   YZZZ      -0.0064   ZZZZ    -999.8471
 -----------------------------------------------------------------
 Total job time:  387.22s(wall), 385.85s(cpu) 
 Fri Mar 21 18:51:29 2014

        *************************************************************
        *                                                           *
        *  Thank you very much for using Q-Chem.  Have a nice day.  *
        *                                                           *
        *************************************************************


0 sent ACK to 0 
now end server 0 ... 
 
**********************************************************************
Job 3 of 3 
**********************************************************************
 
Process 0 of 1 is on cl135 - thread support 1
initial socket setup ...start
initial socket setup ...done 
now start server 0 ... 

cmd = /usr/bin/ssh clhead /usr/local/qchem/bin/get_hostid 1982373263 > /tmp/1602230.1.medium.q/qchem11065/lic.dat

cmd = /usr/bin/ssh clhead /usr/local/qchem/bin/get_hostid 1982373263 > /tmp/1602230.1.medium.q/qchem11065/lic.dat

cmd = /usr/bin/ssh clhead /usr/local/qchem/bin/get_hostid 1982373263 > /tmp/1602230.1.medium.q/qchem11065/lic.dat

cmd = /usr/bin/ssh clhead /usr/local/qchem/bin/get_hostid 1982373263 > /tmp/1602230.1.medium.q/qchem11065/lic.dat

cmd = /usr/bin/ssh clhead /usr/local/qchem/bin/get_hostid 1982373263 > /tmp/1602230.1.medium.q/qchem11065/lic.dat
                  Welcome to Q-Chem
     A Quantum Leap Into The Future Of Chemistry

 Y. Shao, L. Fusti-Molnar, Y. Jung, J. Kussmann, C. Ochsenfeld,
 S. T. Brown, A. T. B. Gilbert, L. V. Slipchenko,S. V. Levchenko,
 D. P. O'Neill, R. A. DiStasio Jr., R. C. Lochan, T. Wang,
 G. J. O. Beran, N. A. Besley, J. M. Herbert, C. Y. Lin,
 T. Van Voorhis, S. H. Chien, A. Sodt, R. P. Steele, 
 V. A. Rassolov, P. E. Maslen, P. P. Korambath, R. D. Adamson,
 B. Austin, J. Baker, E. F. C. Byrd, H. Dachsel, R. J. Doerksen,
 A. Dreuw, B. D. Dunietz, A. D. Dutoi, T. R. Furlani,
 S. R. Gwaltney, A. Heyden, S. Hirata, C.-P. Hsu, G. Kedziora,
 R. Z. Khaliullin, P. Klunzinger, A. M. Lee, M. S. Lee, W. Liang,
 I. Lotan, N. Nair, B. Peters, E. I. Proynov, P. A. Pieniazek, 
 Y. M. Rhee, J. Ritchie, E. Rosta, C. D. Sherrill, 
 A. C. Simmonett, J. E. Subotnik, H. L. Woodcock III,
 W. Zhang, A. T. Bell, A. K. Chakraborty, D. M. Chipman,
 F. J. Keil, A. Warshel, W. J. Hehre, H. F. Schaefer III,
 J. Kong, A. I. Krylov, P. M. W. Gill, M. Head-Gordon,
 Q-Chem, Version 3.1, Q-Chem, Inc., Pittsburgh, PA (2007).

 Additional authors for Version 3.1: 
 Z. Gan, Y. Zhao, N. E. Schultz, D. Truhlar, E. Epifanovsky and M. Oana.

 Additional authors for Version 3.2: 
 R. Baer, B. R. Brooks, D. Casanova, J.-D. Chai, C.-L. Cheng, 
 C. Cramer, D. Crittenden, A. Ghysels, G. Hawkins, E. G. Hohenstein, 
 C. Kelley, W. Kurlancheek, D. Liotard, E. Livshits, P. Manohar, 
 A. Marenich, D. Neuhauser, R. Olson, M. A. Rohrdanz, K. S. Thanthiriwatte, 
 A. J. W. Thom, V. Vanovschi, C. F. Williams, Q. Wu and Z.-Q. You. 


 Intel X86 Linux Version

 Q-chem begins on Fri Mar 21 18:51:33 2014  

 Parallel job on  1  processors
Processing $rem in /usr/local/qchem/config/preferences.

theFileMan(): MAXOPENFILES=974 MAX_SUB_FILE_NUM=16
Maximum size of a physical file is 2.0 GB, maximum size of a tmp-file is 32.0 GB


--------------------------------------------------------------
User input:
--------------------------------------------------------------

$molecule
1,2
C          0.00000        0.00000        0.00427
C          0.00000        0.00000        1.34256
Cl         1.44225        0.00000       -0.90517
Cl        -1.44225        0.00000       -0.90517
Cl        -1.44225        0.00000        2.25200
Cl         1.44225        0.00000        2.25200
$end

$comment
positive
$end

$xc_functional
C PBE   1.00
X wPBE  1.00
$end

$rem
SYMMETRY_DECOMPOSITION	0
LRC_DFT                 true
exchange 		general
BASIS                   g3large
omega			200
mem_static              760
max_scf_cycles          200
scf_final_print         1
sym_ignore              true
$end

--------------------------------------------------------------
 Writing REM_CC_EA            6
 ----------------------------------------------------
       Standard Nuclear Orientation (Angstroms)
    I     Atom         X            Y            Z
 ----------------------------------------------------
    1      C       0.000000     0.000000     0.004270
    2      C       0.000000     0.000000     1.342560
    3      Cl      1.442250     0.000000    -0.905170
    4      Cl     -1.442250     0.000000    -0.905170
    5      Cl     -1.442250     0.000000     2.252000
    6      Cl      1.442250     0.000000     2.252000
 ----------------------------------------------------
 Nuclear Repulsion Energy =   496.1446596895 hartrees
 There are       40 alpha and       39 beta electrons
 Requested basis set is G3large
 There are 96 shells and 348 basis functions

Total QAlloc Memory Limit   2000 MB
Mega-Array Size       743 MB
MEM_STATIC part       760 MB

                       Distance Matrix (Angstroms)
             C (  1)   C (  2)   Cl(  3)   Cl(  4)   Cl(  5)
   C (  2)  1.338290
   Cl(  3)  1.705041  2.670651
   Cl(  4)  1.705041  2.670651  2.884500
   Cl(  5)  2.670651  1.705041  4.276454  3.157170
   Cl(  6)  2.670651  1.705041  3.157170  4.276454  2.884500
 
 A cutoff of  1.0D-08 yielded   3466 shell pairs
 There are  47748 function pairs ( 66451 Cartesian)
Evaluating contribution to one-electron hamiltonian from nuclear
 Smallest overlap matrix eigenvalue = 9.65E-06

 Q-Chem warning in module mkSTV.C, line 194:

 Overlap eigenvalue is smaller than square root of threshold

 Multipole matrices computed through 2nd order

  Scale SEOQF with 1.000000e-01/1.000000e-01/1.000000e-01

 Standard Electronic Orientation quadrupole field applied
 Nucleus-field energy     =    -0.0000000176 hartrees
 Guess from superposition of atomic densities
 Warning:  Energy on first SCF cycle will be non-variational
 Long-range K will be added via erf
 Coulomb attenuation parameter = 0.2 bohr**(-1)
 An unrestricted Kohn-Sham SCF calculation will be
 performed using Pulay DIIS extrapolation
 Exchange:  wPBE + LR-HF      Correlation:  PBE
 Using SG-1 standard quadrature grid
 SCF converges when DIIS error is below 1.0E-05
 Requested basis set is G3large
 There are 96 shells and 348 basis functions
 A cutoff of  1.0D-08 yielded   3466 shell pairs
 There are  47748 function pairs ( 66451 Cartesian)
 Warning!  Inaccurate integrated density:
   Number of electrons =    79
   Numerical integral  =    80.000162316382
   Relative error      =     1.2660282486 %
 ---------------------------------------
  Cycle       Energy         DIIS Error
 ---------------------------------------
    1   -1917.5307160607      2.02E-02
    2   -1915.8352980146      2.63E-03
    3   -1915.6726215840      4.62E-03
    4   -1915.9586967625      3.78E-04
    5   -1915.9603858545      1.52E-04
    6   -1915.9608230480      2.35E-05
    7   -1915.9608881648      1.08E-05
    8   -1915.9609033956      5.76E-06 Convergence criterion met
 ---------------------------------------
 One-Electron    Energy = -3615.1706061532
 Total Coulomb   Energy =  1325.8063685625
 Alpha Exchange  Energy =    -4.3903599112
 Beta  Exchange  Energy =    -4.2769570410
 DFT   Exchange  Energy =  -111.0243159496
 DFT Correlation Energy =    -3.0496925750
 Nuclear Repu.   Energy =   496.1446596719
 Nuclear Attr.   Energy = -5528.5872095074
 Kinetic         Energy =  1913.4166033543
 <S^2> = 0.7520
 SCF time:  CPU 542.14 s  wall 543.72 s
 Final Alpha MO Eigenvalues
            1           2           3           4           5           6
    1-101.0225444-101.0225442-101.0223081-101.0223068 -10.3763143 -10.3757708
            7           8           9          10          11          12
    1  -9.5407919  -9.5407868  -9.5406068  -9.5406027  -7.3641851  -7.3641835
           13          14          15          16          17          18
    1  -7.3639994  -7.3639973  -7.3560788  -7.3560778  -7.3558909  -7.3558893
           19          20          21          22          23          24
    1  -7.3514476  -7.3514470  -7.3512638  -7.3512626  -1.2332227  -1.1697763
           25          26          27          28          29          30
    1  -1.1278522  -1.1017561  -1.0174145  -0.8424361  -0.7928630  -0.7926585
           31          32          33          34          35          36
    1  -0.7536023  -0.7140739  -0.6671606  -0.6339951  -0.6266221  -0.6207760
           37          38          39          40          41          42
    1  -0.6121419  -0.6119362  -0.5745148  -0.5451736  -0.2201917  -0.1775374
           43          44          45
    1  -0.1610133  -0.1569720  -0.0968773
 Final Beta MO Eigenvalues
            1           2           3           4           5           6
    1-101.0216554-101.0216553-101.0214204-101.0214190 -10.3722306 -10.3717038
            7           8           9          10          11          12
    1  -9.5400251  -9.5400208  -9.5398418  -9.5398351  -7.3638372  -7.3638356
           13          14          15          16          17          18
    1  -7.3636526  -7.3636504  -7.3535220  -7.3535211  -7.3533370  -7.3533354
           19          20          21          22          23          24
    1  -7.3510165  -7.3510159  -7.3508336  -7.3508322  -1.2253057  -1.1656135
           25          26          27          28          29          30
    1  -1.1237826  -1.0973871  -1.0036157  -0.8357866  -0.7887221  -0.7883477
           31          32          33          34          35          36
    1  -0.7304491  -0.7114025  -0.6504018  -0.6314006  -0.6187309  -0.6102148
           37          38          39          40          41          42
    1  -0.6069090  -0.5978464  -0.5722351  -0.3530018  -0.1881644  -0.1730559
           43          44
    1  -0.1539044  -0.1519223
 Analysis of SCF Wavefunction
 
 --------------------------------------------------------------
                    Orbital Energies (a.u.)
 --------------------------------------------------------------
 
 Alpha MOs
 -- Occupied --
*******-101.023-101.022-101.022 -10.376 -10.376  -9.541  -9.541
 -9.541  -9.541  -7.364  -7.364  -7.364  -7.364  -7.356  -7.356
 -7.356  -7.356  -7.351  -7.351  -7.351  -7.351  -1.233  -1.170
 -1.128  -1.102  -1.017  -0.842  -0.793  -0.793  -0.754  -0.714
 -0.667  -0.634  -0.627  -0.621  -0.612  -0.612  -0.575  -0.545
 -- Virtual --
 -0.220  -0.178  -0.161  -0.157  -0.097  -0.054  -0.051  -0.050
 -0.043  -0.029  -0.008  -0.007  -0.007   0.001   0.016   0.019
  0.031   0.031   0.032   0.035   0.039   0.050   0.052   0.061
  0.071   0.078   0.082   0.091   0.099   0.121   0.140   0.151
  0.151   0.153   0.164   0.166   0.186   0.187   0.207   0.208
  0.222   0.232   0.256   0.269   0.285   0.308   0.313   0.326
  0.331   0.353   0.370   0.372   0.376   0.381   0.411   0.421
  0.431   0.443   0.463   0.471   0.473   0.480   0.489   0.574
  0.587   0.588   0.602   0.623   0.633   0.640   0.684   0.745
  0.751   0.765   0.805   0.808   0.823   0.829   0.838   0.848
  0.864   0.872   0.887   0.898   0.903   0.921   0.922   0.935
  0.938   0.940   0.954   0.958   0.965   0.969   0.971   0.977
  1.003   1.011   1.012   1.031   1.064   1.065   1.086   1.113
  1.119   1.137   1.206   1.232   1.232   1.243   1.258   1.296
  1.296   1.360   1.370   1.382   1.403   1.427   1.438   1.474
  1.478   1.506   1.511   1.512   1.574   1.583   1.596   1.651
  1.667   1.672   1.834   1.936   1.948   1.958   2.014   2.037
  2.095   2.105   2.127   2.195   2.264   2.298   2.394   2.406
  2.475   2.580   2.593   2.600   2.759   2.767   2.861   2.866
  2.917   3.041   3.044   3.048   3.109   3.160   3.201   3.224
  3.255   3.263   3.333   3.348   3.380   3.394   3.490   3.659
  3.716   3.735   4.037   4.045   4.087   4.091   4.093   4.107
  4.117   4.121   4.124   4.169   4.174   4.177   4.186   4.213
  4.213   4.234   4.238   4.246   4.247   4.260   4.300   4.332
  4.341   4.356   4.362   4.363   4.404   4.410   4.475   4.514
  4.686   4.756   4.781   4.801   4.817   4.824   4.829   4.842
  4.899   4.914   4.940   4.956   4.999   5.032   5.067   5.081
  5.212   5.294   5.433   5.582   5.858   5.865   9.500   9.629
  9.676   9.810  20.217  20.225  20.239  20.271  20.272  20.304
 20.312  20.361  20.468  20.553  20.601  20.630  23.225  24.091
 26.753  26.756  26.759  26.797  26.803  26.806  26.810  26.815
 26.829  26.842  26.847  26.856  26.856  26.881  26.881  26.891
 26.893  26.930  26.965  26.999  27.015  27.074  27.786  27.808
 27.899  28.013  36.456  36.456  36.458  36.459  36.460  36.460
 36.460  36.463  36.469  36.470  36.470  36.470  36.471  36.472
 36.472  36.473  36.474  36.475  36.479  36.479  36.482  36.490
 36.490  36.492  36.495  36.496  36.501  36.509  40.374  40.433
 40.470  40.670  40.673  40.720  40.758  40.768  40.795  40.846
215.370 215.511 215.548 215.723
 
 Beta MOs
 -- Occupied --
*******-101.022-101.021-101.021 -10.372 -10.372  -9.540  -9.540
 -9.540  -9.540  -7.364  -7.364  -7.364  -7.364  -7.354  -7.354
 -7.353  -7.353  -7.351  -7.351  -7.351  -7.351  -1.225  -1.166
 -1.124  -1.097  -1.004  -0.836  -0.789  -0.788  -0.730  -0.711
 -0.650  -0.631  -0.619  -0.610  -0.607  -0.598  -0.572
 -- Virtual --
 -0.353  -0.188  -0.173  -0.154  -0.152  -0.095  -0.053  -0.049
 -0.049  -0.041  -0.027  -0.007  -0.005  -0.005   0.004   0.017
  0.019   0.033   0.033   0.035   0.035   0.039   0.052   0.057
  0.067   0.071   0.081   0.083   0.093   0.101   0.122   0.143
  0.152   0.152   0.154   0.168   0.169   0.192   0.192   0.214
  0.216   0.225   0.236   0.261   0.269   0.295   0.315   0.317
  0.328   0.336   0.354   0.373   0.374   0.377   0.387   0.415
  0.424   0.435   0.458   0.465   0.472   0.481   0.483   0.491
  0.581   0.588   0.592   0.606   0.631   0.640   0.651   0.688
  0.748   0.753   0.766   0.810   0.811   0.828   0.834   0.844
  0.850   0.869   0.877   0.891   0.903   0.908   0.924   0.925
  0.940   0.944   0.946   0.957   0.962   0.971   0.972   0.977
  0.983   1.007   1.014   1.016   1.036   1.067   1.073   1.090
  1.119   1.121   1.142   1.211   1.235   1.236   1.247   1.263
  1.298   1.305   1.361   1.380   1.389   1.407   1.435   1.447
  1.480   1.482   1.510   1.514   1.517   1.577   1.593   1.600
  1.654   1.671   1.675   1.842   1.938   1.956   1.967   2.022
  2.039   2.104   2.107   2.129   2.197   2.267   2.302   2.395
  2.408   2.501   2.607   2.612   2.620   2.777   2.778   2.878
  2.878   2.931   3.045   3.050   3.057   3.125   3.183   3.203
  3.239   3.266   3.266   3.349   3.361   3.390   3.416   3.510
  3.663   3.733   3.740   4.039   4.048   4.096   4.100   4.101
  4.114   4.125   4.130   4.131   4.174   4.182   4.187   4.192
  4.218   4.219   4.239   4.246   4.250   4.254   4.268   4.303
  4.340   4.348   4.360   4.364   4.381   4.405   4.411   4.478
  4.517   4.688   4.759   4.784   4.803   4.820   4.827   4.833
  4.844   4.902   4.916   4.943   4.959   5.002   5.035   5.068
  5.081   5.213   5.295   5.435   5.584   5.859   5.867   9.502
  9.631   9.677   9.812  20.221  20.230  20.244  20.272  20.276
 20.305  20.312  20.362  20.468  20.553  20.602  20.630  23.229
 24.096  26.755  26.758  26.766  26.799  26.805  26.808  26.811
 26.817  26.831  26.844  26.848  26.856  26.858  26.882  26.883
 26.893  26.893  26.937  26.966  27.000  27.016  27.087  27.788
 27.810  27.901  28.015  36.457  36.457  36.459  36.460  36.460
 36.460  36.461  36.464  36.470  36.470  36.470  36.471  36.472
 36.472  36.472  36.473  36.475  36.476  36.479  36.480  36.483
 36.490  36.491  36.492  36.496  36.496  36.501  36.510  40.383
 40.437  40.480  40.679  40.682  40.729  40.760  40.777  40.798
 40.848 215.371 215.512 215.549 215.724
 --------------------------------------------------------------
 
          Ground-State Mulliken Net Atomic Charges

     Atom                 Charge (a.u.)    Spin (a.u.)
  --------------------------------------------------------
      1 C                     0.699947       0.232624
      2 C                     0.699713       0.232653
      3 Cl                   -0.099802       0.133704
      4 Cl                   -0.100041       0.133657
      5 Cl                   -0.099724       0.133708
      6 Cl                   -0.100093       0.133654
  --------------------------------------------------------
  Sum of atomic charges =     1.000000
  Sum of spin   charges =     1.000000

 -----------------------------------------------------------------
                    Cartesian Multipole Moments
 -----------------------------------------------------------------
    Charge (ESU x 10^10)
                 4.8032
    Dipole Moment (Debye)
         X       0.0000      Y       0.0000      Z       3.2345
       Tot       3.2345
    Quadrupole Moments (Debye-Ang)
        XX     -43.5389     XY      -0.0052     YY     -56.3906
        XZ       0.0040     YZ      -0.0030     ZZ     -41.1569
    Octapole Moments (Debye-Ang^2)
       XXX      -0.0001    XXY       0.0000    XYY       0.0000
       YYY       0.0000    XXZ     -29.3198    XYZ      -0.0035
       YYZ     -37.9743    XZZ       0.0054    YZZ      -0.0041
       ZZZ     -86.0808
    Hexadecapole Moments (Debye-Ang^3)
      XXXX    -564.7080   XXXY      -0.0449   XXYY    -114.5758
      XYYY      -0.0057   YYYY     -58.2723   XXXZ       0.0102
      XXYZ      -0.0006   XYYZ      -0.0010   YYYZ      -0.0030
      XXZZ    -187.5476   XYZZ       0.0067   YYZZ    -163.9461
      XZZZ       0.0149   YZZZ      -0.0318   ZZZZ    -846.1153
 -----------------------------------------------------------------
 Total job time:  544.33s(wall), 542.73s(cpu) 
 Fri Mar 21 19:00:38 2014

        *************************************************************
        *                                                           *
        *  Thank you very much for using Q-Chem.  Have a nice day.  *
        *                                                           *
        *************************************************************


0 sent ACK to 0 
now end server 0 ... 
