Process 0 of 1 is on cl131 - thread support 1
initial socket setup ...start
initial socket setup ...done 
now start server 0 ... 

cmd = /usr/bin/ssh clhead /usr/local/qchem/bin/get_hostid 293380660 > /tmp/1603288.1.medium.q/qchem8687/lic.dat

cmd = /usr/bin/ssh clhead /usr/local/qchem/bin/get_hostid 293380660 > /tmp/1603288.1.medium.q/qchem8687/lic.dat

cmd = /usr/bin/ssh clhead /usr/local/qchem/bin/get_hostid 293380660 > /tmp/1603288.1.medium.q/qchem8687/lic.dat

cmd = /usr/bin/ssh clhead /usr/local/qchem/bin/get_hostid 293380660 > /tmp/1603288.1.medium.q/qchem8687/lic.dat

cmd = /usr/bin/ssh clhead /usr/local/qchem/bin/get_hostid 293380660 > /tmp/1603288.1.medium.q/qchem8687/lic.dat
                  Welcome to Q-Chem
     A Quantum Leap Into The Future Of Chemistry

 Y. Shao, L. Fusti-Molnar, Y. Jung, J. Kussmann, C. Ochsenfeld,
 S. T. Brown, A. T. B. Gilbert, L. V. Slipchenko,S. V. Levchenko,
 D. P. O'Neill, R. A. DiStasio Jr., R. C. Lochan, T. Wang,
 G. J. O. Beran, N. A. Besley, J. M. Herbert, C. Y. Lin,
 T. Van Voorhis, S. H. Chien, A. Sodt, R. P. Steele, 
 V. A. Rassolov, P. E. Maslen, P. P. Korambath, R. D. Adamson,
 B. Austin, J. Baker, E. F. C. Byrd, H. Dachsel, R. J. Doerksen,
 A. Dreuw, B. D. Dunietz, A. D. Dutoi, T. R. Furlani,
 S. R. Gwaltney, A. Heyden, S. Hirata, C.-P. Hsu, G. Kedziora,
 R. Z. Khaliullin, P. Klunzinger, A. M. Lee, M. S. Lee, W. Liang,
 I. Lotan, N. Nair, B. Peters, E. I. Proynov, P. A. Pieniazek, 
 Y. M. Rhee, J. Ritchie, E. Rosta, C. D. Sherrill, 
 A. C. Simmonett, J. E. Subotnik, H. L. Woodcock III,
 W. Zhang, A. T. Bell, A. K. Chakraborty, D. M. Chipman,
 F. J. Keil, A. Warshel, W. J. Hehre, H. F. Schaefer III,
 J. Kong, A. I. Krylov, P. M. W. Gill, M. Head-Gordon,
 Q-Chem, Version 3.1, Q-Chem, Inc., Pittsburgh, PA (2007).

 Additional authors for Version 3.1: 
 Z. Gan, Y. Zhao, N. E. Schultz, D. Truhlar, E. Epifanovsky and M. Oana.

 Additional authors for Version 3.2: 
 R. Baer, B. R. Brooks, D. Casanova, J.-D. Chai, C.-L. Cheng, 
 C. Cramer, D. Crittenden, A. Ghysels, G. Hawkins, E. G. Hohenstein, 
 C. Kelley, W. Kurlancheek, D. Liotard, E. Livshits, P. Manohar, 
 A. Marenich, D. Neuhauser, R. Olson, M. A. Rohrdanz, K. S. Thanthiriwatte, 
 A. J. W. Thom, V. Vanovschi, C. F. Williams, Q. Wu and Z.-Q. You. 


 Intel X86 Linux Version

 Q-chem begins on Wed Mar 26 10:47:55 2014  

 Parallel job on  1  processors
Processing $rem in /usr/local/qchem/config/preferences.

theFileMan(): MAXOPENFILES=974 MAX_SUB_FILE_NUM=16
Maximum size of a physical file is 2.0 GB, maximum size of a tmp-file is 32.0 GB


--------------------------------------------------------------
User input:
--------------------------------------------------------------

$molecule
-1,2
C         -0.00003        0.00010        0.99991
C          1.26459        0.75942        0.98847
C          1.26447       -0.75945        0.98840
C         -1.27145        0.00003        0.25190
C         -1.25762        0.00005        1.77082
H          1.57412        1.26097        1.90079
H          1.55767        1.26188        0.07124
H          1.57397       -1.26106        1.90071
H          1.55744       -1.26192        0.07116
H         -1.57709       -0.91495       -0.24713
H         -1.57734        0.91489       -0.24721
H         -1.55434       -0.91483        2.27543
H         -1.55439        0.91487        2.27549
$end

$comment
negative
$end

$xc_functional
C PBE   1.00
X wPBE  1.00
$end

$rem
SYMMETRY_DECOMPOSITION	0
exchange 		general
LRC_DFT                 true
BASIS                   g3large
omega			260
mem_static              760
max_scf_cycles          200
scf_final_print         1
sym_ignore              true
$end

--------------------------------------------------------------
 Writing REM_CC_EA           13
 ----------------------------------------------------
       Standard Nuclear Orientation (Angstroms)
    I     Atom         X            Y            Z
 ----------------------------------------------------
    1      C      -0.000030     0.000100     0.999910
    2      C       1.264590     0.759420     0.988470
    3      C       1.264470    -0.759450     0.988400
    4      C      -1.271450     0.000030     0.251900
    5      C      -1.257620     0.000050     1.770820
    6      H       1.574120     1.260970     1.900790
    7      H       1.557670     1.261880     0.071240
    8      H       1.573970    -1.261060     1.900710
    9      H       1.557440    -1.261920     0.071160
   10      H      -1.577090    -0.914950    -0.247130
   11      H      -1.577340     0.914890    -0.247210
   12      H      -1.554340    -0.914830     2.275430
   13      H      -1.554390     0.914870     2.275490
 ----------------------------------------------------
 Nuclear Repulsion Energy =   171.0336147312 hartrees
 There are       20 alpha and       19 beta electrons
 Requested basis set is G3large
 There are 98 shells and 290 basis functions

Total QAlloc Memory Limit   2000 MB
Mega-Array Size       743 MB
MEM_STATIC part       760 MB

                       Distance Matrix (Angstroms)
             C (  1)   C (  2)   C (  3)   C (  4)   C (  5)   H (  6)
   C (  2)  1.475114
   C (  3)  1.475130  1.518870
   C (  4)  1.475137  2.747855  2.747750
   C (  5)  1.475071  2.747773  2.747719  1.518983
   H (  6)  2.208920  1.086135  2.238400  3.522226  3.102509
   H (  7)  2.209286  1.086127  2.238956  3.103035  3.522307  1.829624
   H (  8)  2.208946  2.238356  1.086146  3.522121  3.102446  2.522030
   H (  9)  2.209295  2.238981  1.086111  3.102870  3.522212  3.116536
   H ( 10)  2.208969  3.522125  3.102447  1.086110  2.238617  4.390708
   H ( 11)  2.209085  3.102844  3.522220  1.086116  2.238660  3.829540
   H ( 12)  2.209056  3.522179  3.102625  2.238676  1.086130  3.829063
   H ( 13)  2.209059  3.102778  3.522204  2.238728  1.086121  3.169820
             H (  7)   H (  8)   H (  9)   H ( 10)   H ( 11)   H ( 12)
   H (  8)  3.116481
   H (  9)  2.523800  1.829625
   H ( 10)  3.829709  3.829124  3.169696
   H ( 11)  3.170189  4.390794  3.829714  1.829840
   H ( 12)  4.391028  3.169639  3.829158  2.522663  3.116427
   H ( 13)  3.829367  3.829069  4.391010  3.116467  2.522804  1.829700

 
 A cutoff of  1.0D-08 yielded   4435 shell pairs
 There are  39245 function pairs ( 48051 Cartesian)
Evaluating contribution to one-electron hamiltonian from nuclear
 Smallest overlap matrix eigenvalue = 2.58E-05

 Q-Chem warning in module mkSTV.C, line 194:

 Overlap eigenvalue is smaller than square root of threshold

 Multipole matrices computed through 2nd order

  Scale SEOQF with 1.000000e-01/1.000000e-01/1.000000e-01

 Standard Electronic Orientation quadrupole field applied
 Nucleus-field energy     =    -0.0000000026 hartrees
 Guess from superposition of atomic densities
 Warning:  Energy on first SCF cycle will be non-variational
 Long-range K will be added via erf
 Coulomb attenuation parameter = 0.26 bohr**(-1)
 An unrestricted Kohn-Sham SCF calculation will be
 performed using Pulay DIIS extrapolation
 Exchange:  wPBE + LR-HF      Correlation:  PBE
 Using SG-1 standard quadrature grid
 SCF converges when DIIS error is below 1.0E-05
 Requested basis set is G3large
 There are 98 shells and 290 basis functions
 A cutoff of  1.0D-08 yielded   4435 shell pairs
 There are  39245 function pairs ( 48051 Cartesian)
 Warning!  Inaccurate integrated density:
   Number of electrons =    39
   Numerical integral  =    37.999765750979
   Relative error      =    -2.5647032026 %
 ---------------------------------------
  Cycle       Energy         DIIS Error
 ---------------------------------------
    1    -196.8775132035      2.89E-02
    2    -194.8916465296      3.52E-03
    3    -194.9552048957      3.72E-03
    4    -195.1047279518      4.04E-04
    5    -195.1109423627      2.43E-04
    6    -195.1133511225      7.10E-05
    7    -195.1143085271      3.36E-05
    8    -195.1147351057      2.28E-05
    9    -195.1150246265      1.90E-05
   10    -195.1152951963      1.37E-05
   11    -195.1154896244      9.91E-06 Convergence criterion met
 ---------------------------------------
 One-Electron    Energy =  -604.4757547567
 Total Coulomb   Energy =   268.3990496657
 Alpha Exchange  Energy =    -2.6643340823
 Beta  Exchange  Energy =    -2.6062663928
 DFT   Exchange  Energy =   -23.5492867730
 DFT Correlation Energy =    -1.2525120140
 Nuclear Repu.   Energy =   171.0336147286
 Nuclear Attr.   Energy =  -798.7835050496
 Kinetic         Energy =   194.3077502929
 <S^2> = 0.7501
 SCF time:  CPU 512.02 s  wall 514.86 s
 Final Alpha MO Eigenvalues
            1           2           3           4           5           6
    1  -9.9160629  -9.9077117  -9.9004502  -9.9003042  -9.8996456  -0.8381417
            7           8           9          10          11          12
    1  -0.7566562  -0.5638989  -0.5599752  -0.5017601  -0.4464349  -0.4358714
           13          14          15          16          17          18
    1  -0.4316958  -0.3277438  -0.3141942  -0.3122256  -0.2466174  -0.2453367
           19          20          21          22          23          24
    1  -0.2352233   0.0322634   0.1277316   0.1281265   0.1291996   0.1574170
           25
    1   0.1575111
 Final Beta MO Eigenvalues
            1           2           3           4           5           6
    1  -9.9160699  -9.9076224  -9.9001740  -9.9000707  -9.8993891  -0.8380405
            7           8           9          10          11          12
    1  -0.7564787  -0.5632882  -0.5591922  -0.5010182  -0.4458370  -0.4355686
           13          14          15          16          17          18
    1  -0.4311185  -0.3273603  -0.3136457  -0.3118234  -0.2463180  -0.2450632
           19          20          21          22          23          24
    1  -0.2346986   0.1252934   0.1387236   0.1404402   0.1440894   0.1592132
 Analysis of SCF Wavefunction
 
 --------------------------------------------------------------
                    Orbital Energies (a.u.)
 --------------------------------------------------------------
 
 Alpha MOs
 -- Occupied --
 -9.916  -9.908  -9.900  -9.900  -9.900  -0.838  -0.757  -0.564
 -0.560  -0.502  -0.446  -0.436  -0.432  -0.328  -0.314  -0.312
 -0.247  -0.245  -0.235   0.032
 -- Virtual --
  0.128   0.128   0.129   0.157   0.158   0.162   0.180   0.189
  0.217   0.243   0.245   0.253   0.260   0.263   0.263   0.278
  0.281   0.286   0.295   0.307   0.307   0.320   0.331   0.333
  0.336   0.337   0.349   0.349   0.364   0.405   0.407   0.411
  0.440   0.455   0.461   0.472   0.492   0.523   0.524   0.535
  0.541   0.597   0.645   0.662   0.663   0.668   0.690   0.693
  0.724   0.745   0.747   0.766   0.775   0.782   0.792   0.794
  0.809   0.809   0.827   0.836   0.847   0.849   0.854   0.869
  0.901   0.953   0.996   0.996   1.002   1.020   1.047   1.076
  1.101   1.109   1.110   1.178   1.230   1.232   1.257   1.284
  1.304   1.305   1.312   1.329   1.332   1.369   1.378   1.379
  1.435   1.437   1.493   1.498   1.501   1.522   1.545   1.548
  1.569   1.572   1.595   1.602   1.606   1.643   1.645   1.663
  1.668   1.691   1.740   1.755   1.758   1.771   1.782   1.786
  1.788   1.846   1.951   1.985   1.986   2.014   2.648   2.651
  2.731   2.771   2.799   2.801   2.821   2.833   2.864   2.865
  2.873   2.921   2.959   2.960   3.006   3.061   3.075   3.077
  3.082   3.111   3.167   3.169   3.186   3.191   3.242   3.243
  3.259   3.260   3.272   3.305   3.309   3.350   3.375   3.405
  3.406   3.426   3.456   3.521   3.522   3.532   3.563   3.565
  3.617   3.618   3.628   3.646   3.676   3.677   3.722   3.723
  3.738   3.777   3.777   3.792   3.866   3.963   3.992   4.041
  4.058   4.060   4.117   4.119   4.145   4.232   4.280   4.282
  4.284   4.286   4.317   4.320   4.408   4.433   4.441   4.442
  4.522   4.524   4.528   4.536   4.539   4.580   4.582   4.671
  4.672   4.700   4.704   4.708   4.741   4.780   4.885   4.903
  5.076   5.079   5.149   5.151   5.270   5.435   5.564   5.623
  5.626   5.665   5.773   5.780   5.784   5.817   5.926   5.929
  5.960  24.202  24.226  24.480  24.484  24.553  27.579  27.640
 27.693  27.694  28.080  28.170  28.196  28.197  28.214  28.238
 28.238  28.253  28.639  28.643  29.079  40.955  40.972  40.993
 41.056  41.064  41.067  41.069  41.107  41.110  41.114  41.231
 41.237  41.237  41.243  41.244  41.256  41.278  41.291  41.338
 41.343  41.350  41.352  41.372  41.443  41.444
 
 Beta MOs
 -- Occupied --
 -9.916  -9.908  -9.900  -9.900  -9.899  -0.838  -0.756  -0.563
 -0.559  -0.501  -0.446  -0.436  -0.431  -0.327  -0.314  -0.312
 -0.246  -0.245  -0.235
 -- Virtual --
  0.125   0.139   0.140   0.144   0.159   0.164   0.168   0.182
  0.188   0.216   0.240   0.241   0.247   0.256   0.259   0.259
  0.277   0.278   0.285   0.294   0.305   0.306   0.316   0.327
  0.329   0.331   0.332   0.345   0.347   0.363   0.404   0.407
  0.410   0.439   0.455   0.460   0.468   0.490   0.521   0.522
  0.533   0.540   0.596   0.644   0.659   0.661   0.666   0.688
  0.692   0.722   0.744   0.746   0.765   0.773   0.780   0.792
  0.793   0.808   0.808   0.825   0.835   0.845   0.847   0.852
  0.869   0.901   0.953   0.996   0.996   1.003   1.020   1.047
  1.075   1.101   1.109   1.110   1.179   1.231   1.233   1.257
  1.283   1.304   1.305   1.312   1.329   1.332   1.369   1.378
  1.379   1.435   1.437   1.493   1.498   1.501   1.522   1.545
  1.548   1.569   1.572   1.595   1.603   1.606   1.643   1.645
  1.663   1.669   1.691   1.741   1.755   1.758   1.772   1.782
  1.786   1.789   1.847   1.951   1.985   1.986   2.015   2.648
  2.651   2.731   2.771   2.799   2.801   2.821   2.833   2.864
  2.865   2.873   2.921   2.959   2.960   3.006   3.061   3.076
  3.077   3.082   3.111   3.168   3.169   3.186   3.191   3.242
  3.244   3.260   3.261   3.272   3.306   3.310   3.350   3.375
  3.406   3.407   3.427   3.456   3.522   3.522   3.532   3.564
  3.566   3.617   3.619   3.628   3.646   3.677   3.677   3.723
  3.723   3.738   3.777   3.778   3.792   3.866   3.963   3.992
  4.042   4.058   4.060   4.117   4.119   4.145   4.232   4.280
  4.282   4.284   4.286   4.317   4.320   4.409   4.433   4.441
  4.443   4.522   4.525   4.529   4.537   4.539   4.580   4.582
  4.672   4.673   4.701   4.704   4.709   4.741   4.780   4.885
  4.904   5.077   5.079   5.149   5.151   5.270   5.435   5.565
  5.623   5.626   5.665   5.773   5.780   5.784   5.817   5.926
  5.929   5.960  24.202  24.227  24.480  24.484  24.553  27.580
 27.641  27.693  27.694  28.080  28.171  28.196  28.198  28.214
 28.238  28.239  28.254  28.639  28.643  29.079  40.955  40.972
 40.993  41.056  41.064  41.067  41.069  41.107  41.111  41.115
 41.231  41.237  41.237  41.243  41.245  41.256  41.278  41.291
 41.338  41.344  41.350  41.353  41.372  41.443  41.444
 --------------------------------------------------------------
 
          Ground-State Mulliken Net Atomic Charges

     Atom                 Charge (a.u.)    Spin (a.u.)
  --------------------------------------------------------
      1 C                    -3.595872       4.189968
      2 C                     3.114417      -3.477376
      3 C                    -0.299477      -0.007677
      4 C                     1.635027      -1.966127
      5 C                     1.320910      -1.651071
      6 H                    -0.567207       0.671385
      7 H                    -0.621938       0.728683
      8 H                    -0.029170       0.102872
      9 H                    -0.046762       0.122664
     10 H                    -0.133639       0.208673
     11 H                    -0.881179       0.996990
     12 H                    -0.105421       0.178111
     13 H                    -0.789690       0.902904
  --------------------------------------------------------
  Sum of atomic charges =    -1.000000
  Sum of spin   charges =     1.000000

 -----------------------------------------------------------------
                    Cartesian Multipole Moments
 -----------------------------------------------------------------
    Charge (ESU x 10^10)
                -4.8032
    Dipole Moment (Debye)
         X       2.0325      Y      -7.0923      Z      -4.2960
       Tot       8.5374
    Quadrupole Moments (Debye-Ang)
        XX     -72.9073     XY       1.9430     YY     -65.9388
        XZ       1.8359     YZ      -6.4997     ZZ     -64.4634
    Octapole Moments (Debye-Ang^2)
       XXX      30.9554    XXY     -43.5673    XYY      13.1758
       YYY     -96.6131    XXZ     -69.7116    XYZ       1.7626
       YYZ     -63.0215    XZZ      11.4070    YZZ     -44.6245
       ZZZ    -178.4039
    Hexadecapole Moments (Debye-Ang^3)
      XXXX   -1041.6391   XXXY      10.5000   XXYY    -289.3067
      XYYY      17.2839   YYYY    -607.8374   XXXZ      28.4141
      XXYZ     -40.5074   XYYZ      12.5025   YYYZ     -90.2929
      XXZZ    -332.4053   XYZZ      10.2224   YYZZ    -261.2043
      XZZZ      29.4259   YZZZ    -115.1182   ZZZZ    -851.4747
 -----------------------------------------------------------------
 Total job time:  515.36s(wall), 512.42s(cpu) 
 Wed Mar 26 10:56:30 2014

        *************************************************************
        *                                                           *
        *  Thank you very much for using Q-Chem.  Have a nice day.  *
        *                                                           *
        *************************************************************


0 sent ACK to 0 
now end server 0 ... 
 
**********************************************************************
Job 2 of 3 
**********************************************************************
 
Process 0 of 1 is on cl131 - thread support 1
initial socket setup ...start
initial socket setup ...done 
now start server 0 ... 

cmd = /usr/bin/ssh clhead /usr/local/qchem/bin/get_hostid 1368412893 > /tmp/1603288.1.medium.q/qchem8687/lic.dat

cmd = /usr/bin/ssh clhead /usr/local/qchem/bin/get_hostid 1368412893 > /tmp/1603288.1.medium.q/qchem8687/lic.dat

cmd = /usr/bin/ssh clhead /usr/local/qchem/bin/get_hostid 1368412893 > /tmp/1603288.1.medium.q/qchem8687/lic.dat

cmd = /usr/bin/ssh clhead /usr/local/qchem/bin/get_hostid 1368412893 > /tmp/1603288.1.medium.q/qchem8687/lic.dat

cmd = /usr/bin/ssh clhead /usr/local/qchem/bin/get_hostid 1368412893 > /tmp/1603288.1.medium.q/qchem8687/lic.dat
                  Welcome to Q-Chem
     A Quantum Leap Into The Future Of Chemistry

 Y. Shao, L. Fusti-Molnar, Y. Jung, J. Kussmann, C. Ochsenfeld,
 S. T. Brown, A. T. B. Gilbert, L. V. Slipchenko,S. V. Levchenko,
 D. P. O'Neill, R. A. DiStasio Jr., R. C. Lochan, T. Wang,
 G. J. O. Beran, N. A. Besley, J. M. Herbert, C. Y. Lin,
 T. Van Voorhis, S. H. Chien, A. Sodt, R. P. Steele, 
 V. A. Rassolov, P. E. Maslen, P. P. Korambath, R. D. Adamson,
 B. Austin, J. Baker, E. F. C. Byrd, H. Dachsel, R. J. Doerksen,
 A. Dreuw, B. D. Dunietz, A. D. Dutoi, T. R. Furlani,
 S. R. Gwaltney, A. Heyden, S. Hirata, C.-P. Hsu, G. Kedziora,
 R. Z. Khaliullin, P. Klunzinger, A. M. Lee, M. S. Lee, W. Liang,
 I. Lotan, N. Nair, B. Peters, E. I. Proynov, P. A. Pieniazek, 
 Y. M. Rhee, J. Ritchie, E. Rosta, C. D. Sherrill, 
 A. C. Simmonett, J. E. Subotnik, H. L. Woodcock III,
 W. Zhang, A. T. Bell, A. K. Chakraborty, D. M. Chipman,
 F. J. Keil, A. Warshel, W. J. Hehre, H. F. Schaefer III,
 J. Kong, A. I. Krylov, P. M. W. Gill, M. Head-Gordon,
 Q-Chem, Version 3.1, Q-Chem, Inc., Pittsburgh, PA (2007).

 Additional authors for Version 3.1: 
 Z. Gan, Y. Zhao, N. E. Schultz, D. Truhlar, E. Epifanovsky and M. Oana.

 Additional authors for Version 3.2: 
 R. Baer, B. R. Brooks, D. Casanova, J.-D. Chai, C.-L. Cheng, 
 C. Cramer, D. Crittenden, A. Ghysels, G. Hawkins, E. G. Hohenstein, 
 C. Kelley, W. Kurlancheek, D. Liotard, E. Livshits, P. Manohar, 
 A. Marenich, D. Neuhauser, R. Olson, M. A. Rohrdanz, K. S. Thanthiriwatte, 
 A. J. W. Thom, V. Vanovschi, C. F. Williams, Q. Wu and Z.-Q. You. 


 Intel X86 Linux Version

 Q-chem begins on Wed Mar 26 10:56:34 2014  

 Parallel job on  1  processors
Processing $rem in /usr/local/qchem/config/preferences.

theFileMan(): MAXOPENFILES=974 MAX_SUB_FILE_NUM=16
Maximum size of a physical file is 2.0 GB, maximum size of a tmp-file is 32.0 GB


--------------------------------------------------------------
User input:
--------------------------------------------------------------

$molecule
0,1
C         -0.00003        0.00010        0.99991
C          1.26459        0.75942        0.98847
C          1.26447       -0.75945        0.98840
C         -1.27145        0.00003        0.25190
C         -1.25762        0.00005        1.77082
H          1.57412        1.26097        1.90079
H          1.55767        1.26188        0.07124
H          1.57397       -1.26106        1.90071
H          1.55744       -1.26192        0.07116
H         -1.57709       -0.91495       -0.24713
H         -1.57734        0.91489       -0.24721
H         -1.55434       -0.91483        2.27543
H         -1.55439        0.91487        2.27549
$end

$comment
neutral
$end

$xc_functional
C PBE   1.00
X wPBE  1.00
$end


$rem
SYMMETRY_DECOMPOSITION	0
LRC_DFT                 true
exchange 		general
BASIS                   g3large
omega			260
mem_static              760
max_scf_cycles          200
scf_final_print         1
sym_ignore              true
$end

--------------------------------------------------------------
 Writing REM_CC_EA           13
 ----------------------------------------------------
       Standard Nuclear Orientation (Angstroms)
    I     Atom         X            Y            Z
 ----------------------------------------------------
    1      C      -0.000030     0.000100     0.999910
    2      C       1.264590     0.759420     0.988470
    3      C       1.264470    -0.759450     0.988400
    4      C      -1.271450     0.000030     0.251900
    5      C      -1.257620     0.000050     1.770820
    6      H       1.574120     1.260970     1.900790
    7      H       1.557670     1.261880     0.071240
    8      H       1.573970    -1.261060     1.900710
    9      H       1.557440    -1.261920     0.071160
   10      H      -1.577090    -0.914950    -0.247130
   11      H      -1.577340     0.914890    -0.247210
   12      H      -1.554340    -0.914830     2.275430
   13      H      -1.554390     0.914870     2.275490
 ----------------------------------------------------
 Nuclear Repulsion Energy =   171.0336147312 hartrees
 There are       19 alpha and       19 beta electrons
 Requested basis set is G3large
 There are 98 shells and 290 basis functions

Total QAlloc Memory Limit   2000 MB
Mega-Array Size       743 MB
MEM_STATIC part       760 MB

                       Distance Matrix (Angstroms)
             C (  1)   C (  2)   C (  3)   C (  4)   C (  5)   H (  6)
   C (  2)  1.475114
   C (  3)  1.475130  1.518870
   C (  4)  1.475137  2.747855  2.747750
   C (  5)  1.475071  2.747773  2.747719  1.518983
   H (  6)  2.208920  1.086135  2.238400  3.522226  3.102509
   H (  7)  2.209286  1.086127  2.238956  3.103035  3.522307  1.829624
   H (  8)  2.208946  2.238356  1.086146  3.522121  3.102446  2.522030
   H (  9)  2.209295  2.238981  1.086111  3.102870  3.522212  3.116536
   H ( 10)  2.208969  3.522125  3.102447  1.086110  2.238617  4.390708
   H ( 11)  2.209085  3.102844  3.522220  1.086116  2.238660  3.829540
   H ( 12)  2.209056  3.522179  3.102625  2.238676  1.086130  3.829063
   H ( 13)  2.209059  3.102778  3.522204  2.238728  1.086121  3.169820
             H (  7)   H (  8)   H (  9)   H ( 10)   H ( 11)   H ( 12)
   H (  8)  3.116481
   H (  9)  2.523800  1.829625
   H ( 10)  3.829709  3.829124  3.169696
   H ( 11)  3.170189  4.390794  3.829714  1.829840
   H ( 12)  4.391028  3.169639  3.829158  2.522663  3.116427
   H ( 13)  3.829367  3.829069  4.391010  3.116467  2.522804  1.829700

 
 A cutoff of  1.0D-08 yielded   4435 shell pairs
 There are  39245 function pairs ( 48051 Cartesian)
Evaluating contribution to one-electron hamiltonian from nuclear
 Smallest overlap matrix eigenvalue = 2.58E-05

 Q-Chem warning in module mkSTV.C, line 194:

 Overlap eigenvalue is smaller than square root of threshold

 Multipole matrices computed through 2nd order

  Scale SEOQF with 1.000000e-01/1.000000e-01/1.000000e-01

 Standard Electronic Orientation quadrupole field applied
 Nucleus-field energy     =    -0.0000000026 hartrees
 Guess from superposition of atomic densities
 Warning:  Energy on first SCF cycle will be non-variational
 Long-range K will be added via erf
 Coulomb attenuation parameter = 0.26 bohr**(-1)
 A restricted Kohn-Sham SCF calculation will be
 performed using Pulay DIIS extrapolation
 Exchange:  wPBE + LR-HF      Correlation:  PBE
 Using SG-1 standard quadrature grid
 SCF converges when DIIS error is below 1.0E-05
 Requested basis set is G3large
 There are 98 shells and 290 basis functions
 A cutoff of  1.0D-08 yielded   4435 shell pairs
 There are  39245 function pairs ( 48051 Cartesian)
 ---------------------------------------
  Cycle       Energy         DIIS Error
 ---------------------------------------
    1    -196.8775132035      2.89E-02
    2    -195.0589294071      2.81E-03
    3    -195.0984532856      2.30E-03
    4    -195.1507680038      2.56E-04
    5    -195.1514509073      1.34E-04
    6    -195.1516252902      2.79E-05
    7    -195.1516367475      7.16E-06 Convergence criterion met
 ---------------------------------------
 One-Electron    Energy =  -599.8683263157
 Total Coulomb   Energy =   263.6811467712
 Alpha Exchange  Energy =    -2.6070266966
 Beta  Exchange  Energy =    -2.6070266966
 DFT   Exchange  Energy =   -23.5386414539
 DFT Correlation Energy =    -1.2453770846
 Nuclear Repu.   Energy =   171.0336147286
 Nuclear Attr.   Energy =  -794.1077821934
 Kinetic         Energy =   194.2394558777
 SCF time:  CPU 240.34 s  wall 242.26 s
 Final Alpha MO Eigenvalues
            1           2           3           4           5           6
    1 -10.0381107 -10.0250366 -10.0248591 -10.0247544 -10.0245328  -0.9602808
            7           8           9          10          11          12
    1  -0.8787148  -0.6837615  -0.6837561  -0.6233229  -0.5677639  -0.5559850
           13          14          15          16          17          18
    1  -0.5559636  -0.4494257  -0.4359771  -0.4347888  -0.3679815  -0.3679712
           19          20          21          22          23          24
    1  -0.3571369   0.0400694   0.0518163   0.0518415   0.0562222   0.0750867
 Analysis of SCF Wavefunction
 
 --------------------------------------------------------------
                    Orbital Energies (a.u.)
 --------------------------------------------------------------
 
 Alpha MOs
 -- Occupied --
-10.038 -10.025 -10.025 -10.025 -10.025  -0.960  -0.879  -0.684
 -0.684  -0.623  -0.568  -0.556  -0.556  -0.449  -0.436  -0.435
 -0.368  -0.368  -0.357
 -- Virtual --
  0.040   0.052   0.052   0.056   0.075   0.075   0.080   0.097
  0.098   0.120   0.146   0.146   0.157   0.162   0.164   0.164
  0.179   0.180   0.180   0.192   0.202   0.202   0.215   0.231
  0.232   0.233   0.233   0.240   0.240   0.252   0.293   0.293
  0.297   0.325   0.344   0.344   0.363   0.376   0.412   0.412
  0.425   0.427   0.482   0.531   0.549   0.549   0.550   0.575
  0.575   0.609   0.629   0.629   0.651   0.659   0.664   0.676
  0.676   0.691   0.691   0.711   0.718   0.731   0.732   0.737
  0.749   0.785   0.832   0.876   0.876   0.881   0.897   0.926
  0.956   0.980   0.988   0.988   1.058   1.111   1.111   1.136
  1.163   1.184   1.184   1.191   1.211   1.211   1.249   1.259
  1.259   1.316   1.316   1.373   1.379   1.379   1.401   1.426
  1.426   1.449   1.453   1.475   1.481   1.487   1.525   1.525
  1.544   1.547   1.573   1.620   1.636   1.636   1.650   1.664
  1.664   1.667   1.725   1.830   1.864   1.864   1.893   2.528
  2.528   2.609   2.650   2.679   2.679   2.699   2.711   2.743
  2.743   2.751   2.799   2.838   2.838   2.884   2.939   2.954
  2.954   2.960   2.989   3.046   3.046   3.064   3.069   3.121
  3.121   3.138   3.138   3.150   3.183   3.187   3.228   3.253
  3.284   3.284   3.304   3.333   3.400   3.400   3.410   3.443
  3.443   3.496   3.496   3.506   3.524   3.554   3.556   3.601
  3.601   3.617   3.656   3.656   3.670   3.744   3.841   3.870
  3.919   3.937   3.937   3.996   3.996   4.023   4.110   4.159
  4.159   4.161   4.164   4.197   4.197   4.287   4.312   4.319
  4.320   4.400   4.404   4.405   4.416   4.416   4.459   4.459
  4.550   4.550   4.579   4.584   4.584   4.618   4.658   4.763
  4.781   4.956   4.956   5.028   5.028   5.148   5.313   5.442
  5.502   5.503   5.543   5.656   5.656   5.660   5.695   5.806
  5.806   5.838  24.080  24.104  24.359  24.359  24.430  27.457
 27.518  27.571  27.571  27.958  28.048  28.074  28.074  28.091
 28.116  28.116  28.130  28.518  28.518  28.957  40.833  40.850
 40.871  40.935  40.943  40.943  40.945  40.985  40.989  40.990
 41.109  41.115  41.115  41.120  41.121  41.133  41.155  41.168
 41.219  41.219  41.227  41.228  41.249  41.321  41.321
 --------------------------------------------------------------
 
          Ground-State Mulliken Net Atomic Charges

     Atom                 Charge (a.u.)
  ----------------------------------------
      1 C                     0.531597
      2 C                    -0.315663
      3 C                    -0.316798
      4 C                    -0.316268
      5 C                    -0.316164
      6 H                     0.091710
      7 H                     0.091662
      8 H                     0.091643
      9 H                     0.091700
     10 H                     0.091634
     11 H                     0.091678
     12 H                     0.091641
     13 H                     0.091627
  ----------------------------------------
  Sum of atomic charges =     0.000000

 -----------------------------------------------------------------
                    Cartesian Multipole Moments
 -----------------------------------------------------------------
    Charge (ESU x 10^10)
                 0.0000
    Dipole Moment (Debye)
         X       0.0002      Y      -0.0014      Z       0.0002
       Tot       0.0014
    Quadrupole Moments (Debye-Ang)
        XX     -32.9477     XY       0.0014     YY     -30.8366
        XZ       0.0195     YZ      -0.0012     ZZ     -30.8381
    Octapole Moments (Debye-Ang^2)
       XXX       0.0018    XXY       0.0017    XYY      -0.6673
       YYY       0.0008    XXZ     -32.9328    XYZ       0.0016
       YYZ     -30.8326    XZZ       0.7063    YZZ       0.0006
       ZZZ     -92.5243
    Hexadecapole Moments (Debye-Ang^3)
      XXXX    -350.2346   XXXY       0.0135   XXYY     -67.8677
      XYYY       0.0100   YYYY    -115.9055   XXXZ       1.3272
      XXYZ       0.0007   XYYZ      -0.3593   YYYZ      -0.0003
      XXZZ    -100.7976   XYZZ       0.0114   YYZZ     -64.0454
      XZZZ       2.8543   YZZZ       0.0027   ZZZZ    -300.9934
 -----------------------------------------------------------------
 Total job time:  242.68s(wall), 240.71s(cpu) 
 Wed Mar 26 11:00:37 2014

        *************************************************************
        *                                                           *
        *  Thank you very much for using Q-Chem.  Have a nice day.  *
        *                                                           *
        *************************************************************


0 sent ACK to 0 
now end server 0 ... 
 
**********************************************************************
Job 3 of 3 
**********************************************************************
 
Process 0 of 1 is on cl131 - thread support 1
initial socket setup ...start
initial socket setup ...done 
now start server 0 ... 

cmd = /usr/bin/ssh clhead /usr/local/qchem/bin/get_hostid 30422907 > /tmp/1603288.1.medium.q/qchem8687/lic.dat

cmd = /usr/bin/ssh clhead /usr/local/qchem/bin/get_hostid 30422907 > /tmp/1603288.1.medium.q/qchem8687/lic.dat

cmd = /usr/bin/ssh clhead /usr/local/qchem/bin/get_hostid 30422907 > /tmp/1603288.1.medium.q/qchem8687/lic.dat

cmd = /usr/bin/ssh clhead /usr/local/qchem/bin/get_hostid 30422907 > /tmp/1603288.1.medium.q/qchem8687/lic.dat

cmd = /usr/bin/ssh clhead /usr/local/qchem/bin/get_hostid 30422907 > /tmp/1603288.1.medium.q/qchem8687/lic.dat
                  Welcome to Q-Chem
     A Quantum Leap Into The Future Of Chemistry

 Y. Shao, L. Fusti-Molnar, Y. Jung, J. Kussmann, C. Ochsenfeld,
 S. T. Brown, A. T. B. Gilbert, L. V. Slipchenko,S. V. Levchenko,
 D. P. O'Neill, R. A. DiStasio Jr., R. C. Lochan, T. Wang,
 G. J. O. Beran, N. A. Besley, J. M. Herbert, C. Y. Lin,
 T. Van Voorhis, S. H. Chien, A. Sodt, R. P. Steele, 
 V. A. Rassolov, P. E. Maslen, P. P. Korambath, R. D. Adamson,
 B. Austin, J. Baker, E. F. C. Byrd, H. Dachsel, R. J. Doerksen,
 A. Dreuw, B. D. Dunietz, A. D. Dutoi, T. R. Furlani,
 S. R. Gwaltney, A. Heyden, S. Hirata, C.-P. Hsu, G. Kedziora,
 R. Z. Khaliullin, P. Klunzinger, A. M. Lee, M. S. Lee, W. Liang,
 I. Lotan, N. Nair, B. Peters, E. I. Proynov, P. A. Pieniazek, 
 Y. M. Rhee, J. Ritchie, E. Rosta, C. D. Sherrill, 
 A. C. Simmonett, J. E. Subotnik, H. L. Woodcock III,
 W. Zhang, A. T. Bell, A. K. Chakraborty, D. M. Chipman,
 F. J. Keil, A. Warshel, W. J. Hehre, H. F. Schaefer III,
 J. Kong, A. I. Krylov, P. M. W. Gill, M. Head-Gordon,
 Q-Chem, Version 3.1, Q-Chem, Inc., Pittsburgh, PA (2007).

 Additional authors for Version 3.1: 
 Z. Gan, Y. Zhao, N. E. Schultz, D. Truhlar, E. Epifanovsky and M. Oana.

 Additional authors for Version 3.2: 
 R. Baer, B. R. Brooks, D. Casanova, J.-D. Chai, C.-L. Cheng, 
 C. Cramer, D. Crittenden, A. Ghysels, G. Hawkins, E. G. Hohenstein, 
 C. Kelley, W. Kurlancheek, D. Liotard, E. Livshits, P. Manohar, 
 A. Marenich, D. Neuhauser, R. Olson, M. A. Rohrdanz, K. S. Thanthiriwatte, 
 A. J. W. Thom, V. Vanovschi, C. F. Williams, Q. Wu and Z.-Q. You. 


 Intel X86 Linux Version

 Q-chem begins on Wed Mar 26 11:00:41 2014  

 Parallel job on  1  processors
Processing $rem in /usr/local/qchem/config/preferences.

theFileMan(): MAXOPENFILES=974 MAX_SUB_FILE_NUM=16
Maximum size of a physical file is 2.0 GB, maximum size of a tmp-file is 32.0 GB


--------------------------------------------------------------
User input:
--------------------------------------------------------------

$molecule
1,2
C         -0.00003        0.00010        0.99991
C          1.26459        0.75942        0.98847
C          1.26447       -0.75945        0.98840
C         -1.27145        0.00003        0.25190
C         -1.25762        0.00005        1.77082
H          1.57412        1.26097        1.90079
H          1.55767        1.26188        0.07124
H          1.57397       -1.26106        1.90071
H          1.55744       -1.26192        0.07116
H         -1.57709       -0.91495       -0.24713
H         -1.57734        0.91489       -0.24721
H         -1.55434       -0.91483        2.27543
H         -1.55439        0.91487        2.27549
$end

$comment
positive
$end

$xc_functional
C PBE   1.00
X wPBE  1.00
$end

$rem
SYMMETRY_DECOMPOSITION	0
LRC_DFT                 true
exchange 		general
BASIS                   g3large
omega			260
mem_static              760
max_scf_cycles          200
scf_final_print         1
sym_ignore              true
$end

--------------------------------------------------------------
 Writing REM_CC_EA           13
 ----------------------------------------------------
       Standard Nuclear Orientation (Angstroms)
    I     Atom         X            Y            Z
 ----------------------------------------------------
    1      C      -0.000030     0.000100     0.999910
    2      C       1.264590     0.759420     0.988470
    3      C       1.264470    -0.759450     0.988400
    4      C      -1.271450     0.000030     0.251900
    5      C      -1.257620     0.000050     1.770820
    6      H       1.574120     1.260970     1.900790
    7      H       1.557670     1.261880     0.071240
    8      H       1.573970    -1.261060     1.900710
    9      H       1.557440    -1.261920     0.071160
   10      H      -1.577090    -0.914950    -0.247130
   11      H      -1.577340     0.914890    -0.247210
   12      H      -1.554340    -0.914830     2.275430
   13      H      -1.554390     0.914870     2.275490
 ----------------------------------------------------
 Nuclear Repulsion Energy =   171.0336147312 hartrees
 There are       19 alpha and       18 beta electrons
 Requested basis set is G3large
 There are 98 shells and 290 basis functions

Total QAlloc Memory Limit   2000 MB
Mega-Array Size       743 MB
MEM_STATIC part       760 MB

                       Distance Matrix (Angstroms)
             C (  1)   C (  2)   C (  3)   C (  4)   C (  5)   H (  6)
   C (  2)  1.475114
   C (  3)  1.475130  1.518870
   C (  4)  1.475137  2.747855  2.747750
   C (  5)  1.475071  2.747773  2.747719  1.518983
   H (  6)  2.208920  1.086135  2.238400  3.522226  3.102509
   H (  7)  2.209286  1.086127  2.238956  3.103035  3.522307  1.829624
   H (  8)  2.208946  2.238356  1.086146  3.522121  3.102446  2.522030
   H (  9)  2.209295  2.238981  1.086111  3.102870  3.522212  3.116536
   H ( 10)  2.208969  3.522125  3.102447  1.086110  2.238617  4.390708
   H ( 11)  2.209085  3.102844  3.522220  1.086116  2.238660  3.829540
   H ( 12)  2.209056  3.522179  3.102625  2.238676  1.086130  3.829063
   H ( 13)  2.209059  3.102778  3.522204  2.238728  1.086121  3.169820
             H (  7)   H (  8)   H (  9)   H ( 10)   H ( 11)   H ( 12)
   H (  8)  3.116481
   H (  9)  2.523800  1.829625
   H ( 10)  3.829709  3.829124  3.169696
   H ( 11)  3.170189  4.390794  3.829714  1.829840
   H ( 12)  4.391028  3.169639  3.829158  2.522663  3.116427
   H ( 13)  3.829367  3.829069  4.391010  3.116467  2.522804  1.829700

 
 A cutoff of  1.0D-08 yielded   4435 shell pairs
 There are  39245 function pairs ( 48051 Cartesian)
Evaluating contribution to one-electron hamiltonian from nuclear
 Smallest overlap matrix eigenvalue = 2.58E-05

 Q-Chem warning in module mkSTV.C, line 194:

 Overlap eigenvalue is smaller than square root of threshold

 Multipole matrices computed through 2nd order

  Scale SEOQF with 1.000000e-01/1.000000e-01/1.000000e-01

 Standard Electronic Orientation quadrupole field applied
 Nucleus-field energy     =    -0.0000000026 hartrees
 Guess from superposition of atomic densities
 Warning:  Energy on first SCF cycle will be non-variational
 Long-range K will be added via erf
 Coulomb attenuation parameter = 0.26 bohr**(-1)
 An unrestricted Kohn-Sham SCF calculation will be
 performed using Pulay DIIS extrapolation
 Exchange:  wPBE + LR-HF      Correlation:  PBE
 Using SG-1 standard quadrature grid
 SCF converges when DIIS error is below 1.0E-05
 Requested basis set is G3large
 There are 98 shells and 290 basis functions
 A cutoff of  1.0D-08 yielded   4435 shell pairs
 There are  39245 function pairs ( 48051 Cartesian)
 Warning!  Inaccurate integrated density:
   Number of electrons =    37
   Numerical integral  =    37.999765750979
   Relative error      =     2.7020695972 %
 ---------------------------------------
  Cycle       Energy         DIIS Error
 ---------------------------------------
    1    -196.8775132035      2.89E-02
    2    -194.6969028843      2.41E-03
    3    -194.7253021696      2.28E-03
    4    -194.7763553435      2.98E-04
    5    -194.7783203286      1.79E-04
    6    -194.7791266260      5.63E-05
    7    -194.7797742935      5.86E-05
    8    -194.7802065109      4.86E-05
    9    -194.7807774534      4.52E-05
   10    -194.7812272977      3.98E-05
   11    -194.7815842661      3.65E-05
   12    -194.7829700757      3.22E-05
   13    -194.7835782494      3.11E-05
   14    -194.7843871397      2.40E-05
   15    -194.7844177614      3.15E-04
   16    -194.7846459958      2.83E-04
   17    -194.7847625730      2.68E-04
   18    -194.7854339864      1.72E-04
   19    -194.7856998784      1.01E-04
   20    -194.7858245725      3.19E-05
   21    -194.7858325589      2.10E-05
   22    -194.7858370196      7.78E-06 Convergence criterion met
 ---------------------------------------
 One-Electron    Energy =  -590.7737352968
 Total Coulomb   Energy =   254.6312739596
 Alpha Exchange  Energy =    -2.6147264105
 Beta  Exchange  Energy =    -2.4659323632
 DFT   Exchange  Energy =   -23.3892845106
 DFT Correlation Energy =    -1.2070471265
 Nuclear Repu.   Energy =   171.0336147286
 Nuclear Attr.   Energy =  -784.8748158920
 Kinetic         Energy =   194.1010805952
 <S^2> = 0.7560
 SCF time:  CPU 994.77 s  wall 1000.64 s
 Final Alpha MO Eigenvalues
            1           2           3           4           5           6
    1 -10.2866972 -10.2787640 -10.2786653 -10.2786229 -10.2784926  -1.2121694
            7           8           9          10          11          12
    1  -1.1333472  -0.9186619  -0.9185423  -0.8599115  -0.8016992  -0.7876273
           13          14          15          16          17          18
    1  -0.7875547  -0.6921906  -0.6741010  -0.6597066  -0.6190192  -0.6077744
           19          20          21          22          23          24
    1  -0.6076225  -0.0934255  -0.0867543  -0.0867438  -0.0771126  -0.0555623
 Final Beta MO Eigenvalues
            1           2           3           4           5           6
    1 -10.2864150 -10.2748005 -10.2747110 -10.2746685 -10.2745493  -1.2027961
            7           8           9          10          11          12
    1  -1.1186543  -0.9065699  -0.9065087  -0.8476389  -0.7956389  -0.7842581
           13          14          15          16          17          18
    1  -0.7841398  -0.6716129  -0.6571625  -0.6412273  -0.6011992  -0.6004892
           19          20          21          22          23
    1  -0.3749611  -0.0920896  -0.0830364  -0.0830343  -0.0754884
 Analysis of SCF Wavefunction
 
 --------------------------------------------------------------
                    Orbital Energies (a.u.)
 --------------------------------------------------------------
 
 Alpha MOs
 -- Occupied --
-10.287 -10.279 -10.279 -10.279 -10.278  -1.212  -1.133  -0.919
 -0.919  -0.860  -0.802  -0.788  -0.788  -0.692  -0.674  -0.660
 -0.619  -0.608  -0.608
 -- Virtual --
 -0.093  -0.087  -0.087  -0.077  -0.056  -0.056  -0.047  -0.036
 -0.032  -0.019  -0.019  -0.006   0.008   0.014   0.015   0.015
  0.032   0.032   0.040   0.044   0.053   0.053   0.068   0.068
  0.069   0.077   0.089   0.089   0.091   0.094   0.108   0.108
  0.115   0.144   0.159   0.159   0.170   0.201   0.218   0.226
  0.226   0.263   0.291   0.347   0.358   0.367   0.367   0.379
  0.379   0.413   0.433   0.433   0.443   0.456   0.474   0.475
  0.475   0.489   0.489   0.511   0.529   0.540   0.546   0.548
  0.548   0.602   0.616   0.669   0.669   0.682   0.701   0.707
  0.747   0.769   0.783   0.783   0.861   0.910   0.910   0.932
  0.949   0.969   0.981   0.981   1.007   1.007   1.051   1.051
  1.054   1.103   1.103   1.163   1.170   1.170   1.177   1.212
  1.212   1.239   1.239   1.265   1.266   1.289   1.321   1.321
  1.337   1.344   1.371   1.411   1.432   1.432   1.443   1.459
  1.459   1.461   1.510   1.596   1.639   1.639   1.675   2.292
  2.292   2.355   2.431   2.440   2.455   2.455   2.487   2.499
  2.499   2.530   2.552   2.606   2.606   2.650   2.689   2.714
  2.714   2.715   2.743   2.814   2.814   2.823   2.828   2.877
  2.877   2.897   2.897   2.897   2.952   2.963   2.987   3.018
  3.051   3.051   3.072   3.096   3.164   3.164   3.182   3.200
  3.200   3.259   3.259   3.265   3.278   3.310   3.320   3.366
  3.366   3.386   3.417   3.417   3.442   3.507   3.610   3.630
  3.673   3.708   3.708   3.756   3.756   3.786   3.876   3.929
  3.929   3.930   3.933   3.969   3.969   4.062   4.087   4.096
  4.099   4.163   4.164   4.165   4.186   4.187   4.226   4.226
  4.315   4.315   4.349   4.354   4.355   4.377   4.420   4.520
  4.544   4.713   4.713   4.792   4.792   4.919   5.074   5.211
  5.255   5.255   5.313   5.430   5.430   5.434   5.469   5.571
  5.571   5.594  23.831  23.851  24.106  24.106  24.179  27.197
 27.258  27.320  27.320  27.706  27.796  27.822  27.822  27.840
 27.862  27.863  27.879  28.267  28.267  28.707  40.582  40.592
 40.617  40.680  40.687  40.688  40.691  40.732  40.733  40.734
 40.858  40.859  40.859  40.864  40.864  40.875  40.901  40.912
 40.968  40.968  40.976  40.977  40.993  41.069  41.069
 
 Beta MOs
 -- Occupied --
-10.286 -10.275 -10.275 -10.275 -10.275  -1.203  -1.119  -0.907
 -0.907  -0.848  -0.796  -0.784  -0.784  -0.672  -0.657  -0.641
 -0.601  -0.600
 -- Virtual --
 -0.375  -0.092  -0.083  -0.083  -0.075  -0.054  -0.054  -0.046
 -0.035  -0.031  -0.010  -0.010  -0.006   0.010   0.016   0.017
  0.017   0.033   0.034   0.042   0.047   0.054   0.054   0.070
  0.075   0.075   0.079   0.090   0.090   0.092   0.095   0.114
  0.114   0.122   0.145   0.160   0.161   0.179   0.205   0.225
  0.230   0.230   0.264   0.295   0.351   0.359   0.369   0.369
  0.385   0.385   0.421   0.439   0.439   0.455   0.466   0.476
  0.480   0.480   0.491   0.491   0.517   0.533   0.545   0.549
  0.551   0.552   0.604   0.621   0.673   0.673   0.684   0.701
  0.718   0.754   0.778   0.787   0.787   0.861   0.913   0.913
  0.936   0.950   0.979   0.984   0.984   1.008   1.008   1.057
  1.058   1.059   1.111   1.111   1.168   1.175   1.175   1.187
  1.223   1.223   1.246   1.247   1.269   1.271   1.291   1.324
  1.324   1.342   1.346   1.375   1.415   1.435   1.435   1.445
  1.461   1.461   1.466   1.516   1.607   1.644   1.644   1.676
  2.302   2.303   2.375   2.433   2.459   2.459   2.469   2.494
  2.507   2.507   2.534   2.569   2.611   2.611   2.655   2.706
  2.725   2.725   2.732   2.755   2.821   2.821   2.835   2.839
  2.888   2.888   2.912   2.912   2.916   2.956   2.965   2.996
  3.023   3.060   3.060   3.075   3.104   3.175   3.175   3.187
  3.215   3.215   3.272   3.272   3.275   3.300   3.319   3.326
  3.374   3.374   3.394   3.426   3.426   3.442   3.517   3.614
  3.640   3.686   3.711   3.711   3.767   3.767   3.794   3.880
  3.933   3.933   3.936   3.938   3.975   3.975   4.068   4.093
  4.097   4.102   4.172   4.176   4.179   4.192   4.192   4.233
  4.233   4.322   4.322   4.356   4.362   4.362   4.384   4.428
  4.528   4.553   4.720   4.720   4.798   4.798   4.922   5.083
  5.212   5.269   5.269   5.319   5.433   5.433   5.437   5.472
  5.575   5.575   5.600  23.833  23.856  24.111  24.111  24.182
 27.210  27.270  27.323  27.323  27.709  27.798  27.826  27.826
 27.843  27.868  27.868  27.882  28.270  28.270  28.711  40.584
 40.601  40.621  40.686  40.694  40.694  40.696  40.738  40.740
 40.740  40.860  40.866  40.866  40.872  40.872  40.884  40.906
 40.919  40.969  40.969  40.978  40.978  41.000  41.073  41.073
 --------------------------------------------------------------
 
          Ground-State Mulliken Net Atomic Charges

     Atom                 Charge (a.u.)    Spin (a.u.)
  --------------------------------------------------------
      1 C                     0.458229      -0.055047
      2 C                    -0.180095       0.275530
      3 C                    -0.180780       0.275044
      4 C                    -0.181414       0.275280
      5 C                    -0.180580       0.275406
      6 H                     0.158029      -0.005811
      7 H                     0.158039      -0.005793
      8 H                     0.158103      -0.005727
      9 H                     0.158099      -0.005750
     10 H                     0.158080      -0.005825
     11 H                     0.158137      -0.005735
     12 H                     0.158011      -0.005810
     13 H                     0.158141      -0.005761
  --------------------------------------------------------
  Sum of atomic charges =     1.000000
  Sum of spin   charges =     1.000000

 -----------------------------------------------------------------
                    Cartesian Multipole Moments
 -----------------------------------------------------------------
    Charge (ESU x 10^10)
                 4.8032
    Dipole Moment (Debye)
         X       0.0037      Y       0.0003      Z       4.8033
       Tot       4.8033
    Quadrupole Moments (Debye-Ang)
        XX     -18.2774     XY       0.0007     YY     -23.8937
        XZ      -0.0473     YZ       0.0004     ZZ     -19.0943
    Octapole Moments (Debye-Ang^2)
       XXX       0.0070    XXY       0.0017    XYY       2.3061
       YYY      -0.0028    XXZ     -18.3174    XYZ       0.0010
       YYZ     -23.9176    XZZ      -2.4040    YZZ       0.0009
       ZZZ     -66.8183
    Hexadecapole Moments (Debye-Ang^3)
      XXXX    -274.6058   XXXY       0.0056   XXYY     -48.6191
      XYYY       0.0003   YYYY     -91.5639   XXXZ       1.1684
      XXYZ       0.0004   XYYZ       2.5306   YYYZ      -0.0039
      XXZZ     -66.9933   XYZZ       0.0009   YYZZ     -46.9005
      XZZZ      -6.5736   YZZZ       0.0007   ZZZZ    -229.8791
 -----------------------------------------------------------------
 Total job time:  1001.07s(wall), 995.15s(cpu) 
 Wed Mar 26 11:17:23 2014

        *************************************************************
        *                                                           *
        *  Thank you very much for using Q-Chem.  Have a nice day.  *
        *                                                           *
        *************************************************************


0 sent ACK to 0 
now end server 0 ... 
