Process 0 of 1 is on cl221.stfx.acenet.ca - thread support 1
initial socket setup ...start
initial socket setup ...done 
now start server 0 ... 

cmd = /usr/bin/ssh clhead /usr/local/qchem/bin/get_hostid 534195221 > /globalscratch/itamblyn/bnl/g297_b3lyp_neut_g03Large/g2g71127/omega100/qchem4171/lic.dat
                  Welcome to Q-Chem
     A Quantum Leap Into The Future Of Chemistry

 Y. Shao, L. Fusti-Molnar, Y. Jung, J. Kussmann, C. Ochsenfeld,
 S. T. Brown, A. T. B. Gilbert, L. V. Slipchenko,S. V. Levchenko,
 D. P. O'Neill, R. A. DiStasio Jr., R. C. Lochan, T. Wang,
 G. J. O. Beran, N. A. Besley, J. M. Herbert, C. Y. Lin,
 T. Van Voorhis, S. H. Chien, A. Sodt, R. P. Steele, 
 V. A. Rassolov, P. E. Maslen, P. P. Korambath, R. D. Adamson,
 B. Austin, J. Baker, E. F. C. Byrd, H. Dachsel, R. J. Doerksen,
 A. Dreuw, B. D. Dunietz, A. D. Dutoi, T. R. Furlani,
 S. R. Gwaltney, A. Heyden, S. Hirata, C.-P. Hsu, G. Kedziora,
 R. Z. Khaliullin, P. Klunzinger, A. M. Lee, M. S. Lee, W. Liang,
 I. Lotan, N. Nair, B. Peters, E. I. Proynov, P. A. Pieniazek, 
 Y. M. Rhee, J. Ritchie, E. Rosta, C. D. Sherrill, 
 A. C. Simmonett, J. E. Subotnik, H. L. Woodcock III,
 W. Zhang, A. T. Bell, A. K. Chakraborty, D. M. Chipman,
 F. J. Keil, A. Warshel, W. J. Hehre, H. F. Schaefer III,
 J. Kong, A. I. Krylov, P. M. W. Gill, M. Head-Gordon,
 Q-Chem, Version 3.1, Q-Chem, Inc., Pittsburgh, PA (2007).

 Additional authors for Version 3.1: 
 Z. Gan, Y. Zhao, N. E. Schultz, D. Truhlar, E. Epifanovsky and M. Oana.

 Additional authors for Version 3.2: 
 R. Baer, B. R. Brooks, D. Casanova, J.-D. Chai, C.-L. Cheng, 
 C. Cramer, D. Crittenden, A. Ghysels, G. Hawkins, E. G. Hohenstein, 
 C. Kelley, W. Kurlancheek, D. Liotard, E. Livshits, P. Manohar, 
 A. Marenich, D. Neuhauser, R. Olson, M. A. Rohrdanz, K. S. Thanthiriwatte, 
 A. J. W. Thom, V. Vanovschi, C. F. Williams, Q. Wu and Z.-Q. You. 


 Intel X86 Linux Version

 Q-chem begins on Mon Apr 11 18:36:12 2011  

 Parallel job on  1  processors
Processing $rem in /usr/local/qchem/config/preferences.

theFileMan(): MAXOPENFILES=974 MAX_SUB_FILE_NUM=16
Maximum size of a physical file is 2.0 GB, maximum size of a tmp-file is 32.0 GB


--------------------------------------------------------------
User input:
--------------------------------------------------------------

$molecule
-1,2
O
C1,O,r1
H1,C1,r2,O,a1
H,O,roh,C1,aoh,H1,toh,0
C2,C1,r3a,O,a2a,H1,t1a,0
C3,C1,r3b,O,a2b,H1,-t1b,0
H,C2,r4a,C1,a4a,H1,t2a,0
H,C3,r5a,C1,a5a,H1,-t2b,0
H,C2,r4b,C1,a4b,H1,t3a,0
H,C3,r5b,C1,a5b,H1,-t3b,0
H,C2,r4c,C1,a4c,H1,-t4a,0
H,C3,r5c,C1,a5c,H1,t4b,0

r1=1.43111827
r2=1.9557364
roh=2.07916264
r3a=1.52393712
r3b=1.53017411
r4a=1.09587708
r5a=1.09583825
r4b=1.09448657
r5b=1.09801539
r4c=1.0954512
r5c=1.0964078
a1=28.22171182
aoh=30.02045037
a2a=106.21524706
a2b=111.13113306
a4a=110.2041443
a5a=110.24366741
a4b=110.29321839
a5b=111.03931704
a4c=110.82961388
a5c=111.23833611
toh=-62.32359188
t1a=179.44473237
t1b=57.80032287
t2a=63.0172795
t2b=83.272013
t3a=-56.37337218
t3b=-36.4963859
t4a=176.72748761
t4b=156.21533884

$end

$comment
negative
$end

$xc_functional
   X HF 1.0
   X BNL 1.0
   C LYP 1.0
$end

$rem
SYMMETRY_DECOMPOSITION	0
exchange 		general
BASIS                   g3large
omega			100
separate_jk		true
mem_static              760
max_scf_cycles          200
scf_final_print         1
sym_ignore              true
$end

--------------------------------------------------------------
 Writing REM_CC_EA           12
 ----------------------------------------------------
       Standard Nuclear Orientation (Angstroms)
    I     Atom         X            Y            Z
 ----------------------------------------------------
    1      O       0.000000     0.000000     0.000000
    2      C       0.000000     0.000000     1.431118
    3      H       0.924838     0.000000    -0.292129
    4      H       0.483161     0.921207     1.800236
    5      C      -1.463245     0.014181     1.856673
    6      C       0.760558    -1.207760     1.982752
    7      H      -1.967442    -0.894454     1.508657
    8      H       0.298586    -2.138301     1.634130
    9      H      -1.976608     0.877600     1.422084
   10      H       1.806714    -1.200668     1.649367
   11      H      -1.551233     0.066921     2.947310
   12      H       0.763328    -1.208441     3.079156
 ----------------------------------------------------
 Nuclear Repulsion Energy =   134.3979926221 hartrees
 There are       18 alpha and       17 beta electrons
 Requested basis set is G3large
 There are 88 shells and 248 basis functions

Total QAlloc Memory Limit   2000 MB
Mega-Array Size       743 MB
MEM_STATIC part       760 MB

                       Distance Matrix (Angstroms)
             O (  1)   C (  2)   H (  3)   H (  4)   C (  5)   C (  6)
   C (  2)  1.431118
   H (  3)  0.969878  1.955736
   H (  4)  2.079163  1.103773  2.328453
   C (  5)  2.364005  1.523937  3.212552  2.148110
   C (  6)  2.443039  1.530174  2.580844  2.154707  2.540539
   H (  7)  2.635701  2.162611  3.522521  3.063836  1.095877  2.786558
   H (  8)  2.707742  2.168571  2.945335  3.069568  2.790476  1.095838
   H (  9)  2.588336  2.162693  3.482398  2.489048  1.094487  3.486424
   H ( 10)  2.725111  2.180241  2.447185  2.505376  3.494491  1.098015
   H ( 11)  3.331282  2.170171  4.077912  2.486833  1.095451  2.810617
   H ( 12)  3.394731  2.181519  3.584965  2.499906  2.819024  1.096408
             H (  7)   H (  8)   H (  9)   H ( 10)   H ( 11)
   H (  8)  2.588007
   H (  9)  1.774192  3.783799
   H ( 10)  3.789170  1.775904  4.322543
   H ( 11)  1.779661  3.163745  1.778892  3.816706
   H ( 12)  3.165779  1.780091  3.821610  1.770031  2.645964
 
 A cutoff of  1.0D-08 yielded   3639 shell pairs
 There are  28920 function pairs ( 34904 Cartesian)
Evaluating contribution to one-electron hamiltonian from nuclear
 Smallest overlap matrix eigenvalue = 4.89E-05

 Q-Chem warning in module mkSTV.C, line 194:

 Overlap eigenvalue is smaller than square root of threshold

 Multipole matrices computed through 2nd order

  Scale SEOQF with 1.000000e-01/1.000000e-01/1.000000e-01

 Standard Electronic Orientation quadrupole field applied
 Nucleus-field energy     =    -0.0000000069 hartrees
 Guess from superposition of atomic densities
 Warning:  Energy on first SCF cycle will be non-variational
 An unrestricted hybrid HF-DFT SCF calculation will be
 performed using Pulay DIIS extrapolation
 Exchange:     1.0000 Hartree-Fock + 1.0000 BNL
 Correlation:  1.0000 LYP
 Using SG-1 standard quadrature grid
 SCF converges when DIIS error is below 1.0E-05
 Warning!  Inaccurate integrated density:
   Number of electrons =    35
   Numerical integral  =    34.000227111547
   Relative error      =    -2.8564939670 %
 ---------------------------------------
  Cycle       Energy         DIIS Error
 ---------------------------------------
    1    -192.2474557932      2.75E-02
    2    -191.5127915508      5.56E-03
    3    -191.3266757162      7.96E-03
    4    -191.7685738905      1.18E-03
    5    -191.7757669832      5.70E-04
    6    -191.7779837375      1.16E-04
    7    -191.7781939957      4.41E-05
    8    -191.7782742456      1.60E-05
    9    -191.7783051093      6.41E-06 Convergence criterion met
 ---------------------------------------
 One-Electron    Energy =  -533.0993391944
 Total Coulomb   Energy =   232.0872407796
 Alpha Exchange  Energy =    -0.9909221477
 Beta  Exchange  Energy =    -0.9481343942
 DFT   Exchange  Energy =   -22.1018406363
 DFT Correlation Energy =    -1.1233021315
 Nuclear Repu.   Energy =   134.3979926152
 Nuclear Attr.   Energy =  -724.4034128664
 Kinetic         Energy =   191.3040736720
 <S^2> = 0.7501
 SCF time:  CPU 246.49 s  wall 282.66 s
 Final Alpha MO Eigenvalues
            1           2           3           4           5           6
    1 -18.4821604  -9.7118917  -9.6531654  -9.6485449  -0.8325997  -0.6049102
            7           8           9          10          11          12
    1  -0.5293637  -0.4345655  -0.3716799  -0.3165615  -0.2977726  -0.2535986
           13          14          15          16          17          18
    1  -0.2490172  -0.2318640  -0.2202106  -0.1908469  -0.1359813   0.0328704
           19          20          21          22          23
    1   0.1247651   0.1326099   0.1368575   0.1584394   0.1644734
 Final Beta MO Eigenvalues
            1           2           3           4           5           6
    1 -18.4816629  -9.7115352  -9.6528082  -9.6479105  -0.8317661  -0.6042019
            7           8           9          10          11          12
    1  -0.5285931  -0.4333944  -0.3705717  -0.3156264  -0.2970133  -0.2528207
           13          14          15          16          17          18
    1  -0.2481959  -0.2310930  -0.2193384  -0.1899531  -0.1351070   0.1172610
           19          20          21          22
    1   0.1334317   0.1370119   0.1438859   0.1587873
 Analysis of SCF Wavefunction
 
 --------------------------------------------------------------
                    Orbital Energies (a.u.)
 --------------------------------------------------------------
 
 Alpha MOs
 -- Occupied --
-18.482  -9.712  -9.653  -9.649  -0.833  -0.605  -0.529  -0.435
 -0.372  -0.317  -0.298  -0.254  -0.249  -0.232  -0.220  -0.191
 -0.136   0.033
 -- Virtual --
  0.125   0.133   0.137   0.158   0.164   0.170   0.176   0.210
  0.216   0.235   0.240   0.246   0.252   0.253   0.256   0.264
  0.265   0.291   0.292   0.308   0.329   0.338   0.343   0.360
  0.361   0.385   0.396   0.408   0.411   0.433   0.454   0.468
  0.477   0.510   0.559   0.577   0.595   0.615   0.628   0.640
  0.667   0.675   0.692   0.705   0.705   0.707   0.713   0.747
  0.751   0.774   0.782   0.813   0.816   0.844   0.881   0.930
  0.945   0.989   0.996   1.038   1.064   1.083   1.102   1.124
  1.163   1.197   1.205   1.237   1.255   1.275   1.282   1.307
  1.323   1.351   1.365   1.396   1.412   1.423   1.431   1.460
  1.464   1.480   1.490   1.534   1.577   1.581   1.594   1.611
  1.628   1.669   1.673   1.702   1.718   1.730   1.773   1.773
  1.893   1.997   2.165   2.200   2.385   2.459   2.520   2.634
  2.659   2.700   2.706   2.760   2.811   2.836   2.923   2.946
  2.954   2.992   3.046   3.050   3.070   3.095   3.132   3.220
  3.240   3.274   3.278   3.308   3.345   3.397   3.430   3.437
  3.449   3.479   3.521   3.555   3.618   3.656   3.663   3.693
  3.709   3.740   3.780   3.808   3.843   3.882   3.912   3.936
  3.969   4.000   4.088   4.094   4.109   4.119   4.161   4.218
  4.252   4.300   4.314   4.335   4.341   4.365   4.392   4.417
  4.451   4.456   4.548   4.563   4.599   4.671   4.697   4.724
  4.735   4.780   4.840   4.946   5.132   5.277   5.300   5.386
  5.455   5.491   5.574   5.632   5.663   5.735   5.759   5.784
  5.804   5.930   6.013   6.498   7.057   7.229   7.296   7.343
  7.639   7.747  24.297  24.403  24.508  27.664  27.837  28.139
 28.179  28.207  28.228  28.243  28.429  28.537  40.897  40.947
 40.960  40.965  40.990  41.003  41.220  41.248  41.264  41.270
 41.280  41.299  41.304  41.349  41.373  43.777  43.788  43.855
 43.878  43.950  45.769  46.083  46.456  50.136
 
 Beta MOs
 -- Occupied --
-18.482  -9.712  -9.653  -9.648  -0.832  -0.604  -0.529  -0.433
 -0.371  -0.316  -0.297  -0.253  -0.248  -0.231  -0.219  -0.190
 -0.135
 -- Virtual --
  0.117   0.133   0.137   0.144   0.159   0.166   0.170   0.175
  0.212   0.217   0.236   0.241   0.246   0.252   0.253   0.257
  0.264   0.265   0.290   0.293   0.308   0.330   0.340   0.347
  0.361   0.363   0.386   0.398   0.410   0.412   0.433   0.454
  0.469   0.480   0.512   0.560   0.578   0.597   0.616   0.630
  0.640   0.668   0.677   0.693   0.705   0.707   0.709   0.714
  0.749   0.753   0.776   0.784   0.815   0.818   0.845   0.882
  0.932   0.946   0.990   0.998   1.040   1.065   1.085   1.103
  1.125   1.164   1.198   1.206   1.239   1.256   1.276   1.283
  1.308   1.323   1.353   1.367   1.397   1.413   1.424   1.433
  1.461   1.465   1.481   1.492   1.538   1.579   1.583   1.595
  1.613   1.629   1.671   1.674   1.703   1.720   1.732   1.775
  1.775   1.894   1.998   2.166   2.201   2.386   2.461   2.520
  2.635   2.660   2.700   2.707   2.761   2.812   2.837   2.924
  2.947   2.955   2.993   3.046   3.051   3.071   3.096   3.133
  3.220   3.241   3.276   3.279   3.309   3.346   3.398   3.431
  3.438   3.450   3.480   3.522   3.556   3.619   3.657   3.664
  3.693   3.710   3.741   3.781   3.809   3.844   3.884   3.913
  3.937   3.970   4.001   4.089   4.095   4.109   4.120   4.161
  4.219   4.253   4.301   4.315   4.336   4.342   4.365   4.393
  4.418   4.451   4.457   4.548   4.564   4.600   4.672   4.697
  4.725   4.736   4.781   4.841   4.947   5.132   5.278   5.300
  5.387   5.456   5.492   5.574   5.633   5.664   5.736   5.760
  5.785   5.805   5.931   6.014   6.498   7.058   7.231   7.297
  7.344   7.640   7.748  24.298  24.404  24.509  27.665  27.838
 28.140  28.180  28.208  28.228  28.243  28.429  28.537  40.897
 40.948  40.960  40.965  40.991  41.004  41.221  41.248  41.264
 41.271  41.281  41.299  41.304  41.349  41.373  43.777  43.788
 43.856  43.879  43.951  45.769  46.083  46.456  50.136
 --------------------------------------------------------------
 
          Ground-State Mulliken Net Atomic Charges

     Atom                 Charge (a.u.)    Spin (a.u.)
  --------------------------------------------------------
      1 O                    -0.287654       0.043394
      2 C                    -0.388238       0.187951
      3 H                    -0.288307       0.559890
      4 H                    -0.500841       0.672387
      5 C                     1.009109      -1.452525
      6 C                     1.469589      -1.953741
      7 H                    -0.038618       0.188946
      8 H                    -0.175522       0.335304
      9 H                    -0.300395       0.464852
     10 H                    -0.902141       1.067271
     11 H                    -0.270584       0.420254
     12 H                    -0.326398       0.466017
  --------------------------------------------------------
  Sum of atomic charges =    -1.000000
  Sum of spin   charges =     1.000000

 -----------------------------------------------------------------
                    Cartesian Multipole Moments
 -----------------------------------------------------------------
    Charge (ESU x 10^10)
                -4.8032
    Dipole Moment (Debye)
         X      -2.5681      Y       0.6724      Z      -6.7487
       Tot       7.2520
    Quadrupole Moments (Debye-Ang)
        XX     -58.3464     XY       3.1718     YY     -50.7592
        XZ      -1.9934     YZ       1.2438     ZZ     -67.4961
    Octapole Moments (Debye-Ang^2)
       XXX     -32.4135    XXY      17.2639    XYY      -7.6536
       YYY      41.5419    XXZ     -86.1803    XYZ       4.0955
       YYZ     -77.6722    XZZ      -7.1943    YZZ      18.2688
       ZZZ    -277.3976
    Hexadecapole Moments (Debye-Ang^3)
      XXXX    -670.6267   XXXY      83.8704   XXYY    -179.5076
      XYYY      58.8436   YYYY    -405.4987   XXXZ       1.0561
      XXYZ      30.6661   XYYZ       1.4722   YYYZ      81.9692
      XXZZ    -323.4274   XYZZ      26.0346   YYZZ    -274.7829
      XZZZ      15.1956   YZZZ      99.3839   ZZZZ   -1354.6414
 -----------------------------------------------------------------
 Total job time:  285.00s(wall), 246.82s(cpu) 
 Mon Apr 11 18:40:57 2011

        *************************************************************
        *                                                           *
        *  Thank you very much for using Q-Chem.  Have a nice day.  *
        *                                                           *
        *************************************************************


0 sent ACK to 0 
now end server 0 ... 
 
**********************************************************************
Job 2 of 3 
**********************************************************************
 
Process 0 of 1 is on cl221.stfx.acenet.ca - thread support 1
initial socket setup ...start
initial socket setup ...done 
now start server 0 ... 

cmd = /usr/bin/ssh clhead /usr/local/qchem/bin/get_hostid 975659388 > /globalscratch/itamblyn/bnl/g297_b3lyp_neut_g03Large/g2g71127/omega100/qchem4171/lic.dat
                  Welcome to Q-Chem
     A Quantum Leap Into The Future Of Chemistry

 Y. Shao, L. Fusti-Molnar, Y. Jung, J. Kussmann, C. Ochsenfeld,
 S. T. Brown, A. T. B. Gilbert, L. V. Slipchenko,S. V. Levchenko,
 D. P. O'Neill, R. A. DiStasio Jr., R. C. Lochan, T. Wang,
 G. J. O. Beran, N. A. Besley, J. M. Herbert, C. Y. Lin,
 T. Van Voorhis, S. H. Chien, A. Sodt, R. P. Steele, 
 V. A. Rassolov, P. E. Maslen, P. P. Korambath, R. D. Adamson,
 B. Austin, J. Baker, E. F. C. Byrd, H. Dachsel, R. J. Doerksen,
 A. Dreuw, B. D. Dunietz, A. D. Dutoi, T. R. Furlani,
 S. R. Gwaltney, A. Heyden, S. Hirata, C.-P. Hsu, G. Kedziora,
 R. Z. Khaliullin, P. Klunzinger, A. M. Lee, M. S. Lee, W. Liang,
 I. Lotan, N. Nair, B. Peters, E. I. Proynov, P. A. Pieniazek, 
 Y. M. Rhee, J. Ritchie, E. Rosta, C. D. Sherrill, 
 A. C. Simmonett, J. E. Subotnik, H. L. Woodcock III,
 W. Zhang, A. T. Bell, A. K. Chakraborty, D. M. Chipman,
 F. J. Keil, A. Warshel, W. J. Hehre, H. F. Schaefer III,
 J. Kong, A. I. Krylov, P. M. W. Gill, M. Head-Gordon,
 Q-Chem, Version 3.1, Q-Chem, Inc., Pittsburgh, PA (2007).

 Additional authors for Version 3.1: 
 Z. Gan, Y. Zhao, N. E. Schultz, D. Truhlar, E. Epifanovsky and M. Oana.

 Additional authors for Version 3.2: 
 R. Baer, B. R. Brooks, D. Casanova, J.-D. Chai, C.-L. Cheng, 
 C. Cramer, D. Crittenden, A. Ghysels, G. Hawkins, E. G. Hohenstein, 
 C. Kelley, W. Kurlancheek, D. Liotard, E. Livshits, P. Manohar, 
 A. Marenich, D. Neuhauser, R. Olson, M. A. Rohrdanz, K. S. Thanthiriwatte, 
 A. J. W. Thom, V. Vanovschi, C. F. Williams, Q. Wu and Z.-Q. You. 


 Intel X86 Linux Version

 Q-chem begins on Mon Apr 11 18:41:00 2011  

 Parallel job on  1  processors
Processing $rem in /usr/local/qchem/config/preferences.

theFileMan(): MAXOPENFILES=974 MAX_SUB_FILE_NUM=16
Maximum size of a physical file is 2.0 GB, maximum size of a tmp-file is 32.0 GB


--------------------------------------------------------------
User input:
--------------------------------------------------------------

$molecule
0,1
O
C1,O,r1
H1,C1,r2,O,a1
H,O,roh,C1,aoh,H1,toh,0
C2,C1,r3a,O,a2a,H1,t1a,0
C3,C1,r3b,O,a2b,H1,-t1b,0
H,C2,r4a,C1,a4a,H1,t2a,0
H,C3,r5a,C1,a5a,H1,-t2b,0
H,C2,r4b,C1,a4b,H1,t3a,0
H,C3,r5b,C1,a5b,H1,-t3b,0
H,C2,r4c,C1,a4c,H1,-t4a,0
H,C3,r5c,C1,a5c,H1,t4b,0

r1=1.43111827
r2=1.9557364
roh=2.07916264
r3a=1.52393712
r3b=1.53017411
r4a=1.09587708
r5a=1.09583825
r4b=1.09448657
r5b=1.09801539
r4c=1.0954512
r5c=1.0964078
a1=28.22171182
aoh=30.02045037
a2a=106.21524706
a2b=111.13113306
a4a=110.2041443
a5a=110.24366741
a4b=110.29321839
a5b=111.03931704
a4c=110.82961388
a5c=111.23833611
toh=-62.32359188
t1a=179.44473237
t1b=57.80032287
t2a=63.0172795
t2b=83.272013
t3a=-56.37337218
t3b=-36.4963859
t4a=176.72748761
t4b=156.21533884

$end

$comment
neutral
$end

$xc_functional
   X HF 1.0
   X BNL 1.0
   C LYP 1.0
$end

$rem
SYMMETRY_DECOMPOSITION	0
exchange 		general
BASIS                   g3large
omega			100
separate_jk		true
mem_static              760
max_scf_cycles          200
scf_final_print         1
sym_ignore              true
$end

--------------------------------------------------------------
 Writing REM_CC_EA           12
 ----------------------------------------------------
       Standard Nuclear Orientation (Angstroms)
    I     Atom         X            Y            Z
 ----------------------------------------------------
    1      O       0.000000     0.000000     0.000000
    2      C       0.000000     0.000000     1.431118
    3      H       0.924838     0.000000    -0.292129
    4      H       0.483161     0.921207     1.800236
    5      C      -1.463245     0.014181     1.856673
    6      C       0.760558    -1.207760     1.982752
    7      H      -1.967442    -0.894454     1.508657
    8      H       0.298586    -2.138301     1.634130
    9      H      -1.976608     0.877600     1.422084
   10      H       1.806714    -1.200668     1.649367
   11      H      -1.551233     0.066921     2.947310
   12      H       0.763328    -1.208441     3.079156
 ----------------------------------------------------
 Nuclear Repulsion Energy =   134.3979926221 hartrees
 There are       17 alpha and       17 beta electrons
 Requested basis set is G3large
 There are 88 shells and 248 basis functions

Total QAlloc Memory Limit   2000 MB
Mega-Array Size       743 MB
MEM_STATIC part       760 MB

                       Distance Matrix (Angstroms)
             O (  1)   C (  2)   H (  3)   H (  4)   C (  5)   C (  6)
   C (  2)  1.431118
   H (  3)  0.969878  1.955736
   H (  4)  2.079163  1.103773  2.328453
   C (  5)  2.364005  1.523937  3.212552  2.148110
   C (  6)  2.443039  1.530174  2.580844  2.154707  2.540539
   H (  7)  2.635701  2.162611  3.522521  3.063836  1.095877  2.786558
   H (  8)  2.707742  2.168571  2.945335  3.069568  2.790476  1.095838
   H (  9)  2.588336  2.162693  3.482398  2.489048  1.094487  3.486424
   H ( 10)  2.725111  2.180241  2.447185  2.505376  3.494491  1.098015
   H ( 11)  3.331282  2.170171  4.077912  2.486833  1.095451  2.810617
   H ( 12)  3.394731  2.181519  3.584965  2.499906  2.819024  1.096408
             H (  7)   H (  8)   H (  9)   H ( 10)   H ( 11)
   H (  8)  2.588007
   H (  9)  1.774192  3.783799
   H ( 10)  3.789170  1.775904  4.322543
   H ( 11)  1.779661  3.163745  1.778892  3.816706
   H ( 12)  3.165779  1.780091  3.821610  1.770031  2.645964
 
 A cutoff of  1.0D-08 yielded   3639 shell pairs
 There are  28920 function pairs ( 34904 Cartesian)
Evaluating contribution to one-electron hamiltonian from nuclear
 Smallest overlap matrix eigenvalue = 4.89E-05

 Q-Chem warning in module mkSTV.C, line 194:

 Overlap eigenvalue is smaller than square root of threshold

 Multipole matrices computed through 2nd order

  Scale SEOQF with 1.000000e-01/1.000000e-01/1.000000e-01

 Standard Electronic Orientation quadrupole field applied
 Nucleus-field energy     =    -0.0000000069 hartrees
 Guess from superposition of atomic densities
 Warning:  Energy on first SCF cycle will be non-variational
 A restricted hybrid HF-DFT SCF calculation will be
 performed using Pulay DIIS extrapolation
 Exchange:     1.0000 Hartree-Fock + 1.0000 BNL
 Correlation:  1.0000 LYP
 Using SG-1 standard quadrature grid
 SCF converges when DIIS error is below 1.0E-05
 ---------------------------------------
  Cycle       Energy         DIIS Error
 ---------------------------------------
    1    -192.2474557932      2.75E-02
    2    -191.6077965830      5.13E-03
    3    -191.5113373714      6.56E-03
    4    -191.7948594591      9.94E-04
    5    -191.7991739146      4.24E-04
    6    -191.8001798110      6.38E-05
    7    -191.8001972742      2.44E-05
    8    -191.8002035394      4.99E-06 Convergence criterion met
 ---------------------------------------
 One-Electron    Energy =  -528.4248970927
 Total Coulomb   Energy =   227.3013940274
 Alpha Exchange  Energy =    -0.9482906385
 Beta  Exchange  Energy =    -0.9482906385
 DFT   Exchange  Energy =   -22.0631450016
 DFT Correlation Energy =    -1.1149668107
 Nuclear Repu.   Energy =   134.3979926152
 Nuclear Attr.   Energy =  -719.6481956796
 Kinetic         Energy =   191.2232985868
 SCF time:  CPU 170.68 s  wall 199.40 s
 Final Alpha MO Eigenvalues
            1           2           3           4           5           6
    1 -18.6235014  -9.8521199  -9.7906725  -9.7843437  -0.9739732  -0.7425393
            7           8           9          10          11          12
    1  -0.6660430  -0.5720152  -0.5113463  -0.4537059  -0.4362895  -0.3900547
           13          14          15          16          17          18
    1  -0.3809344  -0.3699916  -0.3553400  -0.3284470  -0.2751986   0.0107028
           19          20          21          22
    1   0.0344454   0.0395389   0.0442540   0.0625271
 Analysis of SCF Wavefunction
 
 --------------------------------------------------------------
                    Orbital Energies (a.u.)
 --------------------------------------------------------------
 
 Alpha MOs
 -- Occupied --
-18.624  -9.852  -9.791  -9.784  -0.974  -0.743  -0.666  -0.572
 -0.511  -0.454  -0.436  -0.390  -0.381  -0.370  -0.355  -0.328
 -0.275
 -- Virtual --
  0.011   0.034   0.040   0.044   0.063   0.069   0.075   0.084
  0.100   0.107   0.124   0.132   0.137   0.145   0.147   0.150
  0.154   0.161   0.176   0.185   0.192   0.210   0.220   0.222
  0.235   0.243   0.260   0.276   0.284   0.288   0.318   0.337
  0.350   0.357   0.390   0.435   0.455   0.466   0.486   0.502
  0.515   0.538   0.552   0.562   0.576   0.581   0.584   0.588
  0.616   0.620   0.641   0.651   0.686   0.694   0.712   0.749
  0.796   0.811   0.855   0.862   0.905   0.930   0.950   0.967
  0.990   1.030   1.063   1.073   1.103   1.120   1.145   1.148
  1.172   1.191   1.218   1.233   1.265   1.278   1.290   1.297
  1.326   1.335   1.346   1.358   1.399   1.443   1.452   1.462
  1.477   1.498   1.535   1.540   1.568   1.586   1.597   1.638
  1.640   1.758   1.858   2.027   2.062   2.247   2.321   2.385
  2.497   2.521   2.564   2.572   2.622   2.677   2.700   2.786
  2.808   2.817   2.854   2.909   2.915   2.934   2.959   2.996
  3.084   3.101   3.139   3.143   3.171   3.209   3.263   3.293
  3.300   3.315   3.342   3.385   3.418   3.481   3.517   3.530
  3.558   3.571   3.602   3.643   3.669   3.706   3.740   3.774
  3.801   3.832   3.863   3.949   3.957   3.972   3.982   4.026
  4.080   4.112   4.162   4.177   4.199   4.206   4.229   4.253
  4.279   4.313   4.318   4.414   4.424   4.464   4.534   4.562
  4.584   4.601   4.642   4.703   4.810   4.992   5.138   5.160
  5.247   5.318   5.355   5.434   5.492   5.522   5.597   5.625
  5.648   5.669   5.791   5.873   6.358   6.917   7.087   7.156
  7.204   7.499   7.607  24.159  24.267  24.370  27.526  27.699
 27.999  28.044  28.068  28.094  28.105  28.291  28.399  40.759
 40.808  40.818  40.833  40.849  40.869  41.080  41.108  41.127
 41.132  41.141  41.157  41.172  41.216  41.232  43.636  43.647
 43.714  43.737  43.809  45.628  45.942  46.314  49.994
 --------------------------------------------------------------
 
          Ground-State Mulliken Net Atomic Charges

     Atom                 Charge (a.u.)
  ----------------------------------------
      1 O                    -0.231194
      2 C                    -0.234409
      3 H                     0.250369
      4 H                     0.176264
      5 C                    -0.444198
      6 C                    -0.502397
      7 H                     0.173428
      8 H                     0.189591
      9 H                     0.177318
     10 H                     0.149264
     11 H                     0.147890
     12 H                     0.148074
  ----------------------------------------
  Sum of atomic charges =     0.000000

 -----------------------------------------------------------------
                    Cartesian Multipole Moments
 -----------------------------------------------------------------
    Charge (ESU x 10^10)
                 0.0000
    Dipole Moment (Debye)
         X       1.2840      Y      -0.0295      Z       1.0685
       Tot       1.6707
    Quadrupole Moments (Debye-Ang)
        XX     -25.9508     XY       0.0643     YY     -28.0483
        XZ      -1.0437     YZ      -0.0805     ZZ     -25.9322
    Octapole Moments (Debye-Ang^2)
       XXX      16.6050    XXY       9.6774    XYY       3.9402
       YYY      28.0937    XXZ     -39.8777    XYZ       0.0413
       YYZ     -39.0581    XZZ       4.8373    YZZ       9.3133
       ZZZ    -112.7611
    Hexadecapole Moments (Debye-Ang^3)
      XXXX    -192.3081   XXXY      22.9702   XXYY     -53.0729
      XYYY      25.7692   YYYY    -128.2885   XXXZ      28.8116
      XXYZ      19.5383   XYYZ       8.9634   YYYZ      57.9787
      XXZZ    -115.6624   XYZZ       7.6393   YYZZ    -105.3814
      XZZZ      26.5823   YZZZ      55.6853   ZZZZ    -464.9221
 -----------------------------------------------------------------
 Total job time:  203.19s(wall), 171.00s(cpu) 
 Mon Apr 11 18:44:23 2011

        *************************************************************
        *                                                           *
        *  Thank you very much for using Q-Chem.  Have a nice day.  *
        *                                                           *
        *************************************************************


0 sent ACK to 0 
now end server 0 ... 
 
**********************************************************************
Job 3 of 3 
**********************************************************************
 
Process 0 of 1 is on cl221.stfx.acenet.ca - thread support 1
initial socket setup ...start
initial socket setup ...done 
now start server 0 ... 

cmd = /usr/bin/ssh clhead /usr/local/qchem/bin/get_hostid 1378714193 > /globalscratch/itamblyn/bnl/g297_b3lyp_neut_g03Large/g2g71127/omega100/qchem4171/lic.dat
                  Welcome to Q-Chem
     A Quantum Leap Into The Future Of Chemistry

 Y. Shao, L. Fusti-Molnar, Y. Jung, J. Kussmann, C. Ochsenfeld,
 S. T. Brown, A. T. B. Gilbert, L. V. Slipchenko,S. V. Levchenko,
 D. P. O'Neill, R. A. DiStasio Jr., R. C. Lochan, T. Wang,
 G. J. O. Beran, N. A. Besley, J. M. Herbert, C. Y. Lin,
 T. Van Voorhis, S. H. Chien, A. Sodt, R. P. Steele, 
 V. A. Rassolov, P. E. Maslen, P. P. Korambath, R. D. Adamson,
 B. Austin, J. Baker, E. F. C. Byrd, H. Dachsel, R. J. Doerksen,
 A. Dreuw, B. D. Dunietz, A. D. Dutoi, T. R. Furlani,
 S. R. Gwaltney, A. Heyden, S. Hirata, C.-P. Hsu, G. Kedziora,
 R. Z. Khaliullin, P. Klunzinger, A. M. Lee, M. S. Lee, W. Liang,
 I. Lotan, N. Nair, B. Peters, E. I. Proynov, P. A. Pieniazek, 
 Y. M. Rhee, J. Ritchie, E. Rosta, C. D. Sherrill, 
 A. C. Simmonett, J. E. Subotnik, H. L. Woodcock III,
 W. Zhang, A. T. Bell, A. K. Chakraborty, D. M. Chipman,
 F. J. Keil, A. Warshel, W. J. Hehre, H. F. Schaefer III,
 J. Kong, A. I. Krylov, P. M. W. Gill, M. Head-Gordon,
 Q-Chem, Version 3.1, Q-Chem, Inc., Pittsburgh, PA (2007).

 Additional authors for Version 3.1: 
 Z. Gan, Y. Zhao, N. E. Schultz, D. Truhlar, E. Epifanovsky and M. Oana.

 Additional authors for Version 3.2: 
 R. Baer, B. R. Brooks, D. Casanova, J.-D. Chai, C.-L. Cheng, 
 C. Cramer, D. Crittenden, A. Ghysels, G. Hawkins, E. G. Hohenstein, 
 C. Kelley, W. Kurlancheek, D. Liotard, E. Livshits, P. Manohar, 
 A. Marenich, D. Neuhauser, R. Olson, M. A. Rohrdanz, K. S. Thanthiriwatte, 
 A. J. W. Thom, V. Vanovschi, C. F. Williams, Q. Wu and Z.-Q. You. 


 Intel X86 Linux Version

 Q-chem begins on Mon Apr 11 18:44:26 2011  

 Parallel job on  1  processors
Processing $rem in /usr/local/qchem/config/preferences.

theFileMan(): MAXOPENFILES=974 MAX_SUB_FILE_NUM=16
Maximum size of a physical file is 2.0 GB, maximum size of a tmp-file is 32.0 GB


--------------------------------------------------------------
User input:
--------------------------------------------------------------

$molecule
1,2
O
C1,O,r1
H1,C1,r2,O,a1
H,O,roh,C1,aoh,H1,toh,0
C2,C1,r3a,O,a2a,H1,t1a,0
C3,C1,r3b,O,a2b,H1,-t1b,0
H,C2,r4a,C1,a4a,H1,t2a,0
H,C3,r5a,C1,a5a,H1,-t2b,0
H,C2,r4b,C1,a4b,H1,t3a,0
H,C3,r5b,C1,a5b,H1,-t3b,0
H,C2,r4c,C1,a4c,H1,-t4a,0
H,C3,r5c,C1,a5c,H1,t4b,0

r1=1.43111827
r2=1.9557364
roh=2.07916264
r3a=1.52393712
r3b=1.53017411
r4a=1.09587708
r5a=1.09583825
r4b=1.09448657
r5b=1.09801539
r4c=1.0954512
r5c=1.0964078
a1=28.22171182
aoh=30.02045037
a2a=106.21524706
a2b=111.13113306
a4a=110.2041443
a5a=110.24366741
a4b=110.29321839
a5b=111.03931704
a4c=110.82961388
a5c=111.23833611
toh=-62.32359188
t1a=179.44473237
t1b=57.80032287
t2a=63.0172795
t2b=83.272013
t3a=-56.37337218
t3b=-36.4963859
t4a=176.72748761
t4b=156.21533884

$end

$comment
positive
$end

$xc_functional
   X HF 1.0
   X BNL 1.0
   C LYP 1.0
$end

$rem
SYMMETRY_DECOMPOSITION	0
exchange 		general
BASIS                   g3large
omega			100
separate_jk		true
mem_static              760
max_scf_cycles          200
scf_final_print         1
sym_ignore              true
$end

--------------------------------------------------------------
 Writing REM_CC_EA           12
 ----------------------------------------------------
       Standard Nuclear Orientation (Angstroms)
    I     Atom         X            Y            Z
 ----------------------------------------------------
    1      O       0.000000     0.000000     0.000000
    2      C       0.000000     0.000000     1.431118
    3      H       0.924838     0.000000    -0.292129
    4      H       0.483161     0.921207     1.800236
    5      C      -1.463245     0.014181     1.856673
    6      C       0.760558    -1.207760     1.982752
    7      H      -1.967442    -0.894454     1.508657
    8      H       0.298586    -2.138301     1.634130
    9      H      -1.976608     0.877600     1.422084
   10      H       1.806714    -1.200668     1.649367
   11      H      -1.551233     0.066921     2.947310
   12      H       0.763328    -1.208441     3.079156
 ----------------------------------------------------
 Nuclear Repulsion Energy =   134.3979926221 hartrees
 There are       17 alpha and       16 beta electrons
 Requested basis set is G3large
 There are 88 shells and 248 basis functions

Total QAlloc Memory Limit   2000 MB
Mega-Array Size       743 MB
MEM_STATIC part       760 MB

                       Distance Matrix (Angstroms)
             O (  1)   C (  2)   H (  3)   H (  4)   C (  5)   C (  6)
   C (  2)  1.431118
   H (  3)  0.969878  1.955736
   H (  4)  2.079163  1.103773  2.328453
   C (  5)  2.364005  1.523937  3.212552  2.148110
   C (  6)  2.443039  1.530174  2.580844  2.154707  2.540539
   H (  7)  2.635701  2.162611  3.522521  3.063836  1.095877  2.786558
   H (  8)  2.707742  2.168571  2.945335  3.069568  2.790476  1.095838
   H (  9)  2.588336  2.162693  3.482398  2.489048  1.094487  3.486424
   H ( 10)  2.725111  2.180241  2.447185  2.505376  3.494491  1.098015
   H ( 11)  3.331282  2.170171  4.077912  2.486833  1.095451  2.810617
   H ( 12)  3.394731  2.181519  3.584965  2.499906  2.819024  1.096408
             H (  7)   H (  8)   H (  9)   H ( 10)   H ( 11)
   H (  8)  2.588007
   H (  9)  1.774192  3.783799
   H ( 10)  3.789170  1.775904  4.322543
   H ( 11)  1.779661  3.163745  1.778892  3.816706
   H ( 12)  3.165779  1.780091  3.821610  1.770031  2.645964
 
 A cutoff of  1.0D-08 yielded   3639 shell pairs
 There are  28920 function pairs ( 34904 Cartesian)
Evaluating contribution to one-electron hamiltonian from nuclear
 Smallest overlap matrix eigenvalue = 4.89E-05

 Q-Chem warning in module mkSTV.C, line 194:

 Overlap eigenvalue is smaller than square root of threshold

 Multipole matrices computed through 2nd order

  Scale SEOQF with 1.000000e-01/1.000000e-01/1.000000e-01

 Standard Electronic Orientation quadrupole field applied
 Nucleus-field energy     =    -0.0000000069 hartrees
 Guess from superposition of atomic densities
 Warning:  Energy on first SCF cycle will be non-variational
 An unrestricted hybrid HF-DFT SCF calculation will be
 performed using Pulay DIIS extrapolation
 Exchange:     1.0000 Hartree-Fock + 1.0000 BNL
 Correlation:  1.0000 LYP
 Using SG-1 standard quadrature grid
 SCF converges when DIIS error is below 1.0E-05
 Warning!  Inaccurate integrated density:
   Number of electrons =    33
   Numerical integral  =    34.000227111547
   Relative error      =     3.0309912471 %
 ---------------------------------------
  Cycle       Energy         DIIS Error
 ---------------------------------------
    1    -192.2474557932      2.75E-02
    2    -191.3141367466      4.05E-03
    3    -191.2122705709      5.44E-03
    4    -191.4154878374      2.08E-03
    5    -191.4412829108      4.93E-04
    6    -191.4427238934      1.00E-04
    7    -191.4428152539      4.77E-05
    8    -191.4428338631      1.78E-05
    9    -191.4428423093      6.45E-06 Convergence criterion met
 ---------------------------------------
 One-Electron    Energy =  -519.8510177700
 Total Coulomb   Energy =   218.7578324516
 Alpha Exchange  Energy =    -0.9490826062
 Beta  Exchange  Energy =    -0.8919466091
 DFT   Exchange  Energy =   -21.8240000407
 DFT Correlation Energy =    -1.0826203500
 Nuclear Repu.   Energy =   134.3979926152
 Nuclear Attr.   Energy =  -710.7876134140
 Kinetic         Energy =   190.9365956439
 <S^2> = 0.7516
 SCF time:  CPU 238.62 s  wall 292.15 s
 Final Alpha MO Eigenvalues
            1           2           3           4           5           6
    1 -18.9589463 -10.1265933 -10.0283731 -10.0008442  -1.2834958  -0.9973051
            7           8           9          10          11          12
    1  -0.8964308  -0.8285352  -0.7881657  -0.7095667  -0.6870248  -0.6331791
           13          14          15          16          17          18
    1  -0.6152510  -0.6025582  -0.5904859  -0.5725729  -0.5694173  -0.1678101
           19          20          21          22
    1  -0.1233676  -0.1101581  -0.0993350  -0.0893150
 Final Beta MO Eigenvalues
            1           2           3           4           5           6
    1 -18.9450405 -10.1241318 -10.0255316 -10.0001399  -1.2612398  -0.9864566
            7           8           9          10          11          12
    1  -0.8904115  -0.8189333  -0.7704221  -0.6917952  -0.6779847  -0.6183948
           13          14          15          16          17          18
    1  -0.6080707  -0.5913327  -0.5804520  -0.5664742  -0.4344689  -0.1644475
           19          20          21
    1  -0.1198129  -0.1073195  -0.0971888
 Analysis of SCF Wavefunction
 
 --------------------------------------------------------------
                    Orbital Energies (a.u.)
 --------------------------------------------------------------
 
 Alpha MOs
 -- Occupied --
-18.959 -10.127 -10.028 -10.001  -1.283  -0.997  -0.896  -0.829
 -0.788  -0.710  -0.687  -0.633  -0.615  -0.603  -0.590  -0.573
 -0.569
 -- Virtual --
 -0.168  -0.123  -0.110  -0.099  -0.089  -0.075  -0.072  -0.061
 -0.050  -0.043  -0.038  -0.034  -0.020  -0.013  -0.005   0.002
  0.011   0.015   0.023   0.027   0.033   0.046   0.049   0.056
  0.064   0.069   0.072   0.093   0.102   0.106   0.154   0.155
  0.172   0.182   0.206   0.250   0.264   0.270   0.287   0.306
  0.325   0.339   0.358   0.362   0.388   0.393   0.397   0.406
  0.412   0.414   0.426   0.445   0.490   0.504   0.522   0.537
  0.583   0.604   0.642   0.643   0.689   0.726   0.735   0.749
  0.776   0.813   0.843   0.860   0.884   0.891   0.909   0.934
  0.964   0.975   1.000   1.022   1.049   1.065   1.072   1.081
  1.100   1.124   1.137   1.152   1.178   1.226   1.242   1.253
  1.265   1.294   1.319   1.327   1.355   1.373   1.378   1.421
  1.427   1.501   1.580   1.764   1.795   1.970   2.061   2.167
  2.262   2.279   2.336   2.351   2.392   2.443   2.454   2.540
  2.559   2.579   2.601   2.669   2.697   2.708   2.731   2.754
  2.862   2.866   2.899   2.914   2.930   2.983   3.041   3.053
  3.070   3.091   3.113   3.153   3.182   3.232   3.288   3.307
  3.325   3.335   3.354   3.394   3.413   3.456   3.484   3.536
  3.561   3.601   3.625   3.709   3.724   3.741   3.752   3.794
  3.842   3.860   3.911   3.950   3.972   3.985   4.006   4.018
  4.027   4.067   4.084   4.188   4.192   4.236   4.305   4.335
  4.347   4.373   4.405   4.457   4.576   4.661   4.827   4.856
  4.969   5.037   5.119   5.139   5.210   5.214   5.349   5.396
  5.424   5.452   5.508   5.595   6.058   6.578   6.785   6.830
  6.868   7.187   7.301  23.907  24.037  24.122  27.272  27.443
 27.733  27.816  27.835  27.871  27.877  28.043  28.152  40.491
 40.540  40.578  40.609  40.612  40.645  40.804  40.838  40.867
 40.889  40.916  40.923  40.954  40.981  41.004  43.284  43.297
 43.366  43.407  43.480  45.280  45.613  45.985  49.660
 
 Beta MOs
 -- Occupied --
-18.945 -10.124 -10.026 -10.000  -1.261  -0.986  -0.890  -0.819
 -0.770  -0.692  -0.678  -0.618  -0.608  -0.591  -0.580  -0.566
 -- Virtual --
 -0.434  -0.164  -0.120  -0.107  -0.097  -0.086  -0.073  -0.070
 -0.060  -0.049  -0.042  -0.035  -0.032  -0.018  -0.012  -0.001
  0.003   0.013   0.017   0.025   0.028   0.034   0.048   0.051
  0.058   0.065   0.072   0.075   0.096   0.105   0.108   0.156
  0.160   0.174   0.184   0.209   0.253   0.267   0.274   0.291
  0.309   0.328   0.342   0.361   0.364   0.391   0.396   0.400
  0.408   0.416   0.418   0.434   0.449   0.494   0.507   0.525
  0.540   0.588   0.607   0.646   0.648   0.692   0.729   0.740
  0.754   0.781   0.818   0.848   0.865   0.889   0.902   0.919
  0.939   0.967   0.981   1.005   1.027   1.053   1.071   1.078
  1.084   1.109   1.129   1.142   1.156   1.183   1.231   1.252
  1.257   1.271   1.298   1.324   1.332   1.359   1.378   1.385
  1.426   1.432   1.515   1.598   1.777   1.807   1.987   2.068
  2.172   2.275   2.285   2.341   2.356   2.398   2.451   2.466
  2.547   2.568   2.587   2.616   2.676   2.700   2.714   2.736
  2.764   2.866   2.873   2.908   2.921   2.937   2.989   3.047
  3.063   3.075   3.096   3.117   3.158   3.188   3.241   3.293
  3.313   3.331   3.341   3.360   3.401   3.419   3.467   3.490
  3.543   3.571   3.606   3.633   3.717   3.728   3.748   3.757
  3.805   3.850   3.870   3.923   3.955   3.978   3.991   4.013
  4.025   4.039   4.082   4.091   4.195   4.201   4.243   4.312
  4.343   4.357   4.379   4.416   4.471   4.583   4.708   4.858
  4.884   4.992   5.055   5.126   5.157   5.233   5.241   5.363
  5.401   5.432   5.457   5.527   5.604   6.073   6.625   6.802
  6.865   6.913   7.211   7.317  23.910  24.040  24.125  27.275
 27.447  27.736  27.818  27.837  27.873  27.878  28.046  28.154
 40.495  40.543  40.582  40.612  40.614  40.645  40.808  40.840
 40.872  40.893  40.917  40.924  40.954  40.985  41.006  43.324
 43.335  43.402  43.423  43.494  45.308  45.623  45.995  49.677
 --------------------------------------------------------------
 
          Ground-State Mulliken Net Atomic Charges

     Atom                 Charge (a.u.)    Spin (a.u.)
  --------------------------------------------------------
      1 O                     0.101541       0.495361
      2 C                    -0.279085       0.123588
      3 H                     0.319832      -0.008003
      4 H                     0.312970       0.143702
      5 C                    -0.374699       0.032329
      6 C                    -0.377754       0.124583
      7 H                     0.236442       0.048992
      8 H                     0.233067       0.017317
      9 H                     0.222484       0.022627
     10 H                     0.193568      -0.004583
     11 H                     0.197907      -0.003063
     12 H                     0.213728       0.007150
  --------------------------------------------------------
  Sum of atomic charges =     1.000000
  Sum of spin   charges =     1.000000

 -----------------------------------------------------------------
                    Cartesian Multipole Moments
 -----------------------------------------------------------------
    Charge (ESU x 10^10)
                 4.8032
    Dipole Moment (Debye)
         X       1.0481      Y      -1.1634      Z       6.7603
       Tot       6.9393
    Quadrupole Moments (Debye-Ang)
        XX     -17.4833     XY      -0.9247     YY     -19.9970
        XZ      -1.7286     YZ      -2.6357     ZZ      -9.8001
    Octapole Moments (Debye-Ang^2)
       XXX       9.9982    XXY       6.7185    XYY       5.2320
       YYY      19.5085    XXZ     -25.8686    XYZ      -2.4011
       YYZ     -26.2174    XZZ       3.6942    YZZ       1.8826
       ZZZ     -69.8078
    Hexadecapole Moments (Debye-Ang^3)
      XXXX    -145.9022   XXXY      18.4186   XXYY     -39.3433
      XYYY      20.1514   YYYY     -91.6543   XXXZ      16.1060
      XXYZ      13.6390   XYYZ      12.6456   YYYZ      40.9235
      XXZZ     -80.5031   XYZZ       0.5106   YYZZ     -72.9458
      XZZZ      23.4143   YZZZ      31.9352   ZZZZ    -328.3240
 -----------------------------------------------------------------
 Total job time:  295.23s(wall), 238.96s(cpu) 
 Mon Apr 11 18:49:21 2011

        *************************************************************
        *                                                           *
        *  Thank you very much for using Q-Chem.  Have a nice day.  *
        *                                                           *
        *************************************************************


0 sent ACK to 0 
now end server 0 ... 
