Process 0 of 1 is on cl134 - thread support 1
initial socket setup ...start
initial socket setup ...done 
now start server 0 ... 

cmd = /usr/bin/ssh clhead /usr/local/qchem/bin/get_hostid 460166219 > /tmp/1591939.1.medium.q/qchem2727/lic.dat

cmd = /usr/bin/ssh clhead /usr/local/qchem/bin/get_hostid 460166219 > /tmp/1591939.1.medium.q/qchem2727/lic.dat

cmd = /usr/bin/ssh clhead /usr/local/qchem/bin/get_hostid 460166219 > /tmp/1591939.1.medium.q/qchem2727/lic.dat

cmd = /usr/bin/ssh clhead /usr/local/qchem/bin/get_hostid 460166219 > /tmp/1591939.1.medium.q/qchem2727/lic.dat

cmd = /usr/bin/ssh clhead /usr/local/qchem/bin/get_hostid 460166219 > /tmp/1591939.1.medium.q/qchem2727/lic.dat
                  Welcome to Q-Chem
     A Quantum Leap Into The Future Of Chemistry

 Y. Shao, L. Fusti-Molnar, Y. Jung, J. Kussmann, C. Ochsenfeld,
 S. T. Brown, A. T. B. Gilbert, L. V. Slipchenko,S. V. Levchenko,
 D. P. O'Neill, R. A. DiStasio Jr., R. C. Lochan, T. Wang,
 G. J. O. Beran, N. A. Besley, J. M. Herbert, C. Y. Lin,
 T. Van Voorhis, S. H. Chien, A. Sodt, R. P. Steele, 
 V. A. Rassolov, P. E. Maslen, P. P. Korambath, R. D. Adamson,
 B. Austin, J. Baker, E. F. C. Byrd, H. Dachsel, R. J. Doerksen,
 A. Dreuw, B. D. Dunietz, A. D. Dutoi, T. R. Furlani,
 S. R. Gwaltney, A. Heyden, S. Hirata, C.-P. Hsu, G. Kedziora,
 R. Z. Khaliullin, P. Klunzinger, A. M. Lee, M. S. Lee, W. Liang,
 I. Lotan, N. Nair, B. Peters, E. I. Proynov, P. A. Pieniazek, 
 Y. M. Rhee, J. Ritchie, E. Rosta, C. D. Sherrill, 
 A. C. Simmonett, J. E. Subotnik, H. L. Woodcock III,
 W. Zhang, A. T. Bell, A. K. Chakraborty, D. M. Chipman,
 F. J. Keil, A. Warshel, W. J. Hehre, H. F. Schaefer III,
 J. Kong, A. I. Krylov, P. M. W. Gill, M. Head-Gordon,
 Q-Chem, Version 3.1, Q-Chem, Inc., Pittsburgh, PA (2007).

 Additional authors for Version 3.1: 
 Z. Gan, Y. Zhao, N. E. Schultz, D. Truhlar, E. Epifanovsky and M. Oana.

 Additional authors for Version 3.2: 
 R. Baer, B. R. Brooks, D. Casanova, J.-D. Chai, C.-L. Cheng, 
 C. Cramer, D. Crittenden, A. Ghysels, G. Hawkins, E. G. Hohenstein, 
 C. Kelley, W. Kurlancheek, D. Liotard, E. Livshits, P. Manohar, 
 A. Marenich, D. Neuhauser, R. Olson, M. A. Rohrdanz, K. S. Thanthiriwatte, 
 A. J. W. Thom, V. Vanovschi, C. F. Williams, Q. Wu and Z.-Q. You. 


 Intel X86 Linux Version

 Q-chem begins on Tue Mar 18 15:00:00 2014  

 Parallel job on  1  processors
Processing $rem in /usr/local/qchem/config/preferences.

theFileMan(): MAXOPENFILES=974 MAX_SUB_FILE_NUM=16
Maximum size of a physical file is 2.0 GB, maximum size of a tmp-file is 32.0 GB


--------------------------------------------------------------
User input:
--------------------------------------------------------------

$molecule
-1,2
C          0.00000        0.00000        0.00383
C          0.00000        0.00000        1.34300
Cl         1.44281        0.00000       -0.90583
Cl        -1.44281        0.00000       -0.90583
Cl        -1.44281        0.00000        2.25266
Cl         1.44281        0.00000        2.25266
$end

$comment
negative
$end

$xc_functional
C PBE   1.00
X wPBE  1.00
$end

$rem
SYMMETRY_DECOMPOSITION	0
exchange 		general
LRC_DFT                 true
BASIS                   g3large
omega			1000
mem_static              760
max_scf_cycles          200
scf_final_print         1
sym_ignore              true
$end

--------------------------------------------------------------
 Writing REM_CC_EA            6
 ----------------------------------------------------
       Standard Nuclear Orientation (Angstroms)
    I     Atom         X            Y            Z
 ----------------------------------------------------
    1      C       0.000000     0.000000     0.003830
    2      C       0.000000     0.000000     1.343000
    3      Cl      1.442810     0.000000    -0.905830
    4      Cl     -1.442810     0.000000    -0.905830
    5      Cl     -1.442810     0.000000     2.252660
    6      Cl      1.442810     0.000000     2.252660
 ----------------------------------------------------
 Nuclear Repulsion Energy =   495.9436981448 hartrees
 There are       41 alpha and       40 beta electrons
 Requested basis set is G3large
 There are 96 shells and 348 basis functions

Total QAlloc Memory Limit   2000 MB
Mega-Array Size       743 MB
MEM_STATIC part       760 MB

                       Distance Matrix (Angstroms)
             C (  1)   C (  2)   Cl(  3)   Cl(  4)   Cl(  5)
   C (  2)  1.339170
   Cl(  3)  1.705632  2.671879
   Cl(  4)  1.705632  2.671879  2.885620
   Cl(  5)  2.671879  1.705632  4.278184  3.158490
   Cl(  6)  2.671879  1.705632  3.158490  4.278184  2.885620
 
 A cutoff of  1.0D-08 yielded   3466 shell pairs
 There are  47748 function pairs ( 66451 Cartesian)
Evaluating contribution to one-electron hamiltonian from nuclear
 Smallest overlap matrix eigenvalue = 9.71E-06

 Q-Chem warning in module mkSTV.C, line 194:

 Overlap eigenvalue is smaller than square root of threshold

 Multipole matrices computed through 2nd order

  Scale SEOQF with 1.000000e-01/1.000000e-01/1.000000e-01

 Standard Electronic Orientation quadrupole field applied
 Nucleus-field energy     =    -0.0000000176 hartrees
 Guess from superposition of atomic densities
 Warning:  Energy on first SCF cycle will be non-variational
 Long-range K will be added via erf
 Coulomb attenuation parameter = 1 bohr**(-1)
 An unrestricted Kohn-Sham SCF calculation will be
 performed using Pulay DIIS extrapolation
 Exchange:  wPBE + LR-HF      Correlation:  PBE
 Using SG-1 standard quadrature grid
 SCF converges when DIIS error is below 1.0E-05
 Requested basis set is G3large
 There are 96 shells and 348 basis functions
 A cutoff of  1.0D-08 yielded   3466 shell pairs
 There are  47748 function pairs ( 66451 Cartesian)
 Warning!  Inaccurate integrated density:
   Number of electrons =    81
   Numerical integral  =    80.000163028812
   Relative error      =    -1.2343666311 %
 ---------------------------------------
  Cycle       Energy         DIIS Error
 ---------------------------------------
    1   -1918.3332910075      2.08E-02
    2   -1916.4657152441      1.91E-03
    3   -1916.5318024884      1.31E-03
    4   -1916.5580198578      4.08E-04
    5   -1916.5662080635      1.51E-04
    6   -1916.5695001350      9.96E-05
    7   -1916.5720494343      7.26E-05
    8   -1916.5747181639      5.99E-05
    9   -1916.5783239390      3.64E-05
   10   -1916.5798804294      3.27E-05
   11   -1916.5812027111      3.26E-05
   12   -1916.5815860272      2.24E-05
   13   -1916.5821744458      1.38E-05
   14   -1916.5824903643      1.20E-05
   15   -1916.5827155906      1.80E-05
   16   -1916.5827865248      1.06E-05
   17   -1916.5828579532      7.78E-06 Convergence criterion met
 ---------------------------------------
 One-Electron    Energy = -3643.6973573466
 Total Coulomb   Energy =  1354.7913650109
 Alpha Exchange  Energy =   -17.4013594902
 Beta  Exchange  Energy =   -17.2673570835
 DFT   Exchange  Energy =   -85.8428819321
 DFT Correlation Energy =    -3.1089652389
 Nuclear Repu.   Energy =   495.9436981272
 Nuclear Attr.   Energy = -5557.3816544317
 Kinetic         Energy =  1913.6842970850
 <S^2> = 0.7533
 SCF time:  CPU 1260.27 s  wall 1265.39 s
 Final Alpha MO Eigenvalues
            1           2           3           4           5           6
    1-101.1069437-101.1069279-101.0849224-101.0846190 -10.4196030 -10.4180421
            7           8           9          10          11          12
    1  -9.6325114  -9.6324934  -9.6102499  -9.6099437  -7.4069112  -7.4068940
           13          14          15          16          17          18
    1  -7.3962082  -7.3961894  -7.3952607  -7.3952432  -7.3850346  -7.3847331
           19          20          21          22          23          24
    1  -7.3737913  -7.3734840  -7.3729327  -7.3726231  -1.1279933  -1.0585490
           25          26          27          28          29          30
    1  -1.0055789  -0.9770020  -0.8448242  -0.6319032  -0.5631568  -0.5623331
           31          32          33          34          35          36
    1  -0.5066749  -0.4652924  -0.4261518  -0.3969877  -0.3946005  -0.3856019
           37          38          39          40          41          42
    1  -0.3745908  -0.3723850  -0.3360828  -0.2496851   0.0554400   0.1442342
           43          44          45          46
    1   0.1724570   0.1791182   0.1979832   0.2220090
 Final Beta MO Eigenvalues
            1           2           3           4           5           6
    1-101.1069387-101.1069227-101.0844373-101.0841309 -10.4176286 -10.4161344
            7           8           9          10          11          12
    1  -9.6324901  -9.6324711  -9.6095915  -9.6092814  -7.4069716  -7.4069541
           13          14          15          16          17          18
    1  -7.3961904  -7.3961701  -7.3951852  -7.3951664  -7.3842558  -7.3839510
           19          20          21          22          23          24
    1  -7.3732137  -7.3729026  -7.3723214  -7.3720086  -1.1218951  -1.0557857
           25          26          27          28          29          30
    1  -0.9987371  -0.9724528  -0.8353952  -0.6288912  -0.5615206  -0.5464736
           31          32          33          34          35          36
    1  -0.5041868  -0.4606468  -0.4249369  -0.3937021  -0.3927595  -0.3827334
           37          38          39          40          41          42
    1  -0.3709311  -0.3703171  -0.3332201  -0.2463123   0.1699352   0.1761228
           43          44          45
    1   0.1904937   0.1973670   0.2010256
 Analysis of SCF Wavefunction
 
 --------------------------------------------------------------
                    Orbital Energies (a.u.)
 --------------------------------------------------------------
 
 Alpha MOs
 -- Occupied --
*******-101.107-101.085-101.085 -10.420 -10.418  -9.633  -9.632
 -9.610  -9.610  -7.407  -7.407  -7.396  -7.396  -7.395  -7.395
 -7.385  -7.385  -7.374  -7.373  -7.373  -7.373  -1.128  -1.059
 -1.006  -0.977  -0.845  -0.632  -0.563  -0.562  -0.507  -0.465
 -0.426  -0.397  -0.395  -0.386  -0.375  -0.372  -0.336  -0.250
  0.055
 -- Virtual --
  0.144   0.172   0.179   0.198   0.222   0.225   0.226   0.234
  0.238   0.247   0.251   0.276   0.277   0.280   0.289   0.297
  0.313   0.315   0.323   0.329   0.345   0.347   0.367   0.383
  0.392   0.398   0.407   0.435   0.454   0.457   0.497   0.514
  0.519   0.540   0.548   0.589   0.592   0.600   0.605   0.622
  0.625   0.659   0.668   0.672   0.699   0.700   0.704   0.712
  0.722   0.723   0.740   0.748   0.783   0.796   0.799   0.806
  0.842   0.857   0.879   0.891   0.914   0.955   1.005   1.027
  1.029   1.040   1.044   1.074   1.089   1.122   1.161   1.196
  1.231   1.261   1.262   1.288   1.327   1.328   1.334   1.359
  1.367   1.373   1.387   1.395   1.403   1.412   1.421   1.436
  1.440   1.447   1.452   1.465   1.474   1.481   1.485   1.502
  1.503   1.529   1.543   1.568   1.576   1.583   1.589   1.605
  1.647   1.691   1.703   1.722   1.735   1.744   1.773   1.788
  1.829   1.855   1.902   1.905   1.922   1.931   1.983   1.984
  1.993   2.003   2.008   2.079   2.110   2.119   2.153   2.165
  2.186   2.376   2.474   2.501   2.511   2.566   2.584   2.650
  2.668   2.679   2.756   2.813   2.870   2.946   2.960   3.089
  3.188   3.193   3.212   3.347   3.359   3.459   3.483   3.508
  3.625   3.646   3.657   3.708   3.775   3.812   3.827   3.847
  3.880   3.937   3.959   4.002   4.004   4.116   4.268   4.331
  4.349   4.672   4.678   4.731   4.732   4.737   4.748   4.757
  4.766   4.770   4.810   4.818   4.820   4.826   4.851   4.853
  4.870   4.879   4.883   4.884   4.904   4.928   4.973   4.981
  4.994   4.995   5.007   5.042   5.048   5.117   5.163   5.332
  5.428   5.451   5.473   5.478   5.492   5.497   5.514   5.573
  5.586   5.607   5.620   5.672   5.704   5.733   5.745   5.875
  5.958   6.097   6.254   6.525   6.530  10.214  10.341  10.393
 10.525  20.981  20.985  21.012  21.032  21.040  21.058  21.082
 21.124  21.229  21.312  21.365  21.392  24.018  24.883  27.527
 27.529  27.532  27.570  27.576  27.577  27.579  27.584  27.600
 27.612  27.621  27.622  27.624  27.652  27.657  27.659  27.664
 27.701  27.732  27.766  27.787  27.846  28.551  28.572  28.663
 28.778  37.229  37.230  37.230  37.231  37.231  37.232  37.233
 37.235  37.238  37.241  37.244  37.245  37.255  37.256  37.256
 37.257  37.257  37.260  37.262  37.262  37.265  37.266  37.266
 37.267  37.276  37.277  37.285  37.292  41.195  41.249  41.290
 41.443  41.444  41.491  41.525  41.540  41.610  41.613 216.189
216.327 216.371 216.542
 
 Beta MOs
 -- Occupied --
*******-101.107-101.084-101.084 -10.418 -10.416  -9.632  -9.632
 -9.610  -9.609  -7.407  -7.407  -7.396  -7.396  -7.395  -7.395
 -7.384  -7.384  -7.373  -7.373  -7.372  -7.372  -1.122  -1.056
 -0.999  -0.972  -0.835  -0.629  -0.562  -0.546  -0.504  -0.461
 -0.425  -0.394  -0.393  -0.383  -0.371  -0.370  -0.333  -0.246
 -- Virtual --
  0.170   0.176   0.190   0.197   0.201   0.224   0.231   0.239
  0.243   0.249   0.255   0.257   0.280   0.283   0.289   0.294
  0.299   0.316   0.323   0.335   0.336   0.346   0.350   0.368
  0.384   0.393   0.400   0.413   0.435   0.458   0.467   0.499
  0.515   0.519   0.545   0.549   0.590   0.592   0.602   0.607
  0.622   0.628   0.660   0.669   0.674   0.700   0.701   0.707
  0.716   0.723   0.731   0.742   0.749   0.784   0.796   0.800
  0.807   0.844   0.858   0.883   0.900   0.919   0.958   1.005
  1.029   1.033   1.044   1.044   1.076   1.094   1.125   1.163
  1.198   1.235   1.263   1.264   1.288   1.327   1.330   1.334
  1.360   1.368   1.374   1.388   1.395   1.404   1.413   1.422
  1.437   1.443   1.449   1.453   1.467   1.475   1.484   1.487
  1.504   1.504   1.531   1.546   1.571   1.578   1.584   1.590
  1.605   1.648   1.692   1.704   1.723   1.736   1.744   1.774
  1.790   1.830   1.857   1.904   1.907   1.924   1.932   1.985
  1.986   1.994   2.007   2.009   2.081   2.113   2.120   2.155
  2.166   2.187   2.379   2.476   2.502   2.512   2.567   2.585
  2.651   2.671   2.680   2.758   2.814   2.872   2.947   2.961
  3.091   3.189   3.195   3.214   3.350   3.362   3.463   3.486
  3.511   3.627   3.651   3.659   3.710   3.783   3.815   3.832
  3.850   3.884   3.939   3.967   4.004   4.007   4.123   4.273
  4.334   4.354   4.676   4.680   4.732   4.733   4.738   4.749
  4.757   4.767   4.772   4.811   4.820   4.822   4.827   4.852
  4.855   4.871   4.881   4.884   4.885   4.906   4.929   4.974
  4.982   4.995   4.996   5.008   5.043   5.049   5.118   5.164
  5.334   5.429   5.452   5.473   5.480   5.493   5.497   5.515
  5.573   5.586   5.608   5.621   5.673   5.705   5.733   5.746
  5.876   5.960   6.098   6.255   6.526   6.532  10.214  10.342
 10.393  10.526  20.981  20.985  21.012  21.032  21.040  21.059
 21.082  21.125  21.229  21.313  21.365  21.392  24.020  24.885
 27.528  27.530  27.532  27.570  27.577  27.577  27.580  27.585
 27.600  27.613  27.621  27.623  27.624  27.653  27.658  27.660
 27.665  27.702  27.733  27.767  27.788  27.848  28.553  28.575
 28.667  28.779  37.229  37.230  37.231  37.231  37.231  37.232
 37.233  37.236  37.238  37.241  37.244  37.245  37.255  37.256
 37.257  37.257  37.257  37.260  37.262  37.263  37.265  37.266
 37.266  37.267  37.277  37.278  37.285  37.292  41.196  41.252
 41.292  41.443  41.446  41.493  41.527  41.541  41.611  41.615
216.190 216.328 216.371 216.542
 --------------------------------------------------------------
 
          Ground-State Mulliken Net Atomic Charges

     Atom                 Charge (a.u.)    Spin (a.u.)
  --------------------------------------------------------
      1 C                    -0.707680       1.351724
      2 C                    -0.735856       1.381184
      3 Cl                    0.496697      -0.797022
      4 Cl                   -0.285048      -0.059394
      5 Cl                    0.517644      -0.817511
      6 Cl                   -0.285756      -0.058982
  --------------------------------------------------------
  Sum of atomic charges =    -1.000000
  Sum of spin   charges =     1.000000

 -----------------------------------------------------------------
                    Cartesian Multipole Moments
 -----------------------------------------------------------------
    Charge (ESU x 10^10)
                -4.8032
    Dipole Moment (Debye)
         X       0.0667      Y       0.0008      Z      -3.2854
       Tot       3.2860
    Quadrupole Moments (Debye-Ang)
        XX     -97.9397     XY      -0.0004     YY     -69.5376
        XZ      24.6859     YZ       0.0006     ZZ     -98.7566
    Octapole Moments (Debye-Ang^2)
       XXX       0.9423    XXY       0.0080    XYY       0.1506
       YYY       0.0036    XXZ     -66.4789    XYZ      -0.0100
       YYZ     -46.9483    XZZ      33.7618    YZZ       0.0086
       ZZZ    -197.1345
    Hexadecapole Moments (Debye-Ang^3)
      XXXX   -1198.7219   XXXY      -0.0088   XXYY    -197.5751
      XYYY      -0.0030   YYYY    -121.3929   XXXZ     302.5284
      XXYZ       0.0043   XYYZ      43.9025   YYYZ       0.0033
      XXZZ    -571.4189   XYZZ      -0.0146   YYZZ    -246.1789
      XZZZ     324.4372   YZZZ       0.0185   ZZZZ   -1580.3136
 -----------------------------------------------------------------
 Total job time:  1266.04s(wall), 1260.87s(cpu) 
 Tue Mar 18 15:21:06 2014

        *************************************************************
        *                                                           *
        *  Thank you very much for using Q-Chem.  Have a nice day.  *
        *                                                           *
        *************************************************************


0 sent ACK to 0 
now end server 0 ... 
 
**********************************************************************
Job 2 of 3 
**********************************************************************
 
Process 0 of 1 is on cl134 - thread support 1
initial socket setup ...start
initial socket setup ...done 
now start server 0 ... 

cmd = /usr/bin/ssh clhead /usr/local/qchem/bin/get_hostid 462209644 > /tmp/1591939.1.medium.q/qchem2727/lic.dat

cmd = /usr/bin/ssh clhead /usr/local/qchem/bin/get_hostid 462209644 > /tmp/1591939.1.medium.q/qchem2727/lic.dat

cmd = /usr/bin/ssh clhead /usr/local/qchem/bin/get_hostid 462209644 > /tmp/1591939.1.medium.q/qchem2727/lic.dat

cmd = /usr/bin/ssh clhead /usr/local/qchem/bin/get_hostid 462209644 > /tmp/1591939.1.medium.q/qchem2727/lic.dat

cmd = /usr/bin/ssh clhead /usr/local/qchem/bin/get_hostid 462209644 > /tmp/1591939.1.medium.q/qchem2727/lic.dat
                  Welcome to Q-Chem
     A Quantum Leap Into The Future Of Chemistry

 Y. Shao, L. Fusti-Molnar, Y. Jung, J. Kussmann, C. Ochsenfeld,
 S. T. Brown, A. T. B. Gilbert, L. V. Slipchenko,S. V. Levchenko,
 D. P. O'Neill, R. A. DiStasio Jr., R. C. Lochan, T. Wang,
 G. J. O. Beran, N. A. Besley, J. M. Herbert, C. Y. Lin,
 T. Van Voorhis, S. H. Chien, A. Sodt, R. P. Steele, 
 V. A. Rassolov, P. E. Maslen, P. P. Korambath, R. D. Adamson,
 B. Austin, J. Baker, E. F. C. Byrd, H. Dachsel, R. J. Doerksen,
 A. Dreuw, B. D. Dunietz, A. D. Dutoi, T. R. Furlani,
 S. R. Gwaltney, A. Heyden, S. Hirata, C.-P. Hsu, G. Kedziora,
 R. Z. Khaliullin, P. Klunzinger, A. M. Lee, M. S. Lee, W. Liang,
 I. Lotan, N. Nair, B. Peters, E. I. Proynov, P. A. Pieniazek, 
 Y. M. Rhee, J. Ritchie, E. Rosta, C. D. Sherrill, 
 A. C. Simmonett, J. E. Subotnik, H. L. Woodcock III,
 W. Zhang, A. T. Bell, A. K. Chakraborty, D. M. Chipman,
 F. J. Keil, A. Warshel, W. J. Hehre, H. F. Schaefer III,
 J. Kong, A. I. Krylov, P. M. W. Gill, M. Head-Gordon,
 Q-Chem, Version 3.1, Q-Chem, Inc., Pittsburgh, PA (2007).

 Additional authors for Version 3.1: 
 Z. Gan, Y. Zhao, N. E. Schultz, D. Truhlar, E. Epifanovsky and M. Oana.

 Additional authors for Version 3.2: 
 R. Baer, B. R. Brooks, D. Casanova, J.-D. Chai, C.-L. Cheng, 
 C. Cramer, D. Crittenden, A. Ghysels, G. Hawkins, E. G. Hohenstein, 
 C. Kelley, W. Kurlancheek, D. Liotard, E. Livshits, P. Manohar, 
 A. Marenich, D. Neuhauser, R. Olson, M. A. Rohrdanz, K. S. Thanthiriwatte, 
 A. J. W. Thom, V. Vanovschi, C. F. Williams, Q. Wu and Z.-Q. You. 


 Intel X86 Linux Version

 Q-chem begins on Tue Mar 18 15:21:10 2014  

 Parallel job on  1  processors
Processing $rem in /usr/local/qchem/config/preferences.

theFileMan(): MAXOPENFILES=974 MAX_SUB_FILE_NUM=16
Maximum size of a physical file is 2.0 GB, maximum size of a tmp-file is 32.0 GB


--------------------------------------------------------------
User input:
--------------------------------------------------------------

$molecule
0,1
C          0.00000        0.00000        0.00383
C          0.00000        0.00000        1.34300
Cl         1.44281        0.00000       -0.90583
Cl        -1.44281        0.00000       -0.90583
Cl        -1.44281        0.00000        2.25266
Cl         1.44281        0.00000        2.25266
$end

$comment
neutral
$end

$xc_functional
C PBE   1.00
X wPBE  1.00
$end


$rem
SYMMETRY_DECOMPOSITION	0
LRC_DFT                 true
exchange 		general
BASIS                   g3large
omega			1000
mem_static              760
max_scf_cycles          200
scf_final_print         1
sym_ignore              true
$end

--------------------------------------------------------------
 Writing REM_CC_EA            6
 ----------------------------------------------------
       Standard Nuclear Orientation (Angstroms)
    I     Atom         X            Y            Z
 ----------------------------------------------------
    1      C       0.000000     0.000000     0.003830
    2      C       0.000000     0.000000     1.343000
    3      Cl      1.442810     0.000000    -0.905830
    4      Cl     -1.442810     0.000000    -0.905830
    5      Cl     -1.442810     0.000000     2.252660
    6      Cl      1.442810     0.000000     2.252660
 ----------------------------------------------------
 Nuclear Repulsion Energy =   495.9436981448 hartrees
 There are       40 alpha and       40 beta electrons
 Requested basis set is G3large
 There are 96 shells and 348 basis functions

Total QAlloc Memory Limit   2000 MB
Mega-Array Size       743 MB
MEM_STATIC part       760 MB

                       Distance Matrix (Angstroms)
             C (  1)   C (  2)   Cl(  3)   Cl(  4)   Cl(  5)
   C (  2)  1.339170
   Cl(  3)  1.705632  2.671879
   Cl(  4)  1.705632  2.671879  2.885620
   Cl(  5)  2.671879  1.705632  4.278184  3.158490
   Cl(  6)  2.671879  1.705632  3.158490  4.278184  2.885620
 
 A cutoff of  1.0D-08 yielded   3466 shell pairs
 There are  47748 function pairs ( 66451 Cartesian)
Evaluating contribution to one-electron hamiltonian from nuclear
 Smallest overlap matrix eigenvalue = 9.71E-06

 Q-Chem warning in module mkSTV.C, line 194:

 Overlap eigenvalue is smaller than square root of threshold

 Multipole matrices computed through 2nd order

  Scale SEOQF with 1.000000e-01/1.000000e-01/1.000000e-01

 Standard Electronic Orientation quadrupole field applied
 Nucleus-field energy     =    -0.0000000176 hartrees
 Guess from superposition of atomic densities
 Warning:  Energy on first SCF cycle will be non-variational
 Long-range K will be added via erf
 Coulomb attenuation parameter = 1 bohr**(-1)
 A restricted Kohn-Sham SCF calculation will be
 performed using Pulay DIIS extrapolation
 Exchange:  wPBE + LR-HF      Correlation:  PBE
 Using SG-1 standard quadrature grid
 SCF converges when DIIS error is below 1.0E-05
 Requested basis set is G3large
 There are 96 shells and 348 basis functions
 A cutoff of  1.0D-08 yielded   3466 shell pairs
 There are  47748 function pairs ( 66451 Cartesian)
 ---------------------------------------
  Cycle       Energy         DIIS Error
 ---------------------------------------
    1   -1918.3332910075      2.08E-02
    2   -1916.5076167263      2.58E-03
    3   -1916.5759087078      2.20E-03
    4   -1916.6401773025      3.43E-04
    5   -1916.6452823500      1.23E-04
    6   -1916.6459446229      3.68E-05
    7   -1916.6460146668      9.70E-06 Convergence criterion met
 ---------------------------------------
 One-Electron    Energy = -3631.8872509720
 Total Coulomb   Energy =  1342.7840786276
 Alpha Exchange  Energy =   -17.2850302389
 Beta  Exchange  Energy =   -17.2850302389
 DFT   Exchange  Energy =   -85.8237453735
 DFT Correlation Energy =    -3.0927345982
 Nuclear Repu.   Energy =   495.9436981272
 Nuclear Attr.   Energy = -5545.2836938898
 Kinetic         Energy =  1913.3964429178
 SCF time:  CPU 390.83 s  wall 392.36 s
 Final Alpha MO Eigenvalues
            1           2           3           4           5           6
    1-101.2461521-101.2461518-101.2460630-101.2460613 -10.5834793 -10.5819635
            7           8           9          10          11          12
    1  -9.7714390  -9.7714201  -9.7713723  -9.7713562  -7.5463222  -7.5463201
           13          14          15          16          17          18
    1  -7.5462719  -7.5462693  -7.5348512  -7.5348495  -7.5348005  -7.5347990
           19          20          21          22          23          24
    1  -7.5340056  -7.5340045  -7.5339540  -7.5339526  -1.2776965  -1.2053965
           25          26          27          28          29          30
    1  -1.1526772  -1.1234471  -0.9950837  -0.7791843  -0.7135803  -0.7029487
           31          32          33          34          35          36
    1  -0.6560380  -0.6130322  -0.5699158  -0.5430862  -0.5359387  -0.5328329
           37          38          39          40          41          42
    1  -0.5247095  -0.5174371  -0.4829864  -0.3996760   0.0529078   0.0592728
           43          44          45
    1   0.0704769   0.0736292   0.0929670
 Analysis of SCF Wavefunction
 
 --------------------------------------------------------------
                    Orbital Energies (a.u.)
 --------------------------------------------------------------
 
 Alpha MOs
 -- Occupied --
*******-101.246-101.246-101.246 -10.583 -10.582  -9.771  -9.771
 -9.771  -9.771  -7.546  -7.546  -7.546  -7.546  -7.535  -7.535
 -7.535  -7.535  -7.534  -7.534  -7.534  -7.534  -1.278  -1.205
 -1.153  -1.123  -0.995  -0.779  -0.714  -0.703  -0.656  -0.613
 -0.570  -0.543  -0.536  -0.533  -0.525  -0.517  -0.483  -0.400
 -- Virtual --
  0.053   0.059   0.070   0.074   0.093   0.100   0.111   0.115
  0.118   0.126   0.140   0.140   0.163   0.170   0.170   0.172
  0.185   0.200   0.207   0.208   0.219   0.225   0.234   0.249
  0.264   0.279   0.279   0.293   0.295   0.315   0.328   0.359
  0.374   0.384   0.403   0.411   0.450   0.456   0.468   0.468
  0.480   0.482   0.521   0.532   0.541   0.567   0.570   0.571
  0.582   0.588   0.590   0.607   0.611   0.644   0.666   0.672
  0.673   0.703   0.717   0.742   0.753   0.772   0.810   0.866
  0.885   0.885   0.899   0.905   0.929   0.945   0.980   1.023
  1.054   1.087   1.118   1.119   1.144   1.182   1.185   1.192
  1.216   1.222   1.231   1.245   1.251   1.259   1.269   1.279
  1.293   1.294   1.306   1.309   1.318   1.333   1.334   1.341
  1.358   1.360   1.386   1.395   1.424   1.431   1.436   1.445
  1.461   1.501   1.551   1.559   1.577   1.593   1.600   1.629
  1.643   1.687   1.711   1.756   1.764   1.775   1.787   1.837
  1.843   1.849   1.855   1.863   1.935   1.965   1.970   2.008
  2.021   2.040   2.229   2.328   2.357   2.368   2.420   2.439
  2.504   2.521   2.534   2.608   2.666   2.722   2.800   2.812
  2.934   3.034   3.040   3.055   3.193   3.206   3.305   3.329
  3.355   3.474   3.491   3.502   3.554   3.620   3.659   3.674
  3.694   3.726   3.785   3.805   3.847   3.850   3.962   4.114
  4.179   4.194   4.519   4.526   4.585   4.585   4.590   4.601
  4.612   4.619   4.621   4.660   4.670   4.671   4.677   4.703
  4.703   4.721   4.730   4.735   4.738   4.751   4.779   4.823
  4.831   4.846   4.846   4.853   4.891   4.899   4.964   5.011
  5.180   5.281   5.306   5.325   5.325   5.341   5.348   5.365
  5.424   5.438   5.457   5.470   5.522   5.554   5.583   5.596
  5.723   5.807   5.947   6.103   6.375   6.379  10.065  10.195
 10.241  10.376  20.834  20.842  20.856  20.884  20.888  20.917
 20.924  20.973  21.079  21.164  21.212  21.241  23.855  24.720
 27.372  27.380  27.384  27.423  27.424  27.430  27.430  27.432
 27.446  27.459  27.473  27.474  27.474  27.498  27.507  27.508
 27.513  27.544  27.582  27.614  27.633  27.684  28.389  28.413
 28.503  28.617  37.084  37.086  37.087  37.087  37.088  37.088
 37.088  37.092  37.097  37.097  37.097  37.098  37.099  37.099
 37.099  37.100  37.102  37.103  37.105  37.106  37.111  37.116
 37.118  37.118  37.121  37.122  37.128  37.136  41.031  41.085
 41.126  41.279  41.280  41.327  41.361  41.376  41.446  41.449
216.040 216.180 216.217 216.392
 --------------------------------------------------------------
 
          Ground-State Mulliken Net Atomic Charges

     Atom                 Charge (a.u.)
  ----------------------------------------
      1 C                     0.593069
      2 C                     0.593456
      3 Cl                   -0.296672
      4 Cl                   -0.296470
      5 Cl                   -0.296567
      6 Cl                   -0.296816
  ----------------------------------------
  Sum of atomic charges =     0.000000

 -----------------------------------------------------------------
                    Cartesian Multipole Moments
 -----------------------------------------------------------------
    Charge (ESU x 10^10)
                 0.0000
    Dipole Moment (Debye)
         X       0.0000      Y       0.0000      Z       0.0000
       Tot       0.0000
    Quadrupole Moments (Debye-Ang)
        XX     -57.7826     XY       0.0020     YY     -60.7924
        XZ      -0.0007     YZ      -0.0009     ZZ     -59.7507
    Octapole Moments (Debye-Ang^2)
       XXX      -0.0001    XXY       0.0000    XYY       0.0000
       YYY       0.0000    XXZ     -38.9118    XYZ       0.0013
       YYZ     -40.9385    XZZ      -0.0009    YZZ      -0.0012
       ZZZ    -120.7111
    Hexadecapole Moments (Debye-Ang^3)
      XXXX    -632.2484   XXXY       0.0064   XXYY    -126.3837
      XYYY       0.0027   YYYY     -65.6717   XXXZ      -0.0033
      XXYZ      -0.0092   XYYZ      -0.0003   YYYZ      -0.0009
      XXZZ    -242.9736   XYZZ       0.0191   YYZZ    -179.3823
      XZZZ      -0.0010   YZZZ      -0.0109   ZZZZ    -984.2056
 -----------------------------------------------------------------
 Total job time:  392.98s(wall), 391.40s(cpu) 
 Tue Mar 18 15:27:43 2014

        *************************************************************
        *                                                           *
        *  Thank you very much for using Q-Chem.  Have a nice day.  *
        *                                                           *
        *************************************************************


0 sent ACK to 0 
now end server 0 ... 
 
**********************************************************************
Job 3 of 3 
**********************************************************************
 
Process 0 of 1 is on cl134 - thread support 1
initial socket setup ...start
initial socket setup ...done 
now start server 0 ... 

cmd = /usr/bin/ssh clhead /usr/local/qchem/bin/get_hostid 1063657019 > /tmp/1591939.1.medium.q/qchem2727/lic.dat

cmd = /usr/bin/ssh clhead /usr/local/qchem/bin/get_hostid 1063657019 > /tmp/1591939.1.medium.q/qchem2727/lic.dat

cmd = /usr/bin/ssh clhead /usr/local/qchem/bin/get_hostid 1063657019 > /tmp/1591939.1.medium.q/qchem2727/lic.dat

cmd = /usr/bin/ssh clhead /usr/local/qchem/bin/get_hostid 1063657019 > /tmp/1591939.1.medium.q/qchem2727/lic.dat

cmd = /usr/bin/ssh clhead /usr/local/qchem/bin/get_hostid 1063657019 > /tmp/1591939.1.medium.q/qchem2727/lic.dat
                  Welcome to Q-Chem
     A Quantum Leap Into The Future Of Chemistry

 Y. Shao, L. Fusti-Molnar, Y. Jung, J. Kussmann, C. Ochsenfeld,
 S. T. Brown, A. T. B. Gilbert, L. V. Slipchenko,S. V. Levchenko,
 D. P. O'Neill, R. A. DiStasio Jr., R. C. Lochan, T. Wang,
 G. J. O. Beran, N. A. Besley, J. M. Herbert, C. Y. Lin,
 T. Van Voorhis, S. H. Chien, A. Sodt, R. P. Steele, 
 V. A. Rassolov, P. E. Maslen, P. P. Korambath, R. D. Adamson,
 B. Austin, J. Baker, E. F. C. Byrd, H. Dachsel, R. J. Doerksen,
 A. Dreuw, B. D. Dunietz, A. D. Dutoi, T. R. Furlani,
 S. R. Gwaltney, A. Heyden, S. Hirata, C.-P. Hsu, G. Kedziora,
 R. Z. Khaliullin, P. Klunzinger, A. M. Lee, M. S. Lee, W. Liang,
 I. Lotan, N. Nair, B. Peters, E. I. Proynov, P. A. Pieniazek, 
 Y. M. Rhee, J. Ritchie, E. Rosta, C. D. Sherrill, 
 A. C. Simmonett, J. E. Subotnik, H. L. Woodcock III,
 W. Zhang, A. T. Bell, A. K. Chakraborty, D. M. Chipman,
 F. J. Keil, A. Warshel, W. J. Hehre, H. F. Schaefer III,
 J. Kong, A. I. Krylov, P. M. W. Gill, M. Head-Gordon,
 Q-Chem, Version 3.1, Q-Chem, Inc., Pittsburgh, PA (2007).

 Additional authors for Version 3.1: 
 Z. Gan, Y. Zhao, N. E. Schultz, D. Truhlar, E. Epifanovsky and M. Oana.

 Additional authors for Version 3.2: 
 R. Baer, B. R. Brooks, D. Casanova, J.-D. Chai, C.-L. Cheng, 
 C. Cramer, D. Crittenden, A. Ghysels, G. Hawkins, E. G. Hohenstein, 
 C. Kelley, W. Kurlancheek, D. Liotard, E. Livshits, P. Manohar, 
 A. Marenich, D. Neuhauser, R. Olson, M. A. Rohrdanz, K. S. Thanthiriwatte, 
 A. J. W. Thom, V. Vanovschi, C. F. Williams, Q. Wu and Z.-Q. You. 


 Intel X86 Linux Version

 Q-chem begins on Tue Mar 18 15:27:48 2014  

 Parallel job on  1  processors
Processing $rem in /usr/local/qchem/config/preferences.

theFileMan(): MAXOPENFILES=974 MAX_SUB_FILE_NUM=16
Maximum size of a physical file is 2.0 GB, maximum size of a tmp-file is 32.0 GB


--------------------------------------------------------------
User input:
--------------------------------------------------------------

$molecule
1,2
C          0.00000        0.00000        0.00383
C          0.00000        0.00000        1.34300
Cl         1.44281        0.00000       -0.90583
Cl        -1.44281        0.00000       -0.90583
Cl        -1.44281        0.00000        2.25266
Cl         1.44281        0.00000        2.25266
$end

$comment
positive
$end

$xc_functional
C PBE   1.00
X wPBE  1.00
$end

$rem
SYMMETRY_DECOMPOSITION	0
LRC_DFT                 true
exchange 		general
BASIS                   g3large
omega			1000
mem_static              760
max_scf_cycles          200
scf_final_print         1
sym_ignore              true
$end

--------------------------------------------------------------
 Writing REM_CC_EA            6
 ----------------------------------------------------
       Standard Nuclear Orientation (Angstroms)
    I     Atom         X            Y            Z
 ----------------------------------------------------
    1      C       0.000000     0.000000     0.003830
    2      C       0.000000     0.000000     1.343000
    3      Cl      1.442810     0.000000    -0.905830
    4      Cl     -1.442810     0.000000    -0.905830
    5      Cl     -1.442810     0.000000     2.252660
    6      Cl      1.442810     0.000000     2.252660
 ----------------------------------------------------
 Nuclear Repulsion Energy =   495.9436981448 hartrees
 There are       40 alpha and       39 beta electrons
 Requested basis set is G3large
 There are 96 shells and 348 basis functions

Total QAlloc Memory Limit   2000 MB
Mega-Array Size       743 MB
MEM_STATIC part       760 MB

                       Distance Matrix (Angstroms)
             C (  1)   C (  2)   Cl(  3)   Cl(  4)   Cl(  5)
   C (  2)  1.339170
   Cl(  3)  1.705632  2.671879
   Cl(  4)  1.705632  2.671879  2.885620
   Cl(  5)  2.671879  1.705632  4.278184  3.158490
   Cl(  6)  2.671879  1.705632  3.158490  4.278184  2.885620
 
 A cutoff of  1.0D-08 yielded   3466 shell pairs
 There are  47748 function pairs ( 66451 Cartesian)
Evaluating contribution to one-electron hamiltonian from nuclear
 Smallest overlap matrix eigenvalue = 9.71E-06

 Q-Chem warning in module mkSTV.C, line 194:

 Overlap eigenvalue is smaller than square root of threshold

 Multipole matrices computed through 2nd order

  Scale SEOQF with 1.000000e-01/1.000000e-01/1.000000e-01

 Standard Electronic Orientation quadrupole field applied
 Nucleus-field energy     =    -0.0000000176 hartrees
 Guess from superposition of atomic densities
 Warning:  Energy on first SCF cycle will be non-variational
 Long-range K will be added via erf
 Coulomb attenuation parameter = 1 bohr**(-1)
 An unrestricted Kohn-Sham SCF calculation will be
 performed using Pulay DIIS extrapolation
 Exchange:  wPBE + LR-HF      Correlation:  PBE
 Using SG-1 standard quadrature grid
 SCF converges when DIIS error is below 1.0E-05
 Requested basis set is G3large
 There are 96 shells and 348 basis functions
 A cutoff of  1.0D-08 yielded   3466 shell pairs
 There are  47748 function pairs ( 66451 Cartesian)
 Warning!  Inaccurate integrated density:
   Number of electrons =    79
   Numerical integral  =    80.000163028812
   Relative error      =     1.2660291504 %
 ---------------------------------------
  Cycle       Energy         DIIS Error
 ---------------------------------------
    1   -1918.3332910075      2.08E-02
    2   -1916.0151975411      3.59E-03
    3   -1916.0758974749      3.78E-03
    4   -1916.2723241187      4.13E-04
    5   -1916.2795858447      1.88E-04
    6   -1916.2816352576      7.91E-05
    7   -1916.2823079084      2.64E-05
    8   -1916.2824743628      9.22E-06 Convergence criterion met
 ---------------------------------------
 One-Electron    Energy = -3614.4587752835
 Total Coulomb   Energy =  1325.3399058184
 Alpha Exchange  Energy =   -17.3351264906
 Beta  Exchange  Energy =   -16.9551324369
 DFT   Exchange  Energy =   -85.7647850403
 DFT Correlation Energy =    -3.0522590569
 Nuclear Repu.   Energy =   495.9436981272
 Nuclear Attr.   Energy = -5527.3908178434
 Kinetic         Energy =  1912.9320425598
 <S^2> = 0.7600
 SCF time:  CPU 560.62 s  wall 564.00 s
 Final Alpha MO Eigenvalues
            1           2           3           4           5           6
    1-101.4652128-101.4652113-101.4650034-101.4649971 -10.8501056 -10.8485158
            7           8           9          10          11          12
    1  -9.9883967  -9.9883879  -9.9882327  -9.9882263  -7.7635914  -7.7635889
           13          14          15          16          17          18
    1  -7.7634319  -7.7634276  -7.7538705  -7.7538694  -7.7537028  -7.7536985
           19          20          21          22          23          24
    1  -7.7496772  -7.7496756  -7.7495226  -7.7495185  -1.5176668  -1.4235553
           25          26          27          28          29          30
    1  -1.3684277  -1.3364863  -1.2456867  -0.9985783  -0.9351663  -0.9266284
           31          32          33          34          35          36
    1  -0.9030831  -0.8264822  -0.7866261  -0.7532634  -0.7437867  -0.7408073
           37          38          39          40          41          42
    1  -0.7285749  -0.7282853  -0.6873752  -0.6429392  -0.1906468  -0.1148753
           43          44          45
    1  -0.0982595  -0.0938037  -0.0795690
 Final Beta MO Eigenvalues
            1           2           3           4           5           6
    1-101.4644913-101.4644903-101.4642875-101.4642809 -10.8441608 -10.8428888
            7           8           9          10          11          12
    1  -9.9876671  -9.9876578  -9.9875076  -9.9874981  -7.7634495  -7.7634471
           13          14          15          16          17          18
    1  -7.7632954  -7.7632904  -7.7513557  -7.7513549  -7.7512020  -7.7511970
           19          20          21          22          23          24
    1  -7.7492702  -7.7492690  -7.7491190  -7.7491134  -1.4955632  -1.4167145
           25          26          27          28          29          30
    1  -1.3617545  -1.3289903  -1.2137353  -0.9845636  -0.9295951  -0.9185215
           31          32          33          34          35          36
    1  -0.8267498  -0.8237074  -0.7572867  -0.7503725  -0.7388924  -0.7269717
           37          38          39          40          41          42
    1  -0.7070205  -0.6938783  -0.6853617  -0.3246921  -0.1186364  -0.1092219
           43          44
    1  -0.0907073  -0.0837705
 Analysis of SCF Wavefunction
 
 --------------------------------------------------------------
                    Orbital Energies (a.u.)
 --------------------------------------------------------------
 
 Alpha MOs
 -- Occupied --
*******-101.465-101.465-101.465 -10.850 -10.849  -9.988  -9.988
 -9.988  -9.988  -7.764  -7.764  -7.763  -7.763  -7.754  -7.754
 -7.754  -7.754  -7.750  -7.750  -7.750  -7.750  -1.518  -1.424
 -1.368  -1.336  -1.246  -0.999  -0.935  -0.927  -0.903  -0.826
 -0.787  -0.753  -0.744  -0.741  -0.729  -0.728  -0.687  -0.643
 -- Virtual --
 -0.191  -0.115  -0.098  -0.094  -0.080  -0.039  -0.036  -0.033
 -0.027  -0.015   0.005   0.005   0.008   0.034   0.036   0.043
  0.044   0.052   0.054   0.057   0.070   0.084   0.095   0.100
  0.101   0.105   0.117   0.132   0.134   0.140   0.177   0.184
  0.195   0.202   0.218   0.227   0.262   0.266   0.281   0.288
  0.293   0.293   0.337   0.356   0.371   0.382   0.385   0.388
  0.411   0.413   0.420   0.429   0.432   0.448   0.491   0.495
  0.505   0.518   0.525   0.555   0.559   0.561   0.607   0.677
  0.682   0.684   0.697   0.704   0.712   0.727   0.777   0.833
  0.853   0.885   0.917   0.920   0.943   0.982   0.985   0.997
  1.017   1.021   1.031   1.051   1.052   1.059   1.072   1.081
  1.097   1.098   1.107   1.108   1.119   1.133   1.134   1.143
  1.160   1.161   1.185   1.191   1.221   1.225   1.232   1.254
  1.260   1.296   1.357   1.358   1.378   1.396   1.399   1.434
  1.435   1.499   1.505   1.542   1.562   1.567   1.579   1.626
  1.641   1.646   1.650   1.669   1.728   1.757   1.759   1.806
  1.824   1.837   2.013   2.123   2.149   2.160   2.214   2.239
  2.296   2.309   2.330   2.399   2.462   2.504   2.595   2.608
  2.669   2.777   2.777   2.785   2.943   2.965   3.059   3.085
  3.110   3.241   3.255   3.261   3.309   3.356   3.416   3.443
  3.455   3.497   3.542   3.554   3.595   3.604   3.703   3.878
  3.945   3.948   4.290   4.297   4.365   4.372   4.378   4.388
  4.400   4.407   4.408   4.440   4.448   4.459   4.466   4.489
  4.492   4.508   4.517   4.523   4.525   4.527   4.569   4.606
  4.610   4.616   4.633   4.636   4.681   4.688   4.745   4.793
  4.961   5.068   5.087   5.092   5.113   5.127   5.135   5.152
  5.207   5.221   5.244   5.254   5.305   5.335   5.370   5.383
  5.506   5.590   5.730   5.885   6.158   6.160   9.852   9.981
 10.027  10.162  20.616  20.624  20.638  20.669  20.670  20.702
 20.710  20.759  20.863  20.947  20.996  21.024  23.592  24.454
 27.120  27.163  27.167  27.202  27.205  27.206  27.212  27.215
 27.229  27.242  27.256  27.256  27.258  27.275  27.290  27.291
 27.296  27.306  27.361  27.390  27.408  27.416  28.128  28.162
 28.251  28.363  36.868  36.868  36.870  36.870  36.871  36.871
 36.872  36.875  36.881  36.881  36.881  36.881  36.882  36.882
 36.882  36.884  36.885  36.886  36.889  36.890  36.894  36.900
 36.901  36.902  36.905  36.905  36.911  36.919  40.761  40.821
 40.855  41.009  41.011  41.058  41.099  41.106  41.182  41.187
215.821 215.962 215.999 216.173
 
 Beta MOs
 -- Occupied --
*******-101.464-101.464-101.464 -10.844 -10.843  -9.988  -9.988
 -9.988  -9.987  -7.763  -7.763  -7.763  -7.763  -7.751  -7.751
 -7.751  -7.751  -7.749  -7.749  -7.749  -7.749  -1.496  -1.417
 -1.362  -1.329  -1.214  -0.985  -0.930  -0.919  -0.827  -0.824
 -0.757  -0.750  -0.739  -0.727  -0.707  -0.694  -0.685
 -- Virtual --
 -0.325  -0.119  -0.109  -0.091  -0.084  -0.079  -0.039  -0.036
 -0.032  -0.026  -0.013   0.005   0.006   0.010   0.034   0.036
  0.044   0.049   0.054   0.055   0.060   0.072   0.084   0.101
  0.101   0.103   0.109   0.126   0.132   0.136   0.140   0.177
  0.186   0.196   0.207   0.219   0.233   0.269   0.271   0.291
  0.297   0.298   0.305   0.341   0.355   0.377   0.393   0.394
  0.399   0.413   0.414   0.420   0.431   0.438   0.461   0.494
  0.501   0.519   0.524   0.527   0.558   0.560   0.573   0.609
  0.684   0.686   0.686   0.702   0.711   0.726   0.744   0.780
  0.834   0.855   0.886   0.923   0.923   0.947   0.986   0.988
  1.000   1.022   1.024   1.037   1.054   1.054   1.063   1.075
  1.086   1.100   1.101   1.112   1.112   1.125   1.137   1.138
  1.149   1.163   1.165   1.187   1.194   1.227   1.231   1.234
  1.254   1.265   1.301   1.360   1.362   1.381   1.400   1.402
  1.437   1.443   1.499   1.512   1.550   1.565   1.572   1.585
  1.633   1.645   1.650   1.653   1.671   1.735   1.759   1.762
  1.809   1.826   1.838   2.020   2.124   2.158   2.168   2.222
  2.240   2.304   2.309   2.332   2.400   2.464   2.508   2.596
  2.609   2.697   2.796   2.801   2.810   2.958   2.976   3.074
  3.097   3.122   3.249   3.257   3.271   3.323   3.381   3.430
  3.446   3.465   3.501   3.552   3.568   3.613   3.615   3.723
  3.883   3.952   3.960   4.293   4.300   4.373   4.378   4.383
  4.392   4.405   4.413   4.414   4.444   4.457   4.464   4.469
  4.493   4.495   4.511   4.522   4.527   4.528   4.534   4.570
  4.611   4.621   4.621   4.635   4.637   4.681   4.688   4.747
  4.795   4.962   5.071   5.092   5.095   5.115   5.130   5.138
  5.154   5.210   5.223   5.247   5.257   5.307   5.338   5.371
  5.384   5.507   5.591   5.731   5.887   6.159   6.162   9.853
  9.982  10.029  10.164  20.619  20.627  20.641  20.670  20.673
 20.703  20.710  20.759  20.863  20.948  20.996  21.024  23.597
 24.460  27.129  27.165  27.169  27.204  27.207  27.209  27.215
 27.217  27.231  27.244  27.257  27.258  27.258  27.278  27.291
 27.292  27.296  27.312  27.362  27.391  27.409  27.428  28.131
 28.165  28.254  28.365  36.868  36.869  36.870  36.871  36.871
 36.872  36.872  36.876  36.881  36.881  36.882  36.882  36.882
 36.882  36.883  36.885  36.886  36.886  36.890  36.890  36.894
 36.900  36.901  36.902  36.905  36.905  36.911  36.919  40.771
 40.825  40.866  41.018  41.020  41.067  41.101  41.115  41.185
 41.188 215.822 215.963 216.000 216.174
 --------------------------------------------------------------
 
          Ground-State Mulliken Net Atomic Charges

     Atom                 Charge (a.u.)    Spin (a.u.)
  --------------------------------------------------------
      1 C                     0.701828       0.334749
      2 C                     0.701345       0.337366
      3 Cl                   -0.100719       0.081925
      4 Cl                   -0.100985       0.081738
      5 Cl                   -0.100555       0.082047
      6 Cl                   -0.100914       0.082175
  --------------------------------------------------------
  Sum of atomic charges =     1.000000
  Sum of spin   charges =     1.000000

 -----------------------------------------------------------------
                    Cartesian Multipole Moments
 -----------------------------------------------------------------
    Charge (ESU x 10^10)
                 4.8032
    Dipole Moment (Debye)
         X       0.0000      Y       0.0000      Z       3.2345
       Tot       3.2345
    Quadrupole Moments (Debye-Ang)
        XX     -43.7643     XY      -0.0098     YY     -56.3206
        XZ      -0.0029     YZ      -0.0014     ZZ     -41.5481
    Octapole Moments (Debye-Ang^2)
       XXX      -0.0001    XXY       0.0000    XYY       0.0000
       YYY       0.0000    XXZ     -29.4716    XYZ      -0.0065
       YYZ     -37.9272    XZZ      -0.0039    YZZ      -0.0019
       ZZZ     -86.8711
    Hexadecapole Moments (Debye-Ang^3)
      XXXX    -556.3785   XXXY      -0.0702   XXYY    -114.3794
      XYYY      -0.0078   YYYY     -56.9250   XXXZ      -0.0102
      XXYZ      -0.0018   XYYZ      -0.0046   YYYZ      -0.0010
      XXZZ    -183.5794   XYZZ      -0.0119   YYZZ    -163.7170
      XZZZ      -0.0183   YZZZ      -0.0143   ZZZZ    -841.9062
 -----------------------------------------------------------------
 Total job time:  564.64s(wall), 561.23s(cpu) 
 Tue Mar 18 15:37:12 2014

        *************************************************************
        *                                                           *
        *  Thank you very much for using Q-Chem.  Have a nice day.  *
        *                                                           *
        *************************************************************


0 sent ACK to 0 
now end server 0 ... 
