Process 0 of 1 is on cl010.stfx.acenet.ca - thread support 1
initial socket setup ...start
initial socket setup ...done 
now start server 0 ... 

cmd = /usr/bin/ssh clhead /usr/local/qchem/bin/get_hostid 798295525 > /scratch/tmp/6027727.1.short.q/qchem20447/lic.dat
                  Welcome to Q-Chem
     A Quantum Leap Into The Future Of Chemistry

 Y. Shao, L. Fusti-Molnar, Y. Jung, J. Kussmann, C. Ochsenfeld,
 S. T. Brown, A. T. B. Gilbert, L. V. Slipchenko,S. V. Levchenko,
 D. P. O'Neill, R. A. DiStasio Jr., R. C. Lochan, T. Wang,
 G. J. O. Beran, N. A. Besley, J. M. Herbert, C. Y. Lin,
 T. Van Voorhis, S. H. Chien, A. Sodt, R. P. Steele, 
 V. A. Rassolov, P. E. Maslen, P. P. Korambath, R. D. Adamson,
 B. Austin, J. Baker, E. F. C. Byrd, H. Dachsel, R. J. Doerksen,
 A. Dreuw, B. D. Dunietz, A. D. Dutoi, T. R. Furlani,
 S. R. Gwaltney, A. Heyden, S. Hirata, C.-P. Hsu, G. Kedziora,
 R. Z. Khaliullin, P. Klunzinger, A. M. Lee, M. S. Lee, W. Liang,
 I. Lotan, N. Nair, B. Peters, E. I. Proynov, P. A. Pieniazek, 
 Y. M. Rhee, J. Ritchie, E. Rosta, C. D. Sherrill, 
 A. C. Simmonett, J. E. Subotnik, H. L. Woodcock III,
 W. Zhang, A. T. Bell, A. K. Chakraborty, D. M. Chipman,
 F. J. Keil, A. Warshel, W. J. Hehre, H. F. Schaefer III,
 J. Kong, A. I. Krylov, P. M. W. Gill, M. Head-Gordon,
 Q-Chem, Version 3.1, Q-Chem, Inc., Pittsburgh, PA (2007).

 Additional authors for Version 3.1: 
 Z. Gan, Y. Zhao, N. E. Schultz, D. Truhlar, E. Epifanovsky and M. Oana.

 Additional authors for Version 3.2: 
 R. Baer, B. R. Brooks, D. Casanova, J.-D. Chai, C.-L. Cheng, 
 C. Cramer, D. Crittenden, A. Ghysels, G. Hawkins, E. G. Hohenstein, 
 C. Kelley, W. Kurlancheek, D. Liotard, E. Livshits, P. Manohar, 
 A. Marenich, D. Neuhauser, R. Olson, M. A. Rohrdanz, K. S. Thanthiriwatte, 
 A. J. W. Thom, V. Vanovschi, C. F. Williams, Q. Wu and Z.-Q. You. 


 Intel X86 Linux Version

 Q-chem begins on Mon Jun  3 17:03:51 2013  

 Parallel job on  1  processors
Processing $rem in /usr/local/qchem/config/preferences.

theFileMan(): MAXOPENFILES=974 MAX_SUB_FILE_NUM=16
Maximum size of a physical file is 2.0 GB, maximum size of a tmp-file is 32.0 GB


--------------------------------------------------------------
User input:
--------------------------------------------------------------

$molecule
-1,2
O
C1,O,r1
H1,C1,r2,O,a1
H,O,roh,C1,aoh,H1,toh,0
C2,C1,r3a,O,a2a,H1,t1a,0
C3,C1,r3b,O,a2b,H1,-t1b,0
H,C2,r4a,C1,a4a,H1,t2a,0
H,C3,r5a,C1,a5a,H1,-t2b,0
H,C2,r4b,C1,a4b,H1,t3a,0
H,C3,r5b,C1,a5b,H1,-t3b,0
H,C2,r4c,C1,a4c,H1,-t4a,0
H,C3,r5c,C1,a5c,H1,t4b,0

r1=1.43111827
r2=1.9557364
roh=2.07916264
r3a=1.52393712
r3b=1.53017411
r4a=1.09587708
r5a=1.09583825
r4b=1.09448657
r5b=1.09801539
r4c=1.0954512
r5c=1.0964078
a1=28.22171182
aoh=30.02045037
a2a=106.21524706
a2b=111.13113306
a4a=110.2041443
a5a=110.24366741
a4b=110.29321839
a5b=111.03931704
a4c=110.82961388
a5c=111.23833611
toh=-62.32359188
t1a=179.44473237
t1b=57.80032287
t2a=63.0172795
t2b=83.272013
t3a=-56.37337218
t3b=-36.4963859
t4a=176.72748761
t4b=156.21533884

$end

$comment
negative
$end

$xc_functional
C PBE   1.00
X wPBE  1.00
$end

$rem
SYMMETRY_DECOMPOSITION	0
exchange 		general
LRC_DFT                 true
BASIS                   g3large
omega			1030
mem_static              760
max_scf_cycles          200
scf_final_print         1
sym_ignore              true
$end

--------------------------------------------------------------
 Writing REM_CC_EA           12
 ----------------------------------------------------
       Standard Nuclear Orientation (Angstroms)
    I     Atom         X            Y            Z
 ----------------------------------------------------
    1      O       0.000000     0.000000     0.000000
    2      C       0.000000     0.000000     1.431118
    3      H       0.924838     0.000000    -0.292129
    4      H       0.483161     0.921207     1.800236
    5      C      -1.463245     0.014181     1.856673
    6      C       0.760558    -1.207760     1.982752
    7      H      -1.967442    -0.894454     1.508657
    8      H       0.298586    -2.138301     1.634130
    9      H      -1.976608     0.877600     1.422084
   10      H       1.806714    -1.200668     1.649367
   11      H      -1.551233     0.066921     2.947310
   12      H       0.763328    -1.208441     3.079156
 ----------------------------------------------------
 Nuclear Repulsion Energy =   134.3979926221 hartrees
 There are       18 alpha and       17 beta electrons
 Requested basis set is G3large
 There are 88 shells and 248 basis functions

Total QAlloc Memory Limit   2000 MB
Mega-Array Size       743 MB
MEM_STATIC part       760 MB

                       Distance Matrix (Angstroms)
             O (  1)   C (  2)   H (  3)   H (  4)   C (  5)   C (  6)
   C (  2)  1.431118
   H (  3)  0.969878  1.955736
   H (  4)  2.079163  1.103773  2.328453
   C (  5)  2.364005  1.523937  3.212552  2.148110
   C (  6)  2.443039  1.530174  2.580844  2.154707  2.540539
   H (  7)  2.635701  2.162611  3.522521  3.063836  1.095877  2.786558
   H (  8)  2.707742  2.168571  2.945335  3.069568  2.790476  1.095838
   H (  9)  2.588336  2.162693  3.482398  2.489048  1.094487  3.486424
   H ( 10)  2.725111  2.180241  2.447185  2.505376  3.494491  1.098015
   H ( 11)  3.331282  2.170171  4.077912  2.486833  1.095451  2.810617
   H ( 12)  3.394731  2.181519  3.584965  2.499906  2.819024  1.096408
             H (  7)   H (  8)   H (  9)   H ( 10)   H ( 11)
   H (  8)  2.588007
   H (  9)  1.774192  3.783799
   H ( 10)  3.789170  1.775904  4.322543
   H ( 11)  1.779661  3.163745  1.778892  3.816706
   H ( 12)  3.165779  1.780091  3.821610  1.770031  2.645964
 
 A cutoff of  1.0D-08 yielded   3639 shell pairs
 There are  28920 function pairs ( 34904 Cartesian)
Evaluating contribution to one-electron hamiltonian from nuclear
 Smallest overlap matrix eigenvalue = 4.89E-05

 Q-Chem warning in module mkSTV.C, line 194:

 Overlap eigenvalue is smaller than square root of threshold

 Multipole matrices computed through 2nd order

  Scale SEOQF with 1.000000e-01/1.000000e-01/1.000000e-01

 Standard Electronic Orientation quadrupole field applied
 Nucleus-field energy     =    -0.0000000069 hartrees
 Guess from superposition of atomic densities
 Warning:  Energy on first SCF cycle will be non-variational
 Long-range K will be added via erf
 Coulomb attenuation parameter = 1.03 bohr**(-1)
 An unrestricted Kohn-Sham SCF calculation will be
 performed using Pulay DIIS extrapolation
 Exchange:  wPBE + LR-HF      Correlation:  PBE
 Using SG-1 standard quadrature grid
 SCF converges when DIIS error is below 1.0E-05
 Requested basis set is G3large
 There are 88 shells and 248 basis functions
 A cutoff of  1.0D-08 yielded   3639 shell pairs
 There are  28920 function pairs ( 34904 Cartesian)
 Warning!  Inaccurate integrated density:
   Number of electrons =    35
   Numerical integral  =    34.000227111547
   Relative error      =    -2.8564939670 %
 ---------------------------------------
  Cycle       Energy         DIIS Error
 ---------------------------------------
    1    -195.3635523030      2.85E-02
    2    -194.1300477070      3.67E-03
    3    -194.2384384509      2.18E-03
    4    -194.2679909372      5.13E-04
    5    -194.2724896598      1.71E-04
    6    -194.2734230316      5.72E-05
    7    -194.2737702482      2.82E-05
    8    -194.2739905737      2.01E-05
    9    -194.2741591844      1.40E-05
   10    -194.2742792195      6.61E-06 Convergence criterion met
 ---------------------------------------
 One-Electron    Energy =  -533.4907511177
 Total Coulomb   Energy =   232.6993622245
 Alpha Exchange  Energy =    -6.5170623438
 Beta  Exchange  Energy =    -6.4398122836
 DFT   Exchange  Energy =   -13.8063768536
 DFT Correlation Energy =    -1.1176314606
 Nuclear Repu.   Energy =   134.3979926152
 Nuclear Attr.   Energy =  -726.7181591245
 Kinetic         Energy =   193.2274080068
 <S^2> = 0.7501
 SCF time:  CPU 314.18 s  wall 320.44 s
 Final Alpha MO Eigenvalues
            1           2           3           4           5           6
    1 -19.1359799 -10.3572653 -10.2992202 -10.2840642  -1.1985412  -0.9224594
            7           8           9          10          11          12
    1  -0.8255599  -0.6885440  -0.5876743  -0.5217661  -0.4978811  -0.4411581
           13          14          15          16          17          18
    1  -0.4386039  -0.4238758  -0.4039275  -0.3675193  -0.3257572   0.0269666
           19          20          21          22          23
    1   0.1314958   0.1402715   0.1439994   0.1690086   0.1757589
 Final Beta MO Eigenvalues
            1           2           3           4           5           6
    1 -19.1357788 -10.3570372 -10.2991668 -10.2836310  -1.1976006  -0.9214812
            7           8           9          10          11          12
    1  -0.8241940  -0.6870858  -0.5861708  -0.5202572  -0.4975436  -0.4408463
           13          14          15          16          17          18
    1  -0.4384220  -0.4235573  -0.4034140  -0.3669293  -0.3249192   0.1321920
           19          20          21          22
    1   0.1498861   0.1539353   0.1579070   0.1736944
 Analysis of SCF Wavefunction
 
 --------------------------------------------------------------
                    Orbital Energies (a.u.)
 --------------------------------------------------------------
 
 Alpha MOs
 -- Occupied --
-19.136 -10.357 -10.299 -10.284  -1.199  -0.922  -0.826  -0.689
 -0.588  -0.522  -0.498  -0.441  -0.439  -0.424  -0.404  -0.368
 -0.326   0.027
 -- Virtual --
  0.131   0.140   0.144   0.169   0.176   0.179   0.188   0.238
  0.244   0.267   0.277   0.278   0.283   0.284   0.298   0.304
  0.308   0.328   0.345   0.379   0.396   0.413   0.421   0.436
  0.442   0.468   0.482   0.486   0.497   0.504   0.521   0.552
  0.570   0.590   0.646   0.665   0.699   0.723   0.738   0.744
  0.790   0.812   0.819   0.830   0.831   0.841   0.854   0.883
  0.892   0.908   0.915   0.937   0.949   0.976   1.016   1.065
  1.081   1.132   1.137   1.180   1.209   1.232   1.251   1.276
  1.315   1.348   1.361   1.391   1.413   1.428   1.449   1.468
  1.481   1.508   1.521   1.561   1.586   1.599   1.613   1.626
  1.636   1.652   1.676   1.705   1.752   1.765   1.778   1.796
  1.809   1.850   1.859   1.893   1.912   1.921   1.963   1.966
  2.110   2.217   2.395   2.428   2.638   2.689   2.757   2.879
  2.905   2.944   2.948   3.018   3.064   3.087   3.181   3.204
  3.223   3.249   3.297   3.319   3.325   3.365   3.397   3.489
  3.508   3.541   3.547   3.581   3.610   3.671   3.704   3.715
  3.725   3.748   3.800   3.828   3.911   3.932   3.939   3.965
  3.984   4.036   4.078   4.093   4.134   4.159   4.200   4.220
  4.258   4.295   4.374   4.375   4.391   4.403   4.437   4.505
  4.539   4.584   4.592   4.609   4.618   4.638   4.683   4.711
  4.725   4.733   4.819   4.841   4.878   4.947   4.970   5.003
  5.010   5.053   5.115   5.238   5.516   5.600   5.652   5.706
  5.791   5.816   5.910   5.955   5.996   6.050   6.071   6.095
  6.114   6.271   6.355   6.877   7.454   7.602   7.691   7.737
  8.023   8.140  24.583  24.691  24.794  28.022  28.194  28.497
 28.537  28.567  28.588  28.603  28.786  28.895  41.387  41.438
 41.451  41.456  41.488  41.492  41.580  41.610  41.624  41.640
 41.643  41.668  41.671  41.709  41.741  44.314  44.343  44.386
 44.428  44.496  46.179  46.493  46.866  50.398
 
 Beta MOs
 -- Occupied --
-19.136 -10.357 -10.299 -10.284  -1.198  -0.921  -0.824  -0.687
 -0.586  -0.520  -0.498  -0.441  -0.438  -0.424  -0.403  -0.367
 -0.325
 -- Virtual --
  0.132   0.150   0.154   0.158   0.174   0.183   0.186   0.194
  0.238   0.244   0.264   0.276   0.277   0.281   0.286   0.298
  0.306   0.309   0.327   0.344   0.379   0.396   0.413   0.421
  0.435   0.441   0.466   0.481   0.485   0.495   0.503   0.518
  0.550   0.567   0.588   0.645   0.664   0.698   0.722   0.736
  0.743   0.788   0.812   0.818   0.828   0.830   0.838   0.854
  0.881   0.892   0.906   0.914   0.937   0.947   0.976   1.016
  1.065   1.081   1.132   1.136   1.181   1.209   1.232   1.251
  1.276   1.315   1.348   1.361   1.391   1.413   1.428   1.449
  1.468   1.481   1.508   1.521   1.561   1.586   1.599   1.613
  1.626   1.636   1.652   1.675   1.705   1.751   1.764   1.778
  1.796   1.808   1.850   1.858   1.892   1.912   1.921   1.963
  1.966   2.110   2.218   2.395   2.428   2.638   2.689   2.757
  2.879   2.905   2.944   2.948   3.018   3.064   3.087   3.181
  3.204   3.223   3.249   3.297   3.319   3.326   3.365   3.398
  3.489   3.508   3.541   3.547   3.581   3.610   3.671   3.705
  3.716   3.725   3.749   3.800   3.828   3.912   3.933   3.939
  3.965   3.984   4.036   4.078   4.093   4.134   4.159   4.200
  4.220   4.259   4.295   4.374   4.375   4.391   4.403   4.437
  4.505   4.539   4.584   4.592   4.610   4.618   4.638   4.683
  4.711   4.725   4.733   4.819   4.841   4.878   4.947   4.971
  5.003   5.010   5.053   5.115   5.238   5.516   5.601   5.652
  5.707   5.791   5.816   5.911   5.955   5.996   6.050   6.071
  6.095   6.114   6.271   6.356   6.877   7.455   7.602   7.691
  7.737   8.024   8.141  24.583  24.691  24.794  28.023  28.194
 28.497  28.537  28.567  28.588  28.603  28.787  28.895  41.387
 41.438  41.451  41.456  41.488  41.492  41.580  41.610  41.624
 41.640  41.643  41.668  41.671  41.709  41.741  44.314  44.343
 44.386  44.428  44.496  46.179  46.493  46.866  50.399
 --------------------------------------------------------------
 
          Ground-State Mulliken Net Atomic Charges

     Atom                 Charge (a.u.)    Spin (a.u.)
  --------------------------------------------------------
      1 O                    -0.414344       0.068579
      2 C                     0.111368      -0.048910
      3 H                    -0.177061       0.457220
      4 H                    -0.873933       0.952473
      5 C                     0.480238      -0.748713
      6 C                     2.162334      -2.415986
      7 H                     0.066795       0.007460
      8 H                    -0.211757       0.288748
      9 H                    -0.086244       0.168445
     10 H                    -1.607799       1.696398
     11 H                    -0.076577       0.140375
     12 H                    -0.373020       0.433913
  --------------------------------------------------------
  Sum of atomic charges =    -1.000000
  Sum of spin   charges =     1.000000

 -----------------------------------------------------------------
                    Cartesian Multipole Moments
 -----------------------------------------------------------------
    Charge (ESU x 10^10)
                -4.8032
    Dipole Moment (Debye)
         X      -7.9817      Y       0.7658      Z      -6.3539
       Tot      10.2306
    Quadrupole Moments (Debye-Ang)
        XX     -65.8204     XY       4.6599     YY     -49.7406
        XZ     -12.2222     YZ       0.4669     ZZ     -62.7118
    Octapole Moments (Debye-Ang^2)
       XXX    -122.3968    XXY      27.2160    XYY     -33.9607
       YYY      40.8437    XXZ     -95.5497    XYZ       5.5571
       YYZ     -76.0853    XZZ     -48.2252    YZZ      15.8467
       ZZZ    -252.5487
    Hexadecapole Moments (Debye-Ang^3)
      XXXX    -854.5003   XXXY     121.5801   XXYY    -208.4982
      XYYY      77.8470   YYYY    -408.7092   XXXZ    -151.3621
      XXYZ      41.7960   XYYZ     -43.5827   YYYZ      72.9898
      XXZZ    -347.5820   XYZZ      33.2518   YYZZ    -267.1790
      XZZZ    -144.1795   YZZZ      85.3916   ZZZZ   -1216.1726
 -----------------------------------------------------------------
 Total job time:  320.93s(wall), 314.57s(cpu) 
 Mon Jun  3 17:09:12 2013

        *************************************************************
        *                                                           *
        *  Thank you very much for using Q-Chem.  Have a nice day.  *
        *                                                           *
        *************************************************************


0 sent ACK to 0 
now end server 0 ... 
 
**********************************************************************
Job 2 of 3 
**********************************************************************
 
Process 0 of 1 is on cl010.stfx.acenet.ca - thread support 1
initial socket setup ...start
initial socket setup ...done 
now start server 0 ... 

cmd = /usr/bin/ssh clhead /usr/local/qchem/bin/get_hostid 270371762 > /scratch/tmp/6027727.1.short.q/qchem20447/lic.dat
                  Welcome to Q-Chem
     A Quantum Leap Into The Future Of Chemistry

 Y. Shao, L. Fusti-Molnar, Y. Jung, J. Kussmann, C. Ochsenfeld,
 S. T. Brown, A. T. B. Gilbert, L. V. Slipchenko,S. V. Levchenko,
 D. P. O'Neill, R. A. DiStasio Jr., R. C. Lochan, T. Wang,
 G. J. O. Beran, N. A. Besley, J. M. Herbert, C. Y. Lin,
 T. Van Voorhis, S. H. Chien, A. Sodt, R. P. Steele, 
 V. A. Rassolov, P. E. Maslen, P. P. Korambath, R. D. Adamson,
 B. Austin, J. Baker, E. F. C. Byrd, H. Dachsel, R. J. Doerksen,
 A. Dreuw, B. D. Dunietz, A. D. Dutoi, T. R. Furlani,
 S. R. Gwaltney, A. Heyden, S. Hirata, C.-P. Hsu, G. Kedziora,
 R. Z. Khaliullin, P. Klunzinger, A. M. Lee, M. S. Lee, W. Liang,
 I. Lotan, N. Nair, B. Peters, E. I. Proynov, P. A. Pieniazek, 
 Y. M. Rhee, J. Ritchie, E. Rosta, C. D. Sherrill, 
 A. C. Simmonett, J. E. Subotnik, H. L. Woodcock III,
 W. Zhang, A. T. Bell, A. K. Chakraborty, D. M. Chipman,
 F. J. Keil, A. Warshel, W. J. Hehre, H. F. Schaefer III,
 J. Kong, A. I. Krylov, P. M. W. Gill, M. Head-Gordon,
 Q-Chem, Version 3.1, Q-Chem, Inc., Pittsburgh, PA (2007).

 Additional authors for Version 3.1: 
 Z. Gan, Y. Zhao, N. E. Schultz, D. Truhlar, E. Epifanovsky and M. Oana.

 Additional authors for Version 3.2: 
 R. Baer, B. R. Brooks, D. Casanova, J.-D. Chai, C.-L. Cheng, 
 C. Cramer, D. Crittenden, A. Ghysels, G. Hawkins, E. G. Hohenstein, 
 C. Kelley, W. Kurlancheek, D. Liotard, E. Livshits, P. Manohar, 
 A. Marenich, D. Neuhauser, R. Olson, M. A. Rohrdanz, K. S. Thanthiriwatte, 
 A. J. W. Thom, V. Vanovschi, C. F. Williams, Q. Wu and Z.-Q. You. 


 Intel X86 Linux Version

 Q-chem begins on Mon Jun  3 17:09:15 2013  

 Parallel job on  1  processors
Processing $rem in /usr/local/qchem/config/preferences.

theFileMan(): MAXOPENFILES=974 MAX_SUB_FILE_NUM=16
Maximum size of a physical file is 2.0 GB, maximum size of a tmp-file is 32.0 GB


--------------------------------------------------------------
User input:
--------------------------------------------------------------

$molecule
0,1
O
C1,O,r1
H1,C1,r2,O,a1
H,O,roh,C1,aoh,H1,toh,0
C2,C1,r3a,O,a2a,H1,t1a,0
C3,C1,r3b,O,a2b,H1,-t1b,0
H,C2,r4a,C1,a4a,H1,t2a,0
H,C3,r5a,C1,a5a,H1,-t2b,0
H,C2,r4b,C1,a4b,H1,t3a,0
H,C3,r5b,C1,a5b,H1,-t3b,0
H,C2,r4c,C1,a4c,H1,-t4a,0
H,C3,r5c,C1,a5c,H1,t4b,0

r1=1.43111827
r2=1.9557364
roh=2.07916264
r3a=1.52393712
r3b=1.53017411
r4a=1.09587708
r5a=1.09583825
r4b=1.09448657
r5b=1.09801539
r4c=1.0954512
r5c=1.0964078
a1=28.22171182
aoh=30.02045037
a2a=106.21524706
a2b=111.13113306
a4a=110.2041443
a5a=110.24366741
a4b=110.29321839
a5b=111.03931704
a4c=110.82961388
a5c=111.23833611
toh=-62.32359188
t1a=179.44473237
t1b=57.80032287
t2a=63.0172795
t2b=83.272013
t3a=-56.37337218
t3b=-36.4963859
t4a=176.72748761
t4b=156.21533884

$end

$comment
neutral
$end

$xc_functional
C PBE   1.00
X wPBE  1.00
$end


$rem
SYMMETRY_DECOMPOSITION	0
LRC_DFT                 true
exchange 		general
BASIS                   g3large
omega			1030
mem_static              760
max_scf_cycles          200
scf_final_print         1
sym_ignore              true
$end

--------------------------------------------------------------
 Writing REM_CC_EA           12
 ----------------------------------------------------
       Standard Nuclear Orientation (Angstroms)
    I     Atom         X            Y            Z
 ----------------------------------------------------
    1      O       0.000000     0.000000     0.000000
    2      C       0.000000     0.000000     1.431118
    3      H       0.924838     0.000000    -0.292129
    4      H       0.483161     0.921207     1.800236
    5      C      -1.463245     0.014181     1.856673
    6      C       0.760558    -1.207760     1.982752
    7      H      -1.967442    -0.894454     1.508657
    8      H       0.298586    -2.138301     1.634130
    9      H      -1.976608     0.877600     1.422084
   10      H       1.806714    -1.200668     1.649367
   11      H      -1.551233     0.066921     2.947310
   12      H       0.763328    -1.208441     3.079156
 ----------------------------------------------------
 Nuclear Repulsion Energy =   134.3979926221 hartrees
 There are       17 alpha and       17 beta electrons
 Requested basis set is G3large
 There are 88 shells and 248 basis functions

Total QAlloc Memory Limit   2000 MB
Mega-Array Size       743 MB
MEM_STATIC part       760 MB

                       Distance Matrix (Angstroms)
             O (  1)   C (  2)   H (  3)   H (  4)   C (  5)   C (  6)
   C (  2)  1.431118
   H (  3)  0.969878  1.955736
   H (  4)  2.079163  1.103773  2.328453
   C (  5)  2.364005  1.523937  3.212552  2.148110
   C (  6)  2.443039  1.530174  2.580844  2.154707  2.540539
   H (  7)  2.635701  2.162611  3.522521  3.063836  1.095877  2.786558
   H (  8)  2.707742  2.168571  2.945335  3.069568  2.790476  1.095838
   H (  9)  2.588336  2.162693  3.482398  2.489048  1.094487  3.486424
   H ( 10)  2.725111  2.180241  2.447185  2.505376  3.494491  1.098015
   H ( 11)  3.331282  2.170171  4.077912  2.486833  1.095451  2.810617
   H ( 12)  3.394731  2.181519  3.584965  2.499906  2.819024  1.096408
             H (  7)   H (  8)   H (  9)   H ( 10)   H ( 11)
   H (  8)  2.588007
   H (  9)  1.774192  3.783799
   H ( 10)  3.789170  1.775904  4.322543
   H ( 11)  1.779661  3.163745  1.778892  3.816706
   H ( 12)  3.165779  1.780091  3.821610  1.770031  2.645964
 
 A cutoff of  1.0D-08 yielded   3639 shell pairs
 There are  28920 function pairs ( 34904 Cartesian)
Evaluating contribution to one-electron hamiltonian from nuclear
 Smallest overlap matrix eigenvalue = 4.89E-05

 Q-Chem warning in module mkSTV.C, line 194:

 Overlap eigenvalue is smaller than square root of threshold

 Multipole matrices computed through 2nd order

  Scale SEOQF with 1.000000e-01/1.000000e-01/1.000000e-01

 Standard Electronic Orientation quadrupole field applied
 Nucleus-field energy     =    -0.0000000069 hartrees
 Guess from superposition of atomic densities
 Warning:  Energy on first SCF cycle will be non-variational
 Long-range K will be added via erf
 Coulomb attenuation parameter = 1.03 bohr**(-1)
 A restricted Kohn-Sham SCF calculation will be
 performed using Pulay DIIS extrapolation
 Exchange:  wPBE + LR-HF      Correlation:  PBE
 Using SG-1 standard quadrature grid
 SCF converges when DIIS error is below 1.0E-05
 Requested basis set is G3large
 There are 88 shells and 248 basis functions
 A cutoff of  1.0D-08 yielded   3639 shell pairs
 There are  28920 function pairs ( 34904 Cartesian)
 ---------------------------------------
  Cycle       Energy         DIIS Error
 ---------------------------------------
    1    -195.3635523030      2.85E-02
    2    -194.1960118389      3.53E-03
    3    -194.2841846729      1.87E-03
    4    -194.3033493197      5.21E-04
    5    -194.3056365574      1.35E-04
    6    -194.3058493905      3.72E-05
    7    -194.3058649525      9.37E-06 Convergence criterion met
 ---------------------------------------
 One-Electron    Energy =  -529.1129244982
 Total Coulomb   Energy =   228.2110385480
 Alpha Exchange  Energy =    -6.4436579231
 Beta  Exchange  Energy =    -6.4436579231
 DFT   Exchange  Energy =   -13.8043948815
 DFT Correlation Energy =    -1.1102608896
 Nuclear Repu.   Energy =   134.3979926152
 Nuclear Attr.   Energy =  -722.2811960688
 Kinetic         Energy =   193.1682715706
 SCF time:  CPU 168.91 s  wall 173.02 s
 Final Alpha MO Eigenvalues
            1           2           3           4           5           6
    1 -19.2695469 -10.4898718 -10.4235769 -10.4159399  -1.3313733  -1.0510465
            7           8           9          10          11          12
    1  -0.9535600  -0.8172163  -0.7187887  -0.6509855  -0.6297033  -0.5713538
           13          14          15          16          17          18
    1  -0.5586219  -0.5525907  -0.5345923  -0.4975714  -0.4580841   0.0383093
           19          20          21          22
    1   0.0553954   0.0580071   0.0630849   0.0834180
 Analysis of SCF Wavefunction
 
 --------------------------------------------------------------
                    Orbital Energies (a.u.)
 --------------------------------------------------------------
 
 Alpha MOs
 -- Occupied --
-19.270 -10.490 -10.424 -10.416  -1.331  -1.051  -0.954  -0.817
 -0.719  -0.651  -0.630  -0.571  -0.559  -0.553  -0.535  -0.498
 -0.458
 -- Virtual --
  0.038   0.055   0.058   0.063   0.083   0.086   0.093   0.098
  0.136   0.145   0.163   0.171   0.175   0.178   0.183   0.191
  0.199   0.203   0.227   0.235   0.265   0.278   0.293   0.301
  0.318   0.322   0.346   0.363   0.367   0.380   0.387   0.407
  0.430   0.450   0.471   0.526   0.545   0.575   0.595   0.615
  0.624   0.667   0.688   0.699   0.704   0.709   0.711   0.727
  0.753   0.767   0.778   0.788   0.819   0.824   0.846   0.890
  0.936   0.952   1.005   1.008   1.052   1.082   1.105   1.124
  1.146   1.188   1.223   1.234   1.262   1.284   1.304   1.320
  1.339   1.356   1.380   1.395   1.438   1.456   1.471   1.485
  1.501   1.507   1.525   1.545   1.574   1.623   1.640   1.649
  1.667   1.685   1.721   1.733   1.765   1.785   1.793   1.831
  1.838   1.982   2.085   2.264   2.297   2.507   2.557   2.631
  2.748   2.773   2.817   2.823   2.886   2.939   2.957   3.052
  3.074   3.093   3.118   3.172   3.189   3.197   3.235   3.269
  3.362   3.375   3.417   3.419   3.451   3.480   3.545   3.576
  3.584   3.600   3.618   3.671   3.698   3.783   3.799   3.816
  3.839   3.852   3.906   3.947   3.962   4.003   4.025   4.068
  4.094   4.129   4.165   4.238   4.246   4.262   4.277   4.311
  4.375   4.407   4.453   4.462   4.483   4.493   4.509   4.551
  4.579   4.596   4.601   4.694   4.708   4.750   4.816   4.847
  4.866   4.887   4.922   4.986   5.109   5.384   5.470   5.520
  5.574   5.664   5.684   5.778   5.823   5.863   5.918   5.948
  5.966   5.986   6.139   6.224   6.745   7.322   7.467   7.558
  7.605   7.891   8.009  24.452  24.563  24.664  27.891  28.064
 28.364  28.412  28.436  28.463  28.472  28.657  28.764  41.257
 41.307  41.317  41.333  41.351  41.369  41.447  41.479  41.500
 41.503  41.513  41.532  41.550  41.590  41.605  44.180  44.210
 44.253  44.295  44.363  46.046  46.360  46.732  50.265
 --------------------------------------------------------------
 
          Ground-State Mulliken Net Atomic Charges

     Atom                 Charge (a.u.)
  ----------------------------------------
      1 O                    -0.321396
      2 C                     0.047074
      3 H                     0.257354
      4 H                     0.063802
      5 C                    -0.255007
      6 C                    -0.266492
      7 H                     0.089009
      8 H                     0.102175
      9 H                     0.093196
     10 H                     0.060148
     11 H                     0.064159
     12 H                     0.065978
  ----------------------------------------
  Sum of atomic charges =     0.000000

 -----------------------------------------------------------------
                    Cartesian Multipole Moments
 -----------------------------------------------------------------
    Charge (ESU x 10^10)
                 0.0000
    Dipole Moment (Debye)
         X       1.3839      Y      -0.0636      Z       1.2084
       Tot       1.8383
    Quadrupole Moments (Debye-Ang)
        XX     -24.2270     XY       0.1298     YY     -26.1998
        XZ      -0.9645     YZ      -0.0376     ZZ     -24.1147
    Octapole Moments (Debye-Ang^2)
       XXX      16.1216    XXY       8.9875    XYY       3.5556
       YYY      26.0008    XXZ     -37.6850    XYZ       0.2212
       YYZ     -36.5212    XZZ       4.8299    YZZ       8.8221
       ZZZ    -104.9977
    Hexadecapole Moments (Debye-Ang^3)
      XXXX    -173.8124   XXXY      21.3956   XXYY     -47.3627
      XYYY      24.4853   YYYY    -112.9567   XXXZ      27.4872
      XXYZ      18.2997   XYYZ       8.2946   YYYZ      54.2189
      XXZZ    -107.0745   XYZZ       7.4955   YYZZ     -96.5903
      XZZZ      25.7656   YZZZ      52.1968   ZZZZ    -427.2829
 -----------------------------------------------------------------
 Total job time:  173.53s(wall), 169.27s(cpu) 
 Mon Jun  3 17:12:08 2013

        *************************************************************
        *                                                           *
        *  Thank you very much for using Q-Chem.  Have a nice day.  *
        *                                                           *
        *************************************************************


0 sent ACK to 0 
now end server 0 ... 
 
**********************************************************************
Job 3 of 3 
**********************************************************************
 
Process 0 of 1 is on cl010.stfx.acenet.ca - thread support 1
initial socket setup ...start
initial socket setup ...done 
now start server 0 ... 

cmd = /usr/bin/ssh clhead /usr/local/qchem/bin/get_hostid 131667120 > /scratch/tmp/6027727.1.short.q/qchem20447/lic.dat
                  Welcome to Q-Chem
     A Quantum Leap Into The Future Of Chemistry

 Y. Shao, L. Fusti-Molnar, Y. Jung, J. Kussmann, C. Ochsenfeld,
 S. T. Brown, A. T. B. Gilbert, L. V. Slipchenko,S. V. Levchenko,
 D. P. O'Neill, R. A. DiStasio Jr., R. C. Lochan, T. Wang,
 G. J. O. Beran, N. A. Besley, J. M. Herbert, C. Y. Lin,
 T. Van Voorhis, S. H. Chien, A. Sodt, R. P. Steele, 
 V. A. Rassolov, P. E. Maslen, P. P. Korambath, R. D. Adamson,
 B. Austin, J. Baker, E. F. C. Byrd, H. Dachsel, R. J. Doerksen,
 A. Dreuw, B. D. Dunietz, A. D. Dutoi, T. R. Furlani,
 S. R. Gwaltney, A. Heyden, S. Hirata, C.-P. Hsu, G. Kedziora,
 R. Z. Khaliullin, P. Klunzinger, A. M. Lee, M. S. Lee, W. Liang,
 I. Lotan, N. Nair, B. Peters, E. I. Proynov, P. A. Pieniazek, 
 Y. M. Rhee, J. Ritchie, E. Rosta, C. D. Sherrill, 
 A. C. Simmonett, J. E. Subotnik, H. L. Woodcock III,
 W. Zhang, A. T. Bell, A. K. Chakraborty, D. M. Chipman,
 F. J. Keil, A. Warshel, W. J. Hehre, H. F. Schaefer III,
 J. Kong, A. I. Krylov, P. M. W. Gill, M. Head-Gordon,
 Q-Chem, Version 3.1, Q-Chem, Inc., Pittsburgh, PA (2007).

 Additional authors for Version 3.1: 
 Z. Gan, Y. Zhao, N. E. Schultz, D. Truhlar, E. Epifanovsky and M. Oana.

 Additional authors for Version 3.2: 
 R. Baer, B. R. Brooks, D. Casanova, J.-D. Chai, C.-L. Cheng, 
 C. Cramer, D. Crittenden, A. Ghysels, G. Hawkins, E. G. Hohenstein, 
 C. Kelley, W. Kurlancheek, D. Liotard, E. Livshits, P. Manohar, 
 A. Marenich, D. Neuhauser, R. Olson, M. A. Rohrdanz, K. S. Thanthiriwatte, 
 A. J. W. Thom, V. Vanovschi, C. F. Williams, Q. Wu and Z.-Q. You. 


 Intel X86 Linux Version

 Q-chem begins on Mon Jun  3 17:12:11 2013  

 Parallel job on  1  processors
Processing $rem in /usr/local/qchem/config/preferences.

theFileMan(): MAXOPENFILES=974 MAX_SUB_FILE_NUM=16
Maximum size of a physical file is 2.0 GB, maximum size of a tmp-file is 32.0 GB


--------------------------------------------------------------
User input:
--------------------------------------------------------------

$molecule
1,2
O
C1,O,r1
H1,C1,r2,O,a1
H,O,roh,C1,aoh,H1,toh,0
C2,C1,r3a,O,a2a,H1,t1a,0
C3,C1,r3b,O,a2b,H1,-t1b,0
H,C2,r4a,C1,a4a,H1,t2a,0
H,C3,r5a,C1,a5a,H1,-t2b,0
H,C2,r4b,C1,a4b,H1,t3a,0
H,C3,r5b,C1,a5b,H1,-t3b,0
H,C2,r4c,C1,a4c,H1,-t4a,0
H,C3,r5c,C1,a5c,H1,t4b,0

r1=1.43111827
r2=1.9557364
roh=2.07916264
r3a=1.52393712
r3b=1.53017411
r4a=1.09587708
r5a=1.09583825
r4b=1.09448657
r5b=1.09801539
r4c=1.0954512
r5c=1.0964078
a1=28.22171182
aoh=30.02045037
a2a=106.21524706
a2b=111.13113306
a4a=110.2041443
a5a=110.24366741
a4b=110.29321839
a5b=111.03931704
a4c=110.82961388
a5c=111.23833611
toh=-62.32359188
t1a=179.44473237
t1b=57.80032287
t2a=63.0172795
t2b=83.272013
t3a=-56.37337218
t3b=-36.4963859
t4a=176.72748761
t4b=156.21533884

$end

$comment
positive
$end

$xc_functional
C PBE   1.00
X wPBE  1.00
$end

$rem
SYMMETRY_DECOMPOSITION	0
LRC_DFT                 true
exchange 		general
BASIS                   g3large
omega			1030
mem_static              760
max_scf_cycles          200
scf_final_print         1
sym_ignore              true
$end

--------------------------------------------------------------
 Writing REM_CC_EA           12
 ----------------------------------------------------
       Standard Nuclear Orientation (Angstroms)
    I     Atom         X            Y            Z
 ----------------------------------------------------
    1      O       0.000000     0.000000     0.000000
    2      C       0.000000     0.000000     1.431118
    3      H       0.924838     0.000000    -0.292129
    4      H       0.483161     0.921207     1.800236
    5      C      -1.463245     0.014181     1.856673
    6      C       0.760558    -1.207760     1.982752
    7      H      -1.967442    -0.894454     1.508657
    8      H       0.298586    -2.138301     1.634130
    9      H      -1.976608     0.877600     1.422084
   10      H       1.806714    -1.200668     1.649367
   11      H      -1.551233     0.066921     2.947310
   12      H       0.763328    -1.208441     3.079156
 ----------------------------------------------------
 Nuclear Repulsion Energy =   134.3979926221 hartrees
 There are       17 alpha and       16 beta electrons
 Requested basis set is G3large
 There are 88 shells and 248 basis functions

Total QAlloc Memory Limit   2000 MB
Mega-Array Size       743 MB
MEM_STATIC part       760 MB

                       Distance Matrix (Angstroms)
             O (  1)   C (  2)   H (  3)   H (  4)   C (  5)   C (  6)
   C (  2)  1.431118
   H (  3)  0.969878  1.955736
   H (  4)  2.079163  1.103773  2.328453
   C (  5)  2.364005  1.523937  3.212552  2.148110
   C (  6)  2.443039  1.530174  2.580844  2.154707  2.540539
   H (  7)  2.635701  2.162611  3.522521  3.063836  1.095877  2.786558
   H (  8)  2.707742  2.168571  2.945335  3.069568  2.790476  1.095838
   H (  9)  2.588336  2.162693  3.482398  2.489048  1.094487  3.486424
   H ( 10)  2.725111  2.180241  2.447185  2.505376  3.494491  1.098015
   H ( 11)  3.331282  2.170171  4.077912  2.486833  1.095451  2.810617
   H ( 12)  3.394731  2.181519  3.584965  2.499906  2.819024  1.096408
             H (  7)   H (  8)   H (  9)   H ( 10)   H ( 11)
   H (  8)  2.588007
   H (  9)  1.774192  3.783799
   H ( 10)  3.789170  1.775904  4.322543
   H ( 11)  1.779661  3.163745  1.778892  3.816706
   H ( 12)  3.165779  1.780091  3.821610  1.770031  2.645964
 
 A cutoff of  1.0D-08 yielded   3639 shell pairs
 There are  28920 function pairs ( 34904 Cartesian)
Evaluating contribution to one-electron hamiltonian from nuclear
 Smallest overlap matrix eigenvalue = 4.89E-05

 Q-Chem warning in module mkSTV.C, line 194:

 Overlap eigenvalue is smaller than square root of threshold

 Multipole matrices computed through 2nd order

  Scale SEOQF with 1.000000e-01/1.000000e-01/1.000000e-01

 Standard Electronic Orientation quadrupole field applied
 Nucleus-field energy     =    -0.0000000069 hartrees
 Guess from superposition of atomic densities
 Warning:  Energy on first SCF cycle will be non-variational
 Long-range K will be added via erf
 Coulomb attenuation parameter = 1.03 bohr**(-1)
 An unrestricted Kohn-Sham SCF calculation will be
 performed using Pulay DIIS extrapolation
 Exchange:  wPBE + LR-HF      Correlation:  PBE
 Using SG-1 standard quadrature grid
 SCF converges when DIIS error is below 1.0E-05
 Requested basis set is G3large
 There are 88 shells and 248 basis functions
 A cutoff of  1.0D-08 yielded   3639 shell pairs
 There are  28920 function pairs ( 34904 Cartesian)
 Warning!  Inaccurate integrated density:
   Number of electrons =    33
   Numerical integral  =    34.000227111547
   Relative error      =     3.0309912471 %
 ---------------------------------------
  Cycle       Energy         DIIS Error
 ---------------------------------------
    1    -195.3635523030      2.85E-02
    2    -193.7603129667      3.17E-03
    3    -193.8415953547      2.14E-03
    4    -193.8685075046      5.74E-04
    5    -193.8757387821      2.92E-04
    6    -193.8796756440      2.45E-04
    7    -193.8843283032      2.62E-04
    8    -193.8860573000      2.66E-04
    9    -193.8803708621      2.55E-04
   10    -193.8591210790      7.41E-04
   11    -193.8709060702      4.14E-04
   12    -193.8727965215      4.21E-04
   13    -193.8728884392      4.11E-04
   14    -193.8713783804      4.01E-04
   15    -193.8720904971      3.95E-04
   16    -193.8723509975      3.92E-04
   17    -193.8721125108      3.95E-04
   18    -193.8714642568      4.22E-04
   19    -193.8688008653      4.73E-04
   20    -193.8722684346      3.22E-04
   21    -193.8749225737      2.24E-04
   22    -193.8795082132      2.51E-04
   23    -193.8756796311      2.43E-04
   24    -193.8346144500      1.51E-03
   25    -193.8603954647      6.44E-04
   26    -193.8571258752      7.27E-04
   27    -193.8612198052      6.04E-04
   28    -193.8614271919      6.01E-04
   29    -193.8599884633      6.39E-04
   30    -193.8595267985      6.20E-04
   31    -193.8585871518      6.48E-04
   32    -193.8584090145      6.22E-04
   33    -193.8594285076      5.77E-04
   34    -193.8579472620      6.26E-04
   35    -193.8582327596      6.14E-04
   36    -193.8586507476      5.87E-04
   37    -193.8590948251      5.88E-04
   38    -193.8709735922      2.87E-04
   39    -193.8646903515      3.01E-04
   40    -193.8507193563      7.55E-04
   41    -193.8505982966      7.68E-04
   42    -193.8477908502      9.08E-04
   43    -193.8471998982      9.25E-04
   44    -193.8472874114      9.19E-04
   45    -193.8480460986      8.78E-04
   46    -193.8482214884      8.63E-04
   47    -193.8468298847      9.16E-04
   48    -193.8480348368      8.60E-04
   49    -193.8450239104      1.00E-03
   50    -193.8447977718      9.78E-04
   51    -193.8436517073      1.01E-03
   52    -193.8439712295      9.92E-04
   53    -193.8469081114      8.47E-04
   54    -193.8572563648      2.26E-04
   55    -193.8617729206      1.97E-04
   56    -193.8551723993      2.52E-04
   57    -193.8508622860      3.50E-04
   58    -193.8511337758      3.17E-04
   59    -193.8516571297      2.00E-04
   60    -193.8520060594      1.68E-04
   61    -193.8523966951      1.06E-04
   62    -193.8524372037      7.01E-05
   63    -193.8524335288      8.42E-05
   64    -193.8524628959      7.67E-05
   65    -193.8524815979      6.25E-05
   66    -193.8524714835      5.87E-05
   67    -193.8524582233      6.67E-05
   68    -193.8524706673      4.97E-05
   69    -193.8524972090      1.68E-05
   70    -193.8525182326      3.39E-06 Convergence criterion met
 ---------------------------------------
 One-Electron    Energy =  -520.2839641752
 Total Coulomb   Energy =   219.4522543369
 Alpha Exchange  Energy =    -6.5079483446
 Beta  Exchange  Energy =    -6.0816275533
 DFT   Exchange  Energy =   -13.7563218636
 DFT Correlation Energy =    -1.0729032481
 Nuclear Repu.   Energy =   134.3979926152
 Nuclear Attr.   Energy =  -713.1841415937
 Kinetic         Energy =   192.9001774185
 <S^2> = 0.7609
 SCF time:  CPU 2149.46 s  wall 2200.76 s
 Final Alpha MO Eigenvalues
            1           2           3           4           5           6
    1 -19.5287645 -10.7980930 -10.7129196 -10.6631382  -1.5931987  -1.3411099
            7           8           9          10          11          12
    1  -1.2182036  -1.0831635  -0.9883196  -0.9159923  -0.8965430  -0.8273847
           13          14          15          16          17          18
    1  -0.8181071  -0.8051417  -0.7884509  -0.7714791  -0.7148598  -0.1029912
           19          20          21          22
    1  -0.0781444  -0.0729224  -0.0653585  -0.0472888
 Final Beta MO Eigenvalues
            1           2           3           4           5           6
    1 -19.5252278 -10.7927725 -10.7065499 -10.6613908  -1.5775217  -1.2933049
            7           8           9          10          11          12
    1  -1.1789017  -1.0489646  -0.9624850  -0.8900612  -0.8446413  -0.8114652
           13          14          15          16          17          18
    1  -0.7986271  -0.7854398  -0.7551993  -0.7032696  -0.4058929  -0.1013517
           19          20          21
    1  -0.0764592  -0.0715347  -0.0644229
 Analysis of SCF Wavefunction
 
 --------------------------------------------------------------
                    Orbital Energies (a.u.)
 --------------------------------------------------------------
 
 Alpha MOs
 -- Occupied --
-19.529 -10.798 -10.713 -10.663  -1.593  -1.341  -1.218  -1.083
 -0.988  -0.916  -0.897  -0.827  -0.818  -0.805  -0.788  -0.771
 -0.715
 -- Virtual --
 -0.103  -0.078  -0.073  -0.065  -0.047  -0.043  -0.034  -0.025
 -0.017  -0.007   0.008   0.019   0.027   0.031   0.036   0.040
  0.049   0.058   0.068   0.079   0.082   0.094   0.117   0.123
  0.124   0.130   0.148   0.167   0.173   0.182   0.211   0.234
  0.244   0.253   0.288   0.326   0.346   0.365   0.383   0.410
  0.419   0.456   0.459   0.482   0.493   0.495   0.505   0.511
  0.532   0.543   0.557   0.568   0.611   0.623   0.630   0.668
  0.714   0.737   0.785   0.787   0.827   0.868   0.882   0.904
  0.921   0.964   0.998   1.009   1.038   1.062   1.078   1.105
  1.120   1.131   1.156   1.174   1.200   1.228   1.239   1.244
  1.270   1.282   1.295   1.319   1.353   1.399   1.412   1.420
  1.444   1.461   1.495   1.504   1.535   1.558   1.560   1.602
  1.607   1.744   1.843   2.016   2.048   2.258   2.317   2.388
  2.493   2.524   2.568   2.573   2.634   2.672   2.700   2.773
  2.798   2.822   2.847   2.914   2.924   2.954   2.973   2.999
  3.109   3.125   3.153   3.164   3.190   3.237   3.289   3.308
  3.331   3.337   3.366   3.408   3.443   3.519   3.550   3.553
  3.576   3.604   3.643   3.666   3.686   3.739   3.779   3.807
  3.825   3.871   3.904   3.985   3.995   4.004   4.015   4.056
  4.118   4.153   4.186   4.216   4.235   4.248   4.263   4.290
  4.319   4.335   4.347   4.438   4.464   4.498   4.570   4.585
  4.613   4.623   4.671   4.717   4.844   5.137   5.211   5.269
  5.320   5.391   5.424   5.513   5.552   5.615   5.677   5.690
  5.721   5.738   5.883   5.962   6.481   7.065   7.215   7.298
  7.352   7.635   7.749  24.165  24.294  24.379  27.596  27.770
 28.068  28.137  28.163  28.203  28.212  28.369  28.477  40.946
 41.006  41.035  41.061  41.082  41.108  41.143  41.169  41.205
 41.215  41.248  41.261  41.291  41.298  41.353  43.920  43.950
 43.995  44.035  44.100  45.789  46.097  46.474  50.006
 
 Beta MOs
 -- Occupied --
-19.525 -10.793 -10.707 -10.661  -1.578  -1.293  -1.179  -1.049
 -0.962  -0.890  -0.845  -0.811  -0.799  -0.785  -0.755  -0.703
 -- Virtual --
 -0.406  -0.101  -0.076  -0.072  -0.064  -0.046  -0.042  -0.033
 -0.024  -0.016  -0.003   0.011   0.021   0.029   0.033   0.036
  0.042   0.051   0.061   0.072   0.083   0.086   0.100   0.121
  0.125   0.131   0.143   0.160   0.171   0.187   0.188   0.215
  0.237   0.250   0.260   0.290   0.331   0.356   0.373   0.396
  0.414   0.425   0.465   0.472   0.487   0.499   0.505   0.510
  0.517   0.544   0.560   0.563   0.576   0.618   0.628   0.634
  0.673   0.720   0.739   0.789   0.791   0.833   0.869   0.885
  0.908   0.926   0.967   1.002   1.015   1.043   1.067   1.082
  1.108   1.125   1.135   1.162   1.180   1.212   1.237   1.246
  1.257   1.276   1.288   1.302   1.324   1.357   1.404   1.416
  1.425   1.447   1.463   1.499   1.509   1.540   1.563   1.565
  1.608   1.611   1.749   1.850   2.024   2.056   2.263   2.325
  2.394   2.505   2.533   2.576   2.580   2.646   2.687   2.707
  2.791   2.818   2.836   2.861   2.926   2.932   2.959   2.984
  3.010   3.119   3.132   3.164   3.170   3.198   3.243   3.296
  3.322   3.341   3.342   3.373   3.420   3.450   3.526   3.559
  3.563   3.584   3.610   3.648   3.679   3.697   3.747   3.786
  3.816   3.834   3.880   3.911   3.994   4.000   4.011   4.024
  4.062   4.125   4.161   4.195   4.223   4.241   4.252   4.269
  4.301   4.328   4.343   4.355   4.444   4.469   4.504   4.576
  4.593   4.621   4.631   4.676   4.727   4.856   5.141   5.219
  5.277   5.328   5.403   5.431   5.522   5.564   5.619   5.681
  5.696   5.726   5.744   5.887   5.970   6.486   7.076   7.222
  7.313   7.357   7.642   7.761  24.170  24.298  24.383  27.607
 27.775  28.071  28.140  28.167  28.205  28.213  28.376  28.486
 40.957  41.009  41.042  41.066  41.087  41.110  41.145  41.179
 41.211  41.221  41.258  41.262  41.293  41.303  41.356  43.927
 43.956  43.997  44.040  44.108  45.791  46.105  46.477  50.010
 --------------------------------------------------------------
 
          Ground-State Mulliken Net Atomic Charges

     Atom                 Charge (a.u.)    Spin (a.u.)
  --------------------------------------------------------
      1 O                    -0.171981       0.127021
      2 C                     0.052821       0.251253
      3 H                     0.320320       0.024548
      4 H                     0.188465       0.075730
      5 C                    -0.117543       0.325712
      6 C                    -0.173236       0.085733
      7 H                     0.170077       0.015167
      8 H                     0.153130       0.011853
      9 H                     0.177865       0.029382
     10 H                     0.143867       0.065307
     11 H                     0.138438      -0.009841
     12 H                     0.117778      -0.001866
  --------------------------------------------------------
  Sum of atomic charges =     1.000000
  Sum of spin   charges =     1.000000

 -----------------------------------------------------------------
                    Cartesian Multipole Moments
 -----------------------------------------------------------------
    Charge (ESU x 10^10)
                 4.8032
    Dipole Moment (Debye)
         X      -0.1350      Y      -1.1960      Z       8.4188
       Tot       8.5044
    Quadrupole Moments (Debye-Ang)
        XX     -12.4748     XY      -1.6513     YY     -19.7625
        XZ      -4.0896     YZ      -2.4732     ZZ      -6.3240
    Octapole Moments (Debye-Ang^2)
       XXX       4.4392    XXY       5.8743    XYY       4.5655
       YYY      18.9810    XXZ     -17.3141    XYZ      -3.3776
       YYZ     -25.3035    XZZ      -2.1008    YZZ       2.4505
       ZZZ     -60.2086
    Hexadecapole Moments (Debye-Ang^3)
      XXXX    -111.8120   XXXY      13.2841   XXYY     -32.7528
      XYYY      18.1852   YYYY     -86.1692   XXXZ       5.3727
      XXYZ      12.1472   XYYZ      11.1560   YYYZ      40.5602
      XXZZ     -60.7182   XYZZ      -1.2138   YYZZ     -70.6977
      XZZZ       7.2231   YZZZ      33.4240   ZZZZ    -295.3426
 -----------------------------------------------------------------
 Total job time:  2201.23s(wall), 2149.83s(cpu) 
 Mon Jun  3 17:48:52 2013

        *************************************************************
        *                                                           *
        *  Thank you very much for using Q-Chem.  Have a nice day.  *
        *                                                           *
        *************************************************************


0 sent ACK to 0 
now end server 0 ... 
