Process 0 of 1 is on cl132 - thread support 1
initial socket setup ...start
initial socket setup ...done 
now start server 0 ... 

cmd = /usr/bin/ssh clhead /usr/local/qchem/bin/get_hostid 1319250479 > /tmp/1603105.1.medium.q/qchem17870/lic.dat

cmd = /usr/bin/ssh clhead /usr/local/qchem/bin/get_hostid 1319250479 > /tmp/1603105.1.medium.q/qchem17870/lic.dat

cmd = /usr/bin/ssh clhead /usr/local/qchem/bin/get_hostid 1319250479 > /tmp/1603105.1.medium.q/qchem17870/lic.dat

cmd = /usr/bin/ssh clhead /usr/local/qchem/bin/get_hostid 1319250479 > /tmp/1603105.1.medium.q/qchem17870/lic.dat

cmd = /usr/bin/ssh clhead /usr/local/qchem/bin/get_hostid 1319250479 > /tmp/1603105.1.medium.q/qchem17870/lic.dat
                  Welcome to Q-Chem
     A Quantum Leap Into The Future Of Chemistry

 Y. Shao, L. Fusti-Molnar, Y. Jung, J. Kussmann, C. Ochsenfeld,
 S. T. Brown, A. T. B. Gilbert, L. V. Slipchenko,S. V. Levchenko,
 D. P. O'Neill, R. A. DiStasio Jr., R. C. Lochan, T. Wang,
 G. J. O. Beran, N. A. Besley, J. M. Herbert, C. Y. Lin,
 T. Van Voorhis, S. H. Chien, A. Sodt, R. P. Steele, 
 V. A. Rassolov, P. E. Maslen, P. P. Korambath, R. D. Adamson,
 B. Austin, J. Baker, E. F. C. Byrd, H. Dachsel, R. J. Doerksen,
 A. Dreuw, B. D. Dunietz, A. D. Dutoi, T. R. Furlani,
 S. R. Gwaltney, A. Heyden, S. Hirata, C.-P. Hsu, G. Kedziora,
 R. Z. Khaliullin, P. Klunzinger, A. M. Lee, M. S. Lee, W. Liang,
 I. Lotan, N. Nair, B. Peters, E. I. Proynov, P. A. Pieniazek, 
 Y. M. Rhee, J. Ritchie, E. Rosta, C. D. Sherrill, 
 A. C. Simmonett, J. E. Subotnik, H. L. Woodcock III,
 W. Zhang, A. T. Bell, A. K. Chakraborty, D. M. Chipman,
 F. J. Keil, A. Warshel, W. J. Hehre, H. F. Schaefer III,
 J. Kong, A. I. Krylov, P. M. W. Gill, M. Head-Gordon,
 Q-Chem, Version 3.1, Q-Chem, Inc., Pittsburgh, PA (2007).

 Additional authors for Version 3.1: 
 Z. Gan, Y. Zhao, N. E. Schultz, D. Truhlar, E. Epifanovsky and M. Oana.

 Additional authors for Version 3.2: 
 R. Baer, B. R. Brooks, D. Casanova, J.-D. Chai, C.-L. Cheng, 
 C. Cramer, D. Crittenden, A. Ghysels, G. Hawkins, E. G. Hohenstein, 
 C. Kelley, W. Kurlancheek, D. Liotard, E. Livshits, P. Manohar, 
 A. Marenich, D. Neuhauser, R. Olson, M. A. Rohrdanz, K. S. Thanthiriwatte, 
 A. J. W. Thom, V. Vanovschi, C. F. Williams, Q. Wu and Z.-Q. You. 


 Intel X86 Linux Version

 Q-chem begins on Wed Mar 26 02:02:06 2014  

 Parallel job on  1  processors
Processing $rem in /usr/local/qchem/config/preferences.

theFileMan(): MAXOPENFILES=974 MAX_SUB_FILE_NUM=16
Maximum size of a physical file is 2.0 GB, maximum size of a tmp-file is 32.0 GB


--------------------------------------------------------------
User input:
--------------------------------------------------------------

$molecule
-1,2
C         -0.00013        0.00000        0.01487
Si        -0.00043        0.00000        1.87462
H          1.01782        0.00000       -0.37208
H         -0.50853       -0.88134       -0.37324
H         -0.50853        0.88134       -0.37324
H         -1.38712        0.00000        2.39962
H          0.69345       -1.20137        2.39767
H          0.69345        1.20137        2.39767
$end

$comment
negative
$end

$xc_functional
C PBE   1.00
X wPBE  1.00
$end

$rem
SYMMETRY_DECOMPOSITION	0
exchange 		general
LRC_DFT                 true
BASIS                   g3large
omega			100
mem_static              760
max_scf_cycles          200
scf_final_print         1
sym_ignore              true
$end

--------------------------------------------------------------
 Writing REM_CC_EA            8
 ----------------------------------------------------
       Standard Nuclear Orientation (Angstroms)
    I     Atom         X            Y            Z
 ----------------------------------------------------
    1      C      -0.000130     0.000000     0.014870
    2      Si     -0.000430     0.000000     1.874620
    3      H       1.017820     0.000000    -0.372080
    4      H      -0.508530    -0.881340    -0.373240
    5      H      -0.508530     0.881340    -0.373240
    6      H      -1.387120     0.000000     2.399620
    7      H       0.693450    -1.201370     2.397670
    8      H       0.693450     1.201370     2.397670
 ----------------------------------------------------
 Nuclear Repulsion Energy =    63.1402175305 hartrees
 There are       14 alpha and       13 beta electrons
 Requested basis set is G3large
 There are 65 shells and 168 basis functions

Total QAlloc Memory Limit   2000 MB
Mega-Array Size       743 MB
MEM_STATIC part       760 MB

                       Distance Matrix (Angstroms)
             C (  1)   Si(  2)   H (  3)   H (  4)   H (  5)   H (  6)
   Si(  2)  1.859750
   H (  3)  1.089014  2.466677
   H (  4)  1.088972  2.467347  1.762528
   H (  5)  1.088972  2.467347  1.762528  1.762680
   H (  6)  2.758763  1.482745  3.669613  3.039315  3.039315
   H (  7)  2.757187  1.482680  3.036449  3.037288  3.668839  2.402512
   H (  8)  2.757187  1.482680  3.036449  3.668839  3.037288  2.402512
             H (  7)
   H (  8)  2.402740
 
 A cutoff of  1.0D-08 yielded   2044 shell pairs
 There are  13820 function pairs ( 17231 Cartesian)
Evaluating contribution to one-electron hamiltonian from nuclear
 Smallest overlap matrix eigenvalue = 1.35E-04
 Multipole matrices computed through 2nd order

  Scale SEOQF with 1.000000e-01/1.000000e-01/1.000000e-01

 Standard Electronic Orientation quadrupole field applied
 Nucleus-field energy     =    -0.0000000067 hartrees
 Guess from superposition of atomic densities
 Warning:  Energy on first SCF cycle will be non-variational
 Long-range K will be added via erf
 Coulomb attenuation parameter = 0.1 bohr**(-1)
 An unrestricted Kohn-Sham SCF calculation will be
 performed using Pulay DIIS extrapolation
 Exchange:  wPBE + LR-HF      Correlation:  PBE
 Using SG-1 standard quadrature grid
 SCF converges when DIIS error is below 1.0E-05
 Requested basis set is G3large
 There are 65 shells and 168 basis functions
 A cutoff of  1.0D-08 yielded   2044 shell pairs
 There are  13820 function pairs ( 17231 Cartesian)
 Warning!  Inaccurate integrated density:
   Number of electrons =    27
   Numerical integral  =    25.999985127030
   Relative error      =    -3.7037587888 %
 ---------------------------------------
  Cycle       Energy         DIIS Error
 ---------------------------------------
    1    -331.0357481527      2.74E-02
    2    -330.8284139628      5.42E-03
    3    -330.8202878972      6.43E-03
    4    -330.9877108770      5.13E-04
    5    -330.9915359096      2.30E-04
    6    -330.9931961399      1.19E-04
    7    -330.9939965743      5.09E-05
    8    -330.9944132215      2.19E-05
    9    -330.9945468645      1.22E-05
   10    -330.9946038519      6.46E-06 Convergence criterion met
 ---------------------------------------
 One-Electron    Energy =  -585.0218377276
 Total Coulomb   Energy =   219.3432170299
 Alpha Exchange  Energy =    -0.7689442241
 Beta  Exchange  Energy =    -0.7253837300
 DFT   Exchange  Energy =   -26.0753045905
 DFT Correlation Energy =    -0.8865681334
 Nuclear Repu.   Energy =    63.1402175238
 Nuclear Attr.   Energy =  -915.5071657733
 Kinetic         Energy =   330.4853280457
 <S^2> = 0.7501
 SCF time:  CPU 105.82 s  wall 109.95 s
 Final Alpha MO Eigenvalues
            1           2           3           4           5           6
    1 -65.2967729  -9.7758126  -4.9568401  -3.3670403  -3.3670254  -3.3657753
            7           8           9          10          11          12
    1  -0.5515372  -0.3925895  -0.2822286  -0.2821939  -0.2182282  -0.2182146
           13          14          15          16          17          18
    1  -0.2072654   0.0303660   0.1353192   0.1380087   0.1380520   0.1587189
           19
    1   0.1695271
 Final Beta MO Eigenvalues
            1           2           3           4           5           6
    1 -65.2966635  -9.7751375  -4.9567047  -3.3669717  -3.3669573  -3.3654161
            7           8           9          10          11          12
    1  -0.5502934  -0.3909733  -0.2807763  -0.2807411  -0.2173353  -0.2173230
           13          14          15          16          17          18
    1  -0.2058557   0.1252360   0.1395357   0.1547750   0.1548134   0.1681876
 Analysis of SCF Wavefunction
 
 --------------------------------------------------------------
                    Orbital Energies (a.u.)
 --------------------------------------------------------------
 
 Alpha MOs
 -- Occupied --
-65.297  -9.776  -4.957  -3.367  -3.367  -3.366  -0.552  -0.393
 -0.282  -0.282  -0.218  -0.218  -0.207   0.030
 -- Virtual --
  0.135   0.138   0.138   0.159   0.170   0.170   0.180   0.181
  0.228   0.237   0.237   0.237   0.251   0.252   0.272   0.280
  0.290   0.307   0.307   0.368   0.368   0.421   0.423   0.423
  0.432   0.476   0.476   0.541   0.563   0.563   0.575   0.595
  0.633   0.633   0.654   0.683   0.683   0.699   0.732   0.732
  0.793   0.826   0.836   0.836   0.875   0.875   0.948   0.948
  0.955   0.981   0.991   1.036   1.115   1.115   1.173   1.173
  1.218   1.250   1.250   1.320   1.320   1.370   1.407   1.438
  1.438   1.443   1.451   1.451   1.530   1.530   1.599   1.599
  1.611   1.655   1.655   1.704   1.745   2.231   2.273   2.280
  2.280   2.344   2.345   2.457   2.618   2.618   2.724   2.927
  2.927   3.051   3.075   3.205   3.214   3.214   3.327   3.327
  3.428   3.428   3.469   3.644   3.644   3.760   3.761   3.781
  3.889   3.890   3.994   4.029   4.029   4.158   4.161   4.161
  4.209   4.227   4.227   4.337   4.337   4.345   4.468   4.480
  4.480   4.542   4.593   4.738   4.738   5.147   5.760   5.760
  6.317  11.449  11.449  11.787  17.566  17.657  17.744  17.834
 17.893  22.186  22.200  22.209  22.209  22.216  22.217  22.242
 24.118  27.825  28.082  28.083  40.938  40.954  41.195  41.236
 41.283 141.101
 
 Beta MOs
 -- Occupied --
-65.297  -9.775  -4.957  -3.367  -3.367  -3.365  -0.550  -0.391
 -0.281  -0.281  -0.217  -0.217  -0.206
 -- Virtual --
  0.125   0.140   0.155   0.155   0.168   0.173   0.173   0.190
  0.190   0.233   0.238   0.238   0.240   0.256   0.256   0.274
  0.282   0.294   0.311   0.311   0.371   0.371   0.425   0.425
  0.425   0.432   0.478   0.478   0.545   0.565   0.565   0.577
  0.597   0.635   0.635   0.657   0.685   0.685   0.701   0.734
  0.734   0.796   0.828   0.837   0.837   0.875   0.875   0.948
  0.948   0.957   0.984   0.994   1.038   1.115   1.115   1.175
  1.175   1.219   1.252   1.252   1.321   1.321   1.372   1.410
  1.441   1.441   1.444   1.452   1.453   1.534   1.534   1.602
  1.603   1.613   1.657   1.657   1.708   1.749   2.231   2.276
  2.282   2.282   2.346   2.346   2.458   2.619   2.619   2.725
  2.927   2.927   3.053   3.076   3.205   3.216   3.216   3.328
  3.329   3.429   3.429   3.470   3.645   3.645   3.761   3.762
  3.784   3.889   3.891   3.995   4.029   4.030   4.158   4.161
  4.161   4.209   4.228   4.228   4.338   4.338   4.346   4.469
  4.481   4.481   4.543   4.593   4.738   4.739   5.149   5.762
  5.762   6.318  11.449  11.449  11.788  17.567  17.657  17.745
 17.834  17.893  22.186  22.200  22.209  22.209  22.216  22.217
 22.242  24.119  27.825  28.083  28.083  40.938  40.954  41.195
 41.236  41.283 141.101
 --------------------------------------------------------------
 
          Ground-State Mulliken Net Atomic Charges

     Atom                 Charge (a.u.)    Spin (a.u.)
  --------------------------------------------------------
      1 C                     2.597560      -2.902819
      2 Si                    0.920423      -0.646972
      3 H                    -1.186657       1.304584
      4 H                    -1.186675       1.304605
      5 H                    -1.181205       1.298951
      6 H                    -0.321037       0.213935
      7 H                    -0.321160       0.213895
      8 H                    -0.321249       0.213820
  --------------------------------------------------------
  Sum of atomic charges =    -1.000000
  Sum of spin   charges =     1.000000

 -----------------------------------------------------------------
                    Cartesian Multipole Moments
 -----------------------------------------------------------------
    Charge (ESU x 10^10)
                -4.8032
    Dipole Moment (Debye)
         X      -0.0116      Y       0.0208      Z       1.1922
       Tot       1.1924
    Quadrupole Moments (Debye-Ang)
        XX     -49.4367     XY      -0.0167     YY     -49.4182
        XZ      -0.0057     YZ      -0.0063     ZZ     -47.7236
    Octapole Moments (Debye-Ang^2)
       XXX      -1.0665    XXY       0.0826    XYY       0.8804
       YYY       0.2477    XXZ     -22.5600    XYZ       0.0050
       YYZ     -22.5553    XZZ      -0.0268    YZZ       0.0759
       ZZZ     -78.9836
    Hexadecapole Moments (Debye-Ang^3)
      XXXX    -370.3901   XXXY      -0.1337   XXYY    -123.4045
      XYYY      -0.1457   YYYY    -370.0911   XXXZ       8.1292
      XXYZ      -0.0067   XYYZ      -8.1794   YYYZ      -0.0201
      XXZZ    -178.5894   XYZZ      -0.0455   YYZZ    -178.5325
      XZZZ      -0.0070   YZZZ      -0.0239   ZZZZ    -663.0743
 -----------------------------------------------------------------
 Total job time:  110.23s(wall), 106.00s(cpu) 
 Wed Mar 26 02:03:56 2014

        *************************************************************
        *                                                           *
        *  Thank you very much for using Q-Chem.  Have a nice day.  *
        *                                                           *
        *************************************************************


0 sent ACK to 0 
now end server 0 ... 
 
**********************************************************************
Job 2 of 3 
**********************************************************************
 
Process 0 of 1 is on cl132 - thread support 1
initial socket setup ...start
initial socket setup ...done 
now start server 0 ... 

cmd = /usr/bin/ssh clhead /usr/local/qchem/bin/get_hostid 1785698318 > /tmp/1603105.1.medium.q/qchem17870/lic.dat

cmd = /usr/bin/ssh clhead /usr/local/qchem/bin/get_hostid 1785698318 > /tmp/1603105.1.medium.q/qchem17870/lic.dat

cmd = /usr/bin/ssh clhead /usr/local/qchem/bin/get_hostid 1785698318 > /tmp/1603105.1.medium.q/qchem17870/lic.dat

cmd = /usr/bin/ssh clhead /usr/local/qchem/bin/get_hostid 1785698318 > /tmp/1603105.1.medium.q/qchem17870/lic.dat

cmd = /usr/bin/ssh clhead /usr/local/qchem/bin/get_hostid 1785698318 > /tmp/1603105.1.medium.q/qchem17870/lic.dat
                  Welcome to Q-Chem
     A Quantum Leap Into The Future Of Chemistry

 Y. Shao, L. Fusti-Molnar, Y. Jung, J. Kussmann, C. Ochsenfeld,
 S. T. Brown, A. T. B. Gilbert, L. V. Slipchenko,S. V. Levchenko,
 D. P. O'Neill, R. A. DiStasio Jr., R. C. Lochan, T. Wang,
 G. J. O. Beran, N. A. Besley, J. M. Herbert, C. Y. Lin,
 T. Van Voorhis, S. H. Chien, A. Sodt, R. P. Steele, 
 V. A. Rassolov, P. E. Maslen, P. P. Korambath, R. D. Adamson,
 B. Austin, J. Baker, E. F. C. Byrd, H. Dachsel, R. J. Doerksen,
 A. Dreuw, B. D. Dunietz, A. D. Dutoi, T. R. Furlani,
 S. R. Gwaltney, A. Heyden, S. Hirata, C.-P. Hsu, G. Kedziora,
 R. Z. Khaliullin, P. Klunzinger, A. M. Lee, M. S. Lee, W. Liang,
 I. Lotan, N. Nair, B. Peters, E. I. Proynov, P. A. Pieniazek, 
 Y. M. Rhee, J. Ritchie, E. Rosta, C. D. Sherrill, 
 A. C. Simmonett, J. E. Subotnik, H. L. Woodcock III,
 W. Zhang, A. T. Bell, A. K. Chakraborty, D. M. Chipman,
 F. J. Keil, A. Warshel, W. J. Hehre, H. F. Schaefer III,
 J. Kong, A. I. Krylov, P. M. W. Gill, M. Head-Gordon,
 Q-Chem, Version 3.1, Q-Chem, Inc., Pittsburgh, PA (2007).

 Additional authors for Version 3.1: 
 Z. Gan, Y. Zhao, N. E. Schultz, D. Truhlar, E. Epifanovsky and M. Oana.

 Additional authors for Version 3.2: 
 R. Baer, B. R. Brooks, D. Casanova, J.-D. Chai, C.-L. Cheng, 
 C. Cramer, D. Crittenden, A. Ghysels, G. Hawkins, E. G. Hohenstein, 
 C. Kelley, W. Kurlancheek, D. Liotard, E. Livshits, P. Manohar, 
 A. Marenich, D. Neuhauser, R. Olson, M. A. Rohrdanz, K. S. Thanthiriwatte, 
 A. J. W. Thom, V. Vanovschi, C. F. Williams, Q. Wu and Z.-Q. You. 


 Intel X86 Linux Version

 Q-chem begins on Wed Mar 26 02:04:00 2014  

 Parallel job on  1  processors
Processing $rem in /usr/local/qchem/config/preferences.

theFileMan(): MAXOPENFILES=974 MAX_SUB_FILE_NUM=16
Maximum size of a physical file is 2.0 GB, maximum size of a tmp-file is 32.0 GB


--------------------------------------------------------------
User input:
--------------------------------------------------------------

$molecule
0,1
C         -0.00013        0.00000        0.01487
Si        -0.00043        0.00000        1.87462
H          1.01782        0.00000       -0.37208
H         -0.50853       -0.88134       -0.37324
H         -0.50853        0.88134       -0.37324
H         -1.38712        0.00000        2.39962
H          0.69345       -1.20137        2.39767
H          0.69345        1.20137        2.39767
$end

$comment
neutral
$end

$xc_functional
C PBE   1.00
X wPBE  1.00
$end


$rem
SYMMETRY_DECOMPOSITION	0
LRC_DFT                 true
exchange 		general
BASIS                   g3large
omega			100
mem_static              760
max_scf_cycles          200
scf_final_print         1
sym_ignore              true
$end

--------------------------------------------------------------
 Writing REM_CC_EA            8
 ----------------------------------------------------
       Standard Nuclear Orientation (Angstroms)
    I     Atom         X            Y            Z
 ----------------------------------------------------
    1      C      -0.000130     0.000000     0.014870
    2      Si     -0.000430     0.000000     1.874620
    3      H       1.017820     0.000000    -0.372080
    4      H      -0.508530    -0.881340    -0.373240
    5      H      -0.508530     0.881340    -0.373240
    6      H      -1.387120     0.000000     2.399620
    7      H       0.693450    -1.201370     2.397670
    8      H       0.693450     1.201370     2.397670
 ----------------------------------------------------
 Nuclear Repulsion Energy =    63.1402175305 hartrees
 There are       13 alpha and       13 beta electrons
 Requested basis set is G3large
 There are 65 shells and 168 basis functions

Total QAlloc Memory Limit   2000 MB
Mega-Array Size       743 MB
MEM_STATIC part       760 MB

                       Distance Matrix (Angstroms)
             C (  1)   Si(  2)   H (  3)   H (  4)   H (  5)   H (  6)
   Si(  2)  1.859750
   H (  3)  1.089014  2.466677
   H (  4)  1.088972  2.467347  1.762528
   H (  5)  1.088972  2.467347  1.762528  1.762680
   H (  6)  2.758763  1.482745  3.669613  3.039315  3.039315
   H (  7)  2.757187  1.482680  3.036449  3.037288  3.668839  2.402512
   H (  8)  2.757187  1.482680  3.036449  3.668839  3.037288  2.402512
             H (  7)
   H (  8)  2.402740
 
 A cutoff of  1.0D-08 yielded   2044 shell pairs
 There are  13820 function pairs ( 17231 Cartesian)
Evaluating contribution to one-electron hamiltonian from nuclear
 Smallest overlap matrix eigenvalue = 1.35E-04
 Multipole matrices computed through 2nd order

  Scale SEOQF with 1.000000e-01/1.000000e-01/1.000000e-01

 Standard Electronic Orientation quadrupole field applied
 Nucleus-field energy     =    -0.0000000067 hartrees
 Guess from superposition of atomic densities
 Warning:  Energy on first SCF cycle will be non-variational
 Long-range K will be added via erf
 Coulomb attenuation parameter = 0.1 bohr**(-1)
 A restricted Kohn-Sham SCF calculation will be
 performed using Pulay DIIS extrapolation
 Exchange:  wPBE + LR-HF      Correlation:  PBE
 Using SG-1 standard quadrature grid
 SCF converges when DIIS error is below 1.0E-05
 Requested basis set is G3large
 There are 65 shells and 168 basis functions
 A cutoff of  1.0D-08 yielded   2044 shell pairs
 There are  13820 function pairs ( 17231 Cartesian)
 ---------------------------------------
  Cycle       Energy         DIIS Error
 ---------------------------------------
    1    -331.0357481527      2.74E-02
    2    -330.9449150934      4.50E-03
    3    -330.9335673813      4.77E-03
    4    -331.0175772636      3.11E-04
    5    -331.0179740123      6.11E-05
    6    -331.0179857685      1.34E-05
    7    -331.0179870733      2.96E-06 Convergence criterion met
 ---------------------------------------
 One-Electron    Energy =  -581.4850155431
 Total Coulomb   Energy =   215.6961861461
 Alpha Exchange  Energy =    -0.7255008397
 Beta  Exchange  Energy =    -0.7255008397
 DFT   Exchange  Energy =   -26.0403817152
 DFT Correlation Energy =    -0.8779918055
 Nuclear Repu.   Energy =    63.1402175238
 Nuclear Attr.   Energy =  -911.9071275583
 Kinetic         Energy =   330.4221120152
 SCF time:  CPU 59.59 s  wall 62.58 s
 Final Alpha MO Eigenvalues
            1           2           3           4           5           6
    1 -65.4295572  -9.9239010  -5.0898249  -3.4997501  -3.4997366  -3.4992147
            7           8           9          10          11          12
    1  -0.6972097  -0.5247682  -0.4270651  -0.4270352  -0.3486000  -0.3485910
           13          14          15          16          17          18
    1  -0.3461669   0.0172798   0.0409803   0.0536351   0.0536378   0.0637820
 Analysis of SCF Wavefunction
 
 --------------------------------------------------------------
                    Orbital Energies (a.u.)
 --------------------------------------------------------------
 
 Alpha MOs
 -- Occupied --
-65.430  -9.924  -5.090  -3.500  -3.500  -3.499  -0.697  -0.525
 -0.427  -0.427  -0.349  -0.349  -0.346
 -- Virtual --
  0.017   0.041   0.054   0.054   0.064   0.065   0.065   0.090
  0.090   0.118   0.118   0.122   0.137   0.149   0.149   0.161
  0.168   0.180   0.184   0.184   0.240   0.240   0.302   0.307
  0.307   0.316   0.360   0.360   0.426   0.437   0.437   0.452
  0.466   0.503   0.503   0.532   0.553   0.554   0.573   0.598
  0.599   0.662   0.698   0.706   0.706   0.748   0.748   0.822
  0.822   0.824   0.849   0.851   0.906   0.978   0.978   1.042
  1.042   1.085   1.106   1.106   1.194   1.195   1.232   1.272
  1.303   1.303   1.317   1.320   1.320   1.391   1.391   1.462
  1.462   1.475   1.527   1.528   1.571   1.609   2.099   2.141
  2.145   2.145   2.212   2.212   2.327   2.473   2.473   2.580
  2.798   2.798   2.904   2.931   3.072   3.072   3.075   3.181
  3.181   3.284   3.284   3.329   3.499   3.499   3.622   3.624
  3.636   3.758   3.759   3.848   3.886   3.887   4.029   4.033
  4.033   4.081   4.094   4.095   4.193   4.193   4.215   4.321
  4.334   4.334   4.394   4.460   4.605   4.606   5.001   5.612
  5.613   6.184  11.316  11.316  11.654  17.434  17.524  17.611
 17.701  17.760  22.053  22.067  22.075  22.076  22.083  22.084
 22.109  23.970  27.677  27.935  27.935  40.790  40.806  41.047
 41.088  41.135 140.968
 --------------------------------------------------------------
 
          Ground-State Mulliken Net Atomic Charges

     Atom                 Charge (a.u.)
  ----------------------------------------
      1 C                    -0.345958
      2 Si                    0.249594
      3 H                     0.114949
      4 H                     0.114867
      5 H                     0.114891
      6 H                    -0.082607
      7 H                    -0.082866
      8 H                    -0.082870
  ----------------------------------------
  Sum of atomic charges =     0.000000

 -----------------------------------------------------------------
                    Cartesian Multipole Moments
 -----------------------------------------------------------------
    Charge (ESU x 10^10)
                 0.0000
    Dipole Moment (Debye)
         X      -0.0008      Y       0.0003      Z      -0.8615
       Tot       0.8615
    Quadrupole Moments (Debye-Ang)
        XX     -23.0984     XY       0.0001     YY     -23.0990
        XZ      -0.0017     YZ       0.0002     ZZ     -25.4297
    Octapole Moments (Debye-Ang^2)
       XXX       1.5862    XXY       0.0001    XYY      -1.5663
       YYY       0.0004    XXZ     -31.8087    XYZ       0.0001
       YYZ     -31.8118    XZZ       0.0014    YZZ       0.0006
       ZZZ     -93.8368
    Hexadecapole Moments (Debye-Ang^3)
      XXXX     -57.9419   XXXY       0.0002   XXYY     -19.3153
      XYYY       0.0002   YYYY     -57.9494   XXXZ       1.2828
      XXYZ       0.0001   XYYZ      -1.2385   YYYZ       0.0002
      XXZZ     -81.9070   XYZZ       0.0001   YYZZ     -81.9115
      XZZZ       0.0332   YZZZ       0.0010   ZZZZ    -413.3007
 -----------------------------------------------------------------
 Total job time:  62.82s(wall), 59.76s(cpu) 
 Wed Mar 26 02:05:03 2014

        *************************************************************
        *                                                           *
        *  Thank you very much for using Q-Chem.  Have a nice day.  *
        *                                                           *
        *************************************************************


0 sent ACK to 0 
now end server 0 ... 
 
**********************************************************************
Job 3 of 3 
**********************************************************************
 
Process 0 of 1 is on cl132 - thread support 1
initial socket setup ...start
initial socket setup ...done 
now start server 0 ... 

cmd = /usr/bin/ssh clhead /usr/local/qchem/bin/get_hostid 732541670 > /tmp/1603105.1.medium.q/qchem17870/lic.dat

cmd = /usr/bin/ssh clhead /usr/local/qchem/bin/get_hostid 732541670 > /tmp/1603105.1.medium.q/qchem17870/lic.dat

cmd = /usr/bin/ssh clhead /usr/local/qchem/bin/get_hostid 732541670 > /tmp/1603105.1.medium.q/qchem17870/lic.dat

cmd = /usr/bin/ssh clhead /usr/local/qchem/bin/get_hostid 732541670 > /tmp/1603105.1.medium.q/qchem17870/lic.dat

cmd = /usr/bin/ssh clhead /usr/local/qchem/bin/get_hostid 732541670 > /tmp/1603105.1.medium.q/qchem17870/lic.dat
                  Welcome to Q-Chem
     A Quantum Leap Into The Future Of Chemistry

 Y. Shao, L. Fusti-Molnar, Y. Jung, J. Kussmann, C. Ochsenfeld,
 S. T. Brown, A. T. B. Gilbert, L. V. Slipchenko,S. V. Levchenko,
 D. P. O'Neill, R. A. DiStasio Jr., R. C. Lochan, T. Wang,
 G. J. O. Beran, N. A. Besley, J. M. Herbert, C. Y. Lin,
 T. Van Voorhis, S. H. Chien, A. Sodt, R. P. Steele, 
 V. A. Rassolov, P. E. Maslen, P. P. Korambath, R. D. Adamson,
 B. Austin, J. Baker, E. F. C. Byrd, H. Dachsel, R. J. Doerksen,
 A. Dreuw, B. D. Dunietz, A. D. Dutoi, T. R. Furlani,
 S. R. Gwaltney, A. Heyden, S. Hirata, C.-P. Hsu, G. Kedziora,
 R. Z. Khaliullin, P. Klunzinger, A. M. Lee, M. S. Lee, W. Liang,
 I. Lotan, N. Nair, B. Peters, E. I. Proynov, P. A. Pieniazek, 
 Y. M. Rhee, J. Ritchie, E. Rosta, C. D. Sherrill, 
 A. C. Simmonett, J. E. Subotnik, H. L. Woodcock III,
 W. Zhang, A. T. Bell, A. K. Chakraborty, D. M. Chipman,
 F. J. Keil, A. Warshel, W. J. Hehre, H. F. Schaefer III,
 J. Kong, A. I. Krylov, P. M. W. Gill, M. Head-Gordon,
 Q-Chem, Version 3.1, Q-Chem, Inc., Pittsburgh, PA (2007).

 Additional authors for Version 3.1: 
 Z. Gan, Y. Zhao, N. E. Schultz, D. Truhlar, E. Epifanovsky and M. Oana.

 Additional authors for Version 3.2: 
 R. Baer, B. R. Brooks, D. Casanova, J.-D. Chai, C.-L. Cheng, 
 C. Cramer, D. Crittenden, A. Ghysels, G. Hawkins, E. G. Hohenstein, 
 C. Kelley, W. Kurlancheek, D. Liotard, E. Livshits, P. Manohar, 
 A. Marenich, D. Neuhauser, R. Olson, M. A. Rohrdanz, K. S. Thanthiriwatte, 
 A. J. W. Thom, V. Vanovschi, C. F. Williams, Q. Wu and Z.-Q. You. 


 Intel X86 Linux Version

 Q-chem begins on Wed Mar 26 02:05:08 2014  

 Parallel job on  1  processors
Processing $rem in /usr/local/qchem/config/preferences.

theFileMan(): MAXOPENFILES=974 MAX_SUB_FILE_NUM=16
Maximum size of a physical file is 2.0 GB, maximum size of a tmp-file is 32.0 GB


--------------------------------------------------------------
User input:
--------------------------------------------------------------

$molecule
1,2
C         -0.00013        0.00000        0.01487
Si        -0.00043        0.00000        1.87462
H          1.01782        0.00000       -0.37208
H         -0.50853       -0.88134       -0.37324
H         -0.50853        0.88134       -0.37324
H         -1.38712        0.00000        2.39962
H          0.69345       -1.20137        2.39767
H          0.69345        1.20137        2.39767
$end

$comment
positive
$end

$xc_functional
C PBE   1.00
X wPBE  1.00
$end

$rem
SYMMETRY_DECOMPOSITION	0
LRC_DFT                 true
exchange 		general
BASIS                   g3large
omega			100
mem_static              760
max_scf_cycles          200
scf_final_print         1
sym_ignore              true
$end

--------------------------------------------------------------
 Writing REM_CC_EA            8
 ----------------------------------------------------
       Standard Nuclear Orientation (Angstroms)
    I     Atom         X            Y            Z
 ----------------------------------------------------
    1      C      -0.000130     0.000000     0.014870
    2      Si     -0.000430     0.000000     1.874620
    3      H       1.017820     0.000000    -0.372080
    4      H      -0.508530    -0.881340    -0.373240
    5      H      -0.508530     0.881340    -0.373240
    6      H      -1.387120     0.000000     2.399620
    7      H       0.693450    -1.201370     2.397670
    8      H       0.693450     1.201370     2.397670
 ----------------------------------------------------
 Nuclear Repulsion Energy =    63.1402175305 hartrees
 There are       13 alpha and       12 beta electrons
 Requested basis set is G3large
 There are 65 shells and 168 basis functions

Total QAlloc Memory Limit   2000 MB
Mega-Array Size       743 MB
MEM_STATIC part       760 MB

                       Distance Matrix (Angstroms)
             C (  1)   Si(  2)   H (  3)   H (  4)   H (  5)   H (  6)
   Si(  2)  1.859750
   H (  3)  1.089014  2.466677
   H (  4)  1.088972  2.467347  1.762528
   H (  5)  1.088972  2.467347  1.762528  1.762680
   H (  6)  2.758763  1.482745  3.669613  3.039315  3.039315
   H (  7)  2.757187  1.482680  3.036449  3.037288  3.668839  2.402512
   H (  8)  2.757187  1.482680  3.036449  3.668839  3.037288  2.402512
             H (  7)
   H (  8)  2.402740
 
 A cutoff of  1.0D-08 yielded   2044 shell pairs
 There are  13820 function pairs ( 17231 Cartesian)
Evaluating contribution to one-electron hamiltonian from nuclear
 Smallest overlap matrix eigenvalue = 1.35E-04
 Multipole matrices computed through 2nd order

  Scale SEOQF with 1.000000e-01/1.000000e-01/1.000000e-01

 Standard Electronic Orientation quadrupole field applied
 Nucleus-field energy     =    -0.0000000067 hartrees
 Guess from superposition of atomic densities
 Warning:  Energy on first SCF cycle will be non-variational
 Long-range K will be added via erf
 Coulomb attenuation parameter = 0.1 bohr**(-1)
 An unrestricted Kohn-Sham SCF calculation will be
 performed using Pulay DIIS extrapolation
 Exchange:  wPBE + LR-HF      Correlation:  PBE
 Using SG-1 standard quadrature grid
 SCF converges when DIIS error is below 1.0E-05
 Requested basis set is G3large
 There are 65 shells and 168 basis functions
 A cutoff of  1.0D-08 yielded   2044 shell pairs
 There are  13820 function pairs ( 17231 Cartesian)
 Warning!  Inaccurate integrated density:
   Number of electrons =    25
   Numerical integral  =    25.999985127030
   Relative error      =     3.9999405081 %
 ---------------------------------------
  Cycle       Energy         DIIS Error
 ---------------------------------------
    1    -331.0357481527      2.74E-02
    2    -330.5074073193      4.53E-03
    3    -330.3312415595      7.11E-03
    4    -330.5930297415      8.14E-04
    5    -330.5985583033      2.35E-04
    6    -330.5993116557      1.40E-04
    7    -330.5999310014      1.36E-04
    8    -330.6009649909      1.13E-04
    9    -330.6019251248      6.82E-05
   10    -330.6019249649      5.19E-05
   11    -330.6021165255      2.28E-05
   12    -330.6021234372      8.41E-06 Convergence criterion met
 ---------------------------------------
 One-Electron    Energy =  -574.4969021215
 Total Coulomb   Energy =   208.8065256185
 Alpha Exchange  Energy =    -0.7261429950
 Beta  Exchange  Energy =    -0.6692034592
 DFT   Exchange  Energy =   -25.8122612409
 DFT Correlation Energy =    -0.8443567629
 Nuclear Repu.   Energy =    63.1402175238
 Nuclear Attr.   Energy =  -904.6720080017
 Kinetic         Energy =   330.1751058802
 <S^2> = 0.7540
 SCF time:  CPU 129.46 s  wall 134.05 s
 Final Alpha MO Eigenvalues
            1           2           3           4           5           6
    1 -65.7176369 -10.1861741  -5.3760907  -3.7902704  -3.7842908  -3.7841184
            7           8           9          10          11          12
    1  -0.9547116  -0.7958618  -0.6741606  -0.6738009  -0.6224479  -0.6153647
           13          14          15          16          17          18
    1  -0.6110760  -0.1767897  -0.1570283  -0.1560796  -0.1344723  -0.1025881
 Final Beta MO Eigenvalues
            1           2           3           4           5           6
    1 -65.7164574 -10.1823505  -5.3747900  -3.7860346  -3.7837822  -3.7836109
            7           8           9          10          11          12
    1  -0.9408823  -0.7761538  -0.6662357  -0.6626465  -0.5957260  -0.5933455
           13          14          15          16          17
    1  -0.4853656  -0.1678392  -0.1462588  -0.1457619  -0.1263988
 Analysis of SCF Wavefunction
 
 --------------------------------------------------------------
                    Orbital Energies (a.u.)
 --------------------------------------------------------------
 
 Alpha MOs
 -- Occupied --
-65.718 -10.186  -5.376  -3.790  -3.784  -3.784  -0.955  -0.796
 -0.674  -0.674  -0.622  -0.615  -0.611
 -- Virtual --
 -0.177  -0.157  -0.156  -0.134  -0.103  -0.101  -0.099  -0.075
 -0.073  -0.049  -0.049  -0.041  -0.025  -0.009   0.002   0.004
  0.018   0.022   0.024   0.032   0.039   0.041   0.117   0.120
  0.120   0.141   0.177   0.178   0.228   0.240   0.248   0.249
  0.251   0.282   0.284   0.323   0.334   0.337   0.373   0.396
  0.397   0.465   0.471   0.478   0.480   0.519   0.522   0.587
  0.588   0.597   0.622   0.632   0.678   0.752   0.753   0.810
  0.812   0.859   0.889   0.890   0.958   0.963   1.011   1.042
  1.071   1.075   1.084   1.088   1.089   1.160   1.163   1.235
  1.235   1.242   1.288   1.289   1.338   1.385   1.824   1.866
  1.871   1.879   1.942   1.944   2.057   2.230   2.234   2.343
  2.526   2.530   2.663   2.673   2.805   2.811   2.813   2.929
  2.937   3.032   3.035   3.055   3.234   3.244   3.353   3.359
  3.377   3.483   3.488   3.601   3.631   3.632   3.751   3.755
  3.757   3.807   3.826   3.827   3.940   3.943   3.948   4.080
  4.086   4.092   4.154   4.182   4.327   4.332   4.757   5.363
  5.373   5.903  11.030  11.034  11.368  17.149  17.237  17.324
 17.414  17.475  21.768  21.782  21.789  21.789  21.796  21.799
 21.823  23.708  27.410  27.674  27.675  40.523  40.546  40.783
 40.823  40.873 140.681
 
 Beta MOs
 -- Occupied --
-65.716 -10.182  -5.375  -3.786  -3.784  -3.784  -0.941  -0.776
 -0.666  -0.663  -0.596  -0.593
 -- Virtual --
 -0.485  -0.168  -0.146  -0.146  -0.126  -0.096  -0.096  -0.094
 -0.071  -0.070  -0.047  -0.046  -0.038  -0.017  -0.005   0.005
  0.006   0.023   0.024   0.026   0.034   0.043   0.045   0.124
  0.125   0.125   0.144   0.181   0.181   0.236   0.251   0.254
  0.254   0.256   0.292   0.293   0.331   0.342   0.345   0.380
  0.401   0.401   0.471   0.481   0.484   0.491   0.529   0.530
  0.599   0.599   0.605   0.631   0.638   0.688   0.760   0.763
  0.822   0.823   0.870   0.894   0.894   0.973   0.974   1.021
  1.053   1.081   1.082   1.095   1.096   1.098   1.168   1.169
  1.242   1.243   1.254   1.299   1.301   1.345   1.392   1.836
  1.880   1.888   1.893   1.956   1.956   2.070   2.240   2.243
  2.350   2.553   2.555   2.668   2.690   2.826   2.827   2.831
  2.943   2.945   3.041   3.042   3.072   3.250   3.255   3.361
  3.364   3.398   3.498   3.500   3.610   3.643   3.643   3.782
  3.787   3.787   3.836   3.852   3.852   3.958   3.958   3.962
  4.090   4.099   4.101   4.161   4.203   4.350   4.351   4.766
  5.376   5.378   5.911  11.035  11.035  11.373  17.150  17.239
 17.327  17.417  17.476  21.769  21.783  21.790  21.790  21.798
 21.799  21.824  23.713  27.420  27.677  27.678  40.533  40.548
 40.790  40.831  40.877 140.682
 --------------------------------------------------------------
 
          Ground-State Mulliken Net Atomic Charges

     Atom                 Charge (a.u.)    Spin (a.u.)
  --------------------------------------------------------
      1 C                    -0.193923       0.252625
      2 Si                    0.448585       0.235733
      3 H                     0.185253       0.033543
      4 H                     0.172956      -0.004627
      5 H                     0.185579       0.034882
      6 H                     0.070103       0.153420
      7 H                     0.070950       0.160958
      8 H                     0.060498       0.133467
  --------------------------------------------------------
  Sum of atomic charges =     1.000000
  Sum of spin   charges =     1.000000

 -----------------------------------------------------------------
                    Cartesian Multipole Moments
 -----------------------------------------------------------------
    Charge (ESU x 10^10)
                 4.8032
    Dipole Moment (Debye)
         X      -0.0129      Y      -0.0439      Z       5.9772
       Tot       5.9774
    Quadrupole Moments (Debye-Ang)
        XX     -17.1913     XY       0.2469     YY     -16.8610
        XZ      -0.4288     YZ      -0.8218     ZZ      -4.1938
    Octapole Moments (Debye-Ang^2)
       XXX      -0.0399    XXY      -0.0400    XYY       0.0069
       YYY      -0.1224    XXZ     -21.7834    XYZ       0.5095
       YYZ     -21.1080    XZZ      -1.1550    YZZ      -2.1936
       ZZZ     -39.2441
    Hexadecapole Moments (Debye-Ang^3)
      XXXX     -38.7833   XXXY       0.2981   XXYY     -12.7898
      XYYY       0.2970   YYYY     -37.9598   XXXZ      -4.2789
      XXYZ      -0.3855   XYYZ       3.5475   YYYZ      -1.1625
      XXZZ     -52.3889   XYZZ       1.0392   YYZZ     -50.9673
      XZZZ      -3.9191   YZZZ      -7.3676   ZZZZ    -244.7454
 -----------------------------------------------------------------
 Total job time:  134.33s(wall), 129.63s(cpu) 
 Wed Mar 26 02:07:22 2014

        *************************************************************
        *                                                           *
        *  Thank you very much for using Q-Chem.  Have a nice day.  *
        *                                                           *
        *************************************************************


0 sent ACK to 0 
now end server 0 ... 
