Process 0 of 1 is on cl131 - thread support 1
initial socket setup ...start
initial socket setup ...done 
now start server 0 ... 

cmd = /usr/bin/ssh clhead /usr/local/qchem/bin/get_hostid 1939708831 > /tmp/1603287.1.medium.q/qchem8423/lic.dat

cmd = /usr/bin/ssh clhead /usr/local/qchem/bin/get_hostid 1939708831 > /tmp/1603287.1.medium.q/qchem8423/lic.dat

cmd = /usr/bin/ssh clhead /usr/local/qchem/bin/get_hostid 1939708831 > /tmp/1603287.1.medium.q/qchem8423/lic.dat

cmd = /usr/bin/ssh clhead /usr/local/qchem/bin/get_hostid 1939708831 > /tmp/1603287.1.medium.q/qchem8423/lic.dat

cmd = /usr/bin/ssh clhead /usr/local/qchem/bin/get_hostid 1939708831 > /tmp/1603287.1.medium.q/qchem8423/lic.dat
                  Welcome to Q-Chem
     A Quantum Leap Into The Future Of Chemistry

 Y. Shao, L. Fusti-Molnar, Y. Jung, J. Kussmann, C. Ochsenfeld,
 S. T. Brown, A. T. B. Gilbert, L. V. Slipchenko,S. V. Levchenko,
 D. P. O'Neill, R. A. DiStasio Jr., R. C. Lochan, T. Wang,
 G. J. O. Beran, N. A. Besley, J. M. Herbert, C. Y. Lin,
 T. Van Voorhis, S. H. Chien, A. Sodt, R. P. Steele, 
 V. A. Rassolov, P. E. Maslen, P. P. Korambath, R. D. Adamson,
 B. Austin, J. Baker, E. F. C. Byrd, H. Dachsel, R. J. Doerksen,
 A. Dreuw, B. D. Dunietz, A. D. Dutoi, T. R. Furlani,
 S. R. Gwaltney, A. Heyden, S. Hirata, C.-P. Hsu, G. Kedziora,
 R. Z. Khaliullin, P. Klunzinger, A. M. Lee, M. S. Lee, W. Liang,
 I. Lotan, N. Nair, B. Peters, E. I. Proynov, P. A. Pieniazek, 
 Y. M. Rhee, J. Ritchie, E. Rosta, C. D. Sherrill, 
 A. C. Simmonett, J. E. Subotnik, H. L. Woodcock III,
 W. Zhang, A. T. Bell, A. K. Chakraborty, D. M. Chipman,
 F. J. Keil, A. Warshel, W. J. Hehre, H. F. Schaefer III,
 J. Kong, A. I. Krylov, P. M. W. Gill, M. Head-Gordon,
 Q-Chem, Version 3.1, Q-Chem, Inc., Pittsburgh, PA (2007).

 Additional authors for Version 3.1: 
 Z. Gan, Y. Zhao, N. E. Schultz, D. Truhlar, E. Epifanovsky and M. Oana.

 Additional authors for Version 3.2: 
 R. Baer, B. R. Brooks, D. Casanova, J.-D. Chai, C.-L. Cheng, 
 C. Cramer, D. Crittenden, A. Ghysels, G. Hawkins, E. G. Hohenstein, 
 C. Kelley, W. Kurlancheek, D. Liotard, E. Livshits, P. Manohar, 
 A. Marenich, D. Neuhauser, R. Olson, M. A. Rohrdanz, K. S. Thanthiriwatte, 
 A. J. W. Thom, V. Vanovschi, C. F. Williams, Q. Wu and Z.-Q. You. 


 Intel X86 Linux Version

 Q-chem begins on Wed Mar 26 10:47:39 2014  

 Parallel job on  1  processors
Processing $rem in /usr/local/qchem/config/preferences.

theFileMan(): MAXOPENFILES=974 MAX_SUB_FILE_NUM=16
Maximum size of a physical file is 2.0 GB, maximum size of a tmp-file is 32.0 GB


--------------------------------------------------------------
User input:
--------------------------------------------------------------

$molecule
-1,2
C         -0.00003        0.00010        0.99991
C          1.26459        0.75942        0.98847
C          1.26447       -0.75945        0.98840
C         -1.27145        0.00003        0.25190
C         -1.25762        0.00005        1.77082
H          1.57412        1.26097        1.90079
H          1.55767        1.26188        0.07124
H          1.57397       -1.26106        1.90071
H          1.55744       -1.26192        0.07116
H         -1.57709       -0.91495       -0.24713
H         -1.57734        0.91489       -0.24721
H         -1.55434       -0.91483        2.27543
H         -1.55439        0.91487        2.27549
$end

$comment
negative
$end

$xc_functional
C PBE   1.00
X wPBE  1.00
$end

$rem
SYMMETRY_DECOMPOSITION	0
exchange 		general
LRC_DFT                 true
BASIS                   g3large
omega			250
mem_static              760
max_scf_cycles          200
scf_final_print         1
sym_ignore              true
$end

--------------------------------------------------------------
 Writing REM_CC_EA           13
 ----------------------------------------------------
       Standard Nuclear Orientation (Angstroms)
    I     Atom         X            Y            Z
 ----------------------------------------------------
    1      C      -0.000030     0.000100     0.999910
    2      C       1.264590     0.759420     0.988470
    3      C       1.264470    -0.759450     0.988400
    4      C      -1.271450     0.000030     0.251900
    5      C      -1.257620     0.000050     1.770820
    6      H       1.574120     1.260970     1.900790
    7      H       1.557670     1.261880     0.071240
    8      H       1.573970    -1.261060     1.900710
    9      H       1.557440    -1.261920     0.071160
   10      H      -1.577090    -0.914950    -0.247130
   11      H      -1.577340     0.914890    -0.247210
   12      H      -1.554340    -0.914830     2.275430
   13      H      -1.554390     0.914870     2.275490
 ----------------------------------------------------
 Nuclear Repulsion Energy =   171.0336147312 hartrees
 There are       20 alpha and       19 beta electrons
 Requested basis set is G3large
 There are 98 shells and 290 basis functions

Total QAlloc Memory Limit   2000 MB
Mega-Array Size       743 MB
MEM_STATIC part       760 MB

                       Distance Matrix (Angstroms)
             C (  1)   C (  2)   C (  3)   C (  4)   C (  5)   H (  6)
   C (  2)  1.475114
   C (  3)  1.475130  1.518870
   C (  4)  1.475137  2.747855  2.747750
   C (  5)  1.475071  2.747773  2.747719  1.518983
   H (  6)  2.208920  1.086135  2.238400  3.522226  3.102509
   H (  7)  2.209286  1.086127  2.238956  3.103035  3.522307  1.829624
   H (  8)  2.208946  2.238356  1.086146  3.522121  3.102446  2.522030
   H (  9)  2.209295  2.238981  1.086111  3.102870  3.522212  3.116536
   H ( 10)  2.208969  3.522125  3.102447  1.086110  2.238617  4.390708
   H ( 11)  2.209085  3.102844  3.522220  1.086116  2.238660  3.829540
   H ( 12)  2.209056  3.522179  3.102625  2.238676  1.086130  3.829063
   H ( 13)  2.209059  3.102778  3.522204  2.238728  1.086121  3.169820
             H (  7)   H (  8)   H (  9)   H ( 10)   H ( 11)   H ( 12)
   H (  8)  3.116481
   H (  9)  2.523800  1.829625
   H ( 10)  3.829709  3.829124  3.169696
   H ( 11)  3.170189  4.390794  3.829714  1.829840
   H ( 12)  4.391028  3.169639  3.829158  2.522663  3.116427
   H ( 13)  3.829367  3.829069  4.391010  3.116467  2.522804  1.829700

 
 A cutoff of  1.0D-08 yielded   4435 shell pairs
 There are  39245 function pairs ( 48051 Cartesian)
Evaluating contribution to one-electron hamiltonian from nuclear
 Smallest overlap matrix eigenvalue = 2.58E-05

 Q-Chem warning in module mkSTV.C, line 194:

 Overlap eigenvalue is smaller than square root of threshold

 Multipole matrices computed through 2nd order

  Scale SEOQF with 1.000000e-01/1.000000e-01/1.000000e-01

 Standard Electronic Orientation quadrupole field applied
 Nucleus-field energy     =    -0.0000000026 hartrees
 Guess from superposition of atomic densities
 Warning:  Energy on first SCF cycle will be non-variational
 Long-range K will be added via erf
 Coulomb attenuation parameter = 0.25 bohr**(-1)
 An unrestricted Kohn-Sham SCF calculation will be
 performed using Pulay DIIS extrapolation
 Exchange:  wPBE + LR-HF      Correlation:  PBE
 Using SG-1 standard quadrature grid
 SCF converges when DIIS error is below 1.0E-05
 Requested basis set is G3large
 There are 98 shells and 290 basis functions
 A cutoff of  1.0D-08 yielded   4435 shell pairs
 There are  39245 function pairs ( 48051 Cartesian)
 Warning!  Inaccurate integrated density:
   Number of electrons =    39
   Numerical integral  =    37.999765750979
   Relative error      =    -2.5647032026 %
 ---------------------------------------
  Cycle       Energy         DIIS Error
 ---------------------------------------
    1    -196.8455433816      2.89E-02
    2    -194.8786204942      3.59E-03
    3    -194.9360598532      3.89E-03
    4    -195.1001249097      4.21E-04
    5    -195.1065739904      2.53E-04
    6    -195.1090545940      7.26E-05
    7    -195.1101007299      3.48E-05
    8    -195.1105761512      2.38E-05
    9    -195.1108974636      1.98E-05
   10    -195.1112666929      1.44E-05
   11    -195.1114793455      1.04E-05
   12    -195.1116437273      7.75E-06 Convergence criterion met
 ---------------------------------------
 One-Electron    Energy =  -604.4715939338
 Total Coulomb   Energy =   268.3924603147
 Alpha Exchange  Energy =    -2.5728002908
 Beta  Exchange  Energy =    -2.5167279397
 DFT   Exchange  Energy =   -23.7243163262
 DFT Correlation Energy =    -1.2522802802
 Nuclear Repu.   Energy =   171.0336147286
 Nuclear Attr.   Energy =  -798.7859380789
 Kinetic         Energy =   194.3143441452
 <S^2> = 0.7501
 SCF time:  CPU 557.19 s  wall 560.95 s
 Final Alpha MO Eigenvalues
            1           2           3           4           5           6
    1  -9.9105070  -9.9011630  -9.8955079  -9.8948784  -9.8945520  -0.8323883
            7           8           9          10          11          12
    1  -0.7513305  -0.5583298  -0.5557069  -0.4972631  -0.4425084  -0.4312260
           13          14          15          16          17          18
    1  -0.4283721  -0.3241292  -0.3107963  -0.3091038  -0.2433857  -0.2425309
           19          20          21          22          23          24
    1  -0.2323457   0.0324854   0.1264970   0.1267732   0.1282622   0.1568743
           25
    1   0.1569647
 Final Beta MO Eigenvalues
            1           2           3           4           5           6
    1  -9.9105179  -9.9010604  -9.8952864  -9.8946367  -9.8942642  -0.8322976
            7           8           9          10          11          12
    1  -0.7511653  -0.5576801  -0.5549511  -0.4965213  -0.4418932  -0.4308994
           13          14          15          16          17          18
    1  -0.4278486  -0.3237241  -0.3102583  -0.3086984  -0.2430934  -0.2422592
           19          20          21          22          23          24
    1  -0.2318181   0.1246411   0.1376342   0.1395184   0.1425743   0.1585101
 Analysis of SCF Wavefunction
 
 --------------------------------------------------------------
                    Orbital Energies (a.u.)
 --------------------------------------------------------------
 
 Alpha MOs
 -- Occupied --
 -9.911  -9.901  -9.896  -9.895  -9.895  -0.832  -0.751  -0.558
 -0.556  -0.497  -0.443  -0.431  -0.428  -0.324  -0.311  -0.309
 -0.243  -0.243  -0.232   0.032
 -- Virtual --
  0.126   0.127   0.128   0.157   0.157   0.162   0.179   0.188
  0.217   0.242   0.244   0.252   0.260   0.262   0.263   0.277
  0.281   0.284   0.294   0.306   0.306   0.319   0.330   0.332
  0.335   0.336   0.348   0.348   0.362   0.404   0.405   0.409
  0.438   0.454   0.458   0.470   0.489   0.521   0.522   0.532
  0.538   0.595   0.643   0.660   0.661   0.665   0.687   0.690
  0.722   0.743   0.744   0.764   0.771   0.779   0.790   0.791
  0.806   0.806   0.825   0.833   0.845   0.847   0.852   0.866
  0.898   0.949   0.993   0.993   0.999   1.016   1.044   1.073
  1.097   1.106   1.107   1.175   1.227   1.229   1.253   1.280
  1.301   1.301   1.308   1.326   1.328   1.366   1.375   1.376
  1.431   1.433   1.489   1.495   1.497   1.518   1.542   1.544
  1.566   1.569   1.591   1.598   1.602   1.640   1.641   1.659
  1.664   1.688   1.736   1.752   1.753   1.767   1.779   1.782
  1.784   1.842   1.947   1.981   1.982   2.010   2.644   2.646
  2.726   2.766   2.795   2.796   2.816   2.828   2.860   2.860
  2.868   2.916   2.955   2.955   3.001   3.056   3.071   3.072
  3.077   3.106   3.163   3.164   3.181   3.186   3.237   3.238
  3.255   3.255   3.267   3.301   3.304   3.345   3.370   3.401
  3.401   3.422   3.451   3.517   3.517   3.527   3.559   3.560
  3.613   3.613   3.623   3.641   3.672   3.672   3.718   3.718
  3.733   3.772   3.773   3.787   3.861   3.958   3.987   4.036
  4.054   4.055   4.112   4.113   4.140   4.227   4.275   4.277
  4.279   4.281   4.313   4.315   4.404   4.429   4.436   4.437
  4.517   4.520   4.523   4.532   4.534   4.575   4.577   4.667
  4.667   4.696   4.700   4.703   4.736   4.775   4.880   4.898
  5.072   5.074   5.144   5.145   5.265   5.430   5.560   5.618
  5.620   5.660   5.769   5.774   5.779   5.812   5.922   5.924
  5.954  24.196  24.221  24.475  24.477  24.547  27.574  27.635
 27.687  27.688  28.075  28.165  28.190  28.192  28.209  28.233
 28.233  28.248  28.634  28.637  29.074  40.949  40.966  40.987
 41.050  41.058  41.061  41.063  41.101  41.105  41.107  41.226
 41.232  41.232  41.237  41.239  41.250  41.272  41.286  41.334
 41.337  41.345  41.346  41.367  41.438  41.439
 
 Beta MOs
 -- Occupied --
 -9.911  -9.901  -9.895  -9.895  -9.894  -0.832  -0.751  -0.558
 -0.555  -0.497  -0.442  -0.431  -0.428  -0.324  -0.310  -0.309
 -0.243  -0.242  -0.232
 -- Virtual --
  0.125   0.138   0.140   0.143   0.159   0.162   0.166   0.181
  0.186   0.215   0.239   0.239   0.246   0.255   0.257   0.257
  0.277   0.277   0.283   0.293   0.304   0.305   0.315   0.326
  0.327   0.329   0.330   0.343   0.345   0.361   0.402   0.405
  0.407   0.437   0.453   0.457   0.466   0.487   0.519   0.519
  0.530   0.537   0.594   0.642   0.657   0.659   0.664   0.686
  0.689   0.720   0.741   0.743   0.762   0.770   0.777   0.789
  0.790   0.805   0.805   0.823   0.832   0.843   0.844   0.850
  0.866   0.897   0.949   0.993   0.993   1.000   1.017   1.044
  1.073   1.098   1.106   1.107   1.176   1.228   1.229   1.254
  1.280   1.301   1.302   1.309   1.326   1.328   1.366   1.375
  1.376   1.431   1.433   1.489   1.495   1.497   1.518   1.542
  1.544   1.566   1.568   1.591   1.599   1.602   1.640   1.641
  1.660   1.665   1.688   1.737   1.752   1.754   1.768   1.779
  1.782   1.785   1.843   1.947   1.981   1.982   2.011   2.644
  2.646   2.726   2.766   2.795   2.796   2.816   2.828   2.860
  2.860   2.868   2.916   2.955   2.955   3.002   3.057   3.071
  3.073   3.078   3.106   3.163   3.164   3.181   3.187   3.238
  3.239   3.255   3.256   3.268   3.301   3.305   3.346   3.370
  3.401   3.402   3.422   3.451   3.517   3.518   3.527   3.559
  3.561   3.613   3.614   3.623   3.641   3.672   3.673   3.718
  3.718   3.733   3.773   3.773   3.787   3.862   3.959   3.987
  4.037   4.054   4.055   4.113   4.114   4.140   4.227   4.275
  4.277   4.279   4.281   4.313   4.315   4.404   4.429   4.436
  4.438   4.517   4.521   4.523   4.532   4.534   4.576   4.577
  4.667   4.668   4.696   4.700   4.703   4.736   4.776   4.880
  4.899   5.072   5.074   5.144   5.146   5.266   5.430   5.560
  5.619   5.621   5.660   5.769   5.775   5.779   5.812   5.922
  5.924   5.955  24.196  24.221  24.475  24.478  24.547  27.574
 27.635  27.687  27.688  28.075  28.165  28.191  28.192  28.209
 28.233  28.233  28.248  28.634  28.637  29.074  40.949  40.966
 40.987  41.050  41.058  41.061  41.063  41.101  41.105  41.108
 41.226  41.232  41.232  41.237  41.239  41.250  41.272  41.286
 41.334  41.338  41.345  41.347  41.367  41.438  41.439
 --------------------------------------------------------------
 
          Ground-State Mulliken Net Atomic Charges

     Atom                 Charge (a.u.)    Spin (a.u.)
  --------------------------------------------------------
      1 C                    -3.730049       4.333051
      2 C                     3.002764      -3.367751
      3 C                    -0.079975      -0.232733
      4 C                     1.647670      -1.986346
      5 C                     1.360292      -1.696284
      6 H                    -0.585129       0.689870
      7 H                    -0.630747       0.737847
      8 H                    -0.074417       0.151433
      9 H                    -0.096185       0.175339
     10 H                    -0.178387       0.257765
     11 H                    -0.784374       0.898137
     12 H                    -0.144945       0.221833
     13 H                    -0.706517       0.817840
  --------------------------------------------------------
  Sum of atomic charges =    -1.000000
  Sum of spin   charges =     1.000000

 -----------------------------------------------------------------
                    Cartesian Multipole Moments
 -----------------------------------------------------------------
    Charge (ESU x 10^10)
                -4.8032
    Dipole Moment (Debye)
         X       1.3741      Y      -6.1721      Z      -4.3243
       Tot       7.6604
    Quadrupole Moments (Debye-Ang)
        XX     -73.7366     XY       0.7634     YY     -64.9676
        XZ       1.2172     YZ      -5.7367     ZZ     -64.9646
    Octapole Moments (Debye-Ang^2)
       XXX      21.0675    XXY     -38.0454    XYY       9.3205
       YYY     -84.2659    XXZ     -70.7370    XYZ       0.6572
       YYZ     -62.2696    XZZ       6.9702    YZZ     -39.0688
       ZZZ    -180.1429
    Hexadecapole Moments (Debye-Ang^3)
      XXXX   -1061.6986   XXXY      -2.4482   XXYY    -288.1160
      XYYY       4.2513   YYYY    -590.0439   XXXZ      19.0282
      XXYZ     -35.8553   XYYZ       8.8116   YYYZ     -79.6193
      XXZZ    -338.6301   XYZZ       3.6385   YYZZ    -258.3096
      XZZZ      17.7956   YZZZ    -101.5038   ZZZZ    -862.9051
 -----------------------------------------------------------------
 Total job time:  561.44s(wall), 557.59s(cpu) 
 Wed Mar 26 10:57:01 2014

        *************************************************************
        *                                                           *
        *  Thank you very much for using Q-Chem.  Have a nice day.  *
        *                                                           *
        *************************************************************


0 sent ACK to 0 
now end server 0 ... 
 
**********************************************************************
Job 2 of 3 
**********************************************************************
 
Process 0 of 1 is on cl131 - thread support 1
initial socket setup ...start
initial socket setup ...done 
now start server 0 ... 

cmd = /usr/bin/ssh clhead /usr/local/qchem/bin/get_hostid 1599691362 > /tmp/1603287.1.medium.q/qchem8423/lic.dat

cmd = /usr/bin/ssh clhead /usr/local/qchem/bin/get_hostid 1599691362 > /tmp/1603287.1.medium.q/qchem8423/lic.dat

cmd = /usr/bin/ssh clhead /usr/local/qchem/bin/get_hostid 1599691362 > /tmp/1603287.1.medium.q/qchem8423/lic.dat

cmd = /usr/bin/ssh clhead /usr/local/qchem/bin/get_hostid 1599691362 > /tmp/1603287.1.medium.q/qchem8423/lic.dat

cmd = /usr/bin/ssh clhead /usr/local/qchem/bin/get_hostid 1599691362 > /tmp/1603287.1.medium.q/qchem8423/lic.dat
                  Welcome to Q-Chem
     A Quantum Leap Into The Future Of Chemistry

 Y. Shao, L. Fusti-Molnar, Y. Jung, J. Kussmann, C. Ochsenfeld,
 S. T. Brown, A. T. B. Gilbert, L. V. Slipchenko,S. V. Levchenko,
 D. P. O'Neill, R. A. DiStasio Jr., R. C. Lochan, T. Wang,
 G. J. O. Beran, N. A. Besley, J. M. Herbert, C. Y. Lin,
 T. Van Voorhis, S. H. Chien, A. Sodt, R. P. Steele, 
 V. A. Rassolov, P. E. Maslen, P. P. Korambath, R. D. Adamson,
 B. Austin, J. Baker, E. F. C. Byrd, H. Dachsel, R. J. Doerksen,
 A. Dreuw, B. D. Dunietz, A. D. Dutoi, T. R. Furlani,
 S. R. Gwaltney, A. Heyden, S. Hirata, C.-P. Hsu, G. Kedziora,
 R. Z. Khaliullin, P. Klunzinger, A. M. Lee, M. S. Lee, W. Liang,
 I. Lotan, N. Nair, B. Peters, E. I. Proynov, P. A. Pieniazek, 
 Y. M. Rhee, J. Ritchie, E. Rosta, C. D. Sherrill, 
 A. C. Simmonett, J. E. Subotnik, H. L. Woodcock III,
 W. Zhang, A. T. Bell, A. K. Chakraborty, D. M. Chipman,
 F. J. Keil, A. Warshel, W. J. Hehre, H. F. Schaefer III,
 J. Kong, A. I. Krylov, P. M. W. Gill, M. Head-Gordon,
 Q-Chem, Version 3.1, Q-Chem, Inc., Pittsburgh, PA (2007).

 Additional authors for Version 3.1: 
 Z. Gan, Y. Zhao, N. E. Schultz, D. Truhlar, E. Epifanovsky and M. Oana.

 Additional authors for Version 3.2: 
 R. Baer, B. R. Brooks, D. Casanova, J.-D. Chai, C.-L. Cheng, 
 C. Cramer, D. Crittenden, A. Ghysels, G. Hawkins, E. G. Hohenstein, 
 C. Kelley, W. Kurlancheek, D. Liotard, E. Livshits, P. Manohar, 
 A. Marenich, D. Neuhauser, R. Olson, M. A. Rohrdanz, K. S. Thanthiriwatte, 
 A. J. W. Thom, V. Vanovschi, C. F. Williams, Q. Wu and Z.-Q. You. 


 Intel X86 Linux Version

 Q-chem begins on Wed Mar 26 10:57:05 2014  

 Parallel job on  1  processors
Processing $rem in /usr/local/qchem/config/preferences.

theFileMan(): MAXOPENFILES=974 MAX_SUB_FILE_NUM=16
Maximum size of a physical file is 2.0 GB, maximum size of a tmp-file is 32.0 GB


--------------------------------------------------------------
User input:
--------------------------------------------------------------

$molecule
0,1
C         -0.00003        0.00010        0.99991
C          1.26459        0.75942        0.98847
C          1.26447       -0.75945        0.98840
C         -1.27145        0.00003        0.25190
C         -1.25762        0.00005        1.77082
H          1.57412        1.26097        1.90079
H          1.55767        1.26188        0.07124
H          1.57397       -1.26106        1.90071
H          1.55744       -1.26192        0.07116
H         -1.57709       -0.91495       -0.24713
H         -1.57734        0.91489       -0.24721
H         -1.55434       -0.91483        2.27543
H         -1.55439        0.91487        2.27549
$end

$comment
neutral
$end

$xc_functional
C PBE   1.00
X wPBE  1.00
$end


$rem
SYMMETRY_DECOMPOSITION	0
LRC_DFT                 true
exchange 		general
BASIS                   g3large
omega			250
mem_static              760
max_scf_cycles          200
scf_final_print         1
sym_ignore              true
$end

--------------------------------------------------------------
 Writing REM_CC_EA           13
 ----------------------------------------------------
       Standard Nuclear Orientation (Angstroms)
    I     Atom         X            Y            Z
 ----------------------------------------------------
    1      C      -0.000030     0.000100     0.999910
    2      C       1.264590     0.759420     0.988470
    3      C       1.264470    -0.759450     0.988400
    4      C      -1.271450     0.000030     0.251900
    5      C      -1.257620     0.000050     1.770820
    6      H       1.574120     1.260970     1.900790
    7      H       1.557670     1.261880     0.071240
    8      H       1.573970    -1.261060     1.900710
    9      H       1.557440    -1.261920     0.071160
   10      H      -1.577090    -0.914950    -0.247130
   11      H      -1.577340     0.914890    -0.247210
   12      H      -1.554340    -0.914830     2.275430
   13      H      -1.554390     0.914870     2.275490
 ----------------------------------------------------
 Nuclear Repulsion Energy =   171.0336147312 hartrees
 There are       19 alpha and       19 beta electrons
 Requested basis set is G3large
 There are 98 shells and 290 basis functions

Total QAlloc Memory Limit   2000 MB
Mega-Array Size       743 MB
MEM_STATIC part       760 MB

                       Distance Matrix (Angstroms)
             C (  1)   C (  2)   C (  3)   C (  4)   C (  5)   H (  6)
   C (  2)  1.475114
   C (  3)  1.475130  1.518870
   C (  4)  1.475137  2.747855  2.747750
   C (  5)  1.475071  2.747773  2.747719  1.518983
   H (  6)  2.208920  1.086135  2.238400  3.522226  3.102509
   H (  7)  2.209286  1.086127  2.238956  3.103035  3.522307  1.829624
   H (  8)  2.208946  2.238356  1.086146  3.522121  3.102446  2.522030
   H (  9)  2.209295  2.238981  1.086111  3.102870  3.522212  3.116536
   H ( 10)  2.208969  3.522125  3.102447  1.086110  2.238617  4.390708
   H ( 11)  2.209085  3.102844  3.522220  1.086116  2.238660  3.829540
   H ( 12)  2.209056  3.522179  3.102625  2.238676  1.086130  3.829063
   H ( 13)  2.209059  3.102778  3.522204  2.238728  1.086121  3.169820
             H (  7)   H (  8)   H (  9)   H ( 10)   H ( 11)   H ( 12)
   H (  8)  3.116481
   H (  9)  2.523800  1.829625
   H ( 10)  3.829709  3.829124  3.169696
   H ( 11)  3.170189  4.390794  3.829714  1.829840
   H ( 12)  4.391028  3.169639  3.829158  2.522663  3.116427
   H ( 13)  3.829367  3.829069  4.391010  3.116467  2.522804  1.829700

 
 A cutoff of  1.0D-08 yielded   4435 shell pairs
 There are  39245 function pairs ( 48051 Cartesian)
Evaluating contribution to one-electron hamiltonian from nuclear
 Smallest overlap matrix eigenvalue = 2.58E-05

 Q-Chem warning in module mkSTV.C, line 194:

 Overlap eigenvalue is smaller than square root of threshold

 Multipole matrices computed through 2nd order

  Scale SEOQF with 1.000000e-01/1.000000e-01/1.000000e-01

 Standard Electronic Orientation quadrupole field applied
 Nucleus-field energy     =    -0.0000000026 hartrees
 Guess from superposition of atomic densities
 Warning:  Energy on first SCF cycle will be non-variational
 Long-range K will be added via erf
 Coulomb attenuation parameter = 0.25 bohr**(-1)
 A restricted Kohn-Sham SCF calculation will be
 performed using Pulay DIIS extrapolation
 Exchange:  wPBE + LR-HF      Correlation:  PBE
 Using SG-1 standard quadrature grid
 SCF converges when DIIS error is below 1.0E-05
 Requested basis set is G3large
 There are 98 shells and 290 basis functions
 A cutoff of  1.0D-08 yielded   4435 shell pairs
 There are  39245 function pairs ( 48051 Cartesian)
 ---------------------------------------
  Cycle       Energy         DIIS Error
 ---------------------------------------
    1    -196.8455433816      2.89E-02
    2    -195.0529700609      2.84E-03
    3    -195.0907592476      2.37E-03
    4    -195.1464367517      2.59E-04
    5    -195.1471076343      1.37E-04
    6    -195.1472876382      2.77E-05
    7    -195.1472998034      7.17E-06 Convergence criterion met
 ---------------------------------------
 One-Electron    Energy =  -599.8644087323
 Total Coulomb   Energy =   263.6769186661
 Alpha Exchange  Energy =    -2.5174281321
 Beta  Exchange  Energy =    -2.5174281321
 DFT   Exchange  Energy =   -23.7132835189
 DFT Correlation Energy =    -1.2452846826
 Nuclear Repu.   Energy =   171.0336147286
 Nuclear Attr.   Energy =  -794.1098162148
 Kinetic         Energy =   194.2454074826
 SCF time:  CPU 241.26 s  wall 243.29 s
 Final Alpha MO Eigenvalues
            1           2           3           4           5           6
    1 -10.0325702 -10.0195309 -10.0193535 -10.0192492 -10.0190285  -0.9545205
            7           8           9          10          11          12
    1  -0.8733563  -0.6788497  -0.6788444  -0.6188431  -0.5638800  -0.5519340
           13          14          15          16          17          18
    1  -0.5519128  -0.4459613  -0.4325608  -0.4313825  -0.3649346  -0.3649246
           19          20          21          22          23          24
    1  -0.3541947   0.0397328   0.0515070   0.0515358   0.0558609   0.0747893
 Analysis of SCF Wavefunction
 
 --------------------------------------------------------------
                    Orbital Energies (a.u.)
 --------------------------------------------------------------
 
 Alpha MOs
 -- Occupied --
-10.033 -10.020 -10.019 -10.019 -10.019  -0.955  -0.873  -0.679
 -0.679  -0.619  -0.564  -0.552  -0.552  -0.446  -0.433  -0.431
 -0.365  -0.365  -0.354
 -- Virtual --
  0.040   0.052   0.052   0.056   0.075   0.075   0.080   0.097
  0.098   0.120   0.145   0.145   0.157   0.161   0.163   0.163
  0.178   0.179   0.179   0.190   0.201   0.201   0.215   0.230
  0.232   0.232   0.232   0.239   0.239   0.251   0.291   0.291
  0.295   0.323   0.341   0.341   0.362   0.374   0.410   0.410
  0.422   0.425   0.480   0.529   0.547   0.547   0.548   0.573
  0.573   0.606   0.627   0.627   0.648   0.656   0.661   0.673
  0.673   0.688   0.688   0.708   0.715   0.729   0.729   0.734
  0.746   0.782   0.829   0.873   0.873   0.878   0.894   0.923
  0.953   0.977   0.985   0.986   1.055   1.107   1.107   1.132
  1.160   1.180   1.180   1.187   1.207   1.207   1.246   1.256
  1.256   1.313   1.313   1.369   1.376   1.376   1.398   1.423
  1.423   1.446   1.449   1.471   1.478   1.484   1.521   1.521
  1.541   1.543   1.569   1.616   1.633   1.633   1.647   1.661
  1.661   1.664   1.721   1.826   1.860   1.860   1.889   2.523
  2.523   2.604   2.646   2.674   2.674   2.695   2.706   2.738
  2.738   2.747   2.794   2.833   2.833   2.880   2.935   2.950
  2.950   2.955   2.985   3.042   3.042   3.059   3.064   3.116
  3.116   3.133   3.133   3.145   3.179   3.182   3.224   3.248
  3.279   3.279   3.300   3.329   3.395   3.395   3.406   3.438
  3.438   3.491   3.491   3.501   3.519   3.550   3.551   3.596
  3.596   3.612   3.651   3.651   3.665   3.739   3.836   3.865
  3.914   3.932   3.932   3.991   3.991   4.018   4.105   4.154
  4.154   4.156   4.159   4.192   4.192   4.282   4.307   4.314
  4.315   4.395   4.400   4.400   4.411   4.411   4.454   4.454
  4.545   4.545   4.574   4.579   4.579   4.614   4.653   4.758
  4.776   4.951   4.951   5.023   5.023   5.143   5.308   5.438
  5.497   5.498   5.538   5.651   5.651   5.655   5.690   5.801
  5.801   5.832  24.074  24.098  24.353  24.354  24.425  27.451
 27.512  27.566  27.566  27.952  28.042  28.069  28.069  28.086
 28.110  28.110  28.125  28.513  28.513  28.952  40.827  40.844
 40.865  40.929  40.937  40.937  40.939  40.979  40.983  40.983
 41.104  41.109  41.109  41.115  41.115  41.127  41.150  41.163
 41.213  41.213  41.222  41.223  41.244  41.316  41.316
 --------------------------------------------------------------
 
          Ground-State Mulliken Net Atomic Charges

     Atom                 Charge (a.u.)
  ----------------------------------------
      1 C                     0.535078
      2 C                    -0.317396
      3 C                    -0.319026
      4 C                    -0.318354
      5 C                    -0.318133
      6 H                     0.092220
      7 H                     0.092219
      8 H                     0.092237
      9 H                     0.092235
     10 H                     0.092204
     11 H                     0.092278
     12 H                     0.092237
     13 H                     0.092201
  ----------------------------------------
  Sum of atomic charges =     0.000000

 -----------------------------------------------------------------
                    Cartesian Multipole Moments
 -----------------------------------------------------------------
    Charge (ESU x 10^10)
                 0.0000
    Dipole Moment (Debye)
         X       0.0002      Y      -0.0014      Z       0.0002
       Tot       0.0014
    Quadrupole Moments (Debye-Ang)
        XX     -32.9662     XY       0.0014     YY     -30.8568
        XZ       0.0194     YZ      -0.0012     ZZ     -30.8583
    Octapole Moments (Debye-Ang^2)
       XXX       0.0017    XXY       0.0017    XYY      -0.6707
       YYY       0.0007    XXZ     -32.9512    XYZ       0.0015
       YYZ     -30.8528    XZZ       0.7096    YZZ       0.0006
       ZZZ     -92.5851
    Hexadecapole Moments (Debye-Ang^3)
      XXXX    -350.4807   XXXY       0.0133   XXYY     -67.9598
      XYYY       0.0099   YYYY    -116.0597   XXXZ       1.3269
      XXYZ       0.0006   XYYZ      -0.3625   YYYZ      -0.0004
      XXZZ    -100.9079   XYZZ       0.0113   YYZZ     -64.1353
      XZZZ       2.8656   YZZZ       0.0026   ZZZZ    -301.2692
 -----------------------------------------------------------------
 Total job time:  243.73s(wall), 241.64s(cpu) 
 Wed Mar 26 11:01:09 2014

        *************************************************************
        *                                                           *
        *  Thank you very much for using Q-Chem.  Have a nice day.  *
        *                                                           *
        *************************************************************


0 sent ACK to 0 
now end server 0 ... 
 
**********************************************************************
Job 3 of 3 
**********************************************************************
 
Process 0 of 1 is on cl131 - thread support 1
initial socket setup ...start
initial socket setup ...done 
now start server 0 ... 

cmd = /usr/bin/ssh clhead /usr/local/qchem/bin/get_hostid 1342449161 > /tmp/1603287.1.medium.q/qchem8423/lic.dat

cmd = /usr/bin/ssh clhead /usr/local/qchem/bin/get_hostid 1342449161 > /tmp/1603287.1.medium.q/qchem8423/lic.dat

cmd = /usr/bin/ssh clhead /usr/local/qchem/bin/get_hostid 1342449161 > /tmp/1603287.1.medium.q/qchem8423/lic.dat

cmd = /usr/bin/ssh clhead /usr/local/qchem/bin/get_hostid 1342449161 > /tmp/1603287.1.medium.q/qchem8423/lic.dat

cmd = /usr/bin/ssh clhead /usr/local/qchem/bin/get_hostid 1342449161 > /tmp/1603287.1.medium.q/qchem8423/lic.dat
                  Welcome to Q-Chem
     A Quantum Leap Into The Future Of Chemistry

 Y. Shao, L. Fusti-Molnar, Y. Jung, J. Kussmann, C. Ochsenfeld,
 S. T. Brown, A. T. B. Gilbert, L. V. Slipchenko,S. V. Levchenko,
 D. P. O'Neill, R. A. DiStasio Jr., R. C. Lochan, T. Wang,
 G. J. O. Beran, N. A. Besley, J. M. Herbert, C. Y. Lin,
 T. Van Voorhis, S. H. Chien, A. Sodt, R. P. Steele, 
 V. A. Rassolov, P. E. Maslen, P. P. Korambath, R. D. Adamson,
 B. Austin, J. Baker, E. F. C. Byrd, H. Dachsel, R. J. Doerksen,
 A. Dreuw, B. D. Dunietz, A. D. Dutoi, T. R. Furlani,
 S. R. Gwaltney, A. Heyden, S. Hirata, C.-P. Hsu, G. Kedziora,
 R. Z. Khaliullin, P. Klunzinger, A. M. Lee, M. S. Lee, W. Liang,
 I. Lotan, N. Nair, B. Peters, E. I. Proynov, P. A. Pieniazek, 
 Y. M. Rhee, J. Ritchie, E. Rosta, C. D. Sherrill, 
 A. C. Simmonett, J. E. Subotnik, H. L. Woodcock III,
 W. Zhang, A. T. Bell, A. K. Chakraborty, D. M. Chipman,
 F. J. Keil, A. Warshel, W. J. Hehre, H. F. Schaefer III,
 J. Kong, A. I. Krylov, P. M. W. Gill, M. Head-Gordon,
 Q-Chem, Version 3.1, Q-Chem, Inc., Pittsburgh, PA (2007).

 Additional authors for Version 3.1: 
 Z. Gan, Y. Zhao, N. E. Schultz, D. Truhlar, E. Epifanovsky and M. Oana.

 Additional authors for Version 3.2: 
 R. Baer, B. R. Brooks, D. Casanova, J.-D. Chai, C.-L. Cheng, 
 C. Cramer, D. Crittenden, A. Ghysels, G. Hawkins, E. G. Hohenstein, 
 C. Kelley, W. Kurlancheek, D. Liotard, E. Livshits, P. Manohar, 
 A. Marenich, D. Neuhauser, R. Olson, M. A. Rohrdanz, K. S. Thanthiriwatte, 
 A. J. W. Thom, V. Vanovschi, C. F. Williams, Q. Wu and Z.-Q. You. 


 Intel X86 Linux Version

 Q-chem begins on Wed Mar 26 11:01:13 2014  

 Parallel job on  1  processors
Processing $rem in /usr/local/qchem/config/preferences.

theFileMan(): MAXOPENFILES=974 MAX_SUB_FILE_NUM=16
Maximum size of a physical file is 2.0 GB, maximum size of a tmp-file is 32.0 GB


--------------------------------------------------------------
User input:
--------------------------------------------------------------

$molecule
1,2
C         -0.00003        0.00010        0.99991
C          1.26459        0.75942        0.98847
C          1.26447       -0.75945        0.98840
C         -1.27145        0.00003        0.25190
C         -1.25762        0.00005        1.77082
H          1.57412        1.26097        1.90079
H          1.55767        1.26188        0.07124
H          1.57397       -1.26106        1.90071
H          1.55744       -1.26192        0.07116
H         -1.57709       -0.91495       -0.24713
H         -1.57734        0.91489       -0.24721
H         -1.55434       -0.91483        2.27543
H         -1.55439        0.91487        2.27549
$end

$comment
positive
$end

$xc_functional
C PBE   1.00
X wPBE  1.00
$end

$rem
SYMMETRY_DECOMPOSITION	0
LRC_DFT                 true
exchange 		general
BASIS                   g3large
omega			250
mem_static              760
max_scf_cycles          200
scf_final_print         1
sym_ignore              true
$end

--------------------------------------------------------------
 Writing REM_CC_EA           13
 ----------------------------------------------------
       Standard Nuclear Orientation (Angstroms)
    I     Atom         X            Y            Z
 ----------------------------------------------------
    1      C      -0.000030     0.000100     0.999910
    2      C       1.264590     0.759420     0.988470
    3      C       1.264470    -0.759450     0.988400
    4      C      -1.271450     0.000030     0.251900
    5      C      -1.257620     0.000050     1.770820
    6      H       1.574120     1.260970     1.900790
    7      H       1.557670     1.261880     0.071240
    8      H       1.573970    -1.261060     1.900710
    9      H       1.557440    -1.261920     0.071160
   10      H      -1.577090    -0.914950    -0.247130
   11      H      -1.577340     0.914890    -0.247210
   12      H      -1.554340    -0.914830     2.275430
   13      H      -1.554390     0.914870     2.275490
 ----------------------------------------------------
 Nuclear Repulsion Energy =   171.0336147312 hartrees
 There are       19 alpha and       18 beta electrons
 Requested basis set is G3large
 There are 98 shells and 290 basis functions

Total QAlloc Memory Limit   2000 MB
Mega-Array Size       743 MB
MEM_STATIC part       760 MB

                       Distance Matrix (Angstroms)
             C (  1)   C (  2)   C (  3)   C (  4)   C (  5)   H (  6)
   C (  2)  1.475114
   C (  3)  1.475130  1.518870
   C (  4)  1.475137  2.747855  2.747750
   C (  5)  1.475071  2.747773  2.747719  1.518983
   H (  6)  2.208920  1.086135  2.238400  3.522226  3.102509
   H (  7)  2.209286  1.086127  2.238956  3.103035  3.522307  1.829624
   H (  8)  2.208946  2.238356  1.086146  3.522121  3.102446  2.522030
   H (  9)  2.209295  2.238981  1.086111  3.102870  3.522212  3.116536
   H ( 10)  2.208969  3.522125  3.102447  1.086110  2.238617  4.390708
   H ( 11)  2.209085  3.102844  3.522220  1.086116  2.238660  3.829540
   H ( 12)  2.209056  3.522179  3.102625  2.238676  1.086130  3.829063
   H ( 13)  2.209059  3.102778  3.522204  2.238728  1.086121  3.169820
             H (  7)   H (  8)   H (  9)   H ( 10)   H ( 11)   H ( 12)
   H (  8)  3.116481
   H (  9)  2.523800  1.829625
   H ( 10)  3.829709  3.829124  3.169696
   H ( 11)  3.170189  4.390794  3.829714  1.829840
   H ( 12)  4.391028  3.169639  3.829158  2.522663  3.116427
   H ( 13)  3.829367  3.829069  4.391010  3.116467  2.522804  1.829700

 
 A cutoff of  1.0D-08 yielded   4435 shell pairs
 There are  39245 function pairs ( 48051 Cartesian)
Evaluating contribution to one-electron hamiltonian from nuclear
 Smallest overlap matrix eigenvalue = 2.58E-05

 Q-Chem warning in module mkSTV.C, line 194:

 Overlap eigenvalue is smaller than square root of threshold

 Multipole matrices computed through 2nd order

  Scale SEOQF with 1.000000e-01/1.000000e-01/1.000000e-01

 Standard Electronic Orientation quadrupole field applied
 Nucleus-field energy     =    -0.0000000026 hartrees
 Guess from superposition of atomic densities
 Warning:  Energy on first SCF cycle will be non-variational
 Long-range K will be added via erf
 Coulomb attenuation parameter = 0.25 bohr**(-1)
 An unrestricted Kohn-Sham SCF calculation will be
 performed using Pulay DIIS extrapolation
 Exchange:  wPBE + LR-HF      Correlation:  PBE
 Using SG-1 standard quadrature grid
 SCF converges when DIIS error is below 1.0E-05
 Requested basis set is G3large
 There are 98 shells and 290 basis functions
 A cutoff of  1.0D-08 yielded   4435 shell pairs
 There are  39245 function pairs ( 48051 Cartesian)
 Warning!  Inaccurate integrated density:
   Number of electrons =    37
   Numerical integral  =    37.999765750979
   Relative error      =     2.7020695972 %
 ---------------------------------------
  Cycle       Energy         DIIS Error
 ---------------------------------------
    1    -196.8455433816      2.89E-02
    2    -194.6947453348      2.41E-03
    3    -194.7204313609      2.32E-03
    4    -194.7731099755      3.05E-04
    5    -194.7750041795      1.91E-04
    6    -194.7758292000      5.73E-05
    7    -194.7764724752      6.00E-05
    8    -194.7769156747      4.98E-05
    9    -194.7774477544      4.55E-05
   10    -194.7779299758      3.95E-05
   11    -194.7783292102      3.59E-05
   12    -194.7797492287      3.25E-05
   13    -194.7803596594      3.06E-05
   14    -194.7814077014      3.17E-05
   15    -194.7816700307      3.25E-05
   16    -194.7814017310      2.56E-04
   17    -194.7815571135      2.31E-04
   18    -194.7818459064      1.79E-04
   19    -194.7820826795      1.17E-04
   20    -194.7822048639      6.83E-05
   21    -194.7822599678      2.09E-05
   22    -194.7822892019      5.28E-06 Convergence criterion met
 ---------------------------------------
 One-Electron    Energy =  -590.7729119229
 Total Coulomb   Energy =   254.6302528310
 Alpha Exchange  Energy =    -2.5245051339
 Beta  Exchange  Energy =    -2.3812086666
 DFT   Exchange  Energy =   -23.5605436641
 DFT Correlation Energy =    -1.2069873739
 Nuclear Repu.   Energy =   171.0336147286
 Nuclear Attr.   Energy =  -784.8793767877
 Kinetic         Energy =   194.1064648649
 <S^2> = 0.7557
 SCF time:  CPU 984.24 s  wall 989.83 s
 Final Alpha MO Eigenvalues
            1           2           3           4           5           6
    1 -10.2812108 -10.2730998 -10.2730297 -10.2729927 -10.2729264  -1.2063659
            7           8           9          10          11          12
    1  -1.1278878  -0.9135980  -0.9135452  -0.8552941  -0.7976901  -0.7834429
           13          14          15          16          17          18
    1  -0.7834045  -0.6885835  -0.6705247  -0.6561847  -0.6157809  -0.6046036
           19          20          21          22          23          24
    1  -0.6045265  -0.0941382  -0.0878180  -0.0877913  -0.0778946  -0.0564957
 Final Beta MO Eigenvalues
            1           2           3           4           5           6
    1 -10.2808929 -10.2691499 -10.2690847 -10.2690524 -10.2689894  -1.1970048
            7           8           9          10          11          12
    1  -1.1134212  -0.9017451  -0.9017192  -0.8432915  -0.7916926  -0.7800391
           13          14          15          16          17          18
    1  -0.7799773  -0.6680308  -0.6536485  -0.6394424  -0.5977305  -0.5973963
           19          20          21          22          23
    1  -0.3767024  -0.0927861  -0.0839959  -0.0839645  -0.0762339
 Analysis of SCF Wavefunction
 
 --------------------------------------------------------------
                    Orbital Energies (a.u.)
 --------------------------------------------------------------
 
 Alpha MOs
 -- Occupied --
-10.281 -10.273 -10.273 -10.273 -10.273  -1.206  -1.128  -0.914
 -0.914  -0.855  -0.798  -0.783  -0.783  -0.689  -0.671  -0.656
 -0.616  -0.605  -0.605
 -- Virtual --
 -0.094  -0.088  -0.088  -0.078  -0.056  -0.056  -0.048  -0.036
 -0.032  -0.021  -0.021  -0.007   0.007   0.014   0.014   0.015
  0.032   0.032   0.039   0.044   0.051   0.052   0.067   0.067
  0.069   0.075   0.087   0.088   0.091   0.093   0.107   0.107
  0.113   0.142   0.156   0.157   0.168   0.200   0.215   0.224
  0.225   0.261   0.289   0.345   0.357   0.365   0.365   0.377
  0.377   0.411   0.430   0.430   0.440   0.454   0.471   0.472
  0.472   0.487   0.487   0.508   0.527   0.538   0.543   0.545
  0.546   0.600   0.612   0.665   0.665   0.679   0.697   0.704
  0.744   0.766   0.780   0.780   0.858   0.907   0.907   0.929
  0.946   0.966   0.977   0.978   1.004   1.004   1.048   1.048
  1.051   1.100   1.100   1.160   1.167   1.167   1.174   1.209
  1.209   1.236   1.236   1.261   1.263   1.285   1.317   1.317
  1.334   1.340   1.368   1.407   1.429   1.429   1.439   1.456
  1.456   1.458   1.507   1.592   1.635   1.635   1.671   2.288
  2.288   2.351   2.427   2.436   2.451   2.451   2.483   2.494
  2.495   2.525   2.548   2.601   2.601   2.645   2.684   2.710
  2.710   2.711   2.738   2.809   2.809   2.818   2.824   2.873
  2.873   2.892   2.893   2.893   2.947   2.958   2.983   3.013
  3.047   3.047   3.068   3.091   3.159   3.159   3.177   3.195
  3.195   3.254   3.254   3.261   3.273   3.305   3.315   3.361
  3.361   3.382   3.412   3.412   3.437   3.503   3.606   3.625
  3.669   3.703   3.703   3.751   3.752   3.781   3.872   3.924
  3.924   3.925   3.928   3.964   3.964   4.057   4.082   4.092
  4.094   4.159   4.159   4.160   4.182   4.182   4.221   4.221
  4.310   4.310   4.345   4.350   4.350   4.372   4.416   4.515
  4.539   4.709   4.709   4.787   4.787   4.914   5.069   5.207
  5.250   5.250   5.309   5.425   5.425   5.430   5.464   5.566
  5.566   5.589  23.826  23.845  24.100  24.100  24.173  27.192
 27.253  27.314  27.314  27.700  27.790  27.816  27.816  27.835
 27.857  27.857  27.874  28.262  28.262  28.702  40.576  40.587
 40.611  40.674  40.682  40.682  40.685  40.727  40.727  40.728
 40.853  40.854  40.854  40.859  40.859  40.870  40.896  40.907
 40.962  40.962  40.971  40.972  40.987  41.064  41.064
 
 Beta MOs
 -- Occupied --
-10.281 -10.269 -10.269 -10.269 -10.269  -1.197  -1.113  -0.902
 -0.902  -0.843  -0.792  -0.780  -0.780  -0.668  -0.654  -0.639
 -0.598  -0.597
 -- Virtual --
 -0.377  -0.093  -0.084  -0.084  -0.076  -0.055  -0.055  -0.046
 -0.036  -0.031  -0.011  -0.011  -0.007   0.009   0.015   0.016
  0.016   0.033   0.033   0.041   0.046   0.053   0.053   0.069
  0.074   0.074   0.078   0.089   0.090   0.092   0.094   0.112
  0.112   0.120   0.143   0.158   0.159   0.177   0.204   0.223
  0.228   0.229   0.262   0.292   0.349   0.357   0.367   0.367
  0.382   0.383   0.419   0.437   0.437   0.452   0.464   0.473
  0.477   0.477   0.488   0.488   0.514   0.531   0.543   0.546
  0.549   0.550   0.602   0.618   0.670   0.670   0.681   0.698
  0.715   0.751   0.775   0.784   0.784   0.858   0.910   0.910
  0.933   0.947   0.976   0.981   0.981   1.005   1.005   1.054
  1.055   1.055   1.107   1.107   1.165   1.172   1.172   1.183
  1.220   1.220   1.242   1.244   1.266   1.267   1.288   1.320
  1.320   1.338   1.342   1.372   1.411   1.431   1.432   1.441
  1.457   1.458   1.462   1.512   1.603   1.640   1.640   1.673
  2.298   2.298   2.371   2.429   2.454   2.454   2.464   2.490
  2.502   2.502   2.530   2.564   2.606   2.606   2.650   2.702
  2.720   2.720   2.727   2.751   2.816   2.816   2.831   2.835
  2.884   2.884   2.907   2.907   2.912   2.952   2.961   2.991
  3.018   3.055   3.055   3.070   3.099   3.171   3.171   3.182
  3.210   3.210   3.267   3.267   3.271   3.295   3.315   3.321
  3.370   3.370   3.389   3.422   3.422   3.438   3.512   3.609
  3.636   3.682   3.707   3.707   3.762   3.762   3.790   3.876
  3.928   3.928   3.931   3.933   3.970   3.970   4.063   4.088
  4.093   4.098   4.168   4.171   4.174   4.187   4.187   4.228
  4.228   4.317   4.317   4.351   4.358   4.358   4.379   4.423
  4.523   4.548   4.715   4.715   4.793   4.793   4.918   5.078
  5.208   5.264   5.264   5.314   5.428   5.428   5.432   5.467
  5.570   5.570   5.595  23.827  23.850  24.105  24.105  24.177
 27.204  27.265  27.318  27.318  27.703  27.793  27.821  27.821
 27.837  27.863  27.863  27.876  28.265  28.265  28.705  40.578
 40.595  40.615  40.680  40.688  40.688  40.690  40.732  40.734
 40.734  40.855  40.861  40.861  40.867  40.867  40.879  40.901
 40.914  40.964  40.964  40.972  40.973  40.995  41.068  41.068
 --------------------------------------------------------------
 
          Ground-State Mulliken Net Atomic Charges

     Atom                 Charge (a.u.)    Spin (a.u.)
  --------------------------------------------------------
      1 C                     0.459873      -0.051144
      2 C                    -0.181694       0.274364
      3 C                    -0.182074       0.273937
      4 C                    -0.182806       0.274058
      5 C                    -0.182331       0.274328
      6 H                     0.158608      -0.005739
      7 H                     0.158684      -0.005727
      8 H                     0.158566      -0.005661
      9 H                     0.158618      -0.005694
     10 H                     0.158640      -0.005698
     11 H                     0.158681      -0.005648
     12 H                     0.158601      -0.005711
     13 H                     0.158633      -0.005666
  --------------------------------------------------------
  Sum of atomic charges =     1.000000
  Sum of spin   charges =     1.000000

 -----------------------------------------------------------------
                    Cartesian Multipole Moments
 -----------------------------------------------------------------
    Charge (ESU x 10^10)
                 4.8032
    Dipole Moment (Debye)
         X       0.0017      Y       0.0000      Z       4.8035
       Tot       4.8035
    Quadrupole Moments (Debye-Ang)
        XX     -18.2891     XY       0.0002     YY     -23.9045
        XZ      -0.0497     YZ       0.0001     ZZ     -19.1033
    Octapole Moments (Debye-Ang^2)
       XXX       0.0037    XXY       0.0014    XYY       2.3059
       YYY      -0.0027    XXZ     -18.3288    XYZ       0.0004
       YYZ     -23.9281    XZZ      -2.4060    YZZ       0.0002
       ZZZ     -66.8463
    Hexadecapole Moments (Debye-Ang^3)
      XXXX    -274.7336   XXXY       0.0024   XXYY     -48.6684
      XYYY       0.0006   YYYY     -91.6320   XXXZ       1.1629
      XXYZ       0.0001   XYYZ       2.5305   YYYZ      -0.0038
      XXZZ     -67.0518   XYZZ       0.0003   YYZZ     -46.9499
      XZZZ      -6.5734   YZZZ      -0.0010   ZZZZ    -230.0035
 -----------------------------------------------------------------
 Total job time:  990.26s(wall), 984.62s(cpu) 
 Wed Mar 26 11:17:44 2014

        *************************************************************
        *                                                           *
        *  Thank you very much for using Q-Chem.  Have a nice day.  *
        *                                                           *
        *************************************************************


0 sent ACK to 0 
now end server 0 ... 
